ARM GAS  /tmp/ccEPBnKE.s 			page 1


   1              		.cpu cortex-m7
   2              		.eabi_attribute 20, 1
   3              		.eabi_attribute 21, 1
   4              		.eabi_attribute 23, 3
   5              		.eabi_attribute 24, 1
   6              		.eabi_attribute 25, 1
   7              		.eabi_attribute 26, 1
   8              		.eabi_attribute 30, 2
   9              		.eabi_attribute 34, 1
  10              		.eabi_attribute 18, 4
  11              		.file	"board.c"
  12              		.text
  13              	.Ltext0:
  14              		.section	.gnu.lto_.profile.849e45a47b58ebd,"",%progbits
  15 0000 789C6365 		.ascii	"x\234ce`b`a```d(\214\001\000\001\276\000\332"
  15      60626061 
  15      60606064 
  15      288C0100 
  15      01BE00DA 
  16              		.text
  17              		.section	.gnu.lto_.icf.849e45a47b58ebd,"",%progbits
  18 0000 789C6365 		.ascii	"x\234ce`b\020a@\000f\206\327\033v\336cd\234\274r\335"
  18      60621061 
  18      40006686 
  18      D71B76DE 
  18      63649CBC 
  19 0016 716EA6DE 		.ascii	"qn\246\336\326'\267\271\030\000a/\010\354"
  19      D627B7B9 
  19      1800612F 
  19      08EC
  20              		.text
  21              		.section	.gnu.lto_.jmpfuncs.849e45a47b58ebd,"",%progbits
  22 0000 789C6365 		.ascii	"x\234ce`b\340e@\000f f\0041\230\200\030\000\002a\000"
  22      6062E065 
  22      40006620 
  22      66043198 
  22      80180002 
  23 0016 1B       		.ascii	"\033"
  24              		.text
  25              		.section	.gnu.lto_.inline.849e45a47b58ebd,"",%progbits
  26 0000 789C6365 		.ascii	"x\234ce`bpg@\000f\006\206[\0147\031\030\031\230\326"
  26      60627067 
  26      40006606 
  26      865B0C37 
  26      19181998 
  27 0015 316E38CF 		.ascii	"1n8\317\305\300\266@\236\011$\316\310\300*\006\024\004"
  27      C5C0B640 
  27      9E0924CE 
  27      C8C02A06 
  27      1404
  28 0027 B2E0225C 		.ascii	"\262\340\"\\0\202\211\201\231\011U\216\001\000d\226"
  28      30828981 
  28      9909558E 
  28      01006496 
  29 0037 06D4     		.ascii	"\006\324"
  30              		.text
  31              		.section	.gnu.lto_.pureconst.849e45a47b58ebd,"",%progbits
ARM GAS  /tmp/ccEPBnKE.s 			page 2


  32 0000 789C6365 		.ascii	"x\234ce`b`g```f\220b\224`b\000\000\001\250\000G"
  32      60626067 
  32      60606066 
  32      90629460 
  32      62000001 
  33              		.text
  34              		.section	.gnu.lto_stm32_gpio_init.849e45a47b58ebd,"",%progbits
  35 0000 789CA5DA 		.ascii	"x\234\245\332\355OT\331\035\007\360\373\273\007\006"
  35      ED4F54D9 
  35      1D07F0FB 
  35      BB0706
  36 000f 1841ED53 		.ascii	"\030A\355S\262\331n\032\337\354\213M\032I\332\244\233"
  36      B2D96E1A 
  36      DFEC8B4D 
  36      1A49DAA4 
  36      9B
  37 0020 F64D9BB4 		.ascii	"\366M\233\264\335d_\264M\352\246\351\276\332\356n\333"
  37      DD645FB4 
  37      4DEAA6E9 
  37      BEDAEE6E 
  37      DB
  38 0031 EDA64DDD 		.ascii	"\355\246M\335t\377\000/\017\002\202\017 \317\012\316"
  38      74FF002F 
  38      0F02820F 
  38      20CF0ACE 
  39 0041 082A3803 		.ascii	"\010*8\003\014\362(\2402\240 \250<\250<\250<\203\200"
  39      0CF228A0 
  39      32A020A8 
  39      3CA83CA8 
  39      3C8380
  40 0054 082A023E 		.ascii	"\010*\002>\242L\317\371\335s\206{o\347\246\0340+.O\337"
  40      A24CCFF9 
  40      DD73867B 
  40      6FE7A61C 
  40      302B2E4F 
  41 0069 EFB9E79C 		.ascii	"\357\271\347\234\317\271s\321pEU\336\374XQ>R\024\345"
  41      CFB973D1 
  41      704555DE 
  41      FC58513E 
  41      5214E5
  42 007c 87F43710 		.ascii	"\207\3647\020\005\324\364nE\211\213T\001\330\377h\221"
  42      05D4F46E 
  42      45898B54 
  42      01D8FF68 
  42      91
  43 008d A0EC5361 		.ascii	"\240\354Sa\037\034!\271\004Z\223g\032\324\017J4\372"
  43      1F1C21B9 
  43      045A9367 
  43      1AD40F4A 
  43      34FA
  44 009f CB9FBBE2 		.ascii	"\313\237\273\342,\324z5\342\"\212\222O\177\263_P\002"
  44      2CD47A35 
  44      E2228A92 
  44      4F7FB35F 
  44      5002
  45 00b1 1F28F4EB 		.ascii	"\037(\364\353&\317\255e\3078\302\364\217C)8\200\376"
  45      26CFAD65 
ARM GAS  /tmp/ccEPBnKE.s 			page 3


  45      C738C2F4 
  45      8F432938 
  45      80FE
  46 00c3 E9BB057E 		.ascii	"\351\273\005~m-\220\254\371\207OA\356\357?U\025\027"
  46      6D2D90AC 
  46      F9874F41 
  46      EEEF3F55 
  46      1517
  47 00d5 A185F48D 		.ascii	"\241\205\364\215\203\275\211`o\242\330\033'{\243(\251"
  47      83BD8960 
  47      6FA2D81B 
  47      277BA328 
  47      A9
  48 00e6 F49BD910 		.ascii	"\364\233\331\020\322\210\312\376$s\320\3328w\351o,\256"
  48      D288CAFE 
  48      2473D0DA 
  48      3877E96F 
  48      2CAE
  49 00f8 90A8B425 		.ascii	"\220\250\264%g\177kO\304a:\000\025Xiba\333L\224\376"
  49      677F6B4F 
  49      C4613A00 
  49      15586962 
  49      61DB4C94 
  50 010d AEB698A2 		.ascii	"\256\266\230\242\205\321\017\315\217\2556\204\273\240"
  50      85D10FCD 
  50      8FAD3684 
  50      BBA0
  51 011b 308E0E78 		.ascii	"0\216\016x\227\213\020\360\300{p\026\336S\330\327/\345"
  51      978B10F0 
  51      C07B7016 
  51      DE53D8D7 
  51      2FE5
  52 012d F48E47C7 		.ascii	"\364\216G\307\226k\211\340\"a\340\005\027\344\341e@"
  52      966B89E0 
  52      2261E005 
  52      17E4E165 
  52      40
  53 013e 19C42A73 		.ascii	"\031\304*s\220\3602\011\364.\242\327\235\236+~\266\235"
  53      90F03209 
  53      F42EA2D7 
  53      9D9E2B7E 
  53      B69D
  54 0150 E5030476 		.ascii	"\345\003\004v@9M\241#\312\211b_#WU\261^\345\203X\232"
  54      40394DA1 
  54      23CA8962 
  54      5F235755 
  54      B15EE583 
  55 0166 CF825622 		.ascii	"\317\202V\"\245\202\342\330\347\302\240r=\352\034\304"
  55      A582E2D8 
  55      E7C2A072 
  55      3DEA1CC4 
  56 0176 1AE7240C 		.ascii	"\032\347$\014\024\250\322\307\330x\2669\\\277\022\311"
  56      14A8D2C7 
  56      D878B639 
  56      5CBF12C9 
  57 0186 8156633A 		.ascii	"\201Vc:[;\250\261\314I\004\015\333\312\034\324\256G"
  57      5B3BA8B1 
ARM GAS  /tmp/ccEPBnKE.s 			page 4


  57      CC49040D 
  57      DBCA1CD4 
  57      AE47
  58 0198 D7B13988 		.ascii	"\327\2619\210\300\201F\351\341QrY\365\230\245\262\254"
  58      C08146E9 
  58      E1517259 
  58      F598A5B2 
  58      AC
  59 01a9 F396613A 		.ascii	"\363\226a:i\330V\206\331\260\036\335\310\206\351T\246"
  59      69D85686 
  59      D9B01EDD 
  59      C886E954 
  59      A6
  60 01ba 217E17CF 		.ascii	"!~\027\317\271\231XY@\330\\\207\003\333lO\273\216M\341"
  60      B9995859 
  60      40D85C87 
  60      03DB6C4F 
  60      BB8E4DE1 
  61 01ce FE70C02E 		.ascii	"\376p\300.\372n\332ti\234J~\201[\363\311\315\226\004"
  61      FA6EDA74 
  61      699C4A7E 
  61      815BF3C9 
  61      CD9604
  62 01e1 78BF58D3 		.ascii	"x\277X\323\3425\377\200\367\335\214\004\255C\013s\221"
  62      E235FF80 
  62      F7DD8C04 
  62      AD430B73 
  62      91
  63 01f2 08B80884 		.ascii	"\010\270\010\204\032\201\013t\000Ml\000\254\350\022"
  63      1A810B74 
  63      004D6C00 
  63      ACE812
  64 0201 BC4FBF65 		.ascii	"\274O\277eeh\262\033XZ\004h\032\335\315\320L?O\313\335"
  64      6568B21B 
  64      585A0468 
  64      1ADDCDD0 
  64      4C3F4FCB 
  65 0216 816CC2FB 		.ascii	"\201l\302\373\347\326|\263a\344W\330\220\275\266\277"
  65      E7D67CB3 
  65      61E457D8 
  65      90BDB6BF 
  66 0226 C4F9BF0D 		.ascii	"\304\371\277\015\221\340\017\321\320\202\015\301\255"
  66      91E00FD1 
  66      D0820DC1 
  66      AD
  67 0233 12850909 		.ascii	"\022\205\011\011\257\233\227\267\357{\253\275C?P\314"
  67      AF9B97B7 
  67      EF7BABBD 
  67      433F50CC 
  68 0243 B614FD58 		.ascii	"\266\024\375X\3471\357?\331D\355t\021'\\\246\247@+\237"
  68      E731EF3F 
  68      D944ED74 
  68      11275CA6 
  68      A7402B9F 
  69 0257 A5C37147 		.ascii	"\245\303qG\207U:K\351\232\346\366\345\374\331E\266\301"
  69      87553A4B 
  69      E99AE6F6 
ARM GAS  /tmp/ccEPBnKE.s 			page 5


  69      E5FCD945 
  69      B6C1
  70 0269 159C2AFE 		.ascii	"\025\234*\376\215\025\007:j\200\206\345\321\317og\303"
  70      8D15073A 
  70      6A8086E5 
  70      D1CF6F67 
  70      C3
  71 027a 68835836 		.ascii	"h\203X6j\005\332a\037.\306\334\3316g\360\244H\304\023"
  71      6A05DA61 
  71      1F2EC6DC 
  71      D93667F0 
  71      A448C413 
  72 028e 65B4CCC1 		.ascii	"e\264\314\301\206\306&\000\017\215|\002\306\303\004"
  72      86C62600 
  72      0F8D7C02 
  72      C6C304
  73 029d AED2EF57 		.ascii	"\256\322\357W\240\003\257=8\370\010\374\232\270\332"
  73      A003AF3D 
  73      38F808FC 
  73      9AB8DA
  74 02ac FB194E3A 		.ascii	"\373\031N:R\272h\321l\246\240\223\017\364\355\313\211"
  74      52BA68D1 
  74      6CA6A093 
  74      0FF4EDCB 
  74      89
  75 02bd 8C1D3A18 		.ascii	"\214\035:\030wI\366;lM\257\341@y\036\\G6\276\205\206"
  75      7749F63B 
  75      6C4DAFE1 
  75      40791E5C 
  75      4736BE85 
  76 02d2 5731BA6D 		.ascii	"W1\272m\005n\360\3752\347is\362\272\015\345\177\301"
  76      056EF0FD 
  76      32E76973 
  76      F2BA0DE5 
  76      7FC1
  77 02e4 D2BB303D 		.ascii	"\322\2730=\234\247wcz\325\342\374\217\370\301\021xC"
  77      9CA77763 
  77      7AD5E2FC 
  77      8FF8C111 
  77      7843
  78 02f6 CF8E1E51 		.ascii	"\317\216\036Q\340\335DA/\0268x\301M,\350\310I\214\337"
  78      E0DD4441 
  78      2F163878 
  78      C14D2CE8 
  78      C8498CDF 
  79 030a A637A417 		.ascii	"\2467\244\027iN\270%\012\3126Qp\033\013\"xA\037\026"
  79      694EB825 
  79      0ACA3651 
  79      701B0B22 
  79      78411F16 
  80 031e 9C7EBDBA 		.ascii	"\234~\275\272H\304%\020\350\027\371\345\233\310\037"
  80      48C42510 
  80      E817F9E5 
  80      9BC81F
  81 032d C0FC489E 		.ascii	"\300\374H\236?\210\371I+\345e\374\002*\007\343\367o"
  81      3F88F949 
  81      2BE565FC 
ARM GAS  /tmp/ccEPBnKE.s 			page 6


  81      022A07E3 
  81      F76F
  82 033f 833BA2A1 		.ascii	"\203;\242\241b\023\015w\261!\2127\334\323\327\340\272"
  82      62130D77 
  82      B1218A37 
  82      DCD3D7E0 
  82      BA
  83 0350 B789372C 		.ascii	"\267\2117,\036\3264\002C\242\301\267\211\206alp\362"
  83      1ED63402 
  83      43A2C1B7 
  83      8986616C 
  83      70F2
  84 0362 86116C38 		.ascii	"\206\021l8\231\325U\270Co(\315\360\2648a\224\213\365"
  84      99D555B8 
  84      436F28CD 
  84      F0B43861 
  84      948BF5
  85 0375 E5A058DC 		.ascii	"\345\240X\334\327\301\363\203\355t\305x\232H\235\021"
  85      D7C1F383 
  85      ED74C578 
  85      9A489D11 
  86 0385 6328F858 		.ascii	"c(\370X\353\352\345(~F\244\2603b\334\334({.L`\352\377"
  86      EBEAE528 
  86      7E46A4B0 
  86      3362DCDC 
  86      287B2E4C 
  87 039c 3D08266D 		.ascii	"=\010&m\016\202&\375 \230\302\271\331fs\020\334\027"
  87      0E8226FD 
  87      2098C2B9 
  87      D9667310 
  87      DC17
  88 03ae 07C1B4FD 		.ascii	"\007\301\264\375A\360\234\036\004t,\354*C\036\0043x"
  88      41F09C1E 
  88      04742CEC 
  88      2A431E04 
  88      3378
  89 03c0 10CCE205 		.ascii	"\020\314\342\005\306\367\027>\211\021k6nX\263\231+\311"
  89      C6F7173E 
  89      89116B36 
  89      6E58B399 
  89      2BC9
  90 03d2 27C2CCF2 		.ascii	"'\302\314\362\037\010\371,\000\346\350HL\324%\002q\023"
  90      1F08F92C 
  90      00E6E848 
  90      4CD42502 
  90      7113
  91 03e4 3C14D431 		.ascii	"<\024\3241n\0367\301H\307Yo\020J\200Z_0Z\227mx$\254"
  91      6E1E37C1 
  91      48C7596F 
  91      104A805A 
  91      5F305A97 
  92 03fc 63C3636C 		.ascii	"c\303cl\250~\221\355\002\275!\2434K\013\207'F\354\262"
  92      A87E91ED 
  92      02BD21A3 
  92      344B0B87 
  92      2746ECB2 
  93 0410 0D8B023B 		.ascii	"\015\213\002;6<\245Sb\262-\033\267$lc\3342\016\370P"
ARM GAS  /tmp/ccEPBnKE.s 			page 7


  93      363CA553 
  93      62B22D1B 
  93      B7246C63 
  93      DC320EF8 
  94 0425 FBDB6187 		.ascii	"\373\333a\207>`O\213\207\332^1\332\226mx&lc\303sl\270"
  94      3E604F8B 
  94      87DA5E31 
  94      DA966D78 
  94      266C63C3 
  95 043c B4D0B912 		.ascii	"\264\320\271\022\2457h}\236pxa\244-[\360R\320\306\202"
  95      A537687D 
  95      9E707861 
  95      A42D5BF0 
  95      52D0C682 
  96 0450 575830D8 		.ascii	"WX0\330}k\201_Bjv|\277\002\2579\264&N{\314D{b+\264W"
  96      7D6B815F 
  96      426A767C 
  96      BF02AF39 
  96      B4264E7B 
  97 046b 1161566B 		.ascii	"\021aVk~_\014\247\235\316h\27717\312\322~\2731\332k"
  97      7E5F0CA7 
  97      9DCE68BF 
  97      3137CAD2 
  97      7EBB31DA 
  98 0480 36B46775 		.ascii	"6\264gu\332\001\234\233h\033\332\232\312i\307\251\266"
  98      DA019C9B 
  98      681BDA9A 
  98      CA69C7A9 
  98      B6
  99 0491 B4BBCB1D 		.ascii	"\264\273\313\035l,\354*C\322\216W\031\355\004\225]\340"
  99      6C2CEC2A 
  99      43D28E57 
  99      19ED0495 
  99      5DE0
 100 04a3 E04CF1FA 		.ascii	"\340L\361\372q\374\306\260f\236\225\203\325Qf\332\211"
 100      71FCC6B0 
 100      669E9583 
 100      D55166DA 
 100      89
 101 04b4 2AA7CD02 		.ascii	"*\247\315\002`\277j\241-\021\210\233 I\345\2641.Ye\233"
 101      60BF6AA1 
 101      2D11889B 
 101      2049E5B4 
 101      312E5965 
 102 04c9 20A1AAEA 		.ascii	" \241\252\352n\330:m\005RT\003m\331\206\003*\247\215"
 102      6ED83A6D 
 102      05525403 
 102      6DD98603 
 102      2AA78D
 103 04dc 0DA9D8D0 		.ascii	"\015\251\330\320\\\237Y\036\316o\343nm\027\244\251\006"
 103      5C9F591E 
 103      CE6FE36E 
 103      6D17A4A9 
 103      06
 104 04ed D9B20507 		.ascii	"\331\262\005\007U.\033\013\016\251\026\331\262q\207"
 104      552E1B0B 
 104      0EA916D9 
ARM GAS  /tmp/ccEPBnKE.s 			page 8


 104      B27187
 105 04fc 552E1BE3 		.ascii	"U.\033\343\216\340x\013\372\017,\363\3616N,\204C\272"
 105      8EE0780B 
 105      FA0F2CF3 
 105      F1364E2C 
 105      8443BA
 106 050f 6A802D5B 		.ascii	"j\200-[\220\241r\330Xp\024\013\346W\375\036\356.}y\027"
 106      90A172D8 
 106      5870140B 
 106      E657FD1E 
 106      EE2E7D79 
 107 0524 64AA06D7 		.ascii	"d\252\006\327\262\371Y*w\215\371\331\230\037(\316\335"
 107      B2F9592A 
 107      778DF9D9 
 107      981F28CE 
 107      DD
 108 0535 BF43B876 		.ascii	"\277C\270v\377\000rT\035\331,g\275jb\375v+\254sU\006"
 108      FF007254 
 108      1DD92C67 
 108      BD6A62FD 
 108      762BAC73 
 109 054b 30C59B55 		.ascii	"0\305\233UL8\353<\306:\317\334(\313:_\335\020\353cj"
 109      4C38EB3C 
 109      C63ACFDC 
 109      28CB3A5F 
 109      DD10EB63 
 110 0560 68D6CB3A 		.ascii	"h\326\313:\353\3438516\254\013\004\353B{\3263\2245\035"
 110      EBE33835 
 110      3136AC0B 
 110      04EB427B 
 110      D6339435 
 111 0575 0BBBCA90 		.ascii	"\013\273\312\220\254O k\027.\331\361\264\265i\207X2"
 111      AC4F206B 
 111      172ED9F1 
 111      B4B56987 
 111      5832
 112 0587 7AFDC125 		.ascii	"z\375\301%\353_\276t\304af\355\026\254Y\000\234\264"
 112      EB5FBE74 
 112      C46166ED 
 112      16AC5900 
 112      9CB4
 113 0599 B29608C4 		.ascii	"\262\226\010\304=P$Xc\\1\2153\335\236e\343N\011\303"
 113      3D502458 
 113      635C318D 
 113      33DD9E65 
 113      E34E09C3 
 114 05ad 18771AB7 		.ascii	"\030w\032\267\324\302\200\3571\337\262\354\361\022\316"
 114      D4C280EF 
 114      31DFB2EC 
 114      F112CE
 115 05bc 180DCB16 		.ascii	"\030\015\313\026\224\010\303XP\212\005\371\351\025\245"
 115      9408C358 
 115      508A05F9 
 115      E915A5
 116 05cb E218FA25 		.ascii	"\342\030\372%\234U\015\246e\343=\3024\306{1\376`\336"
 116      9C550DA6 
 116      65E33DC2 
ARM GAS  /tmp/ccEPBnKE.s 			page 9


 116      34C67B31 
 116      FE60DE
 117 05de C8101FFF 		.ascii	"\310\020\037\377\215\247\376\241mPfD-\333P.PcC\0056"
 117      8DA7FEA1 
 117      6D506644 
 117      2DDB502E 
 117      50634305 
 118 05f3 8C2765A6 		.ascii	"\214'e\246E\360\206\273G\307\243\301gd-\333P)Xc\303"
 118      45F086BB 
 118      47C7A3C1 
 118      67642DDB 
 118      50295863 
 119 0608 396C7875 		.ascii	"9lxufx4\232\277\342\270\351\311vB\025W\266\314]\263"
 119      6678349A 
 119      BFE2B8E9 
 119      C9764215 
 119      57B6CC5D 
 120 061d 6DBAEE3A 		.ascii	"m\272\356:_\335\202\353j\0248\344\353\232\217\344\256"
 120      5FDD82EB 
 120      6A1438E4 
 120      EB9A8FE4 
 120      AE
 121 062e DDCC758D 		.ascii	"\335\314u\215\271Q\326u\355\306\\\327\331\270\016\350"
 121      B951D675 
 121      EDC65CD7 
 121      D9B80EE8 
 122 063e AEEB716E 		.ascii	"\256\353qn\266\333\270>/\\7\330\273^\243\256\351X\330"
 122      B6DBB83E 
 122      2F5C37D8 
 122      BB5EA3AE 
 122      E958D8
 123 0651 558674DD 		.ascii	"U\206t\335\210\256\233p\315&;R\203\257\260j\014K\326"
 123      88AE9B70 
 123      CD263B52 
 123      83AFB06A 
 123      0C4BD6
 124 0664 72F8C199 		.ascii	"r\370\301\231\0303\353\013\2025\373~\270he\275\361<"
 124      1833EB0B 
 124      8235FB7E 
 124      B86865BD 
 124      F13C
 125 0676 DC029784 		.ascii	"\334\002\227\204jLk\266\252\226L\363\013\324\230\326"
 125      6A4C6BB6 
 125      AA964CF3 
 125      0BD498D6 
 126 0686 821BEAD6 		.ascii	"\202\033\352\326\342\215B\376\360\270\023Z\215\242%"
 126      E28D42FE 
 126      F0B8135A 
 126      8DA225
 127 0695 C32F0BD0 		.ascii	"\303/\013\320\030~\305zS\226Lk\023~1\255\035\207\272"
 127      187EC57A 
 127      53964C6B 
 127      137E31AD 
 127      1D87BA
 128 06a8 74B033C9 		.ascii	"t\2603\311\311u\265\344WG\303U\243_\311\202\016\301"
 128      C975B5E4 
 128      5747C355 
ARM GAS  /tmp/ccEPBnKE.s 			page 10


 128      A35FC982 
 128      0EC1
 129 06ba 170B3AB1 		.ascii	"\027\013:\261\340|\363t)\377Q\311\215\374\352\231h\270"
 129      E07CF374 
 129      29FF51C9 
 129      8DFCEA99 
 129      68B8
 130 06cc 66E42B59 		.ascii	"f\344+Yp]\350\305\202\033X\320\336Q\327\303\177\316"
 130      705DE8C5 
 130      821B58D0 
 130      DE51D7C3 
 130      7FCE
 131 06de 9ADAEFE9 		.ascii	"\232\332\357\351wB\027\267\024\340z\253Mzk\267\242\267"
 131      774217B7 
 131      14E07AAB 
 131      4D7A6BB7 
 131      A2B7
 132 06f0 1B9DF596 		.ascii	"\033\235\365\226\314\246\204s\275\245Lo\217\271QVo\357"
 132      CCA68473 
 132      BDA54C6F 
 132      8FB95156 
 132      6FEF
 133 0702 C6F4DEB4 		.ascii	"\306\364\336\264\321\353\315E\275\267pnv\330\350\275"
 133      D1EBCD45 
 133      BDB7706E 
 133      76D8E8BD 
 134 0712 2DF4F6D9 		.ascii	"-\364\366\331\353\035\250p\260\261\260\253\014\251\267"
 134      EB1DA870 
 134      B0B1B0AB 
 134      0CA9B7
 135 0721 1FF50EE0 		.ascii	"\037\365\016\340\222\315d\224\214D\2115\3531\254\331"
 135      92CD6494 
 135      8C448935 
 135      EB31ACD9 
 136 0731 D2D3C1AE 		.ascii	"\322\323\301\256H3\337A\301\227\005\300\035+_\211@\375"
 136      4833DF41 
 136      C19705C0 
 136      1D2B5F89 
 136      40FD
 137 0743 C735C22F 		.ascii	"\3075\302/\306\335\263\372\225\215\033\022\2001n\030"
 137      C6DDB3FA 
 137      958D1B12 
 137      80316E18 
 138 0753 F75451ED 		.ascii	"\367TQ\355\344\001\376X\256\271\351\363\333\210\321"
 138      E401FE58 
 138      AEB9E9F3 
 138      DB88D1
 139 0762 B06CC1A8 		.ascii	"\260l\301\250@\214\005cV\304\262q\343B1\306M\340x+j"
 139      408C0563 
 139      56C4B271 
 139      E34231C6 
 139      4DE0782B 
 140 0777 2B3C2488 		.ascii	"+<$\210\314\001\223F\304\262\005SB1\026\334\307\202"
 140      CC019346 
 140      C4B20553 
 140      423116DC 
 140      C782
ARM GAS  /tmp/ccEPBnKE.s 			page 11


 141 0789 A39D2BA9 		.ascii	"\243\235+\251N\3612\205)\2366*\226m\230\021\214\261"
 141      4EF13285 
 141      299E362A 
 141      966D9811 
 141      8CB1
 142 079b 61161BCA 		.ascii	"a\026\033\312\374E\213\3746\357\311\326\372\234\360"
 142      FC458BFC 
 142      36EFC9D6 
 142      FA9CF0
 143 07aa 80A3F2E6 		.ascii	"\200\243\362\346\352\214\273M\214{\267\302x\016\301"
 143      EA8CBB4D 
 143      8C7BB7C2 
 143      780EC1
 144 07b9 653E2B99 		.ascii	"e>+\231\020\214+\031\343\207\346FY\306\363\033c\274"
 144      108C2B19 
 144      E387E646 
 144      59C6F31B 
 144      63BC
 145 07cb 60C3B85E 		.ascii	"`\303\270^g"
 145      67
 146 07d0 FC08E766 		.ascii	"\374\010\347f\247\015\343\307\202\361\023{\306\217)"
 146      A70DE3C7 
 146      82F1137B 
 146      C68F29
 147 07df 633A1676 		.ascii	"c:\026v\225!\031/\"\343\247\270f\027\217V\327\005\237"
 147      9521192F 
 147      22E3A7B8 
 147      66178F56 
 147      D7059F
 148 07f2 871E1AD6 		.ascii	"\207\036\032\326\254x\251\254\311\362\342zI0f\001\260"
 148      AC78A9AC 
 148      C9F2E27A 
 148      49306601 
 148      B0
 149 0803 6C652C11 		.ascii	"le,\021\210\233`E0\306\270gV\306\262q\317\005c\214{"
 149      889B6045 
 149      30C6B867 
 149      56C6B271 
 149      CF05638C 
 150 0818 817BAA32 		.ascii	"\201{\2522po\226\277\366\365\273\001^\032\025\313\346"
 150      706F96BF 
 150      F6F5BB01 
 150      5E1A15CB 
 150      E6
 151 0829 BF128A31 		.ascii	"\277\022\2121\377\265U\261l\334\252P\214qop\270m\271"
 151      FFB555B1 
 151      6CDCAA50 
 151      8C716F70 
 151      B86DB9
 152 083c C98BE2B5 		.ascii	"\311\213\342\265t~e\022}\20242\226mX\023\214\261!\200"
 152      747E6512 
 152      7D823432 
 152      966D5813 
 152      8CB12180 
 153 0850 0DA51DAD 		.ascii	"\015\245\035\255y\034Y\345\213\321\221h\320\210\201"
 153      791C59E5 
 153      8BD19168 
ARM GAS  /tmp/ccEPBnKE.s 			page 12


 153      D08881
 154 085f B16C431C 		.ascii	"\261lC\034\341\214\261!\236\260\206\213w\272\012\371"
 154      E18CB121 
 154      9EB0868B 
 154      77BA0AF9 
 155 086f EDDE9355 		.ascii	"\355\336\223UD\357\306\011DGU\317\031\317\231\030\317"
 155      44EFC609 
 155      444755CF 
 155      19CF9918 
 155      CF
 156 0880 6F857122 		.ascii	"o\205q\"a\340\332j\274}\202\361y\306x\277\271Q\226q"
 156      61E0DA6A 
 156      BC7D82F1 
 156      79C678BF 
 156      B9519671 
 157 0894 12D910E3 		.ascii	"\022\331\020\343d\022\232\361\224\3168\005\347\346;"
 157      64129AF1 
 157      94CE3805 
 157      E7E63B
 158 08a3 368C0F10 		.ascii	"6\214\017\020\3168\225\3302n\3679\330X\330U\206d\234"
 158      CE3895D8 
 158      326EF739 
 158      D858D855 
 158      86649C
 159 08b6 4618E383 		.ascii	"F\030\343\203\370\227\264\013\253\027\347\202\317?\364"
 159      F897B40B 
 159      AB17E782 
 159      CF3FF4
 160 08c5 FA836B96 		.ascii	"\372\203k\226P\3217k\371\251\366!\302\031\263\0008\214"
 160      50D1376B 
 160      F9A9F621 
 160      C219B300 
 160      388C
 161 08d7 AB5637D3 		.ascii	"\253V7\323\331.\216w\200#\304\300Z\242\0007E:\341\254"
 161      D92E8E77 
 161      8023C4C0 
 161      5AA20037 
 161      453AE1AC 
 162 08eb 313E8358 		.ascii	"1>\203XX\313\306\035%\2345\306e\342h\257\\\011\364\360"
 162      58CBC61D 
 162      259C35C6 
 162      65E268AF 
 162      5C09F4F0 
 163 08ff 1F69D327 		.ascii	"\037i\323'\346,bP-\033\237M\270j\214\317!\026\325\262"
 163      E62C6250 
 163      2D1B9F4D 
 163      B86A8CCF 
 163      2116D5B2 
 164 0913 71B984AB 		.ascii	"q\271\204\253\306\270<\034m\332\370\360\013\376t\251"
 164      C6B83C1C 
 164      6DDAF8F0 
 164      0BFE74A9 
 165 0923 E579E9E3 		.ascii	"\345y\351\343#1\240\226-8F8j,8N\307kz9-\033W \004c\\"
 165      2331A096 
 165      2D384638 
 165      6A2C384E 
 165      C76B7A39 
ARM GAS  /tmp/ccEPBnKE.s 			page 13


 166 093e 218EB7CF 		.ascii	"!\216\267\317]\033\340\247\220;\273\224\012>\301=Mq"
 166      5D1BE0A7 
 166      903BBB94 
 166      0A3EC13D 
 166      4D71
 167 0950 C16C43AE 		.ascii	"\301lC\256\013N\"[\020\354Bk\257\247\333\322\304\323"
 167      0B4E225B 
 167      10EC426B 
 167      AFA7DBD2 
 167      C4D3
 168 0962 B09F0976 		.ascii	"\260\237\011v\233\033e\005\237\334\230\340\"\033\301"
 168      9B1B6505 
 168      9FDC98E0 
 168      221BC1
 169 0971 4F74C1C5 		.ascii	"Ot\301\30587\337\265\021|J\010>m/x\224\012\246caW\031"
 169      3837DFB5 
 169      117C4A08 
 169      3E6D2F78 
 169      940AA663 
 170 0988 52F01914 		.ascii	"R\360\031\024\\\202k\226\375\346\376SU\254\231\333\260"
 170      5C826B96 
 170      FDE6FE53 
 170      55AC99DB 
 170      B0
 171 0999 66AB29E3 		.ascii	"f\253)\343\211\226\327\323\245B0\013\200\263\304r#\226"
 171      8996D7D3 
 171      A542300B 
 171      80B3C472 
 171      2396
 172 09ab 08D47FAC 		.ascii	"\010\324\177\254#\304b\234\327*V6\256L\210\305\270r"
 172      23C4629C 
 172      D72A5636 
 172      AE4C88C5 
 172      B872
 173 09bd DC53190B 		.ascii	"\334S\031\013\311k\341\342\345cbJ\030T\030\321\3126"
 173      C96BE1E2 
 173      E563624A 
 173      185418D1 
 173      CA36
 174 09cf F8045A6C 		.ascii	"\370\004Zl\250\264\242\225\215;'\320b\\\225\321T\305"
 174      A8B4A295 
 174      8D3B27D0 
 174      625C95D1 
 174      54C5
 175 09e1 26E2AA05 		.ascii	"&\342\252\005Q\214\253\301\353\037\311-\035\346\347"
 175      518CABC1 
 175      EB1FC92D 
 175      1DE6E7
 176 09f0 ABFF6EFC 		.ascii	"\253\377n\374\013\005j\215\367]\331\206:\241\026\033"
 176      0B056A8D 
 176      F75DD986 
 176      3AA1161B 
 177 0a00 EAB16125 		.ascii	"\352\261a%\367N\246\270\357\366\027\265\251p\236\033"
 177      F74EA6B8 
 177      EFF617B5 
 177      A9709E1B 
 178 0a10 7AC2D5BA 		.ascii	"z\302\325\272LjOnEm\003\372\312\030/\374\013G\333\301"
ARM GAS  /tmp/ccEPBnKE.s 			page 14


 178      4C6A4F6E 
 178      456D03FA 
 178      CA182FFC 
 178      0B47DBC1 
 179 0a24 D0369A0B 		.ascii	"\3206\232\013e\3216m\014\355\005\033\264\253:\332\213"
 179      65D1366D 
 179      0CED051B 
 179      B4AB3ADA 
 179      8B
 180 0a35 3835DFB3 		.ascii	"85\337\263A{I\240m\266G\373\234\242\245ca\027\031\022"
 180      417B49A0 
 180      6DB647FB 
 180      9CA2A563 
 180      61171912 
 181 0a49 AD1FD1B6 		.ascii	"\255\037\321\266\340\222\325\304\237:\021|\342i4,\231"
 181      E092D5C4 
 181      9F3A117C 
 181      E269342C 
 181      99
 182 0a5a B7BBE381 		.ascii	"\267\273\343\201\345o\234Z\005Z\026\000\227\255h%\002"
 182      E56F9C5A 
 182      055A1600 
 182      97AD6825 
 182      02
 183 0a6b 710F5C11 		.ascii	"q\017\\\021h1\256\015\367\200g\340\355T\214\270\323"
 183      6831AE0D 
 183      F78067E0 
 183      ED548CB8 
 183      D3
 184 0a7c 68E30AB4 		.ascii	"h\343\012\264\023\203c\331\206\253\30216t\030\007\\"
 184      138363D9 
 184      86ABC231 
 184      36741807 
 184      5C
 185 0a8d B689B84E 		.ascii	"\266\211\270N\201\026\343\256\341\200[\\\317R\370\215"
 185      8116E3AE 
 185      E1805B5C 
 185      CF52F88D 
 186 0a9d 7CAC99C0 		.ascii	"|\254\231\300ubP,\233\177C(\306\374.\314\257\312\274"
 186      7562502C 
 186      9B7F4328 
 186      C6FC2ECC 
 186      AFCABC
 187 0ab0 7B2C924F 		.ascii	"{,\222O\310\273\320m\274\361\312\306\367\010\325\030"
 187      C8BBD06D 
 187      BCF1CAC6 
 187      F708D518 
 188 0ac0 DF6B9C0D 		.ascii	"\337k\234\015\337&\342n\012\302\030w\013G\273\340\036"
 188      DF26E26E 
 188      0AC21877 
 188      0B47BBE0 
 188      1E
 189 0ad1 BBCD5F28 		.ascii	"\273\315_(\270S\350\013\233\333\034\324*\027\334`\022"
 189      B853E80B 
 189      9BDB1CD4 
 189      2A17DC60 
 189      12
ARM GAS  /tmp/ccEPBnKE.s 			page 15


 190 0ae2 DCB415C1 		.ascii	"\334\264\025\301}\210-\277>\267\335\301\011\3672\302"
 190      7D882DBF 
 190      3EB7DDC1 
 190      09F732C2 
 191 0af2 FDE64659 		.ascii	"\375\346FY\302\003\033#<hC\270\244\000\011\337\301\251"
 191      C2031B23 
 191      3C6843B8 
 191      A40009DF 
 191      C1A9
 192 0b04 F9BE0DE1 		.ascii	"\371\276\015\341\273\202\360={\302\335\347\035l,\354"
 192      BB82F03D 
 192      7BC2DDE7 
 192      1D6C2CEC 
 193 0b14 2A43121E 		.ascii	"*C\022\036B\302\303\270d\205\276\245\236\340\317\036"
 193      42C2C3B8 
 193      6485BEA5 
 193      9EE0CF1E 
 194 0b24 FB0D4B56 		.ascii	"\373\015KV\3206\331by\000\036\021\204Y\000\214Z\011"
 194      D036D962 
 194      79001E11 
 194      8459008C 
 194      5A09
 195 0b36 4B04E21E 		.ascii	"K\004\342\036\030\023\2041n\334\030\347\335D\334\204"
 195      18138431 
 195      6EDC18E7 
 195      DD44DC84 
 196 0b46 F08A7193 		.ascii	"\360\212q\223V\257\262qS\302+\306\335\267\336de\343"
 196      56AFB271 
 196      53C22BC6 
 196      DDB7DE64 
 196      65E3
 197 0b58 A6054F8C 		.ascii	"\246\005O\214\2331\216\256b\023q\263\202#\306=\260r"
 197      9B318EAE 
 197      621371B3 
 197      8223C63D 
 197      B072
 198 0b6a 948D9B13 		.ascii	"\224\215\233\023\0341\356!\217c\024J\012t|}&|\003\354"
 198      1C31EE21 
 198      8F63144A 
 198      0A747C7D 
 198      267C03EC 
 199 0b7e BD47EC5F 		.ascii	"\275G\354_N\025\340\277\034\305\375\237J\267Yz\267\242"
 199      4E15E0BF 
 199      1CC5FD9F 
 199      4AB7597A 
 199      B7A2
 200 0b90 2ACA87BB 		.ascii	"*\312\207\273w\307\352\377\355\3756\366\037\237\377"
 200      77C7EAFF 
 200      EDFD36F6 
 200      1F9FFF
 201 0b9f 2BF68BBD 		.ascii	"+\366\213\275\237\377\347\257\337\306\356\371\344\263"
 201      9FFFE7AF 
 201      DFC6EEF9 
 201      E4B3
 202 0bad 3D9FFCEE 		.ascii	"=\237\374\356\247?\371\350\303\237\375\374\343\317~"
 202      A73FF9E8 
 202      C39FFDFC 
ARM GAS  /tmp/ccEPBnKE.s 			page 16


 202      E3CF7E
 203 0bbc F3F19E5F 		.ascii	"\363\361\236_\377\341O\277\375\343\247\372\247w\177"
 203      FFE14FBF 
 203      FDE3A7FA 
 203      A7777F
 204 0bcb A9847FF5 		.ascii	"\251\204\177\365\315\327{\277q|\271\367\337\177\377"
 204      CDD77BBF 
 204      717CB9F7 
 204      DF7FFF
 205 0bda FAABFF02 		.ascii	"\372\253\377\002\210\323\316H"
 205      88D3CE48 
 206              		.text
 207              		.section	.gnu.lto___early_init.849e45a47b58ebd,"",%progbits
 208 0000 789C6365 		.ascii	"x\234ce`b8\313\300\300`\011\304\322@\314\310\314\300"
 208      606238CB 
 208      C0C06009 
 208      C4D240CC 
 208      C8CCC0
 209 0013 C834E11C 		.ascii	"\3104\341\034\003C#\007\023##\210\321\300\301\310P\317"
 209      03432307 
 209      13232388 
 209      D1C0C1C8 
 209      50CF
 210 0025 C458CFD8 		.ascii	"\304X\317\330\317<\235\231\361P\373\263\235L\232\313"
 210      CF3C9D99 
 210      F150FBB3 
 210      9D4C9ACB 
 211 0035 1B80E0C0 		.ascii	"\033\200\340\300\364+|m\015\255\022\363\231\031\030"
 211      F42B7C6D 
 211      0DAD12F3 
 211      991918
 212 0044 66023108 		.ascii	"f\0021\0100.g\324d\000*{\264\361\337T^6\026\2108\343"
 212      302E67D4 
 212      64002A7B 
 212      B4F1DF54 
 212      5E361688 
 213 005a 0A463646 		.ascii	"\012F6F \275\376\022\343\201\206\177\377\333\033\016"
 213      20BDFE12 
 213      E381867F 
 213      FFDB1B0E 
 214 006a 9C59CC78 		.ascii	"\234Y\314x\327\217\205\201\241\013(\015\262\243\233"
 214      D78F8581 
 214      A10B280D 
 214      B2A39B
 215 0079 99094433 		.ascii	"\231\011D3\277fl^\260y.3H\003\310\224\235;\337\334f"
 215      BF666C5E 
 215      B0792E33 
 215      4803C894 
 215      9D3BDFDC 
 216 008e AFFFDBC0 		.ascii	"\257\377\333\3001\237\231q&3\320\010\306\225\214\365"
 216      319F9971 
 216      2633D008 
 216      C6958CF5 
 217 009e 0CF3818A 		.ascii	"\014\363\201\212A\012\267\312bW\307\004T\267\012\252"
 217      410AB7CA 
 217      6257C704 
 217      54B70AAA 
ARM GAS  /tmp/ccEPBnKE.s 			page 17


 218 00ae EE2D63D3 		.ascii	"\356-c\323\202\335s\031\301\012A\240\013h\012\320\""
 218      82DD7319 
 218      C10A41A0 
 218      0B680AD0 
 218      22
 219 00bf A012733D 		.ascii	"\240\022s==}\010\312/\326\317H\314\321O\312O,J)\326"
 219      3D7D08CA 
 219      2FD6CF48 
 219      CCD14FCA 
 219      4F2C4A29 
 220 00d4 0F0E890F 		.ascii	"\017\016\211\017\016\36156r37\263\364\214w\361\014v"
 220      0EF13536 
 220      723337B3 
 220      F48C77F1 
 220      0C76
 221 00e6 F60F730D 		.ascii	"\366\017s\015\212\204H\353%3\000\000\307\011T\355"
 221      8A8448EB 
 221      25330000 
 221      C70954ED 
 222              		.text
 223              		.section	.gnu.lto_boardInit.849e45a47b58ebd,"",%progbits
 224 0000 789C6365 		.ascii	"x\234ce`b\250d``\260\004bi fdf`d\232p\216\201\241\221"
 224      6062A864 
 224      6060B004 
 224      62692066 
 224      64666064 
 225 001a 83899111 		.ascii	"\203\211\221\021\304h\340`d\250gb\254g\354g\236\316"
 225      C468E060 
 225      64A86762 
 225      AC67EC67 
 225      9ECE
 226 002c CC78A8FD 		.ascii	"\314x\250\375\331N&\315\345\015@p`\372\006\241\266\206"
 226      D94E26CD 
 226      E50D4070 
 226      60FA06A1 
 226      B686
 227 003e 5689F9CC 		.ascii	"V\211\371\314\014\0143\201\030\004\030\2273j2\000\225"
 227      0C0C3381 
 227      18041897 
 227      336A3200 
 227      95
 228 004f 3DDAF86F 		.ascii	"=\332\370o*/\033\013D\234q\005#\033#\220^\177\211\361"
 228      2A2F1B0B 
 228      449C7105 
 228      231B2390 
 228      5E7F89F1 
 229 0063 40C3BFFF 		.ascii	"@\303\277\377\355\015\007\276,b\334\032\304\304\300"
 229      ED0D07BE 
 229      2C62DC1A 
 229      C4C4C0
 230 0072 D0059406 		.ascii	"\320\005\224\006\331\321\315\314\004\242\231\33726)"
 230      D9D1CDCC 
 230      04A299DF 
 230      323629
 231 0081 805483CD 		.ascii	"\200T\203\315\352bf\004\011\002\225\231\353\351\351"
 231      EA626604 
 231      09029599 
ARM GAS  /tmp/ccEPBnKE.s 			page 18


 231      EBE9E9
 232 0090 43507EB1 		.ascii	"CP~\261~Fb\216~R~bQJ\261~pH|p\210\257\261\221\233\271"
 232      7E46628E 
 232      7E527E62 
 232      514AB17E 
 232      70487C70 
 233 00aa 99A567BC 		.ascii	"\231\245g\274\213g\260\263\177\230kP$DZ/\231\001\000"
 233      8B67B0B3 
 233      7F986B50 
 233      24445A2F 
 233      990100
 234 00bd 165D3922 		.ascii	"\026]9\""
 235              		.text
 236              		.section	.gnu.lto_.symbol_nodes.849e45a47b58ebd,"",%progbits
 237 0000 789C55C8 		.ascii	"x\234U\310\315\015@`\020\006\341\331wC]\324\241\230"
 237      CD0D4060 
 237      1006E1D9 
 237      77435DD4 
 237      A198
 238 0012 6F4B5083 		.ascii	"oKP\203.\270I\304\317E\015*\021\033\211\203\271L\362"
 238      2EB849C4 
 238      CF450D2A 
 238      111B8983 
 238      B94CF2
 239 0025 54888E4C 		.ascii	"T\210\216L\253\012\364'\344\306\230\243N\333T\354\263"
 239      AB0AF427 
 239      E4C698A3 
 239      4EDB54EC 
 239      B3
 240 0036 29DA945D 		.ascii	")\332\224]E?\261C\305_\201\210\006\334`\270nss\226<"
 240      453FB143 
 240      C55F8188 
 240      06DC60B8 
 240      6E737396 
 241 004b 0F6C9818 		.ascii	"\017l\230\030l"
 241      6C
 242              		.text
 243              		.section	.gnu.lto_.refs.849e45a47b58ebd,"",%progbits
 244 0000 789C6365 		.ascii	"x\234ce`b`d\000\002\000\000I\000\011"
 244      60626064 
 244      00020000 
 244      490009
 245              		.text
 246              		.section	.gnu.lto_.decls.849e45a47b58ebd,"",%progbits
 247 0000 789CCD59 		.ascii	"x\234\315YkPTI\226\256\274Y\005TY\240\001\356\214\333"
 247      6B505449 
 247      96AEBC59 
 247      055459A0 
 247      01EE8CDB 
 248 0014 63CC18BD 		.ascii	"c\314\030\275\214ML\204\226\320\263\366\316\237\235"
 248      8C4D4C84 
 248      96D0B3F6 
 248      CE9F9D
 249 0023 564061DB 		.ascii	"V@a\333n\211\302qb~L\2604`\313\016\202\013\345\206="
 249      6E89C271 
 249      627E4CB0 
 249      3460CB0E 
ARM GAS  /tmp/ccEPBnKE.s 			page 19


 249      820BE586 
 250 0038 3B8FCB43 		.ascii	";\217\313Cy\311S\021\021\264Q\260\033ZZ\320\006\005"
 250      79C95311 
 250      11B451B0 
 250      1B5A5AD0 
 250      0605
 251 004a 9F2508F2 		.ascii	"\237%\010\362n\004\005\345-*\242\255\310\243U\004\225"
 251      6E0405E5 
 251      2D2AA2AD 
 251      C8A35504 
 251      95
 252 005b 3999798B 		.ascii	"9\231y\213\233\334*\347\271?\366\006\207\314s\317\227"
 252      9BDC2AE7 
 252      B93FF606 
 252      87CC73CF 
 252      97
 253 006c 27CFC93C 		.ascii	"'\317\311<y2\363\226F%\250N\374P\245rS\253T>H\245\232"
 253      7932F396 
 253      4625A84E 
 253      FC50A572 
 253      53AB543E 
 254 0083 8507AAAA 		.ascii	"\205\007\252\252\257T\362C\370\023@e@\247\200\312U\326"
 254      AF54F243 
 254      F8134065 
 254      40A780CA 
 254      55D6
 255 0095 CFAFA1AD 		.ascii	"\317\257\241\255#\224\233\201\336\001\372!\360K\201"
 255      23949B81 
 255      DE01FA21 
 255      F04B81
 256 00a4 AAA1EE0C 		.ascii	"\252\241\356\014\264\030\350#\340C\200\022\201\022\200"
 256      B418E823 
 256      E0438012 
 256      811280
 257 00b3 92803E04 		.ascii	"\222\200>\004\372'\220-\202\322\005H\000\372\003\320"
 257      FA27902D 
 257      82D20548 
 257      00FA03D0 
 258 00c3 CF81D602 		.ascii	"\317\201\326\002y\003\255\007z\037h\015\220\027\320"
 258      7903AD07 
 258      7A1F680D 
 258      9017D0
 259 00d2 EF806280 		.ascii	"\357\200b\200b\201~\013$\002\355\004\372\024\350\217"
 259      62817E0B 
 259      2402ED04 
 259      FA14E88F 
 260 00e2 407140BF 		.ascii	"@q@\277'\272$\273\323\240\016\177\252\0144\337\346@"
 260      27BA24BB 
 260      D3A00E7F 
 260      AA0C34DF 
 260      E640
 261 00f4 E0B16473 		.ascii	"\340\261ds&\222}\306\222\257'\336\340k\210\244o\263"
 261      26927DC6 
 261      92AF27DE 
 261      E06B88A4 
 261      6FB3
 262 0106 C423695C 		.ascii	"\304#i\\\224O6F\247S\256\\\020\372Q/\002[\320\"\206"
ARM GAS  /tmp/ccEPBnKE.s 			page 20


 262      944F3646 
 262      A753AE5C 
 262      10FA512F 
 262      025BD022 
 263 011b 46EC3FA2 		.ascii	"F\354?\242D\331Y\313\203\020}\017o\005\225\324\211\345"
 263      44D959CB 
 263      83107D0F 
 263      6F0595D4 
 263      89E5
 264 012d 15B2B490 		.ascii	"\025\262\264\220xAb\005I%\375\223\032#N#\023\263\236"
 264      78416205 
 264      4925FD93 
 264      1A234E23 
 264      13B39E
 265 0140 2C0FB399 		.ascii	",\017\263\231Uh3Kk$\310\035 \3047\340\0242\263%\371"
 265      5568334B 
 265      6B24C81D 
 265      20C437E0 
 265      1432B325 
 266 0155 9C7D2AD9 		.ascii	"\234}*\3319d\361~<\247yX7\200\372\310\333|2\203\360"
 266      3964F17E 
 266      3CA77958 
 266      3780FAC8 
 266      DB7C3283 
 267 016a EEC9CBAE 		.ascii	"\356\311\313\256J\214a\232\241>\360\242h\335\312\022"
 267      4A8C619A 
 267      A13EF0A2 
 267      68DDCA12 
 268 017a 913D0E3F 		.ascii	"\221=\016?\221\207\255v\366\271ya*F\316:$\000\333>\326"
 268      9187AD76 
 268      F6B97961 
 268      2A46CE3A 
 268      2400DB3E 
 269 018f 7C6801B0 		.ascii	"|h\001\260\213uh\021\260S\3217.\353\226\354\247\255"
 269      8B756811 
 269      B053D137 
 269      2EEB96EC 
 269      A7AD
 270 01a1 62C54502 		.ascii	"b\305E\002\332\374=T\202\226\242\343h)t\376\025Z\002"
 270      DAFC3D54 
 270      8296A2E3 
 270      682974FE 
 270      155A02
 271 01b4 FF3F5633 		.ascii	"\377?V3M\367\262\233\027\277\235/\232\007E\363@\315"
 271      4DF7B29B 
 271      17BF9D2F 
 271      9A0745F3 
 271      40CD
 272 01c6 CAF682DD 		.ascii	"\312\366\202\335b\033\264z\237\302P1\302\350K\264\222"
 272      621BB47A 
 272      9FC25031 
 272      C2E84BB4 
 272      92
 273 01d7 980C55F8 		.ascii	"\230\014U\370_\204\006\020\372\002\365\203C'\320\333"
 273      5F840610 
 273      FA02F583 
 273      4327D0DB 
ARM GAS  /tmp/ccEPBnKE.s 			page 21


 274 01e7 C483C769 		.ascii	"\304\203\307i\255\013\261?\265\366\330\343\326R\007"
 274      AD0BB13F 
 274      B5F6D8E3 
 274      D65207
 275 01f6 D0950FBA 		.ascii	"\320\225\017\272:\317\352sDs\014\250\022\250\246RYS"
 275      3ACFEA73 
 275      44730CA8 
 275      12A8A652 
 275      5953
 276 0208 A9525319 		.ascii	"\251RS\031\325\324<\334\367\277\370?\251\242\270\374"
 276      D5D43CDC 
 276      F7BFF83F 
 276      A9A2B8FC 
 277 0218 BB5576A0 		.ascii	"\273Uv\240\250\014\024U\373\316\323sR\326sR\251\347"
 277      A80C1455 
 277      FBCED373 
 277      52D67352 
 277      A9E7
 278 022a 14D5238E 		.ascii	"\024\325#\216\234\353]\210\377\213**-\350\334\347\010"
 278      9CEB5D88 
 278      FF8B2A2A 
 278      2DE8DCE7 
 278      08
 279 023b 8A0645F0 		.ascii	"\212\006E\360\356\263e\251\211u{\304#\210\371\366\265"
 279      EEB365A9 
 279      89757BC4 
 279      2388F9F6 
 279      B5
 280 024c ACE96BA2 		.ascii	"\254\351k\242\211T\312\251\206kqey\230\015\256\232\270"
 280      8954CAA9 
 280      866B7165 
 280      79980DAE 
 280      9AB8
 281 025e D872F08E 		.ascii	"\330r\360\216\023\033\334e\300N^)\232\224\206>\035\001"
 281      131BDC65 
 281      C04E5E29 
 281      9A94863E 
 281      1D01
 282 0270 5FD272B5 		.ascii	"_\322r\265WB'\020\276\376\313}7\264\270\004Q\003\372"
 282      57422710 
 282      BEFECB7D 
 282      37B4B804 
 282      5103FA
 283 0283 EA8B8F13 		.ascii	"\352\213\217\023\341;:Dbc!\261\351Q\325\013G\366\212"
 283      E13B3A44 
 283      626321B1 
 283      E951D50B 
 283      47F68A
 284 0296 20DAD326 		.ascii	" \332\323&\012\355q\005\205\0139\215]\325j\344\246\373"
 284      0AED7105 
 284      850B398D 
 284      5DD56AE4 
 284      A6FB
 285 02a8 9CCC9CF9 		.ascii	"\234\314\234\371j\345\277\347L\210\3422t\021\351\320"
 285      6AE5BFE7 
 285      4C88E232 
 285      7411E9D0 
ARM GAS  /tmp/ccEPBnKE.s 			page 22


 286 02b8 79D9DC77 		.ascii	"y\331\334wt\360?A\024c\304\364XQ\353\243B\247an+`n\321"
 286      74F03F41 
 286      1463C4F4 
 286      5851EBA3 
 286      42A7616E 
 287 02d0 05E446F4 		.ascii	"\005\344F\364\022\034:\007/\317\302K\350\243\2700\343"
 287      121C3A07 
 287      2FCFC24B 
 287      E8A3B830 
 287      E3
 288 02e1 A81D2EA6 		.ascii	"\250\035.\2461%\324]\354\271\251F:7\233\012.\333P\300"
 288      3125D45D 
 288      ECB9A946 
 288      3A379B0A 
 288      2EDB50C0 
 289 02f5 8CE96A7D 		.ascii	"\214\351j}\273n\027\231\0053\030sI6\006lc\201\224P\222"
 289      BB6E1799 
 289      05331873 
 289      4936066C 
 289      63819450 
 290 030a 5A837509 		.ascii	"Z\203u\011$\342\376\032\255\320\"\377@}\214\200\323"
 290      24E2FE1A 
 290      ADD022FF 
 290      407D8C80 
 290      D3
 291 031b 311D87D3 		.ascii	"1\035\207\323\303\015u:6\214\"\031\306\302\312\301\227"
 291      C30D753A 
 291      368C2219 
 291      C6C2CAC1 
 291      97
 292 032c 08E732A1 		.ascii	"\010\3472\241\271n\317c\204?gL\302\355\370\016\0119"
 292      B96ECF63 
 292      843F674C 
 292      C2EDF80E 
 292      0939
 293 033e 45F883E7 		.ascii	"E\370\203\347\276k\3240\336\001\3303\243\307\3178\262"
 293      BE6BD430 
 293      DE01D833 
 293      A3C7CF38 
 293      B2
 294 034f E93213F1 		.ascii	"\3512\023\361l\365\363\233\216\270\204\265M:\335\321"
 294      6CF5F39B 
 294      8EB884B5 
 294      4D3ADDD1 
 295 035f AF26468A 		.ascii	"\257&F\212\314H\322\310b\246\0125\021_\220a)ZE\355\313"
 295      CC48D2C8 
 295      62A60A35 
 295      115F9061 
 295      295A45ED 
 296 0374 BA9055E1 		.ascii	"\272\220U\341\344\234N\3010\015j\352z\003\240\353)\272"
 296      E49C4EC1 
 296      300D6AEA 
 296      7A03A0EB 
 296      29BA
 297 0386 19395BDA 		.ascii	"\0319[\332\320~\036\334*\32023\306\010\237]54\346\204"
 297      D07E1EDC 
 297      2AD03233 
ARM GAS  /tmp/ccEPBnKE.s 			page 23


 297      C6089F5D 
 297      3534E684 
 298 039a 4FB37E33 		.ascii	"O\263~3j\236N.\300g\031\323{t\33715C\216\020\376\320"
 298      6A9E4E2E 
 298      C06719D3 
 298      7B74DF31 
 298      35438E10 
 299 03b0 CB97716A 		.ascii	"\313\227qj|\211\011c\316\335\312\220\302k\220\306G\314"
 299      7C890963 
 299      CEDDCA90 
 299      C26B90C6 
 299      47CC
 300 03c2 DE423BDC 		.ascii	"\336B;\334\300\2043\243_\214\331\341\016\306\234\271"
 300      C08433A3 
 300      5F8CD9E1 
 300      0EC69CB9 
 301 03d2 9D7549EA 		.ascii	"\235uI\352\360&\341k&\363\306\365\270\217\011w\025^"
 301      F026E16B 
 301      26F3C6F5 
 301      B88F0977 
 301      155E
 302 03e4 DF638FEF 		.ascii	"\337c\217\3573\246c\370H\234\236!\333\010?\331\223R"
 302      33A663F8 
 302      489C9E21 
 302      DB083FD9 
 302      9352
 303 03f6 A7C7E34C 		.ascii	"\247\307\343Lx\245\376N\207\003\236aLrmE\235\024\314"
 303      78A5FE4E 
 303      87039E61 
 303      4C726D45 
 303      9D14CC
 304 0409 F5848F1E 		.ascii	"\365\204\217\036)\213\307x\227\232u(\215\254\2634\262"
 304      298BC778 
 304      979A7528 
 304      8DACB334 
 304      B2
 305 041a E36D3549 		.ascii	"\343m5IZ\234\306\204-\211\231Y\002\316fL\321p^\252\324"
 305      5A9CC684 
 305      2D899959 
 305      02CE664C 
 305      D1705EAA 
 306 042f E1BF91A1 		.ascii	"\341\277\221\241\311\035;\244\307\2371\331\371\202]"
 306      C91D3BA4 
 306      C79F31D9 
 306      F9825D
 307 043e C50EB898 		.ascii	"\305\016\270\2301\347\316\234\257\223\346n\025Y\370"
 307      31E7CE9C 
 307      AF93E66E 
 307      1559F8
 308 044d AD29BD7A 		.ascii	"\255)\275z|\222\311N\214\304\233\355q\025cr'\373\036"
 308      7C92C94E 
 308      8CC49BED 
 308      71156372 
 308      27FB1E
 309 0460 48CEBA11 		.ascii	"H\316\272\021%-/J\234\360e&\263,Pg\266@\317\367T\030"
 309      252D2F4A 
 309      9CF06526 
ARM GAS  /tmp/ccEPBnKE.s 			page 24


 309      B32C5067 
 309      B640CFF7 
 310 0476 7013131D 		.ascii	"p\023\023\035\031\251\332\273\020_g\314h\334\275\301"
 310      19A9DABB 
 310      105F67CC 
 310      68DCBDC1 
 311 0486 050CB704 		.ascii	"\005\014\267\004\330\333}\367\223\234p\037\223\355\276"
 311      D8DB7DF7 
 311      939C701F 
 311      93EDBE
 312 0495 9475418B 		.ascii	"\224uA\213\3573\306\222N\235Y:\2752\330\217\360\030"
 312      EF33C692 
 312      4E9D593A 
 312      BD32D88F 
 312      F018
 313 04a7 137D9B64 		.ascii	"\023}\233d\276%\340\027\214)\256J\271\255\3011\032\312"
 313      BE25E017 
 313      8C29AE4A 
 313      B9ADC131 
 313      1ACA
 314 04b9 DC3913F7 		.ascii	"\3349\023\367L\215w3\346\370\313\303mZ\234\314\230\266"
 314      4C8D7733 
 314      E6F8CBC3 
 314      6D5A9CCC 
 314      98B6
 315 04cb B383F79C 		.ascii	"\263\203\367\234\360^\306<\274\264\373\2564\277\373"
 315      F05EC63C 
 315      BCB4FBAE 
 315      34BFFB
 316 04da 68FAB831 		.ascii	"h\372\27018\210X\270\346k\211<\371p\241\032\357\247"
 316      388858B8 
 316      E66B893C 
 316      F970A11A 
 316      EFA7
 317 04ec E07F99BC 		.ascii	"\340\177\231\274\027\333e\207\\\345\307\305Rqs\235\367"
 317      17DB6587 
 317      5CE5C7C5 
 317      5271739D 
 317      F7
 318 04fd 1C15E362 		.ascii	"\034\025\343bE\363\354q|\261\252\260!Z,\\\202\252!V"
 318      45F3EC71 
 318      7CB1AAB0 
 318      215A2C5C 
 318      82AA2156 
 319 0511 EB6099C6 		.ascii	"\353`\231\306\012.\362B\274B\003\327\035\376\251X\213"
 319      0A2EF242 
 319      BC4203D7 
 319      1DFEA958 
 319      8B
 320 0522 F6660CE9 		.ascii	"\366f\014\3515\016S\370s%\374\214\025\274\221\203\367"
 320      350E53F8 
 320      7325FC8C 
 320      15BC9183 
 320      F7
 321 0533 2BE17D14 		.ascii	"+\341}\024~\032\311\370\356\006\016\377@\211\037\261"
 321      7E1AC9F8 
 321      EE060EFF 
ARM GAS  /tmp/ccEPBnKE.s 			page 25


 321      40891FB1 
 322 0543 C257F3F8 		.ascii	"\302W\363\370\307J\374\267Js\032\2338x\207\022\336n"
 322      C74AFCB7 
 322      4A731A9B 
 322      38788712 
 322      DE6E
 323 0555 A57E9AC7 		.ascii	"\245~\232\307\327\332\036\034\013\236\344\274\207M8"
 323      D7DA1E1C 
 323      0B9EE4BC 
 323      874D38
 324 0564 9AE261A9 		.ascii	"\232\342a\251\243F\011oI\000\350\252\322\234\241zN\375"
 324      A346096F 
 324      4900E8AA 
 324      D29CA17A 
 324      4EFD
 325 0576 84527DBD 		.ascii	"\204R}\275\022\336\315\303'\225p\203\322\370!~\354\273"
 325      12DECDC3 
 325      27957083 
 325      D2F8217E 
 325      ECBB
 326 0588 95F09BB2 		.ascii	"\225\360\233\262\366\014)a\275\257V\241g \177JE\004"
 326      F60C2961 
 326      BDAF56A1 
 326      67207F4A 
 326      4504
 327 059a 0D0918ED 		.ascii	"\015\011\030\355\021\334P\266\340\212\242\201D\240d"
 327      11DC50B6 
 327      E08AA281 
 327      44A064
 328 05a9 A074A02C 		.ascii	"\240t\240,\240\227\310\025\035\200\362 \320\014\324"
 328      A097C815 
 328      1D80F220 
 328      D00CD4
 329 05b8 13A0DC0B 		.ascii	"\023\240\334\013\024\017\224\001\224\002\224\0044\015"
 329      140F9401 
 329      94029404 
 329      340D
 330 05c6 B24C2863 		.ascii	"\262L(c\200\322\200v\003\355\007\332\007\364\012d9P"
 330      80D28076 
 330      03ED07DA 
 330      07F40A64 
 330      3950
 331 05d8 C6012502 		.ascii	"\306\001%\002\315\002?\005\364\032h\027\360\251@/\220"
 331      CD023F05 
 331      F41A6817 
 331      F0A9402F 
 331      90
 332 05e9 2BDD6FA5 		.ascii	"+\335o\245q\340g\345\033\245c-\312a\253\346C\266F\011"
 332      71E067E5 
 332      1BA5632D 
 332      CA61ABE6 
 332      43B64609 
 333 05fd AF54C227 		.ascii	"\257T\302'\370a\353R\302oX\301\371\010\274\253\204\337"
 333      F861EB52 
 333      C26F58C1 
 333      F908BCAB 
 333      84DF
ARM GAS  /tmp/ccEPBnKE.s 			page 26


 334 060f B10A91A1 		.ascii	"\261\012\221\241\006.D\356+Cd\330*Dx_[m\373\312Oz#o"
 334      062E44EE 
 334      2B4364D8 
 334      2A44785F 
 334      5B6DFBCA 
 335 0627 FD80ED05 		.ascii	"\375\200\355\005\307\251\177\310\207\324\270\355\010"
 335      C7A97FC8 
 335      87D4B8ED 
 335      08
 336 0634 64EAD9A6 		.ascii	"d\352\331\246^G\360\342\"\002SI\033:\233\0278\032\230"
 336      5E47F0E2 
 336      22025349 
 336      1B3A9B17 
 336      381A98
 337 0647 EB1A71F1 		.ascii	"\353\032q\361)QL\264\243\373\336m\245\266Akc\371\231"
 337      29514CB4 
 337      A3FBDE6D 
 337      A5B6416B 
 337      63F999
 338 065a A9B23D33 		.ascii	"\251\262=3<\376!\357\334-\333\021\315\343'x\357\306"
 338      3CFE21EF 
 338      DC2DDB11 
 338      CDE32778 
 338      EFC6
 339 066c 94F851E5 		.ascii	"\224\370Q\345`L\363S9d\333|wy&\273\033\271\231\354U"
 339      604CF353 
 339      3964DB7C 
 339      777926BB 
 339      1BB999EC 
 340 0681 CE648FD5 		.ascii	"\316d\217\325P\363\332\357\331\016\024>j\371\211\277"
 340      50F3DAEF 
 340      D90E143E 
 340      6AF989BF 
 341 0691 6E3B55F1 		.ascii	"n;U\361\266\363\256>\261\355\352\\\030\302\\M[\206\222"
 341      B6F3AE3E 
 341      B1EDEA5C 
 341      18C25C4D 
 341      5B8692
 342 06a4 4C55A7ED 		.ascii	"LU\247\355(\347\207\262\235\327\377\235\315\334\343"
 342      28E787B2 
 342      9DD7FF9D 
 342      CDDCE3
 343 06b3 2E6B6F6C 		.ascii	".kol\340\264?\262\235\226\371E\321\316\347\315k\312"
 343      E0B43FB2 
 343      9D96F945 
 343      D1CEE7CD 
 343      6BCA
 344 06c5 A16CB3DA 		.ascii	"\241l\263\332U\370\241|h{\227\240p\330\036\237\226\224"
 344      55F8A17C 
 344      687B97A0 
 344      70D81E9F 
 344      9694
 345 06d7 F42DC0ED 		.ascii	"\364-\300\355t{\024\262\217$Th\221\213\233\255\214\207"
 345      747B14B2 
 345      8F245468 
 345      918B9BAD 
 345      8C87
ARM GAS  /tmp/ccEPBnKE.s 			page 27


 346 06e9 0E41A2FB 		.ascii	"\016A\242\373\377\230\364\330\312\033n\306\261\242\210"
 346      FF98F4D8 
 346      CA1B6EC6 
 346      B1A288
 347 06f8 501E5898 		.ascii	"P\036X\230+\314\235\246\311B\244~\3369\366\250\302I"
 347      2BCC9DA6 
 347      C942A47E 
 347      DE39F6A8 
 347      C249
 348 070a 9F347746 		.ascii	"\2374wF\247@\371\244zX\320\323\013\013\224\000.\233"
 348      A740F9A4 
 348      7A58D0D3 
 348      0B0B9400 
 348      2E9B
 349 071c DD37E888 		.ascii	"\3357\350\210\373\331\001c(\246\274\336\021\337aL\312"
 349      FBD90163 
 349      28A6BCDE 
 349      11DF614C 
 349      CA
 350 072d BEEA6A35 		.ascii	"\276\352j5~\300\230\202\234\214x\015\036eLqfz\231\016"
 350      7EC09882 
 350      9C8C780D 
 350      1E654C71 
 350      667A990E 
 351 0741 8F31E6C0 		.ascii	"\2171\346\300\227]\323Z<\301\230c\3233c\344\014\270"
 351      975DD35A 
 351      3CC19863 
 351      D33363E4 
 351      0CB8
 352 0753 9CDC5930 		.ascii	"\234\334Y0wcY\316n,\227\232\032>\327\343)6\005\351G"
 352      776359CE 
 352      6E2C979A 
 352      1A3ED7E3 
 352      293605E9 
 353 0768 8E276B2D 		.ascii	"\216'k-\267\0118\372k\334TsWMT\014\303\276\\:\367\177"
 353      B70938FA 
 353      6BDC5473 
 353      574D540C 
 353      C3BE5C3A 
 354 077e 2E2C45C7 		.ascii	".,E\307\004\313m\342j\345\362\354xr\233(\022t\350\013"
 354      04CB6DE2 
 354      6AE5F2EC 
 354      78729B28 
 354      1274E80B 
 355 0792 D9FFE5D2 		.ascii	"\331\377\345\322a\372bF\317\260\016\307\332\321>^\306"
 355      61FA6246 
 355      CFB00EC7 
 355      DAD13E5E 
 355      C6
 356 07a3 EE7F22DF 		.ascii	"\356\177\"\337\212\272Z=\256\320\213H\0114\375Rn\012"
 356      8ABA5A3D 
 356      AED08B48 
 356      0934FD52 
 356      6E0A
 357 07b5 9A2CD722 		.ascii	"\232,\327\"\245\035\307m\330A\216\332SG\317;\340=\264"
 357      A51DC76D 
 357      D8418EDA 
ARM GAS  /tmp/ccEPBnKE.s 			page 28


 357      5347CF3B 
 357      E03DB4
 358 07c8 13F5E4B3 		.ascii	"\023\365\344\263=\335:\004"
 358      3DDD3A04 
 359 07d0 E72B399A 		.ascii	"\347+9\232\004\0257\342'\244P:\011\272\312`:K\005W."
 359      041537E2 
 359      27A4503A 
 359      09BACA60 
 359      3A4B0557 
 360 07e5 575E6DC4 		.ascii	"W^m\304\027\012R\367\210\371\227\021\265\253\020\354"
 360      170A52F7 
 360      88F99711 
 360      B5AB10EC 
 361 07f5 222DE64C 		.ascii	"\"-\346L\240K\252\204[\261C?8\000\367ZL\321_\331D\273"
 361      A04BAA84 
 361      5BB1433F 
 361      3800F75A 
 361      4CD15FD9 
 362 080b CB79BA3F 		.ascii	"\313y\272?W\007\367\177\202\341\3234X}\275\1774\023"
 362      5707F77F 
 362      82E1D334 
 362      587DBD7F 
 362      3413
 363 081d 21D7C56E 		.ascii	"!\327\305n\256l\345=\313u\212\246j\211\272\002P\373"
 363      AE6CE53D 
 363      CB758AA6 
 363      6A89BA02 
 363      50FB
 364 082f B5B0D8D6 		.ascii	"\265\260\330\326\272\316\224n@d\305\310>\0220\361\261"
 364      BACE946E 
 364      4064C5C8 
 364      3E1230F1 
 364      B1
 365 0840 1C7CAC00 		.ascii	"\034|\254\000\037O\011|\310\266\346.\211&!\013(\353"
 365      1F4F097C 
 365      C8B6E62E 
 365      8926210B 
 365      28EB
 366 0852 CDA233D7 		.ascii	"\315\2423\327yo\254X\277\212\246\210\243o\356\030\206"
 366      796FAC58 
 366      BF8AA688 
 366      A36FEE18 
 366      86
 367 0863 7DE27C53 		.ascii	"}\342|S\263\260\030,\210~\243\005\252y\335\223\213A"
 367      B3B0182C 
 367      887EA305 
 367      AA79DD93 
 367      8B41
 368 0875 CD8D0A3D 		.ascii	"\315\215\012=\256\245S\205\3565\225\3068\340\006\306"
 368      AEA55385 
 368      EE3595C6 
 368      38E006C6 
 369 0885 1C6E39D1 		.ascii	"\034n9\321\244\301-\2149w\374D\273\200;\030SR5\226\214"
 369      A4C12D8C 
 369      3977FC44 
 369      BB803B18 
 369      53523596 
ARM GAS  /tmp/ccEPBnKE.s 			page 29


 370 089a 700F63C6 		.ascii	"p\017c\306\343KMx\210\325\323\332>\353q\220n\210\344"
 370      E34B4D78 
 370      88D5D3DA 
 370      3EEB7190 
 370      6E88E4
 371 08ad EBC9D491 		.ascii	"\353\311\324\221\273\231\002\036\241B\375\353\222&W"
 371      BB99021E 
 371      A142FDEB 
 371      922657
 372 08bc F9C4EDE2 		.ascii	"\371\304\355\342&\035\255\207\336\222S\3249p\257\376"
 372      261DAD87 
 372      DE9253D4 
 372      3970AFFE 
 373 08cc CF9ED51A 		.ascii	"\317\236\325\032\227\312\350\317\224\350\021\253\374"
 373      97CAE8CF 
 373      94E811AB 
 373      FC
 374 08d9 C7A12FDA 		.ascii	"\307\241/\332F\317\33369S\316*\341V\247\314i\016]\251"
 374      46CFDB36 
 374      3953CE2A 
 374      E156A7CC 
 374      690E5DA9 
 375 08ed 445BED99 		.ascii	"D[\355\231\335\034\372\274M7\371\263\022\007\256\262"
 375      DD1CFABC 
 375      4D37F9B3 
 375      1207AEB2 
 376 08fd 6DC89CDD 		.ascii	"m\310\234\335\020\225\257su\014\177\032&\371\210\022"
 376      1095AF73 
 376      750C7F1A 
 376      26F98812 
 377 090d 6F75B8AF 		.ascii	"ou\270\257\263D\024Q\177\306\266\345L=\237\376/\300"
 377      B3441451 
 377      7FC6B6E5 
 377      4C3D9FFE 
 377      2FC0
 378 091f F266A7AE 		.ascii	"\362f\247\256zi\3016@0_\201h\272\004T\015T\013T\003"
 378      7A69C136 
 378      40305F81 
 378      68BA0454 
 378      0D540B54 
 379 0934 7415A80E 		.ascii	"t\025\250\016\250\021\310\014ty~\260\037t\246\301^\257"
 379      A811C80C 
 379      74797EB0 
 379      1F74A6C1 
 379      5EAF
 380 0946 3C1951D3 		.ascii	"<\031Q\323\3628\323\362m{\302L#\337.Z\246\3125\3701"
 380      F238D3F2 
 380      6D7BC24C 
 380      23DF2E5A 
 380      A6CA35F8 
 381 095b 4B65D3F5 		.ascii	"Ke\323\365\345\365\032\344\346\"-\353<;\262\254[\240"
 381      E5F51AE4 
 381      E6222DEB 
 381      3C3BB2AC 
 381      5BA0
 382 096d 75939CC8 		.ascii	"u\223\234\310\352\351\036`\313)\324\014\276\374\275"
 382      EAE91E60 
ARM GAS  /tmp/ccEPBnKE.s 			page 30


 382      CB29D40C 
 382      BEFCBD
 383 097c 7E8129DF 		.ascii	"~\201)\337]\033(^\300o*-\3636\225VAo\261\241\225\356"
 383      5D1B285E 
 383      C06F2A2D 
 383      F3369556 
 383      416FB1A1 
 384 0992 2BBD89BB 		.ascii	"+\275\211\273\017\333\341i\266j\206\316\366F\013x\226"
 384      0FDBE169 
 384      B66A86CE 
 384      F6460B78 
 384      96
 385 09a3 314FF6D6 		.ascii	"1O\366\326\266\0108\326\2362\3037cs\354p\"c\322_\335"
 385      B60838D6 
 385      9E32C337 
 385      6373EC70 
 385      2263D25F 
 386 09b8 12ED7006 		.ascii	"\022\355p\006cR\236L\035Q\343\003\214\251\274\360\330"
 386      63529E4C 
 386      1D51E303 
 386      8CA9BCF0 
 386      D8
 387 09c9 835D7C97 		.ascii	"\203]|\227\002w\266o\334,}\262\034$\367\340[\261\317"
 387      0277B66F 
 387      DC2C7DB2 
 387      1C24F7E0 
 387      5BB1CF
 388 09dc 3B1DF161 		.ascii	";\035\361a\012\325\356.\255,\327#\313\215\327\215\245"
 388      0AD5EE2E 
 388      AD2CD723 
 388      CB8DD78D 
 388      A5
 389 09ed 98813BDF 		.ascii	"\230\201;\337\257\222\317\243]0`}o\014 zj\311\302\344"
 389      AF92CFA3 
 389      5D30607D 
 389      6F0C207A 
 389      6AC9C2E4 
 390 0a01 224CC0D7 		.ascii	"\"L\300\327\225`\345\011gH\306^Sb\347G2A?\224\321mJ"
 390      9560E509 
 390      6748C65E 
 390      5362E747 
 390      32413F94 
 391 0a18 F4A8D28C 		.ascii	"\364\250\322\214n\031\334n[\265\325\255\255\023\346"
 391      6E19DC6E 
 391      5BB5D5AD 
 391      AD13E6
 392 0a27 FB864044 		.ascii	"\373\206@D}\322d\017\302d\337\202\311\354\007\352\005"
 392      7DD2640F 
 392      C264DF82 
 392      C9EC07EA 
 392      05
 393 0a38 EA06EA01 		.ascii	"\352\006\352\001\032\000\2729o'j\227\273\353\260\351"
 393      1A00BA39 
 393      6F276A97 
 393      BBEBB0E9 
 394 0a48 35EFC884 		.ascii	"5\357\310\204\014\376\306\266#\363n\013\200\206p\355"
 394      0CFEC6B6 
ARM GAS  /tmp/ccEPBnKE.s 			page 31


 394      23F36E0B 
 394      808670ED 
 395 0a58 53EE42A8 		.ascii	"S\356B\250\246:\347\265=.\240s'$\026\215La\305\241\314"
 395      A63AE7B5 
 395      3D2EA073 
 395      2724168D 
 395      4C61C5A1 
 396 0a6d E210BA03 		.ascii	"\342\020\272\003~\374->I\035\257&\375\016A\273\333\362"
 396      7EFC2D3E 
 396      491DAF26 
 396      FD0E41BB 
 396      DBF2
 397 0a7f 32E9B31C 		.ascii	"2\351\263\034\225\236N\345u\352]\244\356\022\336\324"
 397      959E4EE5 
 397      75EA5DA4 
 397      EE12DED4 
 398 0a8f 9DEA2FF6 		.ascii	"\235\352/\366\005\252\232\236\\\315F\374\002\271;o\201"
 398      05AA9A9E 
 398      5CCD46FC 
 398      02B93B6F 
 398      81
 399 0aa0 DC934E5D 		.ascii	"\334\223N]\367\350\352H)~\375#\026\317\007\310.2.\246"
 399      F7E8EA48 
 399      297EFD23 
 399      16CF07C8 
 399      2E322EA6 
 400 0ab4 C44BDFBC 		.ascii	"\304K\337\274\246H@7t\036\032\325\3412\026\373\226h"
 400      A6484037 
 400      741E1AD5 
 400      E13216FB 
 400      9668
 401 0ac6 7796A23D 		.ascii	"w\226\242=\276\345)\234z\3160a\331\371\270\307\322\367"
 401      BEE5299C 
 401      7ACE3061 
 401      D9F9B8C7 
 401      D2F7
 402 0ad8 2B331126 		.ascii	"+3\021&\357JK\264\307\027\231p\262\350\324a\007&,\""
 402      EF4A4BB4 
 402      C7179970 
 402      B2E8D461 
 402      07262C22 
 403 0aec C207AFEA 		.ascii	"\302\007\257\352\276\325\340Z&\354x\336\026\257\303"
 403      BED5E05A 
 403      26EC78DE 
 403      16AFC3
 404 0afb CD8C49AA 		.ascii	"\315\214I\252\330[\260\020w0&5\355\353\223:\334\315"
 404      D85BB010 
 404      77302635 
 404      EDEB933A 
 404      DCCD
 405 0b0d 988A96CA 		.ascii	"\230\212\226\312~\015\276\315\230\336\211\316\370\005"
 405      7E0DBECD 
 405      98DE89CE 
 405      F805
 406 0b1b 788431A5 		.ascii	"x\2041\245/\367}a\207\2370\246-\357\220\345Cj9\361("
 406      2FF77D61 
 406      879F30A6 
ARM GAS  /tmp/ccEPBnKE.s 			page 32


 406      2DEF90E5 
 406      436A39F1 
 407 0b30 A57456DA 		.ascii	"\245tV\332&\363]\210\312\234>81>\243X\307\314\311G\327"
 407      26F35D88 
 407      CA9C3E38 
 407      313EA358 
 407      C7CCC947 
 408 0b45 16A2B92F 		.ascii	"\026\242\271/Rn\364\033\024M\2349\316{E\222\033\311"
 408      526EF41B 
 408      144D9C39 
 408      CE7B4592 
 408      1BC9
 409 0b57 748DC274 		.ascii	"t\215\302t\315@97!\217\005\305\255k\350\237\331M\201"
 409      CD403937 
 409      218F05C5 
 409      AD6BE89F 
 409      D94D81
 410 0b6a A01F29D1 		.ascii	"\240\037)\321\337\012\312\233E\367\022\031>\246\204"
 410      DF0ACA9B 
 410      45F71219 
 410      3EA684
 411 0b79 B7D85E4D 		.ascii	"\267\330^M\317@\376\224j\232\221\"/\032\273\241\327"
 411      CF40FE94 
 411      6A9A9122 
 411      2F1ABBA1 
 411      D7
 412 0b8a E4E84F8E 		.ascii	"\344\350O\216\363\330\025\305\002M\223\253\001\224S"
 412      F3D815C5 
 412      024D93AB 
 412      019453
 413 0b99 E4A84E8E 		.ascii	"\344\250N\216\360\3448\017\374+yu\221\233\315\367\311"
 413      F0E4380F 
 413      FC2B7975 
 413      919BCDF7 
 413      C9
 414 0baa 7A21BD4F 		.ascii	"z!\275OZ\031k\375\371\350-\331\330\347J\370\260r$\246"
 414      5A196BFD 
 414      F9E82DD9 
 414      D8E74AF8 
 414      B07224A6 
 415 0bbe BF6751FD 		.ascii	"\277gQ\375\235\022kPB\271A{\250\004?P*\236\340\306\354"
 415      9D126B50 
 415      42B9417B 
 415      A8043F50 
 415      2A9EE0C6 
 416 0bd3 89125D69 		.ascii	"\211\022]i\265\312G\367\323U>c\365I\200\310\262\355"
 416      B5CA47F7 
 416      D3553E63 
 416      F54980C8 
 416      B2ED
 417 0be5 655D134A 		.ascii	"e]\023J]VW\352j\256\347q%\372\246\325x\265s\3435\242"
 417      5D5657EA 
 417      6AAEE771 
 417      25FAA6D5 
 417      78B573E3 
 418 0bfb 84DFE762 		.ascii	"\204\337\347b\001\202\261\256\243\353\225\032\277b)"
 418      0182B1AE 
ARM GAS  /tmp/ccEPBnKE.s 			page 33


 418      A3EB951A 
 418      BF6229
 419 0c0a 27A173A6 		.ascii	"'\241s\246\307anW}}\220\356\252\361\330\005\355\302"
 419      C7616E57 
 419      7D7D90EE 
 419      AAF1D805 
 419      EDC2
 420 0c1c 73E962C6 		.ascii	"s\351b\306jW\265\304\005\332\015\341\360\217\204\006"
 420      6A57B5C4 
 420      05DA0DE1 
 420      F08F8406 
 421 0c2c 59C2C933 		.ascii	"Y\302\3113\303N\363r\220-\355\252\277Gu\3777\227j\354"
 421      C34EF372 
 421      902DEDAA 
 421      BF4775FF 
 421      37976AEC 
 422 0c40 F99C9480 		.ascii	"\371\234\224\200\371\234\224\210YN\202\022\300\247Z"
 422      F99C9488 
 422      594E8212 
 422      C0A75A
 423 0c4f 8BB2B436 		.ascii	"\213\262\2646s\241\352\257O\204(\011\223\365\376\302"
 423      73A1EAAF 
 423      4F842809 
 423      93F5FEC2 
 424 0c5f 3C582BE0 		.ascii	"<X+\340d\007\232\033\236\035m?\254U\013,\371\221\037"
 424      64079A1B 
 424      9E1D6D3F 
 424      AC550B2C 
 424      F9911F
 425 0c72 0FC947EE 		.ascii	"\017\311G\356\274\216b\015}GN\016{0}y\373\320\3409\365"
 425      BC8E620D 
 425      7D474E0E 
 425      7B307D79 
 425      FBD0E039 
 426 0c87 1B7F7B4C 		.ascii	"\033\177{L\305\344\267\307\024,\375\370X\236:\230\253"
 426      C5E4B7C7 
 426      142CFDF8 
 426      589E3A98 
 426      AB
 427 0c98 917E7D7C 		.ascii	"\221~}|]\374VF\254X\004\206/#0\224,\317\035T\347\377"
 427      5DFC5646 
 427      AC580486 
 427      2F233094 
 427      2CCF1D54 
 428 0cae D29786C9 		.ascii	"\322\227\206\311\357t\265\207\242/,\300Y\314\300\314"
 428      EF74B587 
 428      A22F2CC0 
 428      59CCC0CC 
 429 0cbe 1BC55DF6 		.ascii	"\033\305]\366?.\020\333\314p\271\316]\0029\210\215T"
 429      3F2E10DB 
 429      CC70B9CE 
 429      5D023988 
 429      8D54
 430 0cd0 3A53C365 		.ascii	":S\303e\001\362f\023\334\3552\360\217\241\335\300TW"
 430      01F26613 
 430      DCED32F0 
 430      8FA1DDC0 
ARM GAS  /tmp/ccEPBnKE.s 			page 34


 430      5457
 431 0ce2 BF9E1F5E 		.ascii	"\277\236\037^\362\333\240<\274\231\322\360\222ra\224"
 431      F2DBA03C 
 431      BC99D2F0 
 431      92726194 
 432 0cf2 69DBBB1E 		.ascii	"i\333\273\036\001\237l\017\215\010\010\015\01759\254"
 432      019F6C0F 
 432      8D08080D 
 432      0F3539AC 
 433 0d02 FFE817CB 		.ascii	"\377\350\027\313<\335\335U\357\255\\i`\177\021Q\206"
 433      3CDDDD55 
 433      EFAD5C69 
 433      607F1151 
 433      86
 434 0d13 AD816186 		.ascii	"\255\201a\206\217#\002#\203\243\014\376\233\002\374"
 434      8F230223 
 434      83A30CFE 
 434      9B02FC
 435 0d22 377DF8AE 		.ascii	"7}\370\256\307\272\367V\377\3147\300\313\327\337s\343"
 435      C7BAF756 
 435      FFCC37C0 
 435      CBD7DF73 
 435      E3
 436 0d33 666FE3AF 		.ascii	"fo\343\257\230xe\220J\037\020\020\022\030\031\366)\325"
 436      98786590 
 436      4A1F1010 
 436      121819F6 
 436      29D5
 437 0d45 A6A56F7D 		.ascii	"\246\245o}\241\266\210\365\023\024\026\021\364\033*"
 437      A1B688F5 
 437      13141611 
 437      F41B2A
 438 0d54 5AA5D4BF 		.ascii	"Z\245\324\277=\"\322D\324\203n\203\324\303\316\235D"
 438      3D22D244 
 438      D4836E83 
 438      D4C3CE9D 
 438      44
 439 0d65 12101616 		.ascii	"\022\020\026\026\274r\253\312\301\313\363\003\317u\353"
 439      BC72ABCA 
 439      C1CBF303 
 439      CF75EB
 440 0d74 8DEEBA80 		.ascii	"\215\356\272\200\200\035\241\341&\320f\332j\330\032"
 440      801DA1E1 
 440      26D066DA 
 440      6AD81A
 441 0d83 B12DC4F0 		.ascii	"\261-\304\360\233\250O\014\037\207\206\033>\011\012"
 441      9BA84F0C 
 441      1F87861B 
 441      3E090A
 442 0d92 5A1118B9 		.ascii	"Z\021\030\271\315R\256\010\217\010\017Y\021\022\370"
 442      CD52AE08 
 442      8F080F59 
 442      1112F8
 443 0da1 71E88AD5 		.ascii	"q\350\212\325+<V\271\277\267\342\277=V\354\330\036\034"
 443      2B3C56B9 
 443      BFB7E2BF 
 443      3D56ECD8 
ARM GAS  /tmp/ccEPBnKE.s 			page 35


 443      1E1C
 444 0db3 680A31CC 		.ascii	"h\0121\314\023\033B\303\203\302v\004\207\030\266\005"
 444      131B42C3 
 444      83C27604 
 444      8718B605 
 445 0dc3 066D0D0D 		.ascii	"\006m\015\015\0171\004\004\207l\011\334\021f\0120}\272"
 445      0F310404 
 445      876C09DC 
 445      11660A30 
 445      7DBA
 446 0dd5 3D248A74 		.ascii	"=$\212tn\351\361\327\377\307=F}\032e\010\2102\005\203"
 446      6EE9F1D7 
 446      FFC73D46 
 446      7D1A6508 
 446      88320583 
 447 0de9 7AE846E7 		.ascii	"z\350F\347\267a\203\377\032_\342&\251\372z\370\223\252"
 447      B76183FF 
 447      1A5FE226 
 447      A9FA7AF8 
 447      93AA
 448 0dfb C6DFDF73 		.ascii	"\306\337\337s\275Qk\364\366\3676n\366\366Z\215=\375"
 448      BD516BF4 
 448      F6F7366E 
 448      F6F65A8D 
 448      3DFD
 449 0e0d 8DEAB55E 		.ascii	"\215\352\265^\236\362\253\177\325\256\361[\353\261\301"
 449      9EF2AB7F 
 449      D5AEF15B 
 449      EBB1C1
 450 0e1c CFFB2323 		.ascii	"\317\373##\251\271\263\232E\372S\355\032\237\265\357"
 450      A9B9B39A 
 450      45FA53ED 
 450      1A9FB5EF 
 451 0e2c 4A529F39 		.ascii	"JR\2379\234\217\022\367\256=\321\002oH\351\316K<\354"
 451      9C8F12F7 
 451      AE3DD102 
 451      6F48E9CE 
 451      4B3CEC
 452 0e3f 89062AF1 		.ascii	"\211\006*\361\221\020>\363\021\356\016\244\255\321\177"
 452      91103EF3 
 452      11EE0EA4 
 452      ADD17F
 453 0e4e 939154DC 		.ascii	"\223\221T\334IeN\266\312\201\264f2\037\013\310\207\201"
 453      49654EB6 
 453      CA81B466 
 453      321F0BC8 
 453      8781
 454 0e60 B0A7AF51 		.ascii	"\260\247\257QM\234\264\007\177I)x\032-3\355\341\301"
 454      4D9CB407 
 454      7F492978 
 454      1A2D33ED 
 454      E1C1
 455 0e72 C74850C4 		.ascii	"\307HP\304\266m\021\341\206\220\235&\010\017.Bh`m\201"
 455      B66D11E1 
 455      86909D26 
 455      080F2E42 
 455      68606D81 
ARM GAS  /tmp/ccEPBnKE.s 			page 36


 456 0e86 68DCB913 		.ascii	"h\334\271\023Fp\201\321\3233`\023\314\232W\310\026\365"
 456      467081D1 
 456      D3336013 
 456      CC9A57C8 
 456      16F5
 457 0e98 9A75C60D 		.ascii	"\232u\306\015\232\015\033=?\200\341\3627\032\321/\221"
 457      9A0D1B3D 
 457      3F80E1F2 
 457      371AD12F 
 457      91
 458 0ea9 8F26280C 		.ascii	"\217&(\014\302S\012!\367\325\001&\007K\005G\205\230"
 458      C2530A21 
 458      F7D50126 
 458      074B0547 
 458      8598
 459 0ebb 7EFAE782 		.ascii	"~\372\347\202r\303\006/\303z?\337\215\377\343a\220\027"
 459      72C3062F 
 459      C37A3FDF 
 459      8DFFE361 
 459      9017
 460 0ecd 0D748937 		.ascii	"\015t\2117z\031\261\257\227Q\343\367\013?/\243\375F"
 460      7A19B1AF 
 460      9751E3F7 
 460      0B3F2FA3 
 460      FD46
 461 0edf 7F3F6F6F 		.ascii	"\177?oo/\243\335\306M\277\362\3636j>\334\350\345m$\226"
 461      2FA3DDC6 
 461      4DBFF2F3 
 461      366A3EDC 
 461      E8E56D24 
 462 0ef4 F8E8B9A5 		.ascii	"\370\350\271\245fR\007n\211\014\303\021\301\221\232"
 462      6652076E 
 462      890CC311 
 462      C1919A
 463 0f03 ED101F91 		.ascii	"\355\020\037\221\366\021Q\333CB\202#\355\"H\304Ej\266"
 463      F61151DB 
 463      43428223 
 463      ED2248C4 
 463      456AB6
 464 0f16 45048744 		.ascii	"E\004\207D\022\314V=\305\203m;\266\007\230\354\374\376"
 464      12CC563D 
 464      C5836D3B 
 464      B60798EC 
 464      FCFE
 465 0f28 C32BD014 		.ascii	"\303+\320\024h\347\347\313\012\037V\254g\305:Vx\263"
 465      68E7E7CB 
 465      0A1F56AC 
 465      67C53A56 
 465      78B3
 466 0f3a C28B159E 		.ascii	"\302\213\025\236\254X\313\2125\254\370\200\024\216T"
 466      AC58CB8A 
 466      35ACF880 
 466      148E54
 467 0f49 735044F8 		.ascii	"sPD\370\226\320O\002L\332\271\024\340Bk\226\025\300"
 467      96D04F02 
 467      4CDAB914 
 467      E0426B96 
ARM GAS  /tmp/ccEPBnKE.s 			page 37


 467      15C0
 468 0f5b E47F0224 		.ascii	"\344\177\002$\211\320\037"
 468      89D01F
 469              		.text
 470              		.section	.gnu.lto_.symtab.849e45a47b58ebd,"",%progbits
 471 0000 5F5F6561 		.ascii	"__early_init\000"
 471      726C795F 
 471      696E6974 
 471      00
 472 000d 00       		.ascii	"\000"
 473 000e 00       		.ascii	"\000"
 474 000f 00       		.ascii	"\000"
 475 0010 00000000 		.ascii	"\000\000\000\000\000\000\000\000"
 475      00000000 
 476 0018 B0000000 		.ascii	"\260\000\000\000"
 477 001c 626F6172 		.ascii	"boardInit\000"
 477      64496E69 
 477      7400
 478 0026 00       		.ascii	"\000"
 479 0027 00       		.ascii	"\000"
 480 0028 00       		.ascii	"\000"
 481 0029 00000000 		.ascii	"\000\000\000\000\000\000\000\000"
 481      00000000 
 482 0031 B2000000 		.ascii	"\262\000\000\000"
 483 0035 73746D33 		.ascii	"stm32_clock_init\000"
 483      325F636C 
 483      6F636B5F 
 483      696E6974 
 483      00
 484 0046 00       		.ascii	"\000"
 485 0047 02       		.ascii	"\002"
 486 0048 00       		.ascii	"\000"
 487 0049 00000000 		.ascii	"\000\000\000\000\000\000\000\000"
 487      00000000 
 488 0051 B4000000 		.ascii	"\264\000\000\000"
 489              		.text
 490              		.section	.gnu.lto_.opts,"",%progbits
 491 0000 272D666D 		.ascii	"'-fmath-errno' '-fsigned-zeros' '-ftrapping-math' '"
 491      6174682D 
 491      6572726E 
 491      6F272027 
 491      2D667369 
 492 0033 2D666E6F 		.ascii	"-fno-trapv' '-fno-openmp' '-fno-openacc' '-mcpu=cor"
 492      2D747261 
 492      70762720 
 492      272D666E 
 492      6F2D6F70 
 493 0066 7465782D 		.ascii	"tex-m7' '-mno-thumb-interwork' '-mthumb' '-ggdb' '-"
 493      6D372720 
 493      272D6D6E 
 493      6F2D7468 
 493      756D622D 
 494 0099 4F322720 		.ascii	"O2' '-fomit-frame-pointer' '-falign-functions=16' '"
 494      272D666F 
 494      6D69742D 
 494      6672616D 
 494      652D706F 
ARM GAS  /tmp/ccEPBnKE.s 			page 38


 495 00cc 2D666675 		.ascii	"-ffunction-sections' '-fdata-sections' '-fno-common"
 495      6E637469 
 495      6F6E2D73 
 495      65637469 
 495      6F6E7327 
 496 00ff 2720272D 		.ascii	"' '-flto'\000"
 496      666C746F 
 496      2700
 497              		.text
 498              		.comm	__gnu_lto_v1,1,1
 499              		.comm	__gnu_lto_slim,1,1
 500              		.ident	"GCC: (GNU Tools for ARM Embedded Processors 6-2017-q2-update) 6.3.1 20170620 (release) [AR
ARM GAS  /tmp/ccEPBnKE.s 			page 39


DEFINED SYMBOLS
                            *ABS*:0000000000000000 board.c
                            *COM*:0000000000000001 __gnu_lto_v1
                            *COM*:0000000000000001 __gnu_lto_slim

NO UNDEFINED SYMBOLS
