ARM GAS  /tmp/ccVxh0RF.s 			page 1


   1              		.cpu cortex-m7
   2              		.eabi_attribute 20, 1
   3              		.eabi_attribute 21, 1
   4              		.eabi_attribute 23, 3
   5              		.eabi_attribute 24, 1
   6              		.eabi_attribute 25, 1
   7              		.eabi_attribute 26, 1
   8              		.eabi_attribute 30, 2
   9              		.eabi_attribute 34, 1
  10              		.eabi_attribute 18, 4
  11              		.file	"chcore_v7m.c"
  12              		.text
  13              	.Ltext0:
  14              		.section	.gnu.lto_.profile.b30ab9d95aaf8221,"",%progbits
  15 0000 789C6365 		.ascii	"x\234ce`b`a```d\320\225\000\000\000\362\000R"
  15      60626061 
  15      60606064 
  15      D0950000 
  15      00F20052 
  16              		.text
  17              		.section	.gnu.lto_.icf.b30ab9d95aaf8221,"",%progbits
  18 0000 789C6365 		.ascii	"x\234ce`b\020a@\000f\206{\213\336/\341d^\374\272\341"
  18      60621061 
  18      40006686 
  18      7B8BDE2F 
  18      E1645EFC 
  19 0016 073BCBE7 		.ascii	"\007;\313\347\015+\026\2611\000\000d\344\011B"
  19      0D2B16B1 
  19      31000064 
  19      E40942
  20              		.text
  21              		.section	.gnu.lto_.jmpfuncs.b30ab9d95aaf8221,"",%progbits
  22 0000 789C6365 		.ascii	"x\234ce`b\340e@\000f(\301\002\242\001\002|\000\037"
  22      6062E065 
  22      40006628 
  22      C102A201 
  22      027C001F 
  23              		.text
  24              		.section	.gnu.lto_.inline.b30ab9d95aaf8221,"",%progbits
  25 0000 789C6365 		.ascii	"x\234ce`bpe@\000f\006\006^\021F\006&\201\015\271\014"
  25      60627065 
  25      40006606 
  25      065E1146 
  25      0626810D 
  26 0016 6C0BE499 		.ascii	"l\013\344\231@bL\334`\011v6\2408\307\001;\2708\013\003"
  26      40624CDC 
  26      60097636 
  26      A038C701 
  26      3BB8380B 
  27 002b 17375088 		.ascii	"\0277P\210gN$\\\210\221\013D\002\000\364h\006D"
  27      674E245C 
  27      88910B44 
  27      0200F468 
  27      0644
  28              		.text
  29              		.section	.gnu.lto_.pureconst.b30ab9d95aaf8221,"",%progbits
  30 0000 789C6365 		.ascii	"x\234ce`b\340b```f\330\305\310\274\213\221e\027#\000"
ARM GAS  /tmp/ccVxh0RF.s 			page 2


  30      6062E062 
  30      60606066 
  30      D8C5C8BC 
  30      8B916517 
  31 0016 0C46024D 		.ascii	"\014F\002M"
  32              		.text
  33              		.section	.gnu.lto__port_irq_epilogue.part.0.b30ab9d95aaf8221,"",%progbits
  34 0000 789C9D54 		.ascii	"x\234\235T\337k\034U\024>g\356\235\331\315f\223@\360"
  34      DF6B1C55 
  34      143E67EE 
  34      9DD9CD66 
  34      9340F0
  35 0013 41A10F9B 		.ascii	"A\241\017\233\207P\0125S\360AP|\220\200PaQ\262\177@"
  35      87500A35 
  35      53F04150 
  35      7C908050 
  35      6151B27F 
  36 0028 91696AC5 		.ascii	"\221ij\305&\273\354n5o\231fw\223\260\321\264\250\331"
  36      26BBEC6E 
  36      356F9966 
  36      7793B0D1 
  36      B4A8D9
  37 003b 746B9689 		.ascii	"tk\226\211\325\032\253\306\264\251U\223\332f\233_m\021"
  37      D51AABC6 
  37      B4A95593 
  37      DA669B5F 
  37      6D11
  38 004d 0D351AC1 		.ascii	"\0155\032\301\366\241&\333\242\246\025\032B\221B\262"
  38      F6A126DB 
  38      A2A6151A 
  38      429142B2 
  39 005d 9E736762 		.ascii	"\236sgb\252F\020\207\335\231\271\347\236\357|\347~\337"
  39      AA461087 
  39      DD99B9E7 
  39      9EEF7CE7 
  39      7EDF
  40 006f BDA38306 		.ascii	"\275\243\203\006U:\300\373\000\360\014\375\321\007h"
  40      553AC0FB 
  40      00F00CFD 
  40      D10768
  41 007e 1CF9865E 		.ascii	"\034\371\206^\014\324\324S\323D\367v\260\003\222\357"
  41      0CD4D453 
  41      D344F776 
  41      B00392EF 
  42 008e 41813A47 		.ascii	"A\201:G\017\371\345\306\213\216\310/\266\037\241\335"
  42      0FF9E5C6 
  42      8B8EC82F 
  42      B61FA1DD 
  43 009e D084D4B1 		.ascii	"\320\204\324\261\035\017\213~\201\223]\267\306\264\035"
  43      1D0F8B7E 
  43      81935DB7 
  43      C6B41D
  44 00ad 43365DC5 		.ascii	"C6]\305\376U_\247\235y\330\021\000y\372\363\205C\270"
  44      FE555FA7 
  44      9D79D811 
  44      0079FAF3 
  44      8543B8
ARM GAS  /tmp/ccVxh0RF.s 			page 3


  45 00c0 03286DF1 		.ascii	"\003(m\361\364z_\225!\3358~@\274\000\014\277\232>5 "
  45      F47A5F95 
  45      21DD387E 
  45      40BC000C 
  45      BF9A3E35 
  46 00d5 7A852310 		.ascii	"z\205#\020%\015\357~}l\251\232\207\032\206hx\253g\346"
  46      250DEF7E 
  46      7D6CA99A 
  46      871A8668 
  46      78AB67E6 
  47 00e9 824FEC42 		.ascii	"\202O\354B\256P<qv\001\353\337\265\355\016\273X\236"
  47      AE503C71 
  47      7601EBDF 
  47      B5ED0EBB 
  47      589E
  48 00fb 7D72FE44 		.ascii	"}r\376D\247}\344\242\337\021\002?BAe\361C\334\206'q"
  48      A77DE4A2 
  48      DF11023F 
  48      424165F1 
  48      43DC8627 
  49 0110 9B4BFB31 		.ascii	"\233K\3731\326\023\346\265\327\327Vk\030\363\206j.\227"
  49      D613E6B5 
  49      D7D7566B 
  49      18F3866A 
  49      2E97
  50 0122 CA5CB625 		.ascii	"\312\\\266%A\340\037\371\303*?{\245t\274F\304\025\337"
  50      41E01FF9 
  50      C32A3F7B 
  50      A574BC46 
  50      C415DF
  51 0135 6FEBD7B3 		.ascii	"o\353\327\263A\217\357\236S\373f\312VX\211\237lA7\202"
  51      418FEF9E 
  51      53FB66CA 
  51      5658899F 
  51      6C413782 
  52 0149 F523DFA2 		.ascii	"\365#\337\242m\257\227\273l\373\307\307j\203\250Z\320"
  52      6DAF97BB 
  52      6CFBC7C7 
  52      6A83A85A 
  52      D0
  53 015a D48C5077 		.ascii	"\324\214Pw\011\216\320u\272\031\000YR\201\345\314\322"
  53      098ED075 
  53      BA190059 
  53      5281E5CC 
  53      D2
  54 016b 809EA247 		.ascii	"\200\236\242Gh\352\371+\036Z\234H\225\203\233\2021R"
  54      68EAF92B 
  54      1E5A9C48 
  54      95839B82 
  54      3152
  55 017d E9059B2A 		.ascii	"\351\005\233*\246]\261\007\002\317\002\236B#/\360\001"
  55      A65DB107 
  55      02CF029E 
  55      42232FF0 
  55      01
  56 018e 859916F0 		.ascii	"\205\231\026\3604\003p\224\356\244\363\2534\233\353"
  56      34037094 
ARM GAS  /tmp/ccVxh0RF.s 			page 4


  56      EEA4F3AB 
  56      349BEB
  57 019d CD39B22E 		.ascii	"\3159\262.\215\216}4\344\010\037\003\326\0263K\025R"
  57      8D8E7D34 
  57      E4081F03 
  57      D616334B 
  57      1552
  58 01af A3BC3358 		.ascii	"\243\2743X\247\312\317.\236\0317(\202\237\242,PU\300"
  58      A7CACF2E 
  58      9E193728 
  58      829FA22C 
  58      5055C0
  59 01c2 B328E126 		.ascii	"\263(\341&v\334\340\246\270\034W\347\031\216\365\364"
  59      76DCE0A6 
  59      B81C57E7 
  59      198EF5F4 
  60 01d2 CED432BF 		.ascii	"\316\3242\277b\204_\260c\245\353\244\340@Ah^NH\315\217"
  60      62845FB0 
  60      63A5EBA4 
  60      E0404168 
  60      5E4E48CD 
  61 01e7 3046A38C 		.ascii	"0F\243\214\324@\347\360\374^7EP\210(\347\177\232\316"
  61      D440E7F0 
  61      FC5E3745 
  61      508828E7 
  61      7F9ACE
  62 01fa E9AEFF37 		.ascii	"\351\256\3777\312\345r\015~F\222\376\025)\270\366\352"
  62      CAE5720D 
  62      7E4692FE 
  62      1529B8F6 
  62      EA
  63 020b CF854C80 		.ascii	"\317\205L\200c\204)\015\255\364U0F\272\030\012}7w\365"
  63      6384290D 
  63      ADF45530 
  63      46BA180A 
  63      7D3777F5 
  64 021f AB4A070B 		.ascii	"\253J\007\013\350\010?\025\306\317\331\030\212\337~"
  64      E8083F15 
  64      C6CFD918 
  64      8ADF7E
  65 022e 67F46DC3 		.ascii	"g\364m\303\034f\301\006\3679\242\002\277@\007\217\252"
  65      1C66C106 
  65      F739A202 
  65      BF40078F 
  65      AA
  66 023f BD896368 		.ascii	"\275\211ch\362\006\274y\177N\025\013\220}\264\275\307"
  66      F206BC79 
  66      7F4E150B 
  66      907DB4BD 
  66      C7
  67 0250 09A9D672 		.ascii	"\011\251\326r\376\373\207\334N%\267\260\321\022!.-\227"
  67      FEFB87DC 
  67      4E25B7B0 
  67      D112212E 
  67      2D97
  68 0262 0A7ED18D 		.ascii	"\012~\321\215J\365\345\322\335\251Jo\227,8\301\274]"
  68      4AF5E5D2 
ARM GAS  /tmp/ccVxh0RF.s 			page 5


  68      DDA94A6F 
  68      972C38C1 
  68      BC5D
  69 0274 4C87784F 		.ascii	"L\207xO\236\333b\223|\311\253\221\240L\236\352\253\372"
  69      9EDB6293 
  69      7CC9AB91 
  69      A04C9EEA 
  69      ABFA
  70 0286 BB9F0B01 		.ascii	"\273\237\013\001\235S<O\265\007O\015\236W~^P\307\006"
  70      9D533C4F 
  70      B5074F0D 
  70      9E577E5E 
  70      50C706
  71 0299 FA91A68E 		.ascii	"\372\221\246\216;\243\277\007\352\336\363\014\255\344"
  71      3BA3BF07 
  71      EADEF30C 
  71      ADE4
  72 02a7 ECE1A573 		.ascii	"\354\341\245s\266_\031:\341\031z\375\330\370[\0016\264"
  72      B65F193A 
  72      E1197AFD 
  72      D8F85B01 
  72      36B4
  73 02b9 C8864A9A 		.ascii	"\310\206J\232\271\350\032\352\312\313l\260\214\251\301"
  73      B9E81AEA 
  73      CACB6CB0 
  73      8CA9C1
  74 02c8 89BE47DC 		.ascii	"\211\276G\334\265\352\004\032\033\273}\315\327\276f"
  74      B5EA041A 
  74      1BBB7DCD 
  74      D7BE66
  75 02d7 D3D90AE6 		.ascii	"\323\331\012\346i\351\200\223\330N\373\266\012J\230"
  75      69E98093 
  75      D84EFBB6 
  75      0A4A98
  76 02e6 BE36358D 		.ascii	"\27665\215\233\251\271\314\344\234\217\305\243\276p"
  76      9BA9B9CC 
  76      E49C8FC5 
  76      A3BE70
  77 02f5 CA5B670F 		.ascii	"\312[g\017a\272\267\013\022\361~W\341\207A\364d\373"
  77      61BAB70B 
  77      12F17E57 
  77      E18741F4 
  77      64FB
  78 0307 2F16B5B2 		.ascii	"/\026\265\262E\323\312\"^(\316(\2136\032\352\246\214"
  78      45D3CA22 
  78      5E28CE28 
  78      8B361AEA 
  78      A68C
  79 0319 158257E7 		.ascii	"\025\202W\347\325Rf\251+f\223\177\262\335\371\037l\227"
  79      D55266A9 
  79      2B66937F 
  79      B2DDF91F 
  79      6C97
  80 032b 36D92EFF 		.ascii	"6\331.\377\033\033}9\361\212\307\246\253\203z\0075\367"
  80      1B1B7D39 
  80      F18AC7A6 
  80      AB837A07 
ARM GAS  /tmp/ccVxh0RF.s 			page 6


  80      35F7
  81 033d FB962528 		.ascii	"\373\226%(\005h\364hC\203\351\376\242\011\323\212\266"
  81      0568F468 
  81      4383E9FE 
  81      A209D38A 
  81      B6
  82 034e B4445BCD 		.ascii	"\264D[\315X4\236L\230O7\205\033\303m\246\265\337\212"
  82      58349E4C 
  82      984F3785 
  82      1BC36DA6 
  82      B5DF8A
  83 0361 C69BF7BC 		.ascii	"\306\233\367\274\362xK\203\005F\2749q\360@\362\211-"
  83      F2784B83 
  83      0546BC39 
  83      71F040F2 
  83      892D
  84 0373 40CD6D49 		.ascii	"@\315mI\206\230\215\341\310\356\210\331H\030sw\253u"
  84      86988DE1 
  84      C8EE88D9 
  84      48187377 
  84      AB75
  85 0385 E0E0DE66 		.ascii	"\340\340\336f\323jI\274\224\330\363\242e5\354\007i%"
  85      D36A49BC 
  85      94D8F3A2 
  85      6535EC07 
  85      6925
  86 0397 DB62C170 		.ascii	"\333b\301pS$T\277kg(\226\210\201x*\016\325\311h\354"
  86      532454BF 
  86      6B672896 
  86      8881782A 
  86      0ED5C968 
  87 03ac B97DCFC7 		.ascii	"\271}\317\307\243V$\371\202\365r0\034i\342\271\235\224"
  87      A35624F9 
  87      82F57230 
  87      1C69E2B9 
  87      9D94
  88 03be 045A1CFE 		.ascii	"\004Z\034\376\000\006B\320\271"
  88      000642D0 
  88      B9
  89              		.text
  90              		.section	.gnu.lto_SVC_Handler.b30ab9d95aaf8221,"",%progbits
  91 0000 789C9593 		.ascii	"x\234\225\223\373o\014Q\024\307\317\231;;\273\332\365"
  91      FB6F0C51 
  91      14C7CF99 
  91      3B3BBBDA 
  91      F5
  92 0011 88DF4423 		.ascii	"\210\337D#\333H\023\022:~\021B\374 \375\205\0376\244"
  92      DB481312 
  92      3A7E1142 
  92      FC20FD85 
  92      1F36A4
  93 0024 FB070863 		.ascii	"\373\007\010ci\303\332\315\354\226\372\311\330m\225"
  93      69C3DACD 
  93      EC96FAC9 
  93      D86D95
  94 0033 5610F419 		.ascii	"V\020\364\031\233\0214]\252\364\341YlW\253\255G\020"
  94      9B11345D 
ARM GAS  /tmp/ccVxh0RF.s 			page 7


  94      AAF4E159 
  94      6C57ABAD 
  94      4710
  95 0045 CF9F10B6 		.ascii	"\317\237\020\266-Q\321\3043\022\264\356\2713\244\332"
  95      2D51D1C4 
  95      3312B4EE 
  95      B933A4DA 
  96 0055 2662B233 		.ascii	"&b\2623\263\367\236\357\371\236{>w\256\003$\330 \003"
  96      B3F79EEF 
  96      F99E7B3E 
  96      77AE0324 
  96      D82003
  97 0068 7C018099 		.ascii	"|\001\200\231\374F\006(\035\270\007\260\323%!\322\037"
  97      FC460628 
  97      1DB807B0 
  97      D32521D2 
  97      1F
  98 0079 C385B043 		.ascii	"\303\205\260C\302\035\270\237U3\354,{}Y\232\333`\360"
  98      C21DB89F 
  98      5533EC2C 
  98      7B7D599A 
  98      DB60F0
  99 008c 2B55FD63 		.ascii	"+U\375c\206\221H\241\311\000j\371M\0276\340\\\340\262"
  99      869148A1 
  99      C9006AF9 
  99      4D1736E0 
  99      5CE0B2
 100 009f 0725CD47 		.ascii	"\007%\315G\330>f2D\231\017?\334\255\353\233BC\011=|"
 100      D83E6632 
 100      44990F3F 
 100      DCADEB9B 
 100      4243093D 
 101 00b4 587EABFF 		.ascii	"X~\253\377\330T\266\000I94\374\254\334\235s\3340\242"
 101      D854B600 
 101      493934FC 
 101      ACDC9D73 
 101      DC30A2
 102 00c7 46AAA766 		.ascii	"F\252\247f\326\301\230q\323\220M\306\360\0242\356\212"
 102      D6C19871 
 102      D3904DC6 
 102      F01432EE 
 102      8A
 103 00d8 27310B13 		.ascii	"'1\013\023\230%\334\271<\3352\\9Y\221\261\021s\254\242"
 103      9825DCB9 
 103      3CDD325C 
 103      395991B1 
 103      1173ACA2 
 104 00ec 781A1504 		.ascii	"x\032\025\004\220h\206\307_Wt'\235l\241\260N\325\237"
 104      906886C7 
 104      5F577427 
 104      9D6CA1B0 
 104      4ED59F
 105 00ff 7F8AB6F5 		.ascii	"\177\212\266\365\233\336\245\217\352w\031\007\256\273"
 105      9BDEA58F 
 105      EA771907 
 105      AEBB
 106 010d 4C2663D3 		.ascii	"L&c\323xo<\2039g\037b\312\030\036)\343\255e\225\365"
ARM GAS  /tmp/ccVxh0RF.s 			page 8


 106      786F3C83 
 106      39671F62 
 106      CA181E29 
 106      E3AD6595 
 107 0122 BEA8939C 		.ascii	"\276\250\223\234\022\220/\023O\031L\346p\010!@9\257"
 107      12902F13 
 107      4F194CE6 
 107      70082140 
 107      39AF
 108 0134 4D742A98 		.ascii	"Mt*\230Do6\210;\323\237b#\356?K,\261\0205++\304\022"
 108      446F3688 
 108      3BD39F62 
 108      23EE3F4B 
 108      2CB11035 
 109 014c 6B198E5E 		.ascii	"k\031\216^>y\340YTx\335f\376\344\015l\343\321\252}U"
 109      3E79E059 
 109      5478DD66 
 109      FEE40D6C 
 109      E3D1AA7D 
 110 0161 A69C5D82 		.ascii	"\246\234]\202\246Q\3431\231B\011?\323\245}\223d\211"
 110      A651E331 
 110      9942093F 
 110      D3A57D93 
 110      6489
 111 0173 EB5A305B 		.ascii	"\353Z0[\020\350I\267\265+|\006[Q\2163\007\217\264\241"
 111      10E849B7 
 111      B52B7C06 
 111      5B518E33 
 111      078FB4A1 
 112 0187 0C03187D 		.ascii	"\014\003\030}I\365\311\216\334)Bs\0255\261\351\002\221"
 112      49F5C98E 
 112      DC294273 
 112      1535B1E9 
 112      0291
 113 0199 58F55B8C 		.ascii	"X\365[\214~,\333\303h\"\316$[\343\021\361F\312\221\270"
 113      7E2CDBC3 
 113      6822CE24 
 113      5BE311F1 
 113      46CA91B8 
 114 01ad 227664D7 		.ascii	"\"vd\327\335\266,K\302\370\324\350\355C\364\3409\016"
 114      DDB62C4B 
 114      C2F8D4E8 
 114      ED43F4E0 
 114      390E
 115 01bf ECEF2C66 		.ascii	"\354\357,f\371\376ls[Y2M\375\226\360\364\336w\375q\027"
 115      F9FE6C73 
 115      5B59324D 
 115      FD96F0F4 
 115      DE77FD71 
 116 01d4 DB8D82C0 		.ascii	"\333\215\202\300\273\376\017]\231\366\246|\335Xk\244"
 116      BBFE0F5D 
 116      99F6A67C 
 116      DD586BA4 
 117 01e4 4A3CB423 		.ascii	"J<\264#\347'\330\221\013d.\203@\333U9y\014\332CI\205"
 117      E727D891 
 117      0B642E83 
 117      40DB5539 
ARM GAS  /tmp/ccVxh0RF.s 			page 9


 117      790CDA43 
 118 01fa 14365D69 		.ascii	"\0246]i\024]\300\213\202\354%\361e@5\362\3201\263\365"
 118      145DC08B 
 118      82EC25F1 
 118      654035F2 
 118      D031B3F5 
 119 020e 5B46F609 		.ascii	"[F\366\011\033\255\223\324M}W\014\227@{\331F\373\254"
 119      1BAD93D4 
 119      4D7D570C 
 119      97407BD9 
 119      46FBAC
 120 0221 AEFD7006 		.ascii	"\256\375p\006\241m'\264\374T\340\025\013\255\325,U\343"
 120      A16D27B4 
 120      FC54E015 
 120      0BADD52C 
 120      55E3
 121 0233 2351AAFE 		.ascii	"#Q\252\376\366\303\216L\326`\365\364\271\246%1\311\356"
 121      F6C38E4C 
 121      D660F5F4 
 121      B9A62531 
 121      C9EE
 122 0245 69A4694E 		.ascii	"i\244iN<vg\257q4:\215\372\272:A_\327\304\227ZU\332y"
 122      3C7667AF 
 122      71343A8D 
 122      FABA3A41 
 122      5FD7C497 
 123 025d DF495065 		.ascii	"\337IPe\004L\362\330 F\323\237\216\177\037\327\347c"
 123      044CF2D8 
 123      2046D39F 
 123      8E7F1FD7 
 123      E763
 124 026f C5EE91C1 		.ascii	"\305\356\221\301\230\320\367\246\305\011n\336AAylp0"
 124      98D0F7A6 
 124      C5096EDE 
 124      4141796C 
 124      7030
 125 0281 CEA81260 		.ascii	"\316\250\022`\212\302\216\277\370\\\027|:\211\017\302"
 125      8AC28EBF 
 125      F85C177C 
 125      3A890FC2 
 126 0291 F37FF2E9 		.ascii	"\363\177\362\351\262\371\014\233\257\222\231\304\347"
 126      B2F90C9B 
 126      AF9299C4 
 126      E7
 127 029e 06CA62C9 		.ascii	"\006\312b\311\200\335\342|'\222]\003\356\354!;\333E"
 127      80DDE27C 
 127      27925D03 
 127      EEEC213B 
 127      DB45
 128 02b0 DA8F675A 		.ascii	"\332\217gZ\237d\212\354\036\312\306^\233\244h\037\340"
 128      9F648AEC 
 128      1ECAC65E 
 128      9BA4681F 
 128      E0
 129 02c1 3D7D9B8D 		.ascii	"=}\233\215\263\2511\001\245\234\237\017~\216\270~~n"
 129      B3A93101 
 129      A59C9F0F 
ARM GAS  /tmp/ccVxh0RF.s 			page 10


 129      7E8EB87E 
 129      7E6E
 130 02d3 AE6AFD82 		.ascii	"\256j\375\202aU\013\006\002\301-j(\250G\302\352\362"
 130      61550B06 
 130      02C12D6A 
 130      28A847C2 
 130      EAF2
 131 02e5 7C6F9EB7 		.ascii	"|o\236\267X\325\012\264\240\356_\263uQ W\003Y\213\024"
 131      58D50AB4 
 131      A0EE5FB3 
 131      75512057 
 131      03598B14 
 132 02f9 8714DD1F 		.ascii	"\207\024\335\037.\332\034Y2A\246\2778Byj\236\327\267"
 132      2EDA1C59 
 132      3241A6BF 
 132      3842796A 
 132      9ED7B7
 133 030c D2A7E6F1 		.ascii	"\322\247\346\361Du\345\026ms\321z\277\252\005\302\205"
 133      4475E516 
 133      6D73D17A 
 133      BFAA05C2 
 133      85
 134 031d E1351B35 		.ascii	"\3415\0335-\267\000\334\336|\237'g\301<O(\034\002\266"
 134      2DB700DC 
 134      DE7C9F27 
 134      67C13C4F 
 134      281C02B6 
 135 0331 4C872991 		.ascii	"L\207)\221`h\325\206\325zP\363E\326j\233\334^_>\305"
 135      6068D586 
 135      D57A50F3 
 135      45D66A9B 
 135      DC5E5F3E 
 136 0346 E6711148 		.ascii	"\346q\021H:8\327\255\015\373W\353\205\377\263\330\002"
 136      3A38D7AD 
 136      0DFB57EB 
 136      85FFB3D8 
 136      02
 137 0357 98462E94 		.ascii	"\230F.\224\031\322\013\205\2233\340\017\004\365\355"
 137      19D20B85 
 137      9333E00F 
 137      04F5ED
 138 0366 F00B0011 		.ascii	"\360\013\000\021\251`"
 138      A960
 139              		.text
 140              		.section	.gnu.lto__port_irq_epilogue.b30ab9d95aaf8221,"",%progbits
 141 0000 789C9553 		.ascii	"x\234\225S[KTQ\024^\353\354sfFG\305'\251\360a$|0\312"
 141      5B4B5451 
 141      145EEBEC 
 141      73664647 
 141      C527A9F0 
 142 0019 E3432404 		.ascii	"\343C$\004\005\341\223\304@\350\017\220\232\206\024"
 142      05E193C4 
 142      40E80F90 
 142      9A8614
 143 0028 1A47662C 		.ascii	"\032Gf,\354\311=^\241\240\2422/%\207\224\360R^\323j"
 143      ECC93D5E 
 143      A1A0A232 
ARM GAS  /tmp/ccVxh0RF.s 			page 11


 143      2F258794 
 143      F0525ED3 
 144 003d 74D4490B 		.ascii	"t\324I\013#\272\220\030H>\224\267\3022\250\350\241\300"
 144      23BA9018 
 144      483E94B7 
 144      C232A8E8 
 144      A1C0
 145 004f B4B5CE8C 		.ascii	"\264\265\316\214b\032E\233sf\237\275\326\267\366\267"
 145      621A459B 
 145      73669FBD 
 145      D6B7F6B7 
 146 005f 2EDF68A0 		.ascii	".\337h\240\300[\001\020\002\200\003\364\242\005P\271"
 146      C05B0110 
 146      028003F4 
 146      A20550B9 
 147 006f F81C2060 		.ascii	"\370\034 `S\0241\231\0042V\015e\202\214\023\250\261"
 147      53143199 
 147      0432560D 
 147      65828C13 
 147      A8B1
 148 0081 19D5C81E 		.ascii	"\031\325\310\036\260i\210\374!m\010\245\212P5,\305\013"
 148      B06988FC 
 148      216D08A5 
 148      8A50352C 
 148      C50B
 149 0093 A256E068 		.ascii	"\242V\340h\365\273\240\222\326\"i\205k\277Y\253d\345"
 149      F5BBA092 
 149      D6226985 
 149      6BBF59AB 
 149      64E5
 150 00a5 368308EA 		.ascii	"6\203\010\352\351\345\205-\230\006\004\233\355Y\251"
 150      E9E5852D 
 150      9806049B 
 150      ED59A9
 151 00b4 89B7A811 		.ascii	"\211\267\250\021;\266\242\005i\357\232\300\260\\Y\255"
 151      3BB6A205 
 151      69EF9AC0 
 151      B05C59AD 
 152 00c4 96E1E566 		.ascii	"\226\341\345fl<l\023`\010T\371\007\340,\001\231\360"
 152      6C3C6C13 
 152      600854F9 
 152      07E02C01 
 152      99F0
 153 00d6 9C507817 		.ascii	"\234Px\027\013\250\360=/+\272\257\213\363\302\020\012"
 153      0BA8F03D 
 153      2F2BBAAF 
 153      8BF3C210 
 153      0A
 154 00e7 AA74FCF2 		.ascii	"\252t\374\362\254a.\201\217\002\035t\274\371db\304."
 154      AC612E81 
 154      8F021D74 
 154      BCF96462 
 154      C42E
 155 00f9 329091DF 		.ascii	"2\220\221\337\352zZcR\233\245,\223\341\361\361]\365"
 155      EA7A5A63 
 155      529BA52C 
 155      93E1F1F1 
ARM GAS  /tmp/ccVxh0RF.s 			page 12


 155      5DF5
 156 010b 53F3525E 		.ascii	"S\363R^\222h\010\025o\241\240<\260\035\223\261\015\223"
 156      92680815 
 156      6FA1A03C 
 156      B01D93B1 
 156      0D93
 157 011d 2379DEC6 		.ascii	"#y\336\306T\012\252^\224C*\337\247\242\003;\310\367"
 157      540AAA5E 
 157      94432ADF 
 157      A7A2033B 
 157      C8F7
 158 012f 01CB6607 		.ascii	"\001\313f\007\317\367\275\301\365\032*\314R/\177\267"
 158      CFF7BDC1 
 158      F51A2ACC 
 158      522F7FB7 
 159 013f 9A65D40B 		.ascii	"\232e\324\013\204M\256\261\367\007\267\003v\262O\331"
 159      844DAEB1 
 159      F707B703 
 159      76B24FD9 
 160 014f EC9BB826 		.ascii	"\354\233\270&\230\011\260\213\335bcg\260\233\206\001"
 160      9809B08B 
 160      DD626367 
 160      B09B8601 
 161 015f D8C3AD41 		.ascii	"\330\303\255A\270\301\204MF\357\367\330\224^4d\235\303"
 161      B8C1844D 
 161      46EFF7D8 
 161      945E3464 
 161      9DC3
 162 0171 101AA33B 		.ascii	"\020\032\243;\346\006\245MU\010\330\213)\300\226\317"
 162      E606A54D 
 162      5508D88B 
 162      29C096CF 
 163 0181 4B93D30A 		.ascii	"K\223\323\012Y\360\016\015\213S\006\3543{\323:<\266"
 163      59F00E0D 
 163      8B5306EC 
 163      337BD33A 
 163      3CB6
 164 0193 1097D21F 		.ascii	"\020\227\322\037\215\2660\366kg\357+\273\031\335\317"
 164      8DB630F6 
 164      6B67EF2B 
 164      BB19DDCF 
 165 01a3 D17897BA 		.ascii	"\321x\227\272\275\200e\016\263|\200E\034\035\370\321"
 165      BD80650E 
 165      B37C8045 
 165      1C1DF8D1 
 166 01b3 B43A855C 		.ascii	"\264:\205\\Y\243\340\361^\255\034}a\345\206X\315:\003"
 166      59A3E0F1 
 166      5EAD1C7D 
 166      61E58658 
 166      CD3A03
 167 01c6 C1D0152D 		.ascii	"\301\320\025-r\224\257\313e\002O\244\256l\306f`c\200"
 167      7294AFCB 
 167      65024FA4 
 167      AE6CC666 
 167      606380
 168 01d9 EA231E1B 		.ascii	"\352#\036\033\336\247\266\336\343<\310\271T\363\270"
 168      DEA7B6DE 
ARM GAS  /tmp/ccVxh0RF.s 			page 13


 168      E33CC8B9 
 168      54F3B8
 169 01e8 3D56EF90 		.ascii	"=V\357\220\025\001\366\305`\020\015\2543\245\201\003"
 169      1501F6C5 
 169      60100DAC 
 169      33A58103 
 170 01f8 A81361F9 		.ascii	"\250\023a\371rU\233\026\241S#\214\237\236.4\231#@\224"
 170      72559B16 
 170      A153238C 
 170      9F9E2E34 
 170      99234094 
 171 020c 89384817 		.ascii	"\2118H\027\315c\305\364\330\336(\210\020]K\301\037\361"
 171      CD63C5F4 
 171      D8DE2888 
 171      105D4BC1 
 171      1FF1
 172 021e 11046028 		.ascii	"\021\004`(:\300s\324\315\311$\361\021\005\003\231;\030"
 172      3AC073D4 
 172      CDC924F1 
 172      11050399 
 172      3B18
 173 0230 5C9AB696 		.ascii	"\\\232\266\226\376\2246C\304\326\013\225(\207\260\224"
 173      FE943643 
 173      C4D60B95 
 173      2887B094 
 174 0240 C46537D1 		.ascii	"\304e7\321*\2042\327D\365\273T\366\375K*\303\246T\326"
 174      2A8432D7 
 174      44F5BB54 
 174      F6FD4B2A 
 174      C3A654D6 
 175 0254 3BA35216 		.ascii	";\243R\026#\177\223J\203=*\025m\213T\306w\356\000\014"
 175      237F934A 
 175      833D2A15 
 175      6D8B54C6 
 175      77EE000C 
 176 0268 B3CFB2D9 		.ascii	"\263\317\262\331\367\241Q0\023\340\203\255R\0315\245"
 176      F7A15130 
 176      13E083AD 
 176      521935A5 
 177 0278 32B6412A 		.ascii	"2\266A*+\306\314\260}M\005#\246\012\036\232*\330<\362"
 177      2BC6CCB0 
 177      7D4D0523 
 177      A60A1E9A 
 177      2AD83CF2 
 178 028c 47EB23E7 		.ascii	"G\353#\347\313\315Vh\346\037\354\023\365\302\\gI\322"
 178      CBCD5668 
 178      E61FEC13 
 178      F5C25C67 
 178      49D2
 179 029e 64A0D39E 		.ascii	"d\240\323\236\364t=\362x\375\272\313\353\361x\013\365"
 179      F4743DF2 
 179      78FDBACB 
 179      EBF1780B 
 179      F5
 180 02af 22AFAFD8 		.ascii	"\"\257\257\330\257\037\312qf9KtW\276\313\353s\347\235"
 180      AF1FCA71 
 180      66394B74 
ARM GAS  /tmp/ccVxh0RF.s 			page 14


 180      57BECBEB 
 180      73E79D
 181 02c2 CEF4A4BB 		.ascii	"\316\364\244\273\300z\354\250\337}\304W\360?Q\371\260"
 181      C07AECA8 
 181      DF7DC457 
 181      F03F51F9 
 181      B0
 182 02d3 FF0F6877 		.ascii	"\377\017hwI1c\365,gnv\256\236E`=\273\320u\362\324q\267"
 182      493163F5 
 182      2C676E76 
 182      AE9E4560 
 182      3DBBD075 
 183 02eb EEF2F80B 		.ascii	"\356\362\370\013\374y'\\.\012Mt\346\3468\230\264\310"
 183      FC79275C 
 183      2E0A4D74 
 183      E6E63898 
 183      B4C8
 184 02fd 57B0DB91 		.ascii	"W\260\333\221\232\001\212\017\254\036\267\307\353;\003"
 184      9A018A0F 
 184      AC1EB7C7 
 184      EB3B03
 185 030c BF004125 		.ascii	"\277\000A%w5"
 185      7735
 186              		.text
 187              		.section	.gnu.lto_.symbol_nodes.b30ab9d95aaf8221,"",%progbits
 188 0000 789C6365 		.ascii	"x\234ce`b\250a\000\002\2465L\365\014\014\023\31610\324"
 188      6062A861 
 188      0002A635 
 188      4CF50C0C 
 188      13CE3130 
 189 0015 3330EE6C 		.ascii	"30\356l9\330\340\300\300\300\270\214\251\236\021,\306"
 189      39D8E0C0 
 189      C0C0B88C 
 189      A99E112C 
 189      C6
 190 0026 C0D0B000 		.ascii	"\300\320\260\000$\260\234\251\236\011Y\200i1S=3T\027"
 190      24B09CA9 
 190      9E095980 
 190      6931533D 
 190      335417
 191 0039 C3AE0647 		.ascii	"\303\256\006G\240\310\022\246z\026\024\021\306\245L"
 191      A0C812A6 
 191      7A161411 
 191      C6A54C
 192 0048 F5AC304D 		.ascii	"\365\2540M c\231\031X\031\226\264\277\221gfa`x\264R"
 192      20639919 
 192      581996B4 
 192      BF916766 
 192      616078B4 
 193 005d 8D0100CF 		.ascii	"\215\001\000\317c\036\343"
 193      631EE3
 194              		.text
 195              		.section	.gnu.lto_.refs.b30ab9d95aaf8221,"",%progbits
 196 0000 789C6365 		.ascii	"x\234ce`b\340d`\000\222L\214\374LL\002\014\000\001\230"
 196      6062E064 
 196      6000924C 
 196      8CFC4C4C 
ARM GAS  /tmp/ccVxh0RF.s 			page 15


 196      020C0001 
 197 0015 0039     		.ascii	"\0009"
 198              		.text
 199              		.section	.gnu.lto_.decls.b30ab9d95aaf8221,"",%progbits
 200 0000 789CDD59 		.ascii	"x\234\335Y{LTY\232\257S\247\212g\001\006\335\331\236"
 200      7B4C5459 
 200      9AAF53A7 
 200      8A670106 
 200      DDD99E
 201 0013 8E49BBC6 		.ascii	"\216I\273\306Df\023\005\355\336\351\336Mg\"\226\272"
 201      44661305 
 201      EDDEE9DE 
 201      4D672296 
 201      BA
 202 0024 92B43B06 		.ascii	"\222\264;\006\324\231\177&\025\032\031a[\300\006\334"
 202      D4997F26 
 202      151A1961 
 202      5BC006DC 
 203 0034 69A75F85 		.ascii	"i\247_\205<Dl\005\024\204BP\024\025\020\020\344\351"
 203      3C446C05 
 203      14844250 
 203      14151010 
 203      E4E9
 204 0046 0B444440 		.ascii	"\013DD@\024P\020\025\344-\002\242(\024*\017\021\366"
 204      14501015 
 204      E42D02A2 
 204      28142A0F 
 204      11F6
 205 0058 3B8FCBBD 		.ascii	";\217\313\275u)LO\262\177\355M}\367\336\357\334\337"
 205      75294C4F 
 205      B27FED4D 
 205      7DF7DEEF 
 205      DCDF
 206 006a F9DEE7DC 		.ascii	"\371\336\347\334sO\251\025J\305\350R\205\"Q\245P\204"
 206      734FA915 
 206      4AC5E852 
 206      852251A5 
 206      5084
 207 007c 21856206 		.ascii	"!\205b\006\016\270U\344(\304\303\002\350<\320\005\240"
 207      0EB855E4 
 207      28C4C302 
 207      E83CD005 
 207      A0
 208 008d 02A022A0 		.ascii	"\002\240\"\240\022\240k\212\271\307_@\206\003\\\267"
 208      12A06B8A 
 208      B9C75F40 
 208      86035CB7 
 209 009d 0139022D 		.ascii	"\0019\002-\002\252\001z\012\264\034\350*\320K\240\036"
 209      02AA017A 
 209      0AB41CE8 
 209      2AD04BA0 
 209      1E
 210 00ae A03AA0AD 		.ascii	"\240:\240\255@\303@#@e@F %\320c\240.\211\3561\240)\256"
 210      40C34023 
 210      40654046 
 210      2025D063 
 210      A02E89EE 
ARM GAS  /tmp/ccVxh0RF.s 			page 16


 211 00c6 53B0437E 		.ascii	"S\260C~|\003\272\255e\272\237r\375\313\271^\242\013"
 211      7C03BAAD 
 211      65BA9F72 
 211      FDCBB95E 
 211      A20B
 212 00d8 21D1AF22 		.ascii	"!\321\257\"\211l\014\355j +4Wv\000\264i\270\354\345"
 212      896C0CED 
 212      6A202B34 
 212      577600B4 
 212      69B8ECE5 
 213 00ec 32DF0499 		.ascii	"2\337\004\231\227\200J\210\377@\227\021\213!\021\025"
 213      97804A88 
 213      FF409711 
 213      8B211115 
 214 00fc 01274B1E 		.ascii	"\001'K\036\263\253p_\306u\234\227\350\224\037\011\030"
 214      B3AB705F 
 214      C6759C97 
 214      E8941F09 
 214      18
 215 010d 151FAC2C 		.ascii	"\025\037\254,Uv\2406\004\361@\013h+\263\034\301\205"
 215      5576A036 
 215      04F1400B 
 215      682BB31C 
 215      C185
 216 011f 10656784 		.ascii	"\020eg\204\003!\332\016\255Jzf@\332\204\204\036\234"
 216      0321DA0E 
 216      AD4A7A66 
 216      40DA8484 
 216      1E9C
 217 0131 577256C9 		.ascii	"WrV\311E\322\037\357\214$\022\331c\246I8\230O\210\307"
 217      45D21FEF 
 217      8C2412D9 
 217      63A64938 
 217      984F88C7 
 218 0145 904A67BD 		.ascii	"\220Jg\275\221RT\200\220\264\203D 3\233?\237\265O!:"
 218      91525480 
 218      90B48344 
 218      20339B3F 
 218      9FB54F21 
 219 015a 8704EF47 		.ascii	"\207\004\357G\014w\372l:Q;iM]\203h\333\324\301\262b"
 219      0C77FA6C 
 219      3A513B69 
 219      4D5D8368 
 219      DBD4C1B2 
 220 016f 0D562272 		.ascii	"\015V\"r\3379\221\261ae\266\236\035V_\212a\27393V\356"
 220      DF3991B1 
 220      6165B69E 
 220      1D565F8A 
 220      61BB3933 
 221 0185 70082347 		.ascii	"p\010#G\033\244\004\266q\370N\212-\260\213l\320\002"
 221      1BA404B6 
 221      71F84E8A 
 221      2DB08B6C 
 221      D002
 222 0197 60C7439A 		.ascii	"`\307C\232\257\333|t\224\366\012\325/P\242m\277A\331"
 222      AFDB7C74 
 222      94F60AD5 
ARM GAS  /tmp/ccVxh0RF.s 			page 17


 222      2F50A26D 
 222      BF41D9
 223 01aa 6831CA42 		.ascii	"h1\312B\213Ay\016\372\010\316_\253\230\244\360\367Q"
 223      8B41790E 
 223      FA08CE5F 
 223      AB98A4F0 
 223      F751
 224 01bc FBEC96A6 		.ascii	"\373\354\226\246\352\313\273\364\345\257*\377\320\235"
 224      EACBBBF4 
 224      E5AF2AFF 
 224      D09D
 225 01ca 5FAE0F87 		.ascii	"_\256\017\207n\026\004\2062\021F\347\320Jb2\334\302"
 225      6E160486 
 225      321146E7 
 225      D04A6232 
 225      DCC2
 226 01dc 39037522 		.ascii	"9\003u\"\224\216:\300\241\363h)t\037\252\313\317w\300"
 226      948E3AC0 
 226      A1F36829 
 226      741FAACB 
 226      CF77C0
 227 01ef 1ED4DA0F 		.ascii	"\036\324\332\017\253\3153Q[\225\336\322d\015j\273\364"
 227      ABCD3351 
 227      5B95DED2 
 227      640D6ABB 
 227      F4
 228 0200 FAF28694 		.ascii	"\372\362\206\224\317\336\347\365\352#m(\010\345\212"
 228      CFDEE7F5 
 228      EA236D28 
 228      08E58A
 229 020f 4A738952 		.ascii	"Js\211Rrs\201*\353\356:c\264\305\011\210j;r|\364)\346"
 229      7273812A 
 229      EBEE3A63 
 229      B4C50988 
 229      6A3B727C 
 230 0226 128C3F1A 		.ascii	"\022\214?\032\364\025J\332;_\354\235/\364.\240\2753"
 230      F4154ADA 
 230      3B5FEC9D 
 230      2FF42EA0 
 230      BD33
 231 0238 6EBE3E83 		.ascii	"n\276>\203q\026\353=0\034\365;\350\234J\275\376\344"
 231      7116EB3D 
 231      301CF53B 
 231      E89C4ABD 
 231      FEE4
 232 024a 68A83E03 		.ascii	"h\250>\003\214^B%\024\212\022\012\345N\027QI\235\303"
 232      8C5E4225 
 232      148A120A 
 232      E54E1751 
 232      499DC3
 233 025d A3D5B6B8 		.ascii	"\243\325\266\270\204I:\\\236Va\305E5~b\320\227\357\325"
 233      84493A5C 
 233      9E5661C5 
 233      45357E62 
 233      D097EFD5 
 234 0271 EB43982D 		.ascii	"\353C\230-\305\242\244b\271\244\022*)5\361\3553\013"
 234      C5A2A462 
ARM GAS  /tmp/ccVxh0RF.s 			page 18


 234      B9A4122A 
 234      2935F1ED 
 234      330B
 235 0283 5CCB24D5 		.ascii	"\\\313$\325\335lJ\264\304\275\224Q\015\\3*!v\344g\355"
 235      DD6C4AB4 
 235      C4BD9451 
 235      0D5C332A 
 235      2176E467 
 236 0298 94A4B742 		.ascii	"\224\244\267BW\221\265\"I\037\251\327/\240\267\373\364"
 236      5791B522 
 236      491FA9D7 
 236      2FA0B7FB 
 236      F4
 237 02a9 FABDFAE1 		.ascii	"\372\275\372\341\2751\013@\326\247\213\221\313b\005"
 237      BD310B40 
 237      D6A78B91 
 237      CB6205
 238 02b8 2A454EF4 		.ascii	"*EN\364\221\002]\206nW \352g\205\322Q\220\007\350\022"
 238      91025D86 
 238      6E5720EA 
 238      6785D251 
 238      9007E812 
 239 02cc 0F084B41 		.ascii	"\017\010KAef\375a\2154]\004\"\346\253\314$_\211\303"
 239      6566FD61 
 239      8D345D04 
 239      22E6ABCC 
 239      245F89C3 
 240 02e0 77DB953C 		.ascii	"w\333\225<\332\017K\277\234\344\371\002\020\272(zyQ"
 240      DA0F4BBF 
 240      9CE4F902 
 240      10BA287A 
 240      7951
 241 02f2 88F835EA 		.ascii	"\210\3705\352]{Mf\026\206\262\\n\203\310\310p\200\246"
 241      5D7B4D66 
 241      1686B25C 
 241      6E83C8C8 
 241      7080A6
 242 0305 DC179726 		.ascii	"\334\027\227&\354X\023\021\333\030m<m\211\017\260j\277"
 242      EC581311 
 242      DB186D3C 
 242      6D890FB0 
 242      6ABF
 243 0317 1796978C 		.ascii	"\027\226\227\214YQ\253\310\340\250Kzb\317\212zI\002"
 243      5951ABC8 
 243      E0A84B7A 
 243      62CF8A7A 
 243      4902
 244 0329 561A6A1F 		.ascii	"V\032j\037V\250\220\223\015\365\251|\254\366\017\006"
 244      56A89093 
 244      0DF5A97C 
 244      ACF60F06 
 245 0339 23C95815 		.ascii	"#\311X\025\262A\025\242\005\313m\340\034Ib\023\023\252"
 245      B24115A2 
 245      05CB6DE0 
 245      1C496213 
 245      13AA
 246 034b B7DEA840 		.ascii	"\267\336\250@\225\340\320\015p\010\335\204\350\200V"
ARM GAS  /tmp/ccVxh0RF.s 			page 19


 246      95E0D00D 
 246      7008DD84 
 246      E88056
 247 035a 8243D7A1 		.ascii	"\202C\327\241\261\034\032AK\346\351\330S\026x\206Z\240"
 247      B11C1A41 
 247      4BE6E9D8 
 247      53167886 
 247      5AA0
 248 036c AC2A7BFC 		.ascii	"\254*{\374H\205l\234\314\012\270eF\0003\246\372\331"
 248      48856C9C 
 248      CC0AB865 
 248      460033A6 
 248      FAD9
 249 037e D22A1834 		.ascii	"\322*\0304JT\003\306T\213\306\200m\344\002\255\240\350"
 249      4A5403C6 
 249      548BC680 
 249      6DE402AD 
 249      A0E8
 250 0390 65D8D32E 		.ascii	"e\330\323.[\346\335G\300\206\024\245Ekp\037\246\236"
 250      5BE6DD47 
 250      C08614A5 
 250      456B701F 
 250      A69E
 251 03a2 9F681BC9 		.ascii	"\237h\033\311\261\304\317)\243\274\336|2\323\016i\234"
 251      B1C4CF29 
 251      A3BCDE7C 
 251      32D30E69 
 251      9C
 252 03b3 A2668D20 		.ascii	"\242f\215 \003i\326\214z0c\253\206\253`\372\373\247"
 252      0369D68C 
 252      7A3063AB 
 252      86AB60FA 
 252      FBA7
 253 03c5 3F4B2E23 		.ascii	"?K.#\301\250C\032tG\324\277U\303\222w4\341\334#k|\\"
 253      C1A8431A 
 253      7447D4BF 
 253      55C39277 
 253      34E1DC23 
 254 03dc C542CEE7 		.ascii	"\305B\316\347\012G6W<Onm\325\340\223\354YA\365H\265"
 254      0A473657 
 254      3C4F6E6D 
 254      D5E093EC 
 254      5941F548 
 255 03f1 35CE604C 		.ascii	"5\316`L\322\225\327\265j\006\264\002\266\345n\336\001"
 255      D295D7B5 
 255      6A06B402 
 255      B6E56EDE 
 255      01
 256 0402 7B9CCD9E 		.ascii	"{\234\315\236E\244\335\230\260\303\271\214\311\030\354"
 256      45A4DD98 
 256      B0C3B98C 
 256      C918EC
 257 0411 9CC2389F 		.ascii	"\234\3028\2371\357.\335\324[\341\"\306\244W\267T;\340"
 257      31EF2EDD 
 257      D45BE122 
 257      C6A457B7 
 257      543BE0
ARM GAS  /tmp/ccVxh0RF.s 			page 20


 258 0424 8B8C11F2 		.ascii	"\213\214\021\362\351H\363\211\316\017\\K\266a\351\325"
 258      E948F389 
 258      CE0F5C4B 
 258      B661E9D5 
 259 0434 C31C66D3 		.ascii	"\303\034f\323\326\320?\355\200\226\321\303i\341\262"
 259      D6D03FED 
 259      8096D1C3 
 259      69E1B2
 260 0443 65A788FB 		.ascii	"e\247\210\373078=j\354\325\353\017k\250s\267\301\271"
 260      3037383D 
 260      6AECD5EB 
 260      0F6BA873 
 260      B7C1B9
 261 0456 1EB4508C 		.ascii	"\036\264P\214F-\255\325JrV\260\036\025\177\2061\030"
 261      462DADD5 
 261      4A7256B0 
 261      1E157F86 
 261      3118
 262 0468 8629FC9E 		.ascii	"\206)\374\236\034~w\016|\360\217\"\274Y\016o\242\360"
 262      1C7E770E 
 262      7CF08F22 
 262      BC590E6F 
 262      A2F0
 263 047a 5522BA55 		.ascii	"U\"\272U\202~(G;\313\300F\011\370\276y\321RKj%\2067"
 263      827E2847 
 263      3BCBC046 
 263      09F8BE79 
 263      D1524B6A 
 264 0491 98F7930A 		.ascii	"\230\367\223\012g9\177\320\260 D\257G\004\245\340\371"
 264      67397FD0 
 264      B02044AF 
 264      4704A5E0 
 264      F9
 265 04a2 26472C79 		.ascii	"&G,y\030\243\327\257Q)P+tn!\235\037qi\000C\335P>\035"
 265      18A3D7AF 
 265      5129502B 
 265      746E219D 
 265      1F716900 
 266 04bb 6819EA05 		.ascii	"h\031\352\005j\007\352\004z\002\324\006\324\005\364"
 266      6A07EA04 
 266      7A02D406 
 266      D405F4
 267 04ca 182DA382 		.ascii	"\030-\243\202\230M\323\015\216\207C\3655.\324\250F\363"
 267      984DD30D 
 267      8E8743F5 
 267      352ED4A8 
 267      46F3
 268 04dc D19478DC 		.ascii	"\321\224x\334#\361\370\201\331\3600\207I\335%t>\304"
 268      23F1F881 
 268      D9F03087 
 268      49DD2574 
 268      3EC4
 269 04ee 1A498D4B 		.ascii	"\032I\215K\261\012\364\024i\350D\002W\000\227\214\244"
 269      B10AF414 
 269      69E84402 
 269      5700978C 
 269      A4
ARM GAS  /tmp/ccVxh0RF.s 			page 21


 270 04ff 44609B48 		.ascii	"D`\233H\352\033\005C\015\211\330>2\314@<\235\270\000"
 270      EA1B0543 
 270      0D89D83E 
 270      32CC403C 
 270      9DB800
 271 0512 5D61CC4B 		.ascii	"]a\314K\327\260B\303\222\201\267\210\015\274\346\361"
 271      D7B042C3 
 271      9281B788 
 271      0DBCE6F1 
 272 0522 D2490DAE 		.ascii	"\322I\015\256\2445\251\352J3>\267@N0\311\332\000I\246"
 272      A435A9EA 
 272      4A333EB7 
 272      404E30C9 
 272      DA0049A6 
 273 0536 CB173092 		.ascii	"\313\0270\222\237\211\323%\235x\207\177&\315lv\031>"
 273      9F89D325 
 273      9D78877F 
 273      26CD6C76 
 273      193E
 274 0548 A5C71FCD 		.ascii	"\245\307\037\315\316\274\203\020\324\027\324\212!\260"
 274      CEBC8310 
 274      D417D48A 
 274      21B0
 275 0556 EA399841 		.ascii	"\3529\230Afl\322\002\012c\306s\",\034cxb\226 *{\000"
 275      666CD202 
 275      0A63C673 
 275      222C1C63 
 275      78629620 
 276 056d 70FDD4FA 		.ascii	"p\375\324\372\227\310Q\360\2012\320#\252\270\251C5\257"
 276      97C851F0 
 276      8132D023 
 276      AAB8A943 
 276      35AF
 277 057f BBAF0477 		.ascii	"\273\257\004w]\250\267\277\014\335K\324\310\305\213"
 277      5DA8B7BF 
 277      0CDD4BD4 
 277      C8C58B
 278 058e D3F83015 		.ascii	"\323\3700\025\377\212\211\037\246\342\273\306\243g\034"
 278      FF8A891F 
 278      A6E2BBC6 
 278      A3671C
 279 059d A4A127B3 		.ascii	"\244\241'\263\270(\177\204\207~\204\206\276s\374a\207"
 279      B8287F84 
 279      877E8486 
 279      BE73FC61 
 279      87
 280 05ae 460ACE33 		.ascii	"F\012\3163\001\0339\330H\301\017\332\032\023\255\361"
 280      011B39D8 
 280      48C10FDA 
 280      1A13ADF1 
 281 05be 2D36DECF 		.ascii	"-6\336\317\345\034\317\263\307M\2149Pq#\331B\005\213"
 281      E51CCFB3 
 281      C74D8C39 
 281      507123D9 
 281      42058B
 282 05d1 B6D734A8 		.ascii	"\266\3274\250\320r1\275\377\274\235\364\365Scb\367["
 282      D07231BD 
ARM GAS  /tmp/ccVxh0RF.s 			page 22


 282      FFBC9DF4 
 282      F5536362 
 282      F75B
 283 05e3 93D7CFD8 		.ascii	"\223\327\317\330\221\254f\007\276JiH\306/\322;~\321"
 283      91AC6607 
 283      BE4A6948 
 283      C62FD23B 
 283      7ED1
 284 05f5 A786E8D7 		.ascii	"\247\206\350\327\324(\011\020\215\012s\036z\203T\204"
 284      D4280910 
 284      8D0A731E 
 284      7A835484 
 285 0605 337DD78E 		.ascii	"3}\327\216\321\267\321\213\263\017\027\340d\365<\346"
 285      D1B7D18B 
 285      B30F17E0 
 285      64F53CE6 
 286 0615 544C742E 		.ascii	"TLt.P)\331lM\324\222\027d^\326{\373y\3273\357\250\201"
 286      5029D96C 
 286      4DD49217 
 286      645ED67B 
 286      FB79D733 
 287 062c 93885BD8 		.ascii	"\223\210[\3300t\357\2745\267\360A\355\307lE\021s\032"
 287      3074EFBC 
 287      35B7F041 
 287      EDC76C45 
 287      11731A
 288 063f 111C1A9F 		.ascii	"\021\034\032\237\265o\002\354\033\227\3337E\355\353"
 288      B56F02EC 
 288      1B97DB37 
 288      45EDEB
 289 064e 7D977399 		.ascii	"}\227s\231\317\217\026\304\345\334\324z\273y\213`Z("
 289      CF8F16C4 
 289      E5DCD47A 
 289      BB798B60 
 289      5A28
 290 0660 82F7ACE6 		.ascii	"\202\367\254\346_G\205\217\361w\247%\231\222\373\222"
 290      5F47858F 
 290      F177A725 
 290      9992FB92 
 291 0670 0F6958CD 		.ascii	"\017iX\315\177\001\354\343\273\331Uv\362\032\321+\027"
 291      7F01ECE3 
 291      BBD95576 
 291      F21AD12B 
 291      17
 292 0681 A3192A2C 		.ascii	"\243\031*,D\351(\210\244\014\364\270\325\233Sa\217\317"
 292      44E92888 
 292      A40CF4B8 
 292      D59B5361 
 292      8FCF
 293 0693 B268195A 		.ascii	"\262h\031Z\237'\012\2765\244\270d\204\336f\321g\305"
 293      9F270ABE 
 293      35A4B864 
 293      84DE66D1 
 293      67C5
 294 06a5 B05739FB 		.ascii	"\260W9\373\302\201[S\317B\225\304\263\256\023\375G\354"
 294      C2815B53 
 294      CF4295C4 
ARM GAS  /tmp/ccVxh0RF.s 			page 23


 294      B3AE13FD 
 294      47EC
 295 06b7 F01526EC 		.ascii	"\360\025&\354vYZ\263\232\013kL\301l\301t\222-\230\302"
 295      76595AB3 
 295      9A0B6B4C 
 295      C16CC174 
 295      922D98C2 
 296 06cb 44516172 		.ascii	"DQarQ\341T\324\303\276\212\355\270z\276$\366\035;\232"
 296      51E154D4 
 296      C3BE8AED 
 296      B87ABE24 
 296      F61D3B9A 
 297 06df 672B96C9 		.ascii	"g+\226\311\243\334\307\263eB\322\020!\210G\373\224*"
 297      A3DCC7B3 
 297      6542D210 
 297      218847FB 
 297      942A
 298 06f1 C2996A88 		.ascii	"\302\231j\210\244\032\252\016\265\307\361\327^\206\032"
 298      A41AAA0E 
 298      B5C7F1D7 
 298      5E861A
 299 0700 F8FA2737 		.ascii	"\370\372'7\242\370\3732\225\360\355\373_\272\342ff\301"
 299      A2F8FB32 
 299      95F0EDFB 
 299      5FBAE266 
 299      66C1
 300 0712 8707EA2F 		.ascii	"\207\007\352/J\236#g\232\242\336\206\274\002\007\236"
 300      4A9E2367 
 300      9AA2DE86 
 300      BC02079E 
 301 0722 8450FD12 		.ascii	"\204P\375\022\025\2554\021}\220&\201\366!\350\236\344"
 301      15AD3411 
 301      7D902681 
 301      F621E89E 
 301      E4
 302 0733 9E0776B8 		.ascii	"\236\007v\270\223\351\211\314>t\203\316\177\241\277"
 302      93E989CC 
 302      3E7483CE 
 302      7FA1BF
 303 0742 6A55023D 		.ascii	"jU\002=\302r\332;\370\034\230H\254\016O\357\252B\270"
 303      C272DA3B 
 303      F81C9848 
 303      AC0E4FEF 
 303      AA42B8
 304 0755 8F891B8B 		.ascii	"\217\211\033\213\350h\303\3709c2G\012B\271\1771\004"
 304      E868C3F8 
 304      39633247 
 304      0A42B97F 
 304      3104
 305 0767 391C1B1F 		.ascii	"9\034\033\037\345\200\215\354ar\312\273\217\361\004"
 305      E5808DEC 
 305      6172CABB 
 305      8FF104
 306 0776 BB3FD79E 		.ascii	"\273?\327\236Ud\315\200\343d}\226w5l\210\257\317\312"
 306      5564CD80 
 306      E3647D96 
 306      77356C88 
ARM GAS  /tmp/ccVxh0RF.s 			page 24


 306      AFCFCA
 307 0789 11F970C9 		.ascii	"\021\371p\311\350\373\015\206\017\007\202\275u\372\362"
 307      E8FB0D86 
 307      0F0782BD 
 307      75FAF2
 308 0798 14574F64 		.ascii	"\024WOd\016\035\216\034\234\277\226\223\2048\031\224"
 308      0E1D8E1C 
 308      9CBF9693 
 308      84381994 
 309 07a8 D4F65B87 		.ascii	"\324\366[\207\237\246\333\213\325\312\002\225\000\325"
 309      9FA6DB8B 
 309      D5CA0295 
 309      00D5
 310 07b6 CA5E82C7 		.ascii	"\312^\202\307h\240\222\204@=I\273i\264`\252\206\211"
 310      68A09284 
 310      403D49BB 
 310      69B460AA 
 310      8689
 311 07c8 5911F78E 		.ascii	"Y\021\367\216|\202\243\230"
 311      7C82A398 
 312 07d0 19C7EFA7 		.ascii	"\031\307\357\247D\252q,c\246\0141\345\210\001\007\010"
 312      44AA712C 
 312      63A60C31 
 312      E5880107 
 312      08
 313 07e1 30A9C2E0 		.ascii	"0\251\302\340\203\223\330\263\276\321\336'\010\2472"
 313      8393D8B3 
 313      BED1DE27 
 313      08A732
 314 07f0 E6C16047 		.ascii	"\346\301`G'\037K]\0048\320t\246_\215382\376J\251\025"
 314      271F4B5D 
 314      0438D074 
 314      A65F8D33 
 314      3832FE4A 
 315 0806 CE634C73 		.ascii	"\316cLs\334\235\004\025C>\"\310\351\2543\323\326\270"
 315      DC9D0415 
 315      433E22C8 
 315      E9AC33D3 
 315      D6B8
 316 0818 983D1C34 		.ascii	"\230=\03444\245\332\3432\306\244\275\275P\310\007\367"
 316      34A5DAE3 
 316      32C6A4BD 
 316      BD50C807 
 316      F7
 317 0829 5D829CA9 		.ascii	"]\202\234\251\030{d\207\253\330\303\376\373Y\241\026"
 317      187B6487 
 317      ABD8C3FE 
 317      FB59A116 
 318 0839 F82E638A 		.ascii	"\370.c\212\316\026\234\343\310\032\202L\231\232\012"
 318      CE169CE3 
 318      C81A824C 
 318      999A0A
 319 0848 53E147EC 		.ascii	"S\341G\354\341\220a\370\276\003\356aL\352t\354)[\241"
 319      E19061F8 
 319      BE03EE61 
 319      4CEA74EC 
 319      295BA1
ARM GAS  /tmp/ccVxh0RF.s 			page 25


 320 085b 2A227F4D 		.ascii	"*\"\177MUTu\247%\361\024\226\023\331o\257\226\203\342"
 320      555475A7 
 320      25F11496 
 320      13D96FAF 
 320      9683E2
 321 086e 0126CE10 		.ascii	"\001&\316\020Q\261\317\002\277dL\302\320\304\307\014"
 321      51B1CF02 
 321      BF644CC2 
 321      D0C4C70C 
 322 087e A827C0E8 		.ascii	"\250'\300\350\320\216\237\030\373%y\345$\246\307X\260"
 322      D08E9F18 
 322      FB2579E5 
 322      24A6C758 
 322      B0
 323 088f CC779137 		.ascii	"\314w\2217\354\215\321\344\021\015~\315z\276o\013\231"
 323      EC8DD1E4 
 323      110D7ECD 
 323      7ABE6F0B 
 323      99
 324 08a0 5632AC3D 		.ascii	"V2\254=Y\017\356\35584\177\352K\204\324\027\263\324"
 324      590FEEED 
 324      38347FEA 
 324      4B84D417 
 324      B3D4
 325 08b2 379C8909 		.ascii	"7\234\211\011U\311S_\010\251/P\022\370E\232\372\022"
 325      55C9535F 
 325      08A92F50 
 325      12F8459A 
 325      FA12
 326 08c4 21F505D7 		.ascii	"!\365\005\327\243B\035\3604\323\233]W\335\306\263\026"
 326      A3421DF0 
 326      34D39B5D 
 326      57DDC6B3 
 326      16
 327 08d5 49CA31E7 		.ascii	"I\3121\347\352\320~\356\353k\362\215\034U\335\233\353"
 327      EAD07EEE 
 327      EB6BF28D 
 327      1C55DD9B 
 327      EB
 328 08e6 C08C4EFD 		.ascii	"\300\214N\375g\262\000\037\310\333\207q\250%\355\234"
 328      67B2001F 
 328      C8DB8771 
 328      A825ED9C 
 329 08f6 15D19262 		.ascii	"\025\321\222b\305\300m\204\177v\361\332\003\253y\255"
 329      C5C06D84 
 329      7F76F1DA 
 329      03AB79AD 
 330 0906 BE26585D 		.ascii	"\276&X]\306\254N\272_\031n)\267\372*X}\205Z]N\255\276"
 330      C6AC4EBA 
 330      5F196E29 
 330      B7FA2A58 
 330      7D855A5D 
 331 091d 26583DF8 		.ascii	"&X=\370\346\351\214\025>\310\024\027\367\335\252\262"
 331      E6E98C15 
 331      3EC81417 
 331      F7DDAAB2 
 332 092d E1812656 		.ascii	"\341\201&V'\027\036\371o|\204=\313\036\211=\203p\022"
ARM GAS  /tmp/ccVxh0RF.s 			page 26


 332      27171EF9 
 332      6F7C843D 
 332      CB1E893D 
 332      837012
 333 0940 6322BBF7 		.ascii	"c\"\273\3675q\3408\335\0328\020[g\217O\262\207UG\217"
 333      3571E038 
 333      DD1A3810 
 333      5B678F4F 
 333      B2875547 
 334 0955 C55BE333 		.ascii	"\305[\3433\214\231y\326\222\306\035\037&|w{\177\224"
 334      8C9979D6 
 334      92C61D1F 
 334      267C777B 
 334      7F94
 335 0967 3DCE620F 		.ascii	"=\316b\017\367^i\211\345\033\007]tQ>\225R\302\301\213"
 335      F75E6989 
 335      E51B075D 
 335      74513E95 
 335      52C2C18B 
 336 097b 48F23A63 		.ascii	"H\362:cb,y\220\2109\335Q\307\022\020.b}\247\016\224"
 336      622C7990 
 336      8839DD51 
 336      C712102E 
 336      627DA70E 
 337 0990 1A2CE60D 		.ascii	"\032,\346\015J\275\020\224\033\254\326&\302J\272\220"
 337      4ABD1094 
 337      1BACD626 
 337      C24ABA90 
 338 09a0 3C287720 		.ascii	"<(w (\267iP\032hP\352\205\240\354on\3137A\237W~\000"
 338      28B76950 
 338      1A6850EA 
 338      85A0EC6F 
 338      6ECB3741 
 339 09b8 DDD47732 		.ascii	"\335\324w2\214O/w\245Q\\\304\2438\032\035\323\201p)"
 339      8C4F2F77 
 339      A5515CC4 
 339      A3381A1D 
 339      D3817029 
 340 09cc 8F9CC178 		.ascii	"\217\234\301x\327a^\263\357\013f\3673\263[\306o\266"
 340      D7615EB3 
 340      EF0B66F7 
 340      33B35BC6 
 340      6FB6
 341 09de AAE56637 		.ascii	"\252\345f7\202!l\261\333L\015\271/\030\322Q`\350\263"
 341      82216CB1 
 341      DB4C0DB9 
 341      2F18D251 
 341      60E8B3
 342 09f1 949B3D2F 		.ascii	"\224\233=/\372\300\315\242*^\2425\364[\2510\377\234"
 342      FAC0CDA2 
 342      2A5EA235 
 342      F45BA930 
 342      FF9C
 343 0a03 1A573233 		.ascii	"\032W23\323\216e\\\260\302\267\031S\3622\253\304\216"
 343      D38E655C 
 343      B0C2B719 
 343      53F232AB 
ARM GAS  /tmp/ccVxh0RF.s 			page 27


 343      C48E
 344 0a15 0F5429BF 		.ascii	"\017T)\277\210\363\025\321ikp#\303\306\227\306\027\315"
 344      88F315D1 
 344      696B7023 
 344      C3C697C6 
 344      17CD
 345 0a27 992E1F83 		.ascii	"\231.\037\203\015\354\023\243]).\000\311g\327\233\321"
 345      0DEC13A3 
 345      5D292E00 
 345      C967D79B 
 345      D1
 346 0a38 CB36728B 		.ascii	"\3136r\213\347E\013\353\010G\266\216H\23489h\207[\230"
 346      E7450BEB 
 346      0847B68E 
 346      489C3839 
 346      68875B98 
 347 0a4c DEA19753 		.ascii	"\336\241\227S\271\366\270\2031WJ\256V\361\267\246\013"
 347      B9F6B883 
 347      31574AAE 
 347      56F1B7A6 
 347      0B
 348 0a5d 194FD9D7 		.ascii	"\031O\331\327\353m\361\023^71'\012\254\3613\306\034"
 348      EB6DF113 
 348      5E373127 
 348      0AACF133 
 348      C61C
 349 0a6f 1B6D7FC6 		.ascii	"\033m\177\306\013\316\2118\222v\374\2605~\311+7&\322"
 349      0BCE8938 
 349      9276FCB0 
 349      357EC92B 
 349      3726D2
 350 0a82 60894719 		.ascii	"`\211G\031\023W\037\227f\213\307\031\363n \256\205\317"
 350      13571F97 
 350      668BC719 
 350      F36E20AE 
 350      85CF
 351 0a94 DD1A4915 		.ascii	"\335\032I\025/\342U\\\236\036\367/x\232A\037\266\204"
 351      2FE2555C 
 351      9E1EF72F 
 351      789A411F 
 351      B684
 352 0aa6 5DE2505B 		.ascii	"]\342P[\262\372\276\335\371\347y\223?$$\377\005\033"
 352      B2FABEDD 
 352      F9E77993 
 352      3F2424FF 
 352      051B
 353 0ab8 C8B9E1BD 		.ascii	"\310\271\341\275\231d\032Xl\003+\243\004q\267b1\333"
 353      99641A58 
 353      6C032BA3 
 353      0471B762 
 353      31DB
 354 0aca AD282C1F 		.ascii	"\255(,\037\315Q\341P+\372\231^\\\330\233d#\331\217X"
 354      CD51E150 
 354      2BFA995E 
 354      5CD89B64 
 354      23D98F58 
 355 0ade 19BE8F6C 		.ascii	"\031\276\217l\001\030!\234\303\3422f\361\354~\204\351"
ARM GAS  /tmp/ccVxh0RF.s 			page 28


 355      0118219C 
 355      C3E23266 
 355      F1EC7E84 
 355      E9
 356 0aef 17C388D2 		.ascii	"\027\303\210\322\211H\245\023\364+\210\376Kf@\346\211"
 356      8948A513 
 356      F42B88FE 
 356      4B6640E6 
 356      89
 357 0b00 8C4A3B7C 		.ascii	"\214J;|\220i0\304_/\264\237\325P\375li\001\335dx\003"
 357      906930C4 
 357      5F2FB49F 
 357      D550FD6C 
 357      6901DD64 
 358 0b16 1A46450D 		.ascii	"\032FE\015F\345<*^\233WQ[s\347\240J\272\026$\362\006"
 358      46E53C2A 
 358      5E9B5751 
 358      5B73E7A0 
 358      4ABA1624 
 359 0b2c E1F9333A 		.ascii	"\341\3713:\322\336\322\002\030\022J65\333\360\302\222"
 359      D2DED202 
 359      18124A36 
 359      35DBF0C2 
 359      92
 360 0b3d BD637E95 		.ascii	"\275c~\225\3644C\350\244Z*}\354C\322K\033\333\326\340"
 360      F43443E8 
 360      A45A2A7D 
 360      EC43D24B 
 360      1BDBD6E0 
 361 0b51 78EA2D7A 		.ascii	"x\352-zS\337\326\215\260\2011a\267o\245[\342\024\306"
 361      53DFD68D 
 361      B0813161 
 361      B76FA55B 
 361      E214C6
 362 0b64 BCC8ACAB 		.ascii	"\274\310\254\253\261\300i\214\351\355\233\274\210q\006"
 362      B1C0698C 
 362      E9ED9BBC 
 362      887106
 363 0b73 63CEBE38 		.ascii	"c\316\2768u\320\032\3470\246:\347V\002\237\332\262\311"
 363      75D01AE7 
 363      30A63AE7 
 363      56029FDA 
 363      B2C9
 364 0b85 A263AAED 		.ascii	"\242c\252\355\332+\276\006\356\372W\2620\270s\255N\203"
 364      DA2BBE06 
 364      EEFA57B2 
 364      30B873AD 
 364      4E83
 365 0b97 0B28F8B3 		.ascii	"\013(\370\263\263\011\331\027-\371n\303\207\217\205"
 365      B309D917 
 365      2DF96EC3 
 365      878F85
 366 0ba6 7C4B42E0 		.ascii	"|KB\340O\351\303Bau\031\255\036l\250\205\325e\005B\321"
 366      4FE9C342 
 366      617519AD 
 366      1E6CA885 
 366      D5650542 
ARM GAS  /tmp/ccVxh0RF.s 			page 29


 367 0bbb E0620A24 		.ascii	"\340b\012$\344,\226|\355&+\245\337\367q\320\245\366"
 367      E42C967C 
 367      ED262BA5 
 367      DFF771D0 
 367      A5F6
 368 0bcd 7BF6714C 		.ascii	"{\366qL\006\334#9\374\241\011\234\344\273\361G\006\207"
 368      06DC2339 
 368      FCA1099C 
 368      E4BBF147 
 368      0687
 369 0bdf 7521CA94 		.ascii	"u!\312\224\3033\346H7\376 J\317\223\303sM\340\304\376"
 369      C333E648 
 369      37FE204A 
 369      CF93C373 
 369      4DE0C4FE 
 370 0bf3 C63D0C4E 		.ascii	"\306=\014Nl\177/\207;\313\321\025?\210\350\033rt\305"
 370      6C7F2F87 
 370      3BCBD115 
 370      3F88E81B 
 370      7274C5
 371 0c06 1CE1157F 		.ascii	"\034\341\025\177\027\341\003rx\013\222\303\215?\212"
 371      17E10372 
 371      780B92C3 
 371      8D3F8A
 372 0c15 F03439FC 		.ascii	"\36049\374\324\034\351\255\022\351\275rx\217R\262%A"
 372      D41CE9AD 
 372      12E9BD72 
 372      788F52B2 
 372      2541
 373 0c27 6DF94944 		.ascii	"m\371ID\247\312\321'\346\010\357\221\330rV\016?3\327"
 373      A7CAD127 
 373      E608EF91 
 373      D872560E 
 373      3F33D7
 374 0c3a 16093CDD 		.ascii	"\026\011<\335<\\j\313\317\"\372\220\034\035%G7J\320"
 374      3C5C6ACB 
 374      CF22FA90 
 374      1C1D2547 
 374      374AD0
 375 0c4d 215886DE 		.ascii	"!X\206\336/G\327J\242\322/\227\375T\216n\225\244\177"
 375      2F47D74A 
 375      A2D22F97 
 375      FD548E6E 
 375      95A47F
 376 0c60 4A8E36D9 		.ascii	"J\2166\331\365\242\225\273G\254\255i\263\305\262J\254"
 376      F5A295BB 
 376      47ACAD69 
 376      B3C5B24A 
 376      AC
 377 0c71 DB9E1F42 		.ascii	"\333\236\037B(\030\326j\250\210\203\205\025\034\312"
 377      2818D66A 
 377      A8888385 
 377      151CCA
 378 0c80 9F13C141 		.ascii	"\237\023\301A\211\335\335r\331\235J\231%\025\2221\324"
 378      89DDDD72 
 378      D99D4A99 
 378      25159231 
ARM GAS  /tmp/ccVxh0RF.s 			page 30


 378      D4
 379 0c91 627E0C49 		.ascii	"b~\014IL\251\220\014\241l9:k\316\210\353\371^\204\337"
 379      4CA9900C 
 379      A16C393A 
 379      6BCE88EB 
 379      F95E84DF 
 380 0ca5 92C36BE6 		.ascii	"\222\303k\346X>)\251\254X9<f\256\243\222\220O\312\341"
 380      583E29A9 
 380      AC58393C 
 380      66AEA392 
 380      904FCAE1 
 381 0cb9 263B6934 		.ascii	"&;i4\235\222\021w]\216\276,w\264\365'\026s\3704B\211"
 381      9D921177 
 381      5D8EBE2C 
 381      77B4F527 
 381      1673F834 
 382 0ccf 1C2D7C30 		.ascii	"\034-|0\241\243&\311\007\340\344\0368\205`4\016\350"
 382      A1A326C9 
 382      07E0E41E 
 382      38856034 
 382      0EE8
 383 0ce1 E71C2D4C 		.ascii	"\347\034-L\321\322\215F\356\246\244\304O\232\037@\322"
 383      D1D28D46 
 383      EEA6A4C4 
 383      4F9A1F40 
 383      D2
 384 0cf2 A295A4B3 		.ascii	"\242\225\244\263\317|\031\232\004E\022\30389\374\310"
 384      CF7C199A 
 384      044512C3 
 384      3839FCC8 
 385 0d02 DCD12989 		.ascii	"\334\321)\211\341;\363ek\002\227\030\363\304\374L!\235"
 385      E13BF365 
 385      6B029718 
 385      F3C4FC4C 
 385      219D
 386 0d14 42272553 		.ascii	"B'%Sh\216\371r\221\224\342\240\244\024\253\345\350\233"
 386      688EF972 
 386      9194E2A0 
 386      A414ABE5 
 386      E89B
 387 0d26 73D012D9 		.ascii	"s\320\022\331\027\314O\317\222(\032%~N\230\257\025f"
 387      17CC4FCF 
 387      92281A25 
 387      7E4E98AF 
 387      1566
 388 0d38 B874BB57 		.ascii	"\270t\273W\217\027\243\031*\211\300\311^o\016vB\207"
 388      8F17A319 
 388      2A89C0C9 
 388      5E6F0E76 
 388      4287
 389 0d4a F1321401 		.ascii	"\3612\024\001\024\013\224\012d\000:\003\224\014\024"
 389      140B940A 
 389      64003A03 
 389      940C14
 390 0d59 09140374 		.ascii	"\011\024\003t\034(\012\350$P\034P\036P>P<P(P:P!P\002"
 390      1C280AE8 
 390      24501C50 
ARM GAS  /tmp/ccVxh0RF.s 			page 31


 390      1E503E50 
 390      3C502850 
 391 0d72 501A502E 		.ascii	"P\032P.\3209\240}@I@\027\200\262\200\216\000\235\006"
 391      D039A07D 
 391      40494017 
 391      80B2808E 
 391      009D06
 392 0d85 0A073A05 		.ascii	"\012\007:\005t\024(\023(\014\350 \320/@E@\373\201R\200"
 392      74142813 
 392      280CE820 
 392      D02F4045 
 392      40FB8152 
 393 0d9a 0E001500 		.ascii	"\016\000\025\000\355\005:\006\224\015t\002\350<P\"\320"
 393      ED053A06 
 393      940D7402 
 393      E83C5022 
 393      D0
 394 0dab 21A00CA0 		.ascii	"!\240\014\240h,\354I\307A\3456~\317\212\375\001\224"
 394      682CEC49 
 394      C741E536 
 394      7ECF8AFD 
 394      0194
 395 0dbd 6F130F8E 		.ascii	"o\023\017\216\260\344F\367\344C\243\366gqP\0370?\347"
 395      B0E446F7 
 395      E443A3F6 
 395      6771501F 
 395      303FE7
 396 0dd0 4A4BA656 		.ascii	"JK\246VR\355\347\314\277u%Y\235\224\324@\245\371\367"
 396      52EDE7CC 
 396      BF752559 
 396      9D94D440 
 396      A5F9F7
 397 0de3 A274D295 		.ascii	"\242t\322\225\214\351Krt\276\034\335#\031\032\361\346"
 397      8CE94B72 
 397      74BE1CDD 
 397      23191AF1 
 397      E6
 398 0df4 8786E4EF 		.ascii	"\207\206\344\357\200\351qG\372w\000\240\244\177\007"
 398      80E97147 
 398      FA7700A0 
 398      A47F07
 399 0e03 30516FA7 		.ascii	"0Qo\247\027\261]|\"\353\260\371\251J\342\225Q\342U\225"
 399      17B15D7C 
 399      22EBB0F9 
 399      A94AE295 
 399      51E25595 
 400 0e17 F9CA3679 		.ascii	"\371\3126y}KFY\227\371\031\334d]\303\337\017\360U\214"
 400      7D4B4659 
 400      97F919DC 
 400      645DC3DF 
 400      0FF0558C 
 401 0e2b 4A395CF8 		.ascii	"J9\\\370V\3463\333\354\240$\223\325\337\031\274\003"
 401      56E633DB 
 401      ECA02493 
 401      D5DF19BC 
 401      03
 402 0e3c E06D1C2E 		.ascii	"\340m\034.|\256\240\3269oAI\320\216\233_\222\255\022"
ARM GAS  /tmp/ccVxh0RF.s 			page 32


 402      7CAEA0D6 
 402      396F4149 
 402      D08E9B5F 
 402      92AD12
 403 0e4f 65B7F24A 		.ascii	"e\267\362J\272\013\262\3538Z\370\346D\265r\331\203\222"
 403      BA0BB2EB 
 403      385AF8E6 
 403      44B572D9 
 403      8392
 404 0e61 D2386D7E 		.ascii	"\3228m~\231B\321d\317\2603\276^\205G\3312\376^\367\333"
 404      9942D164 
 404      CFB033BE 
 404      5E8547D9 
 404      32FE5EF7 
 405 0e76 A36AB4D0 		.ascii	"\243j\264\320\311\334XE\027a\210\376\177\035\256\254"
 405      C9DC5845 
 405      176188FE 
 405      7F1DAEAC 
 406 0e86 323B662C 		.ascii	"2;f,\364z+T\002N\026\343\331\257\026R\2474T\367\357"
 406      F47A2B54 
 406      024E16E3 
 406      D9AF1652 
 406      A73454F7 
 407 0e9b B71C544B 		.ascii	"\267\034TK\377_(\221\204U\201.a\366\377\002\\\023\314"
 407      FF5F2891 
 407      8455812E 
 407      61F6FF02 
 407      5C13CC
 408 0eae FC199163 		.ascii	"\374\031\221c\362g\304e\016\276L\3017\336>\310\261\304"
 408      F267C465 
 408      0EBE4CC1 
 408      37DE3EC8 
 408      B1C4
 409 0ec0 53ECE320 		.ascii	"S\354\343 \".sZ=\273\205\275\354\204\351\026\366\025"
 409      222E735A 
 409      3DBB85BD 
 409      EC84E916 
 409      F615
 410 0ed2 D130B835 		.ascii	"\3210\2705\335\025\276\212\311\256\360\331\261\361\003"
 410      DD15BE8A 
 410      C9AEF0D9 
 410      B1F103
 411 0ee1 F638DA9A 		.ascii	"\3668\332\232\012\013\177o\354\262\027\266\260\223L"
 411      0A0B7F6F 
 411      ECB217B6 
 411      B0934C
 412 0ef0 B7B04B45 		.ascii	"\267\260KEQ\245rQex\251\342\267\272]\001\201\301:\337"
 412      51A57251 
 412      6578A9E2 
 412      B7BA5D01 
 412      81C13ADF 
 413 0f04 C06F75DE 		.ascii	"\300ou\336\273|w\006\354\330\355\275r\227g`\360J\027"
 413      BB7C7706 
 413      ECD8EDBD 
 413      72976760 
 413      F04A17
 414 0f17 ABFFFCAF 		.ascii	"\253\377\374\257\255K\264\253V)V\254\\\351\314~\001"
ARM GAS  /tmp/ccVxh0RF.s 			page 33


 414      AD4BB4AB 
 414      562956AC 
 414      5CE9CC7E 
 414      01
 415 0f28 41CE5E01 		.ascii	"A\316^\001~~\001\376\316\244S\220\263\253\373&\355\246"
 415      7E7E01FE 
 415      CEA45390 
 415      B3ABFB26 
 415      EDA6
 416 0f3a EF9CBD7C 		.ascii	"\357\234\275|\274\002\002\275u\377\363\271\337J/\305"
 416      BC0202BD 
 416      75FFF3B9 
 416      DF4A2FC5 
 417 0f4a 3F318141 		.ascii	"?1\201A\177\363\015\366\362\321\37550\300O\347\033\024"
 417      7FF30DF6 
 417      F2D1FD35 
 417      30C04FE7 
 417      1B14
 418 0f5c F88FC8F0 		.ascii	"\370\217\310\360Q,d2\274\277\363\015\236\225`\353\261"
 418      512C6432 
 418      BCBFF30D 
 418      9E9560EB 
 418      B1
 419 0f6d 4DABDBE8 		.ascii	"M\253\333\350\351\277}\247w\240\343\\\243\177\353\345"
 419      E9BF7DA7 
 419      77A0E35C 
 419      A37FEBE5 
 420 0f7d E3E1E5E3 		.ascii	"\343\341\345\343\026\2649\320\333\333oW\260o\200\277"
 420      16B439D0 
 420      DBDB6F57 
 420      B06F80BF 
 421 0f8d BBF7B7BB 		.ascii	"\273\367\267\273}\003\275\267\253uk\003\002v.\221\032"
 421      7D03BDB7 
 421      AB756B03 
 421      02762E91 
 421      1A
 422 0f9e 1018     		.ascii	"\020\030"
 423 0fa0 ECECEBEF 		.ascii	"\354\354\353\357\265s\367vo\320\033\344\345\263\035"
 423      B573F776 
 423      6FD01BE4 
 423      E5B31D
 424 0faf 74DAE874 		.ascii	"t\332\350t\273}\375\203?]\255\013\366q\366\011\360\363"
 424      BB7DFD83 
 424      3F5DAD0B 
 424      F671F609 
 424      F0F3
 425 0fc1 76FE2668 		.ascii	"v\376&h\207\363\327\276\376\316;\274\274Vx\006\372\011"
 425      87F3D7BE 
 425      FECE3BBC 
 425      BC567806 
 425      FA09
 426 0fd3 D715FE01 		.ascii	"\327\025\376\001\376\336+\274=\277\366]\361\373\025"
 426      FEDE2BBC 
 426      3DBFF65D 
 426      F1FB15
 427 0fe2 AB5D567D 		.ascii	"\253]V}\276\342\333\325+v\357\332\356\031\354\355l\362"
 427      BEE2DBD5 
ARM GAS  /tmp/ccVxh0RF.s 			page 34


 427      2B76EFDA 
 427      EE19ECED 
 427      6CF2
 428 0ff4 7856879F 		.ascii	"xV\207\237\247\227\217\257\277\267\263n"
 428      A7978FAF 
 428      BFB7B36E 
 429 1000 BBF75F3D 		.ascii	"\273\367_=w\357\014\326\005\357\331\345\035\004:\255"
 429      77EF0CD6 
 429      05EFD9E5 
 429      1D043AAD 
 430 1010 048D7FF9 		.ascii	"\004\215\177\371?\326\030\264'\310Y\027\024\274\035"
 430      3FD618B4 
 430      27C85917 
 430      14BC1D
 431 101f C4831AD5 		.ascii	"\304\203\032\325w\273\202\002\255\002\275w\000X\027"
 431      77BB8202 
 431      AD02BD77 
 431      005817
 432 102e FCBB5F97 		.ascii	"\374\273_\227\012\350\247\334\345e\2613\020\342\261"
 432      0AE8A7DC 
 432      E565B133 
 432      10E2B1
 433 103d 1D07AE5A 		.ascii	"\035\007\256Z\255\014\374T\031\010\347U\312@\027[\236"
 433      AD0CFC54 
 433      1908E755 
 433      CA40175B 
 433      9E
 434 104e 9F60AFE0 		.ascii	"\237`\257\340\357T^>\236\201\326:\335\016\357`\335f"
 434      EF545E3E 
 434      9E81D63A 
 434      DD0EEF60 
 434      DD66
 435 1060 8FCD769E 		.ascii	"\217\315v\236;\377\346\271'H\347\353\277\023|\376\017"
 435      3BFFE6B9 
 435      2748E7EB 
 435      BF137CFE 
 435      0F
 436 1071 33CAA01B 		.ascii	"3\312\240\033Q\345\254\335\344\341\346\341\254\005]"
 436      51E5ACDD 
 436      E4E1E6E1 
 436      AC055D
 437 1080 CE6E4236 		.ascii	"\316nB6\374\202|\203t\3406h\007\221AL\344\"\252m\267"
 437      FC827C83 
 437      74E03668 
 437      0791414C 
 437      E422AA6D 
 438 1095 FFCE00AF 		.ascii	"\377\316\000\257o\304z\2204\3321\350ZW\217\365\233\335"
 438      6FC47A90 
 438      34DA31E8 
 438      5A578FF5 
 438      9BDD
 439 10a7 DDACDDD7 		.ascii	"\335\254\335\327{\254w\337\266~\335\027\026\256\033"
 439      7BAC77DF 
 439      B67EDD17 
 439      16AE1B
 440 10b6 D77A68DD 		.ascii	"\327zh\335UZW\255;\271\337\014\227u[\264\233\340\342"
 440      555A57AD 
ARM GAS  /tmp/ccVxh0RF.s 			page 35


 440      3BB9DF0C 
 440      97755BB4 
 440      9BE0E2
 441 10c9 462FB3D0 		.ascii	"F/\263\320\317-\326i\265n\036\177\262\"\227M\333\\\265"
 441      CF2DD669 
 441      B56E1E7F 
 441      B222974D 
 441      DB5CB5
 442 10dc 6AB8F1F8 		.ascii	"j\270\361\370\223%\234\011\307\257[\241\325\215\266"
 442      93259C09 
 442      C7AF5BA1 
 442      D58DB6
 443 10eb 528CA51B 		.ascii	"R\214\245\033\275n\235\225\362{\322\342\372\325Wb\313"
 443      BD6E9D95 
 443      F27BD2E2 
 443      FAD55762 
 443      CB
 444 10fc BFA9376D 		.ascii	"\277\2517m\333\340\276\232\236W\321\263\313\354\263"
 444      DBE0BE9A 
 444      9E57D1B3 
 444      CBECB3
 445 110b CF541E5B 		.ascii	"\317T\036[\334D\023>Uk7\023;\265\036\036\353\277\202"
 445      DC44133E 
 445      556B3713 
 445      3BB51E1E 
 445      EBBF82
 446 111e 8BD6C36D 		.ascii	"\213\326\303m\235;\326nqWk\277\202\273Y\234\213\245"
 446      9D3BD66E 
 446      71576BBF 
 446      82BB599C 
 446      8BA5
 447 1130 DB3A9D9B 		.ascii	"\333:\235\233\207+\370\260N\267i\003\275\270\262\313"
 447      872BF8B0 
 447      4EB76903 
 447      BDB8B2CB 
 448 1140 3A76D9BC 		.ascii	":v\331\274\301]\345\272\301\303]\265v\203\253\273z\323"
 448      C15DE5BA 
 448      C1C35DB5 
 448      7683ABBB 
 448      7AD3
 449 1152 2638ABD6 		.ascii	"&8\253\326\021~#9i\341\244\366\330\250\205[\217\215"
 449      117E2339 
 449      69E1A4F6 
 449      D8A8855B 
 449      8F8D
 450 1164 9BDDAD59 		.ascii	"\233\335\255Y\335\177\241\013\266\344W\254\325\272c"
 450      DD7FA10B 
 450      B6E457AC 
 450      D5BA63
 451 1173 089BDAD5 		.ascii	"\010\233\332\325\315\035\202\267m\313\037\335Un\000"
 451      CD1D82B7 
 451      6DCB1FDD 
 451      556E00
 452 1182 07FBB6BA 		.ascii	"\007\373\266\272\255S\273\256\005\001\377\376\017\346"
 452      AD53BBAE 
 452      0501FFFE 
 452      0FE6
ARM GAS  /tmp/ccVxh0RF.s 			page 36


 453 1190 958C6D2F 		.ascii	"\225\214m/\277\317I\315{h\327\352\266\300\000p\244\011"
 453      BFCF49CD 
 453      7B68D7EA 
 453      B6C00070 
 453      A409
 454 11a2 34C9A9F5 		.ascii	"4\311\251\365l\323\377\002\2445_9"
 454      6CD3FF02 
 454      A4355F39 
 455              		.text
 456              		.section	.gnu.lto_.symtab.b30ab9d95aaf8221,"",%progbits
 457 0000 5356435F 		.ascii	"SVC_Handler\000"
 457      48616E64 
 457      6C657200 
 458 000c 00       		.ascii	"\000"
 459 000d 00       		.ascii	"\000"
 460 000e 00       		.ascii	"\000"
 461 000f 00000000 		.ascii	"\000\000\000\000\000\000\000\000"
 461      00000000 
 462 0017 B5000000 		.ascii	"\265\000\000\000"
 463 001b 5F706F72 		.ascii	"_port_irq_epilogue\000"
 463      745F6972 
 463      715F6570 
 463      696C6F67 
 463      756500
 464 002e 00       		.ascii	"\000"
 465 002f 00       		.ascii	"\000"
 466 0030 00       		.ascii	"\000"
 467 0031 00000000 		.ascii	"\000\000\000\000\000\000\000\000"
 467      00000000 
 468 0039 B7000000 		.ascii	"\267\000\000\000"
 469 003d 5F706F72 		.ascii	"_port_switch_from_isr\000"
 469      745F7377 
 469      69746368 
 469      5F66726F 
 469      6D5F6973 
 470 0053 00       		.ascii	"\000"
 471 0054 02       		.ascii	"\002"
 472 0055 00       		.ascii	"\000"
 473 0056 00000000 		.ascii	"\000\000\000\000\000\000\000\000"
 473      00000000 
 474 005e B1000000 		.ascii	"\261\000\000\000"
 475 0062 5F706F72 		.ascii	"_port_exit_from_isr\000"
 475      745F6578 
 475      69745F66 
 475      726F6D5F 
 475      69737200 
 476 0076 00       		.ascii	"\000"
 477 0077 02       		.ascii	"\002"
 478 0078 00       		.ascii	"\000"
 479 0079 00000000 		.ascii	"\000\000\000\000\000\000\000\000"
 479      00000000 
 480 0081 B3000000 		.ascii	"\263\000\000\000"
 481 0085 63685363 		.ascii	"chSchIsPreemptionRequired\000"
 481      68497350 
 481      7265656D 
 481      7074696F 
 481      6E526571 
ARM GAS  /tmp/ccVxh0RF.s 			page 37


 482 009f 00       		.ascii	"\000"
 483 00a0 02       		.ascii	"\002"
 484 00a1 00       		.ascii	"\000"
 485 00a2 00000000 		.ascii	"\000\000\000\000\000\000\000\000"
 485      00000000 
 486 00aa BF000000 		.ascii	"\277\000\000\000"
 487              		.text
 488              		.section	.gnu.lto_.opts,"",%progbits
 489 0000 272D666D 		.ascii	"'-fmath-errno' '-fsigned-zeros' '-ftrapping-math' '"
 489      6174682D 
 489      6572726E 
 489      6F272027 
 489      2D667369 
 490 0033 2D666E6F 		.ascii	"-fno-trapv' '-fno-openmp' '-fno-openacc' '-mcpu=cor"
 490      2D747261 
 490      70762720 
 490      272D666E 
 490      6F2D6F70 
 491 0066 7465782D 		.ascii	"tex-m7' '-mno-thumb-interwork' '-mthumb' '-ggdb' '-"
 491      6D372720 
 491      272D6D6E 
 491      6F2D7468 
 491      756D622D 
 492 0099 4F322720 		.ascii	"O2' '-fomit-frame-pointer' '-falign-functions=16' '"
 492      272D666F 
 492      6D69742D 
 492      6672616D 
 492      652D706F 
 493 00cc 2D666675 		.ascii	"-ffunction-sections' '-fdata-sections' '-fno-common"
 493      6E637469 
 493      6F6E2D73 
 493      65637469 
 493      6F6E7327 
 494 00ff 2720272D 		.ascii	"' '-flto'\000"
 494      666C746F 
 494      2700
 495              		.text
 496              		.comm	__gnu_lto_v1,1,1
 497              		.comm	__gnu_lto_slim,1,1
 498              		.ident	"GCC: (GNU Tools for ARM Embedded Processors 6-2017-q2-update) 6.3.1 20170620 (release) [AR
ARM GAS  /tmp/ccVxh0RF.s 			page 38


DEFINED SYMBOLS
                            *ABS*:0000000000000000 chcore_v7m.c
                            *COM*:0000000000000001 __gnu_lto_v1
                            *COM*:0000000000000001 __gnu_lto_slim

NO UNDEFINED SYMBOLS
