ARM GAS  /tmp/cczexbba.s 			page 1


   1              		.cpu cortex-m7
   2              		.eabi_attribute 20, 1
   3              		.eabi_attribute 21, 1
   4              		.eabi_attribute 23, 3
   5              		.eabi_attribute 24, 1
   6              		.eabi_attribute 25, 1
   7              		.eabi_attribute 26, 1
   8              		.eabi_attribute 30, 2
   9              		.eabi_attribute 34, 1
  10              		.eabi_attribute 18, 4
  11              		.file	"chdynamic.c"
  12              		.text
  13              	.Ltext0:
  14              		.section	.gnu.lto_.profile.4536d2711f0a8ed3,"",%progbits
  15 0000 789C6365 		.ascii	"x\234ce`b`a```d\3100\000\000\001\200\000\245"
  15      60626061 
  15      60606064 
  15      C8300000 
  15      018000A5 
  16              		.text
  17              		.section	.gnu.lto_.icf.4536d2711f0a8ed3,"",%progbits
  18 0000 789C6365 		.ascii	"x\234ce`b\340e@\000&\206\215\273;+\030\267L\\\367\225"
  18      6062E065 
  18      40002686 
  18      8DBB3B2B 
  18      18B74C5C 
  19 0016 89010026 		.ascii	"\211\001\000&l\005o"
  19      6C056F
  20              		.text
  21              		.section	.gnu.lto_.jmpfuncs.4536d2711f0a8ed3,"",%progbits
  22 0000 789C6365 		.ascii	"x\234ce`bX\312\200\000L\014l\214``\317X\017\002,\014"
  22      606258CA 
  22      80004C0C 
  22      6C8C6060 
  22      CF580F02 
  23 0016 8C8C1D4C 		.ascii	"\214\214\035L\323\231\031\267\0349\336\306\321\307<"
  23      D39919B7 
  23      1C39DEC6 
  23      D1C73C
  24 0025 9F1928C0 		.ascii	"\237\031(\300\270\234Q\206\201\021(\270\376\315\316"
  24      B89C5186 
  24      811128B8 
  24      FECDCE
  25 0034 9FBC2041 		.ascii	"\237\274 AFF\006\306\025@A\240~\006F\026\0066\246J\006"
  25      464606C6 
  25      154041A0 
  25      7E064616 
  25      0636A64A 
  26 0049 4620A712 		.ascii	"F \247\022H\200\025\316\332\375\345\024+H!\023#\007"
  26      488015CE 
  26      DAFDE514 
  26      2B482113 
  26      2307
  27 005b E34A9042 		.ascii	"\343J\220BFV\2605\362\250\266\034\375\377\375\000?\304"
  27      4656B035 
  27      F2A8B61C 
  27      FDFFFD00 
ARM GAS  /tmp/cczexbba.s 			page 2


  27      3FC4
  28 006d 1626C655 		.ascii	"\026&\306U [\220\215e\202\030\313\000\000\206S \273"
  28      205B908D 
  28      658218CB 
  28      00008653 
  28      20BB
  29              		.text
  30              		.section	.gnu.lto_.inline.4536d2711f0a8ed3,"",%progbits
  31 0000 789C6365 		.ascii	"x\234ce`b\010g@\000&\006\011)#F\006&\211\025[\030\031"
  31      60620867 
  31      40002606 
  31      09292346 
  31      06268915 
  32 0017 D816C833 		.ascii	"\330\026\3103\201\004\231y\200\022\023\374\3004#\003"
  32      81049979 
  32      801213FC 
  32      C0342303 
  33 0027 2B1F5064 		.ascii	"+\037Pd\202\037\220\317\010Q+}\355\024#\003\373-5,j"
  33      821F90CF 
  33      08512B7D 
  33      ED142303 
  33      FB2D352C 
  34 003c C1249007 		.ascii	"\301$\220\007\000\374\215\012\357"
  34      00FC8D0A 
  34      EF
  35              		.text
  36              		.section	.gnu.lto_.pureconst.4536d2711f0a8ed3,"",%progbits
  37 0000 789C6365 		.ascii	"x\234ce`b`g`\000\222\273\030\031w1\002\000\005\355\001"
  37      60626067 
  37      600092BB 
  37      18197731 
  37      020005ED 
  38 0015 88       		.ascii	"\210"
  39              		.text
  40              		.section	.gnu.lto_chThdCreateFromHeap.4536d2711f0a8ed3,"",%progbits
  41 0000 789C8595 		.ascii	"x\234\205\225\177LSW\024\307\357y\367\265\357A\001\305"
  41      7F4C5357 
  41      14C7EF79 
  41      F7B5EF41 
  41      01C5
  42 0012 31E78871 		.ascii	"1\347\210q\260\214\210\211\362\226e\213\306?\226\030"
  42      B08C8889 
  42      F296658B 
  42      C63F9618 
  43 0022 B344FF20 		.ascii	"\263D\377 Yt\177.1\254vB\262\332\246\305\251\373\207"
  43      59747F2E 
  43      31AC7642 
  43      B2DAA6C5 
  43      A9FB87
  44 0035 47C15F63 		.ascii	"G\301_c\212\272\211\320\332\275Fc\3041D\231:\031\242"
  44      8ABA89D0 
  44      DABD4663 
  44      C4314499 
  44      3A19A2
  45 0048 9DA828F8 		.ascii	"\235\250(\370\003\231\270)\210h\301\015\0212Mu\233\233"
  45      0399B829 
  45      8868C10D 
ARM GAS  /tmp/cczexbba.s 			page 3


  45      11324D75 
  45      9B9B
  46 005a BA73EE2B 		.ascii	"\272s\356+\006\012\331\032\010}\357~\277\347\234{\316"
  46      060AD91A 
  46      087DEF7E 
  46      BFE79C7B 
  46      CE
  47 006b E75E2C4C 		.ascii	"\347^,Lb\213U\306\242\214\261w\360\027,\014\244\255"
  47      628B55C6 
  47      A28CB177 
  47      F0172C0C 
  47      A4AD
  48 007d 97182B56 		.ascii	"\227\030+V%In\345LO\344g[\031\323\2238\310\346{\031"
  48      25496EE5 
  48      4C4FE467 
  48      5B19D393 
  48      38C8E67B 
  49 0092 80BEE82A 		.ascii	"\200\276\350*\260\"\211\313P\004\345|'\207+\245\007"
  49      B02289CB 
  49      5004E57C 
  49      27872BA5 
  49      07
  50 00a3 77F12DDC 		.ascii	"w\361-\334\340\014d||p\321\037I\241G\200\014|\014\350"
  50      E00C647C 
  50      7C70D11F 
  50      49A14780 
  50      0C7C0CE8 
  51 00b7 1D9B9459 		.ascii	"\035\233\224Y\373t\335\247\207w^\265\006\352\333\365"
  51      FB74DDA7 
  51      87775EB5 
  51      06EADBF5 
  52 00c7 04834BAC 		.ascii	"\004\203K\254\012\345\3250\035\366\301t\312\276\037"
  52      0AE5D530 
  52      1DF6C174 
  52      CABE1F
  53 00d6 66A1F8F0 		.ascii	"f\241\370\360p\345\303\004\376:0\374\356/\3577,3\367"
  53      70E5C304 
  53      FE3A30FC 
  53      EE2FEF37 
  53      2C33F7
  54 00e9 0A637407 		.ascii	"\012ct\007\327\33708\207o\200\2176\342+\00650\023\345"
  54      D7DF3038 
  54      876F808F 
  54      36E22B06 
  54      353013E5 
  55 00fd BB8B3BDB 		.ascii	"\273\213;\333\222y\266\260n\250m\032H\211Y\373v\012"
  55      9279B6B0 
  55      6EA86D1A 
  55      488959FB 
  55      760A
  56 010f AB0CDFC6 		.ascii	"\253\014\337\306[e\006\265\302\352\273s\364\032\360"
  56      5B6506B5 
  56      C2EABB73 
  56      F41AF0
  57 011e 39C21AEA 		.ascii	"9\302\032\352\014\255\2169{\374Sw\224\350\213\014n\201"
  57      0CAD8E39 
  57      7BFC5377 
ARM GAS  /tmp/cczexbba.s 			page 4


  57      94E88B0C 
  57      6E81
  58 0130 03F15E6C 		.ascii	"\003\361^lV\235\360\326\370~\035\342\374-\341\335t\376"
  58      569DF0D6 
  58      F87E1DE2 
  58      FC2DE1DD 
  58      74FE
  59 0142 69448999 		.ascii	"iD\211\231/\230i\255p0\336jepHX/\334k<\242\362\271\302"
  59      2F9869AD 
  59      7030DE6A 
  59      65704858 
  59      2FDC6B3C 
  60 015a FAFCD8DE 		.ascii	"\372\374\330\336\307\266\230\365\256\177\306W\"\257"
  60      C7B698F5 
  60      AE7FC657 
  60      22AF
  61 0168 02F5F166 		.ascii	"\002\365\361f\205\301w\302<\250\2275\001\237/\314\235"
  61      85C177C2 
  61      3CA89735 
  61      019F2FCC 
  61      9D
  62 0179 D7F67F30 		.ascii	"\327\366\1770\222\266B\244U\341p\274Sep\004f\222|\270"
  62      92B642A4 
  62      55E170BC 
  62      53657004 
  62      66927CB8 
  63 018d B4BFD766 		.ascii	"\264\277\327f\316k\032>\036<^:\024\233W\030\360\371"
  63      CE6B1A3E 
  63      1E3C5E3A 
  63      149B5718 
  63      F0F9
  64 019f FAEDE3C3 		.ascii	"\372\355\343\303\211\374]\021\271\266\257{U\326\036"
  64      89FC5D11 
  64      B9B6AF7B 
  64      55D61E
  65 01ae 3DACEBE1 		.ascii	"=\254\353\341\341\300\214\355\272~N\227\015\236\000"
  65      E1C08CED 
  65      BA7E4E97 
  65      0D9E00
  66 01bd C7CCE8DF 		.ascii	"\307\314\350\337c\364\243b~\214\324\341\301H\215\314"
  66      63F4A362 
  66      7E8CD4E1 
  66      C1488DCC 
  67 01cd 17086764 		.ascii	"\027\010gd\363\231r\031\255T\324c\377\224m%\246U\205"
  67      F3997219 
  67      AD54D463 
  67      FF946D25 
  67      A65585
  68 01e0 1FC61616 		.ascii	"\037\306\026\026\263\236\356\377\247\303\306\337\023"
  68      B39EEEFF 
  68      A7C3C6DF 
  68      13
  69 01ed D6E29AC0 		.ascii	"\326\342\232\300\256\244\230u\330\237>b\225\340\370"
  69      AEA49875 
  69      D89F3E62 
  69      95E0F8
  70 01fc 84D63B87 		.ascii	"\204\326;\207\236\355H\266\312\320\004Y\320\210\277"
ARM GAS  /tmp/cczexbba.s 			page 5


  70      9EED48B6 
  70      CAD00459 
  70      D088BF
  71 020b 0D904570 		.ascii	"\015\220Ep!S'\300\012\214\361\321+u\035\020\326\237"
  71      215327C0 
  71      0A8CF1D1 
  71      2B751D10 
  71      D69F
  72 021d 3DDF805D 		.ascii	"=\337\200]N\037\216>JM\007l\215\204`#D\026 \036\260"
  72      4E1F8E3E 
  72      4A4D076C 
  72      8D846023 
  72      4416201E 
  73 0232 C3A85581 		.ascii	"\303\250U\201\346k\303\305\304d\240yM\002j|*P\023\323"
  73      E66BC3C5 
  73      C464A079 
  73      4D026A7C 
  73      2A5013D3 
  74 0246 188564EC 		.ascii	"\030\205d\354s\314B\007\242\014q\306\277|\020\326\207"
  74      73CC4207 
  74      A20C71C6 
  74      BF7C10D6 
  74      87
  75 0257 229B15CA 		.ascii	"\"\233\025\312\033\344\012\226\326\320p\277K)z\252\253"
  75      1BE40A96 
  75      D6D070BF 
  75      4B297AAA 
  75      AB
  76 0268 06B75571 		.ascii	"\006\267Uq\254\005NB\021\013r9\310-Dxc\264\325B\235"
  76      AC054E42 
  76      110B7239 
  76      C82D4478 
  76      63B4D542 
  77 027d 4F02157B 		.ascii	"O\002\025{?\335\340\311\254\037|\031\242p,\002\203\260"
  77      3FDDE0C9 
  77      AC1F7C19 
  77      A2702C02 
  77      83B0
  78 028f 3E28BDD1 		.ascii	">(\275\321|)\220\024\013\0129\346\276\313\020|<\235"
  78      7C299014 
  78      0B0A39E6 
  78      BECB107C 
  78      3C9D
  79 02a1 7C007CFE 		.ascii	"|\000|\376\201\246\210\215\2261\342\326\212\257\313"
  79      81A6888D 
  79      9631E2D6 
  79      8AAFCB
  80 02b0 146D0E21 		.ascii	"\024m\016!\213\233\255\244.0\370\021\264 \216\037\245"
  80      8B9BADA4 
  80      2E30F811 
  80      B4208E1F 
  80      A5
  81 02c1 1509F1BA 		.ascii	"\025\011\361\272DS\007\244;E:\005u%\273\326onH33\332"
  81      445307A4 
  81      3B453A05 
  81      7525BBD6 
  81      6F6E4833 
ARM GAS  /tmp/cczexbba.s 			page 6


  82 02d7 F015562B 		.ascii	"\360\025V+\334\023%\212\005\220(@3\005\260\221\324?"
  82      DC13258A 
  82      05902840 
  82      3305B091 
  82      D43F
  83 02e9 2E91D5D4 		.ascii	".\221\325\324\211\271\234&]\362\304:\305\324\311\244"
  83      89B99C26 
  83      5DF2C43A 
  83      C5D4C9A4 
  84 02f9 3B43BA49 		.ascii	";C\272Ict\321\352\007]@:\325\324YHw\226t\251\330:\211"
  84      6374D1EA 
  84      075D403A 
  84      D5D45948 
  84      779674A9 
  85 0310 78D8DBDA 		.ascii	"x\330\333\332q\322\306\027\011\224\242\225\207\252\023"
  85      71D2C617 
  85      0994A295 
  85      87AA13
  86 031f 6228B5F8 		.ascii	"b(\265\370\263\375%m_\350!\337d\203\247@\313x\230\340"
  86      B3FD256D 
  86      5FE821DF 
  86      6483A740 
  86      CB7898E0 
  87 0333 1C64D1ED 		.ascii	"\034d\321\3551\2407\3114\226\024\310\200\363\270v\017"
  87      31A037C9 
  87      349614C8 
  87      80F3B876 
  87      0F
  88 0344 6F88BFCB 		.ascii	"o\210\277\313\017\337\202\027\264\225\352\370\011\177"
  88      0FDF8217 
  88      B495EAF8 
  88      097F
  89 0352 794C1190 		.ascii	"yL\021\220Uq\211\305-\265\325\315\376\220A+\255\361"
  89      557189C5 
  89      2DB5D5CD 
  89      FE90412B 
  89      ADF1
  90 0364 F8B5667F 		.ascii	"\370\265f\177v\200S.\006m$\220GQ\314\340\002X\261\222"
  90      7680532E 
  90      066D2490 
  90      4751CCE0 
  90      0258B192 
  91 0378 8B842EB0 		.ascii	"\213\204.\260\353\224r\267Q\377gb\346=0\364\312\014"
  91      EB9472B7 
  91      51FF6762 
  91      E63D30F4 
  91      CA0C
  92 038a 03FB41E7 		.ascii	"\003\373A\3472\322\250\25326\035.A\2468\005\277\337"
  92      32D2A8AB 
  92      32361D2E 
  92      41A63805 
  92      BFDF
  93 039c BFDA25E1 		.ascii	"\277\332%\341\033\270\014\262(\232A\273\270\216\253"
  93      1BB80CB2 
  93      289A41BB 
  93      B88EAB
  94 03ab 4F34F727 		.ascii	"O4\367'e\016\305\334\223I\373\360@}\247M\270\257\220"
ARM GAS  /tmp/cczexbba.s 			page 7


  94      650EC5DC 
  94      9349FBF0 
  94      407DA74D 
  94      B8AF90
  95 03be 1B3A4016 		.ascii	"\033:@\026\334\211\00606\010\245\275e7\233\301\004 "
  95      DC890630 
  95      3608A5BD 
  95      65379BC1 
  95      0420
  96 03d0 6D2CC7A9 		.ascii	"m,\307\251U\324s\370\0119\306\205\273\333\266m\342\270"
  96      55D473F8 
  96      0939C685 
  96      BBDBB66D 
  96      E2B8
  97 03e2 809FD013 		.ascii	"\200\237\320\0230\370\024\232\012\371\030\\\205\"\203"
  97      30F8149A 
  97      0AF9185C 
  97      852283
  98 03f1 BF447143 		.ascii	"\277DqC\351\002\350&\002:\215\246\031\375\255g\217\022"
  98      E902E826 
  98      023A8DA6 
  98      19FDAD67 
  98      8F12
  99 0403 1B68C5BA 		.ascii	"\033h\305\272S\227\025j\266$\006\366GK\353\306$\003"
  99      5397156A 
  99      B62406F6 
  99      474BEBC6 
  99      2403
 100 0415 82C51471 		.ascii	"\202\305\024q\252\301\323\320\002\235\264\035\232l\237"
 100      AAC1D3D0 
 100      029DB41D 
 100      9A6C9F
 101 0424 EF80A2D5 		.ascii	"\357\200\242\325R6\334\312\313p\015\014\250\304\373"
 101      5236DCCA 
 101      CB700D0C 
 101      A8C4FB
 102 0433 14EBF919 		.ascii	"\024\353\371\0314\372\367q\272e\275J\301\246\002\300"
 102      34FAF771 
 102      BA65BD4A 
 102      C1A602C0 
 103 0443 2FE81A84 		.ascii	"/\350\032\204u\241\347[\270\250h\354>^\251\"#\\\027"
 103      75A1E75B 
 103      B8A868EC 
 103      3E5EA922 
 103      235C17
 104 0456 E791F658 		.ascii	"\347\221\366Xw\277\341\257d\362N\303\306\337\240\303"
 104      77BFE1AF 
 104      64F24EC3 
 104      C6DFA0C3 
 105 0466 F8EA0851 		.ascii	"\370\352\010Qq\024\005\377\207\242.A\321\213\215\245"
 105      711405FF 
 105      87A22E41 
 105      D18B8DA5 
 106 0476 60BCEEFF 		.ascii	"`\274\356\377\242\250}\204\"e\014\0107\011\204qXe/c"
 106      A2A87D84 
 106      22650C08 
 106      37098471 
ARM GAS  /tmp/cczexbba.s 			page 8


 106      58652F63 
 107 048a D0436275 		.ascii	"\320Cbu<Vo\0079%gpk<V\275\002\253\333\243\260zf\334"
 107      3C566F07 
 107      39256770 
 107      6B3C56BD 
 107      02ABDBA3 
 108 04a2 3E611B21 		.ascii	">a\033!\246[\020sG\020\023\217G\344\005\036\024\\\\"
 108      A65B1073 
 108      4710138F 
 108      47E4051E 
 108      145C5C
 109 04b5 3EB2B8EF 		.ascii	">\262\270\357\006\340T\267\240\204\246\216\306\252\336"
 109      06E054B7 
 109      A084A68E 
 109      C6AADE
 110 04c4 F076CBBC 		.ascii	"\360v\313\274\243\372F$!\201A\037\314cC\330\301\240"
 110      A3FA4624 
 110      2181411F 
 110      CC6343D8 
 110      C1A0
 111 04d6 B85E1EE1 		.ascii	"\270^\036\341Hp\220RO{`\036v\234\337x\322\016x\203\002"
 111      48709052 
 111      4F7B601E 
 111      769CDF78 
 111      D20E7883 
 112 04eb 45C25CAF 		.ascii	"E\302\\\257\345\344h\346\217\313\253y\0125\257\307\256"
 112      E5E468E6 
 112      8FCBAB79 
 112      0A35AFC7 
 112      AE
 113 04fc D9F397AF 		.ascii	"\331\363\227\257]\231\347,\260\347\330\231%\337\221"
 113      5D99E72C 
 113      B0E7D899 
 113      25DF91
 114 050b E776CBDE 		.ascii	"\347v\313\336\202\317\0342\276s\310nO\201Kr\177\314"
 114      82CF1C32 
 114      BE73C86E 
 114      4F814B72 
 114      7FCC
 115 051d F33C2BA4 		.ascii	"\363<+\244\302\345|\265\327-\025\272\225\217\362\274"
 115      C2E57CB5 
 115      D72D15BA 
 115      958FF2BC 
 116 052d 8EF73D05 		.ascii	"\216\367=\005sFG\263\273\234N\327J\315\355\362\024z"
 116      734647B3 
 116      BB9C4ED7 
 116      4ACDEDF2 
 116      147A
 117 053f B5054B72 		.ascii	"\265\005Kr\027\346\256\301\320v\227\307\261\354\323"
 117      17E6AEC1 
 117      D07697C7 
 117      B1ECD3
 118 054e B9CE9C7C 		.ascii	"\271\316\234|6\177\002\265cM!i\265\205\271K\027/\325"
 118      367F02B5 
 118      634D2169 
 118      B585B94B 
 118      172FD5
ARM GAS  /tmp/cczexbba.s 			page 9


 119 0561 16A2585B 		.ascii	"\026\242X[\274\322\376\311\252\345\016\315\356\364\026"
 119      BCD2FEC9 
 119      AAE50ECD 
 119      EEF416
 120 0570 7897ADB0 		.ascii	"x\227\255\260\333\321\032_v\301\210&\337\273\326\213"
 120      DBD11A5F 
 120      76C18826 
 120      DFBBD68B 
 121 0580 EB937397 		.ascii	"\353\223s\227.\311\240\242\260\334\331\031Yo2\311\303"
 121      2EC9A0A2 
 121      B0DCD919 
 121      596F32C9 
 121      C3
 122 0591 14A7C3E9 		.ascii	"\024\247\303\351\362\254e\377\002u$\340("
 122      F2AC65FF 
 122      027524E0 
 122      28
 123              		.text
 124              		.section	.gnu.lto_chThdCreateFromMemoryPool.4536d2711f0a8ed3,"",%progbits
 125 0000 789C8594 		.ascii	"x\234\205\224mL\223W\024\307\357y\356C\237\322\202\370"
 125      6D4C9357 
 125      14C7EF79 
 125      EE439FD2 
 125      82F8
 126 0012 C29C636C 		.ascii	"\302\234cl\303e\215/Q\236e\331\213[\262d\213_\346\007"
 126      C3658D2F 
 126      519E65D9 
 126      8B5BB264 
 126      8B5FE607 
 127 0026 9245FDB2 		.ascii	"\222E\375\262d\211q\225)\311jI\213S?q-8ul\363e\021)"
 127      64897195 
 127      29C96A49 
 127      8B533F71 
 127      2D38756C 
 128 003e D83D8D86 		.ascii	"\330=\215\206\210t\2422e \242\235\210/\370J'l\012\""
 128      8874A232 
 128      6520A29D 
 128      882FF84A 
 128      276C0A22 
 129 0052 50CA44D1 		.ascii	"P\312D\321\314\305\315\315L\3359\267-\201B\034\201\322"
 129      CCC5CDCD 
 129      4CDD39B7 
 129      2D81421C 
 129      81D2
 130 0064 E739FFFF 		.ascii	"\3479\377\377\271\347\236\363\2737\211)l\227\231\261"
 130      B9E79EF3 
 130      BB378929 
 130      6C9799B1 
 131 0074 21C6D81B 		.ascii	"!\306\330\033\370\007I\014\224-\027\031[gV\024\265\225"
 131      F807490C 
 131      942D1719 
 131      5B675614 
 131      B595
 132 0086 3361E1A7 		.ascii	"3a\341\247Z\031\023)\034\324\350{\025\200\276\0103\260"
 132      5A191329 
 132      1CD4E87B 
 132      1580BE08 
ARM GAS  /tmp/cczexbba.s 			page 10


 132      33B0
 133 0098 4285AB50 		.ascii	"B\205\253P\010\233\371\016\016m\305\007v\362o\270\301"
 133      089BF90E 
 133      0E6DC507 
 133      76F26FB8 
 133      C1
 134 00a9 19A8F878 		.ascii	"\031\250\370x\357Byx\002=\002d\341c\205\010m\322f\355"
 134      EF427978 
 134      023D0264 
 134      E1638508 
 134      6DD266ED 
 135 00bd 11C22382 		.ascii	"\021\302#\202;B\226\212\332\313\"\331\340\012\363\242"
 135      3B42968A 
 135      DACB22D9 
 135      E00AF3A2 
 136 00cd BC0A3261 		.ascii	"\274\0122a\017d\322\352{a\026\212o\326\237\332h\346"
 136      0F64D2EA 
 136      7B61168A 
 136      6FD69FDA 
 136      68E6
 137 00df 2F03C3EF 		.ascii	"/\003\303\357\275=\367^\230Q)}\375\245\\\274bp\016\325"
 137      BD3DF75E 
 137      9851297D 
 137      FDA55CBC 
 137      62700ED5 
 138 00f3 C047FAF0 		.ascii	"\300G\372\360\025\203\000\314@\265\247\257\256\003\270"
 138      158300CC 
 138      40B5A7AF 
 138      AE03B8
 139 0102 4D3AFDED 		.ascii	"M:\375\355\376\325q\3474\257\010\252\006\026\373}\242"
 139      FED571E7 
 139      34AF08AA 
 139      0616FB7D 
 139      A2
 140 0113 5565B04F 		.ascii	"Ue\260OZ\003\236\337\356p>[Z7\235}\024\326b\336\216"
 140      5A039EDF 
 140      EE703E5B 
 140      5A379D7D 
 140      14D662DE 
 141 0128 EA8CED45 		.ascii	"\352\214\355E\342\003\203'AM\242\031\233\265_\232\317"
 141      E2038327 
 141      414DA219 
 141      9BB55F9A 
 141      CF
 142 0139 DF6A3C6C 		.ascii	"\337j<l\346\2724?\251\257\374\313\0323w\355\220%\233"
 142      E6BA343F 
 142      A9AFFCCB 
 142      1A3377ED 
 142      90259B
 143 014c E040A2D5 		.ascii	"\340@\242\325\304\340\240\264\336\026%M\300_\223\326"
 143      C4E0A0B4 
 143      DE16254D 
 143      C05F93D6 
 144 015c F68EBD8B 		.ascii	"\366\216\275\213c\316\241X\311\032\324&Z5\006?\300\014"
 144      63CEA158 
 144      C91AD426 
 144      5A35063F 
ARM GAS  /tmp/cczexbba.s 			page 11


 144      C00C
 145 016e D2DF2D8E 		.ascii	"\322\337-\216\364X\243=\237\206\217\007\216\026\337"
 145      F458A33D 
 145      9F868F07 
 145      8E16DF
 146 017d 89F53C08 		.ascii	"\211\365<\010\370|\265\367\350]\013\177S\246\336\327"
 146      F87CB5F7 
 146      E85D0B7F 
 146      53A6DED7 
 147 018d DFB5CAB6 		.ascii	"\337\265\312\266[\004\205\010\336\015\274\270M\2103"
 147      5B048508 
 147      DE0DBCB8 
 147      4D8833
 148 019c 02B39BA1 		.ascii	"\002\263\233\241.\232\3750f?$g\300H\035\274\035\016"
 148      2E9AFD30 
 148      663F2467 
 148      C0481DBC 
 148      1D0E
 149 01ae A8FC6DE9 		.ascii	"\250\374m\351\014\177\335\262YE+U5P=ykQ\324\252A\375"
 149      0C7FDDB2 
 149      59452B55 
 149      35503D79 
 149      6B51D4AA 
 150 01c4 E8C262D6 		.ascii	"\350\302b\326\223\221\177CV\376\256\264\256\013T\354"
 150      93917F43 
 150      56FEAEB4 
 150      AE0B54EC 
 151 01d4 4C8959BB 		.ascii	"L\211Y\273\2533\342V\005\216\214k\355;\370x{\252I\205"
 151      AB33E256 
 151      058E8C6B 
 151      ED3BF878 
 151      7BAA4985 
 152 01e8 46B04103 		.ascii	"F\260A\003\330v\243\342G\260\021#\210\306Q0\001c<\036"
 152      D876A3E2 
 152      47B01123 
 152      88C65130 
 152      01633C1E 
 153 01fc A4C8FE10 		.ascii	"\244\310\376\020\004\305\343'\033pH\263\313\233\007"
 153      04C5E327 
 153      1B7048B3 
 153      CB9B07
 154 020b 6A94E701 		.ascii	"j\224\347\001\333\243 \240H\0036\030e\032\320x-\370"
 154      DBA320A0 
 154      48033618 
 154      651AD078 
 154      2DF8
 155 021d 3AD98A1F 		.ascii	":\331\212\037\226T\240\211\245\0015\177\022P\037\323"
 155      9654A089 
 155      A501357F 
 155      12501FD3 
 156 022d 19A564EC 		.ascii	"\031\245d\354K\\\205\270.A*\361?\277\015\305\376\360"
 156      4B5C85B8 
 156      2E412AF1 
 156      3FBF0DC5 
 156      FEF0
 157 023f 768DD6F5 		.ascii	"v\215\326\365q\023V\327\3200\324\251\025>\022f\203["
 157      711356D7 
ARM GAS  /tmp/cczexbba.s 			page 12


 157      D030D4A9 
 157      153E1266 
 157      835B
 158 0251 BD1C6B81 		.ascii	"\275\034k\201&(d>\216\033Ja\021\360d\311\022qM\224\263"
 158      2628643E 
 158      8E1B4A61 
 158      11F064C9 
 158      12714D94 
 159 0266 7E28BED6 		.ascii	"~(\276\326|1\220\022\263Cvt\223%\210*\036'>\010\236"
 159      7C319012 
 159      B3437674 
 159      9325882A 
 159      1E273E08 
 160 027b F2C1A688 		.ascii	"\362\301\246\210\225\302\230zK\351w%\232>\227\000\305"
 160      95C2987A 
 160      4BE97725 
 160      9A3E9700 
 160      C5
 161 028c 6D95D17E 		.ascii	"m\225\321~\031\034\003\335\207\263Fiir\242\316\022\325"
 161      191C03DD 
 161      87B34669 
 161      6972A2CE 
 161      12D5
 162 029e 01E98E93 		.ascii	"\001\351\216\223\316D\272#\203g\"S\242+ZP]\272\376\304"
 162      CE44BA23 
 162      83672253 
 162      A22B5A50 
 162      5DBAFEC4 
 163 02b2 258D70E0 		.ascii	"%\215p\340r\030\017N\267nL1\300\267N\010\221e\360T\254"
 163      72180F4E 
 163      B76E4C31 
 163      C0B74E08 
 163      9165F054 
 164 02c7 1C31C994 		.ascii	"\0341\311\224\235\257\354\367\324h\372>\021\015M\200"
 164      9DAFECF7 
 164      D468FA3E 
 164      110D4D80 
 165 02d7 9FC08032 		.ascii	"\237\300\2002l\004\246?\001:\346.\332\371\305G\321\314"
 165      6C04A63F 
 165      013AE62E 
 165      DAF9C547 
 165      D1CC
 166 02e9 565C0CF3 		.ascii	"V\\\014\363\313\272\306\333B\25449\263f*\315J\322\362"
 166      CBBAC6DB 
 166      42AC3439 
 166      B3662ACD 
 166      4AD2F2
 167 02fc 315B488A 		.ascii	"1[H\212\352T\322\235$]\352\370:ST\227D\272\026\322\245"
 167      EA54D29D 
 167      245DEAF8 
 167      3A535497 
 167      44BA16D2 
 168 0311 8DD2DDAF 		.ascii	"\215\322\335\257\272\327\011\244\323\242:\023\351N\221"
 168      BAD709A4 
 168      D3A23A13 
 168      E94E91
 169 0320 6E120E45 		.ascii	"n\022\016E\221\233k\015\035\267\362\367d\023\356\227"
ARM GAS  /tmp/cczexbba.s 			page 13


 169      919B6B0D 
 169      1DB7F2F7 
 169      6413EE97 
 170 0330 1DAC4A8E 		.ascii	"\035\254J\216\021y\332;\263\274\350\334W\302\357\231"
 170      1179DA3B 
 170      B3BCE8DC 
 170      57C2EF99 
 171 0340 68F03438 		.ascii	"h\36048=\226I8\00364m\030\024M*52\015\262\340,\306n"
 171      3D964938 
 171      0336346D 
 171      18144D2A 
 171      35320DB2 
 172 0358 E145D3B8 		.ascii	"\341E\323\270\371\320\015\030\206\266\230Z\027\374\266"
 172      F9D00D18 
 172      86B6985A 
 172      17FCB6
 173 0367 DE2A41F5 		.ascii	"\336*A\365r\205%\204\316\325\314\371\230A+\305xb\254"
 173      72852584 
 173      CED5CCF9 
 173      98412BC5 
 173      7862AC
 174 037a D93BB382 		.ascii	"\331;\263\202\323Z\014\316\221@\035q\030\030\234\007"
 174      D35A0CCE 
 174      91401D71 
 174      18189C07 
 175 038a DC135C20 		.ascii	"\334\023\\ \374\201\265\321\222\273\214\332\277-\323"
 175      FC81B5D1 
 175      92BB8CDA 
 175      BF2DD3
 176 0399 FBC01065 		.ascii	"\373\300\020e8\255\211\362x\207\033\205Y\305\201\301"
 176      38AD89F2 
 176      78871B85 
 176      59C581C1 
 177 03a9 45982E47 		.ascii	"E\230.G\372\373\320\225N\005\337\300%Pe\321\014.\313"
 177      FAFBD095 
 177      4E05DFC0 
 177      255065D1 
 177      0C2ECB
 178 03bc 9BB9EA58 		.ascii	"\233\271\352Xs$ez$\346\236D\332?jj\333\255\322\335F"
 178      7324657A 
 178      24E69E44 
 178      DA3F6A6A 
 178      DBADD2DD 
 179 03d1 6E08812A 		.ascii	"n\010\201*\211\226\015`\014\217BO\311\365\026\210\002"
 179      89960D60 
 179      0C8F424F 
 179      C9F51688 
 179      02
 180 03e2 903EFA2C 		.ascii	"\220>\372,L\366\322l\340g<\013\030\030\330\272u\023"
 180      4CF6D26C 
 180      E0673C0B 
 180      1818D8BA 
 180      7513
 181 03f4 C700FEF8 		.ascii	"\307\000\376\370\037\202\301\247\320T\310\307\340\012"
 181      1F82C1A7 
 181      D054C8C7 
 181      E00A
ARM GAS  /tmp/cczexbba.s 			page 14


 182 0402 141A3C9D 		.ascii	"\024\032<\235\362\3723\344Qi\244\243\222N\323\274\177"
 182      F2FA33E4 
 182      5169A4A3 
 182      924ED3BC 
 182      7F
 183 0413 B3BB528B 		.ascii	"\263\273R\213\015t\230Ze\014\265\376\251\006\177\006"
 183      0D74985A 
 183      650CB5FE 
 183      A9067F06 
 184 0423 2DD03E2E 		.ascii	"-\320>.\266S\241Cb\253\321\344~\001\035\005-O\036\004"
 184      B653A143 
 184      62ABD1E4 
 184      7E011D05 
 184      2D4F1E04 
 185 0437 D328D9B3 		.ascii	"\323(\331\263\240\300\257\350\222\007\357\306\360bO"
 185      A0C0AFE8 
 185      9207EFC6 
 185      F0624F
 186 0446 CD7EBD29 		.ascii	"\315~\275)\\\307\207\263kpUf7S\366k\004\230\212\215"
 186      5CC787B3 
 186      6B705566 
 186      3753F66B 
 186      04988A8D 
 187 045a 59EFDF8D 		.ascii	"Y\357\337\215J\332\337\350\256L\363\022\211\320)o\010"
 187      4ADADFE8 
 187      AE4CF312 
 187      89D0296F 
 187      08
 188 046b EAD8FEA1 		.ascii	"\352\330\376\241\206\177R\251\222\347p\214]\220i\360"
 188      867F52A9 
 188      92E7708C 
 188      5D9069F0 
 189 047b 8C389F09 		.ascii	"\2148\237\011L\372\376\207\311\353\222\311\3416\245"
 189      4CFAFE87 
 189      C9EB92C9 
 189      E136A5
 190 048a 61BEEEA7 		.ascii	"a\276\356\2471\031\2123\251\215\302\352\006a5\006\322"
 190      31198A33 
 190      A98DC2EA 
 190      06613506 
 190      D2
 191 049b 994B18F4 		.ascii	"\231K\030\364\220\330<\026\322\327}\234\026g\320;\026"
 191      90D83C16 
 191      D2D77D9C 
 191      1667D03B 
 191      16
 192 04ac D23E0969 		.ascii	"\322>\011ix\004\244\217\215\336c\3268\177\335\222\277"
 192      7804A48F 
 192      8DDE63D6 
 192      387FDD92 
 192      BF
 193 04bd 7EC95F22 		.ascii	"~\311_\"l\221a\330(\271\274$Uy\003\017\302\211.\311"
 193      6C9161D8 
 193      28B9BC24 
 193      5579030F 
 193      C2892EC9 
 194 04d1 1C318446 		.ascii	"\0341\204FoOp[\322\274:\261\021\27123\030\200y\354\016"
ARM GAS  /tmp/cczexbba.s 			page 15


 194      6F4F705B 
 194      D2BC3AB1 
 194      11B93233 
 194      188079EC 
 195 04e6 76D027AF 		.ascii	"v\320'\257\301?\001hpJ\367\345\300<\3548\177x\244\015"
 195      C13F0168 
 195      704AF7E5 
 195      C03CEC38 
 195      7F78A40D 
 196 04fa F04E07CA 		.ascii	"\360N\007\312\204k\275\224\235\255G\177\235n\335U\240"
 196      846BBD94 
 196      9DAD477F 
 196      9D6EDD55 
 196      A0
 197 050b BB5D76DD 		.ascii	"\273]v\335\276b\331\332\225K\035y\366l;S\034\371*~\317"
 197      BE62D9DA 
 197      954B1D79 
 197      F66C3B53 
 197      1CF92A7E 
 198 0520 55F35D79 		.ascii	"U\363]yN%\377S\276\324\265\\)X\306W\273\363\225\202"
 198      4E25FF53 
 198      BED4B55C 
 198      2958C657 
 198      BBF39582 
 199 0534 7CED93A5 		.ascii	"|\355\223\245\356\334\017]ysGf\261;\035\016\347J=\337"
 199      EEDC0F5D 
 199      79734766 
 199      B13B1D0E 
 199      E74A3DDF 
 200 0548 E92A70EB 		.ascii	"\351*p\353\357/\314\231\237\263\006S\332\235\256\334"
 200      EF2FCC99 
 200      9FB30653 
 200      DA9DAEDC 
 201 0558 259FBFE5 		.ascii	"%\237\277\345\310^\301\336\031G\235\273\246\200\264"
 201      C85EC1DE 
 201      19479DBB 
 201      A680B4
 202 0567 FAFC9C45 		.ascii	"\372\374\234E\013\026\351\363Q\254/Xi\377l\325\262\\"
 202      0B16E9F3 
 202      51AC2F58 
 202      69FF6CD5 
 202      B25C
 203 0579 DDEE70E7 		.ascii	"\335\356p\347\271\227,\267\333\321\232Xn^\\\263\302"
 203      B9972CB7 
 203      DBD19A58 
 203      6E5E5CB3 
 203      C2
 204 058a BDD68DF1 		.ascii	"\275\326\215\361\2119\213\026fQQX\356\234,\333\253L"
 204      89398B16 
 204      66515158 
 204      EE9C2CDB 
 204      AB4C
 205 059c 7131CD91 		.ascii	"q1\315\221\353p\272\326\262\377\000\034\255\374\324"
 205      EB70BAD6 
 205      B2FF001C 
 205      ADFCD4
 206              		.text
ARM GAS  /tmp/cczexbba.s 			page 16


 207              		.section	.gnu.lto_.symbol_nodes.4536d2711f0a8ed3,"",%progbits
 208 0000 789C55CE 		.ascii	"x\234U\316\261\021\2030\024\003P}\331^\203Y`\262\357"
 208      B1118330 
 208      1403507D 
 208      D95E8359 
 208      60B2EF
 209 0013 8EBB54D4 		.ascii	"\216\273T\324\264\030\270\254\220\232\232\031(X#\271"
 209      B418B8AC 
 209      909A9A19 
 209      285823B9 
 210 0023 88A4C1BF 		.ascii	"\210\244\301\277\221\356\251\371\011\304\010\035':0"
 210      91EEA9F9 
 210      09C4081D 
 210      273A30
 211 0032 EC80E295 		.ascii	"\354\200\342\225;I\241[%\266\322\371\023 \347V\260\320"
 211      3B49A15B 
 211      25B6D2F9 
 211      1320E756 
 211      B0D0
 212 0044 4305333D 		.ascii	"C\0053=V\360\244\247;\004D\224\343cAm\353\337M\320\003"
 212      56F0A4A7 
 212      3B044494 
 212      E363416D 
 212      EBDF4DD0 
 213 0059 E5A1B4F4 		.ascii	"\345\241\264\364w-\347\345F\234r|\001\212\000'\265"
 213      772DE7E5 
 213      469C727C 
 213      018A0027 
 213      B5
 214              		.text
 215              		.section	.gnu.lto_.refs.4536d2711f0a8ed3,"",%progbits
 216 0000 789C6365 		.ascii	"x\234ce`b`d\000\002\000\000I\000\011"
 216      60626064 
 216      00020000 
 216      490009
 217              		.text
 218              		.section	.gnu.lto_.decls.4536d2711f0a8ed3,"",%progbits
 219 0000 789CB53A 		.ascii	"x\234\265:iTT\351\225\365\275\357U\025\024U`\320\311"
 219      695454E9 
 219      95F5BDEF 
 219      55151455 
 219      60D0C9
 220 0013 980E27E9 		.ascii	"\230\016'\351\3231\023\2223\212\332\235\356NNNN\367"
 220      D3311392 
 220      338ADA9D 
 220      EE4E4E4E 
 220      4EF7
 221 0025 7826E93E 		.ascii	"x&\351>\223\236\316\211\351\231_\231:XT\013\221-UE\333"
 221      939ECE89 
 221      E9995F99 
 221      3A58540B 
 221      912D5545 
 222 003a CE9F148B 		.ascii	"\316\237\024\213\250\200\242(\310\252\310&\253\270\341"
 222      A880A228 
 222      C8AAC826 
 222      ABB8E1
 223 0049 02A8888A 		.ascii	"\002\250\210\212\210\202\270/ \253\202\"\202\002\212"
ARM GAS  /tmp/cczexbba.s 			page 17


 223      8882B82F 
 223      20AB8222 
 223      82028A
 224 0058 80C0DC6F 		.ascii	"\200\300\334o\251z\257\212*\265\347\314p\270\365\336"
 224      A97AAF8A 
 224      2AB5E7CC 
 224      70B8F5DE 
 225 0068 FDDEFDEE 		.ascii	"\375\336\375\356~\357\367\275E\251\020\024MK\025\212"
 225      7EEFF7BD 
 225      45A91014 
 225      4D4B158A 
 226 0078 5FAB158A 		.ascii	"_\253\025\212\207H\241\230\205?\254P(*\000\310\321\017"
 226      8748A198 
 226      853FAC50 
 226      282A00C8 
 226      D10F
 227 008a 4005F0A5 		.ascii	"@\005\360\245\202\375\221\363S@\327\011p\037`\022\000"
 227      82FD91F3 
 227      5340D709 
 227      701F6012 
 227      00
 228 009b 58284441 		.ascii	"X(DA1\347\357\357\300\340\0358\372\002,\000\260\000"
 228      31E7EFEF 
 228      C0E01D38 
 228      FA022C00 
 228      B000
 229 00ad 6D39C065 		.ascii	"m9\300e8\277\000P\007p\030\340+\2001\030\377\015\200"
 229      38BF0050 
 229      077018E0 
 229      2B803118 
 229      FF0D80
 230 00c0 5260B266 		.ascii	"R`\262f\341\374\004\034\325\200k\001t\000\336\000\023"
 230      E1FC041C 
 230      D5806B01 
 230      7400DE00 
 230      13
 231 00d1 301E05F0 		.ascii	"0\036\005\360\013\304t\363\021\230N\275\200\203\011"
 231      0BC474F3 
 231      11984EBD 
 231      808309
 232 00e0 8A11380E 		.ascii	"\212\0218\016\002<\006x\002\360\024`\030 \035\300\223"
 232      023C0678 
 232      02F01460 
 232      18201DC0 
 232      93
 233 00f1 EB4EF4F5 		.ascii	"\353N\364\365\005X\000\360\216\300l \266\370\301\371"
 233      055800F0 
 233      8EC06C20 
 233      B6F8C1F9 
 234 0101 8F5CD871 		.ascii	"\217\\\330q\012\354\370\241\223\035\355\310\265\015"
 234      0AECF8A1 
 234      931DEDC8 
 234      B50D
 235 010f 447762C7 		.ascii	"Dwb\307\217\201\017\006\270\313\355\375\256\266x\312"
 235      8F810F06 
 235      B8CBEDFD 
 235      AEB678CA 
ARM GAS  /tmp/cczexbba.s 			page 18


 236 011f 6CB9E5C6 		.ascii	"l\271\345\306\2365\234\216\304B|\203M\304l\177'\333"
 236      9E359C8E 
 236      C4427C83 
 236      4DC46C7F 
 236      27DB
 237 0131 76627464 		.ascii	"vbtd\363\331\023B\007jG\204d\036\035E\210\375\"\012"
 237      F3D91342 
 237      076A4784 
 237      641E1D45 
 237      88FD220A 
 238 0145 149DB5FD 		.ascii	"\024\235\265\375!D\307aT\240\277\214\220\016!\333\014"
 238      2144C761 
 238      54A0BF8C 
 238      900E21DB 
 238      0C
 239 0156 8E0B1C15 		.ascii	"\216\013\034\0258K\372\317'#\031Gv\231I\262\375)\030"
 239      384BFACF 
 239      27231947 
 239      769949B2 
 239      FD2918
 240 0169 39D34441 		.ascii	"9\323DA\271\263\331H\220\004 $\237 c\310\324\346\327"
 240      B9B3D948 
 240      90042024 
 240      9F2063C8 
 240      D4E6D7
 241 017c EDFA2924 		.ascii	"\355\372)$\343\220\315\372g\031\227\3724\235\350\036"
 241      E390CDFA 
 241      671997FA 
 241      349DE81E 
 242 018c 19CDFD04 		.ascii	"\031\315\375\004\321\261\335\343\305Sj, r\3369Q\374"
 242      D1B1DDE3 
 242      C5536A2C 
 242      2072DE39 
 242      51FC
 243 019e BB25E556 		.ascii	"\273%\345V\366\347\261Dr\333\276\362\251\375\032\342"
 243      F6E7B144 
 243      72DBBEF2 
 243      A9FD1AE2 
 244 01ae 72F49516 		.ascii	"r\364\225\026\255\022\311\320\225\270\375\331x\013F"
 244      AD12C9D0 
 244      95B8FDD9 
 244      780B46
 245 01bd BE1A2412 		.ascii	"\276\032$\022\326\315\231\275\336\200.\320\240w]O87"
 245      D6CD99BD 
 245      DE802ED0 
 245      A0775D4F 
 245      3837
 246 01cf 3B5EE7C3 		.ascii	";^\347\303&\010\200^}z)\307\213M\230\007\350\340\241"
 246      2608805E 
 246      7D7A29C7 
 246      8B4D9807 
 246      E8E0A1
 247 01e2 4B857861 		.ascii	"K\205xa\032\225\034k\235'\240\377\370>\332\217\374P"
 247      1A951C6B 
 247      9D27A0FF 
 247      F83EDA8F 
 247      FC50
ARM GAS  /tmp/cczexbba.s 			page 19


 248 01f4 25824C41 		.ascii	"%\202LA\007\320B\370\335\207D\246\316\341\312K9\032"
 248      07D042F8 
 248      DD8744A6 
 248      CEE1CA4B 
 248      391A
 249 0206 6D82D51A 		.ascii	"m\202\325\032c\335\032k\365\374\214\\G\025@]N\251\017"
 249      63DD1A6B 
 249      F5FC8C5C 
 249      4715405D 
 249      4EA90F
 250 0219 222D2A45 		.ascii	"\"-*EK\030me}\301\240\007\3761\261O8\323\332t\331\013"
 250      4B186D65 
 250      7DC1A007 
 250      FE31B14F 
 250      38D3DA74 
 251 022f 69FDDDCC 		.ascii	"i\375\335\314DU\310_6\271\210\350R7\033\367\303b\253"
 251      4455C85F 
 251      36B988E8 
 251      52371BF7 
 251      C362AB
 252 0242 751E3A0C 		.ascii	"u\036:\014\343\207\020\346\327\010\031\347?\2323*RK"
 252      E38710E6 
 252      D70819E7 
 252      3F9A332A 
 252      524B
 253 0254 094519A2 		.ascii	"\011E\031\242\266\336k,)#\316\371\231\006\221\030\371"
 253      B6DE6B2C 
 253      2923CEF9 
 253      99069118 
 253      F9
 254 0265 10BAC1E3 		.ascii	"\020\272\301\343\023:6D(\256&\217\024\250\361\277Q\265"
 254      133A3644 
 254      28AE268F 
 254      14A8F1BF 
 254      51B5
 255 0277 329A6ED5 		.ascii	"2\232n\325\213\310_\303\004\216g\3766c\304j}\027\325"
 255      8BC85FC3 
 255      048E67FE 
 255      3663C46A 
 255      7D17D5
 256 028a 200D3A2E 		.ascii	" \015:.I\374\231\006~7\3325WHjW\203\332\300\226\320"
 256      49FC9906 
 256      7E37DA35 
 256      57486A57 
 256      83DAC096 
 257 029f A1633078 		.ascii	"\241c0x\024\006ADI\301\266<\025>\205\250\214\206\223"
 257      14064144 
 257      49C1B63C 
 257      153E85A8 
 257      8C8693
 258 02b2 6DB745A4 		.ascii	"m\267E\244\361w\311\340\244\013\006L\231\363\307\337"
 258      F177C9E0 
 258      A40B064C 
 258      99F3C7DF 
 259 02c2 6B586FB5 		.ascii	"kXo\265\012\350\004(S+)\003\2721\363\255;\246v\353p"
 259      0AE80428 
 259      532B2903 
ARM GAS  /tmp/cczexbba.s 			page 20


 259      BA31F3AD 
 259      3BA676EB 
 260 02d7 11CD1FC1 		.ascii	"\021\315\037\301\372\340\334\003\301\235\220\323n\205"
 260      FAE0DC03 
 260      C19D90D3 
 260      6E85
 261 02e5 8C37BF9B 		.ascii	"\2147\277\233>I,\256\003!\247$!'lB\352N\235O\322R\037"
 261      3E492CAE 
 261      0321A724 
 261      21276C42 
 261      EA4E9D4F 
 262 02fc 138A23CC 		.ascii	"\023\212#\314\3077^\236\230\324\342~*Y\354\312\037y"
 262      C7375E9E 
 262      98D4E27E 
 262      2A59ECCA 
 262      1F79
 263 030e AC42FE7E 		.ascii	"\254B\376~\010i\000\212l)\254@\0150\341\014\302\266"
 263      0869008A 
 263      6C29AC40 
 263      0D30E10C 
 263      C2B6
 264 0320 16906905 		.ascii	"\026\220i\005\335\236\376\235\0143_>\315\263\342\205"
 264      DD9EFE9D 
 264      0C335F3E 
 264      CDB3E285 
 265 0330 0AF4BE1F 		.ascii	"\012\364\276\037Z\012:\236\005\035\311%\005:\017\032"
 265      5A0A3A9E 
 265      051DC925 
 265      053A0F1A 
 266 0340 9E030D33 		.ascii	"\236\003\0153\255\036t\004\004nm\336\223\345\251\341"
 266      AD1E7404 
 266      046E6DDE 
 266      93E5A9E1 
 267 0350 B336BE76 		.ascii	"\2636\276v\026P?\035m\277.\310s\264\0214\221r\364\002"
 267      16503F1D 
 267      6DBF2EC8 
 267      73B41134 
 267      9172F402 
 268 0364 CD1F42D8 		.ascii	"\315\037B\330\235\320\363HI\215\2031T\357\230@_\316"
 268      9DD0F348 
 268      498D8331 
 268      54EF9840 
 268      5FCE
 269 0376 4DA02F59 		.ascii	"M\240/Y\002\025L\014\037\325\342A\346\370+'\236t{\330"
 269      02154C0C 
 269      1FD5E241 
 269      E6F82B27 
 269      9E747BD8 
 270 038a 33A8B3E3 		.ascii	"3\250\263\343\275\232\016\342\317\313 \262Y\362\347"
 270      BD9A0EE2 
 270      CFCB20B2 
 270      59F2E7
 271 0399 976E33A8 		.ascii	"\227n3\250\005,\370\222\307\346\022\014^d6\234?\020"
 271      052CF892 
 271      C7E6120C 
 271      5E64369C 
 271      3F10
ARM GAS  /tmp/cczexbba.s 			page 21


 272 03ab 7B995531 		.ascii	"{\231U1\341\324\304T\313\254\031kR\262:\366\220\325"
 272      E1D4C454 
 272      CBAC196B 
 272      52B23AF6 
 272      90D5
 273 03bd B12FABE3 		.ascii	"\261/\253\343#}\027\0324\254\254\255\010\360\243CeG"
 273      237D171A 
 273      34ACACAD 
 273      08F0A343 
 273      6547
 274 03cf 750CAF23 		.ascii	"u\014\257#\263\217\217Z\017\353\360]Lm8;\326Y\244\305"
 274      B38F8F5A 
 274      0FEBF05D 
 274      4C6D383B 
 274      D659A4C5 
 275 03e3 DD0C19E9 		.ascii	"\335\014\031\351(.\365\304}\014\331\332>Q\353\205\007"
 275      282EF5C4 
 275      7D0CD9DA 
 275      3E51EB85 
 275      07
 276 03f4 1952187F 		.ascii	"\031R\030\177\243\337\033?cHy}F\223\027\236fH^\364\215"
 276      A3DF1B3F 
 276      6348797D 
 276      4693179E 
 276      66485EF4 
 277 0409 8B3A1C23 		.ascii	"\213:\034#\262\3565\325Q\205\361\006\206\224\316\214"
 277      B2EE35D5 
 277      5185F106 
 277      8694CE8C 
 278 0419 35F9E024 		.ascii	"5\371\340$\206\264\355jx\244\305\231\014\331U?\034\255"
 278      86B4ED6A 
 278      78A4C599 
 278      0CD9553F 
 278      1CAD
 279 042b B51BC57A 		.ascii	"\265\033\305zS\332\265\350\215\230\216\201\027:\231"
 279      53DAB5E8 
 279      8D988E81 
 279      173A99
 280 043a 9D5DB93D 		.ascii	"\235]\271=\335\202\235\256\213\015\036O}\336\356-oS"
 280      DD829DAE 
 280      8B0D1E4F 
 280      7DDEEE2D 
 280      6F53
 281 044c D0DEA436 		.ascii	"\320\336\2446\325C\333T\267\255M\025?\210\313\326\311"
 281      D543DB54 
 281      B7AD4D15 
 281      3F88CBD6 
 281      C9
 282 045d 53A0C7A1 		.ascii	"S\240\307\241M\365\312\333\324\311\251\262f\001\347"
 282      4DF5CADB 
 282      D4C9A9B2 
 282      6601E7
 283 046c 531585E2 		.ascii	"S\025\205\342\244\2664\214\374\265,\234\227\267\340"
 283      A4B6348C 
 283      FCB52C9C 
 283      97B7E0
 284 047b E27CE022 		.ascii	"\342|\340\"\242>\230q_\212g/\315!7\374\321\003\210\251"
ARM GAS  /tmp/cczexbba.s 			page 22


 284      A23E9871 
 284      5F8A672F 
 284      CD2137FC 
 284      D10388A9 
 285 048f 83881D69 		.ascii	"\203\210\035i\267K}p'\363\302\261\023O\226\263\250\371"
 285      B74B7D70 
 285      27F3C2B1 
 285      134F96B3 
 285      A8F9
 286 04a1 01567DEF 		.ascii	"\001V}\357Y\035o\306]$j\305\225\373ny\341\307\214\264"
 286      591D6FC6 
 286      5D246AC5 
 286      95FB6E79 
 286      E1C78CB4 
 287 04b5 6C3CAECA 		.ascii	"l<\256\312\007\0173\304\026O_\036\317\342\276\354-Z"
 287      070F33C4 
 287      164F5F1E 
 287      CFE2BEEC 
 287      2D5A
 288 04c7 867F0CE8 		.ascii	"\206\177\014\350\365\326\216B\214\2373\332\366C\233"
 288      F5D68E42 
 288      8C9F33DA 
 288      F6439B
 289 04d6 CF78E019 		.ascii	"\317x\340\031\206\324\034\255m\340i\263\024\320\330"
 289      86D41CAD 
 289      6DE069B3 
 289      14D0D8
 290 04e5 FB39DDDE 		.ascii	"\3739\335\3368^I\2575$\307%ip2E\204\262\315\033\007"
 290      385E49AF 
 290      3524C725 
 290      69703245 
 290      84B2CD1B 
 291 04fa DD76AAB1 		.ascii	"\335v\252\261\3274\221\177fMd\024\2425\342\242\211d"
 291      D734917F 
 291      664D6414 
 291      A235E2A2 
 291      8964
 292 050c 8DDE7BE4 		.ascii	"\215\336{\344\311\024\360'\335\261z\264P\205\263\230"
 292      C914F027 
 292      DDB17AB4 
 292      5085B398 
 293 051c 02677BAF 		.ascii	"\002g{\2575*q\001Cr\353\273\027\343*v^\235Z\373\304"
 293      352A7101 
 293      4372EBBB 
 293      17E32A76 
 293      5E9D5AFB 
 294 0531 035733A4 		.ascii	"\003W3\244gv\346\257\270\211\235o*\337\324\340\215\257"
 294      6776E6AF 
 294      B8899D6F 
 294      2ADFD4E0 
 294      8DAF
 295 0543 3224EF54 		.ascii	"2$\357T\315\240\032\3670\304\266\022\372\262\225\260"
 295      CDA01AF7 
 295      30C4B612 
 295      FAB295B0 
 296 0553 78A0F315 		.ascii	"x\240\363\025\306\317\330\265\356\366\363\373\275\361"
 296      C6CFD8B5 
ARM GAS  /tmp/cczexbba.s 			page 23


 296      EEF6F3FB 
 296      BDF1
 297 0561 28436AC6 		.ascii	"(Cj\306\263j|\360$C\232{gG48Z\305\234\2349S'\342\215"
 297      B36A7CF0 
 297      24439A7B 
 297      67473438 
 297      5AC59C9C 
 298 057a 0C59BFB9 		.ascii	"\014Y\277\271b'\251(\025k\005j\030\272\377t\362\210"
 298      6227A928 
 298      156B056A 
 298      18BAFF74 
 298      F288
 299 058c C88688ED 		.ascii	"\310\206\210\355\337\302PNF\373\001o\234D\247\010\203"
 299      DFC2504E 
 299      46FB016F 
 299      9C44A708 
 299      83
 300 059d DD9B123C 		.ascii	"\335\233\022<d\013\312\207\031O\211g6\010\032\264^\260"
 300      640BCA87 
 300      194F8967 
 300      36081AB4 
 300      5EB0
 301 05af 7B46C5DB 		.ascii	"{F\305\333\201u\216\227\343\005\177\302\233z9N\360C"
 301      81758E97 
 301      E3057FC2 
 301      9B7A394E 
 301      F043
 302 05c1 B1026D07 		.ascii	"\261\002m\007#\023O\017\2138\215\311H\350\036\231\366"
 302      23134F0F 
 302      8B388DC9 
 302      48E81E99 
 302      F6
 303 05d2 61619ACB 		.ascii	"aa\232\313 \301\005\003\333\202\262\274\212.(\233@\231"
 303      20C10503 
 303      DB82B2BC 
 303      8A2E289B 
 303      4099
 304 05e4 8D9232A0 		.ascii	"\215\2222\240\033o\207\326\251\014-\336\305\204\324"
 304      1B6F87D6 
 304      A90C2DDE 
 304      C584D4
 305 05f3 54E46FD4 		.ascii	"T\344o\324H\2064\177\300B\274\031\346&Js7\011n-Irm\311"
 305      4886347F 
 305      C042BC19 
 305      E6264A73 
 305      37096E2D 
 306 060b E4F6E355 		.ascii	"\344\366\343U^\270\200981\365I\2217.e\310\324\303\035"
 306      5EB88039 
 306      3831F549 
 306      91372E65 
 306      C8D4C31D 
 307 061f 77108B9E 		.ascii	"w\020\213\236\026\320\230\232;\333|xa\320e{r\343\214"
 307      16D0989A 
 307      3BDB7C78 
 307      61D0657B 
 307      72E38C
 308 0632 888F32DA 		.ascii	"\210\2172\332[I\327\332`\201e\252N\0144Vx\331UmZ\010"
ARM GAS  /tmp/cczexbba.s 			page 24


 308      5B49D7DA 
 308      608165AA 
 308      4E0C3456 
 308      78D9556D 
 309 0648 AB0F4A05 		.ascii	"\253\017J\005=\267\277\225\236;\\\353\331p9w\324\003"
 309      3DB7BF95 
 309      9E3B5CEB 
 309      D9703977 
 309      D403
 310 065a 9F63E28E 		.ascii	"\237c\342\216oK\201\\\274\310\220\216\364\304\032/\334"
 310      6F4B815C 
 310      BCC8908E 
 310      F4C41A2F 
 310      DC
 311 066b C19093C9 		.ascii	"\301\220\223\311#\307<\361\003\206lx\331\263\337\007"
 311      23C73CF1 
 311      03866C78 
 311      D9B3DF07 
 312 067b 0F316420 		.ascii	"\0171d \266\256[\304\317\031R\271\376~\211\007\030\343"
 312      B6AE5BC4 
 312      CF1952B9 
 312      FE7E8907 
 312      18E3
 313 068d 07998464 		.ascii	"\007\231\204d+\212\037[Q\016\327\215V\210x\222\231s"
 313      2B8A1F5B 
 313      510ED78D 
 313      56887892 
 313      9973
 314 069f E4F0FD4C 		.ascii	"\344\360\375L\231\3473\227\254\337@\242\226\013\026"
 314      99E73397 
 314      ACDF40A2 
 314      960B16
 315 06ae ED922CF2 		.ascii	"\355\222,\362\263\257(\216\353\350n0\307\217\233\223"
 315      B3AF288E 
 315      EBE86E30 
 315      C78F9B93 
 316 06be 03E66433 		.ascii	"\003\346d3sJv\027\237\325\34185\333\365\244\236>\354"
 316      734A7617 
 316      9FD5E138 
 316      35DBF5A4 
 316      9E3EEC
 317 06d1 6D97001B 		.ascii	"m\227\000\033\215C4/\362A\302\036IB\256\340FD\236k\021"
 317      8D43342F 
 317      F241C21E 
 317      4942AEE0 
 317      46449E6B 
 318 06e6 31DBAF95 		.ascii	"1\333\257\225{\342$&\242\273\356L\012\226\245\317\307"
 318      7BE22426 
 318      A2BBEE4C 
 318      0A96A5CF 
 318      C7
 319 06f7 B7A81145 		.ascii	"\267\250\021E \242@\022\221\357ND\241k\021\251\231}"
 319      20A24012 
 319      91EF4E44 
 319      A16B11A9 
 319      997D
 320 0709 0BF10E35 		.ascii	"\013\361\0165\313\235\244\231J\2143\231\270\234\223"
ARM GAS  /tmp/cczexbba.s 			page 25


 320      CB9DA499 
 320      4A8C3399 
 320      B89C93
 321 0718 93C99245 		.ascii	"\223\311\222E=\352OP)H*~\013I%\256%\335\313\031\036"
 321      3DEA4F50 
 321      29482A7E 
 321      0B4925AE 
 321      25DDCB19 
 322 072d 15711E13 		.ascii	"\025q\036\023Up\246\362\212\032\0273Q\275\217\016\276"
 322      5570A6F2 
 322      8A1A1733 
 322      51BD8F0E 
 322      BE
 323 073e D4D9450D 		.ascii	"\324\331E\015\200\250} \252\374-DU\270\0265\024\367"
 323      80A87D20 
 323      AAFC2D44 
 323      55B81635 
 323      14F7
 324 0750 A08B2FE3 		.ascii	"\240\213/\343\013I\201\354H\177\037\037`\202\237\024"
 324      0B4981EC 
 324      487F1F1F 
 324      60829F14 
 325 0760 B61C248D 		.ascii	"\266\034$\215\323_\203\376.\313\032\177\2265\331\333"
 325      D35F83FE 
 325      2ECB1A7F 
 325      9635D9DB 
 326 0770 7A767AE2 		.ascii	"zvz\342cL\255]\203\267cu\262\254\371\247\034\272\223"
 326      634CAD5D 
 326      83B76375 
 326      B2ACF9A7 
 326      1CBA93
 327 0783 AD02DD0E 		.ascii	"\255\002\335\016I\272\371\333U\313\215\265~/z\231\002"
 327      49BAF9DB 
 327      55CB8DB5 
 327      7E2F7A99 
 327      02
 328 0794 5D873AB8 		.ascii	"]\207:\270B\352\3400h\347\317\265;\010\332\035`\332"
 328      42EAE030 
 328      68E7CFB5 
 328      3B08DA1D 
 328      60DA
 329 07a6 6D882B4E 		.ascii	"m\210+N\366\302g\230\220sm\361\337\310\362f\371y\232"
 329      F6C26798 
 329      90736DF1 
 329      DFC8F266 
 329      F9799A
 330 07b9 37C740C6 		.ascii	"7\307@\306\021IF\225\340^\310Q\327B:*\333\316\212\370"
 330      11494695 
 330      E05EC851 
 330      D7423A2A 
 330      DBCE8AF8 
 331 07cd 121372   		.ascii	"\022\023r"
 332 07d0 7567FCB0 		.ascii	"ug\374\260\322.ev\022\337;C\227\340\032\020s\\\022s"
 332      D22E6576 
 332      12DF3B43 
 332      97E01A10 
 332      735C1273 
ARM GAS  /tmp/cczexbba.s 			page 26


 333 07e4 EC3562AA 		.ascii	"\3545b\252]\213)\036~t\301[\276+ ,\245]A\255`\333\030"
 333      5D8B291E 
 333      7E74C15B 
 333      BE2B202C 
 333      A55D41AD 
 334 07fb C6F41CB9 		.ascii	"\306\364\034\271\211p\264\007u\363\351\346\330\022/"
 334      8970B407 
 334      75F3E9E6 
 334      D8122F
 335 080a 1CCF909E 		.ascii	"\034\317\220\236\351=\367\3258\211!/\323/\024\350p\012"
 335      E93DF7D5 
 335      3889212F 
 335      D32F14E8 
 335      700A
 336 081c 4352CA5B 		.ascii	"CR\312[o\251p\032C:\366\315\324\252p\006Cv\267?\253"
 336      6FA9701A 
 336      433AF6CD 
 336      D4AA7006 
 336      4376B73F 
 337 0831 50E36C8A 		.ascii	"P\343l\212\010\247o\354)\3219\336\010\301\375\226\275"
 337      08A76FEC 
 337      29D139DE 
 337      08C1FD96 
 337      BD
 338 0842 1B9D03CD 		.ascii	"\033\235\003\315\277r\274\015\032\312\376Q\264\325\212"
 338      BF72BC0D 
 338      1ACAFE51 
 338      B4D58A
 339 0851 D059418B 		.ascii	"\320YA\213\316H\366\177\305\357\202\272b\032\256y\340"
 339      CE48F67F 
 339      C5EF82BA 
 339      621AAE79 
 339      E0
 340 0862 4226EAD9 		.ascii	"B&\352\331\320\365W:\\\302\020\353\304\311\273*\\\301"
 340      D0F5573A 
 340      5CC210EB 
 340      C4C9BB2A 
 340      5CC1
 341 0874 90B6D497 		.ascii	"\220\266\324\227]\236x?C\032o$\236\022\361!\206\354"
 341      5D9E783F 
 341      431A6F24 
 341      9E12F121 
 341      86EC
 342 0886 BDD86555 		.ascii	"\275\330eU\342#\014\251M\270\370\312\003\037gHf\365"
 342      E2230CA9 
 342      4DB8F8CA 
 342      031F6748 
 342      66F5
 343 0898 86180DAE 		.ascii	"\206\030\015\256eH\331\354h\262\026\237\342\226\327"
 343      6548D9EC 
 343      68B2169F 
 343      E296D7
 344 08a7 5EC91358 		.ascii	"^\311\023X\316.\"[\276\272\304F\314zu.\334az\245\346"
 344      CE2E225B 
 344      BEBAC446 
 344      CC7A752E 
 344      DC617AA5 
ARM GAS  /tmp/cczexbba.s 			page 27


 345 08bc 559DF546 		.ascii	"U\235\365F\213\330\337\374E\376\213\362\210\265u\235"
 345      8BD8DFFC 
 345      45FE8BF2 
 345      88B5759D 
 346 08cc 19CA4765 		.ascii	"\031\312GeMI\326\334zfM#Xs[\230/Y\177\225\306\241\202"
 346      4D49D6DC 
 346      7A664D23 
 346      58735B98 
 346      2F597F95 
 347 08e3 FC2AD894 		.ascii	"\374*\330\224\253\377\225a\255\213\303\224\374\2743"
 347      ABFF9561 
 347      AD8BC394 
 347      FCBC33
 348 08f2 79A540C8 		.ascii	"y\245@\310\227I\324\3652\352\013\256\231\313\250{d\324"
 348      9749D4F5 
 348      32EA0BAE 
 348      99CBA87B 
 348      64D4
 349 0904 F5CED4D3 		.ascii	"\365\316\324\323s\250\377\"Q7;S\0078\021\017\310\210"
 349      73A8FF22 
 349      51373B53 
 349      0738110F 
 349      C888
 350 0916 2FB92496 		.ascii	"/\271$\226\0339)\243nr\246\276\"\363\3116\272\200Y\255"
 350      1B3929A3 
 350      6E72A6BE 
 350      22F3C936 
 350      BA8059AD 
 351 092a 9F880AD4 		.ascii	"\237\210\012\324\012y}Y w\020|\006\344\005\272\013\351"
 351      0A797D59 
 351      2077107C 
 351      06E405BA 
 351      0BE9
 352 093c 73435884 		.ascii	"sCX\204n\002\334\001\270\005p\015\340\012\300U\2006"
 352      6E02DC01 
 352      B805700D 
 352      E00AC055 
 352      8036
 353 094e 80EBC222 		.ascii	"\200\353\302\"zC\306d\217\310d_t-\233\332\305r\261\245"
 353      7A43C664 
 353      8FC8645F 
 353      742D9BDA 
 353      C572B1A5 
 354 0962 6D1ECD45 		.ascii	"m\036\315E\240R\360D\224Xut\370\246\304Z\033\227R^\015"
 354      A052F044 
 354      94587574 
 354      F8A6C45A 
 354      1B97525E 
 355 0977 AE83C5EC 		.ascii	"\256\203\305\354\200\224\331\336\264}\213(\257E9\261"
 355      8094D9DE 
 355      B47D8B28 
 355      AF4539B1 
 356 0987 02B5DB6B 		.ascii	"\002\265\333k\261\2436o\\\207'h\336\341\313\303\331"
 356      B1A3366F 
 356      5C872768 
 356      DEE1CBC3 
 356      D9
ARM GAS  /tmp/cczexbba.s 			page 28


 357 0998 B55AB468 		.ascii	"\265Z\264h\276?\223\010\315!\363\301E\226P0\003\235"
 357      BE3F9308 
 357      CD21F3C1 
 357      45965030 
 357      039D
 358 09aa 06A19DAE 		.ascii	"\006\241\235\256\343\262\215\257\375\304u\366\313\367"
 358      E3B28DAF 
 358      FDC475F6 
 358      CBF7
 359 09b8 383D715D 		.ascii	"8=q]\027\270\256\203\273\206\033[\302\214\355t4\226"
 359      17B8AE83 
 359      BB861B5B 
 359      C28CED74 
 359      3496
 360 09ca D4424CFF 		.ascii	"\324BL\377\023\214\343=i-<\356+\273)\340D\206dw\326"
 360      138CE33D 
 360      692D3CEE 
 360      2BBB29E0 
 360      44866477 
 361 09df 77F0ADEE 		.ascii	"w\360\255\356Y\202\037\351\334\261I\313+\203<\254\351"
 361      59821FE9 
 361      DCB149CB 
 361      2B833CAC 
 361      E9
 362 09f0 7FF1E2A6 		.ascii	"\177\361\342\246\012\2472\342C\263%\361\030g1\344U\341"
 362      0AA732E2 
 362      43B325F1 
 362      186731E4 
 362      55E1
 363 0a02 E5DB1EB8 		.ascii	"\345\333\036\270\200!\247\247\357dkp\005E~\323\235\260"
 363      8021A7A7 
 363      EF646B70 
 363      05457ED3 
 363      9DB0
 364 0a14 37530546 		.ascii	"7S\005FC-i\347\363\177\300\240\256\374\311\001~\027"
 364      432D69E7 
 364      F37FC0A0 
 364      AEFCC901 
 364      7E17
 365 0a26 B04B5068 		.ascii	"\260KPh\213\264Z\370!'\374\017\256\372so\015\357S^:"
 365      8BB45AF8 
 365      2127FC0F 
 365      AEFA736F 
 365      0DEF535E 
 366 0a3b D7C2BC05 		.ascii	"\327\302\274\005\275\016\355\007\353\007\334\205H\236"
 366      BD0EED07 
 366      EB07DC85 
 366      489E
 367 0a49 6AF721D5 		.ascii	"j\367!\325zI\252\365\360\031\304_\271\330\037\355\306"
 367      7A49AAF5 
 367      F019C45F 
 367      B9D81FED 
 367      C6
 368 0a5a 8BD02E80 		.ascii	"\213\320.\200\034\200l\200,\200L\200G\220f\031pL\007"
 368      1C806C80 
 368      2C804C80 
 368      47906619 
ARM GAS  /tmp/cczexbba.s 			page 29


 368      704C07
 369 0a6d D8091007 		.ascii	"\330\011\020\0070\003c\343\000/\000\236\000\014\002"
 369      300363E3 
 369      002F009E 
 369      000C02
 370 0a7c 3C764CC5 		.ascii	"<vL\305?\260T\204\376\367\300Y\265A\347r\234\271\350"
 370      3FB05484 
 370      FEF7C059 
 370      B541E772 
 370      9CB9E8
 371 0a8f BB9D261B 		.ascii	"\273\235&\033y.1\204\234\310\237\314i$\035\027\0270"
 371      792E3184 
 371      9CC89FCC 
 371      69241D17 
 371      1730
 372 0aa1 FA21B07C 		.ascii	"\372!\260|\3305=e/K\311a\207\224\034b))w\3145\270H\332"
 372      D8353D65 
 372      2F4BC961 
 372      87941C62 
 372      292977CC 
 373 0ab9 0AEA077D 		.ascii	"\012\352\007}\207\271c\362\3011y`\360(\030\370\324\301"
 373      87B963F2 
 373      C1317960 
 373      F02818F8 
 373      D4C1
 374 0acb C0D16AE5 		.ascii	"\300\321j\345\314A\253u\223\012=\003%n#\354 \301\241"
 374      CC41AB75 
 374      930A3D03 
 374      256E23EC 
 374      20C1A1
 375 0ade D2655A8C 		.ascii	"\322eZ\2148h\361\3545Z\024\200\3447k\321\263\023[\013"
 375      3868F1EC 
 375      355A1480 
 375      E4376BD1 
 375      B3135B0B 
 376 0af2 16A23150 		.ascii	"\026\2421P\341\261k\025\234\375\360\334A\0032\221U\203"
 376      E1B16B15 
 376      9CFDF0DC 
 376      41033291 
 376      5583
 377 0b04 CB1CD903 		.ascii	"\313\034\331\003\202\377\377r\004r\270\274\204\3470"
 377      82FFFF72 
 377      0472B8BC 
 377      84E730
 378 0b13 B9DD7CE6 		.ascii	"\271\335|\346\034\311\247\216\221\2072\036\371<\232"
 378      1CC9A78E 
 378      9187321E 
 378      F93C9A
 379 0b22 A6D54B20 		.ascii	"\246\325K {\301\311\355;\205\347n\272\253\235`\032\332"
 379      7BC1C9ED 
 379      3B85E76E 
 379      BAAB9D60 
 379      1ADA
 380 0b34 C22437E7 		.ascii	"\302$7\347\025\234O\201J\023\016*\015\025\363\314\""
 380      159C4F81 
 380      4A130E2A 
 380      0D15F3CC 
ARM GAS  /tmp/cczexbba.s 			page 30


 380      22
 381 0b45 8E790902 		.ascii	"\216y\011\002&\3354{\227\374\307\371\004\367\374{\374"
 381      26DD347B 
 381      97FCC7F9 
 381      04F7FC7B 
 381      FC
 382 0b56 59598CF1 		.ascii	"YY\214\361\234\231\313^\326\240;\212Y\317\232t\354Y"
 382      9C99CB5E 
 382      D6A03B8A 
 382      59CF9A74 
 382      EC59
 383 0b68 7C577852 		.ascii	"|WxR\2719?\205\354\245\210/&\244;uBms\027x8\335\346"
 383      B9393F85 
 383      ECA5882F 
 383      26A43B75 
 383      426D7317 
 384 0b80 E159209B 		.ascii	"\341Y \233t\366\360s\364\372\246\032\013A\217\306\314"
 384      74F6F073 
 384      F4FAA61A 
 384      0B418FC6 
 384      CC
 385 0b91 A21838B7 		.ascii	"\242\0308\267b\007o\355\226y\213\230CH\337\266_Oqzg"
 385      62076FED 
 385      96798B98 
 385      4348DFB6 
 385      5F4F717A 
 386 0ba6 D6CCBCBE 		.ascii	"\326\314\274\276\335\314v\240pi\373\314\326h\330\021"
 386      DDCC76A0 
 386      7069FBCC 
 386      D668D811 
 387 0bb6 139B5E49 		.ascii	"\023\233^I\246\023b\231\351\2116\323\327\343\005h\306"
 387      A6136299 
 387      E98936D3 
 387      D7E30568 
 387      C6
 388 0bc7 D9F46959 		.ascii	"\331\364iY\266\244\270PPA\247\021\355\322@\273T\310"
 388      B6A4B850 
 388      5041A711 
 388      EDD240BB 
 388      54C8
 389 0bd9 E81D00DB 		.ascii	"\350\035\000\333\001\222\001\266\000l\004\330\000\020"
 389      019201B6 
 389      006C04D8 
 389      0010
 390 0be7 EFE094A6 		.ascii	"\357\340\224\246\317X\210IF\317\202P\302\305\355\336"
 390      CF588849 
 390      46CF8250 
 390      C2C5EDDE 
 391 0bf7 A2E594AC 		.ascii	"\242\345\224\254\223Y\2057P\327\377\226\261\336\204"
 391      93598537 
 391      50D7FF96 
 391      B1DE84
 392 0c06 B528DA3D 		.ascii	"\265(\332=\261\254\332\023\260\274\332a\236s\277\331"
 392      B1ACDA13 
 392      B0BCDA61 
 392      9E73BFD9 
 393 0c16 06A5BE95 		.ascii	"\006\245\276\225\224z2\360K\340\341\330\014\006'\201"
ARM GAS  /tmp/cczexbba.s 			page 31


 393      947A32F0 
 393      4BE0E1D8 
 393      0C062781 
 394 0c26 61899261 		.ascii	"a\211\222a\344y\350E\345\360\310}\2535EK\237\034\304"
 394      E479E845 
 394      E5F0C87D 
 394      AB35454B 
 394      9F1CC4
 395 0c39 F009AEFA 		.ascii	"\360\011\256\372\015\2330\360}\322\233Hzn\341\264\366"
 395      0D9B30F0 
 395      7DD29B48 
 395      7A6EE1B4 
 395      F6
 396 0c4a 4A714EF5 		.ascii	"JqN\365\276x%\271\323O\300\316[\021\026\311\313{y$\311"
 396      BE7825B9 
 396      D34FC0CE 
 396      5B1116C9 
 396      CB7B7924 
 397 0c5f A3809437 		.ascii	"\243\200\2247\271\351f-w\352V\360S\332[\371i\033PJ~"
 397      B9E9662D 
 397      77EA56F0 
 397      53DA5BF9 
 397      691B504A 
 398 0c74 DACAFCE4 		.ascii	"\332\312\374\344\246k\242\024p\217\3248\355)9q\233\334"
 398      A66BA214 
 398      708FD438 
 398      ED293971 
 398      9BDC
 399 0c86 A4114E3B 		.ascii	"\244\021N;\245\235\375\030m\361\366~Ws\236\033\002\353"
 399      A59DFD18 
 399      6DF1F67E 
 399      57739E1B 
 399      02EB
 400 0c98 62FA6BED 		.ascii	"b\372k\355 N\251\346\313\"\261:\343M\324\003\277b\311"
 400      204EA9E6 
 400      CB22B13A 
 400      E34DD403 
 400      BF62C9
 401 0cab 418833DD 		.ascii	"A\2103\335\0233u_\034S\021\177\003\315\334\255\337\315"
 401      1333755F 
 401      1C53117F 
 401      03CDDCAD 
 401      DFCD
 402 0cbd 7DBEA331 		.ascii	"}\276\2431\326\364\245\364\006?\213/\336\374\266\227"
 402      D6F4A5F4 
 402      063F8B2F 
 402      DEFCB697 
 403 0ccd 15CD7ED9 		.ascii	"\025\315~\331Z<\260x\247\265.\032\323{\364\275\256\210"
 403      5A3CB078 
 403      A7B52E1A 
 403      D37BF4BD 
 403      AE88
 404 0cdf DF97689B 		.ascii	"\337\227h\2338-\271\311.sE+\013bG\031\017\"y\234\177"
 404      382DB9C9 
 404      2E73452B 
 404      0B624719 
 404      0F22799C 
ARM GAS  /tmp/cczexbba.s 			page 32


 405 0cf4 C2F5EE46 		.ascii	"\302\365\356F\276\243\377\205\324XO:S\317\275\025\271"
 405      BEA3FF85 
 405      D4584F3A 
 405      53CFBD15 
 405      B9
 406 0d05 2B233FE5 		.ascii	"+#?\345\232\\\346\332\226R\036\010\262\277\254s&\277"
 406      9A5CE6DA 
 406      96521E08 
 406      B2BFAC73 
 406      26BF
 407 0d17 32877B3D 		.ascii	"2\207{=\347N\2663\335\256\311e\334'\177.\255i[\004\247"
 407      E74EB633 
 407      DDAEC965 
 407      DC277F2E 
 407      AD695B04 
 408 0d2c 356D4EE0 		.ascii	"5mN\340\370>v\300\315\23208F\222\220\244k\237\224\204"
 408      F83E76C0 
 408      CD9A3038 
 408      469290A4 
 408      6B9F9484 
 409 0d40 03B22561 		.ascii	"\003\262%a\274Z99\022G\253\330&p\370u\002[6`\222)\303"
 409      BC5A3939 
 409      1247ABD8 
 409      2670F875 
 409      025B3660 
 410 0d57 AEE4F5A5 		.ascii	"\256\344\365\245\251\3115\262\251y(I\033\246\322`\343"
 410      A9C935B2 
 410      A9792849 
 410      1BA6D260 
 410      E3
 411 0d68 DB5A9A97 		.ascii	"\333Z\232\227\245\3055\364\001\307?\356l\356\276\240"
 411      A5C535F4 
 411      01C73FEE 
 411      6CEEBEA0 
 412 0d78 42FE0BC8 		.ascii	"B\376\013\310\326WK6\274\354\214ni\375\371\023\372;"
 412      D6574B36 
 412      BCEC8C6E 
 412      69FDF913 
 412      FA3B
 413 0d8a CA92DE2D 		.ascii	"\312\222\336-dI;\000\271{O\352\353{\361\002{\223vZr"
 413      64493B00 
 413      B97B4FEA 
 413      EB7BF102 
 413      7B93765A 
 414 0d9f EF00D55E 		.ascii	"\357\000\325^\336\247\217A]\036\204\266U\354\320\266"
 414      DEA78F41 
 414      5D1E84B6 
 414      55ECD0B6 
 415 0daf 5E646998 		.ascii	"^di\230\177K\240\001\335\345\344.\314u\265\242+\350"
 415      7F4BA001 
 415      DDE5E42E 
 415      CC75B5A2 
 415      2BE8
 416 0dc1 24C2BB16 		.ascii	"$\302\273\026x\227\001\357R\307\0050\213'\006y\267\321"
 416      789701EF 
 416      52C70530 
 416      8B270679 
ARM GAS  /tmp/cczexbba.s 			page 33


 416      B7D1
 417 0dd3 86980CF7 		.ascii	"\206\230\014\367\367\206}Y<\247\313\241I\264\273$wn"
 417      F7867D59 
 417      3CA7CBA1 
 417      49B4BB24 
 417      776E
 418 0de5 4C150E0D 		.ascii	"L\025\016\015\274|n\003\177\004\027\037\222\3515\240"
 418      BC7C6E03 
 418      7F04171F 
 418      92E935A0 
 419 0df5 6125D7B6 		.ascii	"a%\327\266\032\316\217\203\266\373\001\3669x\243%\307"
 419      1ACE8F83 
 419      B6FB01F6 
 419      3978A325 
 419      C7
 420 0e06 77BB95A8 		.ascii	"w\273\225\250@\2026\000*\220)\366M\247\273\373S\273"
 420      40823600 
 420      2A9029F6 
 420      4DA7BBFB 
 420      53BB
 421 0e18 907E3EE3 		.ascii	"\220~>\343\365B&\375\230\307I\030o\360\031\216\036\227"
 421      F54226FD 
 421      98C74918 
 421      6FF0198E 
 421      1E97
 422 0e2a 2FBB4E11 		.ascii	"/\273N\021-\002\266\257\217\350M[D\017\001\337\233\337"
 422      2D02B6AF 
 422      8FE84D5B 
 422      440F01DF 
 422      9BDF
 423 0e3c 35A287B8 		.ascii	"5\242\207\270\372G\201w\025\360>\354\020\321\026yDo"
 423      FA478177 
 423      15F03EEC 
 423      10D11679 
 423      446F
 424 0e4e 2126C37D 		.ascii	"!&\303}D\033l\021=\202\331\016h.\271sD\017\310\372\262"
 424      441B6C11 
 424      3D82D90E 
 424      682EB973 
 424      440FC8FA 
 425 0e63 82CC93EA 		.ascii	"\202\314\223\352i&\223v\345C\256\366</2\275\311\265"
 425      69269376 
 425      E543AEF6 
 425      3C2F32BD 
 425      C9B5
 426 0e75 BDAE3AF6 		.ascii	"\275\256:\366P6W\232\274\331\352\340\016w\333\373\373"
 426      5036579A 
 426      BCD9EAE0 
 426      0E77DBFB 
 426      FB
 427 0e86 B2590BA9 		.ascii	"\262Y\013\251t%\246/ca,\271H\362\256\020\333+\260\222"
 427      7425A62F 
 427      63612CB9 
 427      48F2AE10 
 427      DB2BB092 
 428 0e9a EEACF8B6 		.ascii	"\356\254\370\2664\213jY\202\235\357\244Ks\256\216\370"
 428      348B6A59 
ARM GAS  /tmp/cczexbba.s 			page 34


 428      829DEFA4 
 428      4B73AE8E 
 428      F8
 429 0eab D0577D24 		.ascii	"\320W}$\277[\331\253\276\206\244\264V\207/\022H\313"
 429      BF5BD9AB 
 429      BE86A4B4 
 429      56872F12 
 429      48CB
 430 0ebd 95DEF59D 		.ascii	"\225\336\365\235\304\344]\337\011\314\337\365\025\335"
 430      C4E45DDF 
 430      09CCDFF5 
 430      15DD
 431 0ecb 7ED9A57B 		.ascii	"~\331\245{/\327\232\333e\255\353\357P\226\3666\300r"
 431      2FD79ADB 
 431      65ADEBEF 
 431      5096F636 
 431      C072
 432 0edd 893E2164 		.ascii	"\211>!d\250Dj\010%\344U4*F\235\010\355\005\203\025\350"
 432      A8446A08 
 432      25E45534 
 432      2A469D08 
 432      ED058315 
 433 0ef2 147E0F66 		.ascii	"\024~\017f\237\353+<\252\302;\274\350m\267\213o'\034"
 433      9FEB2B3C 
 433      AAC23BBC 
 433      E86DB78B 
 433      6F271C
 434 0f05 3F32388D 		.ascii	"?28\215\305\271o\305\353\331\240\343\333\3443lp\353"
 434      C5B96FC5 
 434      EBD9A0E3 
 434      DBE4336C 
 434      70EB
 435 0f17 D474971A 		.ascii	"\324t\227\032\357c\354\037g\346\244\213\3700C\322S\312"
 435      EF63EC1F 
 435      67E6A48B 
 435      F83043D2 
 435      53CA
 436 0f29 8F235C47 		.ascii	"\217#\\G\021\361X\353\341s*\244\205\233yY\324\233\034"
 436      11F158EB 
 436      E1732AA4 
 436      859B7959 
 436      D49B1C
 437 0f3c EAB89145 		.ascii	"\352\270\221E\235E\257\177B9=\306\366U\215<\213\232"
 437      9D45AF7F 
 437      42393DC6 
 437      F6558D3C 
 437      8B9A
 438 0f4e BEC33EFA 		.ascii	"\276\303>\372<f\364$\247/BN_p\334G\263\366\3354'X\222"
 438      3C66F424 
 438      A72F424E 
 438      5F70DC47 
 438      B3F6DD34 
 439 0f65 7BBEB4BD 		.ascii	"{\276\264\275\276\275\3774\375\261\316\376\252\366\022"
 439      BEBDFF34 
 439      FDB1CEFE 
 439      AAF612
 440 0f74 33FA7AC5 		.ascii	"3\372z\305\271\"\245\333W\265-4|\315\266\360U]\332\235"
ARM GAS  /tmp/cczexbba.s 			page 35


 440      B922A5DB 
 440      57B52D34 
 440      7CCDB6F0 
 440      555DDA9D 
 441 0f88 A5943F08 		.ascii	"\245\224?\010\202\3532\263/c\331{\324C\035[\316\350"
 441      82EB32B3 
 441      2F63D97B 
 441      D4431D5B 
 441      CEE8
 442 0f9a F014F599 		.ascii	"\360\024\365\231\260\351"
 442      B0E9
 443 0fa0 61CF03E4 		.ascii	"a\317\003\344\370$U>\025]\005\303\244\331\366\027\272"
 443      F824553E 
 443      155D05C3 
 443      A4D9F617 
 443      BA
 444 0fb1 59EC85EE 		.ascii	"Y\354\205\356\025\222nR\262^\306\354q\252\352\300@\301"
 444      15926E52 
 444      B25EC6EC 
 444      71AAEAC0 
 444      40C1
 445 0fc3 1442F411 		.ascii	"\024B\364\021\312|\273\2577\237\341[0\233\263o\273v"
 445      CA7CBBAF 
 445      379FE15B 
 445      309BB36F 
 445      BB76
 446 0fd5 362FF00C 		.ascii	"6/\360\014^Z\340\245s\330\211\330q)'\033\234\037\260"
 446      5E5AE0A5 
 446      73D889D8 
 446      7129271B 
 446      9C1FB0
 447 0fe8 859F28D4 		.ascii	"\205\237(\324\341\314Z\336\\yp\322}\331\023\2709\333"
 447      E1CC5ADE 
 447      5C7970D2 
 447      7DD913B8 
 447      39DB
 448 0ffa 5EE0F522 		.ascii	"^\340\365\"]\326"
 448      5DD6
 449 1000 891A9C45 		.ascii	"\211\032\234E\273\271\025\265ur\005\245&)q\023<w\015"
 449      BBB915B5 
 449      757205A5 
 449      26297113 
 449      3C770D
 450 1013 DADC2D80 		.ascii	"\332\334-\200\353\0007xz\220\267pi\347\312\324x\243"
 450      EB003778 
 450      7A90B770 
 450      69E7CAD4 
 450      78A3
 451 1025 9646A062 		.ascii	"\226F\240b\260\250S\203\346\373\273|\030\321\006L\336"
 451      B0A85383 
 451      E6FBBB7C 
 451      18D1064C 
 451      DE
 452 1036 C4903787 		.ascii	"\304\2207\207\014\332\034\356\002\361\035)\"\2671\337"
 452      0CDA1CEE 
 452      02F11D29 
 452      22B731DF 
ARM GAS  /tmp/cczexbba.s 			page 36


 453 1046 12AC6F3F 		.ascii	"\022\254o?\355\370\324\376\256C]\264c\333\223\302\336"
 453      EDF8D4FE 
 453      AE435DB4 
 453      63DB93C2 
 453      DE
 454 1057 976989EC 		.ascii	"\227i\211\354S\002\030CgY.V&\245\015\253\335\367\222"
 454      53021843 
 454      67592E56 
 454      26A50DAB 
 454      DDF792
 455 106a 0E9A8CF7 		.ascii	"\016\232\214\367l\3118X\225\325\346-\365\222\222\007"
 455      6CC93858 
 455      95D5E62D 
 455      F5929207 
 456 107a BC970019 		.ascii	"\274\227\000\031\252\223t\203S\307^\322I{Ibey\237\006"
 456      AA937483 
 456      53C75ED2 
 456      497B4962 
 456      65799F06 
 457 108e A751E7A0 		.ascii	"\247Q\347\240\301\307\333\236\263b!\273kV-\207cn\324"
 457      C1C7DB9E 
 457      B36221BB 
 457      6B562D87 
 457      636ED4
 458 10a1 B06E47B4 		.ascii	"\260nG\264\350f\032\246fUU \267\337_\365R\005{l\012"
 458      E8661AA6 
 458      66555520 
 458      B7DF5FF5 
 458      52057B6C 
 459 10b6 A6A65DEC 		.ascii	"\246\246]\354\026@\301.v\223S\221\014\012\356A\224\014"
 459      1640C12E 
 459      76935391 
 459      0C0AEE41 
 459      940C
 460 10c8 75490A76 		.ascii	"uI\012va\366\335\015\272O\025K)\275\331\"\342|\246\330"
 460      61F6DD0D 
 460      BA4F154B 
 460      29BDD922 
 460      E27CA6D8 
 461 10dc F91715BB 		.ascii	"\371\027\025\273}\360q\206\364gm\316\325\340S\014)\233"
 461      7DF07186 
 461      F4676DCE 
 461      D5E0530C 
 461      299B
 462 10ee CAECD5E2 		.ascii	"\312\354\325\342\263\014\331_\033\367\204\177VVG^Y>"
 462      B30CD95F 
 462      1BF7847F 
 462      5656475E 
 462      593E
 463 1100 B6269E40 		.ascii	"\266&\236@\270\211^\364\270z\265\250O\205\350\303}\373"
 463      B8895EF4 
 463      B87AB5A8 
 463      4F85E8C3 
 463      7DFB
 464 1112 D3FDD982 		.ascii	"\323\375\331\202\237t\027\306[\267\006\322\207\213\375"
 464      9F7417C6 
 464      5BB706D2 
ARM GAS  /tmp/cczexbba.s 			page 37


 464      878BFD
 465 1121 A0CCD0EB 		.ascii	"\240\314\320\353\023\177!K|B\375\320\231z\316\252\331"
 465      137F214B 
 465      7C42FDD0 
 465      997ACEAA 
 465      D9
 466 1132 92F14E8A 		.ascii	"\222\361N\212\375y\037\331 \273`\356b\023\202\375\370"
 466      FD791FD9 
 466      20BB60EE 
 466      621382FD 
 466      F8
 467 1143 BE7F88A7 		.ascii	"\276\177\210\247\3423H\305\021H\301A\200\307\000O\000"
 467      E23348C5 
 467      1148C141 
 467      80C7004F 
 467      00
 468 1154 9E020C3B 		.ascii	"\236\002\014;.\351\231~L\032t\256\001g\335\346\336\032"
 468      2EE9997E 
 468      4C1A74AE 
 468      0167DDE6 
 468      DE1A
 469 1166 0CD99423 		.ascii	"\014\331\224#kD\237kz\371\376x'm\260C\256Jx\250_\311"
 469      6B449F6B 
 469      7AF9FE78 
 469      276DB043 
 469      AE4A78A8 
 470 117c DC62BB87 		.ascii	"\334b\273\207\231\353\226e\374\021z}g_5\306-\254\026"
 470      99EB9665 
 470      FC117A7D 
 470      675F35C6 
 470      2DAC16
 471 118f 37244FEC 		.ascii	"7$O\354\025\235j\321f=z\016F\277\255\003\230\2127\331"
 471      159D6AD1 
 471      663D7A0E 
 471      46BFAD03 
 471      988A37D9 
 472 11a3 B6620C26 		.ascii	"\266b\014&\215Ji5d\253\311\251\204h\253v>\227\265\321"
 472      8D4A6935 
 472      64ABC9A9 
 472      8468AB76 
 472      3E97B5D1 
 473 11b7 9D2CC56B 		.ascii	"\235,\305k\005\221\217?\372[o9|\251\365\302\241\264"
 473      05918F3F 
 473      FA5B6F39 
 473      7CA9F5C2 
 473      A1B4
 474 11c9 C7EDA5DD 		.ascii	"\307\355\245\335n\255z\350M\013\007\306x1\025\327\344"
 474      6EAD7AE8 
 474      4D0B07C6 
 474      783115D7 
 474      E4
 475 11da BFF4725F 		.ascii	"\277\364r_\331\023\264p^\332\012g\327PK\202\216\027"
 475      D913B470 
 475      5EDA0A67 
 475      D7504B82 
 475      8E17
 476 11ec 4E47ED3B 		.ascii	"NG\355;\333bs\375\011\011z Y\367\300V4\223\264hf\363"
ARM GAS  /tmp/cczexbba.s 			page 38


 476      DB6273FD 
 476      09097A20 
 476      59F7C056 
 476      3493B468 
 477 1202 3B4EE870 		.ascii	";N\350p\217\026\275\325\322\367\212\025s\317\226\344"
 477      8F16BDD5 
 477      D2F78A15 
 477      73CF96E4 
 478 1212 EFD9B733 		.ascii	"\357\331\2673\323ll[\325\301\337\271]\015g\251\2323"
 478      D36C6C5B 
 478      D5C1DFB9 
 478      5D0D67A9 
 478      9A33
 479 1224 36352F5C 		.ascii	"65/\\\312\272!r5\341\336&\261\220\3277\220\241)I\325"
 479      CABA2172 
 479      35E1DE26 
 479      B190D737 
 479      90A12949 
 480 1239 299BAA56 		.ascii	")\233\252V\221\250z\372\371\246\315\032\374\234\251"
 480      91A87AFA 
 480      F9A6CD1A 
 480      FC9CA9
 481 1248 9A1A57FC 		.ascii	"\232\032W\374Leo\203L\327\023\335\215O\265nu\210\025"
 481      4C656F83 
 481      4CD713DD 
 481      8D4FB56E 
 481      758815
 482 125b 890E3122 		.ascii	"\211\0161\"\327a\272~\240U\313u\350\235P\236,\214\257"
 482      D761BA7E 
 482      A055CB75 
 482      E89D509E 
 482      2C8CAF
 483 126e FB232542 		.ascii	"\373#%B\321\242\364\334L\344\032\304Q\015\262b\342\233"
 483      D1A2F4DC 
 483      4CE41AC4 
 483      510DB262 
 483      E29B
 484 1280 55F248CE 		.ascii	"U\362H\316:\254\342\353E\032Ir\004\342\204#\327:D\215"
 484      3AACE2EB 
 484      451A4972 
 484      04E28423 
 484      D73A448D 
 485 1294 F4350679 		.ascii	"\3645\006y[\"\321\306\213\344{\276\000z\217\017\304"
 485      5B22D1C6 
 485      8BE47BBE 
 485      007A8F0F 
 485      C4
 486 12a5 494FAEA4 		.ascii	"IO\256\244k}\267\362\264~\027\321\357\012%\3357\210"
 486      6B7DB7F2 
 486      B47E17D1 
 486      EF0A25DD 
 486      3788
 487 12b7 BEB63914 		.ascii	"\276\2669\024!\201\231\252\250\346\237\001\251\000\035"
 487      218199AA 
 487      A8E69F01 
 487      A9001D
 488 12c6 AFCC6DD1 		.ascii	"\257\314m\321\271\225\266\311&m\243H\305\215%\254\037"
ARM GAS  /tmp/cczexbba.s 			page 39


 488      B995B6C9 
 488      266DA348 
 488      C58D25AC 
 488      1F
 489 12d7 E71FD792 		.ascii	"\347\037\327\222\357}l\037Y-`\037Y\265\265\2267\350"
 489      EF7D6C1F 
 489      592D601F 
 489      59B5B596 
 489      37E8
 490 12e9 9C954914 		.ascii	"\234\225I\024\375P\202H\230%Qe61e\222\2502S\275\335"
 490      FD508248 
 490      98255165 
 490      36316592 
 490      A83253BD 
 491 12fe F73CE48E 		.ascii	"\367<\344\216\231pp\314f\356\230\315\3241\315\355WK"
 491      997070CC 
 491      66EE98CD 
 491      D431CDED 
 491      574B
 492 1310 919C78CC 		.ascii	"\221\234x\314\241\036\266p\342-\224\370YM\367\021\207"
 492      A11EB670 
 492      E22D94F8 
 492      594DF711 
 492      87
 493 1321 6FDC7A1D 		.ascii	"o\334z\0358's\342dJ\234\264\2764Z\215\243u\354\355m"
 493      382773E2 
 493      644A9CB4 
 493      BE345A8D 
 493      A375ECED 
 494 1336 F48DD31A 		.ascii	"\364\215\323\032\267+\3166\232\015\253l\011\271\243"
 494      B72BCE36 
 494      9A0DAB6C 
 494      09B9A3
 495 1345 68074986 		.ascii	"h\007I\206:X\021;K\324\027\022\311\353\266h\353'\237"
 495      3A58113B 
 495      4BD41712 
 495      C9EBB668 
 495      EB279F
 496 1358 113AB455 		.ascii	"\021:\264UJ\210\255\242\323\232\230B\023\243h\374e\242"
 496      4A88ADA2 
 496      D39A9842 
 496      13A368FC 
 496      65A2
 497 136a 372E6382 		.ascii	"7.c\202\327O\217tysfm\031\312\322C\260\205\005\003\342"
 497      D74F8F74 
 497      7973666D 
 497      19CAD243 
 497      B0850503 
 498 137f 9048B96D 		.ascii	"\220H\271m\227\270mw\346\266\203r\273\325W\037\204\253"
 498      97B86D77 
 498      E6B68372 
 498      BBD5571F 
 498      84AB
 499 1391 18B3D28A 		.ascii	"\030\263\322\212]\373\275\361\031\206$\326\237\311&"
 499      5DFBBDF1 
 499      198624D6 
 499      9FC926
ARM GAS  /tmp/cczexbba.s 			page 40


 500 13a0 498FD268 		.ascii	"I\217\322h^\222\3568\3219\217V\301\011\373\267\206g"
 500      5E92EE38 
 500      D1398F56 
 500      C109FBB7 
 500      8667
 501 13b2 F7974D7B 		.ascii	"\367\227M{\273\265;\203\332\235n\253\202\276\254\264"
 501      BBB53B83 
 501      DA9D6EAB 
 501      82BEACB4 
 502 13c2 FD5E5CD7 		.ascii	"\375^\\\327\313\325\352\333\225m\314\360F\201P\242T"
 502      CBD5EADB 
 502      956DCCF0 
 502      468150A2 
 502      54
 503 13d3 9BAE68A7 		.ascii	"\233\256h\247(\022\314Q\335L\252n\353PM\222\027N\362"
 503      2812CC51 
 503      DD4CAA6E 
 503      EB504D92 
 503      174EF2
 504 13e6 A62A16C7 		.ascii	"\246*\026\307m\231UI\236\274\347\350\311,\311\366,g"
 504      6D995549 
 504      9EBCE7E8 
 504      C92CC9F6 
 504      2C67
 505 13f8 66D99459 		.ascii	"f\331\224Y\327\356\376\355:\234\316\230]<\231\177C)"
 505      D7EEFEED 
 505      3A9CCE98 
 505      5D3C997F 
 505      4329
 506 140a 79F2AE93 		.ascii	"y\362\256\223's$n9\316\334vQn\215{\332\322\034vU\244"
 506      2773246E 
 506      39CEDC76 
 506      516E8D7B 
 506      DAD21C76 
 507 1420 BEA5ECD9 		.ascii	"\276\245\354\331\315\263g7\315\236\363\355\347\007\274"
 507      CDB36737 
 507      CD9EF3ED 
 507      E707BC
 508 142f 700113DD 		.ascii	"p\001\023\335\337\277g\007\377\356\360\035\362\245\314"
 508      DFBF6707 
 508      FFEEF01D 
 508      F2A5CC
 509 143e F6D3392A 		.ascii	"\366\3239*V!\255d\237\260\247y4M\203\0172\332\261\235"
 509      5621AD64 
 509      9FB0A779 
 509      344D830F 
 509      32DAB19D 
 510 1452 97EEF02F 		.ascii	"\227\356\360/\317\177\000h\336\364\351\003\356K\261"
 510      CF7F0068 
 510      DEF4E903 
 510      EE4BB1
 511 1461 D0568A05 		.ascii	"\320V\212\005\254\024\257O't*\235\213-\017\212m\017"
 511      AC14AF4F 
 511      27742A9D 
 511      8B2D0F8A 
 511      6D0F
 512 1473 2DB6225A 		.ascii	"-\266\"Zlt\022\241\316\351\253\237q(\315\306\327Q\037"
ARM GAS  /tmp/cczexbba.s 			page 41


 512      6C7412A1 
 512      CEE9AB9F 
 512      7128CDC6 
 512      D7511F
 513 1486 3DB7EF8E 		.ascii	"=\267\357\216\366\247\371\326\326:\272\321\333\367 "
 513      F6A7F9D6 
 513      D63ABAD1 
 513      DBF720
 514 1495 CE1A1D0F 		.ascii	"\316\032\035\017\333\352\275\242/\312\007\347\301\206"
 514      DBEABDA2 
 514      2FCA07E7 
 514      C186
 515 14a3 4E363917 		.ascii	"N69\027F\376\014\311U,\376T1\337\020\374\347\340\240"
 515      46FE0CC9 
 515      552CFE54 
 515      31DF10FC 
 515      E7E0A0
 516 14b6 152663A0 		.ascii	"\025&c\240\305\370;SD\330g\306\300H\217\337\377\373"
 516      C5F83B53 
 516      44D867C6 
 516      C0488FDF 
 516      FFFB
 517 14c8 57EFAE58 		.ascii	"W\357\256X\266L\241\266|\035\025n\320[~\262dI\000\373"
 517      B64CA1B6 
 517      7C1D156E 
 517      D05B7EB2 
 517      644900FB 
 518 14dc 8F300798 		.ascii	"\2170\007\230,\001!\341\206\320\250 c\200!\330\022\014"
 518      2C0121E1 
 518      86D0A820 
 518      638021D8 
 518      120C
 519 14ee 3383CC4B 		.ascii	"3\203\314K\202\025\032\275>*$\334\362\376r\275%8 8\""
 519      82151ABD 
 519      3E2A24DC 
 519      F2FE72BD 
 519      25382038 
 520 1503 CC18B0C6 		.ascii	"\314\030\260\306\274:`UHx\300j\203aq\240)\314v\\\034"
 520      BC3A6055 
 520      4878C06A 
 520      836171A0 
 520      29CC765C 
 521 1518 1E116E5C 		.ascii	"\036\021n\\l\014\\\025\262\370\303\305\313\227.\373"
 521      6C0C5C15 
 521      B2F8C3C5 
 521      CB972EFB 
 522 1528 68F1DF96 		.ascii	"h\361\337\226/\216\212\014\002\005\002\034.\333\305"
 522      2F8E8A0C 
 522      0205021C 
 522      2EDBC5
 523 1537 84051A82 		.ascii	"\204\005\032\202C\302\215\001\372 \343\327\201Q\241"
 523      43C28D01 
 523      FA20E3D7 
 523      8151A1
 524 1546 16BD655D 		.ascii	"\026\275e]\244\221\310\364\260I\374\313\377\261D\363"
 524      A491C8F4 
 524      B049FCCB 
ARM GAS  /tmp/cczexbba.s 			page 42


 524      FFB144F3 
 525 1556 3A7380DE 		.ascii	":s\200\336l\011\002\366 Fm\2114\205D\350-\037\313\335"
 525      6C0902F6 
 525      20466D89 
 525      348544E8 
 525      2D1FCBDD 
 526 156a 6088080B 		.ascii	"`\210\010\013\213\010\017\210\2140Y\314\001\237\376"
 526      8B080F88 
 526      8C3059CC 
 526      019FFE
 527 1579 E98B155F 		.ascii	"\351\213\025_|K\306\"CB\215&s\300\357W\254 \336\341"
 527      7C4BC622 
 527      43428D26 
 527      73C0EF57 
 527      AC20DEE1 
 528 158d 7A8A86E0 		.ascii	"z\212\206\340@\223\312\034\362\337F\275\345\353\377"
 528      4093CA1C 
 528      F2DF46BD 
 528      E5EBFF
 529 159c B5AAA121 		.ascii	"\265\252\241!\253\010\231\223\312\037.y\177\3112IqK"
 529      AB089993 
 529      CA1F2E79 
 529      7FC93249 
 529      714B
 530 15ae 10380944 		.ascii	"\0208\011D\252\202!.F\223\370\265\311hTF\006\2566\232"
 530      AA82212E 
 530      4693F8B5 
 530      C9685446 
 530      06AE369A 
 531 15c2 C570E3B7 		.ascii	"\305p\343\267\026/\030\216\324\363kQfc\220H\264\022"
 531      162F188E 
 531      D4F36B51 
 531      66639048 
 531      B412
 532 15d4 C9A84E76 		.ascii	"\311\250NvIo\361\2104E|\023\002\247\2720c\330j#M\004"
 532      496FF188 
 532      34457C13 
 532      02A7BA30 
 532      63D86A23 
 533 15ea 70F46217 		.ascii	"p\364b\027.\2100\023\315\244\234\200\011\206\010\223"
 533      2E883013 
 533      CDA49C80 
 533      09860893 
 534 15fa 1194F082 		.ascii	"\021\224\360\202\323\010\323:\3024\022\207Y\276UF\254"
 534      D308D33A 
 534      C2341287 
 534      59BE5546 
 534      AC
 535 160b 0D379A3C 		.ascii	"\0157\232< eB\211G\3250\024\032b\266x\030#\215\341\340"
 535      20654289 
 535      47D53014 
 535      1A62B678 
 535      18238DE1 
 536 1620 EBD55EC6 		.ascii	"\353\325^\306o\214\341\226\260@\363\032P \314\274\372"
 536      6F8CE196 
 536      B040F31A 
 536      5020CCBC 
ARM GAS  /tmp/cczexbba.s 			page 43


 536      FA
 537 1631 6F51C628 		.ascii	"oQ\306(\343<C\260\236\247\231\236\016\210\221&\3437"
 537      E33C43B0 
 537      9EA7999E 
 537      0E889126 
 537      E337
 538 1643 3E0E437A 		.ascii	">\016Cz\213zm`\210\005X\370\310\250\011oo9\242\267\240"
 538      8B7A6D60 
 538      880558F8 
 538      C8A8096F 
 538      6F39A2B7 
 539 1658 2895712D 		.ascii	"(\225q-\021\240Zk\001\351\221p0\033\303\"\261!\334\342"
 539      11A05A6B 
 539      01E99170 
 539      301BC322 
 539      B121DCE2 
 540 166c A9D7F36C 		.ascii	"\251\327\363lR\363\243\022F\341\227J\320\002_\240\014"
 540      52F3A312 
 540      46E1974A 
 540      D0025FA0 
 540      0C
 541 167d 8C0C06D3 		.ascii	"\214\014\006\323\324f\242\246y\265\022\000\010\326Z"
 541      D466A2A6 
 541      79B51200 
 541      08D65A
 542 168c 2CA6485F 		.ascii	",\246H_&Ho2~m4\031\303\015\240\0230\217X\365\327H\017"
 542      26486F32 
 542      7E6D3419 
 542      C30DA013 
 542      308F58F5 
 543 16a3 E3B72116 		.ascii	"\343\267!\026CD\220Qe\012Z\0073D 1{\262r\371\030\244"
 543      43449051 
 543      650A5A07 
 543      33442031 
 543      7BB272F9 
 544 16b9 D98E1632 		.ascii	"\331\216\0262\016\354\276\016\015\\mV[\302`\006`f\013"
 544      0EECBE0E 
 544      0D5C6D56 
 544      5BC26006 
 544      60660B
 545 16cc C4DEC342 		.ascii	"\304\336\303B\017\204e\340\252@\263\221\027\333\207"
 545      0F8465E0 
 545      AA40B391 
 545      17DB87
 546 16db 1F809F6C 		.ascii	"\037\200\237l'\032\263eM`h\310\352p\275\345\347oL\324"
 546      271AB365 
 546      4D6068C8 
 546      EA70BDE5 
 546      E76F4CD4 
 547 16ef 601E2131 		.ascii	"`\036!1<0\314\250\214\010\205@+\303\215k\215&l\260|"
 547      3C30CCA8 
 547      8C088540 
 547      2BC38D6B 
 547      8D266CB0 
 548 1704 2B982385 		.ascii	"+\230#\205P\022\246\325\220jz\0136-[\006\260T0\375J"
 548      5012A6D5 
 548      906A7A0B 
ARM GAS  /tmp/cczexbba.s 			page 44


 548      362D5B06 
 548      B05430FD 
 549 1719 307D2C98 		.ascii	"0},\230>\022L\037\012\246_\012\246\017\274\010S\342"
 549      3E124C1F 
 549      0AA65F0A 
 549      A60FBC08 
 549      53E2
 550 172b 3598E42A 		.ascii	"5\230\344*3\\\310\324\177\363Q\030\310\325\322\231\206"
 550      335CC8D4 
 550      7FF35118 
 550      C8D5D299 
 550      86
 551 173c 88700B24 		.ascii	"\210p\013$\245H\222\301\323\0368eXdDD\250\007\367\247"
 551      A54892C1 
 551      D31E3865 
 551      58644444 
 551      A807F7A7 
 552 1750 C5032E84 		.ascii	"\305\003.\204E\001\235\232\376\352-\357\272\355FfCp"
 552      45019D9A 
 552      FEEA2DEF 
 552      BAED4666 
 552      4370
 553 1762 1030FFB1 		.ascii	"\0200\377\261[\002\0109\\_\344\236\301:\263\255f\335"
 553      5B020839 
 553      5C5FE49E 
 553      C13AB3AD 
 553      66DD
 554 1774 33813480 		.ascii	"3\2014\200\353:Yn\353-\277x\213\272 \224.\030\233M\006"
 554      EB3A596E 
 554      EB2DBF78 
 554      8BBA2094 
 554      2E189B4D 
 555 1789 B818B40E 		.ascii	"\270\030\264\016\"\021bXbP\374\300\251#\177A\345\374"
 555      22116258 
 555      6250FCC0 
 555      A9237F41 
 555      E5FC
 556 179b 115CA2A4 		.ascii	"\021\\\242\244\341\365\202\2342\032,zR\270^\304S\274"
 556      E1F5829C 
 556      321A2C7A 
 556      52B85EC4 
 556      53BC
 557 17ad 6697BC5D 		.ascii	"f\227\274]i\222\031\304>\255T\327z\213\315\030\312\316"
 557      699219C4 
 557      3EAD54D7 
 557      7A8BCD18 
 557      CACE
 558 17bf 02B9BED2 		.ascii	"\002\271\276\322\020\374\237\201k\214Q\221+\377A\246"
 558      10FC9F81 
 558      6B8C5191 
 558      2BFF41A6 
 559 17cf CE       		.ascii	"\316"
 560 17d0 CA2833A9 		.ascii	"\312(3\251Tc\320\347J2/R\\\013\230r-\311H\034hZ=\237"
 560      5463D0E7 
 560      4A322F52 
 560      5C0B9872 
 560      2DC9481C 
ARM GAS  /tmp/cczexbba.s 			page 45


 561 17e8 872CC868 		.ascii	"\207,\310h6\230B\"-\021\320G|\015\301dI\371444\302\360"
 561      36984222 
 561      2D11D047 
 561      7C0DC164 
 561      49F93434 
 562 17ff 2951DF18 		.ascii	")Q\337\030\344e\010&\326\320!\210\372\312u\346?D\030"
 562      E4650826 
 562      D6D02188 
 562      FACA75E6 
 562      3F4418
 563 1812 D6BCC6DF 		.ascii	"\326\274\306\337\353\210\276\2364c`\312\032\235\036"
 563      EB88BE9E 
 563      346360CA 
 563      1A9D1E
 564 1821 2AD1A2FF 		.ascii	"*\321\242\377\227OW\376\353\037\377\364\271.0tm\340"
 564      974F57FE 
 564      EB1FFFF4 
 564      B92E3074 
 564      6DE0
 565 1833 3A336461 		.ascii	":3da(\254\021\277v\341\004\3100\222\203\001+\276X\371"
 565      28AC11BF 
 565      76E104C8 
 565      30928301 
 565      2BBE58F9 
 566 1847 F9CA8015 		.ascii	"\371\312\200\025\220\204\001\237\333\230\207\231C\314"
 566      9084019F 
 566      DB988799 
 566      43CC
 567 1855 7A68AAA4 		.ascii	"zh\252\244YQU\276\012'\"XbG\205sq\324I\372%\037}\260"
 567      595155BE 
 567      0A272258 
 567      62478573 
 567      71D449FA 
 568 186d FC971E36 		.ascii	"\374\227\0366\354\177\000\007\323/\225"
 568      EC7F0007 
 568      D32F95
 569              		.text
 570              		.section	.gnu.lto_.symtab.4536d2711f0a8ed3,"",%progbits
 571 0000 63685468 		.ascii	"chThdCreateFromHeap\000"
 571      64437265 
 571      61746546 
 571      726F6D48 
 571      65617000 
 572 0014 00       		.ascii	"\000"
 573 0015 00       		.ascii	"\000"
 574 0016 00       		.ascii	"\000"
 575 0017 00000000 		.ascii	"\000\000\000\000\000\000\000\000"
 575      00000000 
 576 001f BF010000 		.ascii	"\277\001\000\000"
 577 0023 63685468 		.ascii	"chThdCreateFromMemoryPool\000"
 577      64437265 
 577      61746546 
 577      726F6D4D 
 577      656D6F72 
 578 003d 00       		.ascii	"\000"
 579 003e 00       		.ascii	"\000"
 580 003f 00       		.ascii	"\000"
ARM GAS  /tmp/cczexbba.s 			page 46


 581 0040 00000000 		.ascii	"\000\000\000\000\000\000\000\000"
 581      00000000 
 582 0048 DF010000 		.ascii	"\337\001\000\000"
 583 004c 63685363 		.ascii	"chSchWakeupS\000"
 583      6857616B 
 583      65757053 
 583      00
 584 0059 00       		.ascii	"\000"
 585 005a 02       		.ascii	"\002"
 586 005b 00       		.ascii	"\000"
 587 005c 00000000 		.ascii	"\000\000\000\000\000\000\000\000"
 587      00000000 
 588 0064 E4010000 		.ascii	"\344\001\000\000"
 589 0068 63685468 		.ascii	"chThdCreateSuspendedI\000"
 589      64437265 
 589      61746553 
 589      75737065 
 589      6E646564 
 590 007e 00       		.ascii	"\000"
 591 007f 02       		.ascii	"\002"
 592 0080 00       		.ascii	"\000"
 593 0081 00000000 		.ascii	"\000\000\000\000\000\000\000\000"
 593      00000000 
 594 0089 FA010000 		.ascii	"\372\001\000\000"
 595 008d 63684865 		.ascii	"chHeapAllocAligned\000"
 595      6170416C 
 595      6C6F6341 
 595      6C69676E 
 595      656400
 596 00a0 00       		.ascii	"\000"
 597 00a1 02       		.ascii	"\002"
 598 00a2 00       		.ascii	"\000"
 599 00a3 00000000 		.ascii	"\000\000\000\000\000\000\000\000"
 599      00000000 
 600 00ab 00020000 		.ascii	"\000\002\000\000"
 601 00af 6368506F 		.ascii	"chPoolAlloc\000"
 601      6F6C416C 
 601      6C6F6300 
 602 00bb 00       		.ascii	"\000"
 603 00bc 02       		.ascii	"\002"
 604 00bd 00       		.ascii	"\000"
 605 00be 00000000 		.ascii	"\000\000\000\000\000\000\000\000"
 605      00000000 
 606 00c6 04020000 		.ascii	"\004\002\000\000"
 607              		.text
 608              		.section	.gnu.lto_.opts,"",%progbits
 609 0000 272D666D 		.ascii	"'-fmath-errno' '-fsigned-zeros' '-ftrapping-math' '"
 609      6174682D 
 609      6572726E 
 609      6F272027 
 609      2D667369 
 610 0033 2D666E6F 		.ascii	"-fno-trapv' '-fno-openmp' '-fno-openacc' '-mcpu=cor"
 610      2D747261 
 610      70762720 
 610      272D666E 
 610      6F2D6F70 
 611 0066 7465782D 		.ascii	"tex-m7' '-mno-thumb-interwork' '-mthumb' '-ggdb' '-"
ARM GAS  /tmp/cczexbba.s 			page 47


 611      6D372720 
 611      272D6D6E 
 611      6F2D7468 
 611      756D622D 
 612 0099 4F322720 		.ascii	"O2' '-fomit-frame-pointer' '-falign-functions=16' '"
 612      272D666F 
 612      6D69742D 
 612      6672616D 
 612      652D706F 
 613 00cc 2D666675 		.ascii	"-ffunction-sections' '-fdata-sections' '-fno-common"
 613      6E637469 
 613      6F6E2D73 
 613      65637469 
 613      6F6E7327 
 614 00ff 2720272D 		.ascii	"' '-flto'\000"
 614      666C746F 
 614      2700
 615              		.text
 616              		.comm	__gnu_lto_v1,1,1
 617              		.comm	__gnu_lto_slim,1,1
 618              		.ident	"GCC: (GNU Tools for ARM Embedded Processors 6-2017-q2-update) 6.3.1 20170620 (release) [AR
ARM GAS  /tmp/cczexbba.s 			page 48


DEFINED SYMBOLS
                            *ABS*:0000000000000000 chdynamic.c
                            *COM*:0000000000000001 __gnu_lto_v1
                            *COM*:0000000000000001 __gnu_lto_slim

NO UNDEFINED SYMBOLS
