ARM GAS  /tmp/ccOvt4Pa.s 			page 1


   1              		.cpu cortex-m7
   2              		.eabi_attribute 20, 1
   3              		.eabi_attribute 21, 1
   4              		.eabi_attribute 23, 3
   5              		.eabi_attribute 24, 1
   6              		.eabi_attribute 25, 1
   7              		.eabi_attribute 26, 1
   8              		.eabi_attribute 30, 2
   9              		.eabi_attribute 34, 1
  10              		.eabi_attribute 18, 4
  11              		.file	"chmemcore.c"
  12              		.text
  13              	.Ltext0:
  14              		.section	.gnu.lto_.profile.8ec7bad4129705f7,"",%progbits
  15 0000 789C6365 		.ascii	"x\234ce`b`a```d\320\327\006\000\001\011\000g"
  15      60626061 
  15      60606064 
  15      D0D70600 
  15      01090067 
  16              		.text
  17              		.section	.gnu.lto_.icf.8ec7bad4129705f7,"",%progbits
  18 0000 789C6365 		.ascii	"x\234ce`bP`@\000V\2063\337V\335eb\354\377\373\3769/"
  18      60625060 
  18      40005686 
  18      33DF56DD 
  18      6562ECFF 
  19 0018 CBBFB327 		.ascii	"\313\277\263'n\260\263\316=1y\022\017\333\246{\347\333"
  19      6EB0B3CE 
  19      3D317912 
  19      0FDBA67B 
  19      E7DB
  20 002a D9180014 		.ascii	"\331\030\000\024\226\017\353"
  20      960FEB
  21              		.text
  22              		.section	.gnu.lto_.jmpfuncs.8ec7bad4129705f7,"",%progbits
  23 0000 789C6365 		.ascii	"x\234ce`b\220b@\000\026\020ffddd\257\257\257g\2051\330"
  23      60629062 
  23      40001610 
  23      66666464 
  23      64AFAFAF 
  24 0018 80A20026 		.ascii	"\200\242\000&\353\003I"
  24      EB0349
  25              		.text
  26              		.section	.gnu.lto_.inline.8ec7bad4129705f7,"",%progbits
  27 0000 789C6365 		.ascii	"x\234ce`b\250`@\000\026\006\006V\026F\006&\226\005\362"
  27      6062A860 
  27      40001606 
  27      06561646 
  27      06269605 
  28 0015 0C6C0BE4 		.ascii	"\014l\013\344\231 b\302B\214L\214\012\214@6\210`\221"
  28      992062C2 
  28      428C4C8C 
  28      0A8C4036 
  28      886091
  29 0028 D8B29511 		.ascii	"\330\262\225\021\"\313\366A\217\207\201\351\002?\013"
  29      22CBF641 
  29      8F8781E9 
ARM GAS  /tmp/ccOvt4Pa.s 			page 2


  29      023F0B
  30 0037 481D2B83 		.ascii	"H\035+\203\250\010#\023X\011X1\213\314\225+h\3528@\352"
  30      A8082313 
  30      58095831 
  30      8BCC952B 
  30      68EA3840 
  31 004c D818D858 		.ascii	"\330\030\330X\201V\000\305\340V0\000\0005%\016\007"
  31      815600C5 
  31      E0563000 
  31      0035250E 
  31      07
  32              		.text
  33              		.section	.gnu.lto_.pureconst.8ec7bad4129705f7,"",%progbits
  34 0000 789C6365 		.ascii	"x\234ce`b\340b```a\220`\221`\335\305\310\306\002\000"
  34      6062E062 
  34      60606061 
  34      90609160 
  34      DDC5C8C6 
  35 0016 05C00114 		.ascii	"\005\300\001\024"
  36              		.text
  37              		.section	.gnu.lto__core_init.8ec7bad4129705f7,"",%progbits
  38 0000 789C8591 		.ascii	"x\234\205\221\315K\033A\030\306\337g&\211\241\030J\301"
  38      CD4B1B41 
  38      18C6DF67 
  38      2689A118 
  38      4AC1
  39 0012 83580FBD 		.ascii	"\203X\017\275\344\020(\331\263\377@\377\215E\267\013"
  39      E41028D9 
  39      B3FF40FF 
  39      8D45B70B 
  40 0022 0A8D1103 		.ascii	"\012\215\021\003\275f\"h\332\224\246Eh\325B\331\205"
  40      BD662268 
  40      DA94A645 
  40      68D542D9 
  40      85
  41 0033 1CFC6835 		.ascii	"\034\374h5Fc\315\366\322\020z,\012\202\024,\224\"V\260"
  41      4663CDF6 
  41      D2107A2C 
  41      0A82142C 
  41      942256B0 
  42 0047 B4A7D243 		.ascii	"\264\247\322C\005?\336\231,~\025\3540\303\274;\363>"
  42      053FDE99 
  42      2C7E15EC 
  42      30C3BC3B 
  42      F33E
  43 0059 CFFEDE77 		.ascii	"\317\376\336w\242$\310\021D\367\210\3506/H\202x\276"
  43      A224C811 
  43      44F788E8 
  43      362F4882 
  43      78BE
  44 006b 4154880B 		.ascii	"AT\210\013@\007*\016\312\013\344\361LNI\264\212\373"
  44      40072A0E 
  44      CA0BE4F1 
  44      4C4E49B4 
  44      8AFB
  45 007d 8148CD2A 		.ascii	"\201H\315*\036\315\251\255\330\204\032\357\366$\321"
  45      1ECDA9AD 
ARM GAS  /tmp/ccOvt4Pa.s 			page 3


  45      D8841AEF 
  45      F624D1
  46 008c 0C2F3D30 		.ascii	"\014/=0\213\024q\332\237\322\357\357\011y\027:\366?"
  46      8B1471DA 
  46      9FD2EFEF 
  46      0979173A 
  46      F63F
  47 009e B4366F26 		.ascii	"\2646o&+\352\033K\366_uM*\177ZE<\011\314A\206:\035\222"
  47      2BEA1B4B 
  47      F65F754D 
  47      2A7F5A45 
  47      3C09CC41 
  48 00b6 CEFDBC57 		.ascii	"\316\375\274W\257A\366\031\335\327`\251\026\013u;=\005"
  48      AF41F619 
  48      DDD760A9 
  48      160B753B 
  48      3D05
  49 00c8 D52ADCD1 		.ascii	"\325*\334\321\252\205s\325B\250\332\255\035\277H\304"
  49      AA8573D5 
  49      42A8DAAD 
  49      1DBF48C4 
  50 00d8 22788324 		.ascii	"\"x\203$\346\221l\323\340-b\340\275\272\205\246:>)\252"
  50      E6916CD3 
  50      E02D62E0 
  50      BDBA85A6 
  50      3A3E29AA 
  51 00ec E6464FB5 		.ascii	"\346FO\265\276w+BT\342{]\332\023)\364.\0170vX<Zk@k\330"
  51      BE772B42 
  51      54E27B5D 
  51      DA1329F4 
  51      2E0F3076 
  52 0107 EFE5786B 		.ascii	"\357\345xk\263\243,=)\014H\020\374\374\322\221?Rq>\250"
  52      B3A32C3D 
  52      290C4810 
  52      FCFCD291 
  52      3F52713E 
  53 011c 686B3EFB 		.ascii	"hk>\373\361i\373\343\015\017\257\341I\211%\356\316\""
  53      F169FBE3 
  53      0D0FAFE1 
  53      498925EE 
  53      CE22
  54 012e 7ACD45B9 		.ascii	"z\315E\271\261\3748n-\352\006\371\017=\031A\025\036"
  54      B1FC386E 
  54      2DEA06F9 
  54      0F3D1941 
  54      151E
  55 0140 A60D3096 		.ascii	"\246\0150\226a]t\217^u\217V$\256\272\003+\354^\013\335"
  55      615D748F 
  55      5E758F56 
  55      24AEBA03 
  55      2BEC5E0B 
  56 0155 FDC3BFDB 		.ascii	"\375\303\277\333\235\234\374\210\335w\241-V\331\236"
  56      9D9CFC88 
  56      DD77A12D 
  56      56D99E
  57 0164 ADEBC893 		.ascii	"\255\353\310\223)\343\351\372Y\031\377\345^\273\216"
  57      29E3E9FA 
ARM GAS  /tmp/ccOvt4Pa.s 			page 4


  57      5919FFE5 
  57      5EBB8E
  58 0173 FB9DE1D6 		.ascii	"\373\235\341\326\035\304\272\341\276\014*\376\005m\\"
  58      1DC4BAE1 
  58      BE0C2AFE 
  58      056D5C
  59 0182 0B1AB441 		.ascii	"\013\032\264A\3373\350/\214\371\225\262\3014\017Y\342"
  59      DF33E82F 
  59      8CF995B2 
  59      C1340F59 
  59      E2
  60 0193 DFF03BB0 		.ascii	"\337\360;\260e*\235\266\3323\233\263\234l&\223\035\346"
  60      652A9DB6 
  60      DA339BB3 
  60      9C6C2693 
  60      1DE6
  61 01a5 E8C1D080 		.ascii	"\350\301\320\200\225\033u,g0\343f\234\354\250\233v\250"
  61      951B752C 
  61      6730E366 
  61      9CECA89B 
  61      76A8
  62 01b7 D3B607DD 		.ascii	"\323\266\007\335\376\021\333\035\276o\333\211\360c\240"
  62      FE11DB1D 
  62      BE6FDB89 
  62      F063A0
  63 01c6 3FE7DAF6 		.ascii	"?\347\332\366)\360R\346\311"
  63      29F052E6 
  63      C9
  64              		.text
  65              		.section	.gnu.lto_chCoreAllocAlignedWithOffsetI.8ec7bad4129705f7,"",%progbits
  66 0000 789C8D54 		.ascii	"x\234\215TYkSA\024>\347\316\334\334\2204I\233\"\370"
  66      596B5341 
  66      143EE7CE 
  66      DCDC9034 
  66      499B22F8 
  67 0014 10A40F96 		.ascii	"\020\244\017\226R\220\004A\360M\037T\360/\370\246\206"
  67      52900441 
  67      F04D1F54 
  67      F02FF8A6 
  67      86
  68 0025 A805D388 		.ascii	"\250\005\323\210\021\021_zm\272\020\213Z\225\264*\246"
  68      11115F7A 
  68      6DBA108B 
  68      5A95B42A 
  68      A6
  69 0036 51A3B8C6 		.ascii	"Q\243\270\306\266\356uKq\243\340\332b\245\326\255hD"
  69      B6EE754B 
  69      71A3E0DA 
  69      62A5D6AD 
  69      6844
  70 0048 23155414 		.ascii	"#\025T\024qi\3539sSk\245\210\227d2\363\315\367\335\371"
  70      7169EB39 
  70      73536BA5 
  70      88976432 
  70      F3CDF7DD 
  71 005d CE3787E8 		.ascii	"\3167\207\350\240\301c\011\260\020\000\026\321\027m"
  71      A0C16309 
ARM GAS  /tmp/ccOvt4Pa.s 			page 5


  71      B0100016 
  71      D1176D
  72 006c 805AF33D 		.ascii	"\200Z\363=\200MvM\323\337\032`:\304\221[\000f\221(,"
  72      804D764D 
  72      D3DF1A60 
  72      3AC4915B 
  72      00669128 
  73 0081 A5B594A8 		.ascii	"\245\265\224\250[4\035\221'\246\035\241F\023R\307\032"
  73      5B341D91 
  73      27A61DA1 
  73      461352C7 
  73      1A
  74 0092 DC265A05 		.ascii	"\334&Z\005\366\326u\354\025[EJ\000JZ~\274\273\347\225"
  74      F6D675EC 
  74      155B454A 
  74      004A5A7E 
  74      BCBBE795 
  75 00a6 9B978865 		.ascii	"\233\227\210e\274\373\356M\235\263\362\260i\326\232"
  75      BCFBEE4D 
  75      9DB3F2B0 
  75      69D69A
  76 00b5 DDAD0F8C 		.ascii	"\335\255\017\214\326X\375\342\224\320`7\261\217\240"
  76      D658FDE2 
  76      94D06037 
  76      B18FA0
  77 00c4 0F0FA38F 		.ascii	"\017\017\243\217\315\034\305J\342\036\330\324\177\333"
  77      CD1CC54A 
  77      E21ED8D4 
  77      7FDB
  78 00d2 256621D0 		.ascii	"%f!\320\2741s%\357\2568\244t\271\2040g\246\204\300c"
  78      BC317325 
  78      EFAE38A4 
  78      74B98430 
  78      67A684C0 
  79 00e7 28FE1412 		.ascii	"(\376\024\022\004x\034+\210\336\374cd\310\020\263\225"
  79      04781C2B 
  79      88DEFC63 
  79      64C810B3 
  79      95
  80 00f8 34B67F30 		.ascii	"4\266\1770+\013\322{m\276D\314\244#%\236\370[,\0013"
  80      2B0BD27B 
  80      6DBE44CC 
  80      A423259E 
  80      F85B2C01 
  81 010d 4AFC79E7 		.ascii	"J\374y\347\340\013\267\230\253\304_\317\235\275\255"
  81      E00BB798 
  81      ABC45FCF 
  81      9DBDAD
  82 011c 17C48FDA 		.ascii	"\027\304\217\332\246[b\201'\2478\271\035+X\321\374\364"
  82      A65B6281 
  82      27A738B9 
  82      1D2B58D1 
  82      FCF4
  83 012e DB65A798 		.ascii	"\333e\247\230\247\324\271\237\211\006{yZ\251\237\267"
  83      A7D4B99F 
  83      89067B79 
  83      5AA99FB7 
ARM GAS  /tmp/ccOvt4Pa.s 			page 6


  84 013e 15EF8899 		.ascii	"\025\357\210\231=\246L\011\035;&\353\371!\372\235\356"
  84      3DA64C09 
  84      1D3B26EB 
  84      F921FA9D 
  84      EE
  85 014f 78BB432C 		.ascii	"x\273C,P\322\321\276\374\007\275 \315m\027\346ASc\341"
  85      50D2D1BE 
  85      FC07BD20 
  85      CD6D17E6 
  85      415363E1 
  86 0163 A929852F 		.ascii	"\251)\205/;G\023.\233\304\323X\216\235X\236\026\300"
  86      3B47132E 
  86      9BC4D358 
  86      8E9D589E 
  86      16C0
  87 0175 89529067 		.ascii	"\211R\220g\320\206\000\332\370F{\037v\233\243c\215T"
  87      D08600DA 
  87      F8467B1F 
  87      769BA363 
  87      8D54
  88 0187 CB8CE133 		.ascii	"\313\214\3413\267\274\323\220\254kt5T\270D\316N\347"
  88      B7BCD390 
  88      AC6B7435 
  88      54B844CE 
  88      4EE7
  89 0199 206C3C18 		.ascii	" l<\030<\330U\240\016\232\352N\344\012\213x\352\342"
  89      3CD855A0 
  89      0E9AEA4E 
  89      E40A8B78 
  89      EAE2
  90 01ab 2D370F1E 		.ascii	"-7\017\036\036\212y(\001>\304\013|L)\223\0006\223\005"
  90      1E8A7928 
  90      013EC40B 
  90      7C4C2993 
  90      00369305 
  91 01bf 6E9126BA 		.ascii	"n\221&\272`\372\025y\214\2654l\311\256bWI\241'\205H"
  91      60FA1579 
  91      8CB5346C 
  91      C9AE6257 
  91      49A12785 
  92 01d4 52E80A45 		.ascii	"R\350\012E\013c\230\312y\326s\364\270j!\211c\364x\360"
  92      0B6398CA 
  92      79D673F4 
  92      B86A2189 
  92      63F478F0 
  93 01e8 2C959AC7 		.ascii	",\225\232\307\332\201q\236AZ\026\376l\210\013\013\261"
  93      DA81719E 
  93      415A16FE 
  93      6C880B0B 
  93      B1
  94 01f9 2BB101AF 		.ascii	"+\261\001\257\261\266LUM\266\011e\325\305\374\267\353"
  94      B1B64C55 
  94      4DB60965 
  94      D5C5FCB7 
  94      EB
  95 020a 0E8BE5A0 		.ascii	"\016\213\345\240\227\267\324_\273o\360\313m*\347\256"
  95      97B7D45F 
ARM GAS  /tmp/ccOvt4Pa.s 			page 7


  95      BB6FF0CB 
  95      6D2AE7AE 
  96 021a AEE12746 		.ascii	"\256\341'F\315\210i' -P\305\371\356N\377\015G\012\223"
  96      CD886927 
  96      202D50C5 
  96      F9EE4EFF 
  96      0D470A93 
  97 022e 9812069E 		.ascii	"\230\022\006\236\247\306>\307Q\323\306\326\013\035q"
  97      A7C63EC7 
  97      51D3C6D6 
  97      0B1D71
  98 023d 7B2063D2 		.ascii	"{ c\322S\306\267q\001S\270\213\203\006\354\302\000;"
  98      53C6B771 
  98      0153B88B 
  98      8306ECC2 
  98      003B
  99 024f DA3B6EB1 		.ascii	"\332;n\261\210NK\012'\033\370\324X\300\\\004O\252\327"
  99      884E4B0A 
  99      271BF8D4 
  99      58C05C04 
  99      4FAAD7
 100 0262 AD32704D 		.ascii	"\2552pM\302<\004\027\012\246\372\012`\261\252\331c\275"
 100      C23C0417 
 100      0AA6FA0A 
 100      60B1AAD9 
 100      63BD
 101 0274 6D898595 		.ascii	"m\211\205\225\020<Q/\205O\220e!\223]jQ\274\212e\237"
 101      103C512F 
 101      854F9065 
 101      21935D6A 
 101      51BC8A65 
 102 0289 607532CB 		.ascii	"`u2\313k\2452\222v[\254\322\377\211\341\342?b\270\244"
 102      6BA53292 
 102      765BACD2 
 102      FF89E1E2 
 102      3F62B8A4 
 103 029d 62408EE1 		.ascii	"b@\216\3412\305\220\303\272\201\353s~;(U]\332D7F\377"
 103      32C590C3 
 103      BA81EB73 
 103      7E3B2855 
 103      5DDA4437 
 104 02b3 20426D3E 		.ascii	" Bm>\224\205\373`3\326\256\204\203\363\251Cj[\362\361"
 104      9485FB60 
 104      33D6AE84 
 104      83F3A943 
 104      6A5BF2F1 
 105 02c7 9B4EDEFD 		.ascii	"\233N\336\375\037SW\2466\265o=\273\272:q9Y\014X'5Q_"
 105      1F5357A6 
 105      36B56F3D 
 105      BBBA3A71 
 105      39590C58 
 106 02df 722BBE47 		.ascii	"r+\276G\015\222\312\361\027D\364\373\304\340\330\020"
 106      0D92CAF1 
 106      1744F4FB 
 106      C4E0D810 
 107 02ef 5258F2FB 		.ascii	"RX\362\373\201^^k\274\246\006Ffk\000\225~\177\300\372"
 107      815E5E6B 
ARM GAS  /tmp/ccOvt4Pa.s 			page 8


 107      BCA60646 
 107      666B0095 
 107      7E7FC0FA 
 108 0303 44A28160 		.ascii	"D\242\201`$\034\216T\323lu\325\362@tm0\020\\\025\016"
 108      241C8E54 
 108      D36C75D5 
 108      F240746D 
 108      30105C15 
 109 0318 858391B5 		.ascii	"\205\203\221\265!\177\020d\264jcH_\266\272je\265-\262"
 109      217F1064 
 109      B46A6348 
 109      5FB6BA6A 
 109      65B52DB2 
 110 032c 624534B4 		.ascii	"bE4\264NV\2076\254\3035\277\000\301\203\223~"
 110      4E568736 
 110      ACC335BF 
 110      00C18393 
 110      7E
 111              		.text
 112              		.section	.gnu.lto_chCoreAllocAlignedWithOffset.8ec7bad4129705f7,"",%progbits
 113 0000 789C8D55 		.ascii	"x\234\215U]LTW\020>s\317\275\273\313.,\310C\2334&]\222"
 113      5D4C5457 
 113      103E73CF 
 113      BDBBCB2E 
 113      2CC8439B 
 114 0018 12A4A1DC 		.ascii	"\022\244\241\334611\351C\177bL\352\003I\243OM\232P\335"
 114      363131E9 
 114      437F624C 
 114      EA0349A3 
 114      4F4D9A50 
 115 002d AEB209B0 		.ascii	"\256\262\011\260d\227\032\355\013\327\005AJ\353O\015"
 115      64971AED 
 115      0BD70541 
 115      4AEB4F0D 
 116 003d 0856BA14 		.ascii	"\010V\272\0244\"\026\004\004\024\225\237\212X\020\324"
 116      34221604 
 116      0414959F 
 116      8A5810D4 
 117 004d 8A6229DA 		.ascii	"\212b)\332j\375\251.\330\252\324Zme\355\314\271\027"
 117      6AFDA92E 
 117      D8AAD45A 
 117      6D65EDCC 
 117      B917
 118 005f 646163BD 		.ascii	"dac\275\331={\317\314|sf\276\2313\2530\211\365[\030"
 118      D93D7BCF 
 118      CC7C7366 
 118      BE9933AB 
 118      3089F55B 
 119 0074 BBC7185B 		.ascii	"\273\307\030[\202_01\220\266\234fl\275E\222\224[f\246"
 119      825F3031 
 119      90B69C66 
 119      6CBD4592 
 119      945B66A6 
 120 0088 5979ED09 		.ascii	"Yy\355\011\306\264hnle}+\203\242\233)\000\364\242Y\200"
 120      C6B4686E 
 120      6C657D2B 
 120      83A29B29 
ARM GAS  /tmp/ccOvt4Pa.s 			page 9


 120      00F4A259 
 121 009d E5495C56 		.ascii	"\345I\\V \0176\363\355\034\316\0264\356\344\233x\200"
 121      200F36F3 
 121      ED1CCE16 
 121      34EEE49B 
 121      7880
 122 00af 3390717B 		.ascii	"3\220q{\357\324\216kv\332\0028H;v\263\300\226\274G\323"
 122      EFD48E6B 
 122      76DA0238 
 122      483B76B3 
 122      C096BC47 
 123 00c4 FC5AF7F6 		.ascii	"\374Z\367\366\021\353\366\374\015\357\005\270\304*\320"
 123      11EBF6FC 
 123      0DEF05B8 
 123      C42AD0
 124 00d3 BA16E6C3 		.ascii	"\272\026\346\303\036\230O\301\354\205d\264\255^?<\020"
 124      1E984FC1 
 124      EC8564B4 
 124      AD5E3F3C 
 124      10
 125 00e4 C35380E1 		.ascii	"\303S\200\341{Q}G\320\236\264[\340.\225r\355\225\000"
 125      7B517D47 
 125      D09EB45B 
 125      E02E9572 
 125      ED9500
 126 00f7 E750077C 		.ascii	"\347P\007|&\020E\014\366A\022\232o\371w\362\212\231"
 126      2610450C 
 126      F641129A 
 126      6FF977F2 
 126      8A99
 127 0109 BF21A0F9 		.ascii	"\277!\240\371\337\214v\311\006\364\217\272\227J\363"
 127      DF8C76C9 
 127      06F48FBA 
 127      974AF3
 128 0118 353C5286 		.ascii	"5<R\206og\203e\006\365\002|\177\333\350e;_$\300\177"
 128      6F678365 
 128      06F5027C 
 128      7FDBE865 
 128      3B5F24C0 
 129 012d B7B50E28 		.ascii	"\267\265\016(\006\370A\335\013:\230CC\204\223\367C\022"
 129      06F841DD 
 129      0B3A9843 
 129      438493F7 
 129      4312
 130 013f 2106BB8B 		.ascii	"!\006\273\213\367[\371[\002}ic\350\240\234X#\320\241"
 130      F75BF95B 
 130      027D6963 
 130      E8A09C58 
 130      23D0A1
 131 0152 BAF8ADF9 		.ascii	"\272\370\255\371Z\237&c\276\320\030\216\247\007\315"
 131      5A9F2663 
 131      BED0188E 
 131      A707CD
 132 0161 AF36854A 		.ascii	"\2576\205JcL24A\"1\202D4\203\011\030#Z\313n=\014\231"
 132      634C3234 
 132      41223182 
 132      44348309 
ARM GAS  /tmp/ccOvt4Pa.s 			page 10


 132      18235ACB 
 133 0179 0D57BFD5 		.ascii	"\015W\277\325\331+\264\356\002G\004\016\350\201\003"
 133      D92BB4EE 
 133      0247040E 
 133      E88103
 134 0188 90481C5C 		.ascii	"\220H\034\\zt\324\306\337\021\201\\\177\\Zh1\320\277"
 134      7A74D4C6 
 134      DF11815C 
 134      7F5C5A68 
 134      31D0BF
 135 019b 7C1DF7A5 		.ascii	"|\035\367\245\021\210\002-\021\340\255\002\036\032\012"
 135      1188022D 
 135      11E0AD02 
 135      1E1A0A
 136 01aa DE550CC8 		.ascii	"\336U\014\310\365\255\\\333\245I\004\210\0209\264A\342"
 136      F5AD5CDB 
 136      A5490488 
 136      1039B441 
 136      E2
 137 01bb FE21E8D6 		.ascii	"\376!\350\326BO\212\220\245W\307[.\307\277(\001\225"
 137      424F8A90 
 137      A557C75B 
 137      2EC7BF28 
 137      0195
 138 01cd 02AB8E9C 		.ascii	"\002\253\216\234\312@\344(\304\261\211\0263-\026\021"
 138      CA40E428 
 138      C4B18916 
 138      332D1611 
 139 01dd 6714BE2A 		.ascii	"g\024\276*VZl$\214\246%\206\026;-\261\302w\234\010i"
 139      565A6C24 
 139      8CA62586 
 139      163B2DB1 
 139      C2779C08 
 140 01f2 1E19C533 		.ascii	"\036\031\3053\352\026\366\031\222C\315W\202\033\374"
 140      EA16F619 
 140      9243CD57 
 140      821BFC
 141 0201 E53740A2 		.ascii	"\3457@\242,w\237\034\352\262\361%\"\343\373\345M\265"
 141      2C779F1C 
 141      EAB2F125 
 141      22E3FBE5 
 141      4DB5
 142 0213 5146F877 		.ascii	"QF\370w*\026\354\310\037\370\\\253\362\307\005\270\011"
 142      2A16ECC8 
 142      1FF85CAB 
 142      F2C705B8 
 142      09
 143 0224 0E4648E1 		.ascii	"\016FH\341\220\310\271(\250u\310\324\254&p@;\352\306"
 143      90C8B928 
 143      A875C8D4 
 143      AC267040 
 143      3BEAC6
 144 0237 C07FF5CE 		.ascii	"\300\177\365\316\346\226\3130]\235\002\015\237\356m"
 144      E696CB30 
 144      5D9D020D 
 144      9FEE6D
 145 0246 1356519C 		.ascii	"\023VQ\234\012\016l\226\352\317\206\224\017\031\034"
ARM GAS  /tmp/ccOvt4Pa.s 			page 11


 145      0A0E6C96 
 145      EACF8694 
 145      0F191C
 146 0255 269D345B 		.ascii	"&\2354[7^\261\340+Ng18B\006|F\325\031\034\305K\310\240"
 146      375EB1E0 
 146      2B4E6731 
 146      3842067C 
 146      46D5191C 
 147 026d 834A0EEC 		.ascii	"\203J\016\354\002\035Y\035h~hM\270\011\001\255\034\213"
 147      021D591D 
 147      687E684D 
 147      B80901AD 
 147      1C8B
 148 027f 6D26EBFA 		.ascii	"m&\353\372kG4\213\214\034@'$\210\256\271{\373\374E\011"
 148      6B47348B 
 148      8C1C4027 
 148      2488AEB9 
 148      7BFBFC45 
 149 0294 25D005B2 		.ascii	"%\320\005\262\010\232A\267\270z\265\235=7\242\023\306"
 149      089A41B7 
 149      B87AB59D 
 149      3D37A213 
 149      C6
 150 02a5 0CB4856C 		.ascii	"\014\264\205l'\032\232\207m\002\375\035\241\341\030"
 150      271A9A87 
 150      6D02FD1D 
 150      A1E118
 151 02b4 C8EC06F8 		.ascii	"\310\354\006\370\035\202\000F\257W\212\333\025\321v"
 151      1D820046 
 151      AF578ADB 
 151      15D176
 152 02c3 589C4ACC 		.ascii	"X\234J\314\200\264\264Gp\377\265c\343\322\234\026\234"
 152      80B4B447 
 152      70FFB563 
 152      E3D29C16 
 152      9C
 153 02d4 7393049F 		.ascii	"s\223\004\237=\204\346\204\256\272Y\312\015\007\367"
 153      3D84E684 
 153      AEBA59CA 
 153      0D07F7
 154 02e3 365E6D8A 		.ascii	"6^m\212\211\320\303\015\021\034\034'\0072\013B~Y\341"
 154      89D0C30D 
 154      111C1C27 
 154      07320B42 
 154      7E59E1
 155 02f6 175D19B3 		.ascii	"\027]\031\263\210\274\260\317J\026t\014\005j\324B\236"
 155      88BCB0CF 
 155      4A16740C 
 155      056AD442 
 155      9E
 156 0307 7989B071 		.ascii	"y\211\260q\250m\030\364\012ZO\200\251\222+\230\021\205"
 156      A86D18F4 
 156      0A5A4F80 
 156      A9922B98 
 156      1185
 157 0319 35E55597 		.ascii	"5\345U\227\222\002\201?\367\355\335'\006\227\014O\360"
 157      9202813F 
ARM GAS  /tmp/ccOvt4Pa.s 			page 12


 157      F7EDDD27 
 157      06970C4F 
 157      F0
 158 032a 8985EF31 		.ascii	"\211\205\3571\226 \370G\012A\2673\033\320\307\205\305"
 158      9620F847 
 158      0A41B733 
 158      1BD0C785 
 158      C5
 159 033b 5C975804 		.ascii	"\\\227X\004\330\254\223tb\2124\013\241\016\007\037\365"
 159      D8AC9374 
 159      628A340B 
 159      A10E071F 
 159      F5
 160 034c 5875AB28 		.ascii	"Xu\253(\272\276\033\216\2351\223\363(\3210\355\355\267"
 160      BABE1B8E 
 160      9D3193F3 
 160      28D130ED 
 160      EDB7
 161 035e 2F9AF326 		.ascii	"/\232\363&5\013\012j\270~\373\307\006\207\217[\003P"
 161      350B0A6A 
 161      B87EFBC7 
 161      06878F5B 
 161      0350
 162 0370 09016E85 		.ascii	"\011\001n\205~\034\247}\304\005*6\035j,\266\250\365"
 162      7E1CA77D 
 162      C4052A36 
 162      1D6A2CB6 
 162      A8F5
 163 0382 94B883AE 		.ascii	"\224\270\203\256\340I\010@9\202Df0\000*\005\265s*J+"
 163      E0490840 
 163      39824466 
 163      30002A05 
 163      B5732A4A 
 164 0397 1EA833E7 		.ascii	"\036\2503\347\237(2d6\024\353I\033\202hL\005\305a\262"
 164      9F283264 
 164      3614EB49 
 164      1B82684C 
 164      05C561B2 
 165 03ab 18141B39 		.ascii	"\030\024\0339c\212\206\320.\322\216\321\275}\240\313"
 165      638A86D0 
 165      2ED28ED1 
 165      BD7DA0CB 
 166 03bb 6251FC34 		.ascii	"bQ\3744\3456J9V\017\241\276\353#\335$NXY\236Z\265\222"
 166      E5364A39 
 166      560FA1BE 
 166      EB23DD24 
 166      4E58599E 
 167 03d2 559C4ECC 		.ascii	"U\234N\314d\215]\267\232\367<L\014>\203\211S\202\011"
 167      648D5DB7 
 167      9AF73C4C 
 167      0C3E8389 
 167      538209
 168 03e5 3098388D 		.ascii	"0\2308\215L\\\207\202\221\236\205\323A\314\023\315T"
 168      4C5C8782 
 168      919E85D3 
 168      41CC13CD 
 168      54
ARM GAS  /tmp/ccOvt4Pa.s 			page 13


 169 03f6 8275C37F 		.ascii	"\202u\303\177/.\224\347e\243*\024\217\256\225\331\256"
 169      2F2E94E7 
 169      65A32A14 
 169      8FAE95D9 
 169      AE
 170 0407 B7398656 		.ascii	"\2679\206V\026,\356\265\221\366y\342:\0239\256\2525"
 170      162CEEB5 
 170      91F679E2 
 170      3A1339AE 
 170      AA35
 171 0419 14D80F61 		.ascii	"\024\330\017a%:\013\252~X\011W\214y\345\257\032/\235"
 171      253A0BAA 
 171      7E580957 
 171      8C79E5AF 
 171      1A2F9D
 172 042c BE676CFA 		.ascii	"\276gl\372\226QC\317\330\035\017\333\265\206\355\332"
 172      965143CF 
 172      D81D0FDB 
 172      B586EDDA 
 173 043c C2764DFA 		.ascii	"\302vM\372N\2120\372*\377g\364\015\211\3217\335\240"
 173      4E8A30FA 
 173      2AFF67F4 
 173      0D89D137 
 173      DDA0
 174 044e 347DCE3D 		.ascii	"4}\316=k\364=\230\032}J\330\364:O\327l\316,\\\220\316"
 174      6BF43D98 
 174      1A7D4AD8 
 174      F43A4FD7 
 174      6CCE2C5C 
 175 0464 60988C4D 		.ascii	"`\230\214Msg\341\302JN\2073\2700w\026\376(.\355\310"
 175      7367E1C2 
 175      4A4E8733 
 175      B8307716 
 175      FE282EED 
 176 0479 8C59180A 		.ascii	"\214Y\030\012\374\332i\233\032s\347\304\230\373I\214"
 176      FCDA699B 
 176      1A73E7C4 
 176      98FB498C 
 177 0489 B9D9336D 		.ascii	"\271\3313mtz\246\221s\366;\316\264\222\216^\023\305"
 177      747AA691 
 177      73F63BCE 
 177      B4928E5E 
 177      13C5
 178 049b 5CC9E331 		.ascii	"\\\311\3431\343\277 \036R\347K\243O\256\000\376\322"
 178      E3BF201E 
 178      52E74BA3 
 178      4FAE00FE 
 178      D2
 179 04ac 448895FF 		.ascii	"D\210\225\377\251>\013\370\267\002T\036t\225\234\232"
 179      A93E0BF8 
 179      B702541E 
 179      74959C9A 
 180 04bc AAEA1F8F 		.ascii	"\252\352\037\217Ouz\262\262<\331\370\226\351^\251\372"
 180      4F757AB2 
 180      B23CD9F8 
 180      96E95EA9 
 180      FA
ARM GAS  /tmp/ccOvt4Pa.s 			page 14


 181 04cd BC4ED599 		.ascii	"\274N\325\231\221\345\312rz\274\256T'\223}\356O]\312"
 181      91E5CA72 
 181      7ABCAE54 
 181      27937DEE 
 181      4F5DCA
 182 04e0 8A4CF7EA 		.ascii	"\212L\367\352l\223g\325*\237+\027r\344l\327\332\\\363"
 182      6C9367D5 
 182      2A9F2B17 
 182      72E46CD7 
 182      DA5CF3
 183 04f3 CA153ED7 		.ascii	"\312\025>\327\373^\367k\021\\\345x\274\271>\365\335"
 183      FB5EF76B 
 183      115CE578 
 183      BCB93EF5 
 183      DD
 184 0504 65698BD3 		.ascii	"ei\213\323\326\2427r\225\276fQVj\006{3\2025:#[uq\332"
 184      D6A23772 
 184      95BE6651 
 184      566A067B 
 184      3382353A 
 185 051d F2A5CBD5 		.ascii	"\362\245\313\325\305h\254.\315vf~\362\261Kuf\371\334"
 185      C568AC2E 
 185      CD76667E 
 185      F2B14B75 
 185      66F9DC
 186 0530 BEF4D54E 		.ascii	"\276\364\325N'B_\236\011\365\346\252\356)\233\014\337"
 186      27425F9E 
 186      09F5E6AA 
 186      EE299B0C 
 186      DF
 187 0541 3A1FEAE3 		.ascii	":\037\352\343\322\226/sPP9^w\212#\361u&y\231\031\023"
 187      D2962F73 
 187      5050395E 
 187      778A23F1 
 187      75267999 
 188 0557 F178D7B1 		.ascii	"\361x\327\261\377\000\355]\005\323"
 188      FF00ED5D 
 188      05D3
 189              		.text
 190              		.section	.gnu.lto_chCoreGetStatusX.8ec7bad4129705f7,"",%progbits
 191 0000 789C8D90 		.ascii	"x\234\215\220\273N\002Q\020\206g\366\354\015\215\372"
 191      BB4E0251 
 191      108667F6 
 191      EC0D8DFA 
 192 0010 0052D012 		.ascii	"\000R\320\022\023\366A|\0137$\222\270n\002\017\300\021"
 192      13F6417C 
 192      0B372492 
 192      B86E020F 
 192      C011
 193 0022 2F044CD0 		.ascii	"/\004L\320F\301\013nA\014\240\"`%T\304\330\230x\203"
 193      46C10B6E 
 193      410CA022 
 193      602554C4 
 193      D8987883 
 194 0036 C442EDB4 		.ascii	"\304B\355\264\302h\241\265\2423\256\225\205q\263{\316"
 194      C268A1B5 
 194      A233AE95 
ARM GAS  /tmp/ccOvt4Pa.s 			page 15


 194      8571B37B 
 194      CE
 195 0047 CC7FE6CC 		.ascii	"\314\177\346\314\367\357h\240@\027\001&\000`\234>\024"
 195      F7EF68A0 
 195      40170126 
 195      00609C3E 
 195      14
 196 0058 80CAEA25 		.ascii	"\200\312\352%\300\234\251 r M\204\244\202I\\\021y\201"
 196      C09CA920 
 196      72204D84 
 196      A482495C 
 196      117981
 197 006b DD85C6B6 		.ascii	"\335\205\306\266\310\011\217\312TJ_/6\037G9E\014Q\272"
 197      C8098FCA 
 197      544A5F2F 
 197      361F4739 
 197      450C51BA 
 198 007f 257B1923 		.ascii	"%{\031#\\\2262%;\371\235\341\302\321\265\014xB\201\015"
 198      5C963225 
 198      3BF99DE1 
 198      C2D1B50C 
 198      7842810D 
 199 0093 2AAF6010 		.ascii	"*\257`\020\313\030dF\025\303@\325\017\315\301\332\210"
 199      CB186446 
 199      15C340D5 
 199      0FCDC1DA 
 199      88
 200 00a4 AEF22989 		.ascii	"\256\362)\211{\250\223\017\250\367\260#\007\237i\331"
 200      7BA8930F 
 200      A8F7B023 
 200      079F69D9 
 201 00b4 792F616B 		.ascii	"y/ak\322T\300\023B\320\242\252\034i\034\351\274\030"
 201      D254C013 
 201      42D0A2AA 
 201      1C691CE9 
 201      BC18
 202 00c6 C09D214B 		.ascii	"\300\235!K\227\331\3462%\264\213>\246\332\375\273\335"
 202      97D9E632 
 202      25B48B3E 
 202      A6DAFDBB 
 202      DD
 203 00d7 31EE5714 		.ascii	"1\356W\024\012a\326\027O\256\014\366\250!S[\255\347"
 203      0A61D617 
 203      4FAE0CF6 
 203      A821535B 
 203      ADE7
 204 00e9 7B23F921 		.ascii	"{#\371!M\022JL&\355\351\374\346t\310\303\"zB\307\003"
 204      4D124A4C 
 204      26EDE9FC 
 204      E674C8C3 
 204      227A42C7 
 205 00fe FAD77D36 		.ascii	"\372\327}6J\007\271\343F\306\264j\222\236\020\321\261"
 205      4A07B9E3 
 205      46C6B46A 
 205      929E10D1 
 205      B1
 206 010f 861E16F8 		.ascii	"\206\036\026\370\022\340!Z@\260\267\364m\300g\011\302"
ARM GAS  /tmp/ccOvt4Pa.s 			page 16


 206      12E0215A 
 206      40B0B7F4 
 206      6DC06709 
 206      C2
 207 0120 B1D23E8B 		.ascii	"\261\322>\213\371\202\372\037Z\375\017Z\343\233\306"
 207      F982FA1F 
 207      5AFD0F5A 
 207      E39BC6
 208 012f 53C1E66F 		.ascii	"S\301\346o\232F\375I\231/,\241/\370\0164\277\252*|\321"
 208      9A46FD49 
 208      992F2CA1 
 208      2FF80E34 
 208      BFAA2A7C 
 209 0144 201D5E30 		.ascii	" \035^0\025\372I\331y\226:\322\244hv\341H\304\362_7"
 209      15FA49D9 
 209      79963AD2 
 209      A46876E1 
 209      48C4F25F 
 210 0159 61D9AEE3 		.ascii	"a\331\256\343\270\263\024\315\304\246\254D\334\266\354"
 210      B8B314CD 
 210      C4A6AC44 
 210      DCB6EC
 211 0168 6927EAD8 		.ascii	"i'\352\330n<\032\261\341\013H)\235\202"
 211      6E3C1AB1 
 211      E10B4829 
 211      9D82
 212              		.text
 213              		.section	.gnu.lto_.symbol_nodes.8ec7bad4129705f7,"",%progbits
 214 0000 789C6365 		.ascii	"x\234ce`bHf\000\002\246%L\365\014\014\023\31610\000"
 214      60624866 
 214      0002A625 
 214      4CF50C0C 
 214      13CE3130 
 215 0015 A95D0D8E 		.ascii	"\251]\015\216\014\014\254\213\231\030\032\225\200R\254"
 215      0C0CAC8B 
 215      99181A95 
 215      8052AC
 216 0024 2B981815 		.ascii	"+\230\030\025@\364J&&\020\315\264\224\251\236\021E)"
 216      40F44A26 
 216      2610CDB4 
 216      94A99E11 
 216      4529
 217 0036 D332A67A 		.ascii	"\3232\246z&T\221\345L\365\314(\"\014\000\026\251\025"
 217      265491E5 
 217      4CF5CC28 
 217      220C0016 
 217      A915
 218 0048 62       		.ascii	"b"
 219              		.text
 220              		.section	.gnu.lto_.refs.8ec7bad4129705f7,"",%progbits
 221 0000 789C1DC8 		.ascii	"x\234\035\310A\012\300 \024\304\320d\276\272\352\242"
 221      410AC020 
 221      14C4D064 
 221      BEBAEAA2 
 222 0010 20081EA2 		.ascii	" \010\036\242\367\277^\305M\340\245\023>\240\241&7\225"
 222      F7BF5EC5 
 222      4DE0A513 
ARM GAS  /tmp/ccOvt4Pa.s 			page 17


 222      3EA0A126 
 222      3795
 223 0022 3A1CF8EA 		.ascii	":\034\370\352\254\216\017.\3359K,~\026\224\000\325"
 223      AC8E0F2E 
 223      DD394B2C 
 223      7E169400 
 223      D5
 224              		.text
 225              		.section	.gnu.lto_.decls.8ec7bad4129705f7,"",%progbits
 226 0000 789CAD56 		.ascii	"x\234\255VmPT\327\031\276\357=\313\002\313.2\350t\234"
 226      6D5054D7 
 226      19BEEF3D 
 226      CB02CB2E 
 226      32E8749C 
 227 0014 1653C731 		.ascii	"\026S\3071#\315\014\254\037\231\230\311\217\216\326"
 227      23CD0CAC 
 227      1F9998C9 
 227      8F8ED6
 228 0023 69A333B5 		.ascii	"i\2433\265fbM\373'\275\263.\253\273#,\226]\232\330\376"
 228      66624DFB 
 228      27BDB32E 
 228      ABBB232C 
 228      965D9AD8 
 229 0038 E85D6409 		.ascii	"\350]d\011Qc\324\370\021\201\350\012VAP  F\021\263\342"
 229      5163D4F8 
 229      1181E80A 
 229      56415020 
 229      204611B3 
 230 004d 47144511 		.ascii	"G\024E\021\212\240|\212\210\032\277@TD\202\364=\347"
 230      8AA07C8A 
 230      881ABF40 
 230      544482F4 
 230      3DE7
 231 005f DCCB5DB7 		.ascii	"\334\313]\267\340\217N\357\360\262\347\234\373\276\317"
 231      E08F4EEF 
 231      F0B2E79C 
 231      FBBECF
 232 006e F39CF7BC 		.ascii	"\363\234\367\274\347\234\033\"\210\302\015\243 \314"
 232      E79C1B22 
 232      88C20DA3 
 232      20CC
 233 007c 2382B017 		.ascii	"#\202\260\027\004a\004\237\020A\020\016\012\332\243"
 233      0461049F 
 233      1041100E 
 233      0ADAA3
 234 008b 433B8456 		.ascii	"C;\204V\211V\205\346GCw\341*\3325\264\026\341\325\347"
 234      895685E6 
 234      474377E1 
 234      2ADA35B4 
 234      16E1D5E7 
 235 009f 63C4D1E3 		.ascii	"c\304\321\343\357Gh\315h\255h\215h\265hmh\"\332\025"
 235      EF4768CD 
 235      68AD688D 
 235      68B5686D 
 235      6822DA15 
 236 00b3 B4CB68A0 		.ascii	"\264\313h\240`\277\016\357\023t\012\303\337h\264Ih\313"
 236      60BF0EEF 
ARM GAS  /tmp/ccOvt4Pa.s 			page 18


 236      13740AC3 
 236      DF68B449 
 236      68CB
 237 00c5 D02AD096 		.ascii	"\320*\320\226(\230*~0n\2452v_\301\016|\376\201\016\021"
 237      28982A7E 
 237      306EA532 
 237      765FC10E 
 237      7CFE810E 
 238 00da AFC1EC47 		.ascii	"\257\301\354G{\20664\016~\250\222\213a\264\021\264\020"
 238      7B863634 
 238      0E7EA892 
 238      8B61B411 
 238      B410
 239 00ec E07CA1F8 		.ascii	"\340|\241\370\033\016\234?\230\323\003<N\345\254P\270"
 239      1B0E9C3F 
 239      98D3033C 
 239      4EE5AC50 
 239      B8
 240 00fd 3E08E2B8 		.ascii	">\010\342\270\254\360\200\222\353\261\260v\020\250\370"
 240      ACF08092 
 240      EBB1B076 
 240      10A8F8
 241 010c E27495D8 		.ascii	"\342t\225\330\016\255\2001\020\305F\001\370\177`\306"
 241      0EAD8031 
 241      10C54601 
 241      F87F60C6 
 242 011c BA23EA03 		.ascii	"\272#\352\003\300\306qT\024\024\201\352\020\250\021"
 242      C0C67154 
 242      141481EA 
 242      10A811
 243 012b 4A5F54BA 		.ascii	"J_T\272\242\002\311\376\224`\010@\344\2579\223\372p"
 243      A202C9FE 
 243      94600840 
 243      E4AF3993 
 243      FA70
 244 013d BDBCC1C2 		.ascii	"\275\274\301\302\324h\0205\002\200\300\200\000@.[y?"
 244      D4681035 
 244      0280C080 
 244      00402E5B 
 244      793F
 245 014f AA4FD026 		.ascii	"\252O\320&\007\352\354\373v^\3541t@\033\035\365\315"
 245      07EAECFB 
 245      765EEC31 
 245      74401B1D 
 245      F5CD
 246 0161 0336F663 		.ascii	"\0036\366ci\353\236H\"\002mw\014\346\377.\276H\346O"
 246      69EB9E48 
 246      22026D77 
 246      0CE6FF2E 
 246      BE48E64F 
 247 0175 D8142D6D 		.ascii	"\330\024-mgF\006\374\0236\022\2106\200\210\335\372\336"
 247      674606FC 
 247      13361288 
 247      368088DD 
 247      FADE
 248 0187 8BDF4460 		.ascii	"\213\337D`w\222\001\242\260\373\334\323x\3220y;\213"
 248      779201A2 
ARM GAS  /tmp/ccOvt4Pa.s 			page 19


 248      B0FBDCD3 
 248      78D23079 
 248      3B8B
 249 0199 5A2B4789 		.ascii	"Z+G\211\360\321\317\240\010b\240\020b\220\374 L\306"
 249      F0D1CFA0 
 249      0862A010 
 249      6290FC20 
 249      4CC6
 250 01ab FFCB751C 		.ascii	"\377\313u\034\251\315\267\277L?\315'\373:e\377@\356"
 250      A9CDB7BF 
 250      4C3FCD27 
 250      FB3A65FF 
 250      40EE
 251 01bd 5B37BE95 		.ascii	"[7\276\225e/\206\351\250\033\024\000\201\003\020O%c"
 251      652F86E9 
 251      A81B1400 
 251      8103104F 
 251      2563
 252 01cf 13FFE743 		.ascii	"\023\377\347C\007\300~h\307\011\035\202i\030\356\255"
 252      07C07E68 
 252      C7091D82 
 252      6918EEAD 
 253 01df 69769379 		.ascii	"iv\223yLl\333\271\202B\202\"\226\030\200\346a\002\016"
 253      4C6CDBB9 
 253      82428222 
 253      961880E6 
 253      61020E
 254 01f2 15DF3F3A 		.ascii	"\025\337?:h\342C\324c\357\340\243#F\362\027\326\276"
 254      68E243D4 
 254      63EFE0A3 
 254      2346F217 
 254      D6BE
 255 0204 925E9243 		.ascii	"\222^\222C\370\014t4\023\265Y7#\371\014\246\356 \342"
 255      F80C7434 
 255      13B55937 
 255      23F90CA6 
 255      EE20E2
 256 0217 95AA0737 		.ascii	"\225\252\0077\302 \326\260\217N\301\377(gZe\273,O\205"
 256      C220D6B0 
 256      8F4EC1FF 
 256      28675A65 
 256      BB2C4F85 
 257 022b 0A30C0B7 		.ascii	"\0120\300\267\232\246%\006\374\237)\313i\362\246\265"
 257      9AA62506 
 257      FC9F29CB 
 257      69F2A6B5 
 258 023b 72F84201 		.ascii	"r\370B\001\312q\222e8I8\014\261\224\224\372A)\016\226"
 258      CA719265 
 258      3849380C 
 258      B19494FA 
 258      41290E96 
 259 024f E020B2EC 		.ascii	"\340 \262\354\252~\3441\352h\251Q$L\001\216mo\360d\022"
 259      AA7EE431 
 259      EA68A951 
 259      244C018E 
 259      6D6FF064 
 260 0264 36860147 		.ascii	"6\206\001G\200\215u\372\272n\210\243~\337\361\301\243"
ARM GAS  /tmp/ccOvt4Pa.s 			page 20


 260      808D75FA 
 260      BA6E88A3 
 260      7EDFF1C1 
 260      A3
 261 0275 DB9EB646 		.ascii	"\333\236\266F\006fu\2311 \253\307XV\217\202\222\326"
 261      06667599 
 261      3120ABC7 
 261      58568F82 
 261      92D6
 262 0287 73C7730E 		.ascii	"s\307s\016\021Lk'Mk\332{}<\255i:\352\007\305\332\024"
 262      114C6B27 
 262      4D6BDA7B 
 262      7D3CAD69 
 262      3AEA07C5 
 263 029d 8A83D35A 		.ascii	"\212\203\323Z\311\322z\365\336\221\375@.\002K\325\341"
 263      C9D27AF5 
 263      DE91FD40 
 263      2E024BD5 
 263      E1
 264 02ae 43D90526 		.ascii	"C\331\005&\005\253\353\255\235\262?\015\025\210\014"
 264      05ABEBAD 
 264      9DB23F0D 
 264      15880C
 265 02bd E9B88674 		.ascii	"\351\270\206t<\030\251\212!\025\367\225d\207\222\273"
 265      3C18A98A 
 265      2115F795 
 265      648792BB 
 266 02cd 1C69DBC9 		.ascii	"\034i\333\311bOh\340\024\350\364\2649|\377Je|Y\335\350"
 266      624F68E0 
 266      14E8F4B4 
 266      397CFF4A 
 266      657C59DD 
 267 02e2 234A65BC 		.ascii	"#Je\274,\212\332\274V\316\3070\237H\335\340\204F|\""
 267      2C8ADABC 
 267      56CEC730 
 267      9F48DDE0 
 267      84467C22 
 268 02f6 98D8CF88 		.ascii	"\230\330\317\210\277\276s\313o /8qV\345\223\232\020"
 268      BFBE73CB 
 268      6F202F38 
 268      7156E593 
 268      9A10
 269 0308 BEDA61D8 		.ascii	"\276\332a\330=\362\260\360\210\211\257\266\237\325\374"
 269      3DF2B0F0 
 269      8889AFB6 
 269      9FD5FC
 270 0317 FAA76522 		.ascii	"\372\247e\"\361\362\242/\366v\027\204\341\313\030\254"
 270      F1F2A22F 
 270      F6761784 
 270      E1CB18AC 
 271 0327 230828A2 		.ascii	"#\010(\242\030^D\345\376\376\203:\362\005\363\025+\312"
 271      185E44E5 
 271      FEFE833A 
 271      F205F315 
 271      2BCA
 272 0339 BBB30CA3 		.ascii	"\273\263\014\243u2R\023\357\375\214\246\346<N\353\007"
 272      75325213 
ARM GAS  /tmp/ccOvt4Pa.s 			page 21


 272      EFFD8CA6 
 272      E63C4EEB 
 272      07
 273 034a 4D61CC68 		.ascii	"Ma\314h\235\364\346\312d\262\000sb`&V\3119\254\222\030"
 273      9DF4E6CA 
 273      64B20073 
 273      62602656 
 273      C939AC92 
 274 035f A54ACE62 		.ascii	"\245J\316b\026\316\360*)\330\235\177\332Dd\302\030v"
 274      16CEF02A 
 274      29D89D7F 
 274      DA4464C2 
 274      1876
 275 0371 6E3B591E 		.ascii	"n;Y\0369\312\360\303\335ie^\312p\021\031j4\006$\034"
 275      39CAF0C3 
 275      DD69655E 
 275      CA701119 
 275      6A340624 
 276 0386 9BE2C2D8 		.ascii	"\233\342\302\330\024\015C[\372D\343\272\321\322exj\365"
 276      140D435B 
 276      FA44E3BA 
 276      D1D26578 
 276      6AF5
 277 0398 0A500B46 		.ascii	"\012P\013F\365\204\330v\355+Bz\230\026]~ziF(L\2378="
 277      F584D876 
 277      ED2B427A 
 277      98165D7E 
 277      7A694628 
 278 03b0 369746FA 		.ascii	"6\227F\372\037\015\277\235\375]\267,o1\322\010\270\204"
 278      1F0DBF9D 
 278      FD5DB72C 
 278      6F31D208 
 278      B884
 279 03c2 7AEA60A2 		.ascii	"z\352`\242\266\013\314\024\253\234\"\012\233\251\374"
 279      B60BCC14 
 279      AB9C220A 
 279      9BA9FC
 280 03d1 4DB23C4F 		.ascii	"M\262<O'\300)|_\315x\2507J\203zTy\005\246\303e\230\316"
 280      27C0297C 
 280      5FCD78A8 
 280      374A837A 
 280      547905A6 
 281 03e9 4E180E5F 		.ascii	"N\030\016_\363\013\254\265t\302\260O\217\211=\213B\363"
 281      F30BACB5 
 281      74C2B04F 
 281      8F893D8B 
 281      42F3
 282 03fb CC3CCC8A 		.ascii	"\314<\314\212\366\3102P'A\311\2122\205\272S\3273\011"
 282      F6C83250 
 282      2741C98A 
 282      3285BA53 
 282      D73309
 283 040e C9D6B174 		.ascii	"\311\326\261t\226\236\330\321\254\203\330\211<\350Y"
 283      969ED8D1 
 283      AC83D889 
 283      3CE859
 284 041d B61ECF35 		.ascii	"\266\036\3175hD\340\006-\231\024bl\305\360o\024:\236"
ARM GAS  /tmp/ccOvt4Pa.s 			page 22


 284      6844E006 
 284      2D991462 
 284      6CC5F06F 
 284      143A9E
 285 0430 68A4CAEC 		.ascii	"h\244\312\354m\031\024\337\314\223}~\334u\325od\343"
 285      6D1914DF 
 285      CC937D7E 
 285      DC75D56F 
 285      64E3
 286 0442 460967E8 		.ascii	"F\011g\350'9z\300\324O\262\252\275\012obXSwy)\220\177"
 286      27397AC0 
 286      D44FB2AA 
 286      BD0A6F62 
 286      58537779 
 287 0459 3185B0FB 		.ascii	"1\205\260\373L\2437<z\223\302>\025\350\322\260\223\273"
 287      4CA3373C 
 287      7A93C23E 
 287      15E8D2B0 
 287      93BB
 288 046b 19A247E7 		.ascii	"\031\242G\347\324r5\367Z\004\022u\342$\332\263&m\221"
 288      D47235F7 
 288      5A041275 
 288      E224DAB3 
 288      266D91
 289 047e 7D93E97B 		.ascii	"}\223\351{h\242\250\324\2315\340\032\203\177\272\256"
 289      68A2A8D4 
 289      9935E01A 
 289      837FBAAE 
 290 048e FF968994 		.ascii	"\377\226\211\224q\370\376\214\222\252\020%\262\353\347"
 290      71F8FE8C 
 290      92AA1025 
 290      B2EBE7
 291 049d 1EB91A58 		.ascii	"\036\271\032X\340u5\2205\240\205\005v}\337w3<\260J\032"
 291      E0753590 
 291      35A08505 
 291      767DDF77 
 291      333CB04A 
 292 04b2 035640C0 		.ascii	"\003V@\300K\223U\011\375E\347\274\372[2\004:SX\315\271"
 292      4B935509 
 292      FD45E7BC 
 292      FA5B3204 
 292      3A5358CD 
 293 04c7 4D716E63 		.ascii	"Mqnc\316O6\347\235\231@\374\\\322\261\265\205%&\276"
 293      CE4F36E7 
 293      9D9940FC 
 293      5CD2B1B5 
 293      852526BE 
 294 04db 39DFC06E 		.ascii	"9\337\300n\306\346\256<\345(\356\245\373oOm\377v\003"
 294      C6E6AE3C 
 294      E528EEA5 
 294      FB6F4F6D 
 294      FF7603
 295 04ee B9C47D73 		.ascii	"\271\304}s\357\324\236W6\362\024\354\326x2\374!\206"
 295      EFD49E57 
 295      36F214EC 
 295      D67832FC 
 295      2186
ARM GAS  /tmp/ccOvt4Pa.s 			page 23


 296 0500 4C962C46 		.ascii	"L\226,F\032\035X\3067i\346\260R\240\213W}\343\363\252"
 296      1A1D58C6 
 296      3769E6B0 
 296      52A08B57 
 296      7DE3F3AA 
 297 0514 1746D2C4 		.ascii	"\027F\322\304\220t\235y\217\357\351!6\006\300\200\266"
 297      90749D79 
 297      8FEFE921 
 297      3606C080 
 297      B6
 298 0525 4FBDE404 		.ascii	"O\275\344\004\270\215[\241[I\007>Y2\302\367\376\223"
 298      B88D5BA1 
 298      5B49073E 
 298      5932C2F7 
 298      FE93
 299 0537 0E8FB5C1 		.ascii	"\016\217\265\301na\025\334f<w\220\267\007\211\262\260"
 299      6E6115DC 
 299      663C7790 
 299      B70789B2 
 299      B0
 300 0548 A2E80812 		.ascii	"\242\350\010\022\026\035\377\274A\037\270\226\024\273"
 300      161DFFBC 
 300      411FB896 
 300      14BB
 301 0556 13FD3A98 		.ascii	"\023\375:\230\276\273tE\271J\352\275\251vOv\270A\341"
 301      BEBB7445 
 301      B94AEABD 
 301      A9764F76 
 301      B841E1
 302 0569 C87C2D07 		.ascii	"\310|-\007z\327n\355\352\320\005b\377\370:\354\264\354"
 302      7AD76EED 
 302      EAD00562 
 302      FFF83AEC 
 302      B4EC
 303 057b 0B0D91B8 		.ascii	"\013\015\221\270\354uX\231\317v\351=>\277g*\334\303"
 303      EC755899 
 303      CF76E93D 
 303      3EBF672A 
 303      DCC3
 304 058d 15BA8195 		.ascii	"\025\272\201\225\211g~@d;\216\374\021?o\356\263\032"
 304      89677E40 
 304      643B8EFC 
 304      113F6FEE 
 304      B31A
 305 059f 506FD519 		.ascii	"Po\325\031\377}\253\316\340\007b\375\227\217\367\206"
 305      FF7DABCE 
 305      E00762FD 
 305      978FF786 
 306 05af 9256BEBF 		.ascii	"\222V\276\277v\3264U\353\002\016\304_\357|L\305\365"
 306      76D63455 
 306      EB020EC4 
 306      5FEF7C4C 
 306      C5F5
 307 05c1 A1B647DA 		.ascii	"\241\266G\332\016\2331\356\305\331\213S\235\241\234"
 307      0E9B31EE 
 307      C5D98B53 
 307      9DA19C
ARM GAS  /tmp/ccOvt4Pa.s 			page 24


 308 05d0 570F71F0 		.ascii	"W\017q\360\201r$\356\335\234\253'\2679\307\331\023-"
 308      817224EE 
 308      DD9CAB27 
 308      B739C7D9 
 308      132D
 309 05e2 B8870DB1 		.ascii	"\270\207\015\261c\002<\031\003`\364\354<\313\316\316"
 309      63023C19 
 309      0360F4EC 
 309      3CCBCECE 
 310 05f2 7E14F358 		.ascii	"~\024\363X\023\323\307rDG\221h]EC\273n\334\202z\252"
 310      13D3C772 
 310      44479168 
 310      5D4543BB 
 310      6EDC827A 
 311 0607 16D44CA6 		.ascii	"\026\324L\246j\303\203+_\033\203\227W\273\316\236\261"
 311      6AC3832B 
 311      5F1B8397 
 311      57BBCE9E 
 311      B1
 312 0618 2578CAE1 		.ascii	"%x\312\341\261\203\021\335C\007\217E\362\362\325cw\240"
 312      B18311DD 
 312      43078F45 
 312      F2F2D563 
 312      77A0
 313 062a D877C934 		.ascii	"\330w\3114.\333s\225m\200'\341\311:\357\200\362\311"
 313      2EDB7395 
 313      6D8027E1 
 313      C93AEF80 
 313      F2C9
 314 063c 128ADDFC 		.ascii	"\022\212\335\374\236\234\215F\276O\336\245GB]\321YS"
 314      9E9C8D46 
 314      BE4FDEA5 
 314      47425DD1 
 314      5953
 315 064e B0981708 		.ascii	"\260\230\027\0106\310\300\206\230\230\347\\\314\020"
 315      36C8C086 
 315      9898E75C 
 315      CC10
 316 065c 13B3C17B 		.ascii	"\023\263\301{\300\023Jz\371\306:\277u\337V#\336\266"
 316      C0134A7A 
 316      F9C63ABF 
 316      75DF5623 
 316      DEB6
 317 066e 7EBC6D1B 		.ascii	"~\274m\033v\223\363\205\031r\035\336\266\013\331\367"
 317      7693F385 
 317      19721DDE 
 317      B60BD9F7 
 318 067e 1AFCA4A5 		.ascii	"\032\374\244\245\353\247\340\353v\230]\267\373\006\236"
 318      EBA7E0EB 
 318      76985DB7 
 318      FB069E
 319 068d AF8F2459 		.ascii	"\257\217$Y!\014\314;\374\2703R\001\273YD\016\224\341"
 319      210CCC3B 
 319      FCB83352 
 319      01BB5944 
 319      0E94E1
 320 06a0 25812743 		.ascii	"%\201'C:\360\317\272\227\032\332\313`\264\021\206\326"
ARM GAS  /tmp/ccOvt4Pa.s 			page 25


 320      3AF0CFBA 
 320      971ADACB 
 320      60B41186 
 320      D6
 321 06b1 D4539D40 		.ascii	"\324S\235@\3529\330\201\203\273J\"I'\357\254\257>\225"
 321      EA39D881 
 321      83BB4A22 
 321      4927EFAC 
 321      AF3E95
 322 06c4 A3C72F23 		.ascii	"\243\307/#\360\210\204Wv\365`G\024\373T\352\037\375"
 322      F0888457 
 322      76F56047 
 322      14FB54EA 
 322      1FFD
 323 06d6 A43A5D52 		.ascii	"\244:]R8\0349\356\367g\272H\2772\326\212\312gFO\366"
 323      381C39EE 
 323      F767BA48 
 323      BF32D68A 
 323      CA67464F 
 324 06eb F6920845 		.ascii	"\366\222\010E\353@\025i.n\331 \373<\362\274s\"\365\004"
 324      EB401569 
 324      2E6ED920 
 324      FB3CF2BC 
 324      7322F504 
 325 06ff 5954B442 		.ascii	"YT\264B\232\250\243\275W\345zE*\267\356a\345\206\010"
 325      9AA8A3BD 
 325      57E57A45 
 325      2AB7EE61 
 325      E58608
 326 0712 52A06712 		.ascii	"R\240g\022\363\3237\216\350\025\300\246\335\244m\375"
 326      F3D3378E 
 326      E815C0A6 
 326      DDA46DFD 
 327 0722 050EB890 		.ascii	"\005\016\270\220\315=C\034\235{F0\330g\014\254s\367"
 327      CD3D431C 
 327      9D7B4630 
 327      D8670CAC 
 327      73F7
 328 0734 EDAF4CE4 		.ascii	"\355\257L\3440\007\273p\"\2571D\313\344\365\240Lfjh"
 328      3007BB70 
 328      22AF3144 
 328      CBE4F5A0 
 328      4C666A68 
 329 0748 99C1689F 		.ascii	"\231\301h\237\213\323\004\203dMN\261I\016\247\303\035"
 329      8BD30483 
 329      644D4EB1 
 329      490EA7C3 
 329      1D
 330 0759 F6FE1F96 		.ascii	"\366\376\037\226M]0k\226\360\253\370x3\377Kv\231\255"
 330      4D5D306B 
 330      96F0ABF8 
 330      7833FF4B 
 330      7699AD
 331 076c C94949C9 		.ascii	"\311II\311Nl%:\226\233])V\263\325\236dK\242A\361Va\212"
 331      4E6C253A 
 331      969B5D29 
 331      56B3D59E 
ARM GAS  /tmp/ccOvt4Pa.s 			page 26


 331      644BA241 
 332 0784 D5BE005B 		.ascii	"\325\276\000[\363\023\023\223\255\363\023\035+\235\266"
 332      F3131393 
 332      ADF3131D 
 332      2B9DB6
 333 0793 843F39DC 		.ascii	"\204?9\334\366%+V\270l\356Ez\227\343\3576\311\275\302"
 333      F6252B56 
 333      B86CEE45 
 333      7A97E3EF 
 333      36C9BDC2 
 334 07a7 6C4F4EB2 		.ascii	"lON\262\231W\271V\232\227;\234\346\225Vk\234%%I\375"
 334      9957B956 
 334      9A973B9C 
 334      E695566B 
 334      9C252549 
 335 07bc 8D73263B 		.ascii	"\215s&;mq6\313rG\334;q\263g\316\232\033\367\327"
 335      6D7136CB 
 335      7247DC3B 
 335      71B367CE 
 335      9A1BF7D7 
 336 07d0 D971A9AB 		.ascii	"\331q\251\253\023,n\233\231R\242\233\371\0257\363;\361"
 336      132C6E9B 
 336      9952A29B 
 336      F91537F3 
 336      3BF1
 337 07e2 73E26799 		.ascii	"s\342g\231\035Nkbj\202\315\354r'$\330V\304\333\205\230"
 337      1D4E6B62 
 337      6A82CDEC 
 337      722724D8 
 337      56C4DB85 
 338 07f7 D76989E2 		.ascii	"\327i\211\342/\337\267\271\227\272-\356T\327\237\015"
 338      2FDFB7B9 
 338      97BA2DEE 
 338      54D79F0D 
 339 0807 56BBA4CC 		.ascii	"V\273\244\314#\324i\373\324\215\355pIJu8\335\357Jn\373"
 339      23D469FB 
 339      D48DED70 
 339      494A7538 
 339      DDEF4A6E 
 340 081c FFACF855 		.ascii	"\377\254\370U\245\252\306$\213\325\356p\332\314\022"
 340      A5AAC624 
 340      8BD5EE70 
 340      DACC12
 341 082b 2AB5A426 		.ascii	"*\265\244&\272%\367\232\3256\027j\016U\010?\376?\023"
 341      BA25F79A 
 341      D536176A 
 341      0E55083F 
 341      FE3F13
 342 083e BAD6B8CC 		.ascii	"\272\326\270\314\022f\006\321\221Eos&\340\374\342\306"
 342      126606D1 
 342      91456F73 
 342      26E0FCE2 
 342      C6
 343 084f 5D56354C 		.ascii	"]V5L[Z\273\020\2564%\267I\222\3546\313ji\271\305e\223"
 343      5B5ABB10 
 343      AE3425B7 
 343      4992EC36 
ARM GAS  /tmp/ccOvt4Pa.s 			page 27


 343      CB6A69B9 
 344 0866 24A3D243 		.ascii	"$\243\322CLI\302W+R\235VI\212\237\373\366\354\231aj"
 344      4C49C257 
 344      2B529D56 
 344      498A9FFB 
 344      F6EC9961 
 345 087b 4F67B55B 		.ascii	"Og\265[R\014<\235sfK\3560\265\021n\265/]\343\372}\262"
 345      520C3C9D 
 345      73664BEE 
 345      30B5116E 
 345      B52F5DE3 
 346 0892 75D52F03 		.ascii	"u\325/\003\305\244\270\003$\240vJ\277:9\305-\341R\256"
 346      C5A4B803 
 346      24A0764A 
 346      BF3A39C5 
 346      2DE152AE 
 347 08a6 1A4B367D 		.ascii	"\032K6}\3512\317\377p\361\202\305\237b\010\323\371\267"
 347      E932CFFF 
 347      70F182C5 
 347      9F6208D3 
 347      F9B7
 348 08b8 B9491887 		.ascii	"\271I\030\207\212p\271\245\337\314_\372\333\017>\\d"
 348      8A70B9A5 
 348      DFCC5FFA 
 348      DB0F3E5C 
 348      64
 349 08c9 B2247E62 		.ascii	"\262$~bY\343\302\362N\304\374\2777\006\022.=\3051/X"
 349      59E3C2F2 
 349      4EC4FCBF 
 349      3706122E 
 349      3DC5312F 
 350 08de BC74D152 		.ascii	"\274t\321R3\255\021\363\"UJ\222\313\341\222p\015\020"
 350      33AD11F3 
 350      22554A92 
 350      CBE19270 
 350      0D10
 351 08f0 3682095F 		.ascii	"6\202\011_\346\244\202\"\230\264T\326\376\017\232\032"
 351      E6A48222 
 351      98B454D6 
 351      FE0F9A1A 
 352 0900 F8BD     		.ascii	"\370\275"
 353              		.text
 354              		.section	.gnu.lto_.symtab.8ec7bad4129705f7,"",%progbits
 355 0000 5F636F72 		.ascii	"_core_init\000"
 355      655F696E 
 355      697400
 356 000b 00       		.ascii	"\000"
 357 000c 00       		.ascii	"\000"
 358 000d 00       		.ascii	"\000"
 359 000e 00000000 		.ascii	"\000\000\000\000\000\000\000\000"
 359      00000000 
 360 0016 AE000000 		.ascii	"\256\000\000\000"
 361 001a 63685F6D 		.ascii	"ch_memcore\000"
 361      656D636F 
 361      726500
 362 0025 00       		.ascii	"\000"
 363 0026 00       		.ascii	"\000"
ARM GAS  /tmp/ccOvt4Pa.s 			page 28


 364 0027 00       		.ascii	"\000"
 365 0028 00000000 		.ascii	"\000\000\000\000\000\000\000\000"
 365      00000000 
 366 0030 D6000000 		.ascii	"\326\000\000\000"
 367 0034 6368436F 		.ascii	"chCoreAllocAlignedWithOffsetI\000"
 367      7265416C 
 367      6C6F6341 
 367      6C69676E 
 367      65645769 
 368 0052 00       		.ascii	"\000"
 369 0053 00       		.ascii	"\000"
 370 0054 00       		.ascii	"\000"
 371 0055 00000000 		.ascii	"\000\000\000\000\000\000\000\000"
 371      00000000 
 372 005d BB000000 		.ascii	"\273\000\000\000"
 373 0061 6368436F 		.ascii	"chCoreAllocAlignedWithOffset\000"
 373      7265416C 
 373      6C6F6341 
 373      6C69676E 
 373      65645769 
 374 007e 00       		.ascii	"\000"
 375 007f 00       		.ascii	"\000"
 376 0080 00       		.ascii	"\000"
 377 0081 00000000 		.ascii	"\000\000\000\000\000\000\000\000"
 377      00000000 
 378 0089 BD000000 		.ascii	"\275\000\000\000"
 379 008d 6368436F 		.ascii	"chCoreGetStatusX\000"
 379      72654765 
 379      74537461 
 379      74757358 
 379      00
 380 009e 00       		.ascii	"\000"
 381 009f 00       		.ascii	"\000"
 382 00a0 00       		.ascii	"\000"
 383 00a1 00000000 		.ascii	"\000\000\000\000\000\000\000\000"
 383      00000000 
 384 00a9 C0000000 		.ascii	"\300\000\000\000"
 385 00ad 5F5F6865 		.ascii	"__heap_base__\000"
 385      61705F62 
 385      6173655F 
 385      5F00
 386 00bb 00       		.ascii	"\000"
 387 00bc 02       		.ascii	"\002"
 388 00bd 00       		.ascii	"\000"
 389 00be 00000000 		.ascii	"\000\000\000\000\000\000\000\000"
 389      00000000 
 390 00c6 D9000000 		.ascii	"\331\000\000\000"
 391 00ca 5F5F6865 		.ascii	"__heap_end__\000"
 391      61705F65 
 391      6E645F5F 
 391      00
 392 00d7 00       		.ascii	"\000"
 393 00d8 02       		.ascii	"\002"
 394 00d9 00       		.ascii	"\000"
 395 00da 00000000 		.ascii	"\000\000\000\000\000\000\000\000"
 395      00000000 
 396 00e2 DB000000 		.ascii	"\333\000\000\000"
ARM GAS  /tmp/ccOvt4Pa.s 			page 29


 397              		.text
 398              		.section	.gnu.lto_.opts,"",%progbits
 399 0000 272D666D 		.ascii	"'-fmath-errno' '-fsigned-zeros' '-ftrapping-math' '"
 399      6174682D 
 399      6572726E 
 399      6F272027 
 399      2D667369 
 400 0033 2D666E6F 		.ascii	"-fno-trapv' '-fno-openmp' '-fno-openacc' '-mcpu=cor"
 400      2D747261 
 400      70762720 
 400      272D666E 
 400      6F2D6F70 
 401 0066 7465782D 		.ascii	"tex-m7' '-mno-thumb-interwork' '-mthumb' '-ggdb' '-"
 401      6D372720 
 401      272D6D6E 
 401      6F2D7468 
 401      756D622D 
 402 0099 4F322720 		.ascii	"O2' '-fomit-frame-pointer' '-falign-functions=16' '"
 402      272D666F 
 402      6D69742D 
 402      6672616D 
 402      652D706F 
 403 00cc 2D666675 		.ascii	"-ffunction-sections' '-fdata-sections' '-fno-common"
 403      6E637469 
 403      6F6E2D73 
 403      65637469 
 403      6F6E7327 
 404 00ff 2720272D 		.ascii	"' '-flto'\000"
 404      666C746F 
 404      2700
 405              		.text
 406              		.comm	__gnu_lto_v1,1,1
 407              		.comm	__gnu_lto_slim,1,1
 408              		.ident	"GCC: (GNU Tools for ARM Embedded Processors 6-2017-q2-update) 6.3.1 20170620 (release) [AR
ARM GAS  /tmp/ccOvt4Pa.s 			page 30


DEFINED SYMBOLS
                            *ABS*:0000000000000000 chmemcore.c
                            *COM*:0000000000000001 __gnu_lto_v1
                            *COM*:0000000000000001 __gnu_lto_slim

NO UNDEFINED SYMBOLS
