ARM GAS  /tmp/ccXX1nJ1.s 			page 1


   1              		.cpu cortex-m7
   2              		.eabi_attribute 20, 1
   3              		.eabi_attribute 21, 1
   4              		.eabi_attribute 23, 3
   5              		.eabi_attribute 24, 1
   6              		.eabi_attribute 25, 1
   7              		.eabi_attribute 26, 1
   8              		.eabi_attribute 30, 2
   9              		.eabi_attribute 34, 1
  10              		.eabi_attribute 18, 4
  11              		.file	"chmsg.c"
  12              		.text
  13              	.Ltext0:
  14              		.section	.gnu.lto_.profile.edaf0c8a46c10922,"",%progbits
  15 0000 789C6365 		.ascii	"x\234ce`b`a```d\360S\007\000\001C\000\202"
  15      60626061 
  15      60606064 
  15      F0530700 
  15      01430082 
  16              		.text
  17              		.section	.gnu.lto_.icf.edaf0c8a46c10922,"",%progbits
  18 0000 789C6365 		.ascii	"x\234ce`b\020a@\000f\206S\357\267\374\340f:8\265\343"
  18      60621061 
  18      40006686 
  18      53EFB7FC 
  18      E0663A38 
  19 0016 1037F393 		.ascii	"\0207\363\223S\023O01\000\000fS\011H"
  19      53134F30 
  19      31000066 
  19      530948
  20              		.text
  21              		.section	.gnu.lto_.jmpfuncs.edaf0c8a46c10922,"",%progbits
  22 0000 789C6365 		.ascii	"x\234ce`b\010e@\000f\006&FF\346\372z&\306\351\314\214"
  22      60620865 
  22      40006606 
  22      264646E6 
  22      FA7A26C6 
  23 0017 BF5F4CB9 		.ascii	"\277_L\271\311\330\307<\237\231\201\221\207q9\243\014"
  23      C9D8C73C 
  23      9F998191 
  23      877139A3 
  23      0C
  24 0028 03031353 		.ascii	"\003\003\023S%H\025\023\020\201\024\374\275\323\370"
  24      25481513 
  24      108114FC 
  24      BDD3F8
  25 0037 8F09A280 		.ascii	"\217\011\242\200\217q\005H\0013H;##\013T]%#\210\002"
  25      8F710548 
  25      0133483B 
  25      23230B54 
  25      5D252388 
  26 004c 0004C00E 		.ascii	"\000\004\300\016\337"
  26      DF
  27              		.text
  28              		.section	.gnu.lto_.inline.edaf0c8a46c10922,"",%progbits
  29 0000 789C6365 		.ascii	"x\234ce`b\210c@\000f\006\006\021\031FF\006\005F\006"
  29      60628863 
ARM GAS  /tmp/ccXX1nJ1.s 			page 2


  29      40006606 
  29      06111946 
  29      46060546 
  30 0015 0626F11B 		.ascii	"\006&\361\033\233\031\0318o\2301\201d\230\270\031\030"
  30      9B191938 
  30      6F983181 
  30      6498B819 
  30      18
  31 0026 1821E404 		.ascii	"\030!\344\004?&\006A~ G\342\300nF\006\266\005\362H\012"
  31      3F260641 
  31      7E2047E2 
  31      C06E4606 
  31      B605F248 
  32 003b 98193804 		.ascii	"\230\0318\004\2002,\013\344\341\022\314<@\311\011~\023"
  32      80322C0B 
  32      E4E112CC 
  32      3C40C909 
  32      7E13
  33 004d FC1800EF 		.ascii	"\374\030\000\357\356\012w"
  33      EE0A77
  34              		.text
  35              		.section	.gnu.lto_.pureconst.edaf0c8a46c10922,"",%progbits
  36 0000 789C6365 		.ascii	"x\234ce`b\340b```f\330\305\310\264\213\221y\027#\000"
  36      6062E062 
  36      60606066 
  36      D8C5C8B4 
  36      8B917917 
  37 0016 0C3D024B 		.ascii	"\014=\002K"
  38              		.text
  39              		.section	.gnu.lto_chMsgSend.edaf0c8a46c10922,"",%progbits
  40 0000 789C9555 		.ascii	"x\234\225U]L\024W\024\276g\356\260\263\313\256\2405"
  40      5D4C1457 
  40      14BE67EE 
  40      B0B3CBAE 
  40      A035
  41 0012 69A23576 		.ascii	"i\2425vIJ\254\215e\372`j\322\007\223\306\227\372@\322"
  41      494AAC8D 
  41      65FA606A 
  41      D20793C6 
  41      97FA40D2 
  42 0026 C86B13D3 		.ascii	"\310k\023\323\256TH\272Bw\251\321\244)\303\212\245\225"
  42      AE5448BA 
  42      4277A9D1 
  42      A429C38A 
  42      A595
  43 0038 4A6DA5B2 		.ascii	"Jm\245\262\013\222!.*-?\202\332*X\021EQ\001AQ\024\201"
  43      0B92212E 
  43      2A2D3F82 
  43      DA2A5811 
  43      45510141 
  44 004f 2AF223F2 		.ascii	"*\362#\362\227\376\304\244V\355\332s\356\014\270,\240"
  44      97FEC4A4 
  44      56EDDA73 
  44      EE0CB82C 
  44      A0
  45 0060 76C3B233 		.ascii	"v\303\2623\367\236s\276s\276\357\334{\242\230\304t\033"
  45      F79E73BE 
ARM GAS  /tmp/ccXX1nJ1.s 			page 3


  45      73BEEFDC 
  45      7BA298C4 
  45      741B
  46 0072 630F1963 		.ascii	"c\017\031c+\361\013Q\014\244]m\214eY%\2117\3052-Zn^"
  46      2BF10B51 
  46      0CA45D6D 
  46      8C655925 
  46      8937C532 
  47 008a CD340707 		.ascii	"\3154\007\007\331X\226\001\350A\263\002\313\224\270"
  47      D9589601 
  47      E841B302 
  47      CB94B8
  48 0099 0C99F02D 		.ascii	"\014\231\360-/\340p%\273z/\317\343:g \343\353\237\227"
  48      2FE07025 
  48      BB7A2FCF 
  48      E33A6720 
  48      E3EB9F97 
  49 00ad 0A0762E8 		.ascii	"\012\007b\350\025\300\211\257\203\265_N\310\313\017"
  49      15C089AF 
  49      83B55F4E 
  49      C8CB0F
  50 00bc 6AF86928 		.ascii	"j\370i(\270e)\330\266\375=\235K,\200\326e\260\004\016"
  50      B86529D8 
  50      B6FD3D9D 
  50      4B2C80D6 
  50      65B0040E 
  51 00d0 C212C2FE 		.ascii	"\302\022\302\376\021\226\243\355\331\241\307\035v\276"
  51      1196A3ED 
  51      D9A1C71D 
  51      76BE
  52 00de 14183EEF 		.ascii	"\024\030>\357=\330Wj[\266_\323|ZC\357n\256\275\246s"
  52      3DD8576A 
  52      5BB65FD3 
  52      7C5A43EF 
  52      6EAEBDA6 
  53 00f3 0E3F010F 		.ascii	"\016?\001\017w\304%\006\345\260\014\315[\253ko\310<"
  53      77C42506 
  53      E5B00CCD 
  53      5BAB6B6F 
  53      C83C
  54 0105 4EB8E68F 		.ascii	"N\270\346\217\015w\305\222+B\216\347\013W\011*\"]%\006"
  54      0D77C592 
  54      2B428EE7 
  54      0B57092A 
  54      225D2506 
  55 0119 95B08CEC 		.ascii	"\225\260\214\354[CG\333\243y\274\360\255\2308\367\330"
  55      5B4347DB 
  55      A379BCF0 
  55      AD9838F7 
  55      D8
  56 012a 121F14B0 		.ascii	"\022\037\024\260ME\213\277\333\246]\320d\202\256\232"
  56      4D458BBF 
  56      DBA65DD0 
  56      6482AE9A 
  57 013a EE4F1F34 		.ascii	"\356O\0374\357\257\011\3750\317\"\303!\210\017rFUa1"
  57      EFAF09FD 
  57      30CF22C3 
ARM GAS  /tmp/ccXX1nJ1.s 			page 4


  57      21880F72 
  57      46556131 
  58 014e D56001FC 		.ascii	"\325`\001\374\241\305C\035\320\240\205\236\344h\015"
  58      A1C5431D 
  58      D0A0859E 
  58      E4680D
  59 015d A1C5DDF7 		.ascii	"\241\305\335\367\207\027,\304\020\270\214L\"\266\005"
  59      87172CC4 
  59      10B88C4C 
  59      22B605
  60 016c 28790573 		.ascii	"(y\005s\221\255\370/\312.2r\210\262\330\016\374\022"
  60      91ADF82F 
  60      CA2E3272 
  60      88B2D80E 
  60      FC12
  61 017e DBB99828 		.ascii	"\333\271\230(\376\362\021\360\325\215\034\017*\024\275"
  61      FEF211F0 
  61      D58D1C0F 
  61      2A14BD
  62 018d 9813EF7B 		.ascii	"\230\023\357{\266\237iW\210h\213\310\274\266v\274G\311"
  62      B69F6957 
  62      88688BC8 
  62      BCB676BC 
  62      47C9
  63 019f FC57B3E2 		.ascii	"\374W\263\342B\220\203Ho\264\265\363l\264\016\305\240"
  63      42908348 
  63      6FB4B5F3 
  63      6CB40EC5 
  63      A0
  64 01b0 73050EA3 		.ascii	"s\005\016\243`5\224:n\344\035\257\376\332\252V\022E"
  64      6035943A 
  64      6EE41DAF 
  64      FEDAAA56 
  64      1245
  65 01c2 2555B86B 		.ascii	"%U\270k\205#\240\203\237\233e\235\373\346J\251\271\355"
  65      8523A083 
  65      9F9B659D 
  65      FBE64AA9 
  65      B9ED
  66 01d4 A4E28F82 		.ascii	"\244\342\217\202\352\247\220\014~\006\225\015\201\257"
  66      EAA7900C 
  66      7E06950D 
  66      81AF
  67 01e2 64B3A812 		.ascii	"d\263\250\022K\301\\pA\"\257\375\315\035\247\354|\271"
  67      4BC15C70 
  67      4122AFFD 
  67      CD1DA7EC 
  67      7CB9
  68 01f4 C8E6BEBF 		.ascii	"\310\346\276\277\246\314f\362\330\336\364F\240kP\323"
  68      A6CC66F2 
  68      D8DEF446 
  68      A06B50D3 
  69 0204 BED710C9 		.ascii	"\276\327\020\311\006\277\314d\022\216A<:\345\214h'e"
  69      06BFCC64 
  69      128E413C 
  69      3AE58C68 
  69      2765
ARM GAS  /tmp/ccXX1nJ1.s 			page 5


  70 0216 AAC8064E 		.ascii	"\252\310\006N8\216{\243\340\353\177\262\363\350m\230"
  70      388E7BA3 
  70      E0EB7FB2 
  70      F3E86D98 
  71 0226 A23A5BA8 		.ascii	"\242:[\250\272\373\201E\320\034\340\300\"\266\256\226"
  71      BAFB8145 
  71      D01CE0C0 
  71      22B6AE96 
  72 0236 AFF88041 		.ascii	"\257\370\200A-\355I\221{-M\011\213\010\212A\035\355"
  72      2DED4991 
  72      7B2D4D09 
  72      8B088A41 
  72      1DED
  73 0248 F3300519 		.ascii	"\3630\005\031\234\000\013&\362+i\007\254\216\020\367"
  73      9C000B26 
  73      F22B6907 
  73      AC8E10F7 
  74 0258 E9871F44 		.ascii	"\351\207\037D\307\265\200\256\371\221\205h\262\256\034"
  74      C7B580AE 
  74      F9918568 
  74      B2AE1C
  75 0267 38A15965 		.ascii	"8\241Ye\011\015OB\234\240\352\217\361k=\022\256@=\310"
  75      090D4F42 
  75      9CA0EA8F 
  75      F16B3D12 
  75      AE403DC8 
  76 027b 226706A7 		.ascii	"\"g\006\247\3049(\253o\034r\304\265\231\336v\262\375"
  76      C43928AB 
  76      6F1C72C4 
  76      B599DE76 
  76      B2FD
  77 028d ABEA70A7 		.ascii	"\253\352p\247]x7\2207\234\006\231\310t\212\372\031C"
  77      5D783790 
  77      379C0699 
  77      C8748AFA 
  77      1943
  78 029f 890BFFD9 		.ascii	"\211\013\377\331\367\373e\211J\013\027\330\250\362\357"
  78      F7FB6589 
  78      4A0B17D8 
  78      A8F2EF
  79 02ae F3CD5F39 		.ascii	"\363\315_9P\314,\022m\261\316\035H=\2341\005\335?\350"
  79      50CC2C12 
  79      6DB1CE1D 
  79      483D9C31 
  79      05DD3FE8 
  80 02c2 AB52A614 		.ascii	"\253R\246\024\233\007\215BN\311\220\363\352.\315\017"
  80      9B078D42 
  80      4EC990F3 
  80      EA2ECD0F 
  81 02d2 A6DA1FD3 		.ascii	"\246\332\037\323a8Kz\212^=\007j1\227\011\372a\316\304"
  81      61384B7A 
  81      8A5E3D07 
  81      6A319709 
  81      FA61CEC4 
  82 02e6 3187D15D 		.ascii	"1\207\321]J\004\232S\200Y\346\000\213\201&\001&\033"
  82      4A049A53 
  82      8059E600 
ARM GAS  /tmp/ccXX1nJ1.s 			page 6


  82      8B812601 
  82      261B
  83 02f8 603DA5A7 		.ascii	"`=\245\247K\355\330\207\306\246\014\347\261c\030\\\200"
  83      4BEDD887 
  83      C6A60CE7 
  83      B163185C 
  83      80
  84 0309 4C51AA59 		.ascii	"LQ\252YZVy\321^\207\331\036\241\302\230\200\326\220"
  84      5A5679D1 
  84      5E87D91E 
  84      A1C29880 
  84      D690
  85 031b ED9CE580 		.ascii	"\355\234\345\200\213\336\2708\331d\276\222G;\271\031"
  85      8BDEB838 
  85      D964BE92 
  85      473BB919 
  86 032b A0B7E856 		.ascii	"\240\267\350V\310\306\257\203`\246q\373i\2372#\232\014"
  86      C8C6AF83 
  86      60A671FB 
  86      699F3223 
  86      9A0C
  87 033d CDB3446B 		.ascii	"\315\263Dk\241h\212\301u]No\340\363\210\036)xl\341d"
  87      A1688AC1 
  87      755D4E6F 
  87      E0F3881E 
  87      29786CE1 
  88 0352 44B0668F 		.ascii	"D\260f\217\311\323\372\244U\364\311%\221\305$I0\267"
  88      C9D3FAA4 
  88      55F4C925 
  88      91C52449 
  88      30B7
  89 0364 1A7D63C5 		.ascii	"\032}c\305\363\213\202@4\265\011\232\242\214\020\021"
  89      F38B8240 
  89      34B5099A 
  89      A28C1011 
  90 0374 B278A8FA 		.ascii	"\262x\250\372v\222\305b\354\303eRF$Z7R{\244B\"\310b"
  90      7692C562 
  90      ECC36552 
  90      46245A37 
  90      527BA442 
  91 038b EE40BFBB 		.ascii	"\356@\277\273\371YO\200\372B\206\025\370\332\331~\311"
  91      F9594F80 
  91      FA428615 
  91      F8DAD97E 
  91      C9
  92 039c 6F379288 		.ascii	"o7\222\210!\225\256\230I\014_\310\277\307\303\016q\207"
  92      2195AE98 
  92      490C5FC8 
  92      BFC7C30E 
  92      7187
  93 03ae 8057CCF0 		.ascii	"\200W\314\360WQ\026\214\275\347\342\352\027\257\245"
  93      5751168C 
  93      BDE7E2EA 
  93      17AFA5
  94 03bd E4652AE3 		.ascii	"\344e*\343\332\363\312\350\2442&q\256S\031\016\301\367"
  94      DAF3CAE8 
  94      A4322671 
ARM GAS  /tmp/ccXX1nJ1.s 			page 7


  94      AE53190E 
  94      C1F7
  95 03cf 48DD9107 		.ascii	"H\335\221\0070+\232cV\264\003\202\265\033\317\200\353"
  95      302B9A63 
  95      56B40382 
  95      B51BCF80 
  95      EB
  96 03e0 07C2EB0A 		.ascii	"\007\302\353\012\247\355&\341q\003\357\304S\274\027"
  96      A7ED26E1 
  96      7103EFC4 
  96      53BC17
  97 03ef 2089CE14 		.ascii	" \211\316\024\207\356i,\365\030\321\260\367\372r\353"
  97      87EE692C 
  97      F518D1B0 
  97      F7FA72EB 
  98 03ff 5DE2CEA3 		.ascii	"]\342\316\243\276\230je\352\024fht*h1N\217\365\177\235"
  98      BE986A65 
  98      EA146668 
  98      742A6831 
  98      4E8FF57F 
  99 0414 9E58E815 		.ascii	"\236X\350\025\210Vj\316\337P\224A\310\356n\\\3714\324"
  99      88566ACE 
  99      DF509441 
  99      C8EE6E5C 
  99      F934D4
 100 0427 C4F5F20A 		.ascii	"\304\365\362\0121^c!\006n\231m\234\213I5\305\3621\310"
 100      315E6321 
 100      066E996D 
 100      9C8B4935 
 100      C5F231C8 
 101 043b 2E09E645 		.ascii	".\011\346E\221q\304\010\230\037@\312\030\334\306c\207"
 101      9171C408 
 101      981F40CA 
 101      18DCC663 
 101      87
 102 044c D83A5F20 		.ascii	"\330:_ \234d1J\310\253<\217\317\342\365R\200Ss\367\241"
 102      9C64314A 
 102      C8AB3C8F 
 102      CFE2F552 
 102      805373F7 
 103 0461 176E3CBA 		.ascii	"\027n<\272\227\177S\364Y\0248\340\016,\321\371B\243"
 103      977F53F4 
 103      591438E0 
 103      0E2CD1F9 
 103      42A3
 104 0473 D4960130 		.ascii	"\324\226\0010\362\263G^K\036\366\234{\251\177\256{\351"
 104      F2B3475E 
 104      4B1EF69C 
 104      7BA97FAE 
 104      7BE9
 105 0485 0BBA9706 		.ascii	"\013\272\227\006HI\03311h\316\231\245\202e\034\213\010"
 105      48491B31 
 105      3168CE99 
 105      A582651C 
 105      8B08
 106 0497 363967A6 		.ascii	"69g\246\317\226\267\2377[\206\304l\231\272Lmx\277\337"
 106      CF96B79F 
ARM GAS  /tmp/ccXX1nJ1.s 			page 8


 106      375B86C4 
 106      6C99BA4C 
 106      6D78BFDF 
 107 04ab 7DD66CF1 		.ascii	"}\326l\361+\346\271W\246\235\373a:\3673\206\315\353"
 107      2BE6B957 
 107      A69DFB61 
 107      3AF73386 
 107      CDEB
 108 04bd EB19DC23 		.ascii	"\353\031\334#c\353\214as`\325\"\302f02s\330\214\212"
 108      63EB8C61 
 108      7360D522 
 108      C2663032 
 108      73D88C8A 
 109 04d1 4B642C6C 		.ascii	"Kd,l\330\204\364;\365\366\3119rW\314\221q1G\"\207\306"
 109      D884F43B 
 109      F5F6C939 
 109      7257CC91 
 109      71314722 
 110 04e7 C4D4D0A0 		.ascii	"\304\324\320\240\340l\202Z\263\255\321\354=;U\274\003"
 110      E06C825A 
 110      B3ADD1EC 
 110      3D3B55BC 
 110      03
 111 04f8 E705EA8C 		.ascii	"\347\005\352\214.\257$$\250\306_\232W\365d\250^\217"
 111      2EAF2424 
 111      A8C65F9A 
 111      57F564A8 
 111      5E8F
 112 050a 4B75A5B8 		.ascii	"Ku\245\270\275\033\023\\L\312H\347\370\304]\031\351"
 112      BD1B135C 
 112      4CCA48E7 
 112      F8C45D19 
 112      E9
 113 051b CA471F7A 		.ascii	"\312G\037z\223\337\367\244\276\031n\356Js\273\3236\251"
 113      93DFF7A4 
 113      BE196EEE 
 113      4A73BBD3 
 113      36A9
 114 052d E9699E0C 		.ascii	"\351i\236\014\257\372\356\272\3045\211[\320\327\225"
 114      AFFAEEBA 
 114      C435895B 
 114      D0D795
 115 053c E6495EBF 		.ascii	"\346I^\277y\225;!\205\2753\213u\362\226\014\262U\327"
 115      79953B21 
 115      85BD338B 
 115      75F2960C 
 115      B255D7
 116 054f 2426AD4D 		.ascii	"$&\255MR\327\240\261\272v\223\353\223\3176$\253.\267"
 116      52D7A0B1 
 116      BA7693EB 
 116      93CF3624 
 116      AB2EB7
 117 0562 37D5BB7E 		.ascii	"7\325\273~\243\313\205\256\257F\344\225:i\223\342\335"
 117      A3CB85AE 
 117      AF46E495 
 117      3A6993E2 
 117      DD
ARM GAS  /tmp/ccXX1nJ1.s 			page 9


 118 0573 EAC5FDF9 		.ascii	"\352\305\375\371\211I\353\234\224T\272'u\2053\376-&"
 118      8949EB9C 
 118      9454BA27 
 118      758533FE 
 118      2D26
 119 0585 7998E24E 		.ascii	"y\230\342Nv\247y\2662\236\361i\272sn\177W\312\006\014"
 119      76A779B6 
 119      329EF169 
 119      BA736E7F 
 119      57CA060C 
 120 0599 F01F3918 		.ascii	"\360\0379\030cB"
 120      6342
 121              		.text
 122              		.section	.gnu.lto_chMsgWait.edaf0c8a46c10922,"",%progbits
 123 0000 789C8D55 		.ascii	"x\234\215U[L\024W\030>\377\234ag/@I\037lc\215]\0376"
 123      5B4C1457 
 123      183EFF9C 
 123      61672F40 
 123      491F6C63 
 124 0018 D184327D 		.ascii	"\321\2042}\260i\332\247\266>\371@\322H\322\207\246\211"
 124      B069DAA7 
 124      B63EF940 
 124      D248D287 
 124      A689
 125 002a A92B1192 		.ascii	"\251+\021\222\256\320]j\364\211a\301X\300\200M\255\262"
 125      AED05D6A 
 125      F48961C1 
 125      58C0804D 
 125      ADB2
 126 003c 200E118D 		.ascii	" \016\021\215\267\202\210\326\212W\024\274\200\242\002"
 126      B78288D6 
 126      8A5714BC 
 126      80A202
 127 004b 525BB18A 		.ascii	"R[\261\212\300\312E\233\264\026\355M\227\376\3779\003"
 127      C0CA459B 
 127      B416ED4D 
 127      97FEFF39 
 127      03
 128 005c 8561A112 		.ascii	"\205a\241\02220s\376\313\367}\347;\347O`\012+t1\366"
 128      323073FE 
 128      CBF77DE7 
 128      3BE74F60 
 128      0A2B7431 
 129 0071 3230F616 		.ascii	"20\366\026c\014\022\030([\2561V\340T\024\376Dc\206["
 129      630C1218 
 129      285BAE31 
 129      56E05414 
 129      FE446386 
 130 0086 ADBAC898 		.ascii	"\255\272\310\230\221\310A\225\337U\000\372\307p\002"
 130      91C84195 
 130      DF5500FA 
 130      C77002
 131 0095 CB57B80A 		.ascii	"\313W\270\012\371P\316\267s\350,j\330\301\313\270\311"
 131      F950CEB7 
 131      73E82C6A 
 131      D8C1CBB8 
 131      C9
ARM GAS  /tmp/ccXX1nJ1.s 			page 10


 132 00a6 19A8F8FA 		.ascii	"\031\250\370\372[G\345@2\275\002x\361\265\312\350*\326"
 132      5B47E540 
 132      32BD0278 
 132      F1B5CAE8 
 132      2AD6
 133 00b8 96EC358C 		.ascii	"\226\3545\214\260\321\274\375\256V\325x\303p\231\\a"
 133      B0D1BCFD 
 133      AE56D578 
 133      C370995C 
 133      61
 134 00c9 110CDF07 		.ascii	"\021\014\337\007\013`/,\240\356\373a\011\303\350\326"
 134      0B602F2C 
 134      A0EEFB61 
 134      09C3E8D6 
 135 00d9 E8B32E0F 		.ascii	"\350\263.\017_\010\364\177\301\301\252\035\211\276Z"
 135      5F08F47F 
 135      C1C1AA1D 
 135      89BE5A
 136 00e8 9179D19C 		.ascii	"\221y\321\234\377U\241q\331P1\025\016\000\237\236\315"
 136      FF55A171 
 136      D9503115 
 136      0E009F9E 
 136      CD
 137 00f9 28BCFF70 		.ascii	"(\274\377p\354\233$\207\012\007\301G\305\261\346\267"
 137      EC9B2487 
 137      0A07C147 
 137      C5B1E6B7 
 138 0109 E0407260 		.ascii	"\340@r`+ueP\2174\032F\361{\263\224\202:\360\035\352"
 138      2B756550 
 138      8F341A46 
 138      F17BB394 
 138      823AF01D 
 139 011e 82662336 		.ascii	"\202f#6\276\011!/\334\371t\270\324\227\302\031\206\253"
 139      BE09212F 
 139      DCF974B8 
 139      D497C219 
 139      86AB
 140 0130 F470D043 		.ascii	"\364p\320C\303\007w\321\303-\022<\364\221\261\022\354"
 140      C30777D1 
 140      C32D123C 
 140      F491B112 
 140      EC
 141 0141 4B1295E2 		.ascii	"K\022\225\342\013\376\345QP\010\332\236\366\256\263"
 141      0BFEE551 
 141      5008DA9E 
 141      F6AEB3
 142 0150 1EFE8160 		.ascii	"\036\376\201`5Vqx\237\313\202r+\262\270\262\360\312"
 142      35567178 
 142      9FCB8272 
 142      2BB2B8B2 
 142      F0CA
 143 0162 66A3269C 		.ascii	"f\243&\234b\242\236\365q\300\034\002\037&m\0321N\253"
 143      62A29EF5 
 143      71C01C02 
 143      1F266D1A 
 143      314EAB
 144 0175 A4A90A5E 		.ascii	"\244\251\012^h\300\265Q\010\367\017\224\037\275\007"
ARM GAS  /tmp/ccXX1nJ1.s 			page 11


 144      68C0B551 
 144      08F70F94 
 144      1FBD07
 145 0184 93C48B0C 		.ascii	"\223\304\213\014\374i\376zL\023\274#\034\230m\251\267"
 145      FC69FE7A 
 145      4C13BC23 
 145      1C986DA9 
 145      B7
 146 0195 3EF51306 		.ascii	">\365\023\006\207iM\261\257uG\026Wq\352\305\240\221"
 146      87694DB1 
 146      AF754716 
 146      5771EAC5 
 146      A091
 147 01a7 02F81441 		.ascii	"\002\370\024A\031\034\001\007\"9Jj\002\353\246\226\273"
 147      191C0107 
 147      22394A6A 
 147      02EBA696 
 147      BB
 148 01b8 CCC63FDD 		.ascii	"\314\306?\335\213\006\3014*\274&O\240\350\272\201\223"
 148      8B06C134 
 148      2ABC264F 
 148      A0E8BA81 
 148      93
 149 01c9 8653450D 		.ascii	"\206SE\015\340;X$6\344\327G7{\025\374\002\307@\025\240"
 149      E03B5824 
 149      36E4D747 
 149      377B15FC 
 149      02C74015 
 150 01de 197C2F1C 		.ascii	"\031|/\034\262\357LK4q\321\220\225\355\240\330\307\365"
 150      B2EF4C4B 
 150      3471D190 
 150      95EDA0D8 
 150      C7F5
 151 01f0 8D3D1E91 		.ascii	"\215=\036\221}\234\262\241\011T\026\205\260W\010\300"
 151      7D9CB2A1 
 151      09541685 
 151      B05708C0 
 152 0200 D808844F 		.ascii	"\330\010\204O\374\325\037k\006\342V\315\311u\3336\236"
 152      FCD51F6B 
 152      06E256CD 
 152      C975DB36 
 152      9E
 153 0211 BFAE9124 		.ascii	"\277\256\221$\232`\332\324\364\250W\313\177n8\361C-"
 153      9A60DAD4 
 153      F4A857CB 
 153      7F6E38F1 
 153      432D
 154 0223 978E18BD 		.ascii	"\227\216\030\275\332\323\3526\241\032L\356\204\223h"
 154      DAD3EA36 
 154      A11A4CEE 
 154      849368
 155 0232 D7130402 		.ascii	"\327\023\004\002\027\312\2167\024;\365:\242^\323\217"
 155      17CA8E37 
 155      143BF53A 
 155      A25ED38F 
 156 0242 AB2E3805 		.ascii	"\253.8\005&Tp\313I\0276w\356\236X^E.9\015z\005\012\212"
 156      265470CB 
ARM GAS  /tmp/ccXX1nJ1.s 			page 12


 156      49173677 
 156      EE9E585E 
 156      452E390D 
 157 025a B8CE802E 		.ascii	"\270\316\200.p\021\016\233\257b;\347\315iQ8\013>\204"
 157      70110E9B 
 157      AF623BE7 
 157      CD695138 
 157      0B3E84
 158 026d 2EB9DCBB 		.ascii	".\271\334\273\324\323\251\3316a\373S\355U\012\2626P"
 158      D4D3A9D9 
 158      3661FB53 
 158      ED550AB2 
 158      3650
 159 027f 9DB607CD 		.ascii	"\235\266\007\315b\017\316\021{u*{E\260\377\343R\373"
 159      620FCE11 
 159      7B752A7B 
 159      45B0FFE3 
 159      52FB
 160 0291 978992A9 		.ascii	"\227\211\222\251\033{\300y\213\350\236\301p\275&\231"
 160      1B7BC079 
 160      8BE89EC1 
 160      70BD2699 
 161 02a1 F48DEF9C 		.ascii	"\364\215\357\234W\371\221\311=\320\"\270*\262&\006u"
 161      57F991C9 
 161      3DD022B8 
 161      2AB22606 
 161      75
 162 02b2 6F312AC0 		.ascii	"o1*\300\242\373\024\250d+\361\3452\000. e\304\374\367"
 162      A2FB14A8 
 162      642BF1E5 
 162      32002E20 
 162      65C4FCF7 
 163 02c6 A6FD49B2 		.ascii	"\246\375I\262\277\353\305\032\326\034\343\324\355\242"
 163      BFEBC51A 
 163      D61CE3D4 
 163      EDA2
 164 02d4 AD5BEFEE 		.ascii	"\255[\357\356s\273=\270Q\024q\000#8\\\002]v\272\014"
 164      73BB3DB8 
 164      51147100 
 164      23385C02 
 164      5D76BA0C 
 165 02e8 F9246E5F 		.ascii	"\371$n_\351?\205\016qxI\0146\010E\267[\226\312\215W"
 165      E93F850E 
 165      7178490C 
 165      360845B7 
 165      5B96CA8D 
 166 02fd B1BB10B3 		.ascii	"\261\273\020\263\024\341=\321\370C(\252\371\275<\201"
 166      14E13DD1 
 166      F84328AA 
 166      F9BD3C81 
 167 030d 166D2648 		.ascii	"\026m&H\214\240-\031\264aI\\x~\247 \246\220\\I\220\014"
 167      8CA02D19 
 167      B461495C 
 167      787EA720 
 167      A6905C49 
 168 0323 EDB0C0E4 		.ascii	"\355\260\300\344\311\242\210*N)\355\310Hl Y\366p\274"
 168      C9A2882A 
ARM GAS  /tmp/ccXX1nJ1.s 			page 13


 168      4E29EDC8 
 168      486C2059 
 168      F670BC
 169 0336 889BAEC4 		.ascii	"\210\233\256\304w\223\227\274tu\026/yI\332\216I+]\233"
 169      779397BC 
 169      7475162F 
 169      7949DA8E 
 169      492B5D9B 
 170 034a D0B598CB 		.ascii	"\320\265\230\313\306\332\024]\013H\236]\012\023\362"
 170      C6DA145D 
 170      0B489E5D 
 170      0A13F2
 171 0359 3AE2C9EB 		.ascii	":\342\311\353%q\257[\3422\273\262\253H\330\033\330\201"
 171      2571AF5B 
 171      E232BBB2 
 171      AB48D81B 
 171      D881
 172 036b 41A75475 		.ascii	"A\247Tu\302\262w\252\356\306\\\274\\\372\246e\343\271"
 172      C2B277AA 
 172      EEC65CBC 
 172      5CFAA665 
 172      E3B9
 173 037d B036D3BF 		.ascii	"\2606\323\277\034\272\342\370\267\233\374\253I\377\266"
 173      1CBAE2F8 
 173      B79BFCAB 
 173      49FFB6
 174 038c 3DEBE8E4 		.ascii	"=\353\350\344v\377>\323\034\024d\371\3271\365R\256\243"
 174      76FF3ED3 
 174      1C1464F9 
 174      D731F552 
 174      AEA3
 175 039e CF378587 		.ascii	"\3177\205\207{\210\253\033\327\036l-\030\2072a\201T"
 175      7B88AB1B 
 175      D71E6C2D 
 175      18873261 
 175      8154
 176 03b0 7CEDB9DE 		.ascii	"|\355\271\336Q\341\221\372z\210\363\017\026\347\241"
 176      51E191FA 
 176      7A88F30F 
 176      16E7A1
 177 03bf CB5B87B9 		.ascii	"\313[\207\271\345\341\275\217_\211|L2\336\022\304\271"
 177      E5E1BD8F 
 177      5F897C4C 
 177      32DE12C4 
 177      B9
 178 03d0 AC093FCA 		.ascii	"\254\011?\312SY\263\216\212S/l p\216\264\035iPdG\317"
 178      5359B38E 
 178      8A532F6C 
 178      20708EB4 
 178      1D695064 
 179 03e6 0CD7BAE3 		.ascii	"\014\327\272\343\272\226N\200\007~\022\365UY\337vF\032"
 179      BA964E80 
 179      077E12F5 
 179      5559DF76 
 179      461A
 180 03f8 154270DB 		.ascii	"\025Bp\333:#\002@\257\334\313mm\357P\263\027#S3\237"
 180      3A230240 
ARM GAS  /tmp/ccXX1nJ1.s 			page 14


 180      AFDCCB6D 
 180      6DEF50B3 
 180      17235333 
 181 040d CADC9946 		.ascii	"\312\334\231F\344g\320\021)\225\252\034i?2\010V\265"
 181      E467D011 
 181      2995AA1C 
 181      693F3208 
 181      56B5
 182 041f E9B83D71 		.ascii	"\351\270=qq\007\011\366\3359`\327\213\243}\217`'X\355"
 182      710709F6 
 182      DD3960D7 
 182      8BA37D8F 
 182      602758ED 
 183 0433 FAA89D26 		.ascii	"\372\250\235&\317\\\254E\\\256b\003'\375\"\366\355\277"
 183      CF5CAC45 
 183      5CAE6203 
 183      27FD22F6 
 183      EDBF
 184 0445 B783D65D 		.ascii	"\267\203\326]<6<^\253Y~\232\346\330y\263\013\213~}\011"
 184      3C363C5E 
 184      AB597E9A 
 184      E6D879B3 
 184      0B8B7E7D 
 185 045a EE0B7C0E 		.ascii	"\356\013|\016rS?\350\030P;\332\324\222 \017f\022\014"
 185      72533FE8 
 185      18503BDA 
 185      D492200F 
 185      66120C
 186 046d 60963531 		.ascii	"`\22651mS\262\372\177\246\344\240\230\222\223\227\242"
 186      6D53B2FA 
 186      7FA6E4A0 
 186      98929397 
 186      A2
 187 047e 8A832A3A 		.ascii	"\212\203*:\327\224\334\342\266L\252M\273d\037\220Ag"
 187      D794DCE2 
 187      B64CAA4D 
 187      BB641F90 
 187      4167
 188 0490 8CCDC52B 		.ascii	"\214\315\305+\031\014Q\260s\346\330\\Z\315\2519\203"
 188      190C51B0 
 188      73E6D85C 
 188      5ACDA939 
 188      83
 189 04a1 E1996373 		.ascii	"\341\231csD\330}t\312\330\214\231\367\317x&&bTL\304"
 189      44D87D74 
 189      CAD88C99 
 189      F7CF7826 
 189      2662544C 
 190 04b6 876222DA 		.ascii	"\207b\"\332\307\337\243\311\361G\305\331/\264A%\027"
 190      C7DFA3C9 
 190      F147C5D9 
 190      2FB44125 
 190      17
 191 04c7 1CF29E70 		.ascii	"\034\362\236p\023\345\022\274D\360\356\302\224\327\322"
 191      13E512BC 
 191      44F0EEC2 
 191      94D7D2
ARM GAS  /tmp/ccXX1nJ1.s 			page 15


 192 04d6 D274F99B 		.ascii	"\322t\371\233\023\322\203yz(\350\327\375Y\201\320\232"
 192      13D28379 
 192      7A28E8D7 
 192      FD5981D0 
 192      9A
 193 04e7 343F53F2 		.ascii	"4?S\362r\275\266\345\354\265\376\317\276X\235\211!!"
 193      72BDB6E5 
 193      ECB5FECF 
 193      BE589D89 
 193      2121
 194 04f9 7FD6EAB4 		.ascii	"\177\326\352\264,\246\255\3724\224\371a0\373\215\251"
 194      2CA6ADFA 
 194      3494F961 
 194      30FB8DA9 
 195 0509 81FE9C40 		.ascii	"\201\376\234@ g\255\236\233\023\314\013\351\357\257"
 195      2067AD9E 
 195      9B13CC0B 
 195      E9EFAF
 196 0518 485F96BE 		.ascii	"H_\226\276\0363\3749\301\314\225\353\336\016`\326\273"
 196      1E33FC39 
 196      C1CC95EB 
 196      DE0E60D6 
 196      BB
 197 0529 71A233D7 		.ascii	"q\2423\327\347Q\254\276,=cy\206\276\014\203\365\345"
 197      E751ACBE 
 197      2C3D6379 
 197      86BE0C83 
 197      F5E5
 198 053b 13DD02A1 		.ascii	"\023\335\002\241\354\320\3125~?\246\276>;\242\015!\\"
 198      ECD0CA35 
 198      7E3FA6BE 
 198      3E3BA20D 
 198      215C
 199 054d 4F49CF58 		.ascii	"OI\317X\341%P\271\301\354T\257\357M\246\004\231\026"
 199      E12550B9 
 199      C1EC54AF 
 199      EF4DA604 
 199      9916
 200 055f C80CE404 		.ascii	"\310\014\344\0047\314\221K\204\263\030\317\373<\367"
 200      37CC914B 
 200      84B318CF 
 200      FB3CF7
 201 056e 5F57FA65 		.ascii	"_W\372eN"
 201      4E
 202              		.text
 203              		.section	.gnu.lto_chMsgRelease.edaf0c8a46c10922,"",%progbits
 204 0000 789C8553 		.ascii	"x\234\205S]H\024Q\024>g\356\270\273\272\366\363X\024"
 204      5D481451 
 204      143E67EE 
 204      B8BBBAF6 
 204      F35814
 205 0013 B5428B15 		.ascii	"\265B\213\025\265\323SAo\341\223\201\020\372\032HMK"
 205      B5D35341 
 205      6FE19381 
 205      10FA1A48 
 205      4D4B
 206 0025 0A6D2B3B 		.ascii	"\012m+;\026\372\344U4\251\350\207\312j\313\230\376D"
ARM GAS  /tmp/ccXX1nJ1.s 			page 16


 206      16FAE455 
 206      34A9E887 
 206      CA6ACB98 
 206      FE44
 207 0037 CD2CB5DF 		.ascii	"\315,\265\337\315\322\3152C\372!\251\224|\310,\213\322"
 207      CDD2CD32 
 207      43FA21A9 
 207      947CC82C 
 207      8BD2
 208 0049 28AB8788 		.ascii	"(\253\207\210\262\316\271\256\242\273Q\303\016s\357"
 208      B2CEB9AE 
 208      A2BB51C3 
 208      0E73EF
 209 0058 9CEF3BF7 		.ascii	"\234\357;\367\373\316|\233\004\032H\035`\024\000\346"
 209      FBCE7C9B 
 209      041A481D 
 209      601400E6 
 210 0068 D18D0250 		.ascii	"\321\215\002P\333\377\010\240\324\245!\362B\272\020"
 210      DBFF08A0 
 210      D4A521F2 
 210      42BA10
 211 0077 4A342CC1 		.ascii	"J4,\301}\342\210\300\216\312\267\021mI\255\244+z\244"
 211      7DE288C0 
 211      8ECAB711 
 211      6D49ADA4 
 211      2B7AA4
 212 008a 2D6587AC 		.ascii	"-e\207\254\230c\013\2000\335|a-.!\324\223\362\246j\261"
 212      98630B80 
 212      30DD7C61 
 212      2D2E21D4 
 212      93F2A66A 
 213 009f 57D80251 		.ascii	"W\330\002Q\247\355\350\303c\257g\362VC\017m\357\016"
 213      A7EDE8C3 
 213      63AF67F2 
 213      56430F6D 
 213      EF0E
 214 00b1 FDEC718B 		.ascii	"\375\354q\213\005\010\264\256\256\0358\233\234^#e\231"
 214      0508B4AE 
 214      AE1D389B 
 214      9C5E2365 
 214      99
 215 00c2 8C8E1C14 		.ascii	"\214\216\034\024r\221-\004\236CA\015\261\036\347c\035"
 215      72912D04 
 215      9E43410D 
 215      B11EE763 
 215      1D
 216 00d3 CE077A05 		.ascii	"\316\007z\005\330\200\351\004\177\320\024\351\325E\232"
 216      D880E904 
 216      7FD014E9 
 216      D5459A
 217 00e2 A21E1A7E 		.ascii	"\242\036\032~\3277\213\251$\345\347!E\325\361|<U\007"
 217      D7378BA9 
 217      24E5E721 
 217      45D5F17C 
 217      3C5507
 218 00f5 6CC474C6 		.ascii	"l\304t\306\0176\217U\315p\350g&\344\342\005t =/\366"
 218      0F368F55 
ARM GAS  /tmp/ccXX1nJ1.s 			page 17


 218      CD70E867 
 218      26E4E205 
 218      74203D2F 
 219 010a 60548EFD 		.ascii	"`T\216\375\256\224\32175\330\277\326I\276\3510\222\316"
 219      AE94D137 
 219      35D8BFD6 
 219      49BEE930 
 219      92CE
 220 011c 3CD84550 		.ascii	"<\330EP\036\303n\241\361S\014\241\306\315j\272{\332"
 220      1EC36EA1 
 220      F1530CA1 
 220      C6CD6ABA 
 220      7BDA
 221 012e DDC2AB84 		.ascii	"\335\302\253\204|;\332\\\227\354=\243<|\352\\\032\356"
 221      7C3BDA5C 
 221      97EC3DA3 
 221      3C7CEA5C 
 221      1AEE
 222 0140 7B23E501 		.ascii	"{#\345\001\211\266H\302\213\323\345\250\0215\241\227"
 222      89B648C2 
 222      8BD3E5A8 
 222      1135A197 
 223 0150 4895EFE5 		.ascii	"H\225\357\345-\235g\222\204\036l\246\332\007,\033\374"
 223      2D9D6792 
 223      841E6CA6 
 223      DA072C1B 
 223      FC
 224 0161 B4E7F24B 		.ascii	"\264\347\362K\234\224Z\256\254\035\354IQR\303\002!\256"
 224      9C945AAE 
 224      AC1DEC49 
 224      5152C302 
 224      21AE
 225 0173 F4F5DCB2 		.ascii	"\364\365\334\262\365\200-\\\323\342k\303\235\276\271"
 225      F5802D5C 
 225      D3E26BC3 
 225      9DBEB9
 226 0182 7C14E025 		.ascii	"|\024\340%\256\213)\023\000\274\214\016\022r\205\375"
 226      AE8B2913 
 226      00BC8C0E 
 226      127285FD 
 227 0192 235CE513 		.ascii	"#\\\345\023O\333-\337S\322\272\320\226G=\266p0\272\361"
 227      4FDB2DDF 
 227      53D2BAD0 
 227      96473DB6 
 227      7030BAF1 
 228 01a6 75AB74E9 		.ascii	"u\253t\351\032\001\257b\032\360\233\317#O\3735z\203"
 228      1A01AF62 
 228      1AF09BCF 
 228      234FFB35 
 228      7A83
 229 01b8 D750579A 		.ascii	"\327PW\232\001\257\253\017\\\327vg(5\255;\306v2\366"
 229      01AFAB0F 
 229      5CD77667 
 229      2835AD3B 
 229      C67632F6 
 230 01cc CB859667 		.ascii	"\313\205\226gn\305\2160\033o\240\016CX\346Q\376\201"
 230      6EC58E30 
ARM GAS  /tmp/ccXX1nJ1.s 			page 18


 230      1B6FA00E 
 230      4358E651 
 230      FE81
 231 01de 97033BEB 		.ascii	"\227\003;\353\223\330\030\201K\033\216W\247\306&8V\237"
 231      93D81881 
 231      4B1B8E57 
 231      A7C62638 
 231      569F
 232 01f0 1A96D172 		.ascii	"\032\226\321r\317_\202\240\306\327\212\336\023d\227"
 232      CF5F82A0 
 232      C6D78ADE 
 232      136497
 233 01ff 1A9CACAD 		.ascii	"\032\234\254\255\022\261\006U?zO\271\271\201\234\332"
 233      12B10655 
 233      3F7A4FB9 
 233      B9819CDA 
 234 020f 20210EAA 		.ascii	" !\016\252\301Mn `\030+\006\032N\274\350J\230\367\363"
 234      C14D6E20 
 234      60182B06 
 234      1A4EBCE8 
 234      4A98F7F3 
 235 0223 1486F039 		.ascii	"\024\206\3609\261\271\353\323fwK\315\256\015\325\214"
 235      B1B9EBD3 
 235      66774BCD 
 235      AE0DD58C 
 236 0233 2291917E 		.ascii	"\"\221\221~g\311/\351\262\205+L\237\222\213\330\216"
 236      67C92FE9 
 236      B2852B4C 
 236      9F928BD8 
 236      8E
 237 0244 254012E9 		.ascii	"%@\022\351\020[$+\323*j\2551\337\343\273\233\343;-1"
 237      105B242B 
 237      D32A6AAD 
 237      31DFE3BB 
 237      9BE33B2D 
 238 0259 402BFF17 		.ascii	"@+\377\027\240\250\012\320\341\212\216\307\316\361\000"
 238      A0A80AD0 
 238      E18A8EC7 
 238      CEF100
 239 0268 01DEFE57 		.ascii	"\001\336\376W\200\372&\002\344\230f\244\203\215$$jq"
 239      80FA2602 
 239      E49866A4 
 239      838D2424 
 239      6A71
 240 027a 2EE01D06 		.ascii	".\340\035\006;\023\022U\263j.\237\015x71Q\235j*\367"
 240      3B131255 
 240      B36A2E9F 
 240      0D783731 
 240      519D6A2A 
 241 028f A6246ACC 		.ascii	"\246$j\314~\325\346\236\010\313m\025\226.\025\226\370"
 241      7ED5E69E 
 241      08CB6D15 
 241      962E1596 
 241      F8
 242 02a0 64DC9F4C 		.ascii	"d\334\237L\0067\207\217\224\214\335\215^V\254\354\356"
 242      0637878F 
 242      948CDD8D 
ARM GAS  /tmp/ccXX1nJ1.s 			page 19


 242      5E56ACEC 
 242      EE
 243 02b1 A2DCD31F 		.ascii	"\242\334\323\037\217\360\363|>c\374\027\264\214P\241"
 243      8FF0F37C 
 243      3E63FC17 
 243      B48C50A1 
 244 02c1 61854CC3 		.ascii	"a\205L\303\314\013X\233}&h\205\005\202V\316\215\033"
 244      CC0B589B 
 244      7D266885 
 244      058256CE 
 244      8D1B
 245 02d3 2CFFBA50 		.ascii	",\377\272P\376\362\251P3\030\010\004\267\032\005\301"
 245      FEF2A950 
 245      33180804 
 245      B71A05C1 
 246 02e3 50A165AC 		.ascii	"P\241e\254\311\316\312\310*\"\236\031\014\371s\267\257"
 246      C9CECAC8 
 246      2A229E19 
 246      0CF973B7 
 246      AF
 247 02f4 0AF8F260 		.ascii	"\012\370\362`\365_\320\376\242B\306\032\031Y9\2319F"
 247      F55FD0FE 
 247      A242C61A 
 247      19593999 
 247      3946
 248 0306 06818DCC 		.ascii	"\006\201\215\314\255\346\226m\233\374\206\031\260\362"
 248      ADE6966D 
 248      9BFC8619 
 248      B0F2
 249 0314 ADDCCDA6 		.ascii	"\255\334\315\246I\324\205q\232\362'0yV\261E\365\331"
 249      49D48571 
 249      9AF22730 
 249      7956B145 
 249      F5D9
 250 0326 5939D91E 		.ascii	"Y9\331\036\026U\020\312_\346\361\256\000-\004\316\200"
 250      165510CA 
 250      5FE6F1AE 
 250      002D04CE 
 250      80
 251 0337 3F100C15 		.ascii	"?\020\014\025\377\203\313\236\362\340\017r4\264\""
 251      FF83CB9E 
 251      F2E00F72 
 251      34B422
 252              		.text
 253              		.section	.gnu.lto_.symbol_nodes.edaf0c8a46c10922,"",%progbits
 254 0000 789C55C9 		.ascii	"x\234U\311\275\015\3020\024E\341\343\373l\326\200Q`"
 254      BD0DC230 
 254      1445E1E3 
 254      FB6CD680 
 254      5160
 255 0012 B2E7828E 		.ascii	"\262\347\202\216&RF\340\267`\202\324V\"Q\260\003\022"
 255      265246E0 
 255      B76082D4 
 255      562251B0 
 255      0312
 256 0024 A2620614 		.ascii	"\242b\006\024C\205os\245\357$DO\235\366r\350\356Po\310"
 256      43856F73 
ARM GAS  /tmp/ccXX1nJ1.s 			page 20


 256      A5EF2444 
 256      4F9DF672 
 256      E8EE506F 
 257 0039 1B4827B1 		.ascii	"\033H'\261\372\226\203<4EG\271\032\011\027\271\375\004"
 257      FA96833C 
 257      344547B9 
 257      1A0917B9 
 257      FD04
 258 004b 725E5738 		.ascii	"r^W8\313c\003Wy\372\007#\361\274MfD\266\273\367\322"
 258      CB630357 
 258      79FA0723 
 258      F1BC4D66 
 258      44B6BBF7 
 259 0060 1429E32B 		.ascii	"\024)\343+\230-(\217O`\006\016x$\032"
 259      982D288F 
 259      4F60060E 
 259      78241A
 260              		.text
 261              		.section	.gnu.lto_.refs.edaf0c8a46c10922,"",%progbits
 262 0000 789C6365 		.ascii	"x\234ce`b\340c```\004\"F&&\006F\026\006Fn\006\000\002"
 262      6062E063 
 262      60606004 
 262      22462626 
 262      06461606 
 263 0019 20002E   		.ascii	" \000."
 264              		.text
 265              		.section	.gnu.lto_.decls.edaf0c8a46c10922,"",%progbits
 266 0000 789CB53A 		.ascii	"x\234\265:iP\024i\226\365\345\227\\E\0258\352\364\032"
 266      69501469 
 266      96F5E597 
 266      5C451538 
 266      EAF41A
 267 0013 BBEEAED1 		.ascii	"\273\356\256\321aG3\023\253\250=\333\335\263\261\261"
 267      61473313 
 267      ABA83DDB 
 267      DDB3B1B1 
 268 0023 D1331DBB 		.ascii	"\3213\035\2733FL\357t\264\323=\261\021;[\213X\012#\327"
 268      33464CEF 
 268      74B4D33D 
 268      B1113B5B 
 268      8B580A23 
 269 0038 5495D7FC 		.ascii	"T\225\327\374\231\344P\021T@P\016\241E\361\000\001\241"
 269      99E45011 
 269      5440500E 
 269      A145F100 
 269      01A1
 270 004a 45410111 		.ascii	"EA\001\021\271\344\220C\361\006\271D\024DT\240\271T"
 270      B9E49043 
 270      F106B944 
 270      144454A0 
 270      B954
 271 005c D8F71D59 		.ascii	"\330\367\035Y\231UTio\304n\005\217\314\227\337\373\336"
 271      99555469 
 271      6FC46E05 
 271      8FCC97DF 
 271      FBDE
 272 006e FD5E7EF9 		.ascii	"\375^~\371e\272h\004\315\330\032\215f\302U\243Y\"h4"
ARM GAS  /tmp/ccXX1nJ1.s 			page 21


 272      65BA6804 
 272      CDD81A8D 
 272      66C255A3 
 272      59226834 
 273 0082 73F01335 		.ascii	"s\360\0235\032M>\000\002X\252a?\030\326D\302\205]\000"
 273      1A4D3E00 
 273      0258AA61 
 273      3F18D644 
 273      C2855D00 
 274 0096 B1007100 		.ascii	"\261\000q\000\211\000\007\021\243\033G\032\233\237\033"
 274      89000711 
 274      A31B471A 
 274      9B9F1B
 275 00a5 D66816C3 		.ascii	"\326h\026\303q\241\206\035K\000~\0134\337#\306s\002"
 275      71A1861D 
 275      4B007E0B 
 275      34DF23C6 
 275      7302
 276 00b7 8EA3009D 		.ascii	"\216\243\000\235\000U\200O\301\361\015\300\227\000\377"
 276      0055804F 
 276      C1F10DC0 
 276      9700FF
 277 00c6 0DB00E40 		.ascii	"\015\260\016@\004\230\0058\0000\007\260\037@\013\264"
 277      04980538 
 277      003007B0 
 277      1F400BB4 
 278 00d6 CFE17813 		.ascii	"\317\341x\023\300\000\020\010\360\025\300\237\001\276"
 278      C0001008 
 278      F015C09F 
 278      01BE
 279 00e4 01F81D80 		.ascii	"\001\370\035\200\005 \014\300\203\353,\200]\"\200\026"
 279      05200CC0 
 279      83EB2C80 
 279      5D228016 
 280 00f4 C05B607A 		.ascii	"\300[`z\023\375\177\004\347\213\000\004b\2470\337\006"
 280      13FD7F04 
 280      E78B0004 
 280      62A730DF 
 280      06
 281 0105 3DD8B040 		.ascii	"=\330\260@e\203\254\277Z_\265\035_r\275\347\270\215"
 281      6583ACBF 
 281      5A5FB51D 
 281      5F72BDE7 
 281      B88D
 282 0117 FBB90D6E 		.ascii	"\373\271\015n*\235\277\342z\376Y\245+\321s\227\235\236"
 282      2A9DBFE2 
 282      7AFE59A5 
 282      2BD17397 
 282      9D9E
 283 0129 1F084CC7 		.ascii	"\037\010L\307\237\010\212\236\216\374\374W\230\371\344"
 283      9F088A9E 
 283      8EFCFC57 
 283      98F9E4
 284 0138 1B3B3D89 		.ascii	"\033;=\211\277\325z\376\024\346\307\360\271\356\032"
 284      BFD57AFE 
 284      14E6C7F0 
 284      B9EE1A
ARM GAS  /tmp/ccXX1nJ1.s 			page 22


 285 0147 1643B5BC 		.ascii	"\026C\265\274\177\020X,\325\262>\022le%cT\274\257\346"
 285      7F10582C 
 285      D5B23E12 
 285      6C652563 
 285      54BCAFE6 
 286 015b 92D0853A 		.ascii	"\222\320\205:\021!Y@\257\"\304\376#\012\024\235\223"
 286      11215940 
 286      AF22C4FE 
 286      230A149D 
 286      93
 287 016c 7F08D1EB 		.ascii	"\177\010\321\353pU\320\360D\221/!y\006\307\005\216\012"
 287      7055D0F0 
 287      44912F21 
 287      7906C705 
 287      8E0A
 288 017e 9C25FDE3 		.ascii	"\234%\375\343\223\221\212#\033f\222\344\037\313UvB\247"
 288      93918A23 
 288      1B6692E4 
 288      1FCB5576 
 288      42A7
 289 0190 C9B391A0 		.ascii	"\311\263\221\240\010@H=A\305\220\251\315\307\255\372"
 289      0840483D 
 289      41C590A9 
 289      CDC7ADFA 
 290 01a0 6914E390 		.ascii	"i\024\343\220l\375\313\324k\003\332n\364\200\\\315\374"
 290      6CFDCBD4 
 290      6B03DA6E 
 290      F4805CCD 
 290      FC
 291 01b1 0CD16BBD 		.ascii	"\014\321k\275%\017/\272a\001\221\363\356\351\354\177"
 291      250F2FBA 
 291      610191F3 
 291      EEE9EC7F 
 292 01c1 5B9927B1 		.ascii	"[\231'\261\237\373R\305m;\367\345'k\367c\344\252ED\246"
 292      9FFB52C5 
 292      6D3BF7E5 
 292      276BF763 
 292      E4AA4544 
 293 01d6 1B5CEA7F 		.ascii	"\033\\\352\1771S,\262K\204z;\\\312H\355\374\316\013"
 293      31532CB2 
 293      4B847A3B 
 293      5CCA48ED 
 293      FCCE0B
 294 01e9 FF98B2BA 		.ascii	"\377\230\262\272\036U\230\216ax\241\026\211Drs\332C"
 294      1E55988E 
 294      6178A116 
 294      89447273 
 294      DA43
 295 01fb 2F40176B 		.ascii	"/@\027k\321\262d,\014\367\356\211qG>\332\223dj\345\\"
 295      D1B2642C 
 295      0CF7EE89 
 295      71473EDA 
 295      93646AE5 
 296 0210 D187E1BB 		.ascii	"\321\207\341\273%I@\337!-\312G\030\235F+\211\332\256"
 296      254940DF 
 296      212DCA47 
 296      189D462B 
ARM GAS  /tmp/ccXX1nJ1.s 			page 23


 296      89DAAE
 297 0223 2431A209 		.ascii	"$1\242\011I|\244\344\361k\015*@K\321\031\264T\203\012"
 297      497CA4E4 
 297      F16B0D2A 
 297      404BD119 
 297      B454830A 
 298 0237 910F114C 		.ascii	"\221\017\021L\350P\036\\\314\205\213 et\372\3059\021"
 298      E8501E5C 
 298      CC858B20 
 298      6574FAC5 
 298      3911
 299 0249 4723A281 		.ascii	"G#\242\201\020\323;\372\306\033i}\03428\347\200\001"
 299      10D33BFA 
 299      C61B697D 
 299      1C3238E7 
 299      8001
 300 025b 53E6EAE9 		.ascii	"S\346\352\3515\347w\022e\212@\231\263\2122\240\033\363"
 300      35E77712 
 300      658A4099 
 300      B38A32A0 
 300      1BF3
 301 026d C59DBDED 		.ascii	"\305\235\275\355\035\256x\204\011\231\036\252\317\367"
 301      1DAE7884 
 301      09991EAA 
 301      CFF7
 302 027b B41AF2B8 		.ascii	"\264\032\362\270by\312\214$-C%0\367\2742\267\0109\265"
 302      6279CA8C 
 302      242D4325 
 302      30F7BC32 
 302      B70839B5 
 303 028f A4D8B125 		.ascii	"\244\330\261%\303O\023\276\327\222\334\246\254\326\213"
 303      C34F13BE 
 303      D792DCA6 
 303      ACD68B
 304 029e E45AC948 		.ascii	"\344Z\311Hn\211\236\271\264\222\340\331\003\351\373"
 304      6E899EB9 
 304      B492E0D9 
 304      03E9FB
 305 02ad 750CFF14 		.ascii	"u\014\377\024\320\233m]'0\316g\221|P\237\223K\334\377"
 305      D09B6D5D 
 305      2730CE67 
 305      917C509F 
 305      934BDCFF 
 306 02c1 210B9837 		.ascii	"!\013\2307\\*\030\2768\255g\227\010\305\215\270\321"
 306      5C2A18BE 
 306      38AD6797 
 306      08C58DB8 
 306      D1
 307 02d2 E36EB898 		.ascii	"\343n\270\230\222\013\251\215w\252D%\036c\037&\320x"
 307      920BA98D 
 307      77AA4425 
 307      1E631F26 
 307      D078
 308 02e4 5482EC0A 		.ascii	"T\202\354\012\305\214\017\271\025\021\363\254\270\014"
 308      C58C0FB9 
 308      1511F3AC 
 308      B80C
ARM GAS  /tmp/ccXX1nJ1.s 			page 24


 309 02f2 567CC8AD 		.ascii	"V|\310\255\270\004\027\313\231\0259\307\023\216\271"
 309      B80417CB 
 309      991539C7 
 309      138EB9
 310 0301 E22B4C46 		.ascii	"\342+LF]E\307]\221\305c>\203j\007\014\344x\274_G\343"
 310      5D45C75D 
 310      91C5633E 
 310      836A070C 
 310      E478BC5F 
 311 0317 5105CA5C 		.ascii	"Q\005\312\\Q\224\251\224\343!%\275:\242\307\215L\210"
 311      5194A994 
 311      E32125BD 
 311      3AA2C78D 
 311      4C88
 312 0329 F4A8F691 		.ascii	"\364\250\366\221\340LH\235S!\217+\226\261\300\325\202"
 312      E04C489D 
 312      53218F2B 
 312      96B1C0D5 
 312      82
 313 033a 901A4548 		.ascii	"\220\032EH\225,\244\263h_\265;\276\301\234\233V6\336"
 313      952CA4B3 
 313      685FB53B 
 313      BEC19C9B 
 313      5636DE
 314 034d E8C21CEF 		.ascii	"\350\302\034\357\016h|\347t\271'\276\317\306r'\243\316"
 314      0E687CE7 
 314      74B927BE 
 314      CFC67227 
 314      A3CE
 315 035f 7BE36E86 		.ascii	"{\343n\206\310\021[\314#6\223x\361\274'~\304\006k\036"
 315      C8115BCC 
 315      23369378 
 315      F1BC277E 
 315      C4066B1E 
 316 0373 B6D7BBE0 		.ascii	"\266\327\273\340\247\014\311\254\352]\201_\263\363\322"
 316      A70CC9AC 
 316      EA5D815F 
 316      B3F3D2
 317 0382 83E5CFDC 		.ascii	"\203\345\317\334q8\246\310\2257\367\322\2658\201!7^"
 317      7138A6C8 
 317      9537F7D2 
 317      B5388121 
 317      375E
 318 0394 5CCBF064 		.ascii	"\\\313\360d\202\027\220f6\320P\247e\354%\004\370\353"
 318      82179066 
 318      36D050A7 
 318      65EC2504 
 318      F8EB
 319 03a6 13AD77DD 		.ascii	"\023\255w\335q*\243-+)\257\343J\256\0024\262?\243\327"
 319      712AA32D 
 319      2B29AFE3 
 319      4AAE0234 
 319      B23FA3D7 
 320 03ba 0B1F6363 		.ascii	"\013\037ccuqQ{\2658\227\"B\356\276\350a\247q\271\353"
 320      7571517B 
 320      B5389722 
 320      42EEBEE8 
ARM GAS  /tmp/ccXX1nJ1.s 			page 25


 320      61A771B9 
 321 03cf D465F797 		.ascii	"\324e\367\227@\213@w\300_\267\035\370\353\360\330\203"
 321      408B4077 
 321      C05FB71D 
 321      F8EBF0D8 
 321      83
 322 03e0 410F26DD 		.ascii	"A\017&\335\207$B\351\330\011W\\\302\244\367\315\315"
 322      872442E9 
 322      D809575C 
 322      C2A4F7CD 
 322      CD
 323 03f1 FE1157B2 		.ascii	"\376\021W\262\363=y{\352\274p=C\216].\033v\303w\031"
 323      F33D797B 
 323      EABC703D 
 323      438E5D2E 
 323      1B76C377 
 324 0406 22778C85 		.ascii	"\"w\214\205\264c\240\354\241\356\327\030?fc\275\235"
 324      B463A0EC 
 324      A1EED718 
 324      3F6663BD 
 324      9D
 325 0417 570BBDF0 		.ascii	"W\013\275\360 7t\362p\2317~\301\220\346\207s\243Z<\311"
 325      203774F2 
 325      7099377E 
 325      C190E687 
 325      73A35A3C 
 326 042c 9092B4D9 		.ascii	"\220\222\264\331J\021\317\3629\322\253T\035\216\020"
 326      4A11CFF2 
 326      39D2AB54 
 326      1D8E10
 327 043b A9CD65F9 		.ascii	"\251\315e\371Y\321Zk\276\017QS\006\300\224\376\037T"
 327      59D15A6B 
 327      BE0F5153 
 327      06C094FE 
 327      1F54
 328 044d B38F1CD7 		.ascii	"\263\217\034\327l\354\301g'\275p4\225\200^=I\272\207"
 328      6CECC167 
 328      27BD7034 
 328      95805E3D 
 328      49BA87
 329 0460 98FA3A40 		.ascii	"\230\372:@#\312\356%x\263P\365\320H\316D\317\212\370"
 329      23CAEE25 
 329      78B350F5 
 329      D048CE44 
 329      CF8AF8
 330 0473 20A3AD6B 		.ascii	" \243\255k\315\034s\307\031\014\271\230p\000\242\237"
 330      CD1C73C7 
 330      190CB998 
 330      7000A29F 
 331 0483 C590AE94 		.ascii	"\305\220\256\224\3302O\\\314\220\212\270\321\013\036"
 331      D8324F5C 
 331      CC908AB8 
 331      D10B1E
 332 0492 F8124376 		.ascii	"\370\022CvO\365\025z\343:\321&/\026\263\274\030\212"
 332      4FF5157A 
 332      E33AD126 
 332      2F16B3BC 
ARM GAS  /tmp/ccXX1nJ1.s 			page 26


 332      188A
 333 04a4 ACEC1571 		.ascii	"\254\354\025q3\033+\330\331\237\343\016cK\241\023 U"
 333      331B2BD8 
 333      D99FE30E 
 333      634BA113 
 333      2055
 334 04b6 1B58CADA 		.ascii	"\033X\312\332\300\271\312\261|\021\337`n)>\327\237\246"
 334      C0B9CAB1 
 334      7C11DF60 
 334      6E293ED7 
 334      9FA6
 335 04c8 55B581F7 		.ascii	"U\265\201\367.H\322\0024\001\216\031W\034\263\324\332"
 335      2E48D202 
 335      34018E19 
 335      571CB3D4 
 335      DA
 336 04d9 055E1C93 		.ascii	"\005^\034\223\360\022\015\372h)Z\005^\371\036\274\262"
 336      F0120DFA 
 336      68295A05 
 336      5EF91EBC 
 336      B2
 337 04ea 947B650C 		.ascii	"\224{e\014\2742\312{\300\221\354\032=\356d\002R\017"
 337      BC32CA7B 
 337      C091EC1A 
 337      3DEE6402 
 337      520F
 338 04fc 5E39E765 		.ascii	"^9\347e\025\000\245]DK{\032$L*\022&\220\023\021S\216"
 338      1500A55D 
 338      444B7B1A 
 338      244C2A12 
 338      26901311 
 339 0512 454424B6 		.ascii	"ED$\266\347y\340~&\242\267\262\372\000Vu\344O\357\320"
 339      E779E07E 
 339      26A2B7B2 
 339      FA005675 
 339      E44FEFD0 
 340 0526 56F61A44 		.ascii	"V\366\032D\314(\"\246\235\211x\345X\304\301\264\201"
 340      CC2822A6 
 340      9D8978E5 
 340      58C4C1B4 
 340      81
 341 0537 25789879 		.ascii	"%x\230y4v\357l\001\306\243L\\F\305L\234bQ\237\333gH"
 341      3476EF6C 
 341      01C6A34C 
 341      5C46C54C 
 341      9C62519F 
 342 054e 12B468F6 		.ascii	"\022\264h\366\007H\232s,\351A\306\3631\021\3170Q\307"
 342      07489A73 
 342      2CE941C6 
 342      F33111CF 
 342      3051C7
 343 0561 AB0BAEBB 		.ascii	"\253\013\256\273a\311\205\212z8xvJ\257$-\210\212\002"
 343      61C9858A 
 343      7A387876 
 343      4AAF242D 
 343      888A02
 344 0574 5111C2BB 		.ascii	"Q\021\302\273EE\012\016E\215D=\352\341\355d\011\351"
ARM GAS  /tmp/ccXX1nJ1.s 			page 27


 344      45450A0E 
 344      458D443D 
 344      EAE1ED64 
 344      09E9
 345 0586 4E49291F 		.ascii	"NI)\037\341=T\026zv\242\345,\251_\037-\372\213*i|X\322"
 345      E13D5416 
 345      7A76A2E5 
 345      2CA95F1F 
 345      2DFA8B2A 
 346 059e A427F425 		.ascii	"\244'\364%{\340x\246\326\267\303w#\365\252{\371\307"
 346      7BE078A6 
 346      D6B7C377 
 346      23F5AA7B 
 346      F9C7
 347 05b0 ECDE110B 		.ascii	"\354\336\021\013\272\355Qt\363\261\252\226\031)\375"
 347      BAED5174 
 347      F3B1AA96 
 347      1929FD
 348 05bf 287CB506 		.ascii	"(|\265\0065\201\"\365\244\234b@;\037\256]\264\260\024"
 348      358122F5 
 348      A49C6240 
 348      3B1FAE5D 
 348      B4B014
 349 05d2 ED16A876 		.ascii	"\355\026\250v\273\243\262\343<\361a&\244\266c\327VU"
 349      BBA3B2E3 
 349      3CF16126 
 349      A4B663D7 
 349      5655
 350 05e4 DEACB94A 		.ascii	"\336\254\271J\363f?\310\330\253\310\000\221N\205\354"
 350      F3663FC8 
 350      D8ABC800 
 350      914E85EC 
 351 05f4 732CA4AB 		.ascii	"s,\244\253\240\243F\304\307\231\220\033\311\273\236"
 351      A0A346C4 
 351      C799901B 
 351      C9BB9E
 352 0603 BB2896E4 		.ascii	"\273(\226\344\343\007\3251\222$\242\004\020\023\247"
 352      E307D531 
 352      9224A204 
 352      1013A7
 353 0612 88D9FF16 		.ascii	"\210\331\377\0261\361\216\305d?\037l\360\322\305X;,"
 353      31F18EC5 
 353      643F1F6C 
 353      F0D2C558 
 353      3B2C
 354 0624 6529F713 		.ascii	"e)\367\023\015: \350\370B+\242\257\030\332\351=\026"
 354      0D3A20E8 
 354      F8422BA2 
 354      AF18DAE9 
 354      3D16
 355 0636 845B5397 		.ascii	"\204[S\227ft\270\213\"bO\326\350SW\344\263\024!-\300"
 355      6674B88B 
 355      22624FD6 
 355      E85357E4 
 355      B314212D 
 356 064b 497991A6 		.ascii	"Iy\221\246A\311\300*I\300\362\"7M\002\315^\374\205\\"
 356      41C9C02A 
ARM GAS  /tmp/ccXX1nJ1.s 			page 28


 356      49C0F222 
 356      374D02CD 
 356      5EFC855C 
 357 065f 76940A07 		.ascii	"v\224\012\007AA2\244A)\240\336!P/\015z\037\271B\356"
 357      414132A4 
 357      4129A0DE 
 357      21502F0D 
 357      7A1FB942 
 358 0674 64CD470F 		.ascii	"d\315G\017{h\371\254\350\267\316\002\352\027c\2357\005"
 358      7B68F9AC 
 358      E8B7CE02 
 358      EA17639D 
 358      3705
 359 0686 B551A936 		.ascii	"\265Q\2516F\245Y\215\272\322\034\231\343\211\0372\243"
 359      46A5598D 
 359      BAD21C99 
 359      E3891F32 
 359      A3
 360 0697 FADE1CED 		.ascii	"\372\336\034\355w\303\203\014\231Ji8\256\307\317\031"
 360      77C3830C 
 360      994A6938 
 360      AEC7CF19 
 361 06a7 7220AFED 		.ascii	"r \257\355\216+\036cH\327\231\331rW<\301\220#\235/\363"
 361      8E2B1E63 
 361      48D799D9 
 361      72573CC1 
 361      90239D2F 
 362 06bc DDF0348B 		.ascii	"\335\3604\213\322\225[Gs\364H\347\243\022\374\315{J"
 362      D2955B47 
 362      73F448E7 
 362      A312FCCD 
 362      7B4A
 363 06ce 733E06AA 		.ascii	"s>\006\252~\255\343\261b\221\034I\377\273pIB\350\250"
 363      7EADE3B1 
 363      62911C49 
 363      FFBB7049 
 363      42E8A8
 364 06e1 A043994A 		.ascii	"\240C\231J\034\277\3261\365z\"\352\332\335q\204+\273"
 364      1CBFD631 
 364      F57A22EA 
 364      DADD7184 
 364      2BBB
 365 06f3 ED8CDC7C 		.ascii	"\355\214\334|\255\307\273\030\"MW\334w\3051\014\351"
 365      ADC7BB18 
 365      224D57DC 
 365      77C5310C 
 365      E9
 366 0704 3838D5E3 		.ascii	"88\325\343\201\3671\244\376V\354e\021\3073\344TS\217"
 366      81F731A4 
 366      FE56EC65 
 366      11C733E4 
 366      54538F
 367 0717 E4821319 		.ascii	"\344\202\023\031R\036\323\364\332\035\037bHZ\351\356"
 367      521ED3F4 
 367      DA1D1F62 
 367      485AE9EE 
 368 0727 082D4E65 		.ascii	"\010-NeH\356\334X\234\016\2473d\252\374\3721\201\325"
ARM GAS  /tmp/ccXX1nJ1.s 			page 29


 368      48EEDC58 
 368      9C0EA733 
 368      64AAFCFA 
 368      3181D5
 369 073a DE72404F 		.ascii	"\336r@OW\306\326c\326\3013\205d\354y\360\330\371\032"
 369      57C6D663 
 369      D6C13385 
 369      64EC79F0 
 369      D8F91A
 370 074d 2FB49CFD 		.ascii	"/\264\234\375\026-\367Y~\214X[y\265\031\017\3466\356"
 370      162DF759 
 370      7E8C585B 
 370      79B5190F 
 370      E636EE
 371 0760 9532AB98 		.ascii	"\2252\253\2305'\300\232\363\302\"\305\372\353\324\365"
 371      3527C09A 
 371      F3C222C5 
 371      FAEBD4F5 
 372 0770 05E4BF86 		.ascii	"\005\344\277\206M\271\361_\251Re\024\246\344\307\355"
 372      4DB9F15F 
 372      A9526514 
 372      A6E4C7ED 
 373 0780 C9770A84 		.ascii	"\311w\012\204|\265B]\245\242>\351\230\271\212\272OE"
 373      7CB5425D 
 373      A5A23EE9 
 373      98B98ABA 
 373      4F45
 374 0792 7DC49EBA 		.ascii	"}\304\236\272k\036\365\037\024\352\323\366\324\276v"
 374      6B1EF51F 
 374      14EAD3F6 
 374      D4BE76
 375 07a1 C4432AE2 		.ascii	"\304C*\342\034\207\304j#gT\324\247\354\251\353U>I\240"
 375      1C87C46A 
 375      236754D4 
 375      A7ECA9EB 
 375      553E49A0 
 376 07b5 F77349FA 		.ascii	"\367sI\372L\324\240|H\345<p\000\312\3453 /P\011\244"
 376      4CD4A07C 
 376      48E53C70 
 376      00CAE533 
 376      202F5009 
 377 07ca CF596139 		.ascii	"\317Ya9*\002"
 377      2A02
 378 07d0 28063807 		.ascii	"(\0068\007P\010p\006\240\000\340\002\300w\302rZjL\366"
 378      50087006 
 378      A000E002 
 378      C077C272 
 378      5A6A4CF6 
 379 07e4 A84A76B6 		.ascii	"\250Jv\266c\331\324.\226\213-\035\013h.\002\225\206"
 379      63D9D42E 
 379      968B2D1D 
 379      0B682E02 
 379      9586
 380 07f6 27A2C2AA 		.ascii	"'\242\302\252\253k\341\201H\251~\025\345\225\3458X\314"
 380      AB6BE181 
 380      48A97E15 
 380      E595E538 
ARM GAS  /tmp/ccXX1nJ1.s 			page 30


 380      58CC
 381 0808 0E4899C4 		.ascii	"\016H\231\304\306\304\375\242\272\374\324\304\032t\321"
 381      C6C4FDA2 
 381      BAFCD4C4 
 381      1A74D1
 382 0817 5A7E5DE5 		.ascii	"Z~]\345\307&\365\3706\315;\334\372<\275\\\207\226/\362"
 382      C726F5F8 
 382      36CD3BDC 
 382      FA3CBD5C 
 382      87962FF2 
 383 082b 6112A1C9 		.ascii	"a\022\241\311\245=jb\011\0053\320\267 \264\334q\\\022"
 383      A53D6A62 
 383      090533D0 
 383      B720B4DC 
 383      715C12
 384 083e F85288B8 		.ascii	"\370R\210\270\316:\\\312\351\211\353.\201\353\312\270"
 384      CE3A5CCA 
 384      E989EB2E 
 384      81EBCAB8 
 385 084e 6BB8B139 		.ascii	"k\270\2619\314\330r[cI-D<~\206\361CV\013O\007ro\013"
 385      CCD8725B 
 385      63492D44 
 385      3C7E86F1 
 385      43560B4F 
 386 0866 F80943D2 		.ascii	"\370\011C\322\273\253\272\370\312\261\206>\261w'\355"
 386      BBABBAF8 
 386      CAB1863E 
 386      B17727ED 
 387 0876 D1F1CA20 		.ascii	"\321\361\312 O\222\217'&n\273\342QF\\4\227\263\013\343"
 387      4F928F27 
 387      266EBBE2 
 387      51465C34 
 387      97B30BE3 
 388 088a 298AFC73 		.ascii	")\212\374so\314\2514W0\015*F\267\210\377\001\006\325"
 388      6FCCA934 
 388      57300D2A 
 388      46B788FF 
 388      0106D5
 389 089d E3430EF0 		.ascii	"\343C\016\360\1771\033\202rZ\256\323\301?r\302\1770"
 389      7F311B82 
 389      725AAED3 
 389      C13F72C2 
 389      7F30
 390 08af EAC37DD2 		.ascii	"\352\303}\322\372\004_\253ma>\201\316\214v\201\215\265"
 390      FA045FAB 
 390      6D613E81 
 390      CE8C7681 
 390      8DB5
 391 08c1 CE02A14E 		.ascii	"\316\002\241N\250+\220P\225$\241.\363\031\304+\257\300"
 391      A82B9050 
 391      9524A12E 
 391      F319C42B 
 391      AFC0
 392 08d3 2B339034 		.ascii	"+3\2204\323\000S\000\223\000\023\000\337\003\324\000"
 392      D3005300 
 392      93001300 
 392      DF03D400 
ARM GAS  /tmp/ccXX1nJ1.s 			page 31


 393 08e3 8C038C01 		.ascii	"\214\003\214\001\214\002t\003\334\003\270\001p\035\240"
 393      8C027403 
 393      DC03B801 
 393      701DA0
 394 08f2 1EE02A40 		.ascii	"\036\340*@\235m\302\375\206%\034t\271*{\325.\332\027"
 394      9D6DC2FD 
 394      86251C74 
 394      B92A7BD5 
 394      2EDA17
 395 0905 DD6CD3C2 		.ascii	"\335l\323\302D\232R\344\311\246\014\331\221\227\316"
 395      449A52E4 
 395      C9A60CD9 
 395      9197CE
 396 0914 6B175D4D 		.ascii	"k\027]M\213\031}\003X~\3251=e\257J\274F\233\304k`\211"
 396      8B197D03 
 396      587ED531 
 396      3D65AF4A 
 396      BC469BC4 
 397 092b A776CC0D 		.ascii	"\247v\314\015\030$\315\003\265\003\303F\356\230Yp\314"
 397      1824CD03 
 397      B503C346 
 397      EE985970 
 397      CC
 398 093c 1B30AE05 		.ascii	"\0330\256\005\240\311\306\300\366a<{V\222\366\270\242"
 398      A0C9C6C0 
 398      F6613C7B 
 398      5692F6B8 
 398      A2
 399 094d 6BA04403 		.ascii	"k\240D\003\237\343\260\236UZ4\333hq\355-Z\314\201\344"
 399      9FE3B09E 
 399      555A34DB 
 399      6871ED2D 
 399      5ACC81E4 
 400 0961 776BD197 		.ascii	"wk\321\227\214\245\343KP+\250\320\350X\005{?\264\331"
 400      8CA5E34B 
 400      502BA8D0 
 400      E858057B 
 400      3FB4D9
 401 0974 684026B2 		.ascii	"h@&\262\234w\230#\257A\360\377_\216@\016\347\345\360"
 401      9C779823 
 401      AF41F0FF 
 401      5F8E400E 
 401      E7E5F0
 402 0987 1C26CF68 		.ascii	"\034&\317h\267\354#y\3236\362P\254\243k\303iZ\265\003"
 402      B7EC2379 
 402      D336F250 
 402      ACA36BC3 
 402      695AB503 
 403 099b D97D4E6E 		.ascii	"\331}Nn]\327\334s\322C\255\004w\301\204[\334\234;p~"
 403      5DD7DC73 
 403      D243AD04 
 403      77C1845B 
 403      DC9C3B70 
 404 09b0 1B54BA69 		.ascii	"\033T\272i\243\322H6\317,\342\230\026\020p\313IKw\310"
 404      A3D24836 
 404      CF2CE298 
 404      161070CB 
ARM GAS  /tmp/ccXX1nJ1.s 			page 32


 404      494B77C8 
 405 09c4 BF994F70 		.ascii	"\277\231Op\316\277\317\207\225E+\317\231\371\354Um\270"
 405      CEBFCF87 
 405      95452BCF 
 405      99F9EC55 
 405      6DB8
 406 09d6 2B9B75A6 		.ascii	"+\233u\246[\266\235\211\015\336\231\302\373\262\016"
 406      5BB69D89 
 406      0DDE99C2 
 406      FBB20E
 407 09e5 90951FF1 		.ascii	"\220\225\037\361E\253\262\226'\324\262\273\300\303)"
 407      45ABB296 
 407      27D4B2BB 
 407      C0C329
 408 09f4 B287EF03 		.ascii	"\262\207\357\003Y\207\275\207\357\241\267\267\316.\260"
 408      5987BD87 
 408      EFA1B7B7 
 408      CE2EB0
 409 0a03 A2935BF4 		.ascii	"\242\223[\364\000\316;l\275uD\345-bN\347\377\242+wr"
 409      00CE3B6C 
 409      BD7544E5 
 409      2D624EE7 
 409      FFA22B77 
 410 0a18 7A7BD6CC 		.ascii	"z{\326\314\274\201#\314\366N'\266\317\306\207K\313\250"
 410      BC8123CC 
 410      F64E27B6 
 410      CFC6874B 
 410      CBA8
 411 0a2a 4D0F14D3 		.ascii	"M\017\024\323;mM\217\225M\357\021\026\243n{\323\273"
 411      3B6D4D8F 
 411      954DEF11 
 411      16A36E7B 
 411      D3BB
 412 0a3c 54D972C0 		.ascii	"T\331r\300\201\202\032:\215h\367\022\264{\001\241|\016"
 412      81821A3A 
 412      8D68F712 
 412      B47B01A1 
 412      7C0E
 413 0a4e 30023004 		.ascii	"0\0020\0040\010\360\020\240\017\240\327\306)\215\277"
 413      3008F010 
 413      A00FA0D7 
 413      C6298DBF 
 414 0a5e 66212619 		.ascii	"f!&\031\335\003B\011\027\247+\210\226\313\252N\326\373"
 414      DD034209 
 414      17A72B88 
 414      96CBAA4E 
 414      D6FB
 415 0a70 2EEAAA7F 		.ascii	".\352\252\177a\254\373\201\270\3179\261\252\332\037"
 415      61ACFB81 
 415      B8CF39B1 
 415      AADA1F
 416 0a7f D9547BFF 		.ascii	"\331T{\377\374~3\010\203O\310\364\307\300\357\021\017"
 416      FC7E3308 
 416      834FC8F4 
 416      C7C0EF11 
 416      0F
 417 0a90 C71330F8 		.ascii	"\307\0230\3701\0306\240\030F\2365^\343\347\243\375\222"
ARM GAS  /tmp/ccXX1nJ1.s 			page 33


 417      311836A0 
 417      18469E35 
 417      5EE3E7A3 
 417      FD92
 418 0aa2 744047B7 		.ascii	"t@G\267!\036\362\011\216\372\015\2330\364\036\351M$"
 418      211EF209 
 418      8EFA0D9B 
 418      30F41EE9 
 418      4D24
 419 0ab4 3DAF715A 		.ascii	"=\257qZk\245\330\247\372\300.\027\262\275\361h\336\202"
 419      6BA5D8A7 
 419      FAC02E17 
 419      B2BDF168 
 419      DE82
 420 0ac6 8345B2F5 		.ascii	"\203E\262\365\024\217$\331h\034z\227\233n\227s\247>"
 420      148F24D9 
 420      681C7A97 
 420      9B6E9773 
 420      A73E
 421 0ad8 053F3DFD 		.ascii	"\005?=\375A~\032\006J\305OO\231\237\234tM\364\014\334"
 421      417E1A06 
 421      4AC54F4F 
 421      999F9C74 
 421      4DF40CDC 
 422 0aec A3344E6B 		.ascii	"\2434NkJN\337%\233s\204\323\260\222\222\255\224\225"
 422      4A4EDF25 
 422      9B7384D3 
 422      B09292AD 
 422      9495
 423 0afe B5DF955D 		.ascii	"\265\337\225]\345\206\300}\361\331[\355 N)\345\267E"
 423      E586C07D 
 423      F1D95BED 
 423      204E29E5 
 423      B745
 424 0b10 62F5C8BB 		.ascii	"b\365\310\273\250\207~\316\222\203\020?wN\314\324\235"
 424      A8877ECE 
 424      9283103F 
 424      774ECCD4 
 424      9D
 425 0b21 B8E04AFC 		.ascii	"\270\340J\374\0154\363\027x\267\317,\034\213\220RV\321"
 425      0D34F317 
 425      78B7CF2C 
 425      1C8B9052 
 425      56D1
 426 0b33 ED8897BC 		.ascii	"\355\210\227\274l\3703\026+\232\027\252{\361\320\212"
 426      6CF83316 
 426      2B9A17AA 
 426      7BF1D08A 
 427 0b43 64A9321C 		.ascii	"d\2512\034\323\035\2057\216\210?Rh\0339-\331\022\010"
 427      D31D8537 
 427      8E883F52 
 427      681B392D 
 427      D91208
 428 0b56 171CD0AA 		.ascii	"\027\034\320\252\202\330\225\313\203\010\217h(\321\361"
 428      82D895CB 
 428      83088F68 
 428      28D1F1
ARM GAS  /tmp/ccXX1nJ1.s 			page 34


 429 0b65 EA46BD6E 		.ascii	"\352F\275n\377\251\322X\017\333S\317\177\340\270\257"
 429      FFA9D258 
 429      0FDB53CF 
 429      7FE0B8AF 
 430 0b75 224F774C 		.ascii	"\"OwL\256rm\313i\036\010\262\212\314\260'\257\237\307"
 430      AE726DCB 
 430      691E08B2 
 430      8ACCB027 
 430      AF9FC7
 431 0b88 BD8A7327 		.ascii	"\275\212s'\313\231\012\307\344*\3563?Q\356i\327\354"
 431      CB990AC7 
 431      E42AEE33 
 431      3F51EE69 
 431      D7EC
 432 0b9a EF69F302 		.ascii	"\357i\363\002\307W\253\265N\372\342\3608IB\222\256\325"
 432      C757ABB5 
 432      4EFAE2F0 
 432      38494292 
 432      AED5
 433 0bac CA4364AD 		.ascii	"\312Cd\255\252/\336\031\3063\243Q\264\212e\201\215o"
 433      AA2FDE19 
 433      C633A351 
 433      B48A6581 
 433      8D6F
 434 0bbe 13D8B21B 		.ascii	"\023\330\262\033\223Lit$o\340\220\033\031#\213\2326"
 434      934C6974 
 434      246FE090 
 434      1B19238B 
 434      9A36
 435 0bd0 25E51BA9 		.ascii	"%\345\033\2514\262m\027q\253\314\233\276\037 n\276\200"
 435      34B26D17 
 435      71ABCC9B 
 435      BE1F206E 
 435      BE80
 436 0be2 E80B82DA 		.ascii	"\350\013\202\332\271\311Jo\266t\206gHth\252\255\026"
 436      B9C94A6F 
 436      B6748667 
 436      487468AA 
 436      AD16
 437 0bf4 2D3944F7 		.ascii	"-9D\367\011\"\245\005\002M_\310/\024\216\211\"\021\360"
 437      0922A505 
 437      024D5FC8 
 437      2F148E89 
 437      2211F0
 438 0c07 7CAF4112 		.ascii	"|\257A\022\026\031\307\272\352\3248\335\373\231Rf\017"
 438      1619C7BA 
 438      EAD438DD 
 438      FB995266 
 438      0F
 439 0c18 B4A36897 		.ascii	"\264\243h\227\202\207\217$I+\022*\224\243(\000\247\360"
 439      82878F24 
 439      492B122A 
 439      94A32800 
 439      A7F0
 440 0c2a 3F1B5A3E 		.ascii	"?\033Z>:\005\211\245A\221\370}\230\034\223_\277\307"
 440      3A0589A5 
 440      4191F87D 
ARM GAS  /tmp/ccXX1nJ1.s 			page 35


 440      981C935F 
 440      BFC7
 441 0c3c 1567B9D3 		.ascii	"\025g\271\323E\371\354\305\330\"\235Z.QQ\221\273\223"
 441      45F9ECC5 
 441      D8229D5A 
 441      2E515191 
 441      BB93
 442 0c4e CA5DCFC5 		.ascii	"\312]\317\305\236\334\031w\323\225\213\235\375\366\275"
 442      9EDC1977 
 442      D3958B9D 
 442      FDF6BD
 443 0c5d 8448295B 		.ascii	"\204H)[\"n\006*\024\205\255r\341\324V\356.*\267\250"
 443      226E062A 
 443      1485AD72 
 443      E1D456EE 
 443      2E2AB7A8 
 444 0c71 E0C6B880 		.ascii	"\340\306\270\200\363\231\\G\357Ll\375\024\215\351\305"
 444      F3995C47 
 444      EF4C6CFD 
 444      148DE9C5 
 445 0c81 8387CFE7 		.ascii	"\203\207\317\347\3338\346\233\367T\372\305P\375\366"
 445      DB38E69B 
 445      F754FAC5 
 445      50FDF6
 446 0c90 C87EE91A 		.ascii	"\310~\351\032\012\277\247\225\025\314\321A\366EHd\357"
 446      0ABFA795 
 446      15CCD141 
 446      F6454864 
 446      EF
 447 0ca1 09C8D06E 		.ascii	"\011\310\320nE\301\335\366\012\306R\005\257?\273T\356"
 447      45C1DDF6 
 447      0AC65205 
 447      AF3FBB54 
 447      EE
 448 0cb2 894B9982 		.ascii	"\211K\231\202E\035I\213\250.\244H\231~7ody:\325d?\325"
 448      451D498B 
 448      A82EA448 
 448      997E376F 
 448      64793AD5 
 449 0cc9 649FAC49 		.ascii	"d\237\254I\307\345\233\311^\240I\017k\334\271qu{\245"
 449      C7E59BC9 
 449      5EA0490F 
 449      6BDCB971 
 449      757BA5
 450 0cdc A38892A1 		.ascii	"\243\210\222\241\275\212&{1\333\013BqL\003\010'\306"
 450      BD8A267B 
 450      31DB0B42 
 450      714C0308 
 450      27C6
 451 0cee F54C83A6 		.ascii	"\365L\203\246\336\324d\305\035L\205\261\206\226f\321"
 451      DED464C5 
 451      1D4C85B1 
 451      869666D1 
 452 0cfe 79B80E50 		.ascii	"y\270\016P%\022d%\022\032\244^o\256D\313\314_'Df\372"
 452      25126425 
 452      121AA45E 
 452      6FAE44CB 
ARM GAS  /tmp/ccXX1nJ1.s 			page 36


 452      CC5F2744 
 453 0d14 101214AF 		.ascii	"\020\022\024\257(\020/+\220H\025\210-\310\033\320\342"
 453      28102F2B 
 453      90481588 
 453      2DC81BD0 
 453      E2
 454 0d25 9B4C8183 		.ascii	"\233L\201\203\207\232z\005>}df\001\235N<\231\244LO\222"
 454      879A7A05 
 454      3E7D6466 
 454      019D4E3C 
 454      99A44C4F 
 455 0d3a A71FA4D3 		.ascii	"\247\037\244\323\357\214OViq/\233\036\335\273\273]\313"
 455      EF8C4F56 
 455      69712F9B 
 455      1EDDBBBB 
 455      5DCB
 456 0d4c 327C8A3E 		.ascii	"2|\212>Ff\275\232t\341/X\310K\311\271\301{Y\374\341"
 456      4666BD9A 
 456      74E12F58 
 456      C84BC9B9 
 456      C17B59FC 
 457 0d61 F105193F 		.ascii	"\361\005\031?4\320<\352\201\373\331\344\347\275\221"
 457      34D03CEA 
 457      81FBD9E4 
 457      E7BD91
 458 0d70 C7BDF173 		.ascii	"\307\275\361s\206d6E\267x\3401\206\024\306\207\207c"
 458      86643645 
 458      B778E031 
 458      8614C687 
 458      8763
 459 0d82 1CE94191 		.ascii	"\034\351A\221\206\361=#t[+\362\355\333Z\370`I\036T("
 459      86F13D23 
 459      745B2BF2 
 459      EDDB5AF8 
 459      60491E54 
 460 0d97 3C5E3A5C 		.ascii	"<^:\\\203\245\203EG0\273\351\037\305>(\023\3137\374"
 460      83A58345 
 460      4730BBE9 
 460      1FC53E28 
 460      13CB37FC 
 461 0dab A848A9B2 		.ascii	"\250H\251\262\256{I\022m{\337b\035\312\340\244No)u]"
 461      AE7B4912 
 461      6D7BDF62 
 461      1DCAE0A4 
 461      4E6F2975 
 462 0dc0 AC330191 		.ascii	"\2543\001\221\335st\357\236\357\013D\274\217j.<\035"
 462      DD7374EF 
 462      9EEF0B44 
 462      BC8F6A2E 
 462      3C1D
 463 0dd2 EA6BF542 		.ascii	"\352k\365B>\213\254\035\253>\222\256b\217\003\357c\212"
 463      3E8BAC1D 
 463      AB3E92AE 
 463      628F03EF 
 463      638A
 464 0de4 83091727 		.ascii	"\203\011\027'\013\307,P\324\221\322 i:ep\217\036\247"
 464      0BC72C50 
ARM GAS  /tmp/ccXX1nJ1.s 			page 37


 464      D491D220 
 464      693A6570 
 464      8F1EA7
 465 0df7 331F3DA9 		.ascii	"3\037=\251\237x\344\216\263\0302\321\220\234\253\307"
 465      9F78E48E 
 465      B31832D1 
 465      909CABC7 
 466 0e07 394C87E6 		.ascii	"9L\207\346\331\322Q\017e\017\365\214\313\205Z\272\207"
 466      D9D2510F 
 466      650FF58C 
 466      CB855ABA 
 466      87
 467 0e18 9A83B5E8 		.ascii	"\232\203\265\350\024\266{Q\344\360\225S6v\370.\2617"
 467      14B67B51 
 467      E4F09553 
 467      3676F82E 
 467      B137
 468 0e2a AF0A5ACC 		.ascii	"\257\012Z\314]&\362L\336\253BV\352_\313i<\\t\355\004"
 468      5D26F24C 
 468      DEAB4256 
 468      EA5FCB69 
 468      3C5C74ED 
 469 0e3f 765A4A79 		.ascii	"vZJy4\213s\345,>Wp-C\253\336;\201qU\214\363\261\274"
 469      348B73E5 
 469      2C3E5770 
 469      2D43ABDE 
 469      3B817155 
 470 0e57 02217BB7 		.ascii	"\002!{\267%I\271\236\370\0013\257\373jY\237\247\355"
 470      2549B99E 
 470      F80133AF 
 470      FB6A599F 
 470      A7ED
 471 0e69 E6A37A2A 		.ascii	"\346\243z**\004\345\225\331\326@\344DR'\024\300\310"
 471      2A04E595 
 471      D9D640E4 
 471      44522714 
 471      C0C8
 472 0e7b 19C50940 		.ascii	"\031\305\011@\310DT\236+-\322\341\001f\333\313\327\031"
 472      C844549E 
 472      2B2DD2E1 
 472      0166DBCB 
 472      D719
 473 0e8d 253C8717 		.ascii	"%<\207\027\003\372\246;>\336\215\357\177\220\3677\371"
 473      03FAA63B 
 473      3EDE8DEF 
 473      7F90F737 
 473      F9
 474 0e9e 9963902F 		.ascii	"\231c\220/\223\214\266\362\325\205\016\035~E\021mFS"
 474      938CB6F2 
 474      D5850E1D 
 474      7E45116D 
 474      4653
 475 0eb0 5A14428B 		.ascii	"Z\024B\213\350\306\306r\237E\313\325k\321\"\274\024"
 475      E8C6C672 
 475      9F45CBD5 
 475      6BD122BC 
 475      14
ARM GAS  /tmp/ccXX1nJ1.s 			page 38


 476 0ec1 9D054FA0 		.ascii	"\235\005O\240\013\240`\005\217\360%8\277\210\227\243"
 476      0BA06005 
 476      8FF02538 
 476      BF8897A3 
 477 0ed1 7280CB00 		.ascii	"r\200\313\000\245\000e<\342*\003\213\261z\241[B\225"
 477      A500653C 
 477      E22A038B 
 477      B17AA15B 
 477      4295
 478 0ee3 966F9969 		.ascii	"\226o\231i\013\243Hb\022\222\363\212a\025x\221ze6\323"
 478      0BA34862 
 478      1292F38A 
 478      61157891 
 478      7A6536D3 
 479 0ef7 202F3131 		.ascii	" /11{\226\251p\234\354\374\311\247\225\257\010\210\267"
 479      7B96A970 
 479      9CECFCC9 
 479      A795AF08 
 479      88B7
 480 0f09 4E633BEA 		.ascii	"Nc;\352\371+\202\331V\276\232\201T8gO>o\313\362\376"
 480      F92B82D9 
 480      56BE9A81 
 480      5438674F 
 480      3E6FCBF2 
 481 0f1e 6FF9520E 		.ascii	"o\371R\016\263\207\320\371\2520\336\374\016\335\312"
 481      B387D0F9 
 481      AA30DEFC 
 481      0EDDCA
 482 0f2d 0AAFC2B6 		.ascii	"\012\257\302\266\360\034z\366;.\373]\236ez\014\310V"
 482      F01C7AF6 
 482      3B2EFB5D 
 482      9E657A0C 
 482      C856
 483 0f3f 92C238E9 		.ascii	"\222\3028\351\330\312\325|\247\357\304\225\211J-\216"
 483      D8CAD57C 
 483      A7EFC495 
 483      894A2D8E 
 484 0f4f 65EF5E5E 		.ascii	"e\357^^\237\315\177\355\212\2171$\356|\307ko\234K\021"
 484      9FCD7FED 
 484      8A8F3124 
 484      EE7CC76B 
 484      6F9C4B11 
 485 0f63 21ADE0E8 		.ascii	"!\255\340\350\030v\366\"\267\306AUYk4\235\325h5\250"
 485      1876F622 
 485      B7C64155 
 485      596B349D 
 485      D56835A8 
 486 0f77 52655FA3 		.ascii	"Re_\243\311\330\2652\271$\033\221F\007y\345pC\245\022"
 486      C9D8B532 
 486      B9241B91 
 486      460779E5 
 486      7043A512 
 487 0f8b 26D572D3 		.ascii	"&\325r\323\257\202\240:0\267\036\240\021\240\001\333"
 487      AF82A03A 
 487      30B71EA0 
 487      11A001DB 
 488 0f9b ED4BA435 		.ascii	"\355K\2445\331"
ARM GAS  /tmp/ccXX1nJ1.s 			page 39


 488      D9
 489 0fa0 6543EDDB 		.ascii	"eC\355\333Z_\313=\276(\303\016\366K\007\356\361\320"
 489      5A5FCB3D 
 489      BE28C30E 
 489      F64B07EE 
 489      F1D0
 490 0fb2 CBD19CCF 		.ascii	"\313\321\234\317J\235)\023\367\271\317\211\241W\260"
 490      4A9D2913 
 490      F7B9CF89 
 490      A157B0
 491 0fc1 1DF9FCCC 		.ascii	"\035\371\374\314\032\375\017\226+r\210\034\220\313!"
 491      1AFD0F96 
 491      2B72881C 
 491      90CB21
 492 0fd0 4A6C3C3B 		.ascii	"Jl<;\344\206\317\263@\\\3178\033\355\205\026\3718\364"
 492      E486CFB3 
 492      405CCF38 
 492      1BED8516 
 492      F938F4
 493 0fe3 5533F8E7 		.ascii	"U3\370\347]\276\262\366\215\262\310C$0\327\200\276I"
 493      5DBEB2F6 
 493      8DB2C843 
 493      2430D780 
 493      BE49
 494 0ff5 094C2DE6 		.ascii	"\011L-\346\253\300\013\227\236\255a"
 494      ABC00B97 
 494      9EAD61
 495 1000 9D622960 		.ascii	"\235b)`\245\017^V\362\267\300=\244S\024\266\354O\327"
 495      A50F5E56 
 495      F2B7C03D 
 495      A45314B6 
 495      EC4FD7
 496 1013 E3269629 		.ascii	"\343&\226)\371\011\341\260\322\277\316\220{\273\307"
 496      F909E1B0 
 496      D2BFCE90 
 496      7BBBC7
 497 1022 1B5D7037 		.ascii	"\033]p7E\334\257\024\205Gc\376\252\301g\2215L\365\271"
 497      45DCAF14 
 497      854763FE 
 497      AAC16791 
 497      354CF5B9 
 498 1036 3C4CF24A 		.ascii	"<L\362J\373\276\023\353\371\323\366\003\325~\305\015"
 498      FBBE13EB 
 498      F9D3F603 
 498      D57EC50D 
 499 1046 6C476EFB 		.ascii	"lGn\373L\001\266\335\356\264[\366;\340\256\016\305H"
 499      4C01B6DD 
 499      EEB45BF6 
 499      3BE0AE0E 
 499      C548
 500 1058 A78A7DBA 		.ascii	"\247\212}\272=\375\274\247\212\331\216\205\211\022!"
 500      3DFDBCA7 
 500      8AD98E85 
 500      891221
 501 1067 97D7E184 		.ascii	"\227\327\341\204\334\301:\234\347\205\232\371a\307\314"
 501      DCC13A9C 
 501      E7859AF9 
ARM GAS  /tmp/ccXX1nJ1.s 			page 40


 501      61C7CC
 502 1076 D55D6182 		.ascii	"\325]a\202\357\341\337w\336\025Z\241+\264\220\256p\235"
 502      EFE1DF77 
 502      DE155AA1 
 502      2BB490AE 
 502      709D
 503 1088 BB8284FB 		.ascii	"\273\202\204\373\036\204\373\016\204\271\035\340\026"
 503      1E84FB0E 
 503      84B91DE0 
 503      16
 504 1095 C06D80BB 		.ascii	"\300m\200\273\0007\225\273l\377\363C\203\"~\314\362"
 504      003795BB 
 504      6CFFF343 
 504      83227ECC 
 504      F2
 505 10a6 A8FB567B 		.ascii	"\250\373V{\215\336.\217\254\214\037\000\263\037\312"
 505      8DDE2E8F 
 505      AC8C1F00 
 505      B31FCA
 506 10b5 D89A4FE9 		.ascii	"\330\232O\351\325q$\237:a^\207\222O\367\345|j\033\317"
 506      D571249F 
 506      3A615E87 
 506      924FF7E5 
 506      7C6A1BCF 
 507 10c9 827BEC38 		.ascii	"\202{\3548K\222\252\314\322\277\305\263\354|<\361~\267"
 507      4B92AACC 
 507      D2BFC5B3 
 507      EC7C3CF1 
 507      7EB7
 508 10db 170EF7A4 		.ascii	"\027\016\367\244\310`~{;\306\321\236\354\353\221\235"
 508      C8607E7B 
 508      3BC6D19E 
 508      ECEB919D 
 509 10eb 6D1705F5 		.ascii	"m\027\005\365\007P\354u\373C(\231\336\037t\273\357s"
 509      0750EC75 
 509      FB432899 
 509      DE1F74BB 
 509      EF73
 510 10fd 78BBC779 		.ascii	"x\273\307y)\355k\221\317r\276\226\271:\3442u\226<\026"
 510      29ED6B91 
 510      CF72BE96 
 510      B93AE432 
 510      75963C16 
 511 1111 0C386C03 		.ascii	"\0148l\003\311n\254P\211\324\036\220:\340\270\2438Z"
 511      C96EAC50 
 511      89D41E90 
 511      3AE0B8A3 
 511      385A
 512 1123 F2682831 		.ascii	"\362h(1qb?(\362H\211\304\313\254'\267\\q\001\263\362"
 512      71623F28 
 512      F24889C4 
 512      CBAC27B7 
 512      5C7101B3 
 513 1138 49D1D558 		.ascii	"I\321\325X%\022v\213\246A\230\350\210\011\177\371\370"
 513      2512768B 
 513      A64198E8 
 513      88097FF9 
ARM GAS  /tmp/ccXX1nJ1.s 			page 41


 513      F8
 514 1149 09798E7B 		.ascii	"\011y\216{\002\343\217\025\177\014p\217\273\325\\\212"
 514      02E38F15 
 514      7F0C708F 
 514      BBD55C8A 
 515 1159 A916E83B 		.ascii	"\251\026\350;\013h\256\326=\231\346|^{dZ7L{\2526(\025"
 515      0B68AED6 
 515      3D99E67C 
 515      5E7B645A 
 515      374C7BAA 
 516 1170 3BDE2B4D 		.ascii	";\336+M\201\324H&\251\321\305g\020\205F@\241\347\220"
 516      81D44826 
 516      A9D1C567 
 516      10854640 
 516      A1E790
 517 1183 0ACF005E 		.ascii	"\012\317\000^\000\014\003\014a\365\336SU\020{F&\017"
 517      000C030C 
 517      61F5DE53 
 517      55107B46 
 517      260F
 518 1195 B6697CA6 		.ascii	"\266i|\246u\227\372\246}eUmf\324\244%\235\340\324\326"
 518      7597FAA6 
 518      7D65556D 
 518      66D4A425 
 518      9DE0D4D6 
 519 11a9 DEA67E31 		.ascii	"\336\246~1\302W\256C\254T\236\316\213\033y\306\035\342"
 519      C257AE43 
 519      AC549ECE 
 519      8B1B79C6 
 519      1DE2
 520 11bb 554AF2B1 		.ascii	"UJ\362\261\2153\263&\270\375&L\337f\026d\262\232=l\357"
 520      8D33B326 
 520      B8FD264C 
 520      DF661664 
 520      B29A3D6C 
 521 11d0 13F5FE34 		.ascii	"\023\365\3764\004\357\322\316\250\011=\256d\301\253"
 521      04EFD2CE 
 521      A8093DAE 
 521      64C1AB
 522 11df B91C9BAC 		.ascii	"\271\034\233\254\265+#\253\257\306\300??\304W\326\022"
 522      B52B23AB 
 522      AFC6C03F 
 522      3FC457D6 
 522      12
 523 11f0 6AAEDE4F 		.ascii	"j\256\336OJh\024\346\274T\002\372T.\241\302\253\365"
 523      4A6814E6 
 523      BC5402FA 
 523      542EA1C2 
 523      ABF5
 524 1202 DDFA0FB2 		.ascii	"\335\372\017\262\344\207\264\270\270&I:*P\362C\214\334"
 524      E487B4B8 
 524      B826493A 
 524      2A50F243 
 524      8CDC
 525 1214 2A5B43AE 		.ascii	"*[C\256\300\377q\374\001\351\311Ss\377\251^\221\266"
 525      C0FF71FC 
 525      01E9C953 
ARM GAS  /tmp/ccXX1nJ1.s 			page 42


 525      73FFA95E 
 525      91B6
 526 1226 DB6C2F7E 		.ascii	"\333l/~\317V]\344\010\26457*/\332,_Gm\226h\023\234x"
 526      CF565DE4 
 526      08B43537 
 526      2A2FDA2C 
 526      5F476D96 
 527 123e 8212C714 		.ascii	"\202\022\307\024\267w\211Z\345C&r\273Ph'1y\253\357K"
 527      B777895A 
 527      E5432672 
 527      BB506827 
 527      3179ABEF 
 528 1253 778A8078 		.ascii	"w\212\200x\357\263\353)\272\205\361\334S\313\020\375"
 528      EFB3EB29 
 528      BA85F1DC 
 528      53CB10FD 
 529 1263 BA405946 		.ascii	"\272@YFO\341\205\362\034\212\220\216\365*\277\224\177"
 529      4FE185F2 
 529      1C8A908E 
 529      F52ABF94 
 529      7F
 530 1274 A7E50AE8 		.ascii	"\247\345\012\350dAf\213\336\251\264\031Y\3324\246\342"
 530      6441668B 
 530      DEA9B419 
 530      59DA34A6 
 530      E2
 531 1285 C663764E 		.ascii	"\306cvN\362\257D\311\343\233\374E\343b\366EcG[^\235"
 531      F2AF44C9 
 531      E39BFC45 
 531      E362F645 
 531      63475B5E 
 532 129a DE5E99D7 		.ascii	"\336^\231\327\340\275WT\2317T\231\031\246\314\033\252"
 532      E0BD5754 
 532      99375499 
 532      19A6CC1B 
 532      AA
 533 12ab 4CEC77E3 		.ascii	"L\354w\343i\036j\307\034\260Y\327\317r\307\314R\307"
 533      691E6AC7 
 533      1CB059D7 
 533      CF72C7CC 
 533      52C7
 534 12bd 6416DD7E 		.ascii	"d\026\335~\352\255&\336oC<\307\211\347(\361\336\235"
 534      EAAD26DE 
 534      6F433CC7 
 534      89E728F1 
 534      DE9D
 535 12cf A7C3DDF0 		.ascii	"\247\303\335\3605\326\001\247\302o]\321:}\326\010\027"
 535      35D601A7 
 535      C26F5DD1 
 535      3A7DD608 
 535      17
 536 12e0 D51B1C0D 		.ascii	"\325\033\034\015I'\223\310\276Je\217T96\343\322\220"
 536      492793C8 
 536      BE4A658F 
 536      543936E3 
 536      D290
 537 12f2 BB4B6A93 		.ascii	"\273Kj\223\244\314_S:$\211\326\024\202S\333\035\204"
ARM GAS  /tmp/ccXX1nJ1.s 			page 43


 537      A4CC5F53 
 537      3A2489D6 
 537      148253DB 
 537      1D84
 538 1304 08913CFF 		.ascii	"\010\221<\377\236\234\234\212\365\302\023L\360\3167"
 538      9E9C9C8A 
 538      F5C2134C 
 538      F0CE37
 539 1313 A33D5E9C 		.ascii	"\243=^\234Yu3>]\324/I`@\024\022)\267H\205[\244=\267"
 539      5975333E 
 539      5DD42F49 
 539      60401412 
 539      29B74885 
 540 132b 28CAEDCE 		.ascii	"(\312\355\316@\325\006,\351(\263\323\371\337\026z\341"
 540      40D5062C 
 540      E928B3D3 
 540      F9DF167A 
 540      E1
 541 133c FD0C89AD 		.ascii	"\375\014\211\255\252Nw\205'*\264\213L\244\375\177\272"
 541      AA4E7785 
 541      272AB48B 
 541      4CA4FD7F 
 541      BA
 542 134d 7B017DC4 		.ascii	"{\001}\304\252\262\356\246\324\024\346\276\361rj\367"
 542      AAB2EEA6 
 542      D414E6BE 
 542      F1726AF7 
 543 135d 1E6A77B4 		.ascii	"\036jw\264\310\015\0378|\250\320\223\353\3728\326\355"
 543      C80D1F38 
 543      7CA8D093 
 543      EBFA38D6 
 543      ED
 544 136e 6E4107F4 		.ascii	"nA\007\364\264p\351\263z\201P\242\235\262\256h\267("
 544      B470E9B3 
 544      7A8150A2 
 544      9DB2AE68 
 544      B728
 545 1380 12CC56DD 		.ascii	"\022\314V\335\030\252nM\343\330Iw|\207\251\230r\374"
 545      18AA6E4D 
 545      E3D84977 
 545      7C87A998 
 545      72FC
 546 1392 4039DBBC 		.ascii	"@9\333\274\200*\340\032=\270\321\332-Z74\366\212l\323"
 546      802AE01A 
 546      3DB8D1DA 
 546      2D5A3734 
 546      F68A6CD3 
 547 13a6 67A2B848 		.ascii	"g\242\270H\357|W\205\252\271OVs&\247\372\274\310\325"
 547      EF7C5785 
 547      AAB94F56 
 547      7326A7FA 
 547      BCC8D5
 548 13b9 84823D53 		.ascii	"\204\202=ST\330\020.-\216\362 t(Vqh\254\275\206qT\303"
 548      54D8102E 
 548      2D8EF220 
 548      74285671 
 548      68ACBD86 
ARM GAS  /tmp/ccXX1nJ1.s 			page 44


 549 13d0 B691B2BD 		.ascii	"\266\221\262\275\236\270\237i\230\035\265\177\316U\211"
 549      9EB89F69 
 549      981DB57F 
 549      CE5589
 550 13df F503DB58 		.ascii	"\365\003\333X\307+\314\342\355\231%Pf=G\036'\352\361"
 550      C72BCCE2 
 550      ED992550 
 550      663D471E 
 550      27EAF1
 551 13f2 0BC6ACA9 		.ascii	"\013\306\254\251\"\353\226\213\022\353\373v\261>\240"
 551      22EB968B 
 551      12EBFB76 
 551      B13EA0
 552 1401 703B60CF 		.ascii	"p;`\317-\221r\253\334\327=\342\202_3no^\264\275\341"
 552      2D9172AB 
 552      DCD73DE2 
 552      825F336E 
 552      6F5EB4BD 
 553 1416 1F0B6B01 		.ascii	"\037\013k\001m\0378\032\305+\255\215\014\037m\036;\244"
 553      6D1F381A 
 553      C52BAD8D 
 553      0C1F6D1E 
 553      3BA4
 554 1428 C5317AF6 		.ascii	"\3051z\366\241J\361\211R\376\355\242\007\240\257\212"
 554      A14AF189 
 554      52FEEDA2 
 554      07A0AF8A 
 555 1438 6F25783B 		.ascii	"o%x;-\351T\221\227t\212HK\372\\\332\334S\027\373\242"
 555      2DE95491 
 555      97748A48 
 555      4BFA5CDA 
 555      DC5317FB 
 556 144d 3D242E45 		.ascii	"=$.E\007E\272}\".\224'\021\352\273\341U\341^j\352\324"
 556      0745BA7D 
 556      222E9427 
 556      11EABBE1 
 556      55E15E6A 
 557 1463 B751271D 		.ascii	"\267Q'\035\313\310\367\200\346\332VI\367(K\037FI\341"
 557      CBC8F780 
 557      E6DA5649 
 557      F7284B1F 
 557      4649E1
 558 1476 BBE0EE72 		.ascii	"\273\340\356rX\\\210\222\301\037\221\370}\325\344$\270"
 558      585C8892 
 558      C11F91F8 
 558      7DD5E424 
 558      B8
 559 1487 F23BC8E8 		.ascii	"\362;\310\350t\221\364\327\253\327\356\357\321\342D"
 559      7491F4D7 
 559      ABD7EEEF 
 559      D1E244
 560 1496 BDD37DB0 		.ascii	"\275\323}\260\346\332\366\0247\234E\011\304'\227G\005"
 560      E6DAF614 
 560      379C4509 
 560      C4279747 
 560      05
 561 14a7 3091FC79 		.ascii	"0\221\374y\370\220/\244\216\211\036\354\323\252\005"
ARM GAS  /tmp/ccXX1nJ1.s 			page 45


 561      F8902FA4 
 561      8E891EEC 
 561      D3AA05
 562 14b6 F47437FD 		.ascii	"\364t7\375F*\"~\001\262~#\225%\372\320!\015\312\004"
 562      462A227E 
 562      01B27E23 
 562      9525FAD0 
 562      210DCA04 
 563 14ca 158E8AFC 		.ascii	"\025\216\212\374\371J\242\037i\301\000:\"Z?\322\002"
 563      F94AA21F 
 563      69C1003A 
 563      225A3FD2 
 563      02
 564 14db 71B73B52 		.ascii	"q\267;R\317\331\324\022!Q\262\3648\315\322o\345,\335"
 564      CFD9D412 
 564      2151B2F4 
 564      38CDD26F 
 564      E52CDD
 565 14ee 373BDD2E 		.ascii	"7;\335.\027Sk\276\333\221\310&^L\"\241D\031J2d\330'"
 565      17536BBE 
 565      DB91C826 
 565      5E4C22A1 
 565      44194A32 
 566 1505 C3099A0C 		.ascii	"\303\011\232\014\341u\247\"\335p\203\336i%\365\265W"
 566      E175A722 
 566      DD7083DE 
 566      6925F5B5 
 566      57
 567 1516 ECF676BE 		.ascii	"\354\366v\276\015\230M\3659%\353\223\321[?\242\252\232"
 567      0D984DF5 
 567      3925EB93 
 567      D15B3FA2 
 567      AA9A
 568 1528 8AA27E5E 		.ascii	"\212\242~^5@\207N*\332\234\264\327&\207j\363\262\254"
 568      3540874E 
 568      2ADA9CB4 
 568      D726876A 
 568      F3B2AC
 569 153b B758AF6E 		.ascii	"\267X\257n\27516\255\367\264\310Z/\034\201\270\263\344"
 569      BD3136AD 
 569      F7B4C85A 
 569      2F1C81B8 
 569      B3E4
 570 154d 41A437EE 		.ascii	"A\2447\356`\252\337\356\211\234tS\0341(;\202\261\310"
 570      60AADFEE 
 570      899C7453 
 570      1C31283B 
 570      82B1C8
 571 1560 5524E7DA 		.ascii	"U$\347\332K\316\243\222O\264O\236\325\343A\306,k\350"
 571      4BCEA392 
 571      4FB44F9E 
 571      D5E341C6 
 571      2C6BE8
 572 1573 6235FF46 		.ascii	"b5\377FZO\004\035K:!\262\242xB\206\253\207\317M:O\374"
 572      5A4F041D 
 572      4B3A21B2 
 572      A2784286 
ARM GAS  /tmp/ccXX1nJ1.s 			page 46


 572      AB87CF4D 
 573 158a 4239F19F 		.ascii	"B9\361\237\260\015\252\013m\027\017{\332'~\001\244\302"
 573      B00DAA0B 
 573      6D170F7B 
 573      DA277E01 
 573      A4C2
 574 159c 199A8DDF 		.ascii	"\031\232\215\337\321T.\224S\271\350\336\256\024\017"
 574      D1542E94 
 574      53B9E8DE 
 574      AE140F
 575 15ab FBC4774A 		.ascii	"\373\304wJ]\366x\177\225\273\222\370\247\037\361\304"
 575      5DF6787F 
 575      95BB92F8 
 575      A71FF1C4 
 576 15bb 3FCB133F 		.ascii	"?\313\023?\026\022_\231\234\317\023\277H\374@\343\341"
 576      16125F99 
 576      9CCF13BF 
 576      48FC40E3 
 576      E1
 577 15cc 1FF08579 		.ascii	"\037\360\205y\323:c\310\006\367_\375\373\327\313>_\275"
 577      D33A63C8 
 577      06F75FFD 
 577      FBD7CB3E 
 577      5FBD
 578 15de 5AE36130 		.ascii	"Z\343a0\004\206X>Zc\260\004\370\006\204\006\033}7\233"
 578      0486583E 
 578      5A63B004 
 578      F8068406 
 578      1B7D379B 
 579 15f2 37F9AE0F 		.ascii	"7\371\256\017\014\361\335\344\357\277\302\317\024,\037"
 579      0CF1DDE4 
 579      EFBFC2CF 
 579      142C1F
 580 1601 57848486 		.ascii	"W\204\204\206\030W\030\375\326\007\256\370x\305\232"
 580      185718FD 
 580      D607AEF8 
 580      78C59A
 581 1610 55AB3F59 		.ascii	"U\253?Y\361\2475+\266\204m\360\263\030}m\206}\003C\374"
 581      F1A7352B 
 581      B6846DF0 
 581      B3187D6D 
 581      867D0343 
 582 1625 83B66C30 		.ascii	"\203\266l0\372\006\373\371\007\004\206\030}\015\033"
 582      FA06FBF9 
 582      07048618 
 582      7D0D1B
 583 1634 8C1BFDB6 		.ascii	"\214\033\375\266\004Y\014\226\035aF\363\312\000\215"
 583      04590C96 
 583      1D6146F3 
 583      CA008D
 584 1643 1B17F887 		.ascii	"\033\027\370\207\377c\201\346\035f_\203\331\262\001"
 584      FF6381E6 
 584      1D665F83 
 584      D9B201
 585 1652 D8831497 		.ascii	"\330\203\024\227`\363&\203\345\323\225+}\331_\250\331"
 585      60F32683 
 585      E5D3952B 
ARM GAS  /tmp/ccXX1nJ1.s 			page 47


 585      7DD95FA8 
 585      D9
 586 1663 D73F3438 		.ascii	"\327?4884\3047,\324d1\373\376\342\253/>\377b;\271\026"
 586      3834C437 
 586      2CD46431 
 586      FBFEE2AB 
 586      2F3EFF62 
 587 167a 16186434 		.ascii	"\026\030d4\231}\177\365\371\347\276\376\001\262\222"
 587      997D7FF5 
 587      F9E7BEFE 
 587      01B292
 588 1689 EE26A35F 		.ascii	"\356&\243_P\230)0Tk0l\341\012\273\313'n\0262\002\307"
 588      50982930 
 588      546B306C 
 588      E10ABBCB 
 588      276E1632 
 589 169f 60CBF6A0 		.ascii	"`\313\366\240@\263E\0141n\267\270\204n\0131\232\\\376"
 589      40B3450C 
 589      316EB7B8 
 589      846E0B31 
 589      9A5CFE
 590 16b2 B4C5B8C5 		.ascii	"\264\305\270\305\270\300?\000\034\012,6\230\015\364"
 590      B8C03F00 
 590      1C0A2C36 
 590      980DF4
 591 16c1 82186632 		.ascii	"\202\030f2n\365\266\271D\246o\261\030\267\003_\240\246"
 591      6EF5B6B9 
 591      44A66FB1 
 591      18B7035F 
 591      A0A6
 592 16d3 A7EEC630 		.ascii	"\247\356\3060\210M`\310&O\343Vc\210%\330\317\274\031"
 592      884D60C8 
 592      264FE356 
 592      638825D8 
 592      CFBC19
 593 16e6 46C1103A 		.ascii	"F\301\020:\301m\233_\240\005\006\275U\314\211t/5b\260"
 593      C16D9B5F 
 593      A00506BD 
 593      55CC8974 
 593      2F3562B0 
 594 16fa A02DAEC6 		.ascii	"\240-\256\306md\252\3536\013\350\027\006\007\26318\014"
 594      6D64AAEB 
 594      360BE817 
 594      0607B331 
 594      380C
 595 170c FB87585C 		.ascii	"\373\207X\\\000\014\026\035\314\207+~a\001\241&\243"
 595      000C161D 
 595      CC872B7E 
 595      6101A126 
 595      A3
 596 171d 9B990832 		.ascii	"\233\231\0102or\331f\261\230\302\0262V\006\223q\243"
 596      6F72D966 
 596      B198C216 
 596      32560693 
 596      71A3
 597 172f D1640CF1 		.ascii	"\321d\014\361\007%az\350\372?\206\271\033\267\007Z\374"
 597      0725617A 
ARM GAS  /tmp/ccXX1nJ1.s 			page 48


 597      E8FA3F86 
 597      B91BB707 
 597      5AFC
 598 1741 4337185D 		.ascii	"C7\030]M\033v\000\275\010$f\017\346\233O\301\024\371"
 598      4D1B7600 
 598      BD082466 
 598      0FE69B4F 
 598      C114F9
 599 1754 6821D70D 		.ascii	"h!\327\015\026\227\215A~\233\314n\226`\230\001\230\331"
 599      16978D41 
 599      7E9BCC6E 
 599      96609801 
 599      98D9
 600 1766 026173B7 		.ascii	"\002as\267\320\003a\351\267\336\317l\344\236\375\370"
 600      D00361E9 
 600      B7DECF6C 
 600      E49EFDF8 
 601 1776 67DCB3E4 		.ascii	"g\334\263\344Dk\266l\366\013\012\334\024b\260\374\344"
 601      446BB66C 
 601      F60B0ADC 
 601      1462B0FC 
 601      E4
 602 1787 9DA10BF0 		.ascii	"\235\241\013\360\007\003 Vb\210_\260Q\364\017\3603\271"
 602      07032056 
 602      62885FB0 
 602      51F40FF0 
 602      33B9
 603 1799 84066D80 		.ascii	"\204\006m\200\030\204\030\267\031M\330\337\262]0\207"
 603      188418B7 
 603      194DD8DF 
 603      B25D3087 
 604 17a9 09412688 		.ascii	"\011A&\210\345&H\031\203\005\233V\257\006X%\230~.\230"
 604      E5264819 
 604      83059B56 
 604      AF065825 
 604      987E2E98 
 605 17bd 3E154C9F 		.ascii	">\025L\237\010\246\217\005\323?\012\246\237y\022\316"
 605      08A68F05 
 605      D33F0AA6 
 605      9F7912CE 
 606 17cd A41260   		.ascii	"\244\022`"
 607 17d0 D28A1F26 		.ascii	"\322\212\037&\330\260\365\223`\020\256\2433\375CC ~"
 607      D8B0F593 
 607      6010AEA3 
 607      33FD4343 
 607      207E
 608 17e2 1691E485 		.ascii	"\026\221\344\205\2075>.\301a\241\241A\356\334\251\226"
 608      87353E2E 
 608      C161A1A1 
 608      41EEDCA9 
 608      96
 609 17f3 656AC626 		.ascii	"ej\306&\2135q\375\003\314\376\001\033\200\327\337;%"
 609      8B3571FD 
 609      03CCFE01 
 609      1B80D7DF 
 609      3B25
 610 1805 8040C2F8 		.ascii	"\200@\302\370r\347\014v\230\345\314u\316\004\202\016"
ARM GAS  /tmp/ccXX1nJ1.s 			page 49


 610      72E70C76 
 610      98E5CC75 
 610      CE04820E 
 611 1815 E37F6337 		.ascii	"\343\177c7n6\371\023\001\346M+\375y\203\370=\344\231"
 611      6E36F913 
 611      01E64D2B 
 611      FD7983F8 
 611      3DE499
 612 1828 8E9E7D65 		.ascii	"\216\236}e\0142B\244\364\376\001\353\374\003~\025\272"
 612      0C3242A4 
 612      F4FE01EB 
 612      FC037E15 
 612      BA
 613 1839 2EC8680C 		.ascii	".\310h\014[\347I\261\257\300\244\035ku\364\374\367~"
 613      5BE749B1 
 613      AFC0A41D 
 613      6B75F4FC 
 613      F77E
 614 184b 9B8D5BC2 		.ascii	"\233\215[\302\326\011\376\001\332`?p\"\265\027oXOS\225"
 614      D609FE01 
 614      DA603F70 
 614      22B5176F 
 614      584F5395 
 615 185f A8660C86 		.ascii	"\250f\014\206.\260~\313&\2170\277\220@\177\003\010\363"
 615      2EB07ECB 
 615      268F30BF 
 615      90407F03 
 615      08F3
 616 1871 525F8694 		.ascii	"R_\206\224\330j!\331\353\262\301\030d\361\323\303\030"
 616      D86A21D9 
 616      EBB2C118 
 616      64F1D3C3 
 616      18
 617 1882 70319AB6 		.ascii	"p1\232\266\372\005\275\315k\226\300`\032\376\215[B\374"
 617      FA05BDCD 
 617      6B96C060 
 617      1AFE8D5B 
 617      42FC
 618 1894 DDB75AC8 		.ascii	"\335\267Z\310\301`!\245\2675\320d\331B\346\002\201\011"
 618      C16021A5 
 618      B735D064 
 618      D942E602 
 618      8109
 619 18a6 87F999BC 		.ascii	"\207\371\231\274m\256\030,\357\331\023\261\342q\017"
 619      6DAE182C 
 619      EFD913B1 
 619      E2710F
 620 18b5 F2335B08 		.ascii	"\3623[\010\356A\264\203\243\301\362c\007d\220\320&r"
 620      EE41B483 
 620      A3C1F263 
 620      076490D0 
 620      2672
 621 18c7 04B71888 		.ascii	"\004\267\030\210\245;\350U7\377-&\250\031\213N\271d"
 621      A53BE855 
 621      37FF2D26 
 621      A8198B4E 
 621      B964
ARM GAS  /tmp/ccXX1nJ1.s 			page 50


 622 18d9 B078581D 		.ascii	"\260xX\035 X\202]C7n4\033-n&\013\255\303\277sn\030\211"
 622      2058825D 
 622      43376E34 
 622      1B2D6E26 
 622      0BADC3BF 
 623 18f1 D3024BB0 		.ascii	"\323\002K\260\301\037ja\275\311\317\022\030\012\005"
 623      C11F6A61 
 623      BDC9CF12 
 623      180A05
 624 1900 E1A93893 		.ascii	"\341\2518\223\360]\267\303\374\233P\377\315o\011\367"
 624      F05DB7C3 
 624      FC9B50FF 
 624      CD6F09F7 
 625 1910 0E920E1E 		.ascii	"\016\222\016\0364?\203\200Ro\200\262\267\030~\371\213"
 625      343F8380 
 625      526F80B2 
 625      B7187EF9 
 625      8B
 626 1921 75FFFAE5 		.ascii	"u\377\372\345Wk\365~A\333\374v\230!\347\203\240K\377"
 626      576BF57E 
 626      41DBFC76 
 626      9821E783 
 626      A04BFF
 627 1934 93839C87 		.ascii	"\223\203\234\207|&\031\357\373\371\027\353\326\256\363"
 627      7C2619EF 
 627      FBF917EB 
 627      D6AEF3
 628 1943 FD1C52DE 		.ascii	"\375\034R\336w\255\314<\330\034h6@\247&\005\300\272"
 628      77ADCC3C 
 628      D81C6836 
 628      40A72605 
 628      C0BA
 629 1955 596088D9 		.ascii	"Y`\210\331h\":\202^_\207\020y\254\246\266\204p\3314"
 629      68223A82 
 629      5E5F8710 
 629      79ACA6B6 
 629      8470D934 
 630 1969 3C86959F 		.ascii	"<\206\225\237\374l\365*w\031\363\246Y\266\326\374%k"
 630      FC6CF52A 
 630      7719F3A6 
 630      59B6D6FC 
 630      256B
 631 197b 7B6B5D0C 		.ascii	"{k]\014\277\204\202yK\031@\226\006h~\304$n\014\334\030"
 631      BF848279 
 631      4B194096 
 631      06687EC4 
 631      246E0CDC 
 632 1990 0AFE0F0E 		.ascii	"\012\376\017\016\335J\022T\311\326u6\302~\376?}\\\342"
 632      DD4A1254 
 632      C9D67536 
 632      C27EFE3F 
 632      7D5CE2
 633 19a3 9D       		.ascii	"\235"
 634              		.text
 635              		.section	.gnu.lto_.symtab.edaf0c8a46c10922,"",%progbits
 636 0000 63684D73 		.ascii	"chMsgSend\000"
 636      6753656E 
ARM GAS  /tmp/ccXX1nJ1.s 			page 51


 636      6400
 637 000a 00       		.ascii	"\000"
 638 000b 00       		.ascii	"\000"
 639 000c 00       		.ascii	"\000"
 640 000d 00000000 		.ascii	"\000\000\000\000\000\000\000\000"
 640      00000000 
 641 0015 83010000 		.ascii	"\203\001\000\000"
 642 0019 63684D73 		.ascii	"chMsgWait\000"
 642      67576169 
 642      7400
 643 0023 00       		.ascii	"\000"
 644 0024 00       		.ascii	"\000"
 645 0025 00       		.ascii	"\000"
 646 0026 00000000 		.ascii	"\000\000\000\000\000\000\000\000"
 646      00000000 
 647 002e 86010000 		.ascii	"\206\001\000\000"
 648 0032 63684D73 		.ascii	"chMsgRelease\000"
 648      6752656C 
 648      65617365 
 648      00
 649 003f 00       		.ascii	"\000"
 650 0040 00       		.ascii	"\000"
 651 0041 00       		.ascii	"\000"
 652 0042 00000000 		.ascii	"\000\000\000\000\000\000\000\000"
 652      00000000 
 653 004a 8B010000 		.ascii	"\213\001\000\000"
 654 004e 636800   		.ascii	"ch\000"
 655 0051 00       		.ascii	"\000"
 656 0052 02       		.ascii	"\002"
 657 0053 00       		.ascii	"\000"
 658 0054 00000000 		.ascii	"\000\000\000\000\000\000\000\000"
 658      00000000 
 659 005c F4010000 		.ascii	"\364\001\000\000"
 660 0060 63685363 		.ascii	"chSchGoSleepS\000"
 660      68476F53 
 660      6C656570 
 660      5300
 661 006e 00       		.ascii	"\000"
 662 006f 02       		.ascii	"\002"
 663 0070 00       		.ascii	"\000"
 664 0071 00000000 		.ascii	"\000\000\000\000\000\000\000\000"
 664      00000000 
 665 0079 8F010000 		.ascii	"\217\001\000\000"
 666 007d 63685363 		.ascii	"chSchReadyI\000"
 666      68526561 
 666      64794900 
 667 0089 00       		.ascii	"\000"
 668 008a 02       		.ascii	"\002"
 669 008b 00       		.ascii	"\000"
 670 008c 00000000 		.ascii	"\000\000\000\000\000\000\000\000"
 670      00000000 
 671 0094 93010000 		.ascii	"\223\001\000\000"
 672 0098 63685363 		.ascii	"chSchWakeupS\000"
 672      6857616B 
 672      65757053 
 672      00
 673 00a5 00       		.ascii	"\000"
ARM GAS  /tmp/ccXX1nJ1.s 			page 52


 674 00a6 02       		.ascii	"\002"
 675 00a7 00       		.ascii	"\000"
 676 00a8 00000000 		.ascii	"\000\000\000\000\000\000\000\000"
 676      00000000 
 677 00b0 95010000 		.ascii	"\225\001\000\000"
 678              		.text
 679              		.section	.gnu.lto_.opts,"",%progbits
 680 0000 272D666D 		.ascii	"'-fmath-errno' '-fsigned-zeros' '-ftrapping-math' '"
 680      6174682D 
 680      6572726E 
 680      6F272027 
 680      2D667369 
 681 0033 2D666E6F 		.ascii	"-fno-trapv' '-fno-openmp' '-fno-openacc' '-mcpu=cor"
 681      2D747261 
 681      70762720 
 681      272D666E 
 681      6F2D6F70 
 682 0066 7465782D 		.ascii	"tex-m7' '-mno-thumb-interwork' '-mthumb' '-ggdb' '-"
 682      6D372720 
 682      272D6D6E 
 682      6F2D7468 
 682      756D622D 
 683 0099 4F322720 		.ascii	"O2' '-fomit-frame-pointer' '-falign-functions=16' '"
 683      272D666F 
 683      6D69742D 
 683      6672616D 
 683      652D706F 
 684 00cc 2D666675 		.ascii	"-ffunction-sections' '-fdata-sections' '-fno-common"
 684      6E637469 
 684      6F6E2D73 
 684      65637469 
 684      6F6E7327 
 685 00ff 2720272D 		.ascii	"' '-flto'\000"
 685      666C746F 
 685      2700
 686              		.text
 687              		.comm	__gnu_lto_v1,1,1
 688              		.comm	__gnu_lto_slim,1,1
 689              		.ident	"GCC: (GNU Tools for ARM Embedded Processors 6-2017-q2-update) 6.3.1 20170620 (release) [AR
ARM GAS  /tmp/ccXX1nJ1.s 			page 53


DEFINED SYMBOLS
                            *ABS*:0000000000000000 chmsg.c
                            *COM*:0000000000000001 __gnu_lto_v1
                            *COM*:0000000000000001 __gnu_lto_slim

NO UNDEFINED SYMBOLS
