ARM GAS  /tmp/ccn8Gpke.s 			page 1


   1              		.cpu cortex-m7
   2              		.eabi_attribute 20, 1
   3              		.eabi_attribute 21, 1
   4              		.eabi_attribute 23, 3
   5              		.eabi_attribute 24, 1
   6              		.eabi_attribute 25, 1
   7              		.eabi_attribute 26, 1
   8              		.eabi_attribute 30, 2
   9              		.eabi_attribute 34, 1
  10              		.eabi_attribute 18, 4
  11              		.file	"hal.c"
  12              		.text
  13              	.Ltext0:
  14              		.section	.gnu.lto_.profile.ab249e83642dc9aa,"",%progbits
  15 0000 789C6365 		.ascii	"x\234ce`b`a```d0a\003\000\000\356\000G"
  15      60626061 
  15      60606064 
  15      30610300 
  15      00EE0047 
  16              		.text
  17              		.section	.gnu.lto_.icf.ab249e83642dc9aa,"",%progbits
  18 0000 789C6365 		.ascii	"x\234ce`b\340`@\000F\206sk\267521\000\000\015\370\002"
  18      6062E060 
  18      40004686 
  18      736BB735 
  18      32310000 
  19 0017 C5       		.ascii	"\305"
  20              		.text
  21              		.section	.gnu.lto_.jmpfuncs.ab249e83642dc9aa,"",%progbits
  22 0000 789C6365 		.ascii	"x\234ce`b\340b@\000F8\013\000\001\262\000\023"
  22      6062E062 
  22      40004638 
  22      0B0001B2 
  22      0013
  23              		.text
  24              		.section	.gnu.lto_.inline.ab249e83642dc9aa,"",%progbits
  25 0000 789C6365 		.ascii	"x\234ce`b\320e@\000F\006\006\016\023F\240 \003\003\333"
  25      6062D065 
  25      40004606 
  25      060E1346 
  25      A0200303 
  26 0015 027926B0 		.ascii	"\002y&\260\020\027\016\202\001\0002\366\001s"
  26      10170E82 
  26      010032F6 
  26      0173
  27              		.text
  28              		.section	.gnu.lto_.pureconst.ab249e83642dc9aa,"",%progbits
  29 0000 789C6365 		.ascii	"x\234ce`b`f```d\220\000\000\000\204\000$"
  29      60626066 
  29      60606064 
  29      90000000 
  29      840024
  30              		.text
  31              		.section	.gnu.lto_halInit.ab249e83642dc9aa,"",%progbits
  32 0000 789C6DCF 		.ascii	"x\234m\317\275N\002A\020\007\360\377\177\227\217+\304"
  32      BD4E0241 
  32      1007F0FF 
ARM GAS  /tmp/ccn8Gpke.s 			page 2


  32      7F978F2B 
  32      C4
  33 0011 4A0BC517 		.ascii	"J\013\305\027\240\271{\011*\336\202\320X\230\230\310"
  33      A0B97B09 
  33      2ADE82D0 
  33      589898C8 
  34 0021 03DCAA05 		.ascii	"\003\334\252\005\011\026\320\020Bu\204\206\0175\306"
  34      0916D010 
  34      42758486 
  34      0F35C6
  35 0030 F2BA8B0F 		.ascii	"\362\272\213\017`ak\247\206\006H\2446\2403Bq\305Mv3"
  35      60616BA7 
  35      860648A4 
  35      36A03342 
  35      71C54D76 
  36 0045 9BDD5F66 		.ascii	"\233\335_ff\3630\250\0228\003P\226M\013\232\356+p\355"
  36      66F330A8 
  36      12380350 
  36      964D0B9A 
  36      EE2B70ED 
  37 0059 19520FCE 		.ascii	"\031R\017\316#B\303\220\035\333\267|i\315cS\031;\211"
  37      2342C390 
  37      1DDBB77C 
  37      69CD6353 
  37      193B89
  38 006c A4FF7DE2 		.ascii	"\244\377}\342&\011#\013\014dkp\314\012\204}<o{\245B"
  38      2609230B 
  38      0C646B70 
  38      CC0A847D 
  38      3C6F7BA5 
  39 0081 6E77CF09 		.ascii	"nw\317\011\013\322\002OoL\334\366\267\345\222\257\021"
  39      0BD2024F 
  39      6F4CDCF6 
  39      B7E592AF 
  39      11
  40 0092 D7B522D0 		.ascii	"\327\265\"\320\226g\355qg\215f\273\340\355\360\247\254"
  40      9667ED71 
  40      678D66BB 
  40      E0EDF0A7 
  40      AC
  41 00a3 5E8BC4F1 		.ascii	"^\213\304\361\362\275\030n\234\027Y\016\254T\340\224"
  41      F2BD186E 
  41      9C17590E 
  41      AC54E094 
  42 00b3 2122B1EA 		.ascii	"!\"\261\352\246\007\331\316\210\233\245\334\3720\333"
  42      A607D9CE 
  42      889BA5DC 
  42      FA30DB
  43 00c2 496BDEA7 		.ascii	"Ik\336\247\334\346(\333\345\304=\244\\|\234\355\362"
  43      DCE628DB 
  43      E5C43DA4 
  43      5C7C9CED 
  43      F2
  44 00d3 E21EF76E 		.ascii	"\342\036\367n\305\233\341g\217\377P\243-\323\313\377"
  44      C59BE167 
  44      8FFF50A3 
  44      2DD3CBFF 
ARM GAS  /tmp/ccn8Gpke.s 			page 3


  45 00e3 64B453DF 		.ascii	"d\264S\337\017v\353\262\031\234\327/\202\346UC\263\337"
  45      0F76EBB2 
  45      199CD72F 
  45      82E65543 
  45      B3DF
  46 00f5 C01F9461 		.ascii	"\300\037\224aq\234"
  46      719C
  47              		.text
  48              		.section	.gnu.lto_.symbol_nodes.ab249e83642dc9aa,"",%progbits
  49 0000 789C55C8 		.ascii	"x\234U\310\273\015\2000\024\305P\347\206\354\005\223"
  49      BB0D8030 
  49      14C550E7 
  49      86EC0593 
  50 0010 BD140C00 		.ascii	"\275\024\014\000;0\0055\337\206\031@b\016DHE\334X:\001"
  50      3B300535 
  50      DF861940 
  50      620E4448 
  50      45DC583A 
  51 0025 D193D224 		.ascii	"\321\223\322$\203\356\200\26416\340v\231\313\0021\326"
  51      83EE80B4 
  51      3136E076 
  51      99CB0231 
  51      D6
  52 0036 0936990A 		.ascii	"\0116\231\012Xe\276\200EV\0250\313\302\037<\201\341"
  52      5865BE80 
  52      45561530 
  52      CBC21F3C 
  52      81E1
  53 0048 7C9CA762 		.ascii	"|\234\247b\312\367\334\371\242\275\276;\206t^RK%\271"
  53      CAF7DCF9 
  53      A2BDBE3B 
  53      86745E52 
  53      4B25B9
  54              		.text
  55              		.section	.gnu.lto_.refs.ab249e83642dc9aa,"",%progbits
  56 0000 789C6365 		.ascii	"x\234ce`b`d\000\002\000\000I\000\011"
  56      60626064 
  56      00020000 
  56      490009
  57              		.text
  58              		.section	.gnu.lto_.decls.ab249e83642dc9aa,"",%progbits
  59 0000 789C7D92 		.ascii	"x\234}\222]HTA\024\307\347\334\353\327nkID\210HlB\020"
  59      5D485441 
  59      14C7E7DC 
  59      EBD76E6B 
  59      49448848 
  60 0017 04F7A651 		.ascii	"\004\367\246Q\026\364\020X\332\206\245\244\031=\304"
  60      16F41058 
  60      DA86A5A4 
  60      193DC4
  61 0026 E217ECC2 		.ascii	"\342\027\354\302\242\262\273\205\320\313\370A\201\240"
  61      A2B2BB85 
  61      D0CBF841 
  61      81A0
  62 0034 7D40C68A 		.ascii	"}@\306\212\205\340\203\037\255\272\256\237\271\005+"
  62      85E0831F 
  62      ADBAAE9F 
ARM GAS  /tmp/ccn8Gpke.s 			page 4


  62      B9052B
  63 0043 A50FBAA5 		.ascii	"\245\017\272\245\005\321K\272\242$=\245=e$\330\231\231"
  63      05D14BBA 
  63      A2243DA5 
  63      3D6524D8 
  63      9999
  64 0055 7BF72E16 		.ascii	"{\367.\026\036\356\231\2313s~\377sfg\023\211D\256\310"
  64      1EEE9999 
  64      33737EFF 
  64      73666713 
  64      8944AEC8 
  65 0069 84140021 		.ascii	"\204\024\000!\224\020\262\203&\341<@\014KB\037D\017"
  65      9410B283 
  65      26E13C40 
  65      0C4B421F 
  65      440F
  66 007b A007D147 		.ascii	"\240\007\321G\321\307\321'\311\277v\033uP\216\224\241"
  66      D1C7D127 
  66      C9BF761B 
  66      75508E94 
  66      A1
  67 008c 87E27474 		.ascii	"\207\342tt\215I\215\035\325\264\002\377\321x&\303x\353"
  67      8D498D1D 
  67      D5B402FF 
  67      D17826C3 
  67      78EB
  68 009e BB37D232 		.ascii	"\2737\3222|\005\354\005\322\370.\200\030\201;\017wt"
  68      7C05EC05 
  68      D2F82E80 
  68      18813B0F 
  68      7774
  69 00b0 03E0FBB8 		.ascii	"\003\340\373\270+\361Q$\362-\320\011-\226\264P\322$"
  69      2BF15124 
  69      F22DD009 
  69      2D96B450 
  69      D224
  70 00c2 F9A7C110 		.ascii	"\371\247\301\020\247(\216E%\335\210H\027\235\020\256"
  70      A7288E45 
  70      25DD8848 
  70      179D10AE 
  71 00d2 2E68908C 		.ascii	".h\220\214\002\000\361@\234\240h[;\217\365G\214\313"
  71      0200F140 
  71      9CA0685B 
  71      3B8FF547 
  71      8CCB
  72 00e4 817EFB9F 		.ascii	"\201~\373\237\276\310\2729\012Kl\267\353\002\360\275"
  72      BEC8BA39 
  72      0A4B6CB7 
  72      EB02F0BD 
  73 00f4 CD11BA6A 		.ascii	"\315\021\272j\226%`\353\350\357\336|\305O\205\245d\030"
  73      962560EB 
  73      E8EFDE7C 
  73      C54F85A5 
  73      6418
  74 0106 3FDBCCCE 		.ascii	"?\333\314\316\257\360\2016\031\016\232A\302\360\323"
  74      AFF08136 
  74      190E9A41 
ARM GAS  /tmp/ccn8Gpke.s 			page 5


  74      C2F0D3
  75 0115 66E4F93E 		.ascii	"f\344\371>\014\017\231!\015\303\255\206\317\323\346"
  75      0C0F9921 
  75      0DC3AD86 
  75      CFD3E6
  76 0124 F4764E35 		.ascii	"\364vN5\3214\011\312\016\203\0372\341%db\361\001H\307"
  76      D13409CA 
  76      0E831F32 
  76      E1256462 
  76      F10148C7 
  77 0138 B1224128 		.ascii	"\261\"A(M/\266\206\314Y]\264k\205\206\243\215G\332\233"
  77      4D2FB686 
  77      CC595DB4 
  77      6B8586A3 
  77      8D47DA9B 
  78 014c 682F5256 		.ascii	"h/RV\226\005} C?(\254c\\\342\330\013Q\200\036X\306\373"
  78      96057D20 
  78      433F28AC 
  78      635CE2D8 
  78      0B51801E 
  79 0163 0C4216D2 		.ascii	"\014B\026\322\017\202?\242\211\262\302\233}\034\\\\"
  79      0F823FA2 
  79      89B2C29B 
  79      7D1C5C5C 
  80 0173 95516985 		.ascii	"\225Qi\205\322\360\306\354\211\206\356\373\341b^\015"
  80      D2F0C6EC 
  80      8986EEFB 
  80      E1625E0D 
  81 0183 860C9D21 		.ascii	"\206\014\235!\246\303\026\001\316G\326\227\356\3117"
  81      A6C31601 
  81      CE47D697 
  81      EEC937
  82 0192 393EF874 		.ascii	"9>\370ta#Y\303\347;\317\206zb\370\260\201\017\353x\220"
  82      612359C3 
  82      E73BCF86 
  82      7A62F8B0 
  82      810FEB78 
  83 01a7 E30B73DD 		.ascii	"\343\013s\335\333\251\262\017\270@\373\353\351y\223"
  83      DBA9B20F 
  83      B840FBEB 
  83      E97993
  84 01b6 26F0D67F 		.ascii	"&\360\326\177<\022\244\315\211\234\0371\370\021\235"
  84      3C12A4CD 
  84      899C1F31 
  84      F8119D
  85 01c5 1FE57CBF 		.ascii	"\037\345|\277\337\367\315$\317\012~f\375{\233\316\257"
  85      DFF7CD24 
  85      CF0A7E66 
  85      FD7B9BCE 
  85      AF
  86 01d6 4D59B763 		.ascii	"MY\267c\374\230\301\217\351\3748\347}/\036\006d\271"
  86      FC98C18F 
  86      E9FC38E7 
  86      7D2F1E06 
  86      64B9
  87 01e8 453CD693 		.ascii	"E<\326\223\216\355\017\222\306\377\231;\337\332\027"
  87      8EED0F92 
ARM GAS  /tmp/ccn8Gpke.s 			page 6


  87      C6FF993B 
  87      DFDA17
  88 01f7 BBC08421 		.ascii	"\273\300\204!0\241\013Lr\201\217\315\201NY\274c\002"
  88      30A10B4C 
  88      72818FCD 
  88      814E59BC 
  88      6302
  89 0209 FB3FBCEF 		.ascii	"\373?\274\357X\333/\336\321\312\236\177\353\313\262"
  89      58DB2FDE 
  89      D1CA9E7F 
  89      EBCBB2
  90 0218 C5D24269 		.ascii	"\305\322Bi#}\324DM\227\271\330\024>\344+\376\220!\260"
  90      237DD444 
  90      4D97B9D8 
  90      143EE42B 
  90      FE9021B0 
  91 022c 70293627 		.ascii	"p)6';\312]\266\032\2477\245\340\332\015k^v6\311P\024"
  91      3BCA5DB6 
  91      1AA737A5 
  91      E0DA0D6B 
  91      5E7636C9 
  92 0242 557CB51E 		.ascii	"U|\265\036\025\017U\217\273\222\315J%I\362xY\352\321"
  92      150F558F 
  92      BB92CD4A 
  92      2549F278 
  92      59EAD1
  93 0255 DD19CE9A 		.ascii	"\335\031\316\232J\327\235\252j\266\266{\274\212\203"
  93      4AD79DAA 
  93      6AB6B67B 
  93      BC8A83
  94 0264 982A6ACB 		.ascii	"\230*j\313\335U,7ww.?\361\250%\245\366\222\322\253\247"
  94      DD552C37 
  94      77772E3F 
  94      F1A825A5 
  94      F692D2AB 
  95 0279 72F273CF 		.ascii	"r\362s\317\234\263\331/\332J\362\212\312.]\277%\216"
  95      9CB3D92F 
  95      DA4AF28A 
  95      CA2E5DBF 
  95      258E
  96 028b 5121C9C3 		.ascii	"Q!\311\303\361c{\226\252v;\261/\007I\265\327a\350rU"
  96      F1637B96 
  96      AA763BB1 
  96      2F0749B5 
  96      D761E872 
  97 02a0 D99DC89C 		.ascii	"\331\235\310\234\336\315\324\325\272\275\254\"\226S"
  97      DECDD4D5 
  97      BABDAC22 
  97      9653
  98 02ae 0B0B2FAA 		.ascii	"\013\013/\252\005\305\266\242\2739\\B\343P\303\342\210"
  98      05C5B6A2 
  98      BB395C42 
  98      E350C3E2 
  98      88
  99 02bf 9338B997 		.ascii	"\2238\271\227\204\326w}\275\352\210\321\177\001\034"
  99      84D6777D 
  99      BDEA88D1 
ARM GAS  /tmp/ccn8Gpke.s 			page 7


  99      7F011C
 100 02ce 9A48F5   		.ascii	"\232H\365"
 101              		.text
 102              		.section	.gnu.lto_.symtab.ab249e83642dc9aa,"",%progbits
 103 0000 68616C49 		.ascii	"halInit\000"
 103      6E697400 
 104 0008 00       		.ascii	"\000"
 105 0009 00       		.ascii	"\000"
 106 000a 00       		.ascii	"\000"
 107 000b 00000000 		.ascii	"\000\000\000\000\000\000\000\000"
 107      00000000 
 108 0013 AE000000 		.ascii	"\256\000\000\000"
 109 0017 7374496E 		.ascii	"stInit\000"
 109      697400
 110 001e 00       		.ascii	"\000"
 111 001f 02       		.ascii	"\002"
 112 0020 00       		.ascii	"\000"
 113 0021 00000000 		.ascii	"\000\000\000\000\000\000\000\000"
 113      00000000 
 114 0029 B0000000 		.ascii	"\260\000\000\000"
 115 002d 626F6172 		.ascii	"boardInit\000"
 115      64496E69 
 115      7400
 116 0037 00       		.ascii	"\000"
 117 0038 02       		.ascii	"\002"
 118 0039 00       		.ascii	"\000"
 119 003a 00000000 		.ascii	"\000\000\000\000\000\000\000\000"
 119      00000000 
 120 0042 B2000000 		.ascii	"\262\000\000\000"
 121 0046 7364496E 		.ascii	"sdInit\000"
 121      697400
 122 004d 00       		.ascii	"\000"
 123 004e 02       		.ascii	"\002"
 124 004f 00       		.ascii	"\000"
 125 0050 00000000 		.ascii	"\000\000\000\000\000\000\000\000"
 125      00000000 
 126 0058 B4000000 		.ascii	"\264\000\000\000"
 127 005c 5F70616C 		.ascii	"_pal_lld_init\000"
 127      5F6C6C64 
 127      5F696E69 
 127      7400
 128 006a 00       		.ascii	"\000"
 129 006b 02       		.ascii	"\002"
 130 006c 00       		.ascii	"\000"
 131 006d 00000000 		.ascii	"\000\000\000\000\000\000\000\000"
 131      00000000 
 132 0075 B6000000 		.ascii	"\266\000\000\000"
 133 0079 68616C5F 		.ascii	"hal_lld_init\000"
 133      6C6C645F 
 133      696E6974 
 133      00
 134 0086 00       		.ascii	"\000"
 135 0087 02       		.ascii	"\002"
 136 0088 00       		.ascii	"\000"
 137 0089 00000000 		.ascii	"\000\000\000\000\000\000\000\000"
 137      00000000 
 138 0091 B8000000 		.ascii	"\270\000\000\000"
ARM GAS  /tmp/ccn8Gpke.s 			page 8


 139              		.text
 140              		.section	.gnu.lto_.opts,"",%progbits
 141 0000 272D666D 		.ascii	"'-fmath-errno' '-fsigned-zeros' '-ftrapping-math' '"
 141      6174682D 
 141      6572726E 
 141      6F272027 
 141      2D667369 
 142 0033 2D666E6F 		.ascii	"-fno-trapv' '-fno-openmp' '-fno-openacc' '-mcpu=cor"
 142      2D747261 
 142      70762720 
 142      272D666E 
 142      6F2D6F70 
 143 0066 7465782D 		.ascii	"tex-m7' '-mno-thumb-interwork' '-mthumb' '-ggdb' '-"
 143      6D372720 
 143      272D6D6E 
 143      6F2D7468 
 143      756D622D 
 144 0099 4F322720 		.ascii	"O2' '-fomit-frame-pointer' '-falign-functions=16' '"
 144      272D666F 
 144      6D69742D 
 144      6672616D 
 144      652D706F 
 145 00cc 2D666675 		.ascii	"-ffunction-sections' '-fdata-sections' '-fno-common"
 145      6E637469 
 145      6F6E2D73 
 145      65637469 
 145      6F6E7327 
 146 00ff 2720272D 		.ascii	"' '-flto'\000"
 146      666C746F 
 146      2700
 147              		.text
 148              		.comm	__gnu_lto_v1,1,1
 149              		.comm	__gnu_lto_slim,1,1
 150              		.ident	"GCC: (GNU Tools for ARM Embedded Processors 6-2017-q2-update) 6.3.1 20170620 (release) [AR
ARM GAS  /tmp/ccn8Gpke.s 			page 9


DEFINED SYMBOLS
                            *ABS*:0000000000000000 hal.c
                            *COM*:0000000000000001 __gnu_lto_v1
                            *COM*:0000000000000001 __gnu_lto_slim

NO UNDEFINED SYMBOLS
