ARM GAS  /tmp/ccw61rom.s 			page 1


   1              		.cpu cortex-m7
   2              		.eabi_attribute 20, 1
   3              		.eabi_attribute 21, 1
   4              		.eabi_attribute 23, 3
   5              		.eabi_attribute 24, 1
   6              		.eabi_attribute 25, 1
   7              		.eabi_attribute 26, 1
   8              		.eabi_attribute 30, 2
   9              		.eabi_attribute 34, 1
  10              		.eabi_attribute 18, 4
  11              		.file	"hal_st.c"
  12              		.text
  13              	.Ltext0:
  14              		.section	.gnu.lto_.profile.65a830534cb1ae88,"",%progbits
  15 0000 789C6365 		.ascii	"x\234ce`b`a```d\220\342\001\000\000\300\0003"
  15      60626061 
  15      60606064 
  15      90E20100 
  15      00C00033 
  16              		.text
  17              		.section	.gnu.lto_.icf.65a830534cb1ae88,"",%progbits
  18 0000 789C6365 		.ascii	"x\234ce`bP`@\000V\206\205??\354\345a\274\366\357\375"
  18      60625060 
  18      40005686 
  18      853F3FEC 
  18      E561BCF6 
  19 0016 136EA67D 		.ascii	"\023n\246}\027\036\254ga\276\263\265\373\0203\313\261"
  19      171EAC67 
  19      61BEB3B5 
  19      FB1033CB 
  19      B1
  20 0027 BFE7B7B3 		.ascii	"\277\347\267\2631\000\000\032\271\020\215"
  20      3100001A 
  20      B9108D
  21              		.text
  22              		.section	.gnu.lto_.jmpfuncs.65a830534cb1ae88,"",%progbits
  23 0000 789C6365 		.ascii	"x\234ce`b\020c@\000V\020\301\010\004\365L\014\014\314"
  23      60621063 
  23      40005610 
  23      C10804F5 
  23      4C0C0CCC 
  24 0014 209A0528 		.ascii	" \232\005(\000\000\016\012\0011"
  24      00000E0A 
  24      0131
  25              		.text
  26              		.section	.gnu.lto_.inline.65a830534cb1ae88,"",%progbits
  27 0000 789C6365 		.ascii	"x\234ce`bHe@\000V\006\006\026\036F\240 \003\003\333"
  27      60624865 
  27      40005606 
  27      06161E46 
  27      A0200303 
  28 0015 027910C5 		.ascii	"\002y\020\305\300\310\005\"\030\330X\201\302l\037\364"
  28      C0C80522 
  28      18D85881 
  28      C26C1FF4 
  29 0025 E0E24C0C 		.ascii	"\340\342L\014,\314@!\246\013\374p!fL!\026L!\006\000"
  29      2CCC4021 
ARM GAS  /tmp/ccw61rom.s 			page 2


  29      A60BFC70 
  29      21664C21 
  29      164C2106 
  30 003a 9CEB0870 		.ascii	"\234\353\010p"
  31              		.text
  32              		.section	.gnu.lto_.pureconst.65a830534cb1ae88,"",%progbits
  33 0000 789C6365 		.ascii	"x\234ce`b\340f```e\220`\224b\222b\226b\221\002\000\004"
  33      6062E066 
  33      60606065 
  33      90609462 
  33      92629662 
  34 0018 1000A2   		.ascii	"\020\000\242"
  35              		.text
  36              		.section	.gnu.lto_stInit.65a830534cb1ae88,"",%progbits
  37 0000 789C254D 		.ascii	"x\234%M\273\012\302@\020\334\271\363\021\020?@D\254"
  37      BB0AC240 
  37      10DCB9F3 
  37      11103F40 
  37      44AC
  38 0012 D3249F24 		.ascii	"\323$\237$\222\306B\020\214}N-\002Zh#b\025\321\"\261"
  38      92C64210 
  38      8C7D4E2D 
  38      025A6823 
  38      6215D122 
  39 0027 12CB74C1 		.ascii	"\022\313t\301\017\260\260\325\312\302F\355\0051q\317"
  39      0FB0B0D5 
  39      CAC246ED 
  39      053171CF 
  40 0037 0C3BCCB2 		.ascii	"\014;\314\262;;[$A[\"j2\353LH\202\230\237\210\206\206"
  40      3B3B5B24 
  40      415B226A 
  40      32EB4C48 
  40      82989F88 
  41 004d 0074A30C 		.ascii	"\000t\243\014\220'\340a&\227\022G\377\036\0133T\214"
  41      9027E061 
  41      26971247 
  41      FF1E0B33 
  41      548C
  42 005f 64F9AEA9 		.ascii	"d\371\256\251(A \211VL\015\2040\211m\267C\272\250\226"
  42      28412089 
  42      564C0D84 
  42      30896DB7 
  42      43BAA896 
  43 0073 0AF91C11 		.ascii	"\012\371\034\021J`\335\237\221\2504\363Ur\335 +\362"
  43      4A60DD9F 
  43      91A834F3 
  43      5572DD20 
  43      2BF2
  44 0085 6AC2D43F 		.ascii	"j\302\324?\246Rh\225\017\214\327\237\272\366\353\220"
  44      A6526895 
  44      0F8CD79F 
  44      BAF6EB90 
  45 0095 387E5ECA 		.ascii	"8~^\312\336W\031\201\304Jr\002v\360(`\357\013\243uV"
  45      DE571981 
  45      C44A7202 
  45      76F02860 
  45      EF0BA375 
ARM GAS  /tmp/ccw61rom.s 			page 3


  46 00aa F9FB3426 		.ascii	"\371\3734&\274\344sA\324\260,;\257\236kw\332]\333\355"
  46      BCE47341 
  46      D4B02C3B 
  46      AF9E6B77 
  46      DA5DDBED 
  47 00be 3B5A5BEE 		.ascii	";Z[\356\300r\350\007S\311@E"
  47      C072E807 
  47      53C94045 
  48              		.text
  49              		.section	.gnu.lto_stStartAlarm.65a830534cb1ae88,"",%progbits
  50 0000 789C9D52 		.ascii	"x\234\235RKkSA\024\236o&\275\011A\353R\301\010YXj]\344"
  50      4B6B5341 
  50      149E6F26 
  50      BD0941EB 
  50      52C10859 
  51 0018 12BBF107 		.ascii	"\022\273\361\007\210 \264+\273\2575\012\025\"\225&\270"
  51      8820B42B 
  51      BBAF350A 
  51      15229526 
  51      B8
  52 0029 B4D39058 		.ascii	"\264\323\220XL}\241\2645\305r\003Q\322F\323<\324\332"
  52      4C7DA1B4 
  52      35C57203 
  52      51D246D3 
  52      3CD4DA
  53 003c 68C54B10 		.ascii	"h\305K\020\\\265\276\266\026\202\322R!\202\217`\021"
  53      5CB5BEB6 
  53      1682D252 
  53      21828F60 
  53      11
  54 004d A1F5CCE4 		.ascii	"\241\365\314\344*\325\2258\334\2713\347\314w\276\363"
  54      2AD59538 
  54      DCB933E7 
  54      CC77BEF3 
  55 005d 9D33D3C2 		.ascii	"\2353\323\3028\253p\306\2161\306v\323\204`\340W\227"
  55      38AB70C6 
  55      8E31C676 
  55      D38460E0 
  55      5797
  56 006f 181BF670 		.ascii	"\030\033\366p@m\244\007l\210c\010W\304\204@ud\265\302"
  56      406DA407 
  56      6C886308 
  56      57C48440 
  56      7564B5C2 
  57 0083 3BB29286 		.ascii	";\262\222\206=1o\234\227\211]\226`,ES\015d\321A\250"
  57      3D316F9C 
  57      97895D96 
  57      602C4553 
  57      0D64D141 
  58 0098 57F1E24D 		.ascii	"W\361\342MqYX\002p\221\371yq\362}\25329\374d\376\310"
  58      71595802 
  58      7091F979 
  58      71F27DAB 
  58      3239FC64 
  59 00ae 15DFEE10 		.ascii	"\025\337\356\020~0\332\257=\255]C\373m)c\322\256_\027"
  59      7E30DAAF 
  59      3DAD5D43 
ARM GAS  /tmp/ccw61rom.s 			page 4


  59      FB6D2963 
  59      D2AE5F17 
  60 00c2 72AF2504 		.ascii	"r\257%\004r\020D\210\031\3700\015\037#\027\303\035\264"
  60      72104488 
  60      19F8300D 
  60      1F2317C3 
  60      1DB4
  61 00d4 2BFCBBD2 		.ascii	"+\374\273\322\306\330v\303\225\371\225\023wa\200\326"
  61      C6D876C3 
  61      95F99513 
  61      776180D6 
  62 00e4 C26BD872 		.ascii	"\302k\330rcsD\332\215[xs\330 \361*\202%\011\244\252"
  62      637344DA 
  62      8D5B7873 
  62      D820F12A 
  62      822509A4 
  63 00f9 18155CAD 		.ascii	"\030\025\\\255b\005\\\321\\\260\223\317\274b\237\226"
  63      62055CD1 
  63      5CB093CF 
  63      BC629F96 
  64 0109 60E5E6EA 		.ascii	"`\345\346\352h\313h\011\253\251m)i\307\375JE\376O\025"
  64      68CB6809 
  64      ABA96D29 
  64      69C7FD4A 
  64      45FE4F15 
  65 011d BABC59B4 		.ascii	"\272\274Y\264M\021\323\007T'\277/\327\307\016\376V\024"
  65      4D11D307 
  65      5427BF2F 
  65      D7C70EFE 
  65      5614
  66 012f 6F76E4A5 		.ascii	"ov\344\245!\024F\313J\011lQ\314P\200A\014E\030\344\034"
  66      211446CB 
  66      4A096C51 
  66      CC508041 
  66      0C4518E4 
  67 0144 4F545FB8 		.ascii	"OT_\270UG\\\032\263\224_\377\344m\232\212G\365,3\373"
  67      55475C1A 
  67      B3945FFF 
  67      E46D9A8A 
  67      47F52C33 
  68 0159 EDB9C7C2 		.ascii	"\355\271\307\302\024,\321\2022i()\015t\220[l|u\233y"
  68      142CD182 
  68      32692829 
  68      0D74905B 
  68      6C7C759B 
  69 016e 191F96B5 		.ascii	"\031\037\226\265\365\362\316/\024e\340\036,\334\240"
  69      F5F2CE2F 
  69      1465E01E 
  69      2CDCA0
  70 017d 52751202 		.ascii	"Ru\022\002m\216\227\226\215`A\201\322e\242p\343>L\354"
  70      6D8E9796 
  70      8D604181 
  70      D265A270 
  70      E33E4CEC 
  71 0191 F739083C 		.ascii	"\3679\010<@\320\251\243\261\266\220huT\375K\316\364"
  71      40D0A9A3 
  71      B1B69068 
ARM GAS  /tmp/ccw61rom.s 			page 5


  71      7554FD4B 
  71      CEF4
  72 01a3 39C536A7 		.ascii	"9\3056\247\363\301a{\010skMn\362\317S\244f\177\362\037"
  72      F3C1617B 
  72      08736B4D 
  72      6EF2CF53 
  72      A4667FF2 
  73 01b8 EC15CDCE 		.ascii	"\354\025\315\316\035\366G\232}\301\2728\343m\262s<\246"
  73      1DF6479A 
  73      7DC1BA38 
  73      E36DB273 
  73      3CA6
  74 01ca C815C46A 		.ascii	"\310\025\304j\243\323!\375\000T\313\331G\304\322\331"
  74      A3D321FD 
  74      0054CBD9 
  74      47C4D2D9 
  75 01da 4B500E7D 		.ascii	"KP\016}YI\322GWN\217{O `6\277\201\210\331\337\0276#"
  75      5949D247 
  75      574E8F7B 
  75      4F206036 
  75      BF8188D9 
  76 01f2 8321B5F6 		.ascii	"\203!\265\366F\242\201\020s\367\035\217DO\235>\351R"
  76      46A28110 
  76      73F71D8F 
  76      444F9D3E 
  76      E952
  77 0204 BFCEBFA1 		.ascii	"\277\316\277\241g\006\006\243\021\363hOw\347\001\263"
  77      670606A3 
  77      11F3684F 
  77      77E701B3 
  78 0214 ABEB90D9 		.ascii	"\253\353\220\331s\244\373l\320\011\356\015\207O\004"
  78      73A4FB6C 
  78      D009EE0D 
  78      874F04
  79 0223 FAD94F3E 		.ascii	"\372\331O>\300\376\231"
  79      C0FE99
  80              		.text
  81              		.section	.gnu.lto_stStopAlarm.65a830534cb1ae88,"",%progbits
  82 0000 789C5D50 		.ascii	"x\234]PAK\002Q\020\236\357=[%\350^d\247N^v)\377B\004"
  82      414B0251 
  82      109EEF3D 
  82      5B25E85E 
  82      64A74E5E 
  83 0019 819EF42E 		.ascii	"\201\236\364.a\007\017\202\341JW\327\320\004\205\352"
  83      61070F82 
  83      E14A57D7 
  83      D00485EA 
  84 0029 92E621F6 		.ascii	"\222\346!\366\340\301\262T:\006\005\"A]2\350\027H\207"
  84      E0C1B254 
  84      3A060522 
  84      415D32E8 
  84      174887
  85 003c A0431026 		.ascii	"\240C\020&%\004\326\274\335\210hx\303\314\233\371\346"
  85      2504D6BC 
  85      DD886878 
  85      C3CC9BF9 
  85      E6
ARM GAS  /tmp/ccw61rom.s 			page 6


  86 004d FBE6BD29 		.ascii	"\373\346\275)\022\244\203(BD\363\354\220\004\261\337"
  86      12A48328 
  86      4244F3EC 
  86      9004B1DF 
  87 005d 27CAF904 		.ascii	"'\312\371\004\240\022\313\007\312\012d\261'\253\022"
  87      A012CB07 
  87      CA0A64B1 
  87      27AB12
  88 006c BDE2D385 		.ascii	"\275\342\323\205\0104,\266nu\244\355X\205Y[\022\325"
  88      08342CB6 
  88      6E75A4ED 
  88      5885595B 
  88      12D5
  89 007e D895A181 		.ascii	"\330\225\241\201\0001\354\361|r0\243y\334:\216\241\261"
  89      0031ECF1 
  89      7C7230A3 
  89      79DC3A8E 
  89      A1B1
  90 0090 04751ED0 		.ascii	"\004u\036\320\265&_E\253{]\307\347*\267J\354J\243,\205"
  90      B5265F45 
  90      AB7B5DC7 
  90      E72AB74A 
  90      EC4AA32C 
  91 00a5 8AF219BD 		.ascii	"\212\362\031\275\321\370\366\262\242\377R\344]\245\261"
  91      D1F8F6B2 
  91      A2FF52E4 
  91      5DA5B1
  92 00b4 261D9A9A 		.ascii	"&\035\232\232\304_z\234@c\376&4.V\012\275{\357\256\264"
  92      C45F7A9C 
  92      4063FE26 
  92      342E560A 
  92      BD7BEFAE 
  93 00c9 251C4CBF 		.ascii	"%\034L\277\365\361:\355^\025\207\207K\365\366\373\215"
  93      F5F13AED 
  93      5E158787 
  93      4BF5F6FB 
  93      8D
  94 00da CFC6116C 		.ascii	"\317\306\021l)p\006?N\341'\205m\336\215\336\274F\313"
  94      2970063F 
  94      4EE12785 
  94      6DDE8DDE 
  94      BC46CB
  95 00ed CAE7AC41 		.ascii	"\312\347\254A}87\344)\211\026l\034\362\202\216\010\332"
  95      7D3837E4 
  95      2989166C 
  95      1CF2828E 
  95      08DA
  96 00ff 30FE6AF0 		.ascii	"0\376j\360\036\350\360\364\013\266\007\345\253E\265"
  96      1EE8F0F4 
  96      0BB607E5 
  96      AB45B5
  97 010e 9BF30125 		.ascii	"\233\363\001%n\360K\004\321\202\256\033\356I\231Fb="
  97      6EF04B04 
  97      D182AE1B 
  97      EE499946 
  97      623D
  98 0120 6998E9B8 		.ascii	"i\230\351\270\21213\243\307)\370\277\273\231JgL#\022"
ARM GAS  /tmp/ccw61rom.s 			page 7


  98      8A3133A3 
  98      C729F8BF 
  98      BB994A67 
  98      4C2312
  99 0133 0D07978D 		.ascii	"\015\007\227\215Ph\305\210\256\205\267\226~\360\261"
  99      5068C588 
  99      AE85B796 
  99      7EF0B1
 100 0142 6472434F 		.ascii	"drCO\3207\374G\1772"
 100      D037FC47 
 100      7F32
 101              		.text
 102              		.section	.gnu.lto_stSetAlarm.65a830534cb1ae88,"",%progbits
 103 0000 789C5D90 		.ascii	"x\234]\220\313k\023Q\024\306\3177w:\023\212\217\255"
 103      CB6B1351 
 103      14C6CF37 
 103      773A138A 
 103      8FAD
 104 0012 D014B2B0 		.ascii	"\320\024\262\260\324\272\310\020\273\361\017\020DhW"
 104      D4BAC810 
 104      BBF10F10 
 104      446857
 105 0021 765F6B14 		.ascii	"v_k\024*D*\235\340\266\267!\265\230B+\212\215)\206)"
 105      2A442A9D 
 105      E0B6B721 
 105      B598422B 
 105      8A8D2986 
 106 0036 44A9C6A6 		.ascii	"D\251\306\246y\370@q\341\020DW\255\350:\205\240V\024"
 106      79F84071 
 106      E1104457 
 106      ADE83A85 
 106      A05614
 107 0049 147C6110 		.ascii	"\024|a\020\261\365\234I\025\3652w\356=\347~\367\273"
 107      B1F59C49 
 107      15F53277 
 107      EE3DE77E 
 107      F7BB
 108 005b BF733AC8 		.ascii	"\277s:\310\240\237 :FD]<\241\010\306\2055\242\311\220"
 108      A09F203A 
 108      46445D3C 
 108      A108C685 
 108      35A2C990 
 109 006f 01C84687 		.ascii	"\001\310F\207@\023\006&0\247\262\012\365\3517\017\214"
 109      40130626 
 109      30A7B20A 
 109      F5E9370F 
 109      8C
 110 0080 BE25CDC3 		.ascii	"\276%\315\303\317V\354szj\217\247\210r<e`\011}\254z"
 110      CF56EC73 
 110      7A6A8FA7 
 110      88723C65 
 110      60097DAC 
 111 0095 9EAE5C55 		.ascii	"\236\256\\U\263\312S\200\311\341\247\325\205W\273$4"
 111      B3CA5380 
 111      C9E1A7D5 
 111      8557BB24 
 111      34
ARM GAS  /tmp/ccw61rom.s 			page 8


 112 00a6 10E1F047 		.ascii	"\020\341\360G\261\322\330\255\" \336\277}\324\274\210"
 112      B1D2D8AD 
 112      2220DEBF 
 112      7DD4BC88 
 113 00b6 DEEB5AA7 		.ascii	"\336\353Z\247\264\337\270\244\364^O)\024\241\330\020"
 113      B4DFB8A4 
 113      F45E4F29 
 113      14A1D810 
 114 00c6 3711C60D 		.ascii	"7\021\306\015\204\211S\204[\350\025\375\313\352\346"
 114      84895384 
 114      5BE815FD 
 114      CBEAE6
 115 00d5 E59D9659 		.ascii	"\345\235\226Y\370\375&\226a1>\225_\300\327\233[\323"
 115      F8FD2696 
 115      61313E95 
 115      5FC0D79B 
 115      5BD3
 116 00e7 DA7F7D0D 		.ascii	"\332\177}\015\017\017\233\014/7(\303\"\251bF\031\262"
 116      0F0F9B0C 
 116      2F3728C3 
 116      22A96246 
 116      19B2
 117 00f9 AA0D1862 		.ascii	"\252\015\030bs\336\317<\356T\373\002\004\257x\357=z"
 117      73DECF3C 
 117      EE54FB02 
 117      04AF78EF 
 117      3D7A
 118 010b 0A01C293 		.ascii	"\012\001\302\223\374\216\234\366\323\021\241(\375K\021"
 118      FC8E9CF6 
 118      D311A128 
 118      FD4B11
 119 011a 94B7829E 		.ascii	"\224\267\202\236<;\275C}\341\373\372r\366\340\037\242"
 119      3C3BBD43 
 119      7DE1FBFA 
 119      72F6E01F 
 119      A2
 120 012b 74BB23F7 		.ascii	"t\273#\367m%\232\000+\247\360\0271\241\014\213\035*"
 120      6D259A00 
 120      2BA7F017 
 120      31A10C8B 
 120      1D2A
 121 013d B038393F 		.ascii	"\26089?U\177fKG\314@\263Vj}\354l\207\342#=+\254|{\032"
 121      557F664B 
 121      47CC40B3 
 121      566A7DEC 
 121      6C87E223 
 122 0157 F29087A7 		.ascii	"\362\220\207\247:Pc\206\2520\360Aq\365\353\027\333)"
 122      3A506386 
 122      AA30F041 
 122      71F5EB17 
 122      DB29
 123 0169 E9F4A46E 		.ascii	"\351\364\244n\266j\335\237\371\226\205\333\360p\205"
 123      B66ADD9F 
 123      F99685DB 
 123      F07085
 124 0178 4B0D1E61 		.ascii	"K\015\036a\321\326|u\335\212\225E\264Xc\013\033w\340"
 124      D1D67C75 
ARM GAS  /tmp/ccw61rom.s 			page 9


 124      DD8A9545 
 124      B458630B 
 124      1B77E0
 125 018b 607F785B 		.ascii	"`\177x[\201\273\210I\035\033H5g\032\361\240\211\202"
 125      81BB8849 
 125      1D1B4835 
 125      671AF1A0 
 125      8982
 126 019d 4D1F905A 		.ascii	"M\037\220Zl\315B\022A\301\031\256\201\333f\020uG\243"
 126      6CCD4212 
 126      41C119AE 
 126      81DB6610 
 126      7547A3
 127 01b0 4EFB1B73 		.ascii	"N\373\033s\235\321\221\204\343\216\307e\035v\223\321"
 127      9DD19184 
 127      E38EC765 
 127      1D7693D1 
 128 01c0 38D923C7 		.ascii	"8\331#\307\335\344\251\323'M\371\365\377/=36\236t\235"
 128      DDE4A9D3 
 128      274DF9F5 
 128      FF2F3D33 
 128      369E749D 
 129 01d4 A34383FD 		.ascii	"\243C\203\375\007\234\201\201C\316\320\221\301\263\261"
 129      079C8181 
 129      43CED091 
 129      C1B3B1
 130 01e3 EDCBC389 		.ascii	"\355\313\303\211\304\211\350(\375\002\266\252\302\006"
 130      C489E828 
 130      FD02B6AA 
 130      C206
 131              		.text
 132              		.section	.gnu.lto_stGetAlarm.65a830534cb1ae88,"",%progbits
 133 0000 789C5D8F 		.ascii	"x\234]\217\313/CA\024\306\317w\247\356-\011\177\000"
 133      CB2F4341 
 133      14C6CF77 
 133      A7EE2D09 
 133      7F00
 134 0012 15B6B5E8 		.ascii	"\025\266\265\350M\371\027$\"a\325\356EXt\321\244\322"
 134      4DF91724 
 134      2261D5EE 
 134      455874D1 
 134      A4D2
 135 0024 36B69D4A 		.ascii	"6\266\235JE\220 \204*\232+\351\002\245/K\013ij\301\306"
 135      45902084 
 135      2A9A2BE9 
 135      02A52F4B 
 135      0B696AC1 
 136 0039 AB7B8960 		.ascii	"\253{\211`c!\361\212G48\323\212\210\311Lf\3169\2779"
 136      6321F18A 
 136      473438D3 
 136      8A88C94C 
 136      66CE39BF 
 137 004e E7FBEA48 		.ascii	"\347\373\352H\243\000\210<D\324\302\007\202\240\315"
 137      A300883C 
 137      44D4C207 
 137      82A0CD
 138 005d 9D1045ED 		.ascii	"\235\020E\355\032\240\036\322\016\212h\210`V\304\005"
ARM GAS  /tmp/ccw61rom.s 			page 10


 138      1AA01ED2 
 138      0E8A6888 
 138      6056C405 
 139 006d CE63F935 		.ascii	"\316c\37151#,\306l\034>\034\257\\7\251\020h\347pU\226"
 139      31232CC6 
 139      6C1C3E1C 
 139      AF5C37A9 
 139      1068E770 
 140 0083 270DE786 		.ascii	"'\015\347\206\224c\262\030\2777Vw\317d\275%4J0\276\011"
 140      9463B218 
 140      BF375677 
 140      CF64BD25 
 140      344A30BE 
 141 0098 0736E050 		.ascii	"\0076\340P3\266\340$\246\257\012\237\213\215\272-%H"
 141      33B6E024 
 141      A6AF0A9F 
 141      8B8DBA2D 
 141      2548
 142 00aa 019C4F43 		.ascii	"\001\234OCg)\224+\243(?\277&d\361&\205\217\036\376o"
 142      6729942B 
 142      A3283FBF 
 142      2664F126 
 142      858F1EFE 
 143 00bf 09AE4FF1 		.ascii	"\011\256O\361Q\202\2469\301\267\270Ei\377\375\250\022"
 143      5182A639 
 143      C1B7B845 
 143      69FFFDA8 
 143      12
 144 00d0 6FFE6D15 		.ascii	"o\376m\025\223\274\212\013oF\265UB\340\317\024\3026"
 144      93BC8A0B 
 144      6F46B555 
 144      42E0CF14 
 144      C236
 145 00e2 749EB103 		.ascii	"t\236\261\003=)4\316/\215\227N\015%\335V\305N2\257\367"
 145      3D2934CE 
 145      2F8D974E 
 145      0D25DD56 
 145      C54E32AF 
 146 00f7 0DB55075 		.ascii	"\015\265PuQ\346R\331\227C\273\205$,Q\207,\313\317(\371"
 146      51E652D9 
 146      9743BB85 
 146      242C5187 
 146      2CCBCF28 
 147 010c 5C481F3F 		.ascii	"\\H\037??\031fF\306\242\3622\365\3306\317\036u\344`"
 147      3F196646 
 147      C6A2F232 
 147      F5D836CF 
 147      1E75E460 
 148 0120 61992556 		.ascii	"a\231%V\3470\364\265T\270\320\3359\005\255\357i\226"
 148      E730F4B5 
 148      54B8D0DD 
 148      3905ADEF 
 148      6996
 149 0132 30908789 		.ascii	"0\220\207\211\016\307\017\201\002\334t\207\261\313\351"
 149      0EC70F81 
 149      02DC7487 
 149      B1CBE9
ARM GAS  /tmp/ccw61rom.s 			page 11


 150 0141 CA81AEE4 		.ascii	"\312\201\256\344\262*\366\316.\241\334\361\273\325\345"
 150      B22AF6CE 
 150      2EA1DCF1 
 150      BBD5E5
 151 0150 326B3B10 		.ascii	"2k;\0202}\203~3\024\034R\367@(\354\032\242\256\377\325"
 151      327D837E 
 151      33141C52 
 151      F74028EC 
 151      1AA2AEFF 
 152 0165 9140301C 		.ascii	"\221@0\0342=\336\376\256N\263\257\257\333\364\366\366"
 152      323DDEFE 
 152      AE4EB3AF 
 152      AFDBF4F6 
 152      F6
 153 0176 8FBA7FF8 		.ascii	"\217\272\177\370\001\277\177\330\345\243o4\014\223\326"
 153      01BF7FD8 
 153      E5A36F34 
 153      0C93D6
 154              		.text
 155              		.section	.gnu.lto_.symbol_nodes.65a830534cb1ae88,"",%progbits
 156 0000 789C55C8 		.ascii	"x\234U\310\271\015\200@\014\005\321\361_\266/(\212\330"
 156      B90D8040 
 156      0C05D1F1 
 156      5FB62F28 
 156      8AD8
 157 0012 5B024550 		.ascii	"[\002EP\0051gB\015T\202\260\310<\311H\257\"F\"\255r"
 157      05316742 
 157      0D5482B0 
 157      C83CC948 
 157      AF224622 
 158 0028 986E882D 		.ascii	"\230n\210-m\010\331\344\226e\227+\313!/YNy\227\304."
 158      6D08D9E4 
 158      9665972B 
 158      CB212F59 
 158      4E7997C4 
 159 003d 79FD055A 		.ascii	"y\375\005Z\353\241P\231\237\327\370\000\026\364\036"
 159      EBA15099 
 159      9FD7F800 
 159      16F41E
 160 004c 25       		.ascii	"%"
 161              		.text
 162              		.section	.gnu.lto_.refs.65a830534cb1ae88,"",%progbits
 163 0000 789C6365 		.ascii	"x\234ce`b`d\000\002\000\000I\000\011"
 163      60626064 
 163      00020000 
 163      490009
 164              		.text
 165              		.section	.gnu.lto_.decls.65a830534cb1ae88,"",%progbits
 166 0000 789CB557 		.ascii	"x\234\265WYPU\311\031>\377\351\013\302\005\304A\313"
 166      595055C9 
 166      193EFFE9 
 166      0BC205C4 
 166      41CB
 167 0012 321527B1 		.ascii	"2\025'\261,,\250\324\300eI\234\344!\226\016\032c\325"
 167      2C2CA8D4 
 167      C065499C 
 167      E421960E 
ARM GAS  /tmp/ccw61rom.s 			page 12


 167      1A63D5
 168 0025 38495DCD 		.ascii	"8I]\315T^\254[\210\214P\0210rM\325\274\304#0\012\214"
 168      545EAC5B 
 168      888C5011 
 168      30724DD5 
 168      BCC42330 
 169 003b 0BA8A0E0 		.ascii	"\013\250\240\340\002\010\270\014(\202\012\"\210WPD\005"
 169      0208B80C 
 169      28820A22 
 169      88575044 
 169      05
 170 004c 455C1051 		.ascii	"E\\\020Q\300\0357T\334\020G\311\337\313\341\034\216"
 170      C01D3754 
 170      DC1047C9 
 170      DFCBE11C 
 170      8E
 171 005d 17E34372 		.ascii	"\027\343Cr\352\366\351\376\273\277\376\376\255\373t"
 171      EAF6E9FE 
 171      BBBFFEFE 
 171      ADFB74
 172 006c 5F174996 		.ascii	"_\027I\226\216}&I\325\262$\025\200$\015\340\343*I\322"
 172      8E7D2649 
 172      D5B22415 
 172      80240DE0 
 172      E32A49D2 
 173 0080 1E497BA8 		.ascii	"\036I{\250\274\027\313Q,\307\260\324a\251\307\322 }"
 173      BC17CB51 
 173      2CC7B0D4 
 173      61A9C7D2 
 173      207D
 174 0092 F8CC430E 		.ascii	"\370\314C\016\202\365\267XN\351xd\301\341l\3162\234"
 174      82F5B758 
 174      4EE97864 
 174      C1E16CCE 
 174      329C
 175 00a4 E326E6F8 		.ascii	"\343&\346\370`\031\203\245\012\213\027\366{b\271\216"
 175      601983A5 
 175      0A8B17F6 
 175      7B62B98E 
 176 00b4 ED7312E7 		.ascii	"\355s\022\347uG\271\037\353w\202\223\332\344\215}\370"
 176      7547B91F 
 176      EB778293 
 176      DAE48D7D 
 176      F8
 177 00c5 937E0543 		.ascii	"\223~\005Cy\023Q6\011^\225\213\362\200n>\365g\202a\036"
 177      79135136 
 177      095E958B 
 177      F2806E3E 
 177      F5678261 
 178 00da 7D567EA2 		.ascii	"}V~\242M l\222E\\&\012[~c\340\\-\370\364\\~\377\205"
 178      4D206C92 
 178      455C260A 
 178      5B7E63E0 
 178      5C2DF8F4 
 179 00f2 8FC6F80B 		.ascii	"\217\306\370\013\301\027h\340\333H\240|\365\361#r\007"
 179      C11768E0 
 179      DB48A07C 
ARM GAS  /tmp/ccw61rom.s 			page 13


 179      F5F12372 
 179      07
 180 0103 5C03C4C2 		.ascii	"\\\003\304\302(\326\013\300\337\300\012\023\007\324"
 180      28D60BC0 
 180      DFC00A13 
 180      07D4
 181 0111 0780F563 		.ascii	"\007\200\365c\257,\011R\265\013\324\031B\226\205(\013"
 181      AF2C0952 
 181      B50BD419 
 181      42968528 
 181      0B
 182 0122 4AF61393 		.ascii	"J\366\023\223A\307\310\207\271&\365\341>\360\006\233"
 182      41C7C887 
 182      B926F5E1 
 182      3EF0069B 
 183 0132 A6CE0659 		.ascii	"\246\316\006YS\000\240\237\240#\344f\213\361A\373$\315"
 183      5300A09F 
 183      A023E466 
 183      8BF141FB 
 183      24CD
 184 0144 3950BD7F 		.ascii	"9P\275\177\226\325x\327\334\011\327io\356T`}+\313z:"
 184      96D578D7 
 184      DC09D769 
 184      6FEE5460 
 184      7D2BCB7A 
 185 0159 5D880CB4 		.ascii	"]\210\014\264\335\371f\327\237\002\213\025\376\270\375"
 185      DDF966D7 
 185      9F028B15 
 185      FEB8FD
 186 0168 420BDB89 		.ascii	"B\013\333\211\201\327\016\3575\004|\314 \243\330\362"
 186      81D70EEF 
 186      35047CCC 
 186      20A3D8F2 
 187 0178 B471AB07 		.ascii	"\264q\253\007\212c\3140\012\305\276\345\227\216\231"
 187      8A63CC30 
 187      0AC5BEE5 
 187      978E99
 188 0187 C765B259 		.ascii	"\307e\262Y\211\312(\031\276\035\013\3050\036\212`<*"
 188      89CA2819 
 188      BE1D0BC5 
 188      301E8A60 
 188      3C2A
 189 0199 DF03E3F0 		.ascii	"\337\003\343\360=\337\304\231\034\011\353\367\214\230"
 189      3DDFC499 
 189      1C09EBF7 
 189      8C98
 190 01a7 98ABE476 		.ascii	"\230\253\344v)\216\326\204_g&*\273p\326\004\212\202"
 190      298ED684 
 190      5F67262A 
 190      BB70D604 
 190      8A82
 191 01b9 DD40E027 		.ascii	"\335@\340'\010\244\026c\023\337\273\240\023`'t\240?"
 191      08A41663 
 191      13DFBBA0 
 191      13602774 
 191      A03F
 192 01cb 7B6122CE 		.ascii	"{a\"\316N,\276\232\352B\202\230\261\327\033v\027\021"
ARM GAS  /tmp/ccw61rom.s 			page 14


 192      4E2CBE9A 
 192      EA428298 
 192      B1D71B76 
 192      1711
 193 01dd 34C2CF0C 		.ascii	"4\302\317\0144\016\336\330U\362\250\362\215\027\357"
 193      340EDED8 
 193      55F2A8F2 
 193      8D17EF
 194 01ec A28896B5 		.ascii	"\242\210\226\265\275\005#\310\037Y\373|\322\276-\204"
 194      BD0523C8 
 194      1F59FB7C 
 194      D2BE2D84 
 195 01fc 7B60A291 		.ascii	"{`\242\221h\312\2765\222{0a#\221\263N\267\326\232\300"
 195      68CABE35 
 195      927B3061 
 195      2391B34E 
 195      B7D69AC0 
 196 0210 DFBC83BA 		.ascii	"\337\274\203\272\3408\2315%\253\227\032U\016f(\323\214"
 196      E0389935 
 196      25AB971A 
 196      550E6628 
 196      D38C
 197 0222 F233E33B 		.ascii	"\3623\343;YQ\022\224\264D\305\375\317\022\034@'\367"
 197      59511294 
 197      B444C5FD 
 197      CF121C40 
 197      27F7
 198 0234 A3937010 		.ascii	"\243\223p\020\374\251R\212\203R\354\334\207\235\250"
 198      FCA9528A 
 198      8352ECDC 
 198      879DA8
 199 0243 657741FA 		.ascii	"ewA\372vWR\012\324\002\271\276\246\375\212\011\314\376"
 199      7657520A 
 199      D402B9BE 
 199      A6FD8A09 
 199      CCFE
 200 0255 4E092A9D 		.ascii	"N\011*\235\020pcZK&\326\377\240(2\034Bc*4c\3206\036"
 200      1070635A 
 200      4B26D6FF 
 200      A028321C 
 200      42632A34 
 201 026d D1B507DB 		.ascii	"\321\265\007\333\177\366&\233X\006\345\354\222\274\347"
 201      7FF6269B 
 201      5806E5EC 
 201      92BCE7
 202 027c 643825D5 		.ascii	"d8%\325\303+i\014\332}\221z\\\205J\016kJ\016\251Jjr"
 202      C32B690C 
 202      DA7D917A 
 202      5C854A0E 
 202      6B4A0EA9 
 203 0293 FA0EC826 		.ascii	"\372\016\310&\272i(\002\223\211}\015\225\375\267\311"
 203      BA692802 
 203      93897D0D 
 203      95FDB7C9 
 204 02a3 B069AF61 		.ascii	"\260i\257ai?\002\"\357iye\212\214y\357by\367\273Q\246"
 204      693F0222 
 204      EF697965 
ARM GAS  /tmp/ccw61rom.s 			page 15


 204      8A8C79EF 
 204      6279F7BB 
 205 02b9 28E89562 		.ascii	"(\350\225b\2428(\3214\226\030\023\177\224%\376\324\333"
 205      A23828D1 
 205      34961813 
 205      7F9425FE 
 205      D4DB
 206 02cb B291A48E 		.ascii	"\262\221\244\216\257\322#E\347\346\011\246\226_f)\216"
 206      AFD22345 
 206      E7E609A6 
 206      965F6629 
 206      8E
 207 02dc 04858687 		.ascii	"\004\205\206\207. \207\306\3430\362\034c<\353\366\277"
 207      2E2087C6 
 207      E330F21C 
 207      633CEBF6 
 207      BF
 208 02ed CE7121E7 		.ascii	"\316q!\3478QcEw\253\253`\252\375|\220\211ZT\2531\325"
 208      38516345 
 208      77ABAB60 
 208      AAFD7C90 
 208      895A54AB 
 209 0303 1A99EA18 		.ascii	"\032\231\352\030S\361\213\3462/r\2253\335\332w\366\236"
 209      53F18BE6 
 209      322F7295 
 209      33DDDA77 
 209      F69E
 210 0315 AC0F058D 		.ascii	"\254\017\005\215\222\026\213\023C\266@Ii\341\227Bk}"
 210      92168B13 
 210      43B64049 
 210      69E19742 
 210      6B7D
 211 0327 CED87475 		.ascii	"\316\330tu\007 \010\216kj\217\033\325\3263\265\317V"
 211      0720088E 
 211      6B6A8F1B 
 211      D5D633B5 
 211      CF56
 212 0339 3DC9F526 		.ascii	"=\311\365&w\270\332\234\375k\326zQ*L\341\271\216/r\366"
 212      77B8DA9C 
 212      FD6BD67A 
 212      512A4CE1 
 212      B98E2F72 
 213 034e DD5692CD 		.ascii	"\335V\222\315l\307\301I\215\351$e\242\215\006\306\320"
 213      6CC7C149 
 213      8DE92465 
 213      A28D06C6 
 213      D0
 214 035f D9D7DAE1 		.ascii	"\331\327\332\341\351\231:\270@\030\\]#\022\234\002O"
 214      E9993AB8 
 214      40185C5D 
 214      23129C02 
 214      4F
 215 0370 06C61AC1 		.ascii	"\006\306\032\301\02572\216\272\363ms\205j\314\256zq"
 215      1537328E 
 215      BAF36D73 
 215      856ACCAE 
 215      7A71
ARM GAS  /tmp/ccw61rom.s 			page 16


 216 0382 DA85CB6E 		.ascii	"\332\205\313nt\270\247\250\302\213o#\007\035\276p7/"
 216      74B8A7A8 
 216      C28B6F23 
 216      071DBE70 
 216      372F
 217 0394 C9930F37 		.ascii	"\311\223\0177S\271\356\362\311\247&RH\230\265\311\305"
 217      53B9EEF2 
 217      C9A72652 
 217      4898B5C9 
 217      C5
 218 03a5 6BEA8839 		.ascii	"k\352\2109\231F\350S\226?MP\343\333&\027R\304\247\377"
 218      9946E853 
 218      963F4D50 
 218      E3DB2617 
 218      52C4A7FF 
 219 03b9 78E260BD 		.ascii	"x\342`\275\330\301\015T\336p\270\256\312\203\354\345"
 219      D8C10D54 
 219      DE70B8AE 
 219      CA83ECE5 
 220 03c9 83B7526F 		.ascii	"\203\267Ro\326\271\222\375\\P\255\362\021V\345\264\277"
 220      D6B992FD 
 220      5C50ADF2 
 220      1156E5B4 
 220      BF
 221 03da 3C0DA482 		.ascii	"<\015\244\202\017VUT\327\013\017\202t\2372\037\376)"
 221      0F565554 
 221      D70B0F82 
 221      749F321F 
 221      FE29
 222 03ec 2BBF7BAA 		.ascii	"+\277{\252\336\314\035R\200\256\265\226kSI5\237Y\333"
 222      DECC1D52 
 222      80AEB596 
 222      6B534935 
 222      9F59DB
 223 03ff BB6FA770 		.ascii	"\273o\247p\216Pw\262z\233\275\251;\212\210#\366kal\247"
 223      8E5077B2 
 223      7A9BBDA9 
 223      3B8A8823 
 223      F66B616C 
 224 0414 3B072CE3 		.ascii	";\007,\343\341*w\245\255\357\304U\027\2374\206\306l"
 224      E12A77A5 
 224      ADEFC455 
 224      179F3486 
 224      C66C
 225 0426 9BD876BE 		.ascii	"\233\330v\276\202\360V\006\277\006>\352$\366\275\315"
 225      82F05606 
 225      BF063EEA 
 225      24F6BDCD 
 226 0436 E819A907 		.ascii	"\350\031\251\007\237\373\030xo~\341F3qp#7?\277~_$\314"
 226      9FFB1878 
 226      6F7EE146 
 226      33717023 
 226      373FBF7E 
 227 044d 1FC51DAF 		.ascii	"\037\305\035\257\252\022\335\310q>\266\276fk\323\010"
 227      AA12DDC8 
 227      713EB6BE 
 227      666BD308 
ARM GAS  /tmp/ccw61rom.s 			page 17


 228 045d D2C005F5 		.ascii	"\322\300\005\365\013\350\303\276\200\220\320\372\025"
 228      0BE8C3BE 
 228      8090D0FA 
 228      15
 229 046a 69E42347 		.ascii	"i\344#G\323\327]\007\322\314\205\236\244;]\">\343P\314"
 229      D3D75D07 
 229      D2CC859E 
 229      A43B5D22 
 229      3EE350CC 
 230 047e 38F3D08F 		.ascii	"8\363\320\217\\\342C\357\033\352\374H;o\327\227\357"
 230      5CE243EF 
 230      1BEAFC48 
 230      3B6FD797 
 230      EF
 231 048f DA09E406 		.ascii	"\332\011\344\006\027z\263\353\037\232\311\035.\344\266"
 231      177AB3EB 
 231      1F9AC91D 
 231      2EE4B6
 232 049e 6C39E446 		.ascii	"l9\344F\272\271\260\243/s\207'y\314\205\213\225\227"
 232      BAB9B0A3 
 232      2F738727 
 232      79CC858B 
 232      9597
 233 04b0 923D48AF 		.ascii	"\222=H\257X\034\245\245\233<\310+.$T\265\245\213\343"
 233      581CA5A5 
 233      9B3CC82B 
 233      2E2454B5 
 233      A58BE3
 234 04c3 A68BCAB7 		.ascii	"\246\213\312\267\013o\347\272\213\254\270\242\234\332"
 234      0B6FE7BA 
 234      8BACB8A2 
 234      9CDA
 235 04d1 D2F81A48 		.ascii	"\322\370\032H?\007\247\226_\3500\015\233\207gj\036\202"
 235      3F07A796 
 235      5FE8300D 
 235      9B87676A 
 235      1E82
 236 04e3 581A328E 		.ascii	"X\0322\216d\034\034iLC#\242\3170t/\213\35435\262\315"
 236      641C1C69 
 236      4C4323A2 
 236      CF30742F 
 236      8BEC3335 
 237 04f9 77F20B4D 		.ascii	"w\362\013M\306<\014\207\036\373$\365\330K/\360\365\365"
 237      C63C0C87 
 237      1EFB24F5 
 237      D84B2FF0 
 237      F5F5
 238 050b 1DEDAB7B 		.ascii	"\035\355\253{\374\331{\273\222\224\2508\006\006\202"
 238      FCD97BBB 
 238      9294A838 
 238      060682
 239 051a 92F3CFAE 		.ascii	"\222\363\317\256Rrk\201Q]\302M\372\032Fk\373\340\"\343"
 239      52726B81 
 239      515DC24D 
 239      FA1A466B 
 239      FBE022E3 
 240 052e 3D40DF12 		.ascii	"=@\337\022\237R\233B\360\303\224D\030\376\254\021\337"
ARM GAS  /tmp/ccw61rom.s 			page 18


 240      9F529B42 
 240      F0C39444 
 240      18FEAC11 
 240      DF
 241 053f F401FE41 		.ascii	"\364\001\376A\262\016\177\301\210?\317\360\301\024\236"
 241      B20E7FC1 
 241      883FCFF0 
 241      C1149E
 242 054e 2EBC9A6A 		.ascii	".\274\232j\222\340\011\216\367\260!\212\306]\010I\262"
 242      92E0098E 
 242      F7B0218A 
 242      C65D0849 
 242      B2
 243 055f 3FBC015F 		.ascii	"?\274\001_\350\303\242\310\276\360\016\353~,\311\330"
 243      E8C3A2C8 
 243      BEF00EEB 
 243      7E2CC9D8 
 244 056f FE19EB44 		.ascii	"\376\031\353D\254\337c\275\034\353\037\260\254\3002"
 244      ACDF63BD 
 244      1CEB1FB0 
 244      ACC032
 245 057e 80720AD6 		.ascii	"\200r\012\326/\260~\205%\001\333o\261~\211e\245\354"
 245      2FB07E85 
 245      2501DB6F 
 245      B17E8965 
 245      A5EC
 246 0590 CBBE41DC 		.ascii	"\313\276A\334\310\376\177k6>2\332h1\272\324\253C?v\212"
 246      C8FE7F6B 
 246      363E32DA 
 246      6831BAD4 
 246      AB433F76 
 247 05a5 0ED6C02D 		.ascii	"\016\326\300-\3134\360}#\270\025\014\350~}\264\232\235"
 247      CB34F07D 
 247      23B8150C 
 247      E87E7DB4 
 247      9A9D
 248 05b7 475707BF 		.ascii	"GW\007\277\251#\277gD\3371\242O\353\320\017\214\350"
 248      A923BF67 
 248      44DF31A2 
 248      4FEBD00F 
 248      8CE8
 249 05c9 331F64AE 		.ascii	"3\037d\256W\007\277m\204\3374\222\267\350-\3570\302"
 249      5707BF6D 
 249      84DF3492 
 249      B7E82DEF 
 249      30C2
 250 05db 2F1BE1B5 		.ascii	"/\033\341\265:\362\207\316m\321\207E\207\276\345\334"
 250      3AF287CE 
 250      6DD18745 
 250      87BEE5DC 
 251 05eb 942196EB 		.ascii	"\224!\226\353miq\276\346\206\254Q\035\375]\347a\344"
 251      6D6971BE 
 251      E686AC51 
 251      1DFD5DE7 
 251      61E4
 252 05fd 707E39E9 		.ascii	"p~9\351y\357\263\\Q\200\302$q\246iK\251>\231T\342]\""
 252      79EFB35C 
ARM GAS  /tmp/ccw61rom.s 			page 19


 252      5180C224 
 252      71A6694B 
 252      A93E9954 
 253 0614 C595B1DD 		.ascii	"\305\225\261\3350\262u~\220\024\275\255]\316\341\203"
 253      30B2757E 
 253      9014BDAD 
 253      5DCEE183 
 254 0624 B62E477C 		.ascii	"\266.G|\012Y\316\360\317\301\007\236\012\274\372\011"
 254      0A59CEF0 
 254      CFC1079E 
 254      0ABCFA09 
 255 0634 80D346FA 		.ascii	"\200\323F\372\253:\327\272\235/?=\373\325d\301~\035"
 255      AB3AD7BA 
 255      9D2F3F3D 
 255      FBD564C1 
 255      7E1D
 256 0646 D9DB045E 		.ascii	"\331\333\004^\375\320\213,r<\275\3606^\3365\222\224"
 256      FDD08B2C 
 256      723CBDF0 
 256      365EDE35 
 256      9294
 257 0658 99D845AF 		.ascii	"\231\330E\257v[u\026\336XG\363\020]N!\2114D\253\344"
 257      765B7516 
 257      DE5847F3 
 257      105D4E21 
 257      893444AB 
 258 066d D1902A0F 		.ascii	"\321\220*\017\236\3744b\316w:\374\210\033\374\377\275"
 258      9EFC3462 
 258      CE773AFC 
 258      881BFCFF 
 258      BD
 259 067e D9E91971 		.ascii	"\331\351\031q\177\355\015Y\177\331\240\026j_\347\325"
 259      7FED0D59 
 259      7FD9A016 
 259      6A5FE7D5 
 260 068e 32BF6C60 		.ascii	"2\277l`\215\340\274\375/\262\275H\015s\020\312\316\237"
 260      8DE0BCFD 
 260      2FB2BD48 
 260      0D7310CA 
 260      CE9F
 261 06a0 5C3312EF 		.ascii	"\\3\022\3576\216.z\267\361-\272r[Q\220'\011\370\225"
 261      368E2E7A 
 261      B7F12DBA 
 261      725B5190 
 261      2709F895 
 262 06b4 718DE625 		.ascii	"q\215\346%6\207\336\224\326\312\364\236s\357\340\241"
 262      3687DE94 
 262      D6CAF49E 
 262      73EFE0A1 
 263 06c4 6D40CE73 		.ascii	"m@\316s\266\374\007\225u\342\324\367B\361\332\366\015"
 263      B6FC0795 
 263      75E2D4F7 
 263      42F1DAF6 
 263      0D
 264 06d5 85267EA0 		.ascii	"\205&~\240t\323\341\274\246\347\231f\322\311\261o\273"
 264      74D3E1BC 
 264      A6E79966 
ARM GAS  /tmp/ccw61rom.s 			page 20


 264      D2C9B16F 
 264      BB
 265 06e6 37B401C7 		.ascii	"7\264\001\307R\253\352\036\035x=\3749\237!\213\363e"
 265      52ABEA1E 
 265      1D783DFC 
 265      399F218B 
 265      F365
 266 06f8 83CC0E98 		.ascii	"\203\314\016\230K}G\372=I7c2u\345\367>t\005\377\361"
 266      4B7D47FA 
 266      3D493763 
 266      3275E5F7 
 266      3E7405FF 
 267 070d 00662C3B 		.ascii	"\000f,;\324?V\022d\311f\310\224\211\372\3074[A\372\247"
 267      D43F5612 
 267      64C966C8 
 267      9489FAC7 
 267      345B41FA 
 268 0722 CB6837FF 		.ascii	"\313h7\377\177\361t\273B\306I\020\312\216-\330\210\371"
 268      7FF174BB 
 268      42C64910 
 268      CA8E2DD8 
 268      88F9
 269 0734 C9627AB2 		.ascii	"\311bz\262\345\361\260\011\025e+n\254\007\025\036j\256"
 269      E5F1B009 
 269      15652B6E 
 269      AC07151E 
 269      6AAE
 270 0746 DCECA19D 		.ascii	"\334\354\241\235Q\300\270\327!.]\246\366m\226}T+\331"
 270      51C0B8D7 
 270      212E5DA6 
 270      F66D967D 
 270      542BD9
 271 0759 35BC296F 		.ascii	"5\274)o\263\273Y\350H\376\250\016D\357o[\261\311]\317"
 271      B3BB59E8 
 271      48FEA80E 
 271      44EF6F5B 
 271      B1C95DCF 
 272 076d BDE563DC 		.ascii	"\275\345c\3345\247\362VxO\312W\232\035x\305\257\365"
 272      35A7F256 
 272      784FCA57 
 272      9A1D78C5 
 272      AFF5
 273 077f 2B4D7028 		.ascii	"+Mp(\211Sa\253\354\003\3531Yx\217\327MM\303\236\271"
 273      895361AB 
 273      EC03EB31 
 273      59788FD7 
 273      4D4DC39E 
 274 0794 F89F7A9B 		.ascii	"\370\237z\233<\011g\266\017T\346z\221\307<\374+R\023"
 274      3C0967B6 
 274      0F54E67A 
 274      91C73CFC 
 274      2B5213
 275 07a7 4A5D0713 		.ascii	"J]\007\023\377\333b]\342\351M5GK|\2161\361\271,\361"
 275      FFDB625D 
 275      E2E94D35 
 275      474B7C8E 
 275      31F1B92C 
ARM GAS  /tmp/ccw61rom.s 			page 21


 276 07bc 47EF1764 		.ascii	"G\357\027d\233\310\000g\353\277\266*\305[\260\235\016"
 276      9BC80067 
 276      EBBFB62A 
 276      C55BB09D 
 276      0E
 277 07cd E477FC   		.ascii	"\344w\374"
 278 07d0 3C7EC7CF 		.ascii	"<~\307\317\323\230\362\214L\333\031S\371\305\216\207"
 278      D398F28C 
 278      4CDB1953 
 278      F9C58E87 
 279 07e0 5E24CD85 		.ascii	"^$\315\2051\265\266%U\212e\341\241\273\031\217\0217"
 279      31B5B625 
 279      558A65E1 
 279      A1BB198F 
 279      1137
 280 07f2 E3774F9B 		.ascii	"\343wO\233\337\211\333\241\031\305\303\011\373:]\206"
 280      DF89DBA1 
 280      19C5C309 
 280      FB3A5D86 
 281 0802 5D353BD5 		.ascii	"]5;\325U\263\203\007\272m\315\253k&c\022\0131Z\005,"
 281      55B38307 
 281      BA6DCDAB 
 281      6B266312 
 281      0B315A05 
 282 0817 5ABB58A0 		.ascii	"Z\273X\240w\252\201\256k{Q\355eL\313\260\350\215[V?"
 282      77AA81AE 
 282      6B7B51ED 
 282      654CCBB0 
 282      E88D5B56 
 283 082c 9007D332 		.ascii	"\220\007\3232Y\244e\267H\013\376\231\321M\315\027i\371"
 283      59A465B7 
 283      480BFE99 
 283      D14DCD17 
 283      69F9
 284 083e 89A5A57C 		.ascii	"\211\245\245|c\306\024\262\215{\237v/=\323M\313JI\257"
 284      63C614B2 
 284      8D7B9F76 
 284      2F3DD34D 
 284      CB4A49AF 
 285 0852 9615FAC7 		.ascii	"\226\025\372\307\245H\213e\2211\226\305,\226\357\313"
 285      A5488B65 
 285      913196C5 
 285      2C96EFCB 
 286 0862 AB4E7A90 		.ascii	"\253Nz\220\022\316Vp\247\242\335}\320\246)\006\233\352"
 286      12CE5670 
 286      A7A2DD7D 
 286      D0A62906 
 286      9BEA
 287 0874 87D8B447 		.ascii	"\207\330\264G\330\264W\236$\271\306\333g\305F\333\335"
 287      D8B4579E 
 287      24B9C6DB 
 287      67C546DB 
 287      DD
 288 0885 667EF3B7 		.ascii	"f~\363\267\011a\301\301\322\347\201\201\026\376\213"
 288      0961C1C1 
 288      D2E78181 
 288      16FE8B
ARM GAS  /tmp/ccw61rom.s 			page 22


 289 0894 8BB74485 		.ascii	"\213\267D\205/\262\304/\211\240\265-\336\036\030!y\306"
 289      2FB2C42F 
 289      89A0B52D 
 289      DE1E1821 
 289      79C6
 290 08a6 DBE7D8C3 		.ascii	"\333\347\330\303\227\330\247-\012_\022c\266\331\226"
 290      97D8A72D 
 290      0A5F1263 
 290      B6D996
 291 08b5 46C7DA43 		.ascii	"F\307\332CCl\366(KT\\L\244\345\037\361\013-\363\243"
 291      436CF628 
 291      4B545C4C 
 291      A4E51FF1 
 291      0B2DF3A3 
 292 08c9 632D0B23 		.ascii	"c-\013#\"\002\020\240\326\001\261q\261\221\001\221\341"
 292      220210A0 
 292      D601B171 
 292      B1910191 
 292      E1
 293 08da F3A30326 		.ascii	"\363\243\003&\007\204\004\005\177\031\360\317\220\200"
 293      07840405 
 293      7F19F0CF 
 293      9080
 294 08e8 A58B1784 		.ascii	"\245\213\027\204\333#-C\206-\321\261\021\213\226.\210"
 294      DB232D43 
 294      862DD1B1 
 294      118B962E 
 294      88
 295 08f9 B4C48447 		.ascii	"\264\304\204GDE\307FZl\013\"\277\013_\272\310n\263\177"
 295      4445C746 
 295      5A6C0B22 
 295      BF0B5FBA 
 295      C86EB37F 
 296 090d BF38323E 		.ascii	"\27782>0JrS5\316\373\037k\214\377>\336\202>.@zT\343"
 296      304A7253 
 296      35CEFB1F 
 296      6B8CFF3E 
 296      DE823E2E 
 297 0925 8EA23D3A 		.ascii	"\216\242=:&\322f\237\240\217\307\022\373 >\"\212\216"
 297      26D2669F 
 297      A08FC712 
 297      FB203E22 
 297      8A8E
 298 0937 23D48386 		.ascii	"#\324\203\206$n1\217\010\266#\355js\246h\"\302\266h"
 298      246E318F 
 298      08B623ED 
 298      6A73A668 
 298      22C2B668 
 299 094b D1025B34 		.ascii	"\321\002[4\3069\324\030\336\305qK\354\361\2269sg\207"
 299      C639D418 
 299      DEC5714B 
 299      ECF19639 
 299      736787
 300 095e 8658BEFE 		.ascii	"\206X\276\376z\272e\356\254\331\377\012\026\001\247"
 300      7ABA65EE 
 300      ACD9FF0A 
 300      1601A7
ARM GAS  /tmp/ccw61rom.s 			page 23


 301 096d B350834B 		.ascii	"\263P\203KX\330lk\250\374\027\253i\372\354iV2=\314j"
 301      58D86C6B 
 301      A8FC17AB 
 301      69FAEC69 
 301      56323DCC 
 302 0982 FA6AFA5C 		.ascii	"\372j\372\\+\011\013\263\022+\226iV+\371\353\2340\022"
 302      2B090BB3 
 302      122B9669 
 302      562BF9EB 
 302      9C3012
 303 0995 F6CD5C53 		.ascii	"\366\315\\SX\330\014+\303\207\260w0\2311\323*\317\301"
 303      58D80C2B 
 303      C387B077 
 303      309931D3 
 303      2ACFC1
 304 09a8 99B36658 		.ascii	"\231\263fXMsf#:\314\032\202%\030\221\177\267\206|\232"
 304      4D736623 
 304      3ACC1A82 
 304      2518917F 
 304      B7867C9A 
 305 09bc 35F1F618 		.ascii	"5\361\366\030\032\362\350\030\356\256\020lv\037\341"
 305      1AF2E818 
 305      EEAE106C 
 305      761FE1
 306 09cb 583C5D12 		.ascii	"X<]\022\266p\352\253\227\315\366\335\322\330\010\233"
 306      B670EAAB 
 306      97CDF6DD 
 306      D2D8089B 
 307 09db 2DF0F741 		.ascii	"-\360\367A\277\013qS%SDT\370\222\317\006\341q\2139z"
 307      BF0B7153 
 307      25534454 
 307      F892CF06 
 307      E1718B39 
 308 09f0 94DA13E9 		.ascii	"\224\332\023\351l\372\037\324\341\205\316\206'\207\376"
 308      6CFA1FD4 
 308      E185CE86 
 308      2787FE
 309 09ff 07D78000 		.ascii	"\007\327\200\000;"
 309      3B
 310              		.text
 311              		.section	.gnu.lto_.symtab.65a830534cb1ae88,"",%progbits
 312 0000 7374496E 		.ascii	"stInit\000"
 312      697400
 313 0007 00       		.ascii	"\000"
 314 0008 00       		.ascii	"\000"
 315 0009 00       		.ascii	"\000"
 316 000a 00000000 		.ascii	"\000\000\000\000\000\000\000\000"
 316      00000000 
 317 0012 AE000000 		.ascii	"\256\000\000\000"
 318 0016 73745374 		.ascii	"stStartAlarm\000"
 318      61727441 
 318      6C61726D 
 318      00
 319 0023 00       		.ascii	"\000"
 320 0024 00       		.ascii	"\000"
 321 0025 00       		.ascii	"\000"
 322 0026 00000000 		.ascii	"\000\000\000\000\000\000\000\000"
ARM GAS  /tmp/ccw61rom.s 			page 24


 322      00000000 
 323 002e BF000000 		.ascii	"\277\000\000\000"
 324 0032 73745374 		.ascii	"stStopAlarm\000"
 324      6F70416C 
 324      61726D00 
 325 003e 00       		.ascii	"\000"
 326 003f 00       		.ascii	"\000"
 327 0040 00       		.ascii	"\000"
 328 0041 00000000 		.ascii	"\000\000\000\000\000\000\000\000"
 328      00000000 
 329 0049 C1000000 		.ascii	"\301\000\000\000"
 330 004d 73745365 		.ascii	"stSetAlarm\000"
 330      74416C61 
 330      726D00
 331 0058 00       		.ascii	"\000"
 332 0059 00       		.ascii	"\000"
 333 005a 00       		.ascii	"\000"
 334 005b 00000000 		.ascii	"\000\000\000\000\000\000\000\000"
 334      00000000 
 335 0063 C3000000 		.ascii	"\303\000\000\000"
 336 0067 73744765 		.ascii	"stGetAlarm\000"
 336      74416C61 
 336      726D00
 337 0072 00       		.ascii	"\000"
 338 0073 00       		.ascii	"\000"
 339 0074 00       		.ascii	"\000"
 340 0075 00000000 		.ascii	"\000\000\000\000\000\000\000\000"
 340      00000000 
 341 007d C6000000 		.ascii	"\306\000\000\000"
 342 0081 73745F6C 		.ascii	"st_lld_init\000"
 342      6C645F69 
 342      6E697400 
 343 008d 00       		.ascii	"\000"
 344 008e 02       		.ascii	"\002"
 345 008f 00       		.ascii	"\000"
 346 0090 00000000 		.ascii	"\000\000\000\000\000\000\000\000"
 346      00000000 
 347 0098 C8000000 		.ascii	"\310\000\000\000"
 348              		.text
 349              		.section	.gnu.lto_.opts,"",%progbits
 350 0000 272D666D 		.ascii	"'-fmath-errno' '-fsigned-zeros' '-ftrapping-math' '"
 350      6174682D 
 350      6572726E 
 350      6F272027 
 350      2D667369 
 351 0033 2D666E6F 		.ascii	"-fno-trapv' '-fno-openmp' '-fno-openacc' '-mcpu=cor"
 351      2D747261 
 351      70762720 
 351      272D666E 
 351      6F2D6F70 
 352 0066 7465782D 		.ascii	"tex-m7' '-mno-thumb-interwork' '-mthumb' '-ggdb' '-"
 352      6D372720 
 352      272D6D6E 
 352      6F2D7468 
 352      756D622D 
 353 0099 4F322720 		.ascii	"O2' '-fomit-frame-pointer' '-falign-functions=16' '"
 353      272D666F 
ARM GAS  /tmp/ccw61rom.s 			page 25


 353      6D69742D 
 353      6672616D 
 353      652D706F 
 354 00cc 2D666675 		.ascii	"-ffunction-sections' '-fdata-sections' '-fno-common"
 354      6E637469 
 354      6F6E2D73 
 354      65637469 
 354      6F6E7327 
 355 00ff 2720272D 		.ascii	"' '-flto'\000"
 355      666C746F 
 355      2700
 356              		.text
 357              		.comm	__gnu_lto_v1,1,1
 358              		.comm	__gnu_lto_slim,1,1
 359              		.ident	"GCC: (GNU Tools for ARM Embedded Processors 6-2017-q2-update) 6.3.1 20170620 (release) [AR
ARM GAS  /tmp/ccw61rom.s 			page 26


DEFINED SYMBOLS
                            *ABS*:0000000000000000 hal_st.c
                            *COM*:0000000000000001 __gnu_lto_v1
                            *COM*:0000000000000001 __gnu_lto_slim

NO UNDEFINED SYMBOLS
