ARM GAS  /tmp/cc0fHMft.s 			page 1


   1              		.cpu cortex-m7
   2              		.eabi_attribute 20, 1
   3              		.eabi_attribute 21, 1
   4              		.eabi_attribute 23, 3
   5              		.eabi_attribute 24, 1
   6              		.eabi_attribute 25, 1
   7              		.eabi_attribute 26, 1
   8              		.eabi_attribute 30, 2
   9              		.eabi_attribute 34, 1
  10              		.eabi_attribute 18, 4
  11              		.file	"hal_st_lld.c"
  12              		.text
  13              	.Ltext0:
  14              		.section	.gnu.lto_.profile.569d7263f6747201,"",%progbits
  15 0000 789C6365 		.ascii	"x\234ce`b`a```d\260\221\007\000\001\027\000h"
  15      60626061 
  15      60606064 
  15      B0910700 
  15      01170068 
  16              		.text
  17              		.section	.gnu.lto_.icf.569d7263f6747201,"",%progbits
  18 0000 789C6365 		.ascii	"x\234ce`b\340c@\000&\206\216[\033z\331\030?\334\377"
  18      6062E063 
  18      40002686 
  18      8E5B1B7A 
  18      D9183FDC 
  19 0015 3E978D01 		.ascii	">\227\215\001\000-\370\006'"
  19      002DF806 
  19      27
  20              		.text
  21              		.section	.gnu.lto_.jmpfuncs.569d7263f6747201,"",%progbits
  22 0000 789C6365 		.ascii	"x\234ce`b0g@\000&0\311\310\300\300\3028\235\231\361"
  22      60623067 
  22      40002630 
  22      C9C8C0C0 
  22      C2389D99 
  23 0015 E9C9C96D 		.ascii	"\351\311\311m<}\314\363\231\031\030e\030\2273\312\000"
  23      3C7DCCF3 
  23      99191865 
  23      189733CA 
  23      00
  24 0026 6580A25D 		.ascii	"e\200\242]\277\256\367q@D9\030W\200D\031\0004\214\013"
  24      BFAEF771 
  24      40443918 
  24      57804419 
  24      00348C0B 
  25 003a 59       		.ascii	"Y"
  26              		.text
  27              		.section	.gnu.lto_.inline.569d7263f6747201,"",%progbits
  28 0000 789C6365 		.ascii	"x\234ce`b\260b@\000&\006\006\036QF\006&\276{\001\014"
  28      6062B062 
  28      40002606 
  28      061E5146 
  28      0626BE7B 
  29 0016 6C0BE499 		.ascii	"l\013\344\231@b\214\\p\202A\\\036(\251t\241\223\011"
  29      40628C5C 
  29      7082415C 
ARM GAS  /tmp/cc0fHMft.s 			page 2


  29      1E28A974 
  29      A19309
  30 0029 2ECBCC03 		.ascii	".\313\314\003\326\305\000\000\253`\005\020"
  30      D6C50000 
  30      AB600510 
  31              		.text
  32              		.section	.gnu.lto_.pureconst.569d7263f6747201,"",%progbits
  33 0000 789C6365 		.ascii	"x\234ce`b`c`\000\222\273\030\031\245\000\003\273\000"
  33      60626063 
  33      600092BB 
  33      1819A500 
  33      03BB00
  34 0013 E6       		.ascii	"\346"
  35              		.text
  36              		.section	.gnu.lto_VectorB0.569d7263f6747201,"",%progbits
  37 0000 789C8554 		.ascii	"x\234\205T]l\024U\024>g\356\354\316v\267X\303\223\032"
  37      5D6C1455 
  37      143E67EE 
  37      ECCE76B7 
  37      58C3931A 
  38 0014 82DB681F 		.ascii	"\202\333h\0370\320\001i0\361\301\304\324\227&lbZ\336"
  38      30D00169 
  38      30F1C1C4 
  38      D497266C 
  38      625ADE
  39 0027 1B1C56BB 		.ascii	"\033\034V\273\311.Kv\012\201\247\336\226bCE0&BW\251"
  39      C92E4B76 
  39      0A81A7DE 
  39      96624345 
  39      30264257 
  40 003c 43AC4A45 		.ascii	"C\254JE\372+*\333\332\262\264B\371k\011\215\032\223"
  40      FA2B2ADB 
  40      DAB2B442 
  40      F96B098D 
  40      1A93
  41 004e 3E8040C5 		.ascii	">\200@\305bM\3206\024\005[\317\271\273]\313\254\221"
  41      624DD036 
  41      14055BCF 
  41      B9BB5DCB 
  41      AC91
  42 0060 C9EECCDE 		.ascii	"\311\356\314\336\363}\347\236\357\234\357\316z@\203"
  42      F37DE79E 
  42      EF9CEFCE 
  42      7A4083
  43 006f 220F8086 		.ascii	"\"\017\200\206\000e\000\200\036@\355\2351\200z\237\246"
  43      00650080 
  43      1E40ED9D 
  43      31807A9F 
  43      A6
  44 0080 89BE9520 		.ascii	"\211\276\225 \375\372\017&\310B\201z&\254#\362\017\351"
  44      FDFA0F26 
  44      C842817A 
  44      26AC23F2 
  44      0FE9
  45 0092 43A8D384 		.ascii	"C\250\323\204\216ux@\034\0228\324\364sJ[uT\322\225>"
  45      8E757840 
  45      1C1238D4 
ARM GAS  /tmp/cc0fHMft.s 			page 3


  45      F4734A5B 
  45      7554D295 
  46 00a7 F45751BD 		.ascii	"\364WQ\275\334\363\204#\000\222\364\345\013\217\342"
  46      DCF38423 
  46      0092F4E5 
  46      0B8FE2
  47 00b6 2A20DAF5 		.ascii	"* \332\365\236\371\367\226y\365L\034\333\321Ku\241k"
  47      9EF9F796 
  47      79F54C1C 
  47      DBD14B75 
  47      A16B
  48 00c8 1CD3727E 		.ascii	"\034\323r~\241I\246g\333\260\277\322/\300\241r|\003"
  48      A149A667 
  48      DBB0BFD2 
  48      2FC0A172 
  48      7C03
  49 00da 682622D7 		.ascii	"h&\"\327{Kh\374\024S8\3247\265oo\200s[\005W>\270g\350"
  49      7B4B68FC 
  49      145338D4 
  49      37B56F6F 
  49      80735B05 
  50 00f3 B2B15F38 		.ascii	"\262\261_8\202z\240\345X\307\334\035\177f\311bt\012"
  50      827AA0E5 
  50      58C7DC1D 
  50      7F66C962 
  50      740A
  51 0105 B575DE1D 		.ascii	"\265u\336\035\3619\330ZO\353\240#\004\036\303\025\370"
  51      F139D85A 
  51      4FEBA023 
  51      041EC315 
  51      F8
  52 0116 19AE00E6 		.ascii	"\031\256\000\346\037\033\235\2351\314\016\331X\317\230"
  52      1F1B9D9D 
  52      31CC0ED9 
  52      58CF98
  53 0125 8E9FA383 		.ascii	"\216\237\243\203-J5\036G\023\246p\367\2037\223F\246"
  53      2D4A351E 
  53      4713A670 
  53      F7833793 
  53      46A6
  54 0137 9C9EA978 		.ascii	"\234\236\251xfa.]\304%\0205\354\240}nb\343\304pY\226"
  54      66612E5D 
  54      C4251035 
  54      ECA07D6E 
  54      62E3C470 
  55 014d 4384AEE9 		.ascii	"C\204\256\351\324\237\3132\004\300N.\004\334\201\200"
  55      D49FCB32 
  55      04C04E2E 
  55      04DC8180 
  56 015d BE95DCC0 		.ascii	"\276\225\334\300\354/o\237W\015\270\264\035\371\024"
  56      EC2F6F9F 
  56      570DB8B4 
  56      1DF914
  57 016c E151F2BA 		.ascii	"\341Q\362\272\376\225\327\215\346\322\366u\252\325C"
  57      FE95D78D 
  57      E6D2F675 
  57      AAD543
ARM GAS  /tmp/cc0fHMft.s 			page 4


  58 017b 5993A871 		.ascii	"Y\223\250q\342\225\306\356\303\202\343\036dI\277\217"
  58      E295C6EE 
  58      C382E31E 
  58      6449BF8F 
  59 018b BE7FE331 		.ascii	"\276\177\3431^z1H\313O.\214\237\012\210\015jb\263-="
  59      5E7A3148 
  59      CB4F2E8C 
  59      9F0A880D 
  59      6A62B32D 
  60 01a0 ED05256D 		.ascii	"\355\005%mR6\310\364\334\310s\311\037oJ\371\256DG\030"
  60      5236C8F4 
  60      DCC873C9 
  60      1F6F4AF9 
  60      AE444718 
  61 01b4 78020539 		.ascii	"x\002\0059\205_\220\240\336l\033\370%\226PR\323\224"
  61      855F90A0 
  61      DE6C1BF8 
  61      25965052 
  61      D394
  62 01c6 1CD0793F 		.ascii	"\034\320y?\003\203\370\025a\267\261\341\372\314\376"
  62      0383F815 
  62      61B7B1E1 
  62      FACCFE
  63 01d5 135731E7 		.ascii	"\023W1\347rc\3460|\270\334\243\234N\012\004\027\266"
  63      7263E630 
  63      7CB8DCA3 
  63      9C4E0A04 
  63      17B6
  64 01e7 70BCACD9 		.ascii	"p\274\254\331\002\374\232A\315\015\336?\271:\002x\222"
  64      02FC9A41 
  64      CD0DDE3F 
  64      B93A0278 
  64      92
  65 01f8 31E1C666 		.ascii	"1\341\306fn\275\364$`\2121\335\215\215\177 X#`\037\303"
  65      6EBDF424 
  65      608A31DD 
  65      8D8D7F20 
  65      5823601F 
  66 020d 9EA5A70E 		.ascii	"\236\245\247\016\373\321K\035|\303\307\016\341\026K"
  66      FBD14B1D 
  66      7CC3C70E 
  66      E1164B
  67 021c FDC8E9BD 		.ascii	"\375\310\351\275\347/\276\207\216l\241\371\372\230\335"
  67      E72FBE87 
  67      8E6CA1F9 
  67      FA98DD
  68 022b 71A35FFA 		.ascii	"q\243_\372t\215\210\003X\254L\2703\375\335\204F\021"
  68      748D8803 
  68      58AC4CB8 
  68      33FDDD84 
  68      4611
  69 023d 1C445D35 		.ascii	"\034D]5\013xJM\265}px\262\260\370~6\273\200\271\177"
  69      0B784A4D 
  69      B57D7078 
  69      B2B0F87E 
  69      36BB80B9 
  70 0252 74F67E1F 		.ascii	"t\366~\037P\331i\316\306\323t\222'\261!\250\006\007"
ARM GAS  /tmp/cc0fHMft.s 			page 5


  70      50D969CE 
  70      C6D37492 
  70      27B121A8 
  70      0607
  71 0264 F02BEEBE 		.ascii	"\360+\356\2766p\360\356\353\356)u\347\246\344}H\361"
  71      3670F0EE 
  71      EBEE2975 
  71      E7A6E47D 
  71      48F1
  72 0276 90523C8C 		.ascii	"\220R<\214*\232JMO\030u\177K\237#\374I\232<\203\370"
  72      2A9A4A4D 
  72      4F18757F 
  72      4B9F23FC 
  72      499A3C83 
  73 028b 2DD6D1A9 		.ascii	"-\326\321\251\011,\372\376\260\233\033\036\345\346\031"
  73      092CFAFE 
  73      B09B1B1E 
  73      E5E619
  74 029a E566EE10 		.ascii	"\345f\356\020\0314\230\263\377\347foN\247/\337\315\340"
  74      193498B3 
  74      FFE7666F 
  74      4EA72FDF 
  74      CDE0
  75 02ac 3E727384 		.ascii	">rs\204\301\202|7\237\215\002\236c\314\237\347\346\310"
  75      C1827C37 
  75      9F8D029E 
  75      63CC9FE7 
  75      E6C8
  76 02be 334F019E 		.ascii	"3O\001\236g,\340\306n\267\012\326\010x!\337\315\213"
  76      672CE0C6 
  76      6EB70AD6 
  76      087821DF 
  76      CD8B
  77 02d0 6A369796 		.ascii	"j6\227\226\2709\357\3744\030X4\352\2542jT\031\345ve"
  77      B839EFFC 
  77      34185834 
  77      EAAC326A 
  77      5419E576 
  78 02e5 2CE70A6F 		.ascii	",\347\012o\256\336N]\375\277\260?{\017\027p\213\371"
  78      AEDE4E5D 
  78      FDBFB03F 
  78      7B0F1770 
  78      8BF9
  79 02f7 132FA4CC 		.ascii	"\023/\244\314\313\331q\377\206\015G\346>FE\344\253\231"
  79      CBD971FF 
  79      860D47E6 
  79      3E4645E4 
  79      AB99
  80 0309 8E376D40 		.ascii	"\2167m@%\326\227\226\232\231O\3346k6G\315m\361D\255"
  80      25D69796 
  80      9A994FDC 
  80      366B3647 
  80      CD6DF144 
  81 031e 6D566D0A 		.ascii	"mVm\012\255\177\336\334\270\361\025sSEh\307:F\252\355"
  81      AD7FDEDC 
  81      B8F11573 
  81      534568C7 
ARM GAS  /tmp/cc0fHMft.s 			page 6


  81      3A46AAED 
  82 0332 DAEA6874 		.ascii	"\332\352htK\251\005\306k\233\355\360\253\211\310\232"
  82      4BA905C6 
  82      6B9BEDF0 
  82      AB89C89A 
  83 0342 A5B9563C 		.ascii	"\245\271V<\026\213o\315\246\277\\\031*\017\3554\255"
  83      168B6FCD 
  83      A6BF5C19 
  83      2A0FED34 
  83      AD
  84 0353 1A2B9E08 		.ascii	"\032+\236\010W\357x!VZ\003/\376\007;\274\263\226\271"
  84      57EF7821 
  84      565A032F 
  84      FE073BBC 
  84      B396B9
  85 0366 6679A8AA 		.ascii	"fy\250\252\242\312,'\262Y\261\325\212n\337\0226\255"
  85      A2CA2C27 
  85      B259B1D5 
  85      8A6EDF12 
  85      36AD
  86 0378 981DB1AB 		.ascii	"\230\035\261\253\337\260,J}\332-2n\323-Q\253\236n\234"
  86      DFB02C4A 
  86      7DDA2D32 
  86      6ED32D51 
  86      AB9E6E9C 
  87 038c C291C53D 		.ascii	"\302\221\305=j\354]6\341\217\207\252*\203,z[\"\262:"
  87      6AEC5D36 
  87      E18F87AA 
  87      2A832C7A 
  87      5B22B23A 
  88 03a0 58B216B4 		.ascii	"X\262\026\264\004\030\261p,\236\330\005\377\000\316"
  88      0418B170 
  88      2C9ED805 
  88      FF00CE
  89 03af 63F994   		.ascii	"c\371\224"
  90              		.text
  91              		.section	.gnu.lto_st_lld_init.569d7263f6747201,"",%progbits
  92 0000 789CA595 		.ascii	"x\234\245\225_H\024A\030\300\347\333\331\335\333\275"
  92      5F481441 
  92      18C0E7DB 
  92      D9DDDBBD 
  93 0010 CC207A08 		.ascii	"\314 z\010\272\207^\215p1\351\271\227^\002}\322w\211"
  93      BA875E8D 
  93      7031E9B9 
  93      975E027D 
  93      D27789
  94 0023 7A28108C 		.ascii	"z(\020\214\224\036\2735\275\263\014T\210\316\204\216"
  94      941EBB35 
  94      BDB30C54 
  94      88CE848E 
  95 0033 3D10322D 		.ascii	"=\0202-=\317\324<\263</\3154=\315\242,\373G\220(\026"
  95      3DCFD43C 
  95      B33C2FCD 
  95      343DCDA2 
  95      2CFB4790 
  96 0049 881E1589 		.ascii	"\210\036\025\211^\3377{\336\211=\3355\334\316\336\316"
  96      5EDF377B 
ARM GAS  /tmp/cc0fHMft.s 			page 7


  96      DE893DDD 
  96      35DCCEDE 
  96      CE
  97 005a CCFE7EDF 		.ascii	"\314\376~\3377;\263\2530\211\235P\031;\316\030;\204"
  97      373BB3AB 
  97      30899D50 
  97      193BCE18 
  97      3B84
  98 006c 07700652 		.ascii	"\007p\006RS\214\261jM\002\240?\246\006\314-\201\033"
  98      538CB16A 
  98      4D02A03F 
  98      A606CC2D 
  98      811B
  99 007e 1A793387 		.ascii	"\032y3\207h\335bX\312k3\261D\232\327\366{M\317A\213"
  99      68DD6258 
  99      CA6B33B1 
  99      449AD7F6 
  99      7B4DCF41 
 100 0093 33D68207 		.ascii	"3\326\202\007\025h\203<\206\303\276\206\266n\356Ue\273"
 100      1568833C 
 100      86C3BE86 
 100      B66EEE55 
 100      65BB
 101 00a5 1DEE820A 		.ascii	"\035\356\202\012x\016\316A\304\334J\324\231\221\321"
 101      780ECE41 
 101      C4DC4AD4 
 101      9991D1
 102 00b4 56D82C39 		.ascii	"V\330,9 1\213\243\017+\205*\225*\215*\235*\306\352\361"
 102      20318BA3 
 102      0F2B852A 
 102      952A8D2A 
 102      9D2AC6EA 
 103 00c9 668AE03A 		.ascii	"f\212\340:\227\350\314\227!:\270<|\236p~.\241\305\347"
 103      97E8CC97 
 103      213AB83C 
 103      7C9E707E 
 103      2EA1C5E7 
 104 00dd 89CE381A 		.ascii	"\211\3168\032\270\305% i\255\177lQ\267/\315\325\253"
 104      B8C52520 
 104      69AD7F6C 
 104      51B72FCD 
 104      D5AB
 105 00ef A68C4D2B 		.ascii	"\246\214M+\2377\302\212\005\376j\214\367\260\3059t\200"
 105      9F37C28A 
 105      05FE6A8C 
 105      F7B0C539 
 105      7480
 106 0101 0BDAC1C5 		.ascii	"\013\332\301\305h\374\232o\366K\216\321i\326\202\305"
 106      68FC9A6F 
 106      F64B8ED1 
 106      69D682C5 
 107 0111 65B80716 		.ascii	"e\270\007\026\334\022i\300}0\3302\324\374\366\202\355"
 107      DC1269C0 
 107      7D30D832 
 107      D4FCF682 
 107      ED
 108 0122 E2B6AE77 		.ascii	"\342\266\256wt\334\253\021\037\260t\"\004\003\362\351"
ARM GAS  /tmp/cc0fHMft.s 			page 8


 108      74DCAB11 
 108      1FB07422 
 108      0403F2E9 
 109 0132 34243353 		.ascii	"4$3SW\332\024\004\003\361\004\032\324m\227\222\031\253"
 109      57DA1404 
 109      03F1041A 
 109      D46D9792 
 109      19AB
 110 0144 5BB06876 		.ascii	"[\260hv!\264+j\202\375O\230=i\364\003\012S\025a\266"
 110      21B42B6A 
 110      82FD4F98 
 110      3D69F403 
 110      0A531561 
 111 0159 4F2603D5 		.ascii	"O&\003\325v>\000E<\200\372\232\221\036\315\2764#Mf."
 111      763E0045 
 111      3C80FA9A 
 111      911ECDBE 
 111      34234D66 
 112 016e 36CD7E1A 		.ascii	"6\315~\032x\343L\373T\350C_o\322\327\277\276\326\230"
 112      78E34CFB 
 112      54E8435F 
 112      6FD2D7BF 
 112      BED698
 113 0181 F6F50B9F 		.ascii	"\366\365\013\237D\276\207\273R\321Q\367O*\031\240\007"
 113      44BE87BB 
 113      52D151F7 
 113      4F2A19A0 
 113      07
 114 0192 D2E830A5 		.ascii	"\322\3500\245\242\023(\2764}-7\311J%\342\020\211\304"
 114      A21328BE 
 114      347D2D37 
 114      C94A25E2 
 114      1089C4
 115 01a5 3A7FAD3A 		.ascii	":\177\255:\355KZ\351\264\222Z\273~\216kI[\3402.P\015"
 115      ED4B5AE9 
 115      B4925ABB 
 115      7E8E6B49 
 115      5BE0322E 
 116 01bb 1EA16F30 		.ascii	"\036\241o0\351\353\230\216\257;\310WM\261\3100$\214"
 116      E9EB988E 
 116      AF3BC857 
 116      4DB1C830 
 116      248C
 117 01cd 62F53F06 		.ascii	"b\365?\006\003\007x\002\267\217\022Q\206\340k\006O\354"
 117      03077802 
 117      B78F1251 
 117      86E06B06 
 117      4FEC
 118 01df 5CE24BB1 		.ascii	"\\\342K\261T\010\031\012\206\205@&AD\010V\206\272\347"
 118      5408190A 
 118      86854026 
 118      41440856 
 118      86BAE7
 119 01f2 15DB90C0 		.ascii	"\025\333\220\300\262\017F\266\0353\331:\242\302\241"
 119      B20F46B6 
 119      1D33D93A 
 119      A2C2A1
ARM GAS  /tmp/cc0fHMft.s 			page 9


 120 0201 90E3A970 		.ascii	"\220\343\251p\244\246I\006\006\243\333\374\371\354\370"
 120      A4A64906 
 120      06A3DBFC 
 120      F9ECF8
 121 0210 3A8C093E 		.ascii	":\214\011>\276}\2503\341\013}T\013\202\324\031\350\021"
 121      BE7DA833 
 121      E10B7D54 
 121      0B82D419 
 121      E811
 122 0222 4FED1918 		.ascii	"O\355\031\030p\304%\366\3118\024\244}\357\262\315\347"
 122      70C425F6 
 122      C93814A4 
 122      7DEFB2CD 
 122      E7
 123 0233 B9F03908 		.ascii	"\271\3609\0108\201\354\024\360}\266\300I\001\324\010"
 123      3881EC14 
 123      F07DB6C0 
 123      4901D408 
 124 0243 F8622770 		.ascii	"\370b'p![\340\224\000\352\004\234\0263\336W7\025r\332"
 124      215BE094 
 124      00EA049C 
 124      1633DE57 
 124      371572DA 
 125 0257 330E10DB 		.ascii	"3\016\020\333\346\177\310\226?#\370N\342\317b\300\004"
 125      E67FC896 
 125      3F23F84E 
 125      E2CF62C0 
 125      04
 126 0268 5CC1A599 		.ascii	"\\\301\245\231\270\303\211Gw\204\303\337\027\034\356"
 126      B8C38947 
 126      7784C3DF 
 126      171CEE
 127 0277 4D53B3B8 		.ascii	"MS\263\270\263\205v?\274\0047u|\233\270\341\315\241"
 127      B385763F 
 127      BC043775 
 127      7C9BB8E1 
 127      CDA1
 128 0289 48F6207F 		.ascii	"H\366 \177\016\\\264\337\377\274m\320\354&\015^\201"
 128      0E5CB4DF 
 128      FFBC6DD0 
 128      EC260D5E 
 128      81
 129 029a CBE239EC 		.ascii	"\313\3429\354\007\\\011l\264\211}+\276\010\365\310\300"
 129      075C096C 
 129      B4897D2B 
 129      BE08F5C8 
 129      C0
 130 02ab 9737EEBD 		.ascii	"\2277\356\275\302\374|\303\376UT\032\347N\227\033\027"
 130      C2FC7CC3 
 130      FE55541A 
 130      E74E971B 
 130      17
 131 02bc 2A2E5655 		.ascii	"*.VU\032%\245\305\205\307\214\242\242\223F\351\251\342"
 131      1A25A5C5 
 131      85C78CA2 
 131      A29346E9 
 131      A9E2
ARM GAS  /tmp/cc0fHMft.s 			page 10


 132 02ce 4B05D453 		.ascii	"K\005\324SVYUV^~6\377\014\373\013\227d\031\033"
 132      56595556 
 132      5E7E36FF 
 132      0CFB0B97 
 132      64191B
 133              		.text
 134              		.section	.gnu.lto_.symbol_nodes.569d7263f6747201,"",%progbits
 135 0000 789C6365 		.ascii	"x\234ce`b(d\000\002\246#L\365\014\014\023\31610\000"
 135      60622864 
 135      0002A623 
 135      4CF50C0C 
 135      13CE3130 
 136 0015 A95D0D8E 		.ascii	"\251]\015\216@\221\243L\365\214(\"\214\307\230\352\231"
 136      4091A34C 
 136      F58C2822 
 136      8CC798EA 
 136      99
 137 0026 C0220C0C 		.ascii	"\300\"\014\014\015\015\016@\201\343L\365\314(\002'\230"
 137      0D0D0E40 
 137      81E34CF5 
 137      CC280227 
 137      98
 138 0037 EA599005 		.ascii	"\352Y\220\005\230\201\260\345\33016f\240=-\355o\344"
 138      9881B0E5 
 138      D8313666 
 138      A03D2DED 
 138      6FE4
 139 0049 99195918 		.ascii	"\231\031Y\030\216t\275\221g\000\000U\336\034\017"
 139      8E74BD91 
 139      67000055 
 139      DE1C0F
 140              		.text
 141              		.section	.gnu.lto_.refs.569d7263f6747201,"",%progbits
 142 0000 789C6365 		.ascii	"x\234ce`b`d\000\002\000\000I\000\011"
 142      60626064 
 142      00020000 
 142      490009
 143              		.text
 144              		.section	.gnu.lto_.decls.569d7263f6747201,"",%progbits
 145 0000 789CCD58 		.ascii	"x\234\315XyPTI\232\257|Y\034U@i\200;\353\306\2721\275"
 145      79505449 
 145      9AAF7C59 
 145      1C554069 
 145      803BEBC6 
 146 0017 3D6CC8C4 		.ascii	"=l\310\304\204\226`O\367\314\306\376\241\026(\304J\267"
 146      8496604F 
 146      F7CCC6FE 
 146      A11628C4 
 146      4AB7
 147 0029 51D81D1B 		.ascii	"Q\330\035\033\0231QAcuC4G7`\217\2751\261]\010\310\341"
 147      13315141 
 147      63754334 
 147      4737608F 
 147      BD31B15D 
 148 0040 89379EC8 		.ascii	"\2117\236\310\215\202\202=\210\250\010\002\"\247\215"
 148      8D82823D 
 148      88A80802 
ARM GAS  /tmp/cc0fHMft.s 			page 11


 148      22A78D
 149 004f 20822052 		.ascii	" \202 R\002\"\210\007\202\012\342\301~\231\371\252^"
 149      02228807 
 149      820AE2C1 
 149      7E99F9AA 
 149      5E
 150 0060 D6AB7276 		.ascii	"\326\253rv\376\330\215\330\027|\225\357\313\374\345"
 150      FED88DD8 
 150      177C95EF 
 150      CBFCE5
 151 006f EF7D47BE 		.ascii	"\357}G\276|_\342\244\020\024\365\377\244Px8)\024k\221"
 151      7C5FE2A4 
 151      1014F5FF 
 151      A4507838 
 151      29146B91 
 152 0083 42310717 		.ascii	"B1\007\027V(\024% \240*J\025\354\202a\305y\220\013 "
 152      56281425 
 152      20A02A4A 
 152      15EC8261 
 152      C579900B 
 153 0098 97402E83 		.ascii	"\227@.\203\324)\354\257\357`\222;\264_\200,\006q\001"
 153      D429ECAF 
 153      EF60923B 
 153      B45F802C 
 153      067101
 154 00ab DD19A409 		.ascii	"\335\031\244\011\356=A\026\210\234\036\320\347\011\342"
 154      EE3D4116 
 154      889C1ED0 
 154      E709E2
 155 00ba 0552213E 		.ascii	"\005R!>\3539\351\027\237\363w\320\361\367 \377\000\362"
 155      EB39E917 
 155      9FF377D0 
 155      F1F720FF 
 155      00F2
 156 00cc 8F20FF0C 		.ascii	"\217 \377\014\362+\304\236\373/\320.\006\3715\310o\020"
 156      F22BC49E 
 156      FB2FD02E 
 156      06F935C8 
 156      6F10
 157 00de B3477E6D 		.ascii	"\263G~mD\214\313b\307\237A\377O\321\2164hS\221d[7\364"
 157      448CCB62 
 157      C79F41FF 
 157      4FD18E34 
 157      68539164 
 158 00f5 A5236657 		.ascii	"\245#fW-\210\033H8\350\261 \011$&\012f\340Kh0\264\323"
 158      2D881B48 
 158      38E8B120 
 158      0924260A 
 158      66E04B68 
 159 010c D04E8208 		.ascii	"\320N\202\010p?EZ1.\216\342q\000\243\376\306\242Sx\007"
 159      703F455A 
 159      312E8EE2 
 159      7100A3FE 
 159      C6A25378 
 160 0121 468BD588 		.ascii	"F\213\325\210Dw\036t\235yT\371\312\203u\021\304\300"
 160      44771E74 
 160      9D7954F9 
ARM GAS  /tmp/cc0fHMft.s 			page 12


 160      CA837511 
 160      C4C0
 161 0133 ABC2D54B 		.ascii	"\253\302\325K\213M\354r\025\244\251\035;'s]\260\033"
 161      8B4DEC72 
 161      15A4A91D 
 161      3B27735D 
 161      B01B
 162 0145 05DD482A 		.ascii	"\005\335H*=Bh<\325H\011\352\263\266CC\032P\027\250\321"
 162      3D42683C 
 162      D54809EA 
 162      B3B64343 
 162      1A5017A8 
 163 015a 0707B090 		.ascii	"\007\007\260\220\331\334]\253D>\352|BQ3=\2718#\305d"
 163      D9DC5DAB 
 163      443EEA7C 
 163      4251333D 
 163      B93823C5 
 164 016f 12D069A4 		.ascii	"\022\320i\244F'\021FEh)\361a\261\032~SM\246\315\246"
 164      46271146 
 164      456829F1 
 164      61B11A7E 
 164      534DA6CD 
 165 0184 5D892655 		.ascii	"]\211&U\240\002\025\243E\350\024Z\244@%\310\207XCp\250"
 165      A00215A3 
 165      45E8145A 
 165      A44025C8 
 165      87584370 
 166 0199 103A0BA0 		.ascii	"\020:\013\240\023\236R\224\233\221\355\214\177$\006"
 166      139E5294 
 166      9B91ED8C 
 166      7F2406
 167 01a8 080D97FB 		.ascii	"\010\015\227\373z\224H\355\343p~\231\203\371\314\226"
 167      7A9448ED 
 167      E3707E99 
 167      83F9CC96 
 168 01b8 6B451F36 		.ascii	"kE\0376$\023[J\301\2263\222-`\032i\240\027\236sn{}\225"
 168      24135B4A 
 168      C1963392 
 168      2D601A69 
 168      A0179E73 
 169 01d0 7017DD41 		.ascii	"p\027\335A\340<\232O\335G\210\375\"*T\235\263\\\010"
 169      E03C9A4F 
 169      DD4788FD 
 169      222A549D 
 169      B35C08
 170 01e3 D17EE815 		.ascii	"\321~\350\025\350/\003\322.d\231!\352\202\250\012\""
 170      E82F03D2 
 170      2E649921 
 170      EA82A80A 
 170      22
 171 01f4 25FD1327 		.ascii	"%\375\023'#\216\221\015\263'Y.\226vvC\247Yf#Az\000B"
 171      238E910D 
 171      B327592E 
 171      96767643 
 171      A7596623 
 172 020c FC048E90 		.ascii	"\374\004\216\220\231-\216[\355SH\316!K\232\237e\266"
 172      992D8E5B 
ARM GAS  /tmp/cc0fHMft.s 			page 13


 172      ED5348CE 
 172      214B9A9F 
 172      65B6
 173 021e 8EA80750 		.ascii	"\216\250\007P?\351\315Z\201h\337\343\247\217\0124x\004"
 173      3FE9CD5A 
 173      8168DFE3 
 173      A78F0A34 
 173      7804
 174 0230 D1DC5F9D 		.ascii	"\321\334_\235\233\256\231\307r/\220e1\321z\324\215\345"
 174      9BAE99C7 
 174      722F9065 
 174      31D17AD4 
 174      8DE5
 175 0242 7E3EA833 		.ascii	"~>\2503\011]W\324\013\367\323\325\223h\232/\240/~\201"
 175      095D57D4 
 175      0BF7D3D5 
 175      93689A2F 
 175      A02F7E81 
 176 0256 CE410ECA 		.ascii	"\316A\016\312!\007\012T\201\026\302\357\227J\366\250"
 176      21070A54 
 176      8116C2EF 
 176      974AF6A8 
 177 0266 7DAF0BB3 		.ascii	"}\257\013\263\335>\3142e\231M5sU\037Ugo1\265\303\264"
 177      DD3ECC32 
 177      65994D35 
 177      73551F55 
 177      676F31B5 
 178 027c 151487FE 		.ascii	"\025\024\207\376\"\245\007n\341\367'4\200\320Yt\027"
 178      22A5076E 
 178      E1F72734 
 178      80D05974 
 178      17
 179 028d 2C3F8F3E 		.ascii	",?\217>$\246n{\2325\017\347\010\324\254\372=G\007\235"
 179      24A66E7B 
 179      9A350FE7 
 179      08D4ACFA 
 179      3D47079D 
 180 02a1 45B2EB2D 		.ascii	"E\262\353-\356\231\246\232\315&\222iBU)QU\312\251.P"
 180      EE99A69A 
 180      CD269269 
 180      42552951 
 180      55CAA92E 
 181 02b6 AA8189A9 		.ascii	"\252\201\211\251kn\370\014\243\332S\320\233\"\000\225"
 181      6B6EF80C 
 181      A3DA53D0 
 181      9B220095 
 182 02c6 19564C77 		.ascii	"\031VLw\217\317\333\322aS\252\232\031uQb\272H\230\310"
 182      8FCFDBD2 
 182      6153AA9A 
 182      19755162 
 182      BA4898C8 
 183 02da CD25CA90 		.ascii	"\315%\312\220VQ\267\035\343\011\3060u\355u\262\253\310"
 183      5651B71D 
 183      E309C630 
 183      75ED75B2 
 183      ABC8
 184 02ec D037FA6F 		.ascii	"\3207\372o-gMINt~\2254\277\3122\3772\235\177\370\346"
ARM GAS  /tmp/cc0fHMft.s 			page 14


 184      2D674D49 
 184      4E747E95 
 184      34BFCA32 
 184      FF329D7F 
 185 0302 608E8073 		.ascii	"`\216\200s0\235_\373j`\276R`+\222\204\013\272\322\363"
 185      309D5FFB 
 185      6A60BE52 
 185      602B9284 
 185      0BBAD2F3 
 186 0316 9A66B1B5 		.ascii	"\232f\261\265\257\006\321\316\226\033\223\335\356\357"
 186      AF06D1CE 
 186      961B93DD 
 186      EEEF
 187 0324 8D762D8D 		.ascii	"\215v-\215\366\025$\206\273\270\242\361\226F4j\350\311"
 187      F6152486 
 187      BBB8A2F1 
 187      9646346A 
 187      E8C9
 188 0336 EF32A951 		.ascii	"\3572\251Q\200A\325\222Q\325\026\243\352\250Q\025\367"
 188      8041D592 
 188      51D516A3 
 188      EAA85115 
 188      F7
 189 0347 F655AB58 		.ascii	"\366U\253X\256{\010\305\241\213\317\233\235\230\356"
 189      AE7B08C5 
 189      A18BCF9B 
 189      9D98EE
 190 0356 4A869F9C 		.ascii	"J\206\237\234\252\360`\271\257!\303\235#'\222\334\331"
 190      AAF060B9 
 190      AF21C39D 
 190      232792DC 
 190      D9
 191 0367 703BD1EB 		.ascii	"p;\321\353n]\233Pb3\363)\265xG\035V\247\022C\377\226"
 191      6E5D9B50 
 191      6233F329 
 191      B578471D 
 191      56A71243 
 192 037d 171666B4 		.ascii	"\027\026f\264\266\276ns\302#l\372\326\253\345\015\342"
 192      B6BE6E73 
 192      C2236CFA 
 192      D6ABE50D 
 192      E2
 193 038e 96D348F4 		.ascii	"\226\323H\364\275\027\352.\272\341168\224>X\347\214"
 193      BD17EA2E 
 193      BAE13136 
 193      38943E58 
 193      E78C
 194 03a0 9F30C562 		.ascii	"\2370\305b\225\247h\325\361\276\027\315\010O\262\301"
 194      95A768D5 
 194      F1BE17CD 
 194      084FB2C1 
 195 03b0 8B15971A 		.ascii	"\213\025\227\032D\017\226q\253\327\223\255\336s#M\015"
 195      440F9671 
 195      ABD793AD 
 195      DE73234D 
 195      0D
 196 03c1 6AE69009 		.ascii	"j\346\220\011\201^\325qg\005\236\026s2YZ :\207\211;"
ARM GAS  /tmp/cc0fHMft.s 			page 15


 196      815ED571 
 196      67059E16 
 196      7332595A 
 196      203A8789 
 197 03d6 9993EDF3 		.ascii	"\231\223\355\363\210;&\346\016\351\2678\244@]dCA\332"
 197      883B26E6 
 197      0EE9B738 
 197      A4405D64 
 197      4341DA
 198 03e9 45E82673 		.ascii	"E\350&s\345\366\314\325^'\317]\024m2}\240\244I\354\000"
 198      E5F6CCD5 
 198      5E27CF5D 
 198      146D327D 
 198      A0A449EC 
 199 03fe F80D0ABF 		.ascii	"\370\015\012\277\205<-\223\350+\266\357\211\206\007"
 199      853C2D93 
 199      E82BB6EF 
 199      898607
 200 040d 37FD35F0 		.ascii	"7\3755\360\351\234\274\003j\374\232\031yx\252\177LL"
 200      E99CBC03 
 200      6AFC9A19 
 200      7978AA7F 
 200      4C4C
 201 041f 980FA8F9 		.ascii	"\230\017\250\371//&\272\34296\266\347\362\3216\027\234"
 201      2F2F26BA 
 201      E23936B6 
 201      E7F2D136 
 201      179C
 202 0431 A8A48A65 		.ascii	"\250\244\212e\313\366\244[6\332\334\275\012\247\260"
 202      CBF6A45B 
 202      36DADCBD 
 202      0AA7B0
 203 0440 91EA8CDD 		.ascii	"\221\352\214\335\375\010oe\312\223\244\373f1>\013\311"
 203      FD086F65 
 203      CA93A4FB 
 203      66313E0B 
 203      C9
 204 0451 1BDB32BE 		.ascii	"\033\3332\276\030\357bC\357\032\353\026\343\375\354"
 204      18EF6243 
 204      EF1AEB16 
 204      E3FDEC
 205 0460 BEE15C61 		.ascii	"\276\341\\a\001\302G\2302y\250a\\\215\263\230\222\325"
 205      01C24798 
 205      3279A861 
 205      5C8DB398 
 205      92D5
 206 0472 71E4BC2B 		.ascii	"q\344\274+\316aJ\376\314\376|w\\\310\224\233\225]\251"
 206      CE614AFE 
 206      CCFE7C77 
 206      5CC8949B 
 206      955DA9
 207 0485 6EB88429 		.ascii	"n\270\204)\251ee\007\335p\031S6_\274\235!\3560f\242"
 207      A9656507 
 207      DD701953 
 207      365FBC9D 
 207      21EE3066 
 208 049a 0FE70D67 		.ascii	"\017\347\015g\251\304\2548\223W\241\243u\032\341r\006"
ARM GAS  /tmp/cc0fHMft.s 			page 16


 208      A9C4AC38 
 208      9357A1A3 
 208      751AE172 
 208      06
 209 04ab 4E3FD779 		.ascii	"N?\327yW\371\336<\214[\362\260\214\246a_\325\276r\215"
 209      57F9DE3C 
 209      8C5BF2B0 
 209      8CA6615F 
 209      D5BE728D 
 210 04bf 3C0D0D80 		.ascii	"<\015\015\200\276J\321\217hd\307-\221m\277\237\223\247"
 210      BE4AD18F 
 210      6864C72D 
 210      916DBF9F 
 210      93A7
 211 04d1 94E7E17D 		.ascii	"\224\347\341}\350_<M\277\362\302\003y{{{ys\227\017\375"
 211      E85F3C4D 
 211      BFF2C203 
 211      797B7B7B 
 211      7973970F 
 212 04e6 CD362525 		.ascii	"\3156%%\302^\262\023o+\033nJ0\345.\244T?\303{\367\014"
 212      C25EB213 
 212      6F2B1B6E 
 212      4A30E52E 
 212      A4543FC3 
 213 04fd 7949EFC1 		.ascii	"yI\357\301u\312[L~\025lJm\032\206\235,\011S|\243\034"
 213      75CA5B4C 
 213      7E156C4A 
 213      6D1A869D 
 213      2C09537C 
 214 0513 7FCD0EFF 		.ascii	"\177\315\016\3770\225\303\267\311\361-\024\357K\340"
 214      3095C3B7 
 214      C9F12D14 
 214      EF4BE0
 215 0522 19A2572B 		.ascii	"\031\242W+\224\0124\006\343\243t\210\240\341-D\357\340"
 215      940A3406 
 215      E3A37488 
 215      A0E12D44 
 215      EFE0
 216 0534 859C42DE 		.ascii	"\205\234B\336h\022d\026d\032\3449\310f\301\033\275\204"
 216      68126416 
 216      641AE439 
 216      C866C11B 
 216      BD84
 217 0546 F62DC80C 		.ascii	"\366-\310\014\310k\2209\020\023\364\277\2026\021\332"
 217      C86B9039 
 217      1013F4BF 
 217      823611DA 
 218 0556 27D04E80 		.ascii	"'\320N\200\274\001y\001\362\024$A\360\246\333\0123r"
 218      BC017901 
 218      F2142441 
 218      F0A6DB0A 
 218      3372
 219 0568 F6BF241B 		.ascii	"\366\277$\033G\3446j\345.Mr\350\007\016\321\276\022"
 219      47E4366A 
 219      E52E4D72 
 219      E8070ED1 
 219      BE12
ARM GAS  /tmp/cc0fHMft.s 			page 17


 220 057a B8E34709 		.ascii	"\270\343G\011<$\007\337@2\364,\037\255f\307\321\345"
 220      3C2407DF 
 220      4032F42C 
 220      1FAD66C7 
 220      D1E5
 221 058c E0831CF9 		.ascii	"\340\203\034\371=9z@\216n\346\320\303r\364U\273\314"
 221      3D397A40 
 221      8E6EE6D0 
 221      C372F455 
 221      BBCC
 222 059e 4D72F0BB 		.ascii	"Mr\360\273r\370\0359y\007oy\217\034\336.\207\327r\344"
 222      72F81D39 
 222      79076F79 
 222      8F1CDE2E 
 222      87D772E4 
 223 05b2 F71DDBC2 		.ascii	"\367\035\333\302\207\205C\367;6\305\306r\336\226V\307"
 223      878543F7 
 223      3B36C5C6 
 223      72DE9656 
 223      C7
 224 05c3 6BCE668D 		.ascii	"k\316f\215r\364f\307adpV\263=y\347\231`2!\002S\210\237"
 224      72F466C7 
 224      61647056 
 224      B33D79E7 
 224      99603221 
 225 05db 29692935 		.ascii	")i)5\244\342\312\263&S\2323e\353\223\263\335\266K\012"
 225      A4E2CAB3 
 225      26539A33 
 225      65EB93B3 
 225      DDB64B0A 
 226 05ef 6F6BAF63 		.ascii	"ok\257c\270\325\326\004\300\247\341\004\212\177\214"
 226      B8D5D604 
 226      C0A7E104 
 226      8A7F8C
 227 05fe 3CD14311 		.ascii	"<\321C\021o\331\002P\275\234\276\227sm\320\361\362\343"
 227      6FD90250 
 227      BD9CBE97 
 227      736DD0F1 
 227      F2E3
 228 0610 D97B5345 		.ascii	"\331{SE\366n`\357\024\361\226\215^\314\"\303\223\322"
 228      F66E60EF 
 228      14F1968D 
 228      5ECC22C3 
 228      93D2
 229 0622 BDF556A1 		.ascii	"\275\365V\241\006?\246\273\236P{\354R&\224\330^,D\267"
 229      063FA6BB 
 229      9E507BEC 
 229      522694D8 
 229      5E2C44B7 
 230 0636 D2702209 		.ascii	"\322p\"\011\321\026\301\013%\011\326\2179\211\230\343"
 230      D116C10B 
 230      2509D68F 
 230      398998E3 
 231 0646 371D250B 		.ascii	"7\035%\013>\377\347/;\371F\214\355\274'\270\247[\213"
 231      3EFFE72F 
 231      3BF9468C 
 231      EDBC27B8 
ARM GAS  /tmp/cc0fHMft.s 			page 18


 231      A75B8B
 232 0659 746AA1B4 		.ascii	"tj\241\264;\247\010\356\264\330\200\026\300]3U\263\356"
 232      3BA708EE 
 232      B4D88016 
 232      C05D3355 
 232      B3EE
 233 066b F8157550 		.ascii	"\370\025uPi\316\231\034wF>\213\020R\203\344[\316#\012"
 233      69CE991C 
 233      77463E8B 
 233      105283E4 
 233      5BCE230A 
 234 067f B45550A3 		.ascii	"\264UP\243T\001[\3164\207L\260\365O\374H\272\331ab\""
 234      54015BCE 
 234      34874CB0 
 234      F54FFC48 
 234      BAD96162 
 235 0694 DB84172A 		.ascii	"\333\204\027*\320r\272\345\2434\360\223\014)\3206a\021"
 235      D072BAE5 
 235      A334F093 
 235      0C29D036 
 235      6111
 236 06a6 4A1716C1 		.ascii	"J\027\026\301\004W\332\003\017\334\366\370\306Awi\177"
 236      0457DA03 
 236      0FDCF6F8 
 236      C6417769 
 236      7F
 237 06b7 47945B2A 		.ascii	"G\224[*\237\266\013\322\376N\024\362%z]rA\374j\222\017"
 237      9FB60BD2 
 237      FE4E14F2 
 237      257A5D72 
 237      41FC6A92 
 238 06cc D1F499AC 		.ascii	"\321\364\231\254\353\036\357\375\366\354\024\304o\317"
 238      EB1EEFFD 
 238      F6EC14C4 
 238      6FCF
 239 06da 0E817E7C 		.ascii	"\016\201~|\236\247'O\213\025\214\013\250\205#Gv\270"
 239      9EA7274F 
 239      8B158C0B 
 239      A8852347 
 239      76B8
 240 06ec B3AFDAEF 		.ascii	"\263\257\332\357@\355k/n\360\220\033\223\001F\357\022"
 240      40ED6B2F 
 240      6EF0901B 
 240      930146EF 
 240      12
 241 06fd 08D96E6A 		.ascii	"\010\331nj\014\245\244\012\251Yg\272\357\272\363\301"
 241      0CA5A40A 
 241      A95967BA 
 241      EFBAF3C1 
 242 070d 2505A6F4 		.ascii	"%\005\246\364\370=bp\367\320\340>(0Mk\360;\366\315L"
 242      F83D6270 
 242      F7D0E03E 
 242      28304D6B 
 242      F03BF6CD 
 243 0722 2BEBA485 		.ascii	"+\353\244\205w\015\324\312?\237\304\247\312J\341\243"
 243      770DD4CA 
 243      3F9FC4A7 
ARM GAS  /tmp/cc0fHMft.s 			page 19


 243      CA4AE1A3 
 244 0732 B4204945 		.ascii	"\264 IE\031\366J\013h\257 +\226\367\011\244*\234x\331"
 244      19F64A0B 
 244      68AF202B 
 244      96F709A4 
 244      2A9C78D9 
 245 0746 92817199 		.ascii	"\222\201q\231\023\345:\321|r\010\213\\}\243\336c\360"
 245      13E53AD1 
 245      7C72088B 
 245      5C7DA3DE 
 245      63F0
 246 0758 36C2090B 		.ascii	"6\302\011\013\316\177\204k\277\304\265_\316u\200r\325"
 246      CE7F846B 
 246      BFC4B55F 
 246      CE758072 
 246      D5
 247 0769 BDBC55E2 		.ascii	"\275\274U\342\202k\031\327\226\275E\357\234D\256\316"
 247      826B19D7 
 247      96BD45EF 
 247      9C44AECE 
 248 0779 1EEFE339 		.ascii	"\036\357\3439\364@\220\025\310j\357\203\022\331A9Y&"
 248      F4409015 
 248      C86AEF83 
 248      12D94139 
 248      5926
 249 078b 25CB9F9E 		.ascii	"%\313\237\236\331\252\301]\214,\371\355\244Y#\222u\034"
 249      D9AAC15D 
 249      8C2CF9ED 
 249      A4592392 
 249      751C
 250 079d C2EC4070 		.ascii	"\302\354@p\202\035\010\016IT\207\344T\207)U\367H\355"
 250      821D080E 
 250      495487E4 
 250      54872955 
 250      F748ED
 251 07b0 063CC098 		.ascii	"\006<\300\230N\226\034+\2057\217)[k\353\2168C\035\216"
 251      4E961C2B 
 251      85378F29 
 251      5B6BEB8E 
 251      38431D8E 
 252 07c4 8ED245E8 		.ascii	"\216\322E\350\270X\257/=\365V\363"
 252      B858AF2F 
 252      3DF556F3 
 253 07d0 DEBA3C4B 		.ascii	"\336\272<K u\371qA\254\313G\016\357/\265dc\240\032\367"
 253      2075F971 
 253      41ACCB47 
 253      0EEF2FB5 
 253      6463A01A 
 254 07e5 9CE9DB66 		.ascii	"\234\351\333f\312J0\255h\024\010\022\035\261\330\212"
 254      CA4A30AD 
 254      68140812 
 254      1DB1D88A 
 255 07f5 8E094AA2 		.ascii	"\216\011J\242\331\232{\202\232;\363\342\312\025W|\316"
 255      D99A7B82 
 255      9A3BF3E2 
 255      CA15577C 
 255      CE
ARM GAS  /tmp/cc0fHMft.s 			page 20


 256 0806 999A5875 		.ascii	"\231\232Xu\356q'\222\322[\371\023\237\336l\311\365l"
 256      EE712792 
 256      D25BF913 
 256      9FDE6CC9 
 256      F56C
 257 0818 39570EE5 		.ascii	"9W\016\345\312\356\271}\326\03173\256\326\303[\247T"
 257      CAEEB97D 
 257      D6193733 
 257      AED6C35B 
 257      A754
 258 082a 22D7E456 		.ascii	"\"\327\344V\333(\346JT\271r\252<J\2657\357Z\232\022"
 258      DB28E64A 
 258      54B972AA 
 258      3C4AB537 
 258      EF5A9A12 
 259 083e 0F30AAA6 		.ascii	"\0170\252\246\352\331\323N\326\225\362\321\270\315J"
 259      EAD9D34E 
 259      D695F2D1 
 259      B8CD4A
 260 084d C997B8F2 		.ascii	"\311\227\270\362\345\\\005\224\253i\270\244V\203'\031"
 260      E55C0594 
 260      AB69B8A4 
 260      56832719 
 261 085d 5766EFF8 		.ascii	"Wf\357\370A\225u\245,+\264])\205\022Y\241\234\254\210"
 261      419575A5 
 261      2C2BB45D 
 261      29851259 
 261      A19CAC88 
 262 0871 92998F3F 		.ascii	"\222\231\217?\330\343\201S\\(Y\313\345\234.\213a\035"
 262      D8E38153 
 262      5C2859CB 
 262      E59C2E8B 
 262      611D
 263 0883 476D7D3C 		.ascii	"Gm}<)Q\235\224S\235\242TS\365\205Sb\265\272\213\234"
 263      29519D94 
 263      539DA254 
 263      53F58553 
 263      62B5BA8B 
 264 0898 198ADBAE 		.ascii	"\031\212\333\256\335\021_\363T\2427\236\334\333\245"
 264      DD115FF3 
 264      54A2379E 
 264      DCDBA5
 265 08a7 C27BD8A3 		.ascii	"\302{\330\243\262\0166n\026\360\021\246XN\033\236\342"
 265      B20E366E 
 265      16F011A6 
 265      584E1B9E 
 265      E2
 266 08b8 6923F7BC 		.ascii	"i#\367\274\371\015\302\005l\260\246a\333c\204\3172%"
 266      F90DC205 
 266      6CB0A661 
 266      DB6384CF 
 266      3225
 267 08ca F55E4AA7 		.ascii	"\365^J\247\210\234!\372\\\355t\217\007>\317\006\347"
 267      889C21FA 
 267      5CED748F 
 267      073ECF06 
 267      E7
ARM GAS  /tmp/cc0fHMft.s 			page 21


 268 08db C66EE788 		.ascii	"\306n\347\2105\377\004\321\017T\016Nhp-\033\314\250"
 268      35FF04D1 
 268      0F540E4E 
 268      68702D1B 
 268      CCA8
 269 08ed 7B31E586 		.ascii	"{1\345\206\033\230r'{o\236\222!G\211~\364\315\233$%"
 269      1B987227 
 269      7B6F9E92 
 269      2147897E 
 269      F4CD9B24 
 270 0902 6E61831D 		.ascii	"na\203\035\233\367\344:\343.\246\274~R0\341\214\007"
 270      9BF7E43A 
 270      E32EA6BC 
 270      7E5230E1 
 270      8C07
 271 0914 98523775 		.ascii	"\230R7u\344\231;\036cJr\356\315m.x\212)S}\333\033\334"
 271      E4993B1E 
 271      634A72EE 
 271      CD6D2E78 
 271      8A29537D 
 272 092b F15BA6D4 		.ascii	"\361[\246\3247\016u\272\342\024W\252$\214\226\246`\234"
 272      370E75BA 
 272      E21457AA 
 272      248C96A6 
 272      609C
 273 093d C19467ED 		.ascii	"\301\224g\355u\351*|\230)mi\273\367\301A\227)\226M\320"
 273      75E92A7C 
 273      98296D69 
 273      BBF7C141 
 273      9729964D 
 274 0952 936D8273 		.ascii	"\223m\202s\207'\216\272\343Sl\354RNr\221+.gJ\322\365"
 274      87278EBA 
 274      E3536CEC 
 274      524E7291 
 274      2B2E674A 
 275 0968 ED77DC71 		.ascii	"\355w\334q\025SN\217\246\324\270\340\253\"\254\355U"
 275      15534E8F 
 275      A6D4B8E0 
 275      AB22ACED 
 275      55
 276 0979 B106B789 		.ascii	"\261\006\267\211J_\271\026w\263\373\023\243\225{\346"
 276      4A5FB916 
 276      77B3FB13 
 276      A3957BE6 
 277 0989 613353EE 		.ascii	"a3S\356\365?H\327\3401\246l\251\336W\245\302SL\2517"
 277      F53F48D7 
 277      E031A66C 
 277      A9DE57A5 
 277      C2534CA9 
 278 099e 43B9F586 		.ascii	"C\271\365\206\335\217\247\327\334\026p\262\212*E\225"
 278      DD8FA7D7 
 278      DC1670B2 
 278      8A2A4595 
 279 09ae DBEF39E1 		.ascii	"\333\3579\341\035L\031\252Hz\251\304\273\231r\352\315"
 279      1D4C19AA 
 279      487AA9C4 
 279      BB9972EA 
ARM GAS  /tmp/cc0fHMft.s 			page 22


 279      CD
 280 09bf B176153E 		.ascii	"\261v\025>\300\224\366\013\346\373\032|\234)\017\253"
 280      C094F60B 
 280      E6FB1A7C 
 280      9C290FAB 
 281 09cf B70C8B8B 		.ascii	"\267\014\213\213a/]\014]f3b\233|\226\212\214o=\226\253"
 281      612F5D0C 
 281      5D663362 
 281      9B7C968A 
 281      8C6F3D96 
 282 09e4 C4D914FC 		.ascii	"\304\331\024\374\253\251\373\211\335\316\210;,x\331"
 282      ABA9FB89 
 282      DDCE883B 
 282      2C78D9
 283 09f3 9E1AAC17 		.ascii	"\236\032\254\027+.\006J\234.W\346J\307\207\263\2604"
 283      2B2E064A 
 283      9C2E57E6 
 283      4AC787B3 
 283      B034
 284 0a05 EF71DF53 		.ascii	"\357q\337ST*\310\253\304V\256\332\351\222\303\213\355"
 284      542AC8AB 
 284      C456AEDA 
 284      E992C38B 
 284      ED
 285 0a16 E0CD1CFC 		.ascii	"\340\315\034\374\212\034n\1778\351m\342\360Mr\274}\241"
 285      8A1C6E7F 
 285      38E96DE2 
 285      F04D72BC 
 285      7DA1
 286 0a28 58CBE35B 		.ascii	"X\313\343[\345x\373\002\272\205\203_\220\303G\355\350"
 286      E578FB02 
 286      BA85835F 
 286      90C347ED 
 286      E8
 287 0a39 67797C99 		.ascii	"gy|\231\343\340X\360\244jz\330\"V_p\220C\177\021\361"
 287      E3E058F0 
 287      A46A7AD8 
 287      22565F70 
 287      90437F11 
 288 0a4e D6DAEE27 		.ascii	"\326\332\356'yt\006\0339\372v9\275]\021\335\313\303"
 288      7974061B 
 288      39FA7639 
 288      BD5D11DD 
 288      CBC3
 289 0a60 6FC8E176 		.ascii	"o\310\341v\247\234A>\366\325r8w\024\341\313\271\233"
 289      A79C413E 
 289      F6D57238 
 289      7714E1CB 
 289      B99B
 290 0a72 501E7452 		.ascii	"P\036tR;\011\232\324r\017\241\336y\001u\331\000\310"
 290      3B099AD4 
 290      720FA1DE 
 290      790175D9 
 290      00C8
 291 0a84 5D903152 		.ascii	"]\2201R\243\201L\201\364\222z\016d\006\3446\310\010"
 291      A3814C81 
 291      F4927A0E 
ARM GAS  /tmp/cc0fHMft.s 			page 23


 291      6406E436 
 291      C808
 292 0a96 C83390FB 		.ascii	"\3103\220\373 OA\306AFAz@&@\314 \217A\206A\236\203L"
 292      204F41C6 
 292      4146417A 
 292      402640CC 
 292      208F4186 
 293 0aae 82F4814C 		.ascii	"\202\364\201L\203\014\202<\000\351\007\271\005r\007"
 293      830C823C 
 293      00E907B9 
 293      057207
 294 0abd 6408E411 		.ascii	"d\010\344\021H\267\315a\257\227\317J\205\334\261ry\224"
 294      48B7CD61 
 294      AF97CF4A 
 294      85DCB172 
 294      7994
 295 0acf 6BF9257B 		.ascii	"k\371%{F\016/\221\303'\371\260U\311\341v\365\371$\277"
 295      460E2F91 
 295      C327F9B0 
 295      55C9E176 
 295      F5F924BF 
 296 0ae3 021BE4F0 		.ascii	"\002\033\344\360v$_\"\203M\334\022i\224/\021\273\323"
 296      76245F22 
 296      834DDC12 
 296      69942F11 
 296      BBD3
 297 0af5 C520EFEB 		.ascii	"\305 \357\3539\307\276\362Io\346\255\257u\374\302q\364"
 297      39C7BEF2 
 297      496FE6AD 
 297      AF75FCC2 
 297      71F4
 298 0b07 0FF925F5 		.ascii	"\017\371%\365\263\343\025\310\237\234\032\010\3364\237"
 298      B3E315C8 
 298      9F9C1A08 
 298      DE349F
 299 0b16 C06C4F4E 		.ascii	"\300lONP1\32644\343\"vr\"eK\275\234\255\316\336X>3\247"
 299      5031D634 
 299      34E32276 
 299      7222654B 
 299      BD9CADCE 
 300 0b2f 1D67C6E6 		.ascii	"\035g\306\346\230\307;w\331\361\212\2669F\362\336]\227"
 300      98C73B77 
 300      D9F18AB6 
 300      3946F2DE 
 300      5D97
 301 0b41 E3EDCFEE 		.ascii	"\343\355\317\356|*\257:6\337W\312do3\227\311\032y&["
 301      7C2AAF3A 
 301      36DF57CA 
 301      646F3397 
 301      C91A7926 
 302 0b56 EC42CDB3 		.ascii	"\354B\315\263_s\274P\370U\313'\376\242\343\255\212\267"
 302      5F73BC50 
 302      F855CB27 
 302      FEA2E3AD 
 302      8AB7
 303 0b68 9D77B5CD 		.ascii	"\235w\265\315\261\253\326e\010\271\232\265\204\222\244"
 303      B1ABD665 
ARM GAS  /tmp/cc0fHMft.s 			page 24


 303      08B99AB5 
 303      8492A4
 304 0b77 EA92E355 		.ascii	"\352\222\343U\316\207\262\203\347\357p\270\367\370J"
 304      CE87B283 
 304      E7EF70B8 
 304      F7F84A
 305 0b86 ECCD4D1C 		.ascii	"\354\315M\034{\213\343m\231\177):\370}\263R\036\312"
 305      7B8BE36D 
 305      997F293A 
 305      F87DB352 
 305      1ECA
 306 0b98 F3765F15 		.ascii	"\363v_\025>\224\315\216\277\022\276\342\031\367Eqq\277"
 306      3E94CD8E 
 306      BF12BEE2 
 306      19F74571 
 306      71BF
 307 0baa 1BBE4B3F 		.ascii	"\033\276K?\217\302\201\023\251\345*\344\345\343h\307"
 307      8FC28113 
 307      A9E52AE4 
 307      E5E368C7 
 308 0bba 43AF61A3 		.ascii	"C\257a\243\373\377\270\351\2617o\244\225\035\310g\301"
 308      FBFFB8E9 
 308      B1376FA4 
 308      951DC867 
 308      C1
 309 0bcb C2575205 		.ascii	"\302WR\005I^D\352\347P\336\243r\015\177t\233\2659\027"
 309      495E44EA 
 309      E750DEA3 
 309      720D7F74 
 309      9BB53917 
 310 0bdf BF118F6E 		.ascii	"\277\021\217no\350\321\355U\307\216d'\374\220\025\030"
 310      6FE8D1ED 
 310      55C78E64 
 310      27FC9015 
 310      18
 311 0bf0 75FDA5A5 		.ascii	"u\375\245\245\256\370\031S\336\016W\233Ux\206*\316u"
 311      AEF81953 
 311      DE0E579B 
 311      5578862A 
 311      CE75
 312 0c02 791D951A 		.ascii	"y\035\225\032\250&|\274,\005\303\335q\317\335\211\246"
 312      A8267CBC 
 312      2C05C3DD 
 312      71CFDD89 
 312      A6
 313 0c13 C66534F2 		.ascii	"\306e4\362s`F\"\376\253\377\202\352\370FJ\324[\307p"
 313      73604622 
 313      FEABFF82 
 313      EAF8464A 
 313      D45BC770 
 314 0c27 5F697779 		.ascii	"_iwy\371\220\375_\006P\374\356\302gK\372\2375\241\""
 314      F990FD5F 
 314      0650FCEE 
 314      C2674BFA 
 314      9F35A122 
 315 0c3b A9DA8C7D 		.ascii	"\251\332\214}P\022\366F\311 \011 &\314\177+\032x\203"
 315      5012F646 
ARM GAS  /tmp/cc0fHMft.s 			page 25


 315      C9200920 
 315      26CC7F2B 
 315      1A7883
 316 0c4e DFC92D90 		.ascii	"\337\311-\220\377\257\257\371\033\333En\017\266\376"
 316      FFAFAFF9 
 316      1BDB456E 
 316      0FB6FE
 317 0c5d EFE4E0F0 		.ascii	"\357\344\340\360[3\302sl]e\326]9-X\377w22\2564\231\\"
 317      5B33C273 
 317      6C5D65D6 
 317      5D392D58 
 317      FF773232 
 318 0c75 512A4CDE 		.ascii	"Q*L\336\202\255\231\"N9\366\005\245\200\013\377\223"
 318      82AD9922 
 318      4E39F605 
 318      A5800BFF 
 318      93
 319 0c86 3BA4ECCF 		.ascii	";\244\354\317\3379\205\371\024\247b>\305i\230\245\030"
 319      DF3985F9 
 319      14A7623E 
 319      C56998A5 
 319      18
 320 0c97 5A003FBA 		.ascii	"Z\000?\272s\266I\311\203km\216\362\351\"\230\264\256"
 320      73B649C9 
 320      836B6D8E 
 320      F2E92298 
 320      B4AE
 321 0ca9 6B3EFDFC 		.ascii	"k>\375\374\003\235\257\257Bm0l\214\210\216_\356g\210"
 321      039DAFAF 
 321      426D306C 
 321      8C888E5F 
 321      EE6788
 322 0cbc 0FD786C7 		.ascii	"\017\327\206\307D\031\265\337\304}\255\3752\"Z\373u"
 322      4419B5DF 
 322      C47DADFD 
 322      32225AFB 
 322      75
 323 0ccd 58D892D0 		.ascii	"X\330\222\320\330(K\273$:&\332\270\304\030\372e\304"
 323      D8284BBB 
 323      243A26DA 
 323      B8C418FA 
 323      65C4
 324 0cdf 928F97F8 		.ascii	"\222\217\227\370-\363\375d\311w~K6~\273!4\336\250\265"
 324      2DF3FD64 
 324      C9777E4B 
 324      367EBB21 
 324      34DEA8B5 
 325 0cf3 19D64644 		.ascii	"\031\326FD\207En\334`\324F\205\206\205GD\033\265\206"
 325      87456EDC 
 325      60D44685 
 325      86854744 
 325      1BB586
 326 0d06 0DC6AF42 		.ascii	"\015\306\257B7F\306\033\342\177\370\326\030\2674\\\341"
 326      3746C61B 
 326      E27FF8D6 
 326      18B7345C 
 326      E1
ARM GAS  /tmp/cc0fHMft.s 			page 26


 327 0d17 6A79E21F 		.ascii	"jy\342\037\377\227\237\030\367C\234\326\020\027\277"
 327      FF979F18 
 327      F7439CD6 
 327      1017BF
 328 0d26 01E8C963 		.ascii	"\001\350\311c\2760\206\305\307\304\256Z\266|\351R-\373"
 328      BE3086C5 
 328      C7C4AE5A 
 328      B67CE952 
 328      2DFB
 329 0d38 8B89D386 		.ascii	"\213\211\323\206\207Fj\277\215\211\215\217\323\206\254"
 329      87466ABF 
 329      8D898D8F 
 329      D386AC
 330 0d47 0F5EEEA7 		.ascii	"\017^\356\247]\273\326_\273>(\370{_2\002\223\015\221"
 330      5DBBD65F 
 330      BB3E28F8 
 330      7B5F3202 
 330      930D91
 331 0d5a 911B9686 		.ascii	"\221\033\226\206)\334\330\235!\":\"\336\323@&\030\""
 331      29DCD89D 
 331      21223A22 
 331      DED34026 
 331      1822
 332 0d6c 62BF3318 		.ascii	"b\2773\030\277\215\210\214\371z\243q\011O\031\026\023"
 332      BF8D888C 
 332      F97AA371 
 332      094F1916 
 332      13
 333 0d7d 1515132D 		.ascii	"\025\025\023-\262\256\324\007\353\2027i\303\302\303"
 333      B2AED407 
 333      EB823769 
 333      C3C2C3
 334 0d8c 62628D86 		.ascii	"bb\215\206\357?\211\002K<\303\302C~\210[\037\021e\214"
 334      EF3F8902 
 334      4B3CC3C2 
 334      437E885B 
 334      1F11658C 
 335 0da0 0D0C8DDE 		.ascii	"\015\014\215\336\020i\214\015\372%O\020\033ou!,\034"
 335      10698C0D 
 335      FA254F10 
 335      1B6F7521 
 335      2C1C
 336 0db2 9C8029F3 		.ascii	"\234\200)\363\243\277\217\010\013\210\016\3752\322\310"
 336      A3BF8F08 
 336      0B880EFD 
 336      32D2C8
 337 0dc1 DCF88D63 		.ascii	"\334\370\215c'\304g\213O%\223`\262\223N\027\254_.|\246"
 337      27C4678B 
 337      4F259360 
 337      B2934E17 
 337      AC5F2E7C 
 338 0dd6 57FA07AF 		.ascii	"W\372\007\257\324c\177\235^\271\312\177\275\036\353"
 338      D4637F9D 
 338      5EB9CA7F 
 338      BD1EEB
 339 0de5 747AAC07 		.ascii	"tz\254\007Y\251\327\343u!:\254\373t\275R\247\013\320"
 339      59A9D7E3 
ARM GAS  /tmp/cc0fHMft.s 			page 27


 339      75213AAC 
 339      FB74BD52 
 339      A70BD0
 340 0df8 53BC1FFD 		.ascii	"S\274\037\375\365\305\001k\364B\010\314\014\012\320"
 340      F5C5016B 
 340      F44208CC 
 340      0C0AD0
 341 0e07 2B438201 		.ascii	"+C\202\001\255\323\373\201\370\002\362?\364~\177[(\343"
 341      ADD3FB81 
 341      F802F23F 
 341      F47E7F5B 
 341      28E3
 342 0e19 E2A3487E 		.ascii	"\342\243H~#\210\363nV\305\020\257\014\013\017\215\365"
 342      2388F36E 
 342      56C510AF 
 342      0C0B0F8D 
 342      F5
 343 0e2a 8C890B8D 		.ascii	"\214\211\013\215\204x\254\215\011\373fulLTP\210\376"
 343      8478AC8D 
 343      09FB6675 
 343      6C4C5450 
 343      88FE
 344 0e3c 97725A02 		.ascii	"\227rZ\002!a!-\211\006\015 7\301\223f$\022:\014_A\217"
 344      2161212D 
 344      89060D20 
 344      37C19366 
 344      24123A0C 
 345 0e53 21222E56 		.ascii	"!\".Ve\355\3620\030\342\214\361\206U+C\002\326\351\203"
 345      65EDF230 
 345      18E28CF1 
 345      86552B43 
 345      02D6E983 
 346 0e67 3C4223FF 		.ascii	"<B#\377\024\372C\034d2\022V\343\277:H\234qS<\011\240"
 346      14FA431C 
 346      64321256 
 346      E3BF3A48 
 346      9C71533C 
 347 0e7d 56171C12 		.ascii	"V\027\034\022\024\242\325A\336\264A\226tD\305E\304\031"
 347      14A2D541 
 347      DEB44196 
 347      7444C545 
 347      C419
 348 0e8f 60418211 		.ascii	"`A\202\021^\304\230\317l\323\270@\364\345\363\350H\316"
 348      5EC498CF 
 348      6CD3B840 
 348      F4E5F3E8 
 348      48CE
 349 0ea1 386AAD4D 		.ascii	"8j\255M\327\002j\334\306h\033\213\335\270NW\177\335"
 349      D7026ADC 
 349      C6681B8B 
 349      DDB84E57 
 349      7FDD
 350 0eb3 BFEB56AF 		.ascii	"\277\353V\257\321\373\252\327\255]\033\2622\210\334"
 350      D1FBAAD7 
 350      AD5D1BB2 
 350      3288DC
 351 0ec2 93DB20BF 		.ascii	"\223\333 \277\020r\353\024\022\242[\243W\351\003B\002"
ARM GAS  /tmp/cc0fHMft.s 			page 28


 351      1072EB14 
 351      12A25BA3 
 351      57E90342 
 351      02
 352 0ed3 F45F04F8 		.ascii	"\364_\004\370\177\214u!$\247:\251\353\267\252\225\353"
 352      7F8C7521 
 352      24A73AA9 
 352      EBB7AA95 
 352      EB
 353 0ee4 56F9AD5D 		.ascii	"V\371\255]\027\360\251\236\334\371\262;\313\350G\252"
 353      17F0A99E 
 353      DCF9B23B 
 353      CBE847AA 
 354 0ef4 9581AB96 		.ascii	"\225\201\253\226\213\243\201V\\\240\034\267\334\205"
 354      8BA38156 
 354      5CA01CB7 
 354      DC85
 355 0f02 B0400F69 		.ascii	"\260@\017i}\371\021?\027\302@G\002ED\240-\302\327\225"
 355      7DF9113F 
 355      17C24047 
 355      024544A0 
 355      2DC2D795 
 356 0f16 CCD587AC 		.ascii	"\314\325\207\254\327\223\033_rc\035[\346Jf\263\261@"
 356      D7931B5F 
 356      72631D5B 
 356      E64A66B3 
 356      B140
 357 0f28 0B289081 		.ascii	"\013(\220\201\260.H\257$N\272\200\277\244\025tzK8\374"
 357      B02E48AF 
 357      244EBA80 
 357      BFA41574 
 357      7A4B38FC 
 358 0f3c FCDE93AF 		.ascii	"\374\336\223\257\220\365l\321\255\376d\323&\266\334"
 358      90F56CD1 
 358      ADFE64D3 
 358      26B6DC
 359 0f4b BEFAE4E3 		.ascii	"\276\372\344\343\337o\332D\026\234^\2473\254\207\275"
 359      DF6FDA44 
 359      169C5EA7 
 359      33AC87BD 
 360 0f5b C6DFF895 		.ascii	"\306\337\370\2253\261d\365\037\234\203\374u\237\371"
 360      33B164F5 
 360      1F9C83FC 
 360      759FF9
 361 0f6a 0710CD6F 		.ascii	"\007\020\315o\365\0374\376\253\326\004\353>\267`\376"
 361      F51F34FE 
 361      ABD604EB 
 361      3EB760FE 
 362 0f7a 1B171D1D 		.ascii	"\033\027\035\035\355"
 362      ED
 363              		.text
 364              		.section	.gnu.lto_.symtab.569d7263f6747201,"",%progbits
 365 0000 56656374 		.ascii	"VectorB0\000"
 365      6F724230 
 365      00
 366 0009 00       		.ascii	"\000"
 367 000a 00       		.ascii	"\000"
ARM GAS  /tmp/cc0fHMft.s 			page 29


 368 000b 00       		.ascii	"\000"
 369 000c 00000000 		.ascii	"\000\000\000\000\000\000\000\000"
 369      00000000 
 370 0014 B8000000 		.ascii	"\270\000\000\000"
 371 0018 73745F6C 		.ascii	"st_lld_init\000"
 371      6C645F69 
 371      6E697400 
 372 0024 00       		.ascii	"\000"
 373 0025 00       		.ascii	"\000"
 374 0026 00       		.ascii	"\000"
 375 0027 00000000 		.ascii	"\000\000\000\000\000\000\000\000"
 375      00000000 
 376 002f BA000000 		.ascii	"\272\000\000\000"
 377 0033 5F706F72 		.ascii	"_port_irq_epilogue\000"
 377      745F6972 
 377      715F6570 
 377      696C6F67 
 377      756500
 378 0046 00       		.ascii	"\000"
 379 0047 02       		.ascii	"\002"
 380 0048 00       		.ascii	"\000"
 381 0049 00000000 		.ascii	"\000\000\000\000\000\000\000\000"
 381      00000000 
 382 0051 BC000000 		.ascii	"\274\000\000\000"
 383 0055 63685379 		.ascii	"chSysTimerHandlerI\000"
 383      7354696D 
 383      65724861 
 383      6E646C65 
 383      724900
 384 0068 00       		.ascii	"\000"
 385 0069 02       		.ascii	"\002"
 386 006a 00       		.ascii	"\000"
 387 006b 00000000 		.ascii	"\000\000\000\000\000\000\000\000"
 387      00000000 
 388 0073 BE000000 		.ascii	"\276\000\000\000"
 389 0077 6E766963 		.ascii	"nvicEnableVector\000"
 389      456E6162 
 389      6C655665 
 389      63746F72 
 389      00
 390 0088 00       		.ascii	"\000"
 391 0089 02       		.ascii	"\002"
 392 008a 00       		.ascii	"\000"
 393 008b 00000000 		.ascii	"\000\000\000\000\000\000\000\000"
 393      00000000 
 394 0093 C3000000 		.ascii	"\303\000\000\000"
 395              		.text
 396              		.section	.gnu.lto_.opts,"",%progbits
 397 0000 272D666D 		.ascii	"'-fmath-errno' '-fsigned-zeros' '-ftrapping-math' '"
 397      6174682D 
 397      6572726E 
 397      6F272027 
 397      2D667369 
 398 0033 2D666E6F 		.ascii	"-fno-trapv' '-fno-openmp' '-fno-openacc' '-mcpu=cor"
 398      2D747261 
 398      70762720 
 398      272D666E 
ARM GAS  /tmp/cc0fHMft.s 			page 30


 398      6F2D6F70 
 399 0066 7465782D 		.ascii	"tex-m7' '-mno-thumb-interwork' '-mthumb' '-ggdb' '-"
 399      6D372720 
 399      272D6D6E 
 399      6F2D7468 
 399      756D622D 
 400 0099 4F322720 		.ascii	"O2' '-fomit-frame-pointer' '-falign-functions=16' '"
 400      272D666F 
 400      6D69742D 
 400      6672616D 
 400      652D706F 
 401 00cc 2D666675 		.ascii	"-ffunction-sections' '-fdata-sections' '-fno-common"
 401      6E637469 
 401      6F6E2D73 
 401      65637469 
 401      6F6E7327 
 402 00ff 2720272D 		.ascii	"' '-flto'\000"
 402      666C746F 
 402      2700
 403              		.text
 404              		.comm	__gnu_lto_v1,1,1
 405              		.comm	__gnu_lto_slim,1,1
 406              		.ident	"GCC: (GNU Tools for ARM Embedded Processors 6-2017-q2-update) 6.3.1 20170620 (release) [AR
ARM GAS  /tmp/cc0fHMft.s 			page 31


DEFINED SYMBOLS
                            *ABS*:0000000000000000 hal_st_lld.c
                            *COM*:0000000000000001 __gnu_lto_v1
                            *COM*:0000000000000001 __gnu_lto_slim

NO UNDEFINED SYMBOLS
