ARM GAS  /tmp/ccpKjvda.s 			page 1


   1              		.cpu cortex-m7
   2              		.eabi_attribute 20, 1
   3              		.eabi_attribute 21, 1
   4              		.eabi_attribute 23, 3
   5              		.eabi_attribute 24, 1
   6              		.eabi_attribute 25, 1
   7              		.eabi_attribute 26, 1
   8              		.eabi_attribute 30, 2
   9              		.eabi_attribute 34, 1
  10              		.eabi_attribute 18, 4
  11              		.file	"hal_lld.c"
  12              		.text
  13              	.Ltext0:
  14              		.section	.gnu.lto_.profile.e33a1bf0e0f400bb,"",%progbits
  15 0000 789C6365 		.ascii	"x\234ce`b`e```dhf\314\003\000\002\217\001\000"
  15      60626065 
  15      60606064 
  15      6866CC03 
  15      00028F01 
  16              		.text
  17              		.section	.gnu.lto_.icf.e33a1bf0e0f400bb,"",%progbits
  18 0000 789C6365 		.ascii	"x\234ce`b\220b@\000\026\206\177\007\177_\342`|>w\303"
  18      60629062 
  18      40001686 
  18      7F077F5F 
  18      E2607C3E 
  19 0016 1356A6DB 		.ascii	"\023V\246\333\263\216\377\347g>\275\371\376nV\006\000"
  19      B38EFFE7 
  19      673EBDF9 
  19      FE6E5606 
  19      00
  20 0027 B9C10D44 		.ascii	"\271\301\015D"
  21              		.text
  22              		.section	.gnu.lto_.jmpfuncs.e33a1bf0e0f400bb,"",%progbits
  23 0000 789C6365 		.ascii	"x\234ce`b\340e@\000f f\0041\230\200\030\000\002a\000"
  23      6062E065 
  23      40006620 
  23      66043198 
  23      80180002 
  24 0016 1B       		.ascii	"\033"
  25              		.text
  26              		.section	.gnu.lto_.inline.e33a1bf0e0f400bb,"",%progbits
  27 0000 789C6365 		.ascii	"x\234ce`b\360f@\000f\006\0061[F\006&\265\216\031\354"
  27      6062F066 
  27      40006606 
  27      06315B46 
  27      0626B58E 
  28 0016 0C6C0BE4 		.ascii	"\014l\013\344\231@\202\214\014\302*@1\231\007\267\030"
  28      9940828C 
  28      0CC22A40 
  28      319907B7 
  28      18
  29 0027 11625C30 		.ascii	"\021b\\0\202\211\3414C\0373P~\002\343\201%\006p\005"
  29      8289E134 
  29      431F3350 
  29      7E02E381 
  29      25067005 
ARM GAS  /tmp/ccpKjvda.s 			page 2


  30 003b 0C007B25 		.ascii	"\014\000{%\011\374"
  30      09FC
  31              		.text
  32              		.section	.gnu.lto_.pureconst.e33a1bf0e0f400bb,"",%progbits
  33 0000 789C6365 		.ascii	"x\234ce`b`g```f\220b\224b\222\002\000\001\310\000c"
  33      60626067 
  33      60606066 
  33      90629462 
  33      92020001 
  34              		.text
  35              		.section	.gnu.lto_hal_lld_backup_domain_init.e33a1bf0e0f400bb,"",%progbits
  36 0000 789C9D94 		.ascii	"x\234\235\224MHTQ\024\307\317\271\367\276\367\234\321"
  36      4D485451 
  36      14C7CFB9 
  36      F7BEF79C 
  36      D1
  37 0011 7124080A 		.ascii	"q$\010\012\\\264u\343\013\373r\025\264\251U\253\332"
  37      5CB475E3 
  37      0BFB7215 
  37      B4A955AB 
  37      DA
  38 0022 4B1F8B16 		.ascii	"K\037\213\026\202\221-\334y\247\306\017\234\32069\026"
  38      82912DDC 
  38      79A7C60F 
  38      9CD03639 
  38      16
  39 0033 D99B0831 		.ascii	"\331\233\0101-\235,\373\030\255\234f4\013D#ha\012I\210"
  39      2D9D2CFB 
  39      18AD9C66 
  39      340B4423 
  39      68610A49 
  40 0048 2815480D 		.ascii	"(\025H\015\230hN\367\343\215O\334\324x\2319w\336}\207"
  40      98684EF7 
  40      E38D4FDC 
  40      D4789939 
  40      77DE7D87 
  41 005c F3FBFFCF 		.ascii	"\363\373\377\317;o\014 Pf\000T\000@\225\370b\001 \271"
  41      3B6F0C20 
  41      50660054 
  41      004095F8 
  41      620120B9 
  42 0070 3E09102A 		.ascii	">\011\020* \204\306*\201\373\331\362n\340E\024\231>"
  42      2084C62A 
  42      81FBD9F2 
  42      6EE04514 
  42      993E
  43 0082 6668E81F 		.ascii	"fh\350\037\006\261\256\215\203H0\303\226H\260\364\371"
  43      06B1AE8D 
  43      834830C3 
  43      9648B0F4 
  43      F9
  44 0093 311351EE 		.ascii	"1\023Q\356\274\000\241\236PfX&\326\023AP\253\215F)\246"
  44      BC00A19E 
  44      50665826 
  44      D6134150 
  44      AB8D4629 
  45 00a8 9A1612A4 		.ascii	"\232\026\022\244\254\233\213\225\214\316\036\012\361"
ARM GAS  /tmp/ccpKjvda.s 			page 3


  45      AC9B8B95 
  45      8CCE1E0A 
  45      F1
  46 00b5 863D0E05 		.ascii	"\206=\016\005\270Iu\016vc\031\210\264\257\003\0337\002"
  46      B849750E 
  46      76631988 
  46      B4AF031B 
  46      3702
  47 00c7 26D3E778 		.ascii	"&\323\347x\037M\024{\374#&\371F\266\211'3]\030=\261"
  47      1F4D147B 
  47      FC2326F9 
  47      46B68927 
  47      335D183D 
  48 00dc 8B822394 		.ascii	"\213\202#\224\311`\312`\311\340\227\241P\206\200\014"
  48      C960CA60 
  48      C9E097A1 
  48      5086800C 
  49 00ec C5320465 		.ascii	"\3052\004e(\221\001\240E\024\024\222#\224\210\215.a"
  49      289101A0 
  49      45141492 
  49      2394888D 
  49      2E61
  50 00fe 6A6869B5 		.ascii	"jhi\265R\002:\251\224\327\336\220\232\262Z\251C\011"
  50      52023AA9 
  50      94D7DE90 
  50      9AB25AA9 
  50      4309
  51 0110 4A1977FF 		.ascii	"J\031w\377\204\373}\372\222\317\2058\023Gw&fG\375\016"
  51      84FB7DFA 
  51      92CF8538 
  51      13477726 
  51      6647FD0E 
  52 0124 76868483 		.ascii	"v\206\204\203}\016\245\330\213\245\330\203\245 \363"
  52      7D0EA5D8 
  52      8BA5D883 
  52      A520F3
  53 0133 27A75A32 		.ascii	"'\247Z2\226\335\307\303\350P\206\017\320\301\016e\014"
  53      96DDC7C3 
  53      E850860F 
  53      D0C10E65 
  53      0C
  54 0144 1FA20D4B 		.ascii	"\037\242\015Kx\365w#j\026\323\270\376\305\221\333~Y"
  54      78F57723 
  54      6A16D3B8 
  54      FEC591DB 
  54      7E59
  55 0156 1F9113EC 		.ascii	"\037\221\023\354\023U\204\242v\237\314\311\017\325\357"
  55      135584A2 
  55      769FCCC9 
  55      0FD5EF
  56 0165 A1E2688B 		.ascii	"\241\342h\213\372\240\254\255\037\3268s\2535CY\013w"
  56      FAA0ACAD 
  56      1FD63873 
  56      AB354359 
  56      0B77
  57 0177 8E2DF8F4 		.ascii	"\216-\370\364%_nV\326\276}YK\030\036\317\304\001\301"
  57      255F6E56 
ARM GAS  /tmp/ccpKjvda.s 			page 4


  57      D6BE7D59 
  57      4B181ECF 
  57      C401C1
  58 018a 7BE4F27E 		.ascii	"{\344\362~\266\177\230+\222\274\220\274\307\360\261"
  58      B67F982B 
  58      92BC90BC 
  58      C7F0B1
  59 0199 22CAC782 		.ascii	"\"\312\307\202O\264\271\365\306\036C\343,M\234\357\232"
  59      4FB4B9F5 
  59      C61E43E3 
  59      2C4D9CEF 
  59      9A
  60 01aa 8FF95C77 		.ascii	"\217\371\\w&\016\212B\363\030\236I\037t\223\224_\271"
  60      260E8A42 
  60      F3189E49 
  60      1F749394 
  60      5FB9
  61 01bc 229442B3 		.ascii	"\"\224B\263!\037Ffq\343\250k~\253\230\330Y\370\227\234"
  61      211F4666 
  61      71E3A86B 
  61      7EAB98D8 
  61      59F8979C 
  62 01d0 A79E9C67 		.ascii	"\247\236\234gh\213\204\336\025\347\027\223p\206\234"
  62      688B84DE 
  62      15E71793 
  62      70869C
  63 01df 337CAE7B 		.ascii	"3|\256{\233Y\314\356\020\360\302\003$\024`\263\237\014"
  63      9B59CCEE 
  63      10F0C203 
  63      241460B3 
  63      9F0C
  64 01f1 01879495 		.ascii	"\001\207\224\225\210\350{n\252:\356Y\332\247\377\277"
  64      88E87B6E 
  64      AA3AEE59 
  64      DAA7FFBF 
  65 0201 3BAB9EE4 		.ascii	";\253\236\344\260\307y\271mh\012u\261Ltb:\250\333\272"
  65      B0C779B9 
  65      6D680A75 
  65      B14C7462 
  65      3AA8DBBA 
  66 0215 175F6D9B 		.ascii	"\027_m\233\231<H\257=\322\210\234\231B\345\300\000\361"
  66      993C48AF 
  66      3DD2889C 
  66      9942E5C0 
  66      00F1
  67 0227 066B0BB7 		.ascii	"\006k\013\267\322\256\205@\276\303\221\364J\277\311"
  67      D2AE8540 
  67      BEC391F4 
  67      4ABFC9
  68 0236 0DC7B43B 		.ascii	"\015\307\264;\034\305\272\336Xv%\351\272 \230\322\263"
  68      1CC5BADE 
  68      587625E9 
  68      BA2098D2 
  68      B3
  69 0247 F1393DE1 		.ascii	"\3619=\341Z-\026\031\361\357\211\325\200\316\000L\273"
  69      5A2D1619 
  69      F1EF89D5 
ARM GAS  /tmp/ccpKjvda.s 			page 5


  69      80CE004C 
  69      BB
  70 0258 B3D2422D 		.ascii	"\263\322B-\020\377<\030\241\346f\253\337\347Z\035\314"
  70      10FF3C18 
  70      A1E666AB 
  70      DFE75A1D 
  70      CC
  71 0269 EFA51955 		.ascii	"\357\245\031U*\211T9\226S\351\362Kt\261\301\266\341"
  71      2A895439 
  71      9653E9F2 
  71      4B74B1C1 
  71      B6E1
  72 027b 4FAE84EC 		.ascii	"O\256\204\354Z6\033\304\267;\177E\307=\332;\331\356"
  72      5A361BC4 
  72      B73B7F45 
  72      C73DDA3B 
  72      D9EE
  73 028d 12F88157 		.ascii	"\022\370\201Wb\361VEt\275\241\360$2\366\227\227\333"
  73      62F15645 
  73      74BDA1F0 
  73      2432F697 
  73      97DB
  74 029f FA53536B 		.ascii	"\372SSk_8Sm_\254\271t\271\326>u\372\344\201\012\035"
  74      5F38536D 
  74      5FACB974 
  74      B9D63E75 
  74      FAE4810A 
  75 02b4 8F1FA9AB 		.ascii	"\217\037\251\253\223w\252\252\253\317\227\237\203\277"
  75      9377AAAA 
  75      ABCF979F 
  75      83BF
  76 02c2 B08BB6BE 		.ascii	"\260\213\266\276"
  77              		.text
  78              		.section	.gnu.lto_hal_lld_init.e33a1bf0e0f400bb,"",%progbits
  79 0000 789CA594 		.ascii	"x\234\245\224\273k\024Q\024\306\3177w\366\211k@,\004"
  79      BB6B1451 
  79      14C6CF37 
  79      77F6896B 
  79      402C04
  80 0013 53D8A6D9 		.ascii	"S\330\246\331\221X\370\037X\010V\332\213\304\302b!b"
  80      9158F81F 
  80      580856DA 
  80      8BC4C262 
  80      2162
  81 0025 2CD2EDAC 		.ascii	",\322\355\254yIDM\223\215)\226\011X\3045\306\270\276"
  81      7949444D 
  81      938D2996 
  81      0958C435 
  81      C6B8BE
  82 0038 677D6D56 		.ascii	"g}mVcR\210\212\330\211DD\002K\024D-\262\206d<\347\336"
  82      6352888A 
  82      D8894444 
  82      024B1444 
  82      2DB28664 
  83 004f 8559C466 		.ascii	"\205Y\304f\326a\346\314\353\314\357|\347\273wn\214,"
  83      D661E6CC 
  83      EBCCEF7C 
ARM GAS  /tmp/ccpKjvda.s 			page 6


  83      E7BB776E 
  83      8C2C
  84 0061 A218512F 		.ascii	"\242\030Q/\021\355\345\003\212`M\274&*$-@.\334$(o!\217"
  84      11EDE503 
  84      8A604DBC 
  84      262A242D 
  84      402EDC24 
  85 0079 CB6A4AA1 		.ascii	"\313jJ\241>\266\346[=\263.o\265\251\367\211Qwd\217\247"
  85      3EB6E65B 
  85      3DB32E6F 
  85      B5A9F789 
  85      5177648F 
  86 008e 88A6F990 		.ascii	"\210\246\371\220\015\263\350!N\373\\\331\236\314\304"
  86      0DB3E821 
  86      4EFB5CD9 
  86      9ECCC4
  87 009d 6DF31CD7 		.ascii	"m\363\034\327\020\007\237\027\336\241\346n\007cn\355"
  87      10079F17 
  87      DEA1E66E 
  87      07636EED 
  88 00ad D555340F 		.ascii	"\325U4\017\357\262\310S\\\217C\\BJBZBF\002\3218\177"
  88      EFB2C853 
  88      5C8F435C 
  88      424A425A 
  88      424602D1 
  89 00c3 2C0A2E28 		.ascii	",\012.(K\316\252\201z\265\261\321'\270\222\262\270J"
  89      4BCEAA81 
  89      7AB5B1D1 
  89      27B892B2 
  89      B84A
  90 00d5 71A4FE26 		.ascii	"q\244\376&qIy\312\202\024\035.-\255\245\314\255\373"
  90      714979CA 
  90      82141D2E 
  90      2DADA5CC 
  90      ADFB
  91 00e7 FDBC6BF3 		.ascii	"\375\274k\363\243\365\325M?\346\241T`\275\373<\245p"
  91      A3F5D54D 
  91      3FE6A154 
  91      60BDFB3C 
  91      A570
  92 00f9 1DDD28A3 		.ascii	"\035\335(\243\233$\377G\361\355\247\035\316\274;\014"
  92      9B24FF47 
  92      F1EDA71D 
  92      CEBC3B0C 
  93 0109 4FD99883 		.ascii	"O\331\230\203\207+\272\015\334\200C\015\014m\214\302"
  93      872BBA0D 
  93      DC80430D 
  93      0C6D8CC2 
  94 0119 D452A65C 		.ascii	"\324R\246\\e\342\313rZ\370`~\020ta\236A,\252\230\222"
  94      65E2CB72 
  94      5AF8607E 
  94      1074619E 
  94      412CAA98 
  95 012e B468D56E 		.ascii	"\264h\325n\206\325\026\340p\011\001\375JF\002\025\344"
  95      86D516E0 
  95      700901FD 
  95      4A460215 
ARM GAS  /tmp/ccpKjvda.s 			page 7


  95      E4
  96 013f 9D8D5B21 		.ascii	"\235\215[!\252\002\247\335\026\033\204\333Fc\265\334"
  96      AA02A7DD 
  96      161B84DB 
  96      4663B5DC 
  97 014f 54A69988 		.ascii	"T\246\231\210B\357h\272\014\037\356j[\242\252\324\224"
  97      42EF68BA 
  97      0C1FEE6A 
  97      5BA2AAD4 
  97      94
  98 0160 7B21E5BE 		.ascii	"{!\345\276\326\370q\245<\247\214\227A ^>0:;\263\340"
  98      D6F871A5 
  98      3CA78C97 
  98      41205E3E 
  98      303A3BB3 
  99 0175 6188F7E1 		.ascii	"a\210\367\341\204=\377n\365\234\212\246\266\252q\226"
  99      843DFF6E 
  99      F59C8AA6 
  99      B6AA7196 
 100 0185 E01EFD35 		.ascii	"\340\036\3755\025\322\006vqku\261M\376N<\356|*<\011"
 100      15D20676 
 100      716B75B1 
 100      4DFE4E3C 
 100      EE7C2A3C 
 101 019a AB3D95A9 		.ascii	"\253=\225\251\220\356\334\207g!\252\326\356\303f\313"
 101      90EEDC87 
 101      6721AAD6 
 101      EEC366CB 
 102 01aa 874C3465 		.ascii	"\207L4e\213\032\247\177\341z\347c\377<\244\274`Q\377"
 102      8B1AA77F 
 102      E17AE763 
 102      FF3CA4BC 
 102      6051FF
 103 01bd 35D04B21 		.ascii	"5\320K!\353e\253\301u\014\3154\273\004&\037\370\376"
 103      EB65ABC1 
 103      750CCD34 
 103      BB04261F 
 103      F8FE
 104 01cf D70F89FC 		.ascii	"\327\017\211\374\226\233\364TlZf\004\226\221\347\345"
 104      969BF454 
 104      6C5A6604 
 104      9691E7E5 
 105 01df 24AEF3FC 		.ascii	"$\256\363\374\335\377\316c\307\260\322\312\373\206s"
 105      DDFFCE63 
 105      C7B0D2CA 
 105      FB8673
 106 01ee 333F27F5 		.ascii	"3?'\365p\353%m\234)\274\372p\312\376l\3261{\377\200"
 106      70EB256D 
 106      9C29BCFA 
 106      70CAFE6C 
 106      D6317BFF 
 107 0203 73EA44CE 		.ascii	"s\352D\3169\335\177\346\354\200s\364\330\221\003\275"
 107      39DD7FE6 
 107      EC8073F4 
 107      D89103BD 
 108 0213 261E3A38 		.ascii	"&\036:88(o\216\347r'\263}\364\007\330d\252\337"
 108      38286F8E 
ARM GAS  /tmp/ccpKjvda.s 			page 8


 108      E77227B3 
 108      7DF407D8 
 108      64AADF
 109              		.text
 110              		.section	.gnu.lto_stm32_clock_init.e33a1bf0e0f400bb,"",%progbits
 111 0000 789CA558 		.ascii	"x\234\245X[P\024G\024\235;\263\317\331\205ey?\024)\225"
 111      5B501447 
 111      149D3BB3 
 111      CFD98565 
 111      793F1429 
 112 0015 52FC7089 		.ascii	"R\374p\211hi%_\373\223\277|\231\377Tb*\217\212U\246"
 112      6869255F 
 112      FB93BF7C 
 112      99FF5462 
 112      2A8F8A55 
 113 002a 3495F2CF 		.ascii	"4\225\362\317\001\027P j\022\243`\005\327\224I\220D"
 113      01175020 
 113      6A12A360 
 113      05D79449 
 113      9044
 114 003c 41A33182 		.ascii	"A\2431\202F\010HV\020A\2151\202F\014\312c#>CPy\246o"
 114      46084856 
 114      10418D31 
 114      82460CCA 
 114      63233E43 
 115 0054 77CFF63A 		.ascii	"w\317\366:&\245\263\331\242n\357\366\2359\367\334so"
 115      26A5B3D9 
 115      A26EEFF6 
 115      9D39F7DC 
 115      736F
 116 0066 77CF6095 		.ascii	"w\317`\225d\351\250W\222^\222$i-H\022dI o\353\222\244"
 116      64E9A857 
 116      925E9224 
 116      692D4812 
 116      6449206F 
 117 007d 42870C0A 		.ascii	"B\207\014\012\373\242\310\231\025!I\322TK\300.i\356"
 117      FBA2C899 
 117      152149D2 
 117      544BC02E 
 117      69EE
 118 008f 4C36EFB7 		.ascii	"L6\357\267\200\225\371\255r\006\363\333\250?\203\315"
 118      8095F9AD 
 118      7206F3DB 
 118      A83F83CD 
 119 009f FB6D6067 		.ascii	"\373m`g~\273\234\316\374\016\352Og\363~\0078\231\337"
 119      7EBB9CCE 
 119      FC0EEA4F 
 119      67F37E07 
 119      3899DF
 120 00b2 29A731BF 		.ascii	")\2471\277J\375il\336\257\202\213\371]r*\363\273\251"
 120      4AFD696C 
 120      DEAF828B 
 120      F95D722A 
 120      F3BBA9
 121 00c5 3F95CDFB 		.ascii	"?\225\315\373\335\020\307\374qr\012\363\307S\177\012"
 121      DD10C7FC 
 121      71720AF3 
ARM GAS  /tmp/ccpKjvda.s 			page 9


 121      C7537F0A 
 122 00d5 9BF7C743 		.ascii	"\233\367\307C\"\216\220('3\267\207\272\223\331\264\337"
 122      228E9028 
 122      2733B787 
 122      BA93D9B4 
 122      DF
 123 00e6 0309ECF6 		.ascii	"\003\011\354\366\0049\211\371\275\324\237\304\346\375"
 123      043989F9 
 123      BDD49FC4 
 123      E6FD
 124 00f4 5E001C35 		.ascii	"^\000\0345\007H\033d%\323b\315\260\331\323\035\3164"
 124      07481B64 
 124      25D362CD 
 124      B0D9D31D 
 124      CE34
 125 0106 D595EA8E 		.ascii	"\325\225\352\216K\211OL\366$$ya\203S\221\330\307\312"
 125      4B894F4C 
 125      F6242479 
 125      61835391 
 125      D8C7CA
 126 0119 473B1F9D 		.ascii	"G;\037\235|t\3611\216\217\211|L\340\343Ve\247\002-\245"
 126      7C74F131 
 126      8E8F897C 
 126      4CE0E356 
 126      65A7022D 
 127 012e 830D725E 		.ascii	"\203\015r^\215F>\315;w\271J\264\342\364 \001\256\342"
 127      8D463ECD 
 127      3B77B94A 
 127      B4E2F420 
 127      01AEE2
 128 0141 E0500379 		.ascii	"\340P\003y\022\271\254\377\320\364gq6\013\233\207}`"
 128      12B9ACFF 
 128      D0F46771 
 128      360B9B87 
 128      7D60
 129 0153 231593EA 		.ascii	"#\025\223\352/@\2636=S\2525\217\354\205\246\225/Z\244"
 129      2F40B336 
 129      3D53AA35 
 129      8FEC85A6 
 129      952F5AA4 
 130 0167 A0025634 		.ascii	"\240\002V4v4\0164N4*\0327\232x4\0364\011h\274h\222\321"
 130      76340E34 
 130      4E342A1A 
 130      379A7834 
 130      1E340968 
 131 017f A4A04943 		.ascii	"\244\240IC\223\216&\023M\026\232\331h\262\321\314A\223"
 131      938E2613 
 131      4D169AD9 
 131      68B2D1CC 
 131      4193
 132 0191 83662E9A 		.ascii	"\203f.\232yh\346\243\311E\263\000\315B4yh\026\241\361"
 132      7968E6A3 
 132      C945B300 
 132      CD423479 
 132      6816A1F1 
 133 01a5 A1C947B3 		.ascii	"\241\311G\263\004M\001\232\245h\226\241Y\216f\005\032"
 133      044D019A 
ARM GAS  /tmp/ccpKjvda.s 			page 10


 133      A56896A1 
 133      598E6605 
 133      1A
 134 01b6 492A2379 		.ascii	"I*#y\221\"\224+2\031\2240\264\214\016\367\026\253\230"
 134      9122942B 
 134      32199430 
 134      B48C0EF7 
 134      16AB98
 135 01c9 28497E47 		.ascii	"(I~GqK\267}\213\022Td@-\002\325m\203N\366S\273\267I"
 135      714BB77D 
 135      8B125464 
 135      402D02D5 
 135      6D834EF6 
 136 01e1 B390A95B 		.ascii	"\263\220\251[}\023\015\326 T\027\022\031\367d\006\025"
 136      7D130DD6 
 136      20541712 
 136      19F76406 
 136      15
 137 01f2 05BE8159 		.ascii	"\005\276\201YP\013\263$\274\341\301\216s\327\335\276"
 137      500BB324 
 137      BCE1C18E 
 137      73D7DDBE 
 138 0202 035AA050 		.ascii	"\003Z\240P\313\011*\026\370\026\202PI\005\206\375\340"
 138      CB092A16 
 138      F8168250 
 138      490586FD 
 138      E0
 139 0213 2317F41E 		.ascii	"#\027\364\036\016\246!\240\005\264M\232\006p\200\334"
 139      0EA621A0 
 139      05B44D9A 
 139      067080DC 
 140 0223 48390C17 		.ascii	"H9\014\027\333\215\034\254\224\303\027S\201:'\373\251"
 140      DB8D1CAC 
 140      94C31753 
 140      813A27FB 
 140      A9
 141 0234 5D2FA41C 		.ascii	"]/\244\034vw^=\245Fq\260A=\341P\3079tu\227\215\332\243"
 141      76775E3D 
 141      A54671B0 
 141      413DE150 
 141      C7397475 
 142 024c 381CA41C 		.ascii	"8\034\244\034\260\212p\210rh\253\033\357wr\022\232\002"
 142      B08A7088 
 142      7268AB1B 
 142      EF777212 
 142      9A02
 143 025e DF310A8D 		.ascii	"\3371\012\215\341\221\001\033R\250V\214y\346\374g\232"
 143      E191011B 
 143      52A8568C 
 143      79E6FC67 
 143      9A
 144 026f 80208769 		.ascii	"\200 \207i\000\031\003\034!\205\010\303\306G%\300\220"
 144      0019031C 
 144      218508C3 
 144      C64725C0 
 144      90
 145 0280 AC0CECC8 		.ascii	"\254\014\354\310\251P\211\003#\002\371|\317\342\355"
ARM GAS  /tmp/ccpKjvda.s 			page 11


 145      A9508903 
 145      2302F97C 
 145      CFE2ED
 146 028f 70F27C4D 		.ascii	"p\362|MD:*\"\375\000>\002O\276\225+\212D\026\221BS\270"
 146      443A2A22 
 146      FD003E02 
 146      4FBE952B 
 146      8A441691 
 147 02a6 3D606781 		.ascii	"=`g\201\355\317\015\314U:&\240\033X\022\223%\355V\006"
 147      EDCF0DCC 
 147      553A26A0 
 147      1B581293 
 147      25ED5606 
 148 02ba E660786D 		.ascii	"\346`xm3\017\233=,\013\031\032\011\316M\010\364\266"
 148      330F9B3D 
 148      2C0B191A 
 148      09CE4D08 
 148      F4B6
 149 02cc 76F2541D 		.ascii	"v\362T\035\344\212\372\221\206\307q\354\012\011\216"
 149      E48AFA91 
 149      86C771EC 
 149      0A098E
 150 02db 6324091B 		.ascii	"c$\011\033.S\"\213\037\312\025\013\357\270\306\360\304"
 150      2E53228B 
 150      1FCA150B 
 150      EFB8C6F0 
 150      C4
 151 02ec 579CA7D3 		.ascii	"W\234\247\323\234\000'(K\2722\177\324Y\362\370*\003"
 151      9C002728 
 151      4BBA327F 
 151      D459F2F8 
 151      2A03
 152 02fe 3B3956FC 		.ascii	";9V\374!c0933\343\201\223\261\253\335$\2025\243\332"
 152      21633039 
 152      3333E381 
 152      93B1ABDD 
 152      248235A3 
 153 0313 2A6D93DA 		.ascii	"*m\223\332I\256\212\333\034\332O\002\255\205R\217\211"
 153      49AE8ADB 
 153      1CDA4F02 
 153      AD85528F 
 153      89
 154 0324 53AB4039 		.ascii	"S\253@9\205\234\334\264\003\254\242\003\246\332\270"
 154      859CDCB4 
 154      03ACA203 
 154      A6DAB8
 155 0333 B2F1663B 		.ascii	"\262\361f;\240M@\377\254k\333\303s\3650\274\211\341"
 155      A04D40FF 
 155      AC6BDBC3 
 155      73F530BC 
 155      89E1
 156 0345 ED3DC0D4 		.ascii	"\355=\300\324uC\210u\300\225H\007x\242J\236\301Kn\213"
 156      75438875 
 156      C0954807 
 156      78A24A9E 
 156      C14B6E8B 
 157 0359 947CF310 		.ascii	"\224|\363\020_]\011\3462>-\032\263\335Pr/\003\253o/"
ARM GAS  /tmp/ccpKjvda.s 			page 12


 157      5F5D09E6 
 157      323E2D1A 
 157      B3DD5072 
 157      2F03AB6F 
 158 036e 0E71568F 		.ascii	"\016qV\217\001:b/\370\031\021\252\023\305\365\262\255"
 158      013A622F 
 158      F81911AA 
 158      13C5F5B2 
 158      AD
 159 037f A9ACC6FE 		.ascii	"\251\254\306\376/X\317\336\374\316\012A\273\350\306"
 159      2F58CFDE 
 159      FCCE0A41 
 159      BBE8C6
 160 038e 13D9D92C 		.ascii	"\023\331\331,dyt\353\333N\245.L\2629\266\347\004\333"
 160      647974EB 
 160      DB4EA52E 
 160      4CB239B6 
 160      E704DB
 161 03a1 F3866D27 		.ascii	"\363\206m'\205\201=\350\353+\212g\302hZ2\\\210]\231"
 161      85813DE8 
 161      EB2B8A67 
 161      C2685A32 
 161      5C885D99 
 162 03b5 5F44AC8B 		.ascii	"_D\254\213\250L\012m;\273h\273\352\020o\2734\263m\367"
 162      A84C0A6D 
 162      3BBB68BB 
 162      EA106FBB 
 162      34B36DF7 
 163 03c9 AB80BEA4 		.ascii	"\253\200\276\244\327\267\201\267]:\303k\335\275; \353"
 163      D7B781B7 
 163      5D3AC36B 
 163      DDBD3B20 
 163      EB
 164 03da 7938E037 		.ascii	"y8\3407\343\326\223\036\325x\351\274\361\034\221\323"
 164      E3D6931E 
 164      D578E9BC 
 164      F11C91D3 
 165 03ea ADB1548D 		.ascii	"\255\261T\215\251|\227)1\013\022\353\241\345\233\032"
 165      A97C9729 
 165      310B12EB 
 165      A1E59B1A 
 166 03fa DB5CE560 		.ascii	"\333\\\345`\345\253\272\\\330!A\257^\302\023z\0113\315"
 166      E5ABBA5C 
 166      D82141AF 
 166      5EC2137A 
 166      0933CD
 167 040d C97A45E4 		.ascii	"\311zE\344~\325P\302,\006v~`\274\333\251\247Nr\377="
 167      7ED550C2 
 167      2C06767E 
 167      60BCDBA9 
 167      A74E72FF 
 168 0422 F61A5E13 		.ascii	"\366\032^\023\301\372\260\206Y\264\206NQ\303&\275\206"
 168      C1FAB086 
 168      59B4864E 
 168      51C326BD 
 168      86
 169 0433 B30D676C 		.ascii	"\263\015gl\316\263\216\330\353\024\032O#\370\303\270"
ARM GAS  /tmp/ccpKjvda.s 			page 13


 169      CEB38ED8 
 169      EB141A4F 
 169      23F8C3B8 
 170 0443 756433BC 		.ascii	"ud3\274+\035\307.\332\365D\000\372\2155\314\216\252"
 170      2B1DC72E 
 170      DAF54400 
 170      FA8D35CC 
 170      8EAA
 171 0455 611AAFA1 		.ascii	"a\032\257\241\032\331<\316\226rjs\236\233\032\315\371"
 171      1AD93CCE 
 171      96726A73 
 171      9E9B1ACD 
 171      F9
 172 0466 8638FB6F 		.ascii	"\2068\373o\032\004\316a`Cw\366WDxY`\300\240\257\211"
 172      1A04CE61 
 172      604377F6 
 172      57447859 
 172      60C0A0AF 
 173 047b 588322D6 		.ascii	"X\203\"\326\020\352\233C\365u\011}\273\206x\022s\315"
 173      10EA9B43 
 173      F575097D 
 173      BB867812 
 173      73CD
 174 048d EA3B2CF4 		.ascii	"\352;,\364\015\353\372\206\271\276\363\010\036\245\375"
 174      0DEBFA86 
 174      B9BEF308 
 174      1EA5FD
 175 049c 849CF3A2 		.ascii	"\204\234\363\242\344L\345r\272#r^\326\345\234o.\305"
 175      E44CE572 
 175      BA23725E 
 175      D6E59C6F 
 175      2EC5
 176 04ae 3F458AB7 		.ascii	"?E\212\267\014r\346\0220\2722cToD@\337F\365r\251zqB"
 176      0C72E612 
 176      30BA3263 
 176      546F4440 
 176      DF46F572 
 177 04c6 BD1E5DBD 		.ascii	"\275\036]\275\005f\325\273#\324\273kTo!\301{zCY\030"
 177      0566D5BB 
 177      23D4BB6B 
 177      546F21C1 
 177      7B7A4359 
 178 04db A55E0A55 		.ascii	"\245^\012U\257L\211G\365\312\225Dd\004\224\3215\235"
 178      AF4C8947 
 178      F5CA9544 
 178      640494D1 
 178      359D
 179 04ed 519ED93D 		.ascii	"Q\236\331=\357\236X\212\367\215\017[\213\030\336\231"
 179      EF9E588A 
 179      F78D0F5B 
 179      8B18DE99 
 180 04fd 998ABBD6 		.ascii	"\231\212\273\326\310\302O\200\007F\216\213\2428&\363"
 180      C8C24F80 
 180      07468E8B 
 180      A23826F3 
 181 050d 0A7B229B 		.ascii	"\012{\"\233^emlg\326_\342\314\032\245\233^gS\275\213"
 181      5E656D6C 
ARM GAS  /tmp/ccpKjvda.s 			page 14


 181      67D65FE2 
 181      CC1AA59B 
 181      5E6753BD 
 182 0522 3F2BEF1B 		.ascii	"?+\357\033\014(\3607\271q\000\212\366\314|\231\215\333"
 182      0C28F037 
 182      B971008A 
 182      F6CC7C99 
 182      8DDB
 183 0534 53E0E0E7 		.ascii	"S\340\340\347\012\272\355\200\317\271\367\317\356\272"
 183      0ABAED80 
 183      CFB9F7CF 
 183      EEBA
 184 0542 410F1C07 		.ascii	"A\017\034\007\344\340\301\334_\336\246*\005\3641\276"
 184      E4E0C1DC 
 184      5FDEA62A 
 184      05F431BE 
 185 0552 A6FA62D8 		.ascii	"\246\372b\330\226\273W\323\212\264\346\323pZ\263\004"
 185      96BB57D3 
 185      8AB4E6D3 
 185      705AB304 
 186 0562 15273C02 		.ascii	"\025'<\002\205\274f\301CBh\214'#\336\300\310a\236K_"
 186      85BC66C1 
 186      4342688C 
 186      2723DEC0 
 186      C8619E4B 
 187 0577 C0089771 		.ascii	"\300\010\227q\362\032F~\022\347\364\245[U4\242\023\012"
 187      F21A467E 
 187      12E7F4A5 
 187      5B5534A2 
 187      130A
 188 0589 6598E00D 		.ascii	"e\230\340\015\027\256\013\253x\2211\3377\244g%<I\023"
 188      17AE0BAB 
 188      789131DF 
 188      37A46725 
 188      3C4913
 189 059c B661C253 		.ascii	"\266a\302S\340\323\001\311\251Q\033\333\2511M\361\360"
 189      E0D301C9 
 189      A9511BDB 
 189      A9314DF1 
 189      F0
 190 05ad 05156608 		.ascii	"\005\025f\010^\267\216\327\321\376\324\373\215J\205"
 190      5EB78ED7 
 190      D1FED4FB 
 190      8D4A85
 191 05bc 193E181A 		.ascii	"\031>\030\032\217c?\265G\354\035+T\251\035R\243Sp\221"
 191      8F633FB5 
 191      47EC1D2B 
 191      54A91D52 
 191      A3537091 
 192 05d0 5C678126 		.ascii	"\\g\201&\263\220\201\261\320v[T\310\"\031C:0\344F\031"
 192      B39081B1 
 192      D0765B54 
 192      C8221943 
 192      3A30E446 
 193 05e5 6BD63A75 		.ascii	"k\326:u8daE+\265A@\346\247TW-\357W\237\271\203\243X"
 193      38646145 
 193      2BB54140 
ARM GAS  /tmp/ccpKjvda.s 			page 15


 193      E6A75457 
 193      2DEF579F 
 194 05fd 8EF44489 		.ascii	"\216\364D\211\374\344\252\317'`\364U \3063\251T@o\222"
 194      FCE4AACF 
 194      2760F455 
 194      20C633A9 
 194      54406F92 
 195 0611 C9AACFA7 		.ascii	"\311\252\317\247\253>A\254\372\356v\316y\211\3315\266"
 195      AB3E41AC 
 195      FAEE76CE 
 195      7989D935 
 195      B6
 196 0622 594097C9 		.ascii	"Y@\227\311\2063\251\200\340=\375\374Z@Pv\035\037\355"
 196      8633A980 
 196      E03DFDFC 
 196      5A405076 
 196      1D1FED
 197 0635 E0CBCE01 		.ascii	"\340\313\316\001\345\262\276\300\222\370\002\363F\266"
 197      E5B2BEC0 
 197      92F802F3 
 197      46B6
 198 0643 D06BEFB2 		.ascii	"\320k\357\262\233\226\232K\270\202\262\302\377[\300"
 198      9B969A4B 
 198      B882B2C2 
 198      FF5BC0
 199 0652 47062D97 		.ascii	"G\006-\227\0210z.\306\250\345\026\001\275\025\265\\"
 199      11307A2E 
 199      C6A8E516 
 199      01BD15B5 
 199      5C
 200 0663 46ABEE64 		.ascii	"F\253\356d\340\313\315am\243X*b}l\240\271\202\200\375"
 200      E0CBCD61 
 200      6DA3582A 
 200      627D6CA0 
 200      B98280FD 
 201 0677 1F9A9F08 		.ascii	"\037\232\237\010\350O\221\346\012\3516n'_\003[\352T"
 201      E84F91E6 
 201      0AE9366E 
 201      275F035B 
 201      EA54
 202 0689 6E203293 		.ascii	"n 2\223\3351\177\361b\037\373[\263\316\367\316\353\253"
 202      DD317FF1 
 202      621FFB5B 
 202      B3CEF7CE 
 202      EBAB
 203 069b 7DEFAF59 		.ascii	"}\357\257Y\373\301:\337\312W_)X\302\354\313\313\327"
 203      FBC13ADF 
 203      CA575F29 
 203      58C2ECCB 
 203      CBD7
 204 06ad AF47CF6B 		.ascii	"\257G\317k\253W\277\271x\225\344xs\325{\253\336z{\355"
 204      AB57BFB9 
 204      7895E478 
 204      73D57BAB 
 204      DE7A7BED 
 205 06c1 0BFF0084 		.ascii	"\013\377\000\204\227\326\320"
 205      97D6D0
ARM GAS  /tmp/ccpKjvda.s 			page 16


 206              		.text
 207              		.section	.gnu.lto_.symbol_nodes.e33a1bf0e0f400bb,"",%progbits
 208 0000 789C6365 		.ascii	"x\234ce`bHa\000\002\246\243L\365\014\014\023\31610\000"
 208      60624861 
 208      0002A6A3 
 208      4CF50C0C 
 208      13CE3130 
 209 0015 A99D0D07 		.ascii	"\251\235\015\007\033\330\200b\307\230\352\031ab\273"
 209      1BD88062 
 209      C798EA19 
 209      6162BB
 210 0024 1A1C8122 		.ascii	"\032\034\201\"\307\231\352\231PDX\217014*\001\015`<"
 210      C799EA99 
 210      5044588F 
 210      3031342A 
 210      010D603C 
 211 0038 C154CF0C 		.ascii	"\301T\317\014\226b`hhp```fd`x\324\376F\236\231\221\205"
 211      96626068 
 211      68706060 
 211      60666460 
 211      78D4FE46 
 212 0050 A1A5EB8D 		.ascii	"\241\245\353\215<\003\0000\016\031I"
 212      3C030030 
 212      0E1949
 213              		.text
 214              		.section	.gnu.lto_.refs.e33a1bf0e0f400bb,"",%progbits
 215 0000 789C6365 		.ascii	"x\234ce`b`d\000\002\000\000I\000\011"
 215      60626064 
 215      00020000 
 215      490009
 216              		.text
 217              		.section	.gnu.lto_.decls.e33a1bf0e0f400bb,"",%progbits
 218 0000 789CCD58 		.ascii	"x\234\315X[LTI\032>u\252\271\364E08\231\230]\037\214"
 218      5B4C5449 
 218      1A3E75AA 
 218      B9F44530 
 218      3899985D 
 219 0016 C3443619 		.ascii	"\303D6\031h\032gu\367a'\243\355\0053\356\254i\\'\233"
 219      681A6775 
 219      F76127A3 
 219      ED0533EE 
 219      AC695C27 
 220 002b EC8420B4 		.ascii	"\354\204 \264#\221\213#\220\350\333\021PQ\274\241\242"
 220      23918B23 
 220      90E8DB11 
 220      5051BCA1 
 220      A2
 221 003c 2282A0A8 		.ascii	"\"\202\240\250 \210\240\" \267\026\021\021\301A\274"
 221      2088A022 
 221      20B71611 
 221      11C141BC 
 222 004c 2360E305 		.ascii	"#`\343\005\021\305A\361\212\216\354_U\347\320\305\351"
 222      11C541F1 
 222      8A8EEC5F 
 222      55E7D0C5 
 222      E9
 223 005d 9EDDD964 		.ascii	"\236\335\331d\037\366\304\277O\375U_}\365\337\252N\241"
ARM GAS  /tmp/ccpKjvda.s 			page 17


 223      1FF6C4BF 
 223      4FFD555F 
 223      7DF5DFAA 
 223      4EA1
 224 006f 9B200A79 		.ascii	"\233 \012y\237\010\302WX\020\376\211\004a\004\036\215"
 224      9F08C257 
 224      5810FE89 
 224      0461041E 
 224      8D
 225 0080 2008C704 		.ascii	" \010\307\004\307C\364b\220\022\220\023 \247@\000*\234"
 225      C743F462 
 225      90129013 
 225      20A74000 
 225      2A9C
 226 0092 15C63EDF 		.ascii	"\025\306>\337C\247\007\274\027\203L\005\271\012r\005"
 226      43A707BC 
 226      17834C05 
 226      B90A7205 
 227 00a2 A4012410 		.ascii	"\244\001$\020\306\002@`\031\241\031\344Sh\377$\363\024"
 227      C6024060 
 227      19A119E4 
 227      5368FF24 
 227      F314
 228 00b4 0BCE4F98 		.ascii	"\013\316O\230\212K\231O\270L\210\331G\354\232\002\355"
 228      8A4B994F 
 228      B84C88D9 
 228      47EC9A02 
 228      ED
 229 00c5 A9205F80 		.ascii	"\251 _\200\214\223\371Kd\316S.x\255\2001\374\012\257"
 229      8C93F94B 
 229      64CE532E 
 229      78AD8031 
 229      FC0AAF
 230 00d8 62AF0F08 		.ascii	"b\257\017\010\204D\250\001\231\013c\263A\364\320\236"
 230      8444A801 
 230      990B63B3 
 230      41F4D09E 
 231 00e8 8498ED7F 		.ascii	"\204\230\355\177\200\267\017\310\004\331\207\311d\034"
 231      80B70FC8 
 231      04D987C9 
 231      641C
 232 00f6 6426E106 		.ascii	"d&\341\006\361F\314\257\023.\326\337\215\321\351\315"
 232      F146CCAF 
 232      132ED6DF 
 232      8DD1E9CD 
 233 0106 0D356237 		.ascii	"\0155b7\352D\"\300\306\323^\204\330/\242B\325\021\345"
 233      EA4422C0 
 233      C6D35E84 
 233      D82FA242 
 233      D511E5
 234 0119 4188F643 		.ascii	"A\210\366C\257(\310\304J\027Rf\310\272(\253\242LI\377"
 234      AF28C8C4 
 234      4A175266 
 234      C8BA28AB 
 234      A24C49FF 
 235 012d C99311C7 		.ascii	"\311\223\021\307\310\206\331J\312\303r\301\032t\232"
 235      C886D94A 
ARM GAS  /tmp/ccpKjvda.s 			page 18


 235      CAC372C1 
 235      1A749A
 236 013c 321B898E 		.ascii	"2\033\211\216\005\020\342'p\204\314ly|\324>\301\341"
 236      0510E227 
 236      7084CC6C 
 236      797CD43E 
 236      C1E1
 237 014e 1C52BC7F 		.ascii	"\034R\274\177\236\321\322\253\273\213\272Ho\316\327"
 237      9ED1D2AB 
 237      BB8BBA48 
 237      6FCED7
 238 015d 88F665DD 		.ascii	"\210\366e\335:P+b\021\221\366\335w\371s\003\212$\366"
 238      3A502B62 
 238      1191F6DD 
 238      77F97303 
 238      8A24F6
 239 0170 78FEC511 		.ascii	"x\376\305\021\266\363#ol\336[0\362\321!\021\324\366"
 239      B6F3236F 
 239      6CDE5B30 
 239      F2D12111 
 239      D4F6
 240 0182 C1962C3D 		.ascii	"\301\226,=\250\237\350\320xP\337\256\271~V7q\027\235"
 240      A89FE8D0 
 240      7850DFAE 
 240      B97E5637 
 240      71179D
 241 0195 95248D17 		.ascii	"\225$\215\027\321\342OQ\021\232\204\012\321$X\374\030"
 241      D1E24F51 
 241      119A840A 
 241      D12458FC 
 241      18
 242 01a6 9A08BF4B 		.ascii	"\232\010\277K4\214)\263\243\242\306{J\216d\263K\266"
 242      348C29B3 
 242      A3A2C67B 
 242      4A8E64B3 
 242      4BB6
 243 01b8 370DBFCF 		.ascii	"7\015\277\317:!Ika\232\206\300P\001\302\350(\012 &C"
 243      3A21496B 
 243      619A86C0 
 243      5001C2E8 
 243      280A2026 
 244 01cd 137EF3D1 		.ascii	"\023~\363\321]\204\216\240np\250\030M\201\351\031\331"
 244      5D848EA0 
 244      6E70A818 
 244      4D81E919 
 244      D9
 245 01de 5B4B30FE 		.ascii	"[K0\376\216Z\273\346\366\241\275\032\240\312\001\252"
 245      8E5ABBE6 
 245      F6A1BD1A 
 245      A0CA01AA 
 246 01ee 1BD9860C 		.ascii	"\033\331\206\014\311\226\010L\"e:\356`:\256f*\241LR"
 246      C996084C 
 246      22653AEE 
 246      603AAE66 
 246      2AA14C52 
 247 0202 5F55A737 		.ascii	"_U\2477\216\240L\353\217\331\363\0152S\377\027c\210"
 247      8EA04CEB 
ARM GAS  /tmp/ccpKjvda.s 			page 19


 247      8FD9F30D 
 247      3253FF17 
 247      6388
 248 0214 4A1D44A5 		.ascii	"J\035D\245j\242\023\224(\365\311\360V\204\023(QjY\311"
 248      6AA21394 
 248      28F5C9F0 
 248      56841328 
 248      516A59C9 
 249 0228 333D10D9 		.ascii	"3=\020\331%\3116\260\177rZR\216\037e9\351`9IXH\343\024"
 249      25C936B0 
 249      7F725A52 
 249      8E1F6539 
 249      E9603949 
 250 0240 9DDDD554 		.ascii	"\235\335\325TP\210!\224Su\210d\323\033\272\216?\255"
 250      50882194 
 250      53758864 
 250      D31BBA8E 
 250      3FAD
 251 0252 7C378E75 		.ascii	"|7\216u\021\316\366\255/\362<p\011\242\312\225\344\222"
 251      11CEF6AD 
 251      2FF23C70 
 251      09A2CA95 
 251      E492
 252 0264 7D982542 		.ascii	"}\230%BC\022\332\272\367\276\027K\304\344\335X\314h"
 252      4312DABA 
 252      F7BE174B 
 252      C4E4DD58 
 252      CC68
 253 0276 BE59AF41 		.ascii	"\276Y\257A~\272\303$\023\266\273\307\277\312x!I\223"
 253      7EBAC324 
 253      13B6BBC7 
 253      BFCA7821 
 253      4993
 254 0288 5115D2A1 		.ascii	"Q\025\322\241r\207\005Su\360\233\"I\211\322\266$I\033"
 254      72870553 
 254      75F09B22 
 254      4989D2B6 
 254      24491B
 255 029b 2CA04AC8 		.ascii	",\240J\310U\005\344\012\235A~dU\202C\247\241\263\014"
 255      5505E40A 
 255      9D417E64 
 255      558243A7 
 255      A1B30C
 256 02ae 3A619582 		.ascii	":a\225\202\274\264\003\3568\217\326\210\330X{\347\226"
 256      BCB403EE 
 256      388FD688 
 256      D8587BE7 
 256      96
 257 02bf 06E9FC5C 		.ascii	"\006\351\374\\\022\324\272 `\306\374\334:\245q-\011"
 257      12D4BA20 
 257      60C6FCDC 
 257      3AA5712D 
 257      09
 258 02d0 6A0D1853 		.ascii	"j\015\030S\3550\006lc\205\221e\033~k\000W\310\270\324"
 258      ED30066C 
 258      63859165 
 258      1B7E6B00 
ARM GAS  /tmp/ccpKjvda.s 			page 20


 258      57C8B8D4 
 259 02e4 32D24BFA 		.ascii	"2\322K\372J\362\036~\206S1\365\374\345Hn\272\376\363"
 259      4AF21E7E 
 259      865331F5 
 259      FCE5486E 
 259      BAFEF3
 260 02f7 83524E3D 		.ascii	"\203RN=\024\316\203\011{\241p\264\024lcd\243F\010\264"
 260      14CE8309 
 260      7BA170B4 
 260      146C6364 
 260      A34608B4 
 261 030b A78E9873 		.ascii	"\247\216\230s\026}\0163\367V\275lvc1\363\004\365Z\345"
 261      167D0E33 
 261      F756BD6C 
 261      766331F3 
 261      04F55AE5 
 262 031f F5143DCE 		.ascii	"\365\024=\316d\254)E[\316a]\012\251\333\337\342\013"
 262      64AC2945 
 262      5BCE615D 
 262      0AA9DBDF 
 262      E20B
 263 0331 CC18B83F 		.ascii	"\314\030\270?\230\351\215\367\313\323KK\367\350q\036"
 263      98E98DF7 
 263      CBD34B4B 
 263      F7E8711E 
 264 0341 53945DE1 		.ascii	"S\224]\341\303v\305\351\336\213\215:\226\033\011\221"
 264      C376C5E9 
 264      DE8B8D3A 
 264      961B0991 
 265 0351 D4B5E6A4 		.ascii	"\324\265\346\244jp>\305\272\017v\345\356\320!___\277"
 265      6A703EC5 
 265      BA0F76E5 
 265      EED0215F 
 265      5F5FBF
 266 0364 09BE07A4 		.ascii	"\011\276\007\244\344$\010\320\300\227\265\007\2337\201"
 266      E42408D0 
 266      C097B507 
 266      9B3781
 267 0373 7F083580 		.ascii	"\177\0105\200[\215\340\304e4\301a\217\221\270f\202\037"
 267      5B8DE0C4 
 267      6534C161 
 267      8F91B866 
 267      821F
 268 0385 814D18AE 		.ascii	"\201M\030\256\305P\251\311\230\242\317\251\321\365H"
 268      C550A9C9 
 268      98A2CFA9 
 268      D1F548
 269 0394 05AFAFE3 		.ascii	"\005\257\257\343\340\027]\303+\311\257\234\260nB/\215"
 269      E0175DC3 
 269      2BC9AF9C 
 269      B06E422F 
 269      8D
 270 03a5 2730414E 		.ascii	"'0AN\026y\322\310\3406I\372Z#\240&\230}\201N$\\$\007"
 270      1679D2C8 
 270      E03649FA 
 270      5A23A026 
 270      987D814E 
ARM GAS  /tmp/ccpKjvda.s 			page 21


 271 03bd AD10B366 		.ascii	"\255\020\263f\344\213~\002\271\004\322\202|\351,f\302"
 271      E48B7E02 
 271      B904D282 
 271      7CE92C66 
 271      C2
 272 03ce EB5A5C00 		.ascii	"\353Z\\\000i\333\340Nm8\357\322Af\002\311\332\211\206"
 272      69DBE04E 
 272      6D38EFD2 
 272      416602C9 
 272      DA8986
 273 03e1 3A0F6CC7 		.ascii	":\017l\307\254\350N_\332*\242\011~\256VG\355\260\350"
 273      ACE84E5F 
 273      DA2AA209 
 273      7EAE5647 
 273      EDB0E8
 274 03f4 7F3280F9 		.ascii	"\1772\200\371t\271\016'I\022BW\000\335\346\250A\342"
 274      74B90E27 
 274      49124257 
 274      00DDE6A8 
 274      41E2
 275 0406 225DB337 		.ascii	"\"]\2637\275\242\\o\3308Z\331\024\350\250\253\253\310"
 275      BDA25C6F 
 275      D8385AD9 
 275      14E8A8AB 
 275      ABC8
 276 0418 40772EBC 		.ascii	"@w.\274\001<\324\220?$\237\211\333H~\213Z/t\312[3\205"
 276      013CD490 
 276      3F249F89 
 276      DB487E8B 
 276      5A2F74CA 
 277 042f E84D4777 		.ascii	"\350MGw^\327\342\247\2546r\3664%\212\370\025S\224\312"
 277      5ED7E2A7 
 277      AC3672F6 
 277      34258AF8 
 277      155394CA 
 278 0443 F0912B23 		.ascii	"\360\221+#\257\302\376\001a8\003\311\240\255q\323\000"
 278      AFC2FE01 
 278      613803C9 
 278      A0AD71D3 
 278      00
 279 0454 C2A94C49 		.ascii	"\302\251LI\351Y\177UF\276%z\371\263\302\362q\254\246"
 279      E9597F55 
 279      46BE257A 
 279      F9B3C2F2 
 279      71ACA6
 280 0467 6C441FA9 		.ascii	"lD\037\251\177sk\034Nc\340\215\247\257vkH-K\262\365"
 280      7F736B1C 
 280      4E63E08D 
 280      A7AF766B 
 280      482D4BB2 
 281 047c 30CB617C 		.ascii	"0\313a|7\331h\020c\024H\3138\275&\275\314\313g\233\034"
 281      37D96810 
 281      631448CB 
 281      38BD26BD 
 281      CCCB679B 
 282 0491 CFC91ABA 		.ascii	"\317\311\032\272\225:\001\315*\341.\362Q\346\320u\036"
 282      953A01CD 
ARM GAS  /tmp/ccpKjvda.s 			page 22


 282      2AE12EF2 
 282      51E6D075 
 282      1E
 283 04a2 DF3EA865 		.ascii	"\337>\250ev\014\022}w\345\275A/\234\311\326M;\367jH"
 283      760C127D 
 283      77E5BD41 
 283      2F9CC9D6 
 283      4D3BF76A 
 284 04b7 8FF733A5 		.ascii	"\217\3673\245\363\300\316C\032\206\354\243\333\372\303"
 284      F3C0CE43 
 284      1A86ECA3 
 284      DBFAC3
 285 04c6 87640DCE 		.ascii	"\207d\015\316c\203\211U\267\323\344\220\331\351\216"
 285      63838955 
 285      B7D3E490 
 285      D9E98E
 286 04d5 49DC91E7 		.ascii	"I\334\221\347\216\213\331\340\373gG\006\335q\005S\312"
 286      8E8BD9E0 
 286      FB674706 
 286      DD710553 
 286      CA
 287 04e6 7BD2EBE4 		.ascii	"{\322\353\344\005o\021\375\334\320\276\347\006\\\317"
 287      056F11FD 
 287      DCD0BEE7 
 287      065CCF
 288 04f5 06D7E65D 		.ascii	"\006\327\346]\333\344\201[\230r\26577\331\300\220mD"
 288      DBE4815B 
 288      9872B537 
 288      37D9C090 
 288      6D44
 289 0507 1FBAB3B9 		.ascii	"\037\272\263\271\321\200o\260\301\206\246\373W=\261"
 289      D1806FB0 
 289      C186A6FB 
 289      573DB1
 290 0516 9D29A9E7 		.ascii	"\235)\251\347\313\032\345\0045\321\357G_\311z\214\373"
 290      CB1AE504 
 290      35D1EF47 
 290      5FC97A8C 
 290      FB
 291 0527 E505E5C8 		.ascii	"\345\005\345\310\372\310\221}\336vn\243\026\277d\203"
 291      FAC8917D 
 291      DE766EA3 
 291      16BF6483 
 292 0537 AD1BB6A7 		.ascii	"\255\033\266\247\213\370\003S\362{\367m\221\027\374"
 292      8BF80353 
 292      F27BF76D 
 292      9117FC
 293 0546 13094DE6 		.ascii	"\023\011M\346`\226\001'\273\321\261\352\203k\013<\361"
 293      60960127 
 293      BBD1B1EA 
 293      836B0B3C 
 293      F1
 294 0557 16A65495 		.ascii	"\026\246T\225W7\312\347N \250\311\2277w\032\360.6V\334"
 294      5737CAE7 
 294      4E20A8C9 
 294      9737771A 
 294      F02E3656 
ARM GAS  /tmp/ccpKjvda.s 			page 23


 295 056c B7DEE681 		.ascii	"\267\336\346\201\263\231\2229\324\365Xv\326\217\220"
 295      B3999239 
 295      D4F55876 
 295      D68F90
 296 057b B4BE2BF2 		.ascii	"\264\276+\362\302\207\331\230r\302\373\320\023\036U"
 296      C287D998 
 296      72C2FBD0 
 296      131E55
 297 058a DF2933E2 		.ascii	"\337)3\342\0226\224\333W\271\303\033W2\345Y\362C\273"
 297      123694DB 
 297      57B9C31B 
 297      5732E559 
 297      F243BB
 298 059d 7CF84C04 		.ascii	"|\370L\004\265\247\353\321F/\\\317\306\326\325\245\327"
 298      B5A7EBD1 
 298      462F5CCF 
 298      C6D6D5A5 
 298      D7
 299 05ae 68710B53 		.ascii	"hq\013S\032\354\335\010_g\355'\033m\267E\334\315\224"
 299      1AECDD08 
 299      5F67ED27 
 299      1B6DB745 
 299      DCCD94
 300 05c1 82CACD3D 		.ascii	"\202\312\315=n\370\021S\356\227'\277\326\340'L)\374"
 300      6EF81153 
 300      EE9727BF 
 300      D6E0274C 
 300      29FC
 301 05d3 90DDA6C5 		.ascii	"\220\335\246\305\203Li;c\177\350\205\3372\245\277n\335"
 301      834C693B 
 301      637FE885 
 301      DF32A5BF 
 301      6EDD
 302 05e5 0339A13B 		.ascii	"\0039\241;\351\036\270n\267#V\2379Z2\236\232\235\247"
 302      E91EB86E 
 302      B723569F 
 302      395A329E 
 302      9A9DA7
 303 05f8 C1EF29F8 		.ascii	"\301\357)\370\263\241\207I7\335\311\231\247<\023\224"
 303      B3A18749 
 303      37DDC999 
 303      A73C1394 
 304 0608 869FEF98 		.ascii	"\206\237\357\230G>-.\361\247E\007l\327t\221;-n\251\017"
 304      473E2D2E 
 304      F1A74507 
 304      6CD77491 
 304      3B2D6EA9 
 305 061d B8F616EE 		.ascii	"\270\366\026\356\200\333 \252\340\327\234\340\315\034"
 305      80DB20AA 
 305      E0D79CE0 
 305      CD1C
 306 062b FCB99A7D 		.ascii	"\374\271\232}\220;\017\031\276\343\"\207\377\240\306"
 306      903B0F19 
 306      BEE32287 
 306      FFA0C6
 307 063a BF77C2D7 		.ascii	"\277w\302\327\363xIm\316G\2659\315\2278x\257\232\376"
 307      F378496D 
ARM GAS  /tmp/ccpKjvda.s 			page 24


 307      CE47B539 
 307      CD973878 
 307      AF9AFE
 308 064d A113FD30 		.ascii	"\241\023\3750\217\277\355:8\012\236\034}\375\227\360"
 308      8FBFED3A 
 308      380A9E1C 
 308      7DFD97F0 
 309 065d 1A8A879D 		.ascii	"\032\212\207\235\015\027@\206W\366;\272\2436\347^\023"
 309      0D174086 
 309      57F63BBA 
 309      A336E75E 
 309      13
 310 066e 479FACB6 		.ascii	"G\237\254\266\336\351\343\322\301\303\327\252\341F\265"
 310      DEE9E3D2 
 310      C1C3D7AA 
 310      E146B5
 311 067d F1F7F8D8 		.ascii	"\361\367\370\330\017\250\215\177\342`\347\317\373\024"
 311      0FA88D7F 
 311      E260E7CF 
 311      FB14
 312 068b 71125A2F 		.ascii	"q\022Z/\222!\202&\207}\266\350\207\012D_\264\003d;H"
 312      92218226 
 312      877DB6E8 
 312      870A445F 
 312      B403643B 
 313 06a0 16C80190 		.ascii	"\026\310\001\220# [@\216\202\024\201l\006\331\013r\010"
 313      23205B40 
 313      8E821481 
 313      6C06D90B 
 313      7208
 314 06b2 2403E420 		.ascii	"$\003\344 \310~\220} \233@\362@v\202\344\202\354\001"
 314      C87E907D 
 314      209B40F2 
 314      407682E4 
 314      82EC01
 315 06c5 C907390C 		.ascii	"\311\0079\014\262\025\244\020d\027H&H\032\310F\220m"
 315      B215A410 
 315      64174826 
 315      481AC846 
 315      906D
 316 06d7 20BB4172 		.ascii	" \273Ar@RE\376\013\327\301g\345\236\3321\273\3237\231"
 316      405245FE 
 316      0BD7C167 
 316      E59EDA31 
 316      BBD33799 
 317 06eb 2FD99B6A 		.ascii	"/\331\233j\370u5\374\005\037\266~5\274\317\011\316W"
 317      F87535FC 
 317      051FB67E 
 317      35BCCF09 
 317      CE57
 318 06fd E01B35FC 		.ascii	"\340\0335\374\265S\211\334\273\310\225\310\260\272D"
 318      B55389DC 
 318      BBC895C8 
 318      B0BA44
 319 070c DE399508 		.ascii	"\3369\225\010\357k\217k_\371\2447\363\326\277p\275\341"
 319      EF6B8F6B 
 319      5FF9A437 
ARM GAS  /tmp/ccpKjvda.s 			page 25


 319      F3D6BF70 
 319      BDE1
 320 071e 38FA7EBE 		.ascii	"8\372~\276\244\222\\W \177_ilb\367\025\200\361\367\225"
 320      A4925C57 
 320      207F5F69 
 320      6C62F715 
 320      80F1F795 
 321 0732 03E4636E 		.ascii	"\003\344cnklV\316\022\362\231{\251^|\310\331X>37\\g"
 321      6B6C56CE 
 321      12F2997B 
 321      A95E7CC8 
 321      D9583E33 
 322 0749 86C7F7F3 		.ascii	"\206\307\367\363\316=u]\321<\376\005\357]\242\332\273"
 322      CE3D755D 
 322      D13CFE05 
 322      EF5DA2DA 
 322      BB
 323 075a 0BEA600C 		.ascii	"\013\352`\014\363\251|\345\332|\223#\223\035\315\\&"
 323      F3A97CE5 
 323      DA7C9323 
 323      931DCD5C 
 323      26
 324 076b 7F5667F2 		.ascii	"\177Vg\362\231S\250y\366\267\256\013\205\257Z>\361\217"
 324      9953A879 
 324      F6B7AE0B 
 324      85AF5A3E 
 324      F18F
 325 077d 5C1F55BC 		.ascii	"\\\037U\274\355\274\253k\\\273:Z\206\220\253a%\224$"
 325      EDBCAB6B 
 325      5CBB3A5A 
 325      8690AB61 
 325      259424
 326 0790 558F5D57 		.ascii	"U\217]W9\037\312v\236\177\235\313\263\307\344`o\276"
 326      391FCA76 
 326      9E7F9DCB 
 326      B3C7E460 
 326      6FBE
 327 07a2 C8B18FA8 		.ascii	"\310\261\217\250\331?:m\212v\376\334|\240\016\345}\247"
 327      D93F3A6D 
 327      8A76FEDC 
 327      7CA00EE5 
 327      7DA7
 328 07b4 AF0A1FCA 		.ascii	"\257\012\037\312_\\\177%L\362\015\367UQQ\227\036'\273"
 328      5F5C7F25 
 328      4CF20DF7 
 328      55515197 
 328      1E27BB
 329 07c7 D31BEEEE 		.ascii	"\323\033\356\356\334\2242\255\352"
 329      DC9432AD 
 329      EA
 330 07d0 86AB9C78 		.ascii	"\206\253\234x\3508\034t\377\217\207\036\333y\275-\354"
 330      E8381C74 
 330      FF8F871E 
 330      DB79BD2D 
 330      EC
 331 07e1 565D0C16 		.ascii	"V]\014\026\036\023Go\325d#R?\357\037zZ\346\305\337\252"
 331      1E13476F 
ARM GAS  /tmp/ccpKjvda.s 			page 26


 331      D5642352 
 331      3FEF1F7A 
 331      5AE6C5DF 
 332 07f6 8B45FE56 		.ascii	"\213E\376V]\"\262[5\274\311\177A\274\275\331m\340\301"
 332      5D22B25B 
 332      35BCC97F 
 332      41BCBDD9 
 332      6DE0C1
 333 0809 E4CF6707 		.ascii	"\344\317g\007\270T\006\227R\360\215\201\254\355nx\033"
 333      B8540697 
 333      52F08D81 
 333      ACED6E78 
 333      1B
 334 081a 8D207AB1 		.ascii	"\215 z\261\267\361\211\016\357bJf\361\321d\2143\230"
 334      B7F1890E 
 334      EF624A66 
 334      F1D1648C 
 334      3398
 335 082c D259BDA6 		.ascii	"\322Y\275\246\301\013\3472\245g\177\342\0037|\230)\025"
 335      C10BE732 
 335      A5677FE2 
 335      03377C98 
 335      2915
 336 083e 350341EC 		.ascii	"5\003A\354\3722\011\2643]\317m\362\177k\330\311mf\377"
 336      FA3209B4 
 336      335DCF6D 
 336      F27F6BD8 
 336      C96D66FF 
 337 0852 933EBB1E 		.ascii	"\223>\273\036\037\245P\355/\025\015\300\300\356,~\312"
 337      1FA550ED 
 337      2F150DC0 
 337      C0EE2C7E 
 337      CA
 338 0863 1DE5E31E 		.ascii	"\035\345\343\036\376\216R\006\316W\375\312\207\217\317"
 338      FE8E5206 
 338      CE57FDCA 
 338      878FCF
 339 0872 6B05E4B5 		.ascii	"k\005\344\265\234~\311\252\344\244\332 \251g!\260g@"
 339      9C7EC9AA 
 339      E4A4DA20 
 339      A96721B0 
 339      6740
 340 0884 6A40EA41 		.ascii	"j@\352AjA\352@\252\307|a\356ep\005V\251^\320\351ZQ\317"
 340      6A41EA40 
 340      AAC77C61 
 340      EE657005 
 340      56A95ED0 
 341 089c C34FA9E1 		.ascii	"\303O\251\341N\337\361\366\014\325^\252\372\267\307"
 341      4EDFF1F6 
 341      0CD55EAA 
 341      FAB7C7
 342 08ab 52070F3F 		.ascii	"R\007\017?\341\032\316\237\321\275{\330\031]\245>\243"
 342      E11ACE9F 
 342      D1BD7BD8 
 342      195DA53E 
 342      A3
 343 08bc E97D6F4C 		.ascii	"\351}oL,O\273\214%\177a\342\327>\351\332\263\321?&\327"
ARM GAS  /tmp/ccpKjvda.s 			page 27


 343      2C4FBB8C 
 343      257F61E2 
 343      D73EE9DA 
 343      B3D13F26 
 344 08d1 DD966EE9 		.ascii	"\335\226n\351q)\333jM}}\205z\325VSR\202\316C&\376\233"
 344      7129DB6A 
 344      4D7D7D85 
 344      7AD55653 
 344      5282CE43 
 345 08e8 AC30C79E 		.ascii	"\2540\307\236e\260-\320\0003\3179\266@\225\262\005\332"
 345      65B02DD0 
 345      0033CF39 
 345      B64095B2 
 345      05DA
 346 08fa EE14148E 		.ascii	"\356\024\024\216\331\002\015c\266@\243\\\325\344\375"
 346      D9020D63 
 346      B640A35C 
 346      D5E4FD
 347 0909 BB656151 		.ascii	"\273eaQ\241QQ\021\241K\302\302\227'\254\010\215\210"
 347      A1515111 
 347      A14BC2C2 
 347      9727AC08 
 347      8D88
 348 091b 8D0E8B8C 		.ascii	"\215\016\213\214\011\215\214\211\214\367\234\367\355"
 348      098D8C89 
 348      8CF79CF7 
 348      ED
 349 0928 DF279B4D 		.ascii	"\337'\233M&!0 \300\310\376\305\306\031\001o\\\021\273"
 349      26213020 
 349      C0C8FEC5 
 349      C619016F 
 349      5C11BB
 350 093b 323ECE18 		.ascii	"2>\316\030\262\350\257\323\202\330\357\334\031\253V"
 350      B2E8AFD3 
 350      82D8EFDC 
 350      19AB56
 351 094a 1965A680 		.ascii	"\031e\246\200p\301\240\220\022\232\361q\361\321\323"
 351      70C1A090 
 351      129AF171 
 351      F1D1D3
 352 0959 8242C3A3 		.ascii	"\202B\303\243b\303\227\323\016\217\310\225?\316\207"
 352      62C397D3 
 352      0E8FC895 
 352      3FCE87
 353 0968 77D06FA3 		.ascii	"w\320o\243e\323#\343V\006,\023t\241\241\011\2211\361"
 353      65D323E3 
 353      56062C13 
 353      74A1A109 
 353      9131F1
 354 097b A0C72F33 		.ascii	"\240\307/3.\213\215\266\032\227\307\375`\\\022\031c"
 354      2E8B8DB6 
 354      1A97C7FD 
 354      605C1219 
 354      63
 355 098c FC213CDC 		.ascii	"\374!<\334?le\264\362\366\217\211\215\261\372[\303\226"
 355      3F6C65B4 
 355      F2F68F89 
ARM GAS  /tmp/ccpKjvda.s 			page 28


 355      8DB1FA5B 
 355      C396
 356 099e 44FA4FF7 		.ascii	"D\372O\367\017\0124\315\360\3771\310?aEDX\274\3258f"
 356      0F0A34CD 
 356      F0FF31C8 
 356      3F614544 
 356      58BCD538 
 357 09b3 D8181913 		.ascii	"\330\030\031\023\036\225\020a5F\207\205/\213\214\261"
 357      1E951061 
 357      35468785 
 357      2F8B8CB1 
 358 09c3 1A4323AC 		.ascii	"\032C#\254K\303\022\242\342C\343W\257\260\306\301\232"
 358      4BC312A2 
 358      E243E357 
 358      AFB0C6C1 
 358      9A
 359 09d4 9ECA8ADF 		.ascii	"\236\312\212\337\377\217W\214[\035g\014\215\213\217"
 359      FF8F578C 
 359      5B1D670C 
 359      8D8B8F
 360 09e3 007A58C6 		.ascii	"\000zX\306;du\\\2745\332\034\273\322j&\241\302fK\220"
 360      3B64755C 
 360      BC35DA1C 
 360      BBD26A26 
 360      A1C2664B 
 361 09f8 C61C6231 		.ascii	"\306\034b1A\303D\032Ac\342\025\036\033\035\035\033c"
 361      41C3441A 
 361      4163E215 
 361      1E1B1D1D 
 361      1B63
 362 0a0a B4AE8A87 		.ascii	"\264\256\212\207P\251\243\265t\306\364?\257Z\005\244"
 362      50A9A3B5 
 362      74C6F43F 
 362      AF5A05A4 
 363 0a1a FA85DF59 		.ascii	"\372\205\337YB\027\201#\263\255K=g\233\2771\317\235"
 363      42178123 
 363      B3AD4B3D 
 363      679BBF31 
 363      CF9D
 364 0a2c 6731E916 		.ascii	"g1\351\026.X\0202s>i\223\346\374\240\020\322t\013\011"
 364      2E581032 
 364      733E6993 
 364      E6FCA010 
 364      D2740B09 
 365 0a40 31CFB368 		.ascii	"1\317\263h-sB\346X\026\317\231=\035\303\222\232Y\263"
 365      2D7342E6 
 365      5816CF99 
 365      3D1DC392 
 365      9A59B3
 366 0a53 CD8EAE3F 		.ascii	"\315\216\256?jg.\234\025\264`\341\234o-\244eb-e\364"
 366      6A672E9C 
 366      15B460E1 
 366      9C6F2DA4 
 366      65622D65 
 367 0a68 4BEDCCE0 		.ascii	"K\355\314\340Y\323\344\321\340Q\\\260\0327\315\203\260"
 367      59D3E4D1 
 367      E0515CB0 
ARM GAS  /tmp/ccpKjvda.s 			page 29


 367      1A37CD83 
 367      B0
 368 0a79 400F799B 		.ascii	"@\017y\233\370\221 \017\302@G\202eD\360X\204\311\223"
 368      F891200F 
 368      C2404782 
 368      6544F058 
 368      84C993
 369 0a8c CCB5842C 		.ascii	"\314\265\204,\262\220\206\2114F\307\002=\311l6\026\254"
 369      B2908689 
 369      3446C702 
 369      3DC96C36 
 369      16AC
 370 0a9e 80821908 		.ascii	"\200\202\031\010\233\347[4\304I\017\360\227\274E\263"
 370      9BE75B34 
 370      C4490FF0 
 370      97BC45B3 
 371 0aae 45094790 		.ascii	"E\011G\220\336b6+1r\373\333\302Ef\213\030b\361\200\306"
 371      DE62362B 
 371      3172FBDB 
 371      C245668B 
 371      1862F180 
 372 0ac3 3773FE61 		.ascii	"7s\376a\321\220\037<\323lq\247#\246qs\027\314\014\011"
 372      D1901F3C 
 372      D36C71A7 
 372      23A67173 
 372      17CC0C09 
 373 0ad7 56E0FF02 		.ascii	"V\340\377\002\377D\277I"
 373      FF44BF49 
 374              		.text
 375              		.section	.gnu.lto_.symtab.e33a1bf0e0f400bb,"",%progbits
 376 0000 68616C5F 		.ascii	"hal_lld_init\000"
 376      6C6C645F 
 376      696E6974 
 376      00
 377 000d 00       		.ascii	"\000"
 378 000e 00       		.ascii	"\000"
 379 000f 00       		.ascii	"\000"
 380 0010 00000000 		.ascii	"\000\000\000\000\000\000\000\000"
 380      00000000 
 381 0018 B0000000 		.ascii	"\260\000\000\000"
 382 001c 73746D33 		.ascii	"stm32_clock_init\000"
 382      325F636C 
 382      6F636B5F 
 382      696E6974 
 382      00
 383 002d 00       		.ascii	"\000"
 384 002e 00       		.ascii	"\000"
 385 002f 00       		.ascii	"\000"
 386 0030 00000000 		.ascii	"\000\000\000\000\000\000\000\000"
 386      00000000 
 387 0038 B2000000 		.ascii	"\262\000\000\000"
 388 003c 53797374 		.ascii	"SystemCoreClock\000"
 388      656D436F 
 388      7265436C 
 388      6F636B00 
 389 004c 00       		.ascii	"\000"
 390 004d 00       		.ascii	"\000"
ARM GAS  /tmp/ccpKjvda.s 			page 30


 391 004e 00       		.ascii	"\000"
 392 004f 00000000 		.ascii	"\000\000\000\000\000\000\000\000"
 392      00000000 
 393 0057 C1000000 		.ascii	"\301\000\000\000"
 394 005b 69727149 		.ascii	"irqInit\000"
 394      6E697400 
 395 0063 00       		.ascii	"\000"
 396 0064 02       		.ascii	"\002"
 397 0065 00       		.ascii	"\000"
 398 0066 00000000 		.ascii	"\000\000\000\000\000\000\000\000"
 398      00000000 
 399 006e B4000000 		.ascii	"\264\000\000\000"
 400              		.text
 401              		.section	.gnu.lto_.opts,"",%progbits
 402 0000 272D666D 		.ascii	"'-fmath-errno' '-fsigned-zeros' '-ftrapping-math' '"
 402      6174682D 
 402      6572726E 
 402      6F272027 
 402      2D667369 
 403 0033 2D666E6F 		.ascii	"-fno-trapv' '-fno-openmp' '-fno-openacc' '-mcpu=cor"
 403      2D747261 
 403      70762720 
 403      272D666E 
 403      6F2D6F70 
 404 0066 7465782D 		.ascii	"tex-m7' '-mno-thumb-interwork' '-mthumb' '-ggdb' '-"
 404      6D372720 
 404      272D6D6E 
 404      6F2D7468 
 404      756D622D 
 405 0099 4F322720 		.ascii	"O2' '-fomit-frame-pointer' '-falign-functions=16' '"
 405      272D666F 
 405      6D69742D 
 405      6672616D 
 405      652D706F 
 406 00cc 2D666675 		.ascii	"-ffunction-sections' '-fdata-sections' '-fno-common"
 406      6E637469 
 406      6F6E2D73 
 406      65637469 
 406      6F6E7327 
 407 00ff 2720272D 		.ascii	"' '-flto'\000"
 407      666C746F 
 407      2700
 408              		.text
 409              		.comm	__gnu_lto_v1,1,1
 410              		.comm	__gnu_lto_slim,1,1
 411              		.ident	"GCC: (GNU Tools for ARM Embedded Processors 6-2017-q2-update) 6.3.1 20170620 (release) [AR
ARM GAS  /tmp/ccpKjvda.s 			page 31


DEFINED SYMBOLS
                            *ABS*:0000000000000000 hal_lld.c
                            *COM*:0000000000000001 __gnu_lto_v1
                            *COM*:0000000000000001 __gnu_lto_slim

NO UNDEFINED SYMBOLS
