ARM GAS  /tmp/ccB5rWB3.s 			page 1


   1              		.cpu cortex-m7
   2              		.eabi_attribute 20, 1
   3              		.eabi_attribute 21, 1
   4              		.eabi_attribute 23, 3
   5              		.eabi_attribute 24, 1
   6              		.eabi_attribute 25, 1
   7              		.eabi_attribute 26, 1
   8              		.eabi_attribute 30, 2
   9              		.eabi_attribute 34, 1
  10              		.eabi_attribute 18, 4
  11              		.file	"nvic.c"
  12              		.text
  13              	.Ltext0:
  14              		.section	.gnu.lto_.profile.b1e932ff6b8756fc,"",%progbits
  15 0000 789C6365 		.ascii	"x\234ce`b`a```d\220\022\003\000\000\312\000="
  15      60626061 
  15      60606064 
  15      90120300 
  15      00CA003D 
  16              		.text
  17              		.section	.gnu.lto_.icf.b1e932ff6b8756fc,"",%progbits
  18 0000 789C6365 		.ascii	"x\234ce`b\220b@\000\026\206\027\337\372'q3~\336ur'\033"
  18      60629062 
  18      40001686 
  18      17DFFA27 
  18      71337EDE 
  19 0018 D385E635 		.ascii	"\323\205\3465\217\270\231;\356\375hab\000\000\253P\014"
  19      8FB8993B 
  19      EEFD6861 
  19      620000AB 
  19      500C
  20 002a 3B       		.ascii	";"
  21              		.text
  22              		.section	.gnu.lto_.jmpfuncs.b1e932ff6b8756fc,"",%progbits
  23 0000 789C6365 		.ascii	"x\234ce`b\220b@\000\026\006&FF\346\372zF \250g\202\260"
  23      60629062 
  23      40001606 
  23      264646E6 
  23      FA7A4620 
  24 0018 99416C06 		.ascii	"\231Al\006\000)\250\003:"
  24      0029A803 
  24      3A
  25              		.text
  26              		.section	.gnu.lto_.inline.b1e932ff6b8756fc,"",%progbits
  27 0000 789C4D8C 		.ascii	"x\234M\214\321\021\2000\014B!M\323\350\217#\324\011"
  27      D1118030 
  27      0C42214D 
  27      D3E88F23 
  27      D409
  28 0012 5CD2453A 		.ascii	"\\\322E:\222\2438\202\261\236U>\270\343\036\220!\330"
  28      92A33882 
  28      B19E553E 
  28      B8E31E90 
  28      21D8
  29 0024 F1498179 		.ascii	"\361I\201y\242pe\204\333\324\316\015\326\252@\216E\021"
  29      A2706584 
  29      DBD4CE0D 
ARM GAS  /tmp/ccB5rWB3.s 			page 2


  29      D6AA408E 
  29      4511
  30 0036 C9833808 		.ascii	"\311\2038\010/d\257$m\365\251\004\325~\"\310J\366\227"
  30      2F64AF24 
  30      6DF5A904 
  30      D57E22C8 
  30      4AF697
  31 0049 14BBDF41 		.ascii	"\024\273\337A(\241\330;\035pLq\001\226\277\015\245"
  31      28A1D83B 
  31      1D704C71 
  31      0196BF0D 
  31      A5
  32              		.text
  33              		.section	.gnu.lto_.pureconst.b1e932ff6b8756fc,"",%progbits
  34 0000 789C6365 		.ascii	"x\234ce`b\340d```a\220b\224b\222b\226\002\000\002\321"
  34      6062E064 
  34      60606061 
  34      90629462 
  34      92629602 
  35 0017 0083     		.ascii	"\000\203"
  36              		.text
  37              		.section	.gnu.lto_nvicEnableVector.b1e932ff6b8756fc,"",%progbits
  38 0000 789C9D53 		.ascii	"x\234\235S\317k\023Q\020~\337N\222M\332$\236\305`{\020"
  38      CF6B1351 
  38      107EDF4E 
  38      924DDA24 
  38      9EC5607B 
  39 0015 4211B216 		.ascii	"B\021\262\026\374\007T\360\326\213\377\201\344b\301"
  39      FC0754F0 
  39      D68BFF81 
  39      E462C1
  40 0024 26A595E2 		.ascii	"&\245\225\342\255/IM0\026-\332$V\014\033\241\332\264"
  40      AD2F494D 
  40      30162DDA 
  40      24560C1B 
  40      A1DAB4
  41 0037 B54D53AB 		.ascii	"\265MS\2536U!\204\202\344PE\361&x0\242\344\020\251\301"
  41      36552184 
  41      82E45045 
  41      F1267830 
  41      A2E410A9 
  42 004c 8387A63A 		.ascii	"\203\207\246:o7\240\240\036\364\261\373~\314|\337\314"
  42      6F37A0A0 
  42      1EF4B1FB 
  42      7ECC7CDF 
  42      CC
  43 005d 7CF3769D 		.ascii	"|\363v\235B\023'I\210\343B\210C\374\202\004\264\231"
  43      42132749 
  43      88E34288 
  43      43FC8204 
  43      B499
  44 006f 1742C4DC 		.ascii	"\027B\304\334\032\2406\322\0151\251a\022\327(G\250\245"
  44      1AA036D2 
  44      0D31A961 
  44      12D72847 
  44      A8A5
  45 0081 3E56B481 		.ascii	">V\264\201\005\311\243\232k\037\224\305*L\246\317\361"
ARM GAS  /tmp/ccB5rWB3.s 			page 3


  45      05C9A39A 
  45      6B1F94C5 
  45      2A4CA6CF 
  45      F1
  46 0092 AB061630 		.ascii	"\253\006\0260\300\250WSk\267\351*\231\0048\370\370e"
  46      C0A85753 
  46      6BB7E92A 
  46      990438F8 
  46      F865
  47 00a4 E756C3AF 		.ascii	"\347V\303\257\216\032\372\371\330\221\263Y?\205 x?W"
  47      8E1AFAF9 
  47      D891B359 
  47      3F852078 
  47      3F57
  48 00b6 CBBCF505 		.ascii	"\313\274\365\005\357J\031\227\325\355Y\222GL\",\201"
  48      EF4A1997 
  48      D5ED5992 
  48      474C222C 
  48      81
  49 00c7 38201611 		.ascii	"8 \026\021@\021\001\301&\201e\004\031\276\034\377\324"
  49      401101C1 
  49      26816504 
  49      19BE1CFF 
  49      D4
  50 00d8 223A6651 		.ascii	"\":fQ/\327;\015\275K\375\220\351R\357\377\201\272\202"
  50      2FD73B0D 
  50      BD4BFD90 
  50      E952EFFF 
  50      81BA82
  51 00eb A0C2BF2F 		.ascii	"\240\302\277/\357g|.\207]+V\341\002\257\245\327\250"
  51      EF677C2E 
  51      875D2B56 
  51      E102AFA5 
  51      D7A8
  52 00fd CAFDEF29 		.ascii	"\312\375\357)Y}s\017\271\323^@\3015&:HMN\250\314:o\235"
  52      597D730F 
  52      B9D35E40 
  52      C135263A 
  52      484D4EA8 
  53 0115 6E357978 		.ascii	"n5yxr\011\221\346\030\2529WHS+5\021o\247:\245\036\025"
  53      720991E6 
  53      18AA3957 
  53      48532B35 
  53      116FA73A 
  54 012c 364F5A9E 		.ascii	"6OZ\236 \232H\354&a\033\210m\277\266\305\005\007J\\"
  54      209A48EC 
  54      26611B88 
  54      6DBFB6C5 
  54      05074A5C 
  55 0140 5E13B56C 		.ascii	"^\023\265l\275Oa\330\233\275T{\251+\257n\311\333\270"
  55      BD4F61D8 
  55      9BBD547B 
  55      A92BAF6E 
  55      C9DBB8
  56 0153 F3F99BD7 		.ascii	"\363\371\233\327>\312ZB\372\331t\275\325\336\364\233"
  56      3ECA5A42 
  56      FAD974BD 
ARM GAS  /tmp/ccB5rWB3.s 			page 4


  56      D5DEF49B 
  57 0163 C8C7B8FB 		.ascii	"\310\307\270\373\205\303&\271Qf\235k\034H\021v\336\255"
  57      85C326B9 
  57      51669D6B 
  57      1C481176 
  57      DEAD
  58 0175 CF1C3056 		.ascii	"\317\0340V\344TL\366\233\344\301:L\334\264\356EE[\372"
  58      E4544CF6 
  58      9BE4C13A 
  58      4CDCB4EE 
  58      45455BFA 
  59 0189 5AA4C192 		.ascii	"Z\244\301\222r\026\"&\365\340\001\214<9\255;\333\300"
  59      72162226 
  59      F5E0018C 
  59      3C39AD3B 
  59      DBC0
  60 019b 2097A80A 		.ascii	" \227\250\012n'\363\345B\267f\235\335L\254\317o\355"
  60      6E27F3E5 
  60      42B7669D 
  60      DD4CACCF 
  60      6FED
  61 01ad 79ED9A9D 		.ascii	"y\355\232\235xh\325\234\330K.zl\220\333\006\335\230"
  61      7868D59C 
  61      D84B2E7A 
  61      6C90DB06 
  61      DD98
  62 01bf 5FADF814 		.ascii	"_\255\370\024\310\211><\262A\273\311\272n\203<*\377"
  62      C8893E3C 
  62      B241BBC9 
  62      BA6E833C 
  62      2AFF
  63 01d1 F6F3A4DB 		.ascii	"\366\363\244\333\016\003<F\200\251\266z\243\253\376"
  63      0E033C46 
  63      80A9B67A 
  63      A3ABFE
  64 01e0 5FB4F562 		.ascii	"_\264\365b\323\322\206\337\265M\230\344EEi\323-m[J\233"
  64      D3D286DF 
  64      B54D98E4 
  64      454569D3 
  64      2D6D5B4A 
  65 01f5 C74AD54C 		.ascii	"\307J\325L7z\377+\331\023+\231\366\227dO\177&{f'k!^"
  65      377AFF2B 
  65      D9132B99 
  65      F697644F 
  65      7F267B66 
  66 020d 284D5B6D 		.ascii	"(M[m\264~\2124\027\312\037\011\0078\032\012\031\366"
  66      B47E8A34 
  66      17CA1F09 
  66      07381A0A 
  66      19F6
  67 021f 131D37CE 		.ascii	"\023\0357\316\235=o\214F\307.\214\033\341\350\310H4"
  67      9D3D6F8C 
  67      46C72E8C 
  67      1BE1E8C8 
  67      4834
  68 0231 629C3833 		.ascii	"b\23483tj\350\242\021\231\030\016\207\302\002\021\307"
  68      746AE8A2 
ARM GAS  /tmp/ccB5rWB3.s 			page 5


  68      1199180E 
  68      87C20211 
  68      C7
  69 0242 E8D870F4 		.ascii	"\350\330p\364\007D\001\025\374"
  69      07440115 
  69      FC
  70              		.text
  71              		.section	.gnu.lto_nvicDisableVector.b1e932ff6b8756fc,"",%progbits
  72 0000 789C9592 		.ascii	"x\234\225\222\317k\023A\024\307\337w\336&\331\332&^"
  72      CF6B1341 
  72      14C7DF77 
  72      DE26D9DA 
  72      265E
  73 0012 0583F620 		.ascii	"\005\203\366 \224\"d\310\237 \202\267^\374\017$\010"
  73      942264C8 
  73      9F2082B7 
  73      5EFC0F24 
  73      08
  74 0023 0A36112B 		.ascii	"\0126\021+\305['\375\261\205\212Z\264M\255\0306B\244"
  74      C55B27FD 
  74      B1858A5A 
  74      B44DAD18 
  74      3642A4
  75 0036 696B9BFE 		.ascii	"ik\233\376\210\332z\012\213 \001\243(x\022<X\021=T\264"
  75      88DA7A0A 
  75      8B2001A3 
  75      2878123C 
  75      58113D54 
  76 004b F4E0A1AD 		.ascii	"\364\340\241\255\276\331\365 xr\330\235\2317\373y\357"
  76      BED9F520 
  76      7872D89D 
  76      9937FB79 
  76      EF
  77 005c FBDE9B8D 		.ascii	"\373\336\233\215\221\242\363\212H\023\321Qy\301\004"
  77      91A2F38A 
  77      4813D151 
  77      79C104
  78 006b 35F98AA8 		.ascii	"5\371\212\250\350*\300n\214\013\032R\030\302-\236a\004"
  78      E82AC06E 
  78      8C0B1A52 
  78      18C22D9E 
  78      6104
  79 007d E39F3755 		.ascii	"\343\2377U\357\234\221\321\234i\304=3v\304g\242Yy\355"
  79      EF9C91D1 
  79      9C69C43D 
  79      3376C467 
  79      A25979ED 
  80 0091 C01C7A85 		.ascii	"\300\034z\205z3\272r\237o\262\317\200#\346\217\366\275"
  80      7A33BA72 
  80      9F6FB2CF 
  80      8023E68F 
  80      F6BD
  81 00a3 AD943515 		.ascii	"\255\2245\025\272\305\3347S\245\024g@\262\237\015\246"
  81      BAC5DC37 
  81      53A51467 
  81      40B29F0D 
  81      A6
ARM GAS  /tmp/ccB5rWB3.s 			page 6


  82 00b4 DF277B1E 		.ascii	"\337'{\036\0323l\232/\247\330\234\360\231\261\000\226"
  82      1A336C9A 
  82      2FA7D89C 
  82      F099B100 
  82      96
  83 00c5 8098471A 		.ascii	"\200\230G\0325\244I\216\010\213\350\261\374\307\325"
  83      35A4498E 
  83      088BE8B1 
  83      FCC7D5
  84 00d4 83E964DC 		.ascii	"\203\351d\334\211\004\361\010q\310Z\177\213\2469\370"
  84      8904F108 
  84      71C85A7F 
  84      8BA639F8 
  85 00e4 356E9A9F 		.ascii	"5n\232\237\252xw\306\005,\256\304\321a;92\305\210&\304"
  85      AA7877C6 
  85      052CAEC4 
  85      D1613B39 
  85      32C58826 
  86 00f9 C756749D 		.ascii	"\307Vt\235\225]\371+Fv\274\366z\0056N\231U\231!\012"
  86      955DF92B 
  86      4676BCF6 
  86      7A05364E 
  86      99559921 
  87 010e ADEAB3BD 		.ascii	"\255\352\263\275.\233l\0141,\211\274`{\336|G\004q\004"
  87      2E9B6C0C 
  87      312C89BC 
  87      607BDE7C 
  87      47047104 
  88 0122 DDA92E6F 		.ascii	"\335\251.o&-\344\3408\226#\350\273\327JD\220\255\271"
  88      262DE4E0 
  88      389623E8 
  88      BBD74A44 
  88      90ADB9
  89 0135 F1FC85E7 		.ascii	"\361\374\205\347Fa\200:\322\342*PPji\313\010P\032\013"
  89      4661803A 
  89      D2E22A50 
  89      506A69CB 
  89      08501A0B 
  90 0149 5E272C10 		.ascii	"^',\020\017\033\321x\360\355gWd\232`\304\244\344\350"
  90      0F1BD178 
  90      F0ED6757 
  90      649A60C4 
  90      A4E4E8
  91 015c F6F6CE46 		.ascii	"\366\366\316F\312G\271(\315\256\034\3639\201U\351\310"
  91      CA47B928 
  91      CDAE1CF3 
  91      398155E9 
  91      C8
  92 016d 8AA85987 		.ascii	"\212\250Y\207\366\207\265\311\303z\311\214\026M\267"
  92      F687B5C9 
  92      C37AC98C 
  92      164DB7
  93 017c CF2ED6E0 		.ascii	"\317.\326\340\343nx\0156\332\302n\215\263u\373\2612"
  93      E36E780D 
  93      36DAC26E 
  93      8DB375FB 
  93      B132
ARM GAS  /tmp/ccB5rWB3.s 			page 7


  94 018e E87307D6 		.ascii	"\350s\007\326\241\245\302\360\212\032\310J\2126\231"
  94      A1A5C2F0 
  94      8A1AC84A 
  94      8A3699
  95 019d DD2FB5AD 		.ascii	"\335/\265\255\304\237t\376G\354\020\036\207b\370W,\357"
  95      C49F74FE 
  95      47EC101E 
  95      8762F857 
  95      2CEF
  96 01af 73279E58 		.ascii	"s'\236X1\204bO\221\375\273\326N\0206$\3466\206+\213"
  96      3184624F 
  96      91FDBBD6 
  96      4E103624 
  96      E636862B 
  97 01c4 37C2C687 		.ascii	"7\302\306\207\377\315\204\340r%\222\340\311LFGOa@_8"
  97      FFCD84E0 
  97      722592E0 
  97      C94C4647 
  97      4F61405F 
  98 01d9 77495F2E 		.ascii	"wI_.\\\271:\240s\205\376\376B^\237:\333w\272\357\232"
  98      5CB93AA0 
  98      7385FEFE 
  98      425E9F3A 
  98      DB77BAEF 
  99 01ee CE0F5ECC 		.ascii	"\316\017^\314er\204\374o\002\365\321\032"
  99      657284FC 
  99      6F02F5D1 
  99      1A
 100              		.text
 101              		.section	.gnu.lto_nvicSetSystemHandlerPriority.b1e932ff6b8756fc,"",%progbits
 102 0000 789C6D51 		.ascii	"x\234mQ\317k\023A\024~\337\274\335\354*\330s\251=\364"
 102      CF6B1341 
 102      147EDFBC 
 102      DDEC2AD8 
 102      73A93DF4 
 103 0014 208422EC 		.ascii	" \204\"\354\322\213\007o\322s/\375\017J\024Zh\263%\025"
 103      D28B076F 
 103      D2732FFD 
 103      0F4A145A 
 103      68B32515 
 104 0028 F1D6D94D 		.ascii	"\361\326\331M\333`\205*\3264U\\6P\244\332\032\323\252"
 104      DB60852A 
 104      D634555C 
 104      3650A4DA 
 104      1AD3AA
 105 003b 97609190 		.ascii	"\227`\221\220\2239\250\350\261'\265\242\004\014\370"
 105      9339A8E8 
 105      B127B5A2 
 105      040CF8
 106 004a A357AB6F 		.ascii	"\243W\253o\266\021<8\314\354\316\373\361\275\371\276"
 106      B6113C38 
 106      CCECCEFB 
 106      F1BDF9BE 
 107 005a F76C52D4 		.ascii	"\367lR\324\005\321y\":-\007LP7_\023\205\256\002\314"
 107      05D17922 
 107      3A2D074C 
 107      50375F13 
ARM GAS  /tmp/ccB5rWB3.s 			page 8


 107      85AE02CC 
 108 006e 45BBA079 		.ascii	"E\273\240y\205y\334\340\012\243U\372\334P\303\233ZV"
 108      8579DCE0 
 108      0AA355FA 
 108      DC50C39B 
 108      5A56
 109 0080 B3729859 		.ascii	"\263r\230Y\322\213\375\011\023\335\221c\02661,Yo\027"
 109      D28BFD09 
 109      13DD9163 
 109      1636312C 
 109      596F17
 110 0093 76EEF10A 		.ascii	"v\356\361\012'\014Xb~\177u\367\240\317\230\012Cb\026"
 110      270C5862 
 110      7E7F75F7 
 110      A0CF980A 
 110      436216
 111 00a6 575FECB9 		.ascii	"W_\354\271\354\201\344\336\325\3550\223\275\257u\244"
 111      EC81E4DE 
 111      D5ED3093 
 111      BDAF75A4 
 112 00b6 9B9FCAAC 		.ascii	"\233\237\312\254\317$\314\330\002KA<\304 \036`\220\304"
 112      CF24CCD8 
 112      024B413C 
 112      C4201E60 
 112      90C4
 113 00c8 45D84656 		.ascii	"E\330FV\322\267\243/]\346s)\364Z\373\327\201\323\203"
 113      D2B7A32F 
 113      5DE67329 
 113      F45AFBD7 
 113      81D383
 114 00db 1E567AD0 		.ascii	"\036Vz\320G\377\201\326\2205\371\037w\217\312\2472\326"
 114      47FF81D6 
 114      9035F91F 
 114      778FCAA7 
 114      32D6
 115 00ed C65FBA78 		.ascii	"\306_\272x\214\214(\247\372;4\365\321\357\222\020\350"
 115      8C8C28A7 
 115      FA3B34F5 
 115      D1EF9210 
 115      E8
 116 00fe DFFFE93A 		.ascii	"\337\377\351:\200A(\301Zl>6\314\343D\313\0022\015\271"
 116      804128C1 
 116      5A6C3E36 
 116      CCE344CB 
 116      02320DB9 
 117 0112 CECAFCB9 		.ascii	"\316\312\374\271\203\350G\251\326x\017S(f\0253\250\203"
 117      83E847A9 
 117      D6780F53 
 117      28661533 
 117      A883
 118 0124 E2B7A59E 		.ascii	"\342\267\245\236\203\305\367o/lX\250\013\247\016Zkm"
 118      83C5F76F 
 118      2F6C58A8 
 118      0BA70E5A 
 118      6B6D
 119 0136 CFE44874 		.ascii	"\317\344Htm\261\365\3061\321L\252)l\354\335\266\217"
 119      6DB1F5C6 
ARM GAS  /tmp/ccB5rWB3.s 			page 9


 119      31D14CAA 
 119      296CECDD 
 119      B68F
 120 0148 4DBD5FD4 		.ascii	"M\275_\324}\006\277\036}p\023\304\241\264\274:\220\260"
 120      7D06BF1E 
 120      7D7013C4 
 120      A1B4BC3A 
 120      90B0
 121 015a 835D11B7 		.ascii	"\203]\021\267#\205\014\340k\371\345\326I\277\246\027"
 121      23850CE0 
 121      6BF9E5D6 
 121      49BFA617 
 122 016a 423D94B0 		.ascii	"B=\224\260\213'H\260\236\016C\202\033\267\342\321\221"
 122      8B2748B0 
 122      9E0E4382 
 122      1BB7E2D1 
 122      91
 123 017b BA89550B 		.ascii	"\272\211U\013\011\237\300S\3701\333\351\234\236aD\030"
 123      099FC053 
 123      F831DBE9 
 123      9C9E6144 
 123      18
 124 018c CAE8A3EA 		.ascii	"\312\350\243\352\363\225\224p:\277e\321 \332\024\321"
 124      F3959470 
 124      3ABF65D1 
 124      20DA14D1 
 125 019c 59CFF38F 		.ascii	"Y\317\363\217w0\347ONL\373\263A\341\362\234\237\013"
 125      7730E74F 
 125      4E4CFBB3 
 125      41E1F29C 
 125      9F0B
 126 01ae 666682BC 		.ascii	"ff\202\274\177a|lt\354\252\237\2772\225\363r\344LN\344"
 126      7F617C6C 
 126      74ECAA9F 
 126      BF3295F3 
 126      72E44C4E 
 127 01c3 2F4E5F2A 		.ascii	"/N_*X\263\205\251\340\017\365D\254\311"
 127      58B385A9 
 127      E00FF544 
 127      ACC9
 128              		.text
 129              		.section	.gnu.lto_nvicClearPending.b1e932ff6b8756fc,"",%progbits
 130 0000 789C2D51 		.ascii	"x\234-Q\317O\023Q\020\236\357\315n[\022Z\257&6\312\301"
 130      CF4F1351 
 130      109EEFCD 
 130      6E5B125A 
 130      AF2636CA 
 131 0015 8410927D 		.ascii	"\204\020\222}\341O0\036<q\361?0\275h\"\255\021C\274"
 131      E14F301E 
 131      3C71F13F 
 131      30BD6822 
 131      AD1143BC 
 132 0029 F15AA08D 		.ascii	"\361Z\240\215\230\010Q(bl\266\306\032~(\024\320\203"
 132      98085128 
 132      626CB6C6 
 132      1A7E2814 
 132      D083
ARM GAS  /tmp/ccB5rWB3.s 			page 10


 133 003b E0A5D978 		.ascii	"\340\245\331x\341\200\006\257\032\017\232\230x\200h"
 133      E18006AF 
 133      1A0F9A98 
 133      788068
 134 004a E3C103A0 		.ascii	"\343\301\003\2403\273\274\354{;\363\275o\276\2317\343"
 134      33BBBCEC 
 134      7B3BF3BD 
 134      6FBE9937 
 134      E3
 135 005b 93A14310 		.ascii	"\223\241C\020Y\":'\033L0\263\037\210\312\031\003\250"
 135      59223A27 
 135      1B4C30B3 
 135      1F88CA19 
 135      03A8
 136 006d E132A071 		.ascii	"\3412\240q\203q\314\360\002#\252\375\3306\003KNVga'"
 136      8371CCF0 
 136      0223AAFD 
 136      D836034B 
 136      4E566761 
 137 0082 5D755367 		.ascii	"]uSgC&Z\224\255\013K\030\020\326\376\344\306S~\300!"
 137      43265A94 
 137      AD0B4B18 
 137      10D6FEE4 
 137      C6537EC0 
 138 0097 039EB8BF 		.ascii	"\003\236\270\277\367\236|\317\251k\320'\356\261\233"
 138      F79E7CCF 
 138      A96BD027 
 138      EEB19B
 139 00a6 ABE73800 		.ascii	"\253\3478\000\211\275\030\315\177\316\366\277p\256\342"
 139      89BD18CD 
 139      7FCEF6BF 
 139      70AEE2
 140 00b5 3AEFE7D8 		.ascii	":\357\347\330]\014\231\261\012\026A\254 \217e\344I "
 140      5D0C99B1 
 140      0A1641AC 
 140      208F65E4 
 140      4920
 141 00c7 C24BF42B 		.ascii	"\302K\364+\377\333\346\311|6\345%\011\361\012)\251\235"
 141      FFDBE6C9 
 141      7C36E525 
 141      09F10A29 
 141      A99D
 142 00d9 DA9FD071 		.ascii	"\332\237\320q'\377j\256\363\245\205\375+\031@\351F\002"
 142      27FF6AAE 
 142      F3A585FD 
 142      2B1940E9 
 142      4602
 143 00eb 3DD6C393 		.ascii	"=\326\303\223\303\367\325\"\232\226@}\326}6\372\347"
 143      C3F7D522 
 143      9A96407D 
 143      D67D36FA 
 143      E7
 144 00fc 9F98E856 		.ascii	"\237\230\350V\217\3375\241b\0156\015\206\244\331m\355"
 144      8FDF35A1 
 144      620D360D 
 144      86A4D96D 
 144      ED
ARM GAS  /tmp/ccB5rWB3.s 			page 11


 145 010d 1CF56AC5 		.ascii	"\034\365j\305>|\254I\015B;\252\336\353IH\234\220\036"
 145      3E7CAC49 
 145      0D423BAA 
 145      DEEB4948 
 145      9C901E
 146 0120 B5D6B7B3 		.ascii	"\265\326\267\263J\362p\001\353\011\351Wu%\235\220<\014"
 146      4AF27001 
 146      EB09E957 
 146      75259D90 
 146      3C0C
 147 0132 E6852A60 		.ascii	"\346\205*`\245[;U\367\005\026 \252\357\006\012\210F"
 147      A55B3B55 
 147      F7051620 
 147      AAEF060A 
 147      8846
 148 0144 7D2AFA98 		.ascii	"}*\372\230V\215T\334\2167\317\016\377\366&\256\213&"
 148      568D54DC 
 148      8E37CF0E 
 148      FFF626AE 
 148      8B26
 149 0156 5C4EA087 		.ascii	"\\N\240\207\007\335\267\271\020\215\262\264\274y>\344"
 149      07DDB7B9 
 149      108DB2B4 
 149      BC793EE4 
 150 0166 3436A42F 		.ascii	"46\244/mI\247\001{_\267f\317\33057Yv}!g\260\211\020"
 150      6D49A701 
 150      7B5FB766 
 150      CFD83537 
 150      59767D21 
 151 017e 8FE361A8 		.ascii	"\217\343a\250\332\352\237e\036j\353es,\344\036l\301"
 151      DAEA9F65 
 151      1E6AEB65 
 151      732CE41E 
 151      6CC1
 152 0190 CA13E341 		.ascii	"\312\023\343A\275\306\220\324C\007\2504\237\317\304"
 152      BDC690D4 
 152      4307A834 
 152      9FCFC4
 153 019f E5C5039C 		.ascii	"\345\305\003\234fh[\2043\030\0046\371J\243\366\372\265"
 153      66685B84 
 153      33180436 
 153      F94AA3F6 
 153      FAB5
 154 01b1 9BF656E9 		.ascii	"\233\366V\351\366\235Q[(\215\214\224\212\366\322\325"
 154      F69D515B 
 154      288D8C94 
 154      8AF6D2D5 
 155 01c1 E1CBC377 		.ascii	"\341\313\303wmq\354F!(\020\212\377\00145\250\304"
 155      6D71EC46 
 155      2128108A 
 155      FF013435 
 155      A8C4
 156              		.text
 157              		.section	.gnu.lto_.symbol_nodes.b1e932ff6b8756fc,"",%progbits
 158 0000 789C6365 		.ascii	"x\234ce`b\360b\000\002\246#L\365\014\014\023\31610\000"
 158      6062F062 
 158      0002A623 
ARM GAS  /tmp/ccB5rWB3.s 			page 12


 158      4CF50C0C 
 158      13CE3130 
 159 0015 A95D0D8E 		.ascii	"\251]\015\216@\221\243L\365\214\250\"\307\230\352\231"
 159      4091A34C 
 159      F58CA822 
 159      C798EA99 
 160 0025 50458E33 		.ascii	"PE\2163\3253\243\2100\000\000\332\334\022\332"
 160      D533A388 
 160      300000DA 
 160      DC12DA
 161              		.text
 162              		.section	.gnu.lto_.refs.b1e932ff6b8756fc,"",%progbits
 163 0000 789C6365 		.ascii	"x\234ce`b`d\000\002\000\000I\000\011"
 163      60626064 
 163      00020000 
 163      490009
 164              		.text
 165              		.section	.gnu.lto_.decls.b1e932ff6b8756fc,"",%progbits
 166 0000 789CDD59 		.ascii	"x\234\335YiPTY\226\316\2337\023\222\224\305A\242\246"
 166      69505459 
 166      96CE9B37 
 166      139294C5 
 166      41A2A6
 167 0013 A6879EA9 		.ascii	"\246\207\236\251\251\261\243\210\351\321T\253\273\255"
 167      A9B1A388 
 167      E9D154AB 
 167      BBAD
 168 0021 89988811 		.ascii	"\211\230\210\021\023\035\211(\273\211D\355\376\323C"
 168      131D8928 
 168      BB8944ED 
 168      FED343
 169 0030 504897F6 		.ascii	"PH\227\366(\326\000\316\264][\"\213\010\212\240 &\213"
 169      28D600CE 
 169      B45D5B22 
 169      8B088AA0 
 169      20268B
 170 0043 A2C88E02 		.ascii	"\242\310\216\002\202\200\"\232\200\002\242\240\"\250"
 170      8280229A 
 170      8002A2A0 
 170      22A8
 171 0051 203B8888 		.ascii	" ;\210\210@\261\270\201\010s\356\3622\037\217L\243~"
 171      40B1B881 
 171      0873EEF2 
 171      321F8F4C 
 171      A37E
 172 0063 F4AFCEE0 		.ascii	"\364\257\316\340\274\367\316\275\337;\367\273\347\234"
 172      BCF7CEBD 
 172      DF3BF7BB 
 172      E79C
 173 0071 BB3D9432 		.ascii	"\273=\2242\271\354\373\177\226\311\376\013\313d'\220"
 173      B9ECFB7F 
 173      96C9FE0B 
 173      CB642790 
 174 0081 4C360F3F 		.ascii	"L6\017?\245L&;'3\377\024 \227A\256\202\030A\252e\213"
 174      A54C263B 
 174      2733FF14 
 174      209741AE 
ARM GAS  /tmp/ccB5rWB3.s 			page 13


 174      821841AA 
 175 0097 7F7BE15D 		.ascii	"\177{\341]\007\270o\003q\006q\001)\006q\005\371\004"
 175      07B86F03 
 175      71067101 
 175      29067105 
 175      F904
 176 00a9 E437A40C 		.ascii	"\3447\244\0140\313@\036\303s;\310s\220a\020hZ&\207r"
 176      30CB401E 
 176      C3733BC8 
 176      73906110 
 176      685A2687 
 177 00be 3B105B10 		.ascii	";\020[\020\304\333\223\376\276\205\012{\013mH\355\013"
 177      C4DB93FE 
 177      BE850A7B 
 177      0B6D48ED 
 177      0B
 178 00cf 768576E4 		.ascii	"v\205v\344 *\304\332@\274\037\322_\010T\250\255\360"
 178      202AC4DA 
 178      40BC1FD2 
 178      5F0854A8 
 178      ADF0
 179 00e1 27B6CBA1 		.ascii	"'\266\313\241\276\024\344\377\020\263I\354$s{F\256\327"
 179      BE14E4FF 
 179      10B349EC 
 179      24737B46 
 179      AED7
 180 00f3 A18536C3 		.ascii	"\241\2056\303\255\330$|\275,\360%\257\333q\233\226|"
 180      ADD8247C 
 180      BD2CF025 
 180      AFDB719B 
 180      967C
 181 0105 9C8851E9 		.ascii	"\234\210Q\351\341\353\225\362.\324\201\240Oh)-E\210"
 181      E1EB95F2 
 181      2ED481A0 
 181      4F68292D 
 181      4588
 182 0117 5D1115AA 		.ascii	"]\021\025\252\316\013?\204h9\224\312e\334\260P\204\204"
 182      CE0B3F84 
 182      683994CA 
 182      65DCB050 
 182      8484
 183 0129 37B82EE7 		.ascii	"7\270.\347\252\234\233\244\177\374e$\262\310\252YK\302"
 183      AA9C9BA4 
 183      7FFC6524 
 183      B2C8AA59 
 183      4BC2
 184 013b 8F71670F 		.ascii	"\217qg\017\3645\341m$77\200\220\370\005\221AF\233\327"
 184      F435E16D 
 184      24373780 
 184      90F80591 
 184      41469BD7 
 185 014f 9BF8C9CC 		.ascii	"\233\370\311\314\235CB\357'\014\267\007\325\335\250"
 185      9D4342EF 
 185      270CB707 
 185      D5DDA8
 186 015e 9394A6AD 		.ascii	"\223\224\246\255C\264,\271\245/]\216!\264\360\334=\235"
 186      43B42CB9 
ARM GAS  /tmp/ccB5rWB3.s 			page 14


 186      A52F5D8E 
 186      21B4F0DC 
 186      3D9D
 187 0170 BD7165BE 		.ascii	"\275qe\276\236\375T?7\273\255\263>'\017\307`\364\211"
 187      9EFD543F 
 187      37BBADB3 
 187      3E270FC7 
 187      60F489
 188 0183 1A91369D 		.ascii	"\032\2216\235\240\250`\344\322\264\003+\"\210\346#\223"
 188      A0A860E4 
 188      D2B4032B 
 188      2288E623 
 188      93
 189 0194 676DB12B 		.ascii	"gm\261+}\276\027V\230B\320\316j\244 \2556&\365;\202"
 189      7DBE1756 
 189      9842D0CE 
 189      6AA420AD 
 189      3626F53B 
 190 01a9 EAA2461F 		.ascii	"\352\242F\037%b\271\241\341a\265\002\271\2513I#\306"
 190      2562B9A1 
 190      E161B502 
 190      B9A93349 
 190      23C6
 191 01bb F9179FC4 		.ascii	"\371\027\237\304\035\320\353\345\250\010\251\3219\204"
 191      1DD0EBE5 
 191      A808A9D1 
 191      3984
 192 01c9 512E5A49 		.ascii	"Q.ZI(\177B\002\037\251\327\357\327\307\206\352\3556"
 192      287F4202 
 192      1FA9D7EF 
 192      D7C786EA 
 192      ED36
 193 01db C9500172 		.ascii	"\311P\001rE\347\221\253\014\025\"7\322(\301\241|(\314"
 193      45E791AB 
 193      0C152237 
 193      D228C1A1 
 193      7C28CC
 194 01ee 83426825 		.ascii	"\203Bh%\347l\334\031\033\034\213\010\003y\355\325\307"
 194      E76CDC19 
 194      1B1C8B08 
 194      0379EDD5 
 194      C7
 195 01ff 8F1448ED 		.ascii	"\217\024H\355f\321@\211\005\003\214\314\235\274\217"
 195      66D14089 
 195      05038CCC 
 195      9DBC8F
 196 020e 6BC30999 		.ascii	"k\303\011\231b s\301L\006\2701?TOw/U\220\324!\200/\024"
 196      622073C1 
 196      4C06B831 
 196      3F544F77 
 196      2F5590D4 
 197 0226 A4282AE3 		.ascii	"\244(*\343\346\0146\225]D\264\360\306\374k\243\023\363"
 197      E60C3695 
 197      5D44B4F0 
 197      C6FC6BA3 
 197      13F3
 198 0238 809C3867 		.ascii	"\200\2348g\374v\352\022\346\201\245\240\336\2727\371"
ARM GAS  /tmp/ccB5rWB3.s 			page 15


 198      FC76EA12 
 198      E681A5A0 
 198      DEBA37F9 
 199 0248 D0FEC3E3 		.ascii	"\320\376\303\343\324\313\241\372\245r\264\355\003T\016"
 199      D4CBA1FA 
 199      A572B4ED 
 199      03540E
 200 0257 44CA8088 		.ascii	"D\312\200\210\014]B\037\302\265\024)X\223\263\217BF"
 200      0C5D421F 
 200      C2B51429 
 200      5893B38F 
 200      4246
 201 0269 6C3E4ED3 		.ascii	"l>N\323\247\365\200\263\256.\177zA\257\007\212z\005"
 201      A7F580B3 
 201      AE2E7F7A 
 201      41AF078A 
 201      7A05
 202 027b C1A11C33 		.ascii	"\301\241\0343Gx\204k6\352F(\013uA\006\\F\037\303\353"
 202      4778846B 
 202      36EA4628 
 202      0B754106 
 202      5C461FC3 
 203 0290 AD5D95E3 		.ascii	"\255]\225\343\030\247\263\370Z\240\177\2750\357\235"
 203      18A7B3F8 
 203      5AA07FBD 
 203      30EF9D
 204 029f A3552E95 		.ascii	"\243U.\225\224\313\025\201\313\361\013\005sr\316\245"
 204      94CB1581 
 204      CBF10B05 
 204      7372CEA5 
 205 02af F9EF0C7A 		.ascii	"\371\357\014z\343~=\361\026\240P\205\231I\205\224\311"
 205      E37E3DF1 
 205      16A05085 
 205      99498594 
 205      C9
 206 02c0 55CAA4E8 		.ascii	"U\312\244\350\315\363P\214/2&\231\317g.\331\013\226"
 206      CDF3508C 
 206      2F322699 
 206      CF672ED9 
 206      0B96
 207 02d2 FEDE6489 		.ascii	"\376\336d\211\364\351\232\331\3225\251%#\265T\231\225"
 207      F4E99AD9 
 207      D235A925 
 207      23B55499 
 207      95
 208 02e3 E8899B99 		.ascii	"\350\211\233\231\241\212\362\366\327*nh\370\247\013"
 208      A18AF2F6 
 208      D72A6E68 
 208      F8A70B
 209 02f2 2855990D 		.ascii	"(U\231\015UI\015USC\371\255\247*\354Y\230\364\256$S"
 209      55490D55 
 209      5343F9AD 
 209      A72AEC59 
 209      98F4AE24 
 210 0307 AB0E9470 		.ascii	"\253\016\224p}\334\026\364\370s\375e\210\351\261.\240"
 210      7DDC16F4 
 210      F873FD65 
ARM GAS  /tmp/ccB5rWB3.s 			page 16


 210      88E9B12E 
 210      A0
 211 0318 0FB56625 		.ascii	"\017\265f%9\2608\352O#(H\235\235\015S\340~F\245\367"
 211      39B038EA 
 211      4F232848 
 211      9D9D0D53 
 211      E07E46A5 
 212 032d C1DC2D9E 		.ascii	"\301\334-\236\366\241J2\014J\237\035]\242\216$\236\245"
 212      F6A14A32 
 212      0C4A9F1D 
 212      5DA28E24 
 212      9EA5
 213 033f 29482A84 		.ascii	")H*\204$\224\241\233$\247\220\306\025\325\263\374\235"
 213      2494A19B 
 213      24A790C6 
 213      15D5B3FC 
 213      9D
 214 0350 7A5C95A6 		.ascii	"z\\\225\246v\216\245h\275\376#\005\215Q-\300oPx\003"
 214      768EA568 
 214      BDFE2305 
 214      8D512DC0 
 214      6F507803 
 215 0364 72165E22 		.ascii	"r\026^\"\350\201\214\2014;\316\334\006\364\210\270\276"
 215      E8818C81 
 215      343BCEDC 
 215      06F488B8 
 215      BE
 216 0375 7447CE9C 		.ascii	"tG\316\234\020\273\033w\350\230\2023%\2435\346a\334"
 216      10BB1B77 
 216      E8988233 
 216      25A335E6 
 216      61DC
 217 0387 7FE051C6 		.ascii	"\177\340Q\306\363Q\321\261B%\303\376@\260\023s\031\011"
 217      F351D1B1 
 217      4225C3FE 
 217      40B01373 
 217      1909
 218 0399 365679DE 		.ascii	"6Vy\336\025x\336a<\013\302\007rT\360\266+L\005H4\017"
 218      1578DE61 
 218      3C0BC207 
 218      7254F0B6 
 218      2B4C0548 
 219 03af B8B279A0 		.ascii	"\270\262y\240\3048uN\201\307iK\362\322\222\201$\265"
 219      C438754E 
 219      81C7694B 
 219      F2D29281 
 219      24B5
 220 03c1 68A87F50 		.ascii	"h\250\177P\256\327/E\255\320\261\373\346\330\270\232"
 220      AED72F45 
 220      ADD0B1FB 
 220      E6D8B89A 
 221 03d1 46FAF819 		.ascii	"F\372\370\031=\376P\206>uE\253`\230\266\3000u\345\303"
 221      3DFE5086 
 221      3E7545AB 
 221      6098B6C0 
 221      3075E5C3 
 222 03e5 B419E8DC 		.ascii	"\264\031\350\334\343\343\374T\366u\007<\303\0320$T\225"
ARM GAS  /tmp/ccB5rWB3.s 			page 17


 222      E3E3FC54 
 222      F675073C 
 222      C31A3024 
 222      5495
 223 03f7 389A1A80 		.ascii	"8\232\032\200\341[L\207\357#h\341\201\271\205Vd\245"
 223      E15B4C87 
 223      EF2368E1 
 223      81B98556 
 223      64A5
 224 0409 8987969B 		.ascii	"\211\207\226\233\230zr\245\314\306\034\012D\3555B\375"
 224      987A72A5 
 224      CCC61C0A 
 224      44ED3542 
 224      FD
 225 041a 6DEA9136 		.ascii	"m\352\2216\032\212\273B(\322\362\015#\266\304}\241?"
 225      1A8ABB42 
 225      28D2F20D 
 225      23B6C47D 
 225      A13F
 226 042c CE7AB73E 		.ascii	"\316z\267>|\330Vl\275\375}\326K\273\343\017\362\224"
 226      7CD8566C 
 226      BDFD7DD6 
 226      4BBBE30F 
 226      F294
 227 043e 4C2393E9 		.ascii	"L#\223\351\345\316\011\343\022\246\367\020\367O\217"
 227      E5CE09E3 
 227      12A6F710 
 227      F74F8F
 228 044d 9C6855F1 		.ascii	"\234hU\361@;\202^3\2252a\217\367c6\336\037WF\362H\257"
 228      403B825E 
 228      33953261 
 228      8FF76336 
 228      DE1F5746 
 229 0464 0575FF70 		.ascii	"\005u\377pQ\262\235\325@\367\012\201\356a<\303\007S"
 229      51B29DD5 
 229      40F70A81 
 229      EE613CC3 
 229      0753
 230 0476 3BE4D284 		.ascii	";\344\322\204\354\002x'\205\367Q\236\275\002\317\304"
 230      EC027827 
 230      85F7519E 
 230      BD02CFC4 
 231 0486 D1E99FF0 		.ascii	"\321\351\237\360|\024\317\371\316t\316G\347\207\256"
 231      7C14CFF9 
 231      CE74CE47 
 231      E787AE
 232 0495 A5A8394B 		.ascii	"\245\2509K2!\326\334O\316\263\305\207\030\313\027Q\341"
 232      3221D6DC 
 232      4FCEB3C5 
 232      8718CB17 
 232      51E1
 233 04a7 AFF9B821 		.ascii	"\257\371\270!\203\356\341\351'o\324VY\016\011,\2372"
 233      83EEE1E9 
 233      276FD456 
 233      590E092C 
 233      9F32
 234 04b9 96512967 		.ascii	"\226Q)gRm\244,\237\000|\200\302\237Q\226C\002\313\310"
ARM GAS  /tmp/ccB5rWB3.s 			page 18


 234      526DA42C 
 234      9F007C80 
 234      C29F5196 
 234      4302CBC8 
 235 04cd FC981ACC 		.ascii	"\374\230\032\314b\365cV\005x\343fZ\251a\301\260\034"
 235      62F56356 
 235      0578E366 
 235      5AA961C1 
 235      B01C
 236 04df 7E9FFDD7 		.ascii	"~\237\375\327\245o\037\363n\247a\342\361\212\2668\276"
 236      A56F1FF3 
 236      6EA761E2 
 236      F18AB638 
 236      BE
 237 04f0 0EF48887 		.ascii	"\016\364\210\207\255\013\037\266!C\205\0070\216c~\230"
 237      AD0B1FB6 
 237      21438507 
 237      308E637E 
 237      98
 238 0501 4A0C3FA8 		.ascii	"J\014?\250b\340\277\005\265>9\345\037\254\272aBp\303"
 238      62E0BF05 
 238      B53E39E5 
 238      1FACBA61 
 238      4270C3
 239 0514 38A379B5 		.ascii	"8\243y\265\351q\271\235\324\015c\000\037\245\360IJs"
 239      E971B99D 
 239      D40D6300 
 239      1FA5F049 
 239      4A73
 240 0526 42A05952 		.ascii	"B\240YR9\221!\314\036\204\346\223\274\276t5Nf4r\215"
 240      399121CC 
 240      1E84E693 
 240      BCBE7435 
 240      4E663472 
 241 053b D1F53C1C 		.ascii	"\321\365<\034i$V\363\311\343\251\3668\215U\012\201t"
 241      692456F3 
 241      C9E3A9F6 
 241      388D550A 
 241      8174
 242 054d E681BCF3 		.ascii	"\346\201\274\363\254\264H\216sY\345\273\356\330X[\376"
 242      ACB4488E 
 242      7359E5BB 
 242      EED8585B 
 242      FE
 243 055e 26C9CDEE 		.ascii	"&\311\315\356\266\326\"{\\\300*K\007o\326\012o\222\312"
 243      B6D6227B 
 243      5CC02A4B 
 243      076FD60A 
 243      6F92CA
 244 0571 83057DD1 		.ascii	"\203\005}\321J\\\316*{;\237F9\342J\246\324\325\356\377"
 244      4A5CCE2A 
 244      7B3B9F46 
 244      39E24AA6 
 244      D4D5EEFF 
 245 0585 23AE63CF 		.ascii	"#\256c\317\267\372\303\376\225\275\024F&\350\033g\213"
 245      B7FAC3FE 
 245      95BD1446 
ARM GAS  /tmp/ccB5rWB3.s 			page 19


 245      26E81B67 
 245      8B
 246 0596 4E61E6BF 		.ascii	"Na\346\2774\232\376\305UQ\241N\3706\005;\325\364f%\253"
 246      349AFEC5 
 246      5551A14E 
 246      F836053B 
 246      D5F46625 
 247 05ab D072FE5B 		.ascii	"\320r\376[F.n\313\317\350\303B`j\230Y>\326\022\246\327"
 247      462E6ECB 
 247      CFE8C342 
 247      606A9859 
 247      3ED612A6 
 248 05c0 47D8A3C7 		.ascii	"G\330\243\307\310\0315\301\344\020%_f\032v\350\026u"
 248      C81935C1 
 248      E410255F 
 248      661A76E8 
 248      1675
 249 05d2 D36AB25B 		.ascii	"\323j\262[e/\264\357\206K\030F\317\001\375\206\243\205"
 249      652FB4EF 
 249      864B1846 
 249      CF01FD86 
 249      A385
 250 05e4 B0A3D70B 		.ascii	"\260\243\327\013\320\241\200\0160P4I\216\0209C\2332"
 250      D0A1800E 
 250      30503449 
 250      8E103943 
 250      9B32
 251 05f6 AB468C26 		.ascii	"\253F\214&\363T5\267\015QA\357\270m!V<\257D\350>\021"
 251      F35435B7 
 251      0D5141EF 
 251      B86D2156 
 251      3CAF44E8 
 252 060c FA9514FD 		.ascii	"\372\225\024\375R\312{f\227\231\367\234\224\267F\002"
 252      52CA7B66 
 252      9799F79C 
 252      94B74602 
 253 061c 6E107572 		.ascii	"n\020urV\012~+5=,B\277\220\242\247\314\3508\236\205"
 253      560A7E2B 
 253      353D2C42 
 253      BF90A2A7 
 253      CCE8389E 
 254 0631 EB143248 		.ascii	"\353\0242H\022WX&H\025A\303\340BG\344n\350\200|9\012"
 254      12575826 
 254      481541C3 
 254      E04247E4 
 254      6EE8807C 
 255 0647 07890489 		.ascii	"\007\211\004\211\001\011\005\211\0009\010\022\015r\030"
 255      01090589 
 255      00390812 
 255      0D7218
 256 0656 2416643F 		.ascii	"$\026d?\310!\2200\371r\272\023e\016\231\0249\344\007"
 256      C8219030 
 256      F972BA13 
 256      650E9914 
 256      39E407
 257 0669 A94346A4 		.ascii	"\251CF\244\356k\016`hX@Q\035G\013\313*\272\276\310}"
 257      EE6B0E60 
ARM GAS  /tmp/ccB5rWB3.s 			page 20


 257      68584051 
 257      1D470BCB 
 257      2ABABEC8 
 258 067e A23E0E4A 		.ascii	"\242>\016J\373\330\277\310\266\210\311\214\224\311\264"
 258      FBD8BFC8 
 258      B688C98C 
 258      94C9B4
 259 068d 19CD96A7 		.ascii	"\031\315\226\247\261\021\347\020\275\036\021\224\214"
 259      B111E710 
 259      BD1E1194 
 259      8C
 260 069a 2F4DE64E 		.ascii	"/M\346N\325\216\271\034\325\353\353W\221y\025\266)\314"
 260      D58EB91C 
 260      D5EBEB57 
 260      917915B6 
 260      29CC
 261 06ac 9630DBC2 		.ascii	"\2260\333\302y\305d\013\222~\356A\367u\204\243\025t"
 261      79C5640B 
 261      927EEE41 
 261      F77584A3 
 261      1574
 262 06be 090CB972 		.ascii	"\011\014\271r\252i\011r[\306\332\030\034S\301\316\035"
 262      AA690972 
 262      5BC6DA18 
 262      1C53C1CE 
 262      1D
 263 06cf 1D8397E3 		.ascii	"\035\203\227\343\344\246\005\220\264h9.\350(\204\343"
 263      E4A60590 
 263      B468392E 
 263      E82884E3 
 264 06df 2F111A32 		.ascii	"/\021\0322Vc\212&\035\355\243L[n\312\302<e\305\313\355"
 264      56638A26 
 264      1DEDA34C 
 264      5B6ECAC2 
 264      3C65C5CB 
 265 06f4 E98904EE 		.ascii	"\351\211\004\356\000\256\215\351\214\347KS6\331,5\365"
 265      00AE8DE9 
 265      8CE74B53 
 265      36D92C35 
 265      F5
 266 0705 D744F175 		.ascii	"\327D\361u-\215\350\235\007\307\334q\002\355\"\212*"
 266      2D8DE89D 
 266      07C7DC71 
 266      02ED228A 
 266      2A
 267 0716 BDDFA5B0 		.ascii	"\275\337\245\260:\025\236\220\363\251PCg\302\201;\205"
 267      3A159E90 
 267      F3A95043 
 267      67C2813B 
 267      85
 268 0727 C54E7C26 		.ascii	"\305N|&\014\025fB3\332 w\026\336!\350\276\224\276\007"
 268      0C156642 
 268      33DA2077 
 268      16DE21E8 
 268      BE94BE07 
 269 073b 0EF8146B 		.ascii	"\016\370\024k'\354\\g\027_kO\020\016\341Y=\265\010g"
 269      27EC5C67 
ARM GAS  /tmp/ccB5rWB3.s 			page 21


 269      175F6B4F 
 269      100EE159 
 269      3DB50867 
 270 074f B2CAD711 		.ascii	"\262\312\327\021]\035\030\3471%g\2428\224\263\215%\310"
 270      5D1D18E7 
 270      312567A2 
 270      3894B38D 
 270      25C8
 271 0761 F1B88428 		.ascii	"\361\270\204('|\201U\246\244\276\375\011\276\304\236"
 271      277C8155 
 271      A6A4BEFD 
 271      09BEC49E 
 272 0771 733BF32E 		.ascii	"s;\363.\362\231\366\015Y\027\307\302\236\364\360\027"
 272      F299F60D 
 272      5917C7C2 
 272      9EF4F017 
 273 0781 3F04B5F0 		.ascii	"?\004\265\360J\330(?\032\031\311t6\233=\370\0016\262"
 273      4AD8283F 
 273      1A19C974 
 273      369B3DF8 
 273      0136B2
 274 0794 576F9EBD 		.ascii	"Wo\236\275<\313\331\220&F\217F\016;XuB\246\340\204\014"
 274      3CCBD990 
 274      26468F46 
 274      0E3B5875 
 274      42A6E084 
 275 07a9 395BB68E 		.ascii	"9[\266\216>\311r\224\256\007\351\020\3643r\002\317\242"
 275      3EC97294 
 275      AE07E910 
 275      F4337202 
 275      CFA2
 276 07bb 5EC814BC 		.ascii	"^\310\024\274\320\237~c\322\206\357\036\011\313\210"
 276      D09F7E63 
 276      D286EF1E 
 276      09CB88
 277 07ca 7BC7FE11 		.ascii	"{\307\376\02170"
 277      3730
 278 07d0 1A275B52 		.ascii	"\032'[R#\225\370\036Sf\015\261F\276!\036\"\300\244j"
 278      2395F81E 
 278      53660DB1 
 278      46BE211E 
 278      22C0A46A 
 279 07e4 C30EDCCE 		.ascii	"\303\016\334\316\352\006\247\006\372\021\356a\312\203"
 279      EA06A706 
 279      FA11EE61 
 279      CA83
 280 07f2 E1AE6EBE 		.ascii	"\341\256n\276\210\364\020\340\320\375\214\247J<\304"
 280      88F410E0 
 280      D0FD8CA7 
 280      4A3CC4
 281 0801 91091595 		.ascii	"\221\011\025\225*<\316\224\326\370\333\211\012\206|"
 281      2A3CCE94 
 281      D6F8DB89 
 281      0A867C
 282 0810 44907379 		.ascii	"D\220sy\031sv\370\025\253\0346\334Os\304sLI\177UT\302"
 282      197376F8 
 282      15AB1C36 
ARM GAS  /tmp/ccB5rWB3.s 			page 22


 282      DC4F73C4 
 282      734C497F 
 283 0827 17D7BB04 		.ascii	"\027\327\273\0049_\375\372\221\003\216P\322\312\247"
 283      395FFDFA 
 283      91038E50 
 283      D2CAA7
 284 0836 2D79A170 		.ascii	"-y\241p\374c\312\305\314\342\\\216\254'\310Q\303x\213"
 284      FC63CAC5 
 284      CCE25C8E 
 284      AC27C851 
 284      C3788B
 285 0849 133EC12A 		.ascii	"\023>\301*\323\346\342\316,\021\366\000\221?f\017P\333"
 285      D3E6E2CE 
 285      2C11F600 
 285      913F660F 
 285      50DB
 286 085b 9B9EC483 		.ascii	"\233\236\304\203h$\346^]1B['\2319CD\365\001\033|\226"
 286      6824E65E 
 286      5D31425B 
 286      27993943 
 286      44F5011B 
 287 0871 294742BB 		.ascii	")GB\273\276c\300\177\007\355\320\211\254X\033\026\335"
 287      BE63C07F 
 287      07EDD089 
 287      AC581B16 
 287      DD
 288 0882 1EB2CCBE 		.ascii	"\036\262\314\276\353\010\231\223\263j\262U{\273\277"
 288      EB089993 
 288      B36AB255 
 288      7BBBBF
 289 0891 2BC67A44 		.ascii	"+\306zD\215BD\257\261\210\336\311\210\015UH#z\025\""
 289      8D4244AF 
 289      B188DEC9 
 289      880D5548 
 289      237A1522 
 290 08a5 5A49235A 		.ascii	"ZI#ZE#j\024\"\232\337X\327\301\375\037I\022\353\334"
 290      45236A14 
 290      229ADF58 
 290      D7C1FD1F 
 290      4912EBDC 
 291 08b9 95D183BC 		.ascii	"\225\321\203\274\013/\310\272\035U7P\340\304\027R\262"
 291      0B2FC8BA 
 291      1D553750 
 291      E0C41752 
 291      B2
 292 08ca D9C88B68 		.ascii	"\331\310\213hK\345{\217\016\362\376\263\362k\017TV\271"
 292      4BE57B8F 
 292      0EF2FEB3 
 292      F26B0F54 
 292      56B9
 293 08dc D50ADC6E 		.ascii	"\325\012\334n0nI-\327\303m\245\334\256\003\267\032\312"
 293      306E492D 
 293      D7C36DA5 
 293      DCAE03B7 
 293      1ACA
 294 08ee AD8E72AB 		.ascii	"\255\216r\253\025\270\015\277|2\257\302\271\314c)%\307"
 294      15B80DBF 
ARM GAS  /tmp/ccB5rWB3.s 			page 23


 294      7C32AFC2 
 294      B9CC6329 
 294      25C7
 295 0900 FE880BD9 		.ascii	"\376\210\013\331s\376D\\\006\302eL\211\354=p\237\357"
 295      73FE445C 
 295      06C2654C 
 295      89EC3D70 
 295      9FEF
 296 0912 17DED06D 		.ascii	"\027\336\320mst\\\243#\276\312*k\217''\330\341j\246"
 296      73745CA3 
 296      23BECA2A 
 296      6B8F2727 
 296      D8E16AA6 
 297 0926 CC3F6B4B 		.ascii	"\314?kK\347}\033\247_9fS\313\270\356\"\332\225\270\360"
 297      E77D1BA7 
 297      5F396653 
 297      CBB8EE22 
 297      DA95B8F0 
 298 093a 5D496F54 		.ascii	"]IoTr\"\302\365\354\335\331\350J\203\365\263O\263\320"
 298      7222C2F5 
 298      ECDDD9E8 
 298      4A83F5B3 
 298      4FB3D0
 299 094d CFF32C11 		.ascii	"\317\363,\021\246\303\312z\220\264\237w\241\237wh?\357"
 299      A6C3CA7A 
 299      90B49F77 
 299      A19F7768 
 299      3FEF
 300 095f D37E360B 		.ascii	"\323~6\013\375<\330\332qa\001\372\222\374=\350\373\203"
 300      FD3CD8DA 
 300      716101FA 
 300      92FC3DE8 
 300      FB83
 301 0971 A7C3F870 		.ascii	"\247\303\370p\277K?\250\360o\006\316\354\233\201\260"
 301      BF4B3FA8 
 301      F06F06CE 
 301      EC9B81B0 
 302 0981 7D72E1DB 		.ascii	"}r\341\333\247\251#\261]\010\337e\275\250\236,\314\342"
 302      A7A923B1 
 302      5D08DF65 
 302      BDA89E2C 
 302      CCE2
 303 0993 EF923C8B 		.ascii	"\357\222<\2134L\336u\262\332\251v\241Sm,xmon\264+\245"
 303      344CDE75 
 303      B2DAA976 
 303      A1536D2C 
 303      786D6F6E 
 304 09aa 9D7A0834 		.ascii	"\235z\0104\037P\232\217)\315v\201fW\261a\320V\332)\253"
 304      1F509A8F 
 304      29CD7681 
 304      6657B161 
 304      D056DA29 
 305 09bf E8E81B17 		.ascii	"\350\350\033\027ky\032\326\023\375m\311\205\\%~\310"
 305      6B791AD6 
 305      13FD6DC9 
 305      855C257E 
 305      C8
ARM GAS  /tmp/ccB5rWB3.s 			page 24


 306 09d0 58A72767 		.ascii	"X\247'g\027\251p\027S\312\306\362\312\034\370\030\243"
 306      17A97017 
 306      53CAC6F2 
 306      CA1CF818 
 306      A3
 307 09e1 2955F1A2 		.ascii	")U\361\242\201\257\017*Q\265\013\257\256>\222\276\016"
 307      81AF0F2A 
 307      51B50BAF 
 307      AE3E92BE 
 307      0E
 308 09f2 3F51FE88 		.ascii	"?Q\376\210\345a@\350\356*\332\333\204\312\204\213\213"
 308      E56140E8 
 308      EE2ADADB 
 308      84CA848B 
 308      8B
 309 0a03 26C63EE0 		.ascii	"&\306>\340\337K\371?\241\374\007\004\376\347_N]VK{k"
 309      DF4BF93F 
 309      A1FC0704 
 309      FEE75F4E 
 309      5D564B7B 
 310 0a18 159D3D98 		.ascii	"\025\235=\230\022\303\303\360\031\250'\246O\017;\340"
 310      12C3C3F0 
 310      19A827A6 
 310      4F0F3BE0 
 311 0a28 11467274 		.ascii	"\021Frtl\266\300\021O0\245\242\354J-\357\334*2\370\362"
 311      6CB6C011 
 311      4F30A5A2 
 311      EC4A2DEF 
 311      DC2A32F8 
 312 0a3d AB9A96E0 		.ascii	"\253\232\226\340W<#cO\025\333\341Y\246$Ou>\343\251\354"
 312      573C2363 
 312      4F15DBE1 
 312      59A6244F 
 312      753EE3A9 
 313 0a52 467A9D7E 		.ascii	"Fz\235~\362\250\035\016\261ai\037\033i\260\305\021L"
 313      F2A81D0E 
 313      B161691F 
 313      1B69B0C5 
 313      114C
 314 0a64 896F8A4F 		.ascii	"\211o\212O_\202\243\231\362v(\276\215\317\322\366\242"
 314      5F82A399 
 314      F27628BE 
 314      8DCFD2F6 
 314      A2
 315 0a75 43880B3F 		.ascii	"C\210\013?\204\030\263\342\377\011\3071\350\303\266"
 315      8418B3E2 
 315      FF09C731 
 315      E8C3B6
 316 0a84 B04B1CBA 		.ascii	"\260K\034\272\004\324\330[\335\277\263\352\311\227\202"
 316      04D4D85B 
 316      DDBFB3EA 
 316      C99782
 317 0a93 275FB0C4 		.ascii	"'_\260\304i\250\277}X!=&O\202s&\250s^Q\347\274\024\234"
 317      69A8BF7D 
 317      58213D26 
 317      4F827326 
 317      A8735E51 
ARM GAS  /tmp/ccB5rWB3.s 			page 25


 318 0aab 936E089D 		.ascii	"\223n\010\235QJ\217\275V\321\225\315\035\353\360q\306"
 318      514A8FBD 
 318      56D195CD 
 318      1DEBF071 
 318      C6
 319 0abc F1655347 		.ascii	"\361eSG/\302IL\011\273u3\313\026\237d\312HNc=\314\275"
 319      2FC2494C 
 319      09BB7533 
 319      CB169F64 
 319      CA484E63 
 320 0ad3 4C19189C 		.ascii	"L\031\030\234)\3078\207)\231#g\016\333\341\363L\251"
 320      29C73887 
 320      29992367 
 320      0EDBE1F3 
 320      4CA9
 321 0ae5 3B773391 		.ascii	";w3\221\237\302\362\311R:\333q\355\007{\356\220\177"
 321      9FC2F2C9 
 321      523ADB71 
 321      ED077BEE 
 321      907F
 322 0af7 21CBDDED 		.ascii	"!\313\335\355k\215\366\270\204\202\177\221\231\230_"
 322      6B8DF6B8 
 322      84827F91 
 322      99985F
 323 0b06 6E6B3A44 		.ascii	"nk:D\274\357\267\214\335\334\004\235\035\005\036\314"
 323      BCEFB78C 
 323      DDDC049D 
 323      1D051ECC 
 324 0b16 B91C0D25 		.ascii	"\271\034\015%\0339r\026\310\201=X\006\026\235\005\262"
 324      1B397216 
 324      C8813D58 
 324      06169D05 
 324      B2
 325 0b27 69670B10 		.ascii	"ig\013\020\333C\306\003\276\341kvt \231\325%\205w.\200"
 325      DB43C603 
 325      BEE16B76 
 325      742099D5 
 325      2585772E 
 326 0b3c D32DE7B7 		.ascii	"\323-\347\267\014\016\373\030tQ\012/Yd}\362\033\263"
 326      0C0EFB18 
 326      74510A2F 
 326      59647DF2 
 326      1BB3
 327 0b4e F50A29FC 		.ascii	"\365\012)\374\362\0028!\337\274\317|\216\231\225\302"
 327      F2023821 
 327      DFBCCF7C 
 327      8E9995C2 
 328 0b5e 355274F5 		.ascii	"5Rt\3657f\364M)\232\035\037\026\300\377l\206\217K\341"
 328      3766F44D 
 328      299A1D1F 
 328      16C0FF6C 
 328      868F4BE1 
 329 0b72 038BE093 		.ascii	"\003\213\340\223\337\232\341\005R\370\371E\324\333E"
 329      DF9AE105 
 329      52F8F945 
 329      D4DB45
 330 0b81 D647A4F0 		.ascii	"\326G\244\360a\271\344\300V\375\235\031\235/E\347-2"
ARM GAS  /tmp/ccB5rWB3.s 			page 26


 330      61B9E4C0 
 330      56FD9D19 
 330      9D2F45E7 
 330      2D32
 331 0b93 DE27E272 		.ascii	"\336'\342rA\012/Z\314E\004/\266\014\027s\371\336\214"
 331      410A2F5A 
 331      CC45042F 
 331      B60C1773 
 331      F9DE8C
 332 0ba6 4E92A28F 		.ascii	"N\222\242\217K\321\315\"\264\036K\320\011Rt\203\310"
 332      4BD1CD22 
 332      B41E4BD0 
 332      09527483 
 332      C8
 333 0bb7 2B3F486D 		.ascii	"+?Hm\217J\321\355\242\360\277\225\242{\305h\232\271"
 333      8F4AD1ED 
 333      A2F0BF95 
 333      A27BC568 
 333      9AB9
 334 0bc9 FBCCB9F5 		.ascii	"\373\314\271\365\316b\262\210O\261\337\260\243\022\354"
 334      CE62B288 
 334      4FB1DFB0 
 334      A312EC
 335 0bd8 53E8F186 		.ascii	"S\350\361\206\200\205\335\013?X\211=8,\342\375Lj\373"
 335      8085DD0B 
 335      3F58893D 
 335      382CE2FD 
 335      4C6AFB
 336 0beb A99449B5 		.ascii	"\251\224I\265h\014u[\036C\342\343\267h\010\325!\011"
 336      680C755B 
 336      1E43E2E3 
 336      B76808D5 
 336      2109
 337 0bfd BA6CD188 		.ascii	"\272l\321\210\353\373\332\014\177'\2057-\212\375\214"
 337      EBFBDA0C 
 337      7F278537 
 337      2D8AFD8C 
 338 0c0d 28B352A4 		.ascii	"(\263R\244\\\222\027\301\207E.\237\226\302\037,\012"
 338      5C9217C1 
 338      87452E9F 
 338      96C21F2C 
 338      0A
 339 0c1e A768C4D5 		.ascii	"\247h\304\325K\321\325\322\216\266\177\307|\016\273"
 339      4BD1D5D2 
 339      8EB67FC7 
 339      7C0EBB
 340 0c2d 7D7496A3 		.ascii	"}t\226\243\2053\000:\275\30069\372\356\203K\010\034"
 340      8533003A 
 340      BDC03639 
 340      FAEE834B 
 340      081C
 341 0c3f 74003DC5 		.ascii	"t\000=\305\321\302\374\314\217\015\"&3\242\024?gy\000"
 341      D1C2FCCC 
 341      8F0D2226 
 341      33A2143F 
 341      677900
 342 0c52 89935614 		.ascii	"\211\223V\024\3161\313i\270\300)\"\037\236\222\302O"
ARM GAS  /tmp/ccB5rWB3.s 			page 27


 342      CE31CB69 
 342      B8C02922 
 342      1F9E92C2 
 342      4F
 343 0c63 2E1E9D22 		.ascii	".\036\235\"\037\316XN\333\005p\021\231\347\226g\012"
 343      1FCE584E 
 343      DB057011 
 343      99E79667 
 343      0A
 344 0c74 F1143A23 		.ascii	"\361\024:#\232B\313\245\3602i*\016\213R\261Q\212\276"
 344      9A42CBA5 
 344      F032692A 
 344      0E8B52B1 
 344      518ABE
 345 0c87 B5082DB2 		.ascii	"\265\010-\262}\305\362\364,\362\342\244\250\237o,\347"
 345      7DC5F2F4 
 345      2CF2E2A4 
 345      A89F6F2C 
 345      E7
 346 0c98 0A232E3E 		.ascii	"\012#.>\351\317C\010\347h\035\201\223c~>vCq\030\216"
 346      E9CF4308 
 346      E7681D81 
 346      93637E3E 
 346      76437118 
 347 0cad F920B120 		.ascii	"\371 \261 \247@N\200\234\005I\0069\000r\004$\025\344"
 347      A7404E80 
 347      9C054906 
 347      39007204 
 347      2415E4
 348 0cc0 20481AC8 		.ascii	" H\032\3101\220\002\220\"\220x\220\375 \231 \305 \307"
 348      31900290 
 348      22907890 
 348      FD209920 
 348      C520C7
 349 0cd3 41CE809C 		.ascii	"A\316\200\234\007\311\001\211\0001\200\024\202\344\202"
 349      07C90189 
 349      00318014 
 349      82E482
 350 0ce2 1C054907 		.ascii	"\034\005I\007\011\0039\015\222\000\222\015\022\012r"
 350      0903390D 
 350      9200920D 
 350      120A72
 351 0cf1 08241AA4 		.ascii	"\010$\032\244\004$\022$\005$\012\344\002H\010H\022H"
 351      04241224 
 351      05240AE4 
 351      02480848 
 351      1248
 352 0d03 1EC84990 		.ascii	"\036\310I\220s \211 \207A\262@b\260\360U(\0362\267\371"
 352      73208920 
 352      8741B240 
 352      62B0F055 
 352      281E32B7 
 353 0d18 6B96EC1D 		.ascii	"k\226\354\035\220\276\217\270s\204})j\225\016\215\206"
 353      90BE8FB8 
 353      73847D29 
 353      6A950E8D 
 353      86
ARM GAS  /tmp/ccB5rWB3.s 			page 28


 354 0d29 EFCD833A 		.ascii	"\357\315\203:\321\362\234+N\231\006Q\266\227Z^uEQ\235"
 354      D1F29C2B 
 354      4E990651 
 354      B6975A5E 
 354      7545519D 
 355 0d3d 11E54083 		.ascii	"\021\345@\203\345uQ<\351\212\306t\210\024\335/E\367"
 355      E575513C 
 355      E98AC674 
 355      8814DD2F 
 355      45F7
 356 0d4f 8986469A 		.ascii	"\211\206F\232\345\241!\372\3444\367\206}r\002\324\302"
 356      E5A121FA 
 356      E434F786 
 356      7D7202D4 
 356      C2
 357 0d60 4F4EC4D4 		.ascii	"ON\304\324+\361N%\325\362T%\352\325\244\250W\267-g\366"
 357      2BF14E25 
 357      D5F25425 
 357      EAD5A4A8 
 357      57B72D67 
 358 0d75 82E55B34 		.ascii	"\202\345[4\312\206,\317\340\013\3665|}\200\263\"\375"
 358      CA862CCF 
 358      E00BF635 
 358      7C7D80B3 
 358      22FD
 359 0d87 A847E0C2 		.ascii	"\250G\340\302\011\222\317l\246AI&\253?3\370 \300\373"
 359      0992CF6C 
 359      A6414926 
 359      AB3F33F8 
 359      20C0FB
 360 0d9a B975615F 		.ascii	"\271ua_\216z\026M\233\"\247\345Z\336\222\2556\333n\347"
 360      8E7A164D 
 360      9B22A7E5 
 360      5ADE92AD 
 360      36DB6EE7 
 361 0dae 99D402B6 		.ascii	"\231\324\002\266\357q\264pl\343\337\323E\266\207E\251"
 361      EF71B470 
 361      6CE3DFD3 
 361      45B68745 
 361      A9
 362 0dbf 5168799B 		.ascii	"Qhy\233\"|\267k\352NhR\340\313t\237)\277\327\373\352"
 362      227CB76B 
 362      EA4E6852 
 362      E0CB749F 
 362      29BFD7FB 
 363 0dd4 B8122D73 		.ascii	"\270\022-s\2634VQ\031\014\321\277\326\341\3122\263k"
 363      B3345651 
 363      190CD1BF 
 363      D6E1CA32 
 363      B36B
 364 0de6 DE867CA8 		.ascii	"\336\206|\250,\205N^\304\246\017\225$O\251\253ZZ\332"
 364      2C854E5E 
 364      C4A60F95 
 364      244FA9AB 
 364      5A5ADA
 365 0df9 0E2BC5DF 		.ascii	"\016+\305\337\022KEn\225\241r\314\276%\302\235~5;\226"
 365      124B456E 
ARM GAS  /tmp/ccB5rWB3.s 			page 29


 365      95A172CC 
 365      BE25C29D 
 365      7E353B96 
 366 0e0d AFC6356C 		.ascii	"\257\3065l\263\177f\250\361&?[\375\224|^:6\022\203\330"
 366      B37F66A8 
 366      F1263F5B 
 366      FD947C5E 
 366      3A361283 
 367 0e22 5E7F889C 		.ascii	"^\177\210\234\233O7N\035W\343{\014[^9\272\206A\311?"
 367      9B4F374E 
 367      1D57E37B 
 367      0C5B5E39 
 367      BA8641C9 
 368 0e37 17EE9D4C 		.ascii	"\027\356\235L\352CVO?W1?\375Tbz\372i}S9c\217\333\251"
 368      EA43564F 
 368      3F57313F 
 368      FD54627A 
 368      FA697D53 
 369 0e50 21454FFA 		.ascii	"!EO\372\344s\033\344\346\212\220\032\204\366\020~*\310"
 369      E4731BE4 
 369      E68A901A 
 369      84F6107E 
 369      2AC8
 370 0e62 5CAC46D7 		.ascii	"\\\254F\3270\346\343N\226\244\007\363\343\337\223bK"
 370      30E6E34E 
 370      96A407F3 
 370      E3DF9362 
 370      4B
 371 0e73 FF8F3442 		.ascii	"\377\2174B\250\253i;5\330\025UACI\340#RB>%\276\316\314"
 371      A8AB693B 
 371      35D81555 
 371      414349E0 
 371      2352423E 
 372 0e8b 50890F50 		.ascii	"P\211\017P\304v\005\340.c\302\357:v\026X\022tl\343i"
 372      C47605E0 
 372      2E63C2EF 
 372      3A761658 
 372      12746CE3 
 373 0ea0 F6BF3ED2 		.ascii	"\366\277>\322F\344{\333\000\364\361\356\244N\265\330"
 373      46E47BDB 
 373      00F4F1EE 
 373      A44EB5D8 
 374 0eb0 F68DF7D9 		.ascii	"\366\215\367\331n\031\310\215\267\373Y\272\376\256Q"
 374      6E19C88D 
 374      B7FB59BA 
 374      FEAE51
 375 0ebf 6F7C7B75 		.ascii	"o|{uU\362~\243>t\035\252\305\316\350\012\204\322\210"
 375      55F27EA3 
 375      3E741DAA 
 375      C5CEE80A 
 375      84D288
 376 0ed2 3E16BD7A 		.ascii	">\026\275z\011J\266\310e\250\016\377L\2664\340\177w"
 376      094AB6C8 
 376      65A80EFF 
 376      4CB634E0 
 376      7F77
 377 0ee4 FA6D08F0 		.ascii	"\372m\010\360\375b\227\3776\177\277\340=\201\252\377"
ARM GAS  /tmp/ccB5rWB3.s 			page 30


 377      FD6297FF 
 377      367FBFE0 
 377      3D81AAFF 
 378 0ef4 FCF5D68F 		.ascii	"\374\365\326\217\264\253W\313\324>>{w\006\004\177\272"
 378      B4AB57CB 
 378      D43E3E7B 
 378      7706047F 
 378      BA
 379 0f05 C6277887 		.ascii	"\306'x\207f\307\236\335\376\232\377\016\372R\363\305"
 379      66C79EDD 
 379      FE9AFF0E 
 379      FA52F3C5 
 380 0f15 CE00CD97 		.ascii	"\316\000\315\227~~+|\003w\013\367\025\001{\002\374W"
 380      7E7E2B7C 
 380      03770BF7 
 380      15017B02 
 380      FC57
 381 0f27 F8FB7EB1 		.ascii	"\370\373~\261s\305\257V\254Y\265z\355\212\377Y\263b"
 381      73C5AF56 
 381      AC59B57A 
 381      ED8AFF59 
 381      B362
 382 0f39 EF57DB7D 		.ascii	"\357W\333}\203\3755\013\2525;\003\374v\355\335\356\257"
 382      83FD350B 
 382      AA353B03 
 382      FC76EDDD 
 382      EEAF
 383 0f4b D9EDEBB7 		.ascii	"\331\355\353\267cg\200\277\306g\273\377\037|\367\356"
 383      636780BF 
 383      C667BBFF 
 383      1F7CF7EE 
 384 0f5b 0AF609DE 		.ascii	"\012\366\011\336\367\225\177\320\312\0352\225\320\342"
 384      F7957FD0 
 384      CA1D3295 
 384      D0E2
 385 0f69 EFFFC22D 		.ascii	"\357\377\302-\006\355\013\322\370\004\005o\007\363\320"
 385      06ED0BD2 
 385      F804056F 
 385      07F3D0
 386 0f78 CCCF57AE 		.ascii	"\314\317W\256\324\260\277=A\232\035\276\2734_\355\011"
 386      D4B0BF3D 
 386      419A1DBE 
 386      BB345FED 
 386      09
 387 0f89 0C0ED2F8 		.ascii	"\014\016\322\370\355\331\275{O\200\306]\267Y\273\371"
 387      EDD9BD7B 
 387      4F80C65D 
 387      B759BBF9 
 388 0f99 4F1AE298 		.ascii	"O\032\342\230\225~\262"
 388      957EB2
 389 0fa0 BF21778F 		.ascii	"\277!w\217\235Af\017\271\222\022o\377`\357}A\301\376"
 389      9D41660F 
 389      B992126F 
 389      FF60EF7D 
 389      41C1FE
 390 0fb3 BB37F906 		.ascii	"\2737\371\006l\337\345\037\350\025\270sO\340\316\340"
 390      6CDFE51F 
ARM GAS  /tmp/ccB5rWB3.s 			page 31


 390      E815B873 
 390      4FE0CEE0 
 391 0fc3 7DD49FDA 		.ascii	"}\324\237\332]\376\276\201^\376\001\320\334\227v\272"
 391      5DFEBE81 
 391      5EFE01D0 
 391      DC9776BA 
 392 0fd3 0DDE1B74 		.ascii	"\015\336\033t\3336x\374R\356\351e\307|\372\231O\260"
 392      DB3678FC 
 392      52EEE965 
 392      C77CFA99 
 392      4FB0
 393 0fe5 2DBF9BAA 		.ascii	"-\277\233\252\177\241\360t_\2573\251\237*<\265^fu\215"
 393      7FA1F074 
 393      5FAF33A9 
 393      9F2A3CB5 
 393      5E66758D 
 394 0ff9 C2D3DB4B 		.ascii	"\302\323\333K\247\3221"
 394      A7D231
 395 1000 6D35546E 		.ascii	"m5Tn0W\256\202\312\015:\205\367\026O\335\277\211{\306"
 395      3057AE82 
 395      CA0D3A85 
 395      F7164FDD 
 395      BF897BC6 
 396 1014 FBE3FFA7 		.ascii	"\373\343\377\247`\322'\215v\263\267\247\267F\273'\320"
 396      60D2278D 
 396      76B3B7A7 
 396      B746BB27 
 396      D0
 397 1025 5FE3C9DD 		.ascii	"_\343\311\335\342\007\212\217\337\356\265\340\023\273"
 397      E2078A8F 
 397      DFEEB5E0 
 397      13BB
 398 1033 5F6FF3D4 		.ascii	"_o\363\324\372l\201@\230\354~f\343\276i\275\267V\247"
 398      FA6C8140 
 398      98EC7E66 
 398      E3BE69BD 
 398      B756A7
 399 1046 D0BA6B75 		.ascii	"\320\272ku\344\331\013n\036[\264\233\341\346Io&\350"
 399      E4D90B6E 
 399      1E5BB49B 
 399      E1E6496F 
 399      26E8
 400 1058 5A1B0FAD 		.ascii	"Z\033\017\255\326\323\373\267*r\333\274\315]\253\204"
 400      D6D3FBB7 
 400      2A72DBBC 
 400      CD5DAB84 
 401 1068 07EFDFDA 		.ascii	"\007\357\337\332\302\225h\374\276\025J=i)\305\330z\322"
 401      C29568FC 
 401      BE154A3D 
 401      6929C5D8 
 401      7AD2
 402 107a FB569395 		.ascii	"\373V\223\225_\221\022\367\317?\337\252\334\274m\243"
 402      5F9112F7 
 402      CF3FDFAA 
 402      DCBC6DA3 
 403 108a 6E0DBDAE 		.ascii	"n\015\275\256\246\327UJ\255\027!\241\365\366\336\360"
 403      A6D7554A 
ARM GAS  /tmp/ccB5rWB3.s 			page 32


 403      AD1721A1 
 403      F5F6DEF0 
 404 109a 39DCB4DE 		.ascii	"9\334\264\336\236\036:\254\335\242Sj?\207'[O\017\037"
 404      9E1E3AAC 
 404      DDA2536A 
 404      3F87275B 
 404      4F0F1F
 405 10ad 4F6F77A0 		.ascii	"Oow\240\345\341\263y#\275\271\263\233\007\273ym\324"
 405      E5E1B379 
 405      23BDB9B3 
 405      9B07BB79 
 405      6DD4
 406 10bf 29DC377A 		.ascii	")\3347z\353\024\3537\272\353\224\2337\303U\341A\364"
 406      EB14EB37 
 406      BAEB949B 
 406      37C355E1 
 406      41F4
 407 10d1 4DE4A285 		.ascii	"M\344\242\205\213\322{\223\026\036\2757y\201]\255\016"
 407      8BD27B93 
 407      161EBD37 
 407      79815DAD 
 407      0E
 408 10e2 43BF95EE 		.ascii	"C\277\225\356\236:\350\375\266-\277\321\201\303\001"
 408      9E3AE8FD 
 408      B62DBFD1 
 408      81C301
 409 10f1 A2F5DAEA 		.ascii	"\242\365\332\352\351\241t_\017p\225\267v=\365\226\203"
 409      E9A1745F 
 409      0F7095B7 
 409      763DF596 
 409      83
 410 1102 8FCF1FF6 		.ascii	"\217\317\037\366\006\370\371\370\254\374l\325/\327\252"
 410      06F8F9F8 
 410      ACFC6CD5 
 410      2FD7AA
 411 1111 044DE1B7 		.ascii	"\004M\341\267\3037\360\377\001{\203\337~"
 411      C337F0FF 
 411      017B83DF 
 411      7E
 412              		.text
 413              		.section	.gnu.lto_.symtab.b1e932ff6b8756fc,"",%progbits
 414 0000 6E766963 		.ascii	"nvicEnableVector\000"
 414      456E6162 
 414      6C655665 
 414      63746F72 
 414      00
 415 0011 00       		.ascii	"\000"
 416 0012 00       		.ascii	"\000"
 417 0013 00       		.ascii	"\000"
 418 0014 00000000 		.ascii	"\000\000\000\000\000\000\000\000"
 418      00000000 
 419 001c BA000000 		.ascii	"\272\000\000\000"
 420 0020 6E766963 		.ascii	"nvicDisableVector\000"
 420      44697361 
 420      626C6556 
 420      6563746F 
 420      7200
ARM GAS  /tmp/ccB5rWB3.s 			page 33


 421 0032 00       		.ascii	"\000"
 422 0033 00       		.ascii	"\000"
 423 0034 00       		.ascii	"\000"
 424 0035 00000000 		.ascii	"\000\000\000\000\000\000\000\000"
 424      00000000 
 425 003d BE000000 		.ascii	"\276\000\000\000"
 426 0041 6E766963 		.ascii	"nvicSetSystemHandlerPriority\000"
 426      53657453 
 426      79737465 
 426      6D48616E 
 426      646C6572 
 427 005e 00       		.ascii	"\000"
 428 005f 00       		.ascii	"\000"
 429 0060 00       		.ascii	"\000"
 430 0061 00000000 		.ascii	"\000\000\000\000\000\000\000\000"
 430      00000000 
 431 0069 C0000000 		.ascii	"\300\000\000\000"
 432 006d 6E766963 		.ascii	"nvicClearPending\000"
 432      436C6561 
 432      7250656E 
 432      64696E67 
 432      00
 433 007e 00       		.ascii	"\000"
 434 007f 00       		.ascii	"\000"
 435 0080 00       		.ascii	"\000"
 436 0081 00000000 		.ascii	"\000\000\000\000\000\000\000\000"
 436      00000000 
 437 0089 C2000000 		.ascii	"\302\000\000\000"
 438              		.text
 439              		.section	.gnu.lto_.opts,"",%progbits
 440 0000 272D666D 		.ascii	"'-fmath-errno' '-fsigned-zeros' '-ftrapping-math' '"
 440      6174682D 
 440      6572726E 
 440      6F272027 
 440      2D667369 
 441 0033 2D666E6F 		.ascii	"-fno-trapv' '-fno-openmp' '-fno-openacc' '-mcpu=cor"
 441      2D747261 
 441      70762720 
 441      272D666E 
 441      6F2D6F70 
 442 0066 7465782D 		.ascii	"tex-m7' '-mno-thumb-interwork' '-mthumb' '-ggdb' '-"
 442      6D372720 
 442      272D6D6E 
 442      6F2D7468 
 442      756D622D 
 443 0099 4F322720 		.ascii	"O2' '-fomit-frame-pointer' '-falign-functions=16' '"
 443      272D666F 
 443      6D69742D 
 443      6672616D 
 443      652D706F 
 444 00cc 2D666675 		.ascii	"-ffunction-sections' '-fdata-sections' '-fno-common"
 444      6E637469 
 444      6F6E2D73 
 444      65637469 
 444      6F6E7327 
 445 00ff 2720272D 		.ascii	"' '-flto'\000"
 445      666C746F 
ARM GAS  /tmp/ccB5rWB3.s 			page 34


 445      2700
 446              		.text
 447              		.comm	__gnu_lto_v1,1,1
 448              		.comm	__gnu_lto_slim,1,1
 449              		.ident	"GCC: (GNU Tools for ARM Embedded Processors 6-2017-q2-update) 6.3.1 20170620 (release) [AR
ARM GAS  /tmp/ccB5rWB3.s 			page 35


DEFINED SYMBOLS
                            *ABS*:0000000000000000 nvic.c
                            *COM*:0000000000000001 __gnu_lto_v1
                            *COM*:0000000000000001 __gnu_lto_slim

NO UNDEFINED SYMBOLS
