ARM GAS  /tmp/ccfMjrue.s 			page 1


   1              		.cpu cortex-m4
   2              		.eabi_attribute 27, 1
   3              		.eabi_attribute 20, 1
   4              		.eabi_attribute 21, 1
   5              		.eabi_attribute 23, 3
   6              		.eabi_attribute 24, 1
   7              		.eabi_attribute 25, 1
   8              		.eabi_attribute 26, 1
   9              		.eabi_attribute 30, 6
  10              		.eabi_attribute 34, 1
  11              		.eabi_attribute 18, 4
  12              		.file	"chcore_v7m.c"
  13              		.text
  14              	.Ltext0:
  15              		.section	.gnu.lto_.inline.2ed0c990e5ac77e3,"",%progbits
  16 0000 789C6365 		.ascii	"x\234ce`b\350e@\0006\006\006\026f\006\006&\226\017z"
  16      6062E865 
  16      40003606 
  16      06166606 
  16      0626960F 
  17 0015 0C2C4039 		.ascii	"\014,@9 `\304\020ab`\341\001\222L\013\344\341j\270\200"
  17      2060C410 
  17      616260E1 
  17      01924C0B 
  17      E4E16AB8 
  18 002a 04337661 		.ascii	"\0043va\026\006.!\2400_C-\2120+\203\230\001PX\341B'"
  18      16062E21 
  18      A0305F43 
  18      2D8A302B 
  18      83980150 
  19 0042 138A3813 		.ascii	"\023\2128\0237\214\305\000\000\212\250\007\372"
  19      378CC500 
  19      008AA807 
  19      FA
  20              		.text
  21              		.section	.gnu.lto_port_lock.2ed0c990e5ac77e3,"",%progbits
  22 0000 789C8591 		.ascii	"x\234\205\221\313k\023Q\024\306\3177w\232j\253R\027"
  22      CB6B1351 
  22      14C6CF37 
  22      779A6AAB 
  22      5217
  23 0012 EEBA982C 		.ascii	"\356\272\230,R(h\246\272Q\004\027\222\205t\021\220\346"
  23      522868A6 
  23      BA510417 
  23      92857411 
  23      90E6
  24 0024 0F08CD38 		.ascii	"\017\010\3158\230\201N\247\314D\211\253^B%\020_\013"
  24      98814EA7 
  24      CC4489AB 
  24      5E422510 
  24      5F0B
  25 0036 95B4C576 		.ascii	"\225\264\305v|\322\370h\323\304\202\250\250Q7EP\260"
  25      7CD2F868 
  25      D3C482A8 
  25      A8513745 
  25      50B0
  26 0048 E84E105A 		.ascii	"\350N\020Z\037T\350B\351\302U\365\334\251\210;/\334"
ARM GAS  /tmp/ccfMjrue.s 			page 2


  26      1F54E842 
  26      E9C255F5 
  26      DCA9883B 
  26      2FDC
  27 005a C5F938E7 		.ascii	"\305\3718\347w\276\357\3366\322h\032D5\"\332\305\227"
  27      77BEEFDE 
  27      36D2681A 
  27      443522DA 
  27      C597
  28 006c 044123BE 		.ascii	"\004A#\276`\221@\243\032FqAT\005^\224\277<\324zg$\237"
  28      609140A3 
  28      1A467141 
  28      54055E94 
  28      BF3CD47A 
  29 0083 56F55DCF 		.ascii	"V\365]\317\363\323\262\322\027\012\242\011A\321\301"
  29      F3D3B2D2 
  29      170AA209 
  29      41D1C1
  30 0092 0C7A89FB 		.ascii	"\014z\211\373\226\033\033\227\267\307\364M\0355\304"
  30      961B1B97 
  30      B7C7F44D 
  30      1D35C4
  31 00a1 1804D6DF 		.ascii	"\030\004\326\337\216\315_\021\347E(\000\235\313\357"
  31      8ECD5F11 
  31      E7452800 
  31      9DCBEF
  32 00b0 AF275776 		.ascii	"\257'Wv\250R\203\301\345\255WK\317:\305!(\302\372x\243"
  32      A85283C1 
  32      E5AD574B 
  32      CF3AC521 
  32      28C2FA78 
  33 00c5 B6357143 		.ascii	"\2665qC\312\222l-bQ\352\241\020\270\013\301D\334A7n"
  33      CA926C2D 
  33      6251EAA1 
  33      10B80BC1 
  33      44DC4137 
  34 00da A37B73E3 		.ascii	"\243{s\343=$\352Kh\311\215_e\331\372t\023\325\257[t"
  34      3D24EA4B 
  34      68C98D5F 
  34      65D9FA74 
  34      13D5AF5B 
  35 00ef 2D92892A 		.ascii	"-\222\211*\221\2553\202\303\210U\224\0124%4f\227W\345"
  35      91AD3382 
  35      C3885594 
  35      0A342534 
  35      669757E5 
  36 0103 135DAD15 		.ascii	"\023]\255\02500\313\240o(-?8\273\360\021\177\255\217"
  36      3030CBA0 
  36      6F282D3F 
  36      38BBF011 
  36      7FAD8F
  37 0116 45112FAE 		.ascii	"E\021/\256\367 \"\251\010\023\002\377F\303\034b\274"
  37      F72022A9 
  37      081302FF 
  37      46C31C62 
  37      BC
  38 0127 BEAEB281 		.ascii	"\276\256\262\201\316\251\321\353a\363gG|\032\241\034"
ARM GAS  /tmp/ccfMjrue.s 			page 3


  38      CEA9D1EB 
  38      61F36747 
  38      7C1AA11C 
  39 0137 3742A1AB 		.ascii	"7B\241\253\356\331\225\307R\371!\314#NJ\3710\371\350"
  39      EED995C7 
  39      52F921CC 
  39      234E4AF9 
  39      30F9E8
  40 014a 528772D8 		.ascii	"R\207r\330\200>\245\234\241\031\275E\355\351\313\317"
  40      803EA59C 
  40      A119BD45 
  40      EDE9CBCF 
  41 015a DBE2D7FE 		.ascii	"\333\342\327\376\014\267\251\326\037s\315\367\235\321"
  41      0CB7A9D6 
  41      1F73CDF7 
  41      9DD1
  42 0168 F07D358C 		.ascii	"\360}5\214\005\350\264\206\322\325\372\233\235\312P"
  42      05E8B486 
  42      D2D5FA9B 
  42      9DCA50
  43 0177 94BFC2AE 		.ascii	"\224\277\302\256\370\373\350\240\225wr\216\027d\203"
  43      F8FBE8A0 
  43      9577728E 
  43      176483
  44 0186 C2606EC8 		.ascii	"\302`n\310\336\263\367@r_\262hz\201iy\256\353\015\233"
  44      DEB3F740 
  44      725FB268 
  44      7A816979 
  44      AEEB0D9B 
  45 019a 239E5F08 		.ascii	"#\236_\010\314\303\003\351T\272hZy\313\363\355\354\311"
  45      CCC303E9 
  45      54BA685A 
  45      79CBF3ED 
  45      ECC9
  46 01ac FD6E324F 		.ascii	"\375n2O\355\271\301\300>\352;G\376\207\260\213\005\005"
  46      EDB9C1C0 
  46      3EEA3B47 
  46      FE87B08B 
  46      0505
  47 01be 3053E94C 		.ascii	"0S\351L\177\306L1\301\354\037\266\206N\034\263M\313"
  47      7FC64C31 
  47      C1EC1FB6 
  47      864E1CB3 
  47      4DCB
  48 01d0 0D9C207B 		.ascii	"\015\234 {\334\262\230\327\225\316\014\030\2129\342"
  48      DCB298D7 
  48      95CE0C18 
  48      8A39E2
  49 01df 3BBB8D44 		.ascii	";\273\215D\037i>\265\273\266\353\371\247\3507T\222\263"
  49      1F693EB5 
  49      BBB6EBF9 
  49      A7E83754 
  49      92B3
  50 01f1 71       		.ascii	"q"
  51              		.text
  52              		.section	.gnu.lto_port_unlock.2ed0c990e5ac77e3,"",%progbits
  53 0000 789C8591 		.ascii	"x\234\205\221\313k\023Q\024\306\3177g\232h\253b\027"
ARM GAS  /tmp/ccfMjrue.s 			page 4


  53      CB6B1351 
  53      14C6CF37 
  53      679A68AB 
  53      6217
  54 0012 EEBA4816 		.ascii	"\356\272H\026\241\0244S\335X\004\027\222\205t\021\220"
  54      A1143453 
  54      DD580417 
  54      92857411 
  54      90
  55 0023 E60F08CD 		.ascii	"\346\017\010\3158\230\201N\247\314D\211\253^BK!\365"
  55      3898814E 
  55      A7CC4489 
  55      AB5E424B 
  55      21F5
  56 0035 B1F0D107 		.ascii	"\261\360\321\007\266\343\223\304G\037\211\001\261\202"
  56      B6E393C4 
  56      471F8901 
  56      B182
  57 0043 C6BA2982 		.ascii	"\306\272)\202\024+\356\004\241E\305\202\013\245\013"
  57      142BEE04 
  57      A145C582 
  57      0BA50B
  58 0052 57D57BA7 		.ascii	"W\325{\247\"\356\274p\027\347\343\234\337\371\276{["
  58      22EEBC70 
  58      17E7E39C 
  58      DFF9BE7B 
  58      5B
  59 0063 48A35910 		.ascii	"H\243Y\020U\211\350\200\274\304\004\215\344\205\024"
  59      5589E880 
  59      BCC4048D 
  59      E48514
  60 0072 0934AC61 		.ascii	"\0114\254a\030\227y\202\261<\366\371\251\326U\021\362"
  60      18977982 
  60      B13CF6F9 
  60      A9D65511 
  60      F2
  61 0083 34271A9D 		.ascii	"4'\032\235/GE\271;`\242)\246\360\240\202.\222}\353\265"
  61      2F4745B9 
  61      3B60A229 
  61      A6F0A082 
  61      2E927DEB 
  62 0098 ED6B7B23 		.ascii	"\355k{#\372\216\216*\"\022\004\251\277\035Y\274\301"
  62      FA8E8E2A 
  62      221204A9 
  62      BF1D59BC 
  62      C1
  63 00a9 97386040 		.ascii	"\2278`@\227\345\3677\323\033\373T\251!&\313{\257\327"
  63      97E5F737 
  63      D31BFB54 
  63      A92126CB 
  63      7BAFD7
  64 00bc 5EB4F171 		.ascii	"^\264\361q(\302\326d\255\272;qG\210\222h\256`E\350\001"
  64      28C2D664 
  64      ADBA3B71 
  64      47889268 
  64      AE6045E8 
  65 00d1 331E8225 		.ascii	"3\036\202%\021\017\320\201\373\350\330\331\370\010\211"
ARM GAS  /tmp/ccfMjrue.s 			page 5


  65      110FD081 
  65      FBE8D8D9 
  65      F80889
  66 00e0 853534C5 		.ascii	"\20554\305\366\2571\321\334\272\213w_v\351Z(\023\225"
  66      F6AF31D1 
  66      DCBA8B77 
  66      5F76E95A 
  66      281395
  67 00f3 435BE32C 		.ascii	"C[\343,\303\360W\224\0124\303\232d_\037]^\215\252\265"
  67      C3F05794 
  67      0A34C39A 
  67      645F1F5D 
  67      5E8DAAB5 
  68 0107 0CC29C04 		.ascii	"\014\302\234\004m\242\264\376\344B\343#\376Z\037\011"
  68      6DA2B4FE 
  68      E442E323 
  68      FE5A1F09 
  69 0117 235E59EA 		.ascii	"#^Y\352DHR\021\246\030\377F\303<\"r\375\202\312\006"
  69      44485211 
  69      A618FF46 
  69      C33C2272 
  69      FD82CA06 
  70 012b BAA8466F 		.ascii	"\272\250Fo\007\365\237\255\361Y\004b2\026\260\256\272"
  70      07F59FAD 
  70      F1590462 
  70      3216B0AE 
  70      BA
  71 013c E7369E09 		.ascii	"\3476\236\011\345\207\260\2108)\345\303\364\322\325"
  71      E587B088 
  71      3829E5C3 
  71      F4D2D5
  72 014b 56E5B006 		.ascii	"V\345\260\006}F9C=|\213\352\363W\237\366\304o\375\031"
  72      7D463943 
  72      3D7C8BEA 
  72      F3579FF6 
  72      C46FFD19 
  73 015f 6E51AD3F 		.ascii	"nQ\255?\346\353\357\333\302\341\307j\030\015\350\364"
  73      E6EBEFDB 
  73      C2E1C76A 
  73      180DE8F4 
  74 016f 0DA59B95 		.ascii	"\015\245\233\225\325ve(\314_\226\256\344\367\32113o"
  74      D5766528 
  74      CC5F96AE 
  74      E4F7D131 
  74      336F
  75 0181 E76CD7CF 		.ascii	"\347l\327\317\372\205\376\334\200u\350pO\362H\262h\270"
  75      FA85FEDC 
  75      8075E870 
  75      4FF248B2 
  75      68B8
  76 0193 BE61BA8E 		.ascii	"\276a\272\216\343\016\032C\256W\360\215\023}\351T\272"
  76      E30E1A43 
  76      AE57F08D 
  76      137DE954 
  76      BA
  77 01a4 689879D3 		.ascii	"h\230y\323\365\254\354\271\243N2O\321\\\277o\235\362"
  77      F5ACECB9 
ARM GAS  /tmp/ccfMjrue.s 			page 6


  77      A34E324F 
  77      D15CBF6F 
  77      9DF2
  78 01b6 EC93FF43 		.ascii	"\354\223\377CX\305\202\002\030\251t\2467c\244$\301\350"
  78      58C58202 
  78      18A974A6 
  78      3763A424 
  78      C1E8
  79 01c8 1D3407CE 		.ascii	"\0354\007\316\236\266\014\323\361m?{\3064%o\177:\323"
  79      9EB60CD3 
  79      F16D3F7B 
  79      C634256F 
  79      7F3AD3
  80 01db 1753CC21 		.ascii	"\027S\314!\317>\030Kt\223\346Q\324\261\034\327;O\277"
  80      CF3E184B 
  80      7493E651 
  80      D4B11CD7 
  80      3B4FBF
  81 01ee 010FC9B3 		.ascii	"\001\017\311\263@"
  81      40
  82              		.text
  83              		.section	.gnu.lto_port_lock_from_isr.2ed0c990e5ac77e3,"",%progbits
  84 0000 789C6365 		.ascii	"x\234ce`bX\310\300\300`\003\304\242@\314\300\314\300"
  84      606258C8 
  84      C0C06003 
  84      C4A240CC 
  84      C0CCC0
  85 0013 C8C400C4 		.ascii	"\310\304\000\304\214\214@\016#C=\023c=c?\363tf\306C"
  85      8C8C400E 
  85      23433D13 
  85      633D633F 
  85      F37466C6 
  86 0028 EDCF7632 		.ascii	"\355\317v2i.o\000\202\003\323?\251\037lm\3502\230\317"
  86      692E6F00 
  86      8203D33F 
  86      A91F6C6D 
  86      E83298CF 
  87 003c CCC03093 		.ascii	"\314\3000\223\231\001\014\030\2273j2\000\325=\332\370"
  87      99010C18 
  87      97336A32 
  87      00D53DDA 
  87      F8
  88 004d 6F2A2F1B 		.ascii	"o*/\033\013D\234q\005#\033\310\240\365\227\030\0174"
  88      0B449C71 
  88      05231BC8 
  88      A0F59718 
  88      0F34
  89 005f FCFBDFDE 		.ascii	"\374\373\337\336p\340\315R\306\237\3179\200r]`}\335"
  89      70E0CD52 
  89      C69FCF39 
  89      80725D60 
  89      7DDD
  90 0071 CC40DB98 		.ascii	"\314@\333\230_36/x\177\336\020\244\032d\304\316\235"
  90      5F33362F 
  90      787FDE10 
  90      A41A64C4 
  90      CE9D
ARM GAS  /tmp/ccfMjrue.s 			page 7


  91 0083 6F6EB3D7 		.ascii	"on\263\327\377m\340\230\317\3148\223\031\250\237q%c"
  91      FF6DE098 
  91      CFCC3893 
  91      19A89F71 
  91      2563
  92 0095 3DC37CA0 		.ascii	"=\303|\240\322\267\214M\013>\237\027\004+\004\201.\220"
  92      D2B78C4D 
  92      0B3E9F17 
  92      042B0481 
  92      2E90
  93 00a7 2CD004AB 		.ascii	",\320\004\253\344\214\314\244\314\374\342\370\342\222"
  93      E48CCCA4 
  93      CCFCE2F8 
  93      E292
  94 00b5 C4A49C54 		.ascii	"\304\244\234T]C\013=#\275\012\375\374b\375\344\374\334"
  94      5D430B3D 
  94      23BD0AFD 
  94      FC62FDE4 
  94      FCDC
  95 00c7 DCFC3CFD 		.ascii	"\334\374<\375\202\374\242\222b}\307 _g\337\012\375\344"
  95      82FCA292 
  95      627DC720 
  95      5F67DF0A 
  95      FDE4
  96 00d9 8CE4FCA2 		.ascii	"\214\344\374\242\324\3702\363\\\275\014\006\000\244"
  96      D4F832F3 
  96      5CBD0C06 
  96      00A4
  97 00e7 E4477F   		.ascii	"\344G\177"
  98              		.text
  99              		.section	.gnu.lto_port_unlock_from_isr.2ed0c990e5ac77e3,"",%progbits
 100 0000 789C6365 		.ascii	"x\234ce`bX\310\300\300`\003\304\242@\314\300\314\300"
 100      606258C8 
 100      C0C06003 
 100      C4A240CC 
 100      C0CCC0
 101 0013 C8C400C4 		.ascii	"\310\304\000\304\214\214@\016#C=\023c=c?\363tf\306C"
 101      8C8C400E 
 101      23433D13 
 101      633D633F 
 101      F37466C6 
 102 0028 EDCF7632 		.ascii	"\355\317v2i.o\000\202\003\323gh\035lm\3502\230\317\314"
 102      692E6F00 
 102      8203D367 
 102      681D6C6D 
 102      E83298CF 
 103 003d C0309399 		.ascii	"\3000\223\231\001\014\030\2273j2\000\325=\332\370o*"
 103      010C1897 
 103      336A3200 
 103      D53DDAF8 
 103      6F2A
 104 004f 2F1B0B44 		.ascii	"/\033\013D\234q\005#\033\310\240\365\227\030\0174\374"
 104      9C710523 
 104      1BC8A0F5 
 104      97180F34 
 104      FC
 105 0060 FBDFDE70 		.ascii	"\373\337\336p\340\317R\306\371\2578\200r]`}\335\314"
ARM GAS  /tmp/ccfMjrue.s 			page 8


 105      E0CF52C6 
 105      F9AF3880 
 105      725D607D 
 105      DDCC
 106 0072 40DB985F 		.ascii	"@\333\230_36/\330}\305\020\244\032d\304\316\235on\263"
 106      33362FD8 
 106      7DC510A4 
 106      1A64C4CE 
 106      9D6F6EB3 
 107 0086 D7FF6DE0 		.ascii	"\327\377m\340\230\317\3148\223\031\250\237q%c=\303|"
 107      98CFCC38 
 107      9319A89F 
 107      7125633D 
 107      C37C
 108 0098 A0D2B78C 		.ascii	"\240\322\267\214M\013\366_\021\004+\004\201.\220,\320"
 108      4D0BF65F 
 108      11042B04 
 108      812E902C 
 108      D0
 109 00a9 04ABE48C 		.ascii	"\004\253\344\214\314\244\314\374\342\370\342\222\304"
 109      CCA4CCFC 
 109      E2F8E292 
 109      C4
 110 00b6 A49C545D 		.ascii	"\244\234T]C\013=#\275\012\375\374b\375\344\374\334\334"
 110      430B3D23 
 110      BD0AFDFC 
 110      62FDE4FC 
 110      DCDC
 111 00c8 FC3CFD82 		.ascii	"\374<\375\202\374\242\222b}\307 _g\337\012\375\344\214"
 111      FCA29262 
 111      7DC7205F 
 111      67DF0AFD 
 111      E48C
 112 00da E4FCA2D4 		.ascii	"\344\374\242\324\3702\363\\\275\014\006\000\024\034"
 112      F832F35C 
 112      BD0C0600 
 112      141C
 113 00e8 4683     		.ascii	"F\203"
 114              		.text
 115              		.section	.gnu.lto_SVC_Handler.2ed0c990e5ac77e3,"",%progbits
 116 0000 789C9555 		.ascii	"x\234\225U_L[U\030?\337=\267\267\177(\355\2627\023b"
 116      5F4C5B55 
 116      183FDF3D 
 116      B7B77F28 
 116      EDB23713 
 117 0015 E0A10F4B 		.ascii	"\340\241\017Kf\357\364\305\305d\017\312\203\362@4\364"
 117      66EFF4C5 
 117      C5640FCA 
 117      83F24034 
 117      F4
 118 0026 C537B25D 		.ascii	"\3057\262]\353 \302J\332\316\360\306\035\205u2\330\342"
 118      EB20C24A 
 118      DACEF0C6 
 118      1D857532 
 118      D8E2
 119 0038 8685E29A 		.ascii	"\206\205\342\232N\314\002S\0310\206\002\233\320\201"
 119      4ECC0253 
ARM GAS  /tmp/ccfMjrue.s 			page 9


 119      19308602 
 119      9BD081
 120 0047 B46C732E 		.ascii	"\264ls.\316D\215\"1\205\324)j\204,:#m\375\276s\273?"
 120      CE448D22 
 120      3185D429 
 120      6A842C3A 
 120      236DFDBE 
 121 005e A15D8C4D 		.ascii	"\241]\214Mz\322\363\235\337\367\373}\347w\276sjb\022"
 121      7AD2F39D 
 121      DFF7FB7D 
 121      E777BE73 
 121      6A6212
 122 0071 CB98184B 		.ascii	"\313\230\030K1\306*\360\313d\006\022\303/p\0349\000"
 122      31C62AF0 
 122      CB640612 
 122      C32F701C 
 122      3900
 123 0083 8680B549 		.ascii	"\206\200\265I\034\332\340$\357\3430\037\316LK\273\206"
 123      1CDAE024 
 123      EFE3301F 
 123      CE4C4BBB 
 123      86
 124 0094 74FC24FA 		.ascii	"t\374$\372\266\236\320\207\023\020Gh\2243\361\201!\330"
 124      B69ED087 
 124      13104768 
 124      9433F181 
 124      21D8
 125 00a6 C510F665 		.ascii	"\305\020\366e\307\330\031~\202\307\221A\306\351\306"
 125      C7D8197E 
 125      82C79141 
 125      C6E9C6
 126 00b5 CD815507 		.ascii	"\315\201U\007M%\250\304i\327\265\265A'\337\007\204\374"
 126      4D25A8C4 
 126      69D7B5B5 
 126      4127DF07 
 126      84FC
 127 00c7 3DB7DC65 		.ascii	"=\267\334ew\275\257\353\355z\"\331\377\344\251\220\276"
 127      77BDAFEB 
 127      ED7A22D9 
 127      FFE4A990 
 127      BE
 128 00d8 A4CB71CE 		.ascii	"\244\313q\316\341\003\340\310\012\347\241\002\206A\324"
 128      E103E0C8 
 128      0AE7A102 
 128      8641D4
 129 00e7 46F0F478 		.ascii	"F\360\364x\356\235rE\206\017\301e\210\302G\240`\225"
 129      EE9D7245 
 129      860FC165 
 129      88C247A0 
 129      6095
 130 00f9 65B8D6F7 		.ascii	"e\270\326\367\336\344\275\262\002U\246\277\342\355P"
 130      DEE4BDB2 
 130      0255A6BF 
 130      E2ED50
 131 0108 A7A092D9 		.ascii	"\247\240\222\331v\036\030\001\3276\374\322U\351q\340"
 131      761E1801 
 131      D736FCD2 
ARM GAS  /tmp/ccfMjrue.s 			page 10


 131      55E971E0 
 132 0118 0B021C1D 		.ascii	"\013\002\034\035\377q\303\264\015l*\006\217\376\037"
 132      FF71C3B4 
 132      0D6C2A06 
 132      8FFE1F
 133 0127 F0581138 		.ascii	"\360X\0218\031\335\321[(\273\004~\334\300o|\225T\370"
 133      19DDD15B 
 133      28BB047E 
 133      DCC06F7C 
 133      9554F8
 134 013a 0BC2BDD1 		.ascii	"\013\302\275\321t\337\270\243\220\233\213*\321\341D"
 134      74DFB8A3 
 134      909B8B2A 
 134      D1E144
 135 0149 4725A6C2 		.ascii	"G%\246\302\305b\363`\002\\d\033f\245\326\327b\026^#"
 135      C562F360 
 135      025C641B 
 135      66A5D6D7 
 135      62165E23 
 136 015d 18D6D736 		.ascii	"\030\326\3276\026\356\233\360\347\301\250.\010\024\270"
 136      16EE9BF0 
 136      E7C1A82E 
 136      0814B8
 137 016c 54826052 		.ascii	"T\202`R$w\367d\357:)\341\324\303\275)\305\265~,\300"
 137      2477F764 
 137      EF3A29E1 
 137      D4C3BD29 
 137      C5B57E2C 
 138 0181 99E38BB3 		.ascii	"\231\343\213\263f\376\252PJ\234\233\374\032\012J\371"
 138      66FEAA50 
 138      4A9C9BFC 
 138      1A0A4AF9 
 139 0191 77F7CE7E 		.ascii	"w\367\316~\267\206\034\307\200\324>)\2416U\244\366\305"
 139      B7861CC7 
 139      80D43E29 
 139      A13655A4 
 139      F6C5
 140 01a3 DCCEFB67 		.ascii	"\334\316\373gZBp\032\\\243\267!\241\347\362al\315\212"
 140      5A42701A 
 140      5CA3B721 
 140      A1E7F261 
 140      6CCD8A
 141 01b6 706A6540 		.ascii	"pje@\332\001\014\217T\242A\306\301d\242\301L\203\205"
 141      DA010C8F 
 141      54A241C6 
 141      C164A2C1 
 141      4C8385
 142 01c9 91175631 		.ascii	"\221\027V1\332(`\027\373+\027\272\016\0128\305\036\030"
 142      DA286017 
 142      FB2B17BA 
 142      0E0A38C5 
 142      1E18
 143 01db EB12AD7D 		.ascii	"\353\022\255}\234\343\265\340?C\373\335;\335\013fj\272"
 143      9CE3B5E0 
 143      3F43FBDD 
 143      3BDD0B66 
 143      6ABA
ARM GAS  /tmp/ccfMjrue.s 			page 11


 144 01ed 183610B6 		.ascii	"\0306\020\266\362\017'/X\250\263e\030[\011\351\016\230"
 144      F20F272F 
 144      58A8B365 
 144      185B09E9 
 144      0E98
 145 01ff C17A0866 		.ascii	"\301z\010f10R!0?c5\002t\035\"\235\363\267\314F\022\031"
 145      31305221 
 145      303F6335 
 145      02741D22 
 145      9DF3B7CC 
 146 0216 F357EAFA 		.ascii	"\363W\352\3721{\034bG\360R\241\371f\312\272L\333\302"
 146      317B1C62 
 146      47F052A1 
 146      F966CABA 
 146      4CDBC2
 147 0229 B56F3637 		.ascii	"\265o67\027\354\352\210\336\201>Y\340\012\304\241_\324"
 147      17ECEA88 
 147      DE813E59 
 147      E00AC4A1 
 147      5FD4
 148 023b 039F828A 		.ascii	"\003\237\202\212\264\241\255\243`\360\232\014\352\225"
 148      B4A1ADA3 
 148      60F09A0C 
 148      EA95
 149 0249 1BDDFF88 		.ascii	"\033\335\377\210\233f\202\\>\237w\302\254!\037\021\362"
 149      9B66825C 
 149      3E9F77C2 
 149      AC211F11 
 149      F2
 150 025a 25C5E031 		.ascii	"%\305\3401bs\017\305\022\240\242\002\373\005\216\244"
 150      62730FC5 
 150      12A0A202 
 150      FB058EA4 
 151 026a F33D7FDC 		.ascii	"\363=\177\334\202\007\027\261\303x\010\306\224\227\204"
 151      820717B1 
 151      C37808C6 
 151      949784
 152 0279 59A411E5 		.ascii	"Y\244\021\345\360\350E\235\242\360UP\220e\036G\274\252"
 152      F0E8459D 
 152      A2F05550 
 152      90651E47 
 152      BCAA
 153 028b 43941E39 		.ascii	"C\224\0369\021\211\313U\227 \256\367c\025V\312\310\246"
 153      1189CB55 
 153      9720AEF7 
 153      631556CA 
 153      C8A6
 154 029d 3B57AD32 		.ascii	";W\2552\275>\013P%\352I\246'f\024\214\300g \307x9\256"
 154      BD3E0B50 
 154      25EA49A6 
 154      2766148C 
 154      C06720C7 
 155 02b4 2C824CEE 		.ascii	",\202L\356F\376\236[\330:\315\2111\306\035b\011O\010"
 155      46FE9E5B 
 155      D83ACD89 
 155      31C61D62 
 155      094F08
ARM GAS  /tmp/ccfMjrue.s 			page 12


 156 02c7 6BE53FE1 		.ascii	"k\345?\341\2235\200?\020t\333\306b\334\211\353FF{&!"
 156      9335803F 
 156      1074DBC6 
 156      62DC89EB 
 156      46467B26 
 157 02dc 1B56E19E 		.ascii	"\033V\341\236\235\024\333\014\277\305\215\210\005\203"
 157      9D14DB0C 
 157      BFC58D88 
 157      0583
 158 02ea E4E699A3 		.ascii	"\344\346\231\2437'*\214\220\025\243X\302\362`\3579\331"
 158      37272A8C 
 158      9015A358 
 158      C2F260EF 
 158      39D9
 159 02fc 78C8EE30 		.ascii	"x\310\3560H\032\207\273\031\316N\330\015\230\015\221"
 159      481A87BB 
 159      19CE4ED8 
 159      0D980D91 
 160 030c 0FC4EC38 		.ascii	"\017\304\3548\027&e{\276\335\271\315\243\323\263\012"
 160      1726657B 
 160      BEDDB9CD 
 160      A3D3B30A 
 161 031c 3558C122 		.ascii	"5X\301\"\351\021\213\030\244\204=K\342!cSd\317`\374"
 161      E9118B18 
 161      A4843D4B 
 161      E2216353 
 161      64CF60FC 
 162 0330 E23D5BD5 		.ascii	"\342=[\325b\301\036\033\241GV/\353\026a\317\265\202"
 162      62C11E1B 
 162      A147562F 
 162      EB1661CF 
 162      B582
 163 0342 3DCB0333 		.ascii	"=\313\0033\2756\262\347:\331c\307\225\033h\317:\204"
 163      BD36B2E7 
 163      3AD963C7 
 163      951B68CF 
 163      3A84
 164 0354 CE9E2F27 		.ascii	"\316\236/'\031\302LO\377\372\275\271-\253[\342\274,"
 164      19C24C4F 
 164      FFFABDB9 
 164      2DAB5BE2 
 164      BC2C
 165 0366 4A0EC1E7 		.ascii	"J\016\301\347\320\206\355mg\277A\373\331\321\036\321"
 165      D086ED6D 
 165      67BF41FB 
 165      D9D11ED1 
 166 0376 3DE20275 		.ascii	"=\342\002u\341\271\341\277\001{Nkh<\320\350\013\324"
 166      E1B9E1BF 
 166      017B4E6B 
 166      683CD0E8 
 166      0BD4
 167 0388 0782FB0F 		.ascii	"\007\202\373\0174y\237zz\257\373\031w\253\352\013\250"
 167      34799F7A 
 167      7AAFFB19 
 167      77ABEA0B 
 167      A8
 168 0399 9AAFB9D9 		.ascii	"\232\257\271\331wHm\361\371\203\001\365\371\272\332"
ARM GAS  /tmp/ccfMjrue.s 			page 13


 168      77486DF1 
 168      F98301F5 
 168      F9BADA
 169 03a8 EADA5655 		.ascii	"\352\332VUk\320|~o\375\233\3176\2735&k\301\326\026\205"
 169      6BD07C7E 
 169      6FFD9BCF 
 169      36BB3526 
 169      6BC1D616 
 170 03bd 06F71E47 		.ascii	"\006\367\036G\320\327\362\362\353\257\370}\232'\270"
 170      D0D7F2F2 
 170      EBAFF87D 
 170      9A27B8
 171 03cc 5F7B43F1 		.ascii	"_{C\361{\003\207\233\202/\376\027\271\2675H\324ju\255"
 171      7B03879B 
 171      822FFE17 
 171      B9B73548 
 171      D46A75AD 
 172 03e0 A7C6A356 		.ascii	"\247\306\243V#\267ZsHk:\374\232W\325\232\003\215\201"
 172      23B75A73 
 172      486B3AFC 
 172      9A57D59A 
 172      038D81
 173 03f3 FA839AE6 		.ascii	"\372\203\232\346n`\366\332:O\245k\317\356\312\226@\013"
 173      6E60F6DA 
 173      3A4FA56B 
 173      CFEECA96 
 173      400B
 174 0405 E3FBFC18 		.ascii	"\343\373\374\030\360\324\321d7F\231\344g\377\002\214"
 174      F0D4D164 
 174      374699E4 
 174      67FF028C 
 175 0415 001072   		.ascii	"\000\020r"
 176              		.text
 177              		.section	.gnu.lto__port_irq_epilogue.2ed0c990e5ac77e3,"",%progbits
 178 0000 789C9D56 		.ascii	"x\234\235VkLTG\024\236\263s\037\273\327\345!%\210J\023"
 178      6B4C5447 
 178      149EB373 
 178      1FBBD7E5 
 178      2125884A 
 179 0015 FCC10F13 		.ascii	"\374\301\017\023\313\252mR\323\304\244\215M\032\233"
 179      CBAA6D52 
 179      D3C4A48D 
 179      4D1A9B
 180 0024 90369234 		.ascii	"\2206\2224m\377\030]\261\232\212KXl\370\307\345%\026"
 180      6DFF185D 
 180      B19A8A4B 
 180      586CF8C7 
 180      E52516
 181 0037 45A322B2 		.ascii	"E\243\"\262\352\346R\254Ql\361\201R]P@P\001\353\023"
 181      EAE652AC 
 181      516CF181 
 181      525D5040 
 181      5001EB13 
 182 004b 15AC22B5 		.ascii	"\025\254\"\265\200\357G\0125\255\032\201\2363ww\241"
 182      80EF470A 
 182      35AD1A81 
 182      9E337777 
ARM GAS  /tmp/ccfMjrue.s 			page 14


 182      A1
 183 005c EE126337 		.ascii	"\356\022c7\331\331\275g\276\363\235o\316\2349sefa%\032"
 183      D9D9BD67 
 183      BEF39D6F 
 183      CE9C3973 
 183      65666125 
 184 0071 635D8CB1 		.ascii	"c]\214\261\257\360\313&0\2600\374Z8c\272\305\206\203"
 184      AFF0CB26 
 184      30B030FC 
 184      5A3863BA 
 184      C58683
 185 0084 C441428B 		.ascii	"\304AB\213\0042\216\262E!\273Jv\005\254hQ\305h\005$"
 185      04328EB2 
 185      4521BB4A 
 185      7605AC68 
 185      51C56805 
 186 0099 019B1835 		.ascii	"\001\233\0305\000$\002\226c\341\222\254\250V\233\006"
 186      00240296 
 186      63E192AC 
 186      A8569B06 
 187 00a9 39B0816F 		.ascii	"9\260\201o\345\320\\t\307g\231\276[\307O\323\326\247"
 187      E5D05C74 
 187      C76799BE 
 187      5BC74FD3 
 187      D6A7
 188 00bb EA6ABD30 		.ascii	"\352j\2750\336\3008\036\316\304\007v\303t\206\260\336"
 188      DEC0381E 
 188      CEC40776 
 188      C37486B0 
 188      DE
 189 00cc 83C35B22 		.ascii	"\203\303[\"\024\311\264\303\036P\220o\"\332/\025\034"
 189      14C9B4C3 
 189      1E50906F 
 189      22DA2F15 
 189      1C
 190 00dd D8C1D773 		.ascii	"\330\301\327s\203\003H\3708pn[_$=Z \021\037\267\376"
 190      830348F8 
 190      38706E5B 
 190      5F243D5A 
 190      20111FB7 
 191 00f2 50FB6C42 		.ascii	"P\373lB\322N]\317\323\233\236\030q\033\363\013\333t"
 191      D24E5DCF 
 191      D39B9E18 
 191      711BF30B 
 191      DB74
 192 0104 C9E09C68 		.ascii	"\311\340\234h`/$@\025$\230a~\202$\304{\016\336\032\220"
 192      602F2440 
 192      15249861 
 192      7E8224C4 
 192      7B0EDE1A 
 193 0119 FDF8B613 		.ascii	"\375\370\266\023\026\001\226B\301?\207\200\257l\312"
 193      16019642 
 193      C13F8780 
 193      AF6CCA
 194 0128 87BC1F75 		.ascii	"\207\274\037uKXxu\010\374\357=\261\245~-a\360\373\004"
 194      4B587875 
 194      08FCEF3D 
ARM GAS  /tmp/ccfMjrue.s 			page 15


 194      B1A57E2D 
 194      61F0FB04 
 195 013c 7EACF6E1 		.ascii	"~\254\366\341\252\350\000^\016\305\357\177\023\355\007"
 195      AAE8005E 
 195      0EC5EF7F 
 195      13ED07
 196 014b 42C0DD41 		.ascii	"B\300\335A\355J(\374\240\200\327^)\371\232\317\005\332"
 196      ED4A28FC 
 196      A080D75E 
 196      29F99ACF 
 196      05DA
 197 015d 8856CF9F 		.ascii	"\210V\317\2375\001\317\236\275\232gOSA\"\006\202\032"
 197      3501CF9E 
 197      BD9A674F 
 197      53412206 
 197      821A
 198 016f E021CE87 		.ascii	"\340!\316\207\204\363\310\306\252\214\300:\366\306\014"
 198      84F3C8C6 
 198      AA8CC03A 
 198      F6C60C
 199 017e E4159693 		.ascii	"\344\025\226\2234U\304z7\001f\372\301\207\005\270\270"
 199      3455C47A 
 199      370166FA 
 199      C18705B8 
 199      B8
 200 018f BDBF328A 		.ascii	"\275\2772\212\177,B=\031\356.\266\0072f\304l\316\327"
 200      7F2C423D 
 200      19EE2EB6 
 200      073266C4 
 200      6CCED7
 201 01a2 C5A2AC50 		.ascii	"\305\242\254P\033&\326/\302\275\365a\277\327\312\347"
 201      1B26D62F 
 201      C2BDF561 
 201      BFD7CAE7 
 202 01b2 0BF787FD 		.ascii	"\013\367\207\375\003-\201\004v\032v\217.\224\332\340"
 202      032D8104 
 202      761A768F 
 202      2E94DAE0 
 203 01c2 4818EFA3 		.ascii	"H\030\357\243\302{]\311\320\323(\362\3304\232B[hN|\002"
 203      C27B5DC9 
 203      D0D328F2 
 203      D8349A42 
 203      5B684E7C 
 204 01d7 7C67EDA9 		.ascii	"|g\355\251\006\225\177)B5\355\252\355\004\177\250\221"
 204      06957F29 
 204      4235EDAA 
 204      ED047FA8 
 204      91
 205 01e8 ED731AAE 		.ascii	"\355s\032\256\367#\307\032\240hua\242\325\207D;\337"
 205      F723C71A 
 205      A0687561 
 205      A2D58744 
 205      3BDF
 206 01fa 181328CE 		.ascii	"\030\023(\3160\001\217\205\340\361\244\224\215\217?"
 206      30018F85 
 206      E0F1A494 
 206      8D8F3F
ARM GAS  /tmp/ccfMjrue.s 			page 16


 207 0209 2EF0ED2F 		.ascii	".\360\355/K\372\242\202\242\022}\371\255\353\364\212"
 207      4BFAA282 
 207      A2127DF9 
 207      ADEBF48A 
 208 0219 BCE8F144 		.ascii	"\274\350\361D5\204\004\351\361qO\315E\375\373\017\303"
 208      358404E9 
 208      F1714FCD 
 208      45FDFB0F 
 208      C3
 209 022a 066984A4 		.ascii	"\006i\204\244\375\035\320\244\017\217\024\241\236Xc"
 209      FD1DD0A4 
 209      0F8F14A1 
 209      9E5863
 210 0239 F8DEF9A4 		.ascii	"\370\336\371\244\267e\206\247K\301ARi\260\322`\023\233"
 210      B76586A7 
 210      4BC14152 
 210      69B0D260 
 210      139B
 211 024b A389D18E 		.ascii	"\243\211\321\216\0069\202\254\2218(\321\364/\006\007"
 211      063982AC 
 211      913828D1 
 211      F42F0607 
 212 025b 354EECC1 		.ascii	"5N\354\301$\221\233x\262N\026\212\246\320\337\251bE"
 212      24919B78 
 212      B24E168A 
 212      A6D0DFA9 
 212      6245
 213 026d 0922F18C 		.ascii	"\011\"\361\214\025\213\316\260\226cK\342\017!\277\342"
 213      158BCEB0 
 213      96634BE2 
 213      0F21BFE2 
 214 027d AF0D9CFA 		.ascii	"\257\015\234\372\001m\203\317\367\350\206\2323\244["
 214      016D83CF 
 214      F7E8869A 
 214      33A45B
 215 028c 0DAE7938 		.ascii	"\015\256y8v\010h\202\034d\230\300\356C\336\323{C}\012"
 215      76086882 
 215      1C6498C0 
 215      EE43DED3 
 215      7B437D0A 
 216 02a0 21BD5C46 		.ascii	"!\275\\Fl\256\357X\251L\235\202\203~=_\217\204\023\270"
 216      6CAEEF58 
 216      A94C9D82 
 216      837E3D5F 
 216      8F8413B8 
 217 02b4 B0FBD05C 		.ascii	"\260\373\320\\g31\012b\312\012\233/\250&\206\350\377"
 217      6733310A 
 217      62CA0A9B 
 217      2FA82686 
 217      E8FF
 218 02c6 693DB3C6 		.ascii	"i=\263\306n\2007\027{\025V\222\035\211\240\231\322\201"
 218      6E803717 
 218      7B155692 
 218      1D89A099 
 218      D281
 219 02d8 735D8383 		.ascii	"s]\203\203-vG\265^\220KS\021\320\002\006\224\013\245"
 219      2D7647B5 
ARM GAS  /tmp/ccfMjrue.s 			page 17


 219      5E904B53 
 219      11D00206 
 219      940BA5
 220 02eb 70121C48 		.ascii	"p\022\034H\234\377ru\225lR\253&\373\343\263\267+%b\227"
 220      9CFF7275 
 220      956C52AB 
 220      26FBE3B3 
 220      B72B2562 
 221 0300 408F8653 		.ascii	"@\217\206SH\324\017\0057Z\336\363\203\020\261\377\221"
 221      48D40F05 
 221      375ADEF3 
 221      8310B1FF 
 221      91
 222 0311 EF798489 		.ascii	"\357y\204\211`p\332\237\370\265\330\276\030\177\000"
 222      6070DA9F 
 222      F8B5D8BE 
 222      187F00
 223 0320 B9BD2325 		.ascii	"\271\275#%\207\237\304\217\366F\312\257h\215l\264a\026"
 223      879FC48F 
 223      F646CAAF 
 223      688D6CB4 
 223      6116
 224 0332 987DB554 		.ascii	"\230}\265TS)\205\014ZA\361`\346\30685\220\271\215\234"
 224      5329850C 
 224      5A41F160 
 224      E6C63835 
 224      90B98D9C 
 225 0346 A01D474C 		.ascii	"\240\035GL\332n\240\245\257/3\244iG\300\320\313q=\221"
 225      DA6EA0A5 
 225      AF2F33A4 
 225      6947C0D0 
 225      CB713D91 
 226 035a E431D45B 		.ascii	"\3441\324[\330g\223\350&8\003\323D\214\323\275\207\352"
 226      D86793E8 
 226      263803D3 
 226      448CD3BD 
 226      87EA
 227 036c 14B4C0AF 		.ascii	"\024\264\300\257 y\371d\2349\213\367\002\346\272\354"
 227      2079F964 
 227      9C398BF7 
 227      02E6BAEC 
 228 037c 7963CBB9 		.ascii	"yc\313\271\355\263\211\321\313\247\210)\324\215W\006"
 228      EDB389D1 
 228      CBA78829 
 228      D48D5706 
 229 038c BF8B17C1 		.ascii	"\277\213\027\3016\\\000\202:4\346\345Sq\236\341b*\373"
 229      365C0082 
 229      3A34E6E5 
 229      53719EE1 
 229      622AFB
 230 039f 0CFEAAEA 		.ascii	"\014\376\252\352\035\332\247b\313M\325|\254\352z2\237"
 230      1DDAA762 
 230      CB4DD57C 
 230      ACEA7A32 
 230      9F
 231 03b0 13AACF9B 		.ascii	"\023\252\317\233\252\353_\253\372\302\253\252/\222\352"
 231      AAEB5FAB 
ARM GAS  /tmp/ccfMjrue.s 			page 18


 231      FAC2ABAA 
 231      2F92EA
 232 03bf 49387369 		.ascii	"I8siT\365\313\315\234\030\275<^L\241j9\250\032\202\252"
 232      54F5CBCD 
 232      9C18BD3C 
 232      5E4CA16A 
 232      39A81A82 
 233 03d4 1370DEF4 		.ascii	"\023p\336\364h\336yI\"}^nE3\331\006\213\252\270i\261"
 233      68DE7949 
 233      227D5E6E 
 233      4533D906 
 233      8BAAB869 
 234 03e9 A191767E 		.ascii	"\241\221v~\307\352\352\313KL\223\206V\224\360\374\350"
 234      C7EAEACB 
 234      4B4C9386 
 234      5694F0FC 
 234      E8
 235 03fa EEE3B279 		.ascii	"\356\343\262yk\225\217\214\214DA\207(>\254Qo\241F\310"
 235      6B958F8C 
 235      8C444187 
 235      283EAC51 
 235      6FA146C8 
 236 040e B1C5670D 		.ascii	"\261\305g\015)\276\212\245X\324Q\310\006\227\375\345"
 236      29BE8AA5 
 236      58D451C8 
 236      0697FDE5 
 237 041e B7AB3F6F 		.ascii	"\267\253?o\237\212\345gVf4\\\021\345'\356\334\253\340"
 237      9F8AE567 
 237      5666345C 
 237      11E527EE 
 237      DCABE0
 238 0431 A07BF2F6 		.ascii	"\240{\362\366\213\0136bS\0001V\350\014\0044\012cLiv"
 238      8B0B3662 
 238      53003156 
 238      E80C0434 
 238      0A634C69 
 239 0446 EABE3737 		.ascii	"\352\27677\354\263\022J\206\003=t(\272\202\207B`\"\306"
 239      ECB3124A 
 239      86033D74 
 239      28BA8287 
 239      426022C6 
 240 045a EA92C31D 		.ascii	"\352\222\303\035\212\211H\004\327\3069\024\277\011U"
 240      8A894804 
 240      D7C63914 
 240      BF0955
 241 0469 1652755D 		.ascii	"\026Ru]\034\012L\226O6\251#\221]\244\264}\272?\001o"
 241      1C0A4C96 
 241      4F36A923 
 241      915DA4B4 
 241      7DBA3F01 
 242 047e B6E21B82 		.ascii	"\266\342\033\202[\274\035t\203\003\371L\372\343WcM\376"
 242      5BBC1D74 
 242      8303F94C 
 242      FAE35763 
 242      4DFE
 243 0490 68740EEE 		.ascii	"ht\016\356_\034>3\363\010]\353\200W\353\256S\223\251"
 243      5F1C3E33 
ARM GAS  /tmp/ccfMjrue.s 			page 19


 243      F3085DEB 
 243      8057EBAE 
 243      5393A9
 244 04a3 19F9EB4E 		.ascii	"\031\371\353N\032\373\372\0017E\315\365\210\367\017"
 244      1AFBFA01 
 244      3745CDF5 
 244      88F70F
 245 04b2 D646AE95 		.ascii	"\326F\256\225F\3153m\332U\177\315\305\020\272\272\257"
 245      46CD336D 
 245      DA557FCD 
 245      C510BABA 
 245      AF
 246 04c3 5EB78A9A 		.ascii	"^\267\212\232\373\335_s\335\333\352J5\252\271[Tsq8\363"
 246      FBDD5F73 
 246      DDDBEA4A 
 246      35AAB95B 
 246      54737138 
 247 04d8 07D61CB5 		.ascii	"\007\326\034\265\257\306-\223M\2011\377m`oy\250\362"
 247      AFC62D93 
 247      4D8131FF 
 247      6D606F79 
 247      A8F2
 248 04ea A05734B0 		.ascii	"\240W4\260X\2635\234\204Qhp\033T\354\015}\301\336\200"
 248      58B3359C 
 248      84516870 
 248      1B54EC0D 
 248      7DC1DE80 
 249 04fe EA38AEF2 		.ascii	"\3528\256\362E\221\267\253\002\302%r\345\353\022\331"
 249      4591B7AB 
 249      02C22572 
 249      E5EB12D9 
 250 050e 2F122951 		.ascii	"/\022)Q\"o\213\322\011\210Z\203\336\203 Z+\345\340\016"
 250      226F8BD2 
 250      09885A83 
 250      DE83205A 
 250      2BE5E00E 
 251 0522 2AA3886A 		.ascii	"*\243\210j \342\343\377\033\361\356h\304{\343E\304("
 251      20E2E3FF 
 251      1BF1EE68 
 251      C47BE345 
 251      C428
 252 0534 70DF1F11 		.ascii	"p\337\037\021_.9\375\332\3747\300\221\262qn\000z\013"
 252      5F2E39FD 
 252      DAFC37C0 
 252      91B2716E 
 252      007A0B
 253 0547 7DE0BF01 		.ascii	"}\340\277\001\310A\013\036e\013{L\357\264\364)\246c"
 253      C8410B1E 
 253      650B7B4C 
 253      EFB4F429 
 253      A663
 254 0559 82FF3F70 		.ascii	"\202\377?p.[\276x\271\313\275\320\235\265h\361\212\264"
 254      2E5BBE78 
 254      B9CBBDD0 
 254      9DB568F1 
 254      8AB4
 255 056b 7766CD49 		.ascii	"wf\315I\236\235\234\355p\271\035NWz\272k\245#\303\225"
ARM GAS  /tmp/ccfMjrue.s 			page 20


 255      9E9D9CED 
 255      70B91D4E 
 255      577ABA6B 
 255      A523C395 
 256 057f 99E5767C 		.ascii	"\231\345v|\264 e^J\266\303\271\314\351\312L[\370\335"
 256      B420655E 
 256      4AB6C3B9 
 256      CCE9CA4C 
 256      5BF8DD
 257 0592 FBE9C94E 		.ascii	"\373\351\311N\2468\263\2623\222gI\364\023\231\345\312"
 257      A638B3B2 
 257      33926749 
 257      F41399E5 
 257      CA
 258 05a3 F86CE9E7 		.ascii	"\370l\351\347\231.gj\326\"\347\267Jf\232{\325\212\254"
 258      992E676A 
 258      D622E7B7 
 258      4A669A7B 
 258      D58AAC
 259 05b6 4F5E479E 		.ascii	"O^G\236\226\235E\324\216y)\251\363S\035\363\220\333"
 259      969D45D4 
 259      8E7929A9 
 259      F3531DF3 
 259      90DB
 260 05c8 317FA573 		.ascii	"1\177\245s\305\252%i\016g\272{\271{\3417Ng\3622\026"
 260      C5AA2569 
 260      0E67BA7B 
 260      B97BE137 
 260      4E67F232 
 261 05dd F545CA82 		.ascii	"\365E\312\202\324\304\244\2313\022\227f\270\235\231"
 261      D4C4A499 
 261      33129766 
 261      B89D99
 262 05ec 8CCFCD64 		.ascii	"\214\317\315d\366\200)\303\235\201\017\251\013\350\317"
 262      F68029C3 
 262      9D810FA9 
 262      0BE8CF
 263 05fb 0CB4304B 		.ascii	"\014\2640K&\373\0273\210\217G"
 263      26FB1733 
 263      888F47
 264              		.text
 265              		.section	.gnu.lto_.symbol_nodes.2ed0c990e5ac77e3,"",%progbits
 266 0000 789C5DC8 		.ascii	"x\234]\310\273\015\302@\020\204\341\331Y\237\271\262"
 266      BB0DC240 
 266      1084E1D9 
 266      599FB9B2 
 267 0010 70657B88 		.ascii	"pe{\210\214\000\033\"^\022H\246\011\234\321\000\025"
 267      8C001B22 
 267      5E1248A6 
 267      099CD100 
 267      15
 268 0021 10500035 		.ascii	"\020P\0005X^\331r\340\233\344\037}\001\304\027>\326"
 268      585ED972 
 268      E09BE41F 
 268      7D01C417 
 268      3ED6
 269 0033 6240F301 		.ascii	"b@\363\001<\257\364N\245[#&\271\035\304\230\333QLs;"
ARM GAS  /tmp/ccfMjrue.s 			page 21


 269      3CAFF44E 
 269      A55B2326 
 269      B91DC498 
 269      DB514C73 
 270 0048 D18AD9BA 		.ascii	"\321\212\331\272M\345r\246\205\205\310\225V\216\002"
 270      4DE572A6 
 270      8585C895 
 270      568E02
 271 0057 A4C7DAE1 		.ascii	"\244\307\332\341F[-\340B\2133$\007%\320\376\372JU\246"
 271      465B2DE0 
 271      428B3324 
 271      0725D0FE 
 271      FA4A55A6 
 272 006b 168AEDEE 		.ascii	"\026\212\355\356\177\217\0328A\210x\356GP\264\265\037"
 272      7F8F1A38 
 272      418878EE 
 272      4750B4B5 
 272      1F
 273 007c 0C85C93B 		.ascii	"\014\205\311;\313"
 273      CB
 274              		.text
 275              		.section	.gnu.lto_.refs.2ed0c990e5ac77e3,"",%progbits
 276 0000 789C6365 		.ascii	"x\234ce`b\340d```beb\223fb\227a\000\000\002A\000`"
 276      6062E064 
 276      60606062 
 276      65629366 
 276      62976100 
 277              		.text
 278              		.section	.gnu.lto_.decls.2ed0c990e5ac77e3,"",%progbits
 279 0000 789CBD58 		.ascii	"x\234\275XkP\024Y\226\256\233\267xT\361r\220\331u7\330"
 279      6B501459 
 279      96AE9BB7 
 279      7854F172 
 279      90D97537 
 280 0015 58A3BB23 		.ascii	"X\243\273#\232\235\010-\321\036\333\335\230\330i\033"
 280      9A9D082D 
 280      D11EDBDD 
 280      98D8691B 
 281 0025 653462DD 		.ascii	"e4b\335!\2405f'f\242\026\241Z\210\341aW\341\214\376"
 281      21A03566 
 281      2766A216 
 281      A15A88E1 
 281      6157E18C 
 282 003a D8D8444A 		.ascii	"\330\330DJA|!\202\012\202\274T@AiQ@\360Q\002\002\" "
 282      417C2182 
 282      0A82BC54 
 282      40416951 
 282      40F05102 
 283 0051 62CB4B04 		.ascii	"b\313K\004DDEP^*\340k\317\2757\2632+\273\350\236\235"
 283      44444550 
 283      5E2AE06B 
 283      CFBD37B3 
 283      322BBBE8 
 284 0067 D9D80A4E 		.ascii	"\331\330\012N\025'\363\273\3379\347\236so\236\233\016"
 284      1527F3BB 
 284      DF39E79E 
 284      736F9E9B 
ARM GAS  /tmp/ccfMjrue.s 			page 22


 284      0E
 285 0078 2A4EB57C 		.ascii	"*N\265|\241J\365\237j\225\352+N\245\372\000\037'\225"
 285      A14AF59F 
 285      6A95EA2B 
 285      4EA5FA00 
 285      1F2795
 286 008b 4A55AC92 		.ascii	"JU\254\222>\032\2203 % \347@\316\203\224\201T\200T\202"
 286      3E1A9033 
 286      202520E7 
 286      40CE8394 
 286      81548054 
 287 00a0 5C02A955 		.ascii	"\\\002\251U}\377\363{\244R9\302\357\006\020O\020/\220"
 287      7DFFF37B 
 287      A45239C2 
 287      EF06104F 
 287      102F90
 288 00b3 6690BB20 		.ascii	"f\220\273 \335\002\206\023\270\373\355\214\017\3763"
 288      DD028613 
 288      B8FBED8C 
 288      0FFE33
 289 00c2 C797CC31 		.ascii	"\307\227\3141\336\000\343\2610\376\201,&N\210\343\214"
 289      DE00E3B1 
 289      30FE812C 
 289      264E88E3 
 289      8C
 290 00d3 9D31E13F 		.ascii	"\2351\341?0\346\274`K\371\211\2041n\012?\177\006\327"
 290      30E6BC60 
 290      4BF98984 
 290      316E0A3F 
 290      7F06D7
 291 00e6 56827C2A 		.ascii	"V\202|*\370\374K\370\1771\310j\304\374\027\271AU\375"
 291      F8FC4BF8 
 291      7F31C86A 
 291      C4FC17B9 
 291      4155FD
 292 00f9 02BE60FA 		.ascii	"\002\276`\372\351\234\256\205\377\377\0151[\344\336"
 292      E99CAE85 
 292      FFFF0D31 
 292      5BE4DE
 293 0108 3A646BEB 		.ascii	":dk\353\033\320\177\252\260uT\260C\354\255\207\337k"
 293      1BD07FAA 
 293      B07554B0 
 293      43ECAD87 
 293      DF6B
 294 011a 82FD6699 		.ascii	"\202\375f\231\2354\231\375\205 \217\004\237\210/\031"
 294      9D3499FD 
 294      85208F04 
 294      9F882F19 
 295 012a F05B03BF 		.ascii	"\360[\003\277\016 \333\341\177\017\220\345 ?\001\371"
 295      0E20DBE1 
 295      7F0F90E5 
 295      203F01F9 
 296 013a 07C4F25F 		.ascii	"\007\304\362_!\314Y\026\222|$9\027\363O\374%\363\226"
 296      21CC5916 
 296      927C2439 
 296      17F34FFC 
 296      25F396
ARM GAS  /tmp/ccfMjrue.s 			page 23


 297 014d 0DD77340 		.ascii	"\015\327s@r\025~\037\306\350z\346\354YM/\352!w\320<"
 297      72157E1F 
 297      C6E87AE6 
 297      EC594D2F 
 297      EA2177D0 
 298 0162 84108B50 		.ascii	"\204\020\213P\366!\352\007\361Cn#\353\334KP\244\030"
 298      F621EA07 
 298      F1436E23 
 298      EBDC4B50 
 298      A418
 299 0174 A4128020 		.ascii	"\244\022\200 2\240\004\267a\224H\310GE\235\220{\301"
 299      32A004B7 
 299      619448C8 
 299      47459D90 
 299      7BC1
 300 0186 54E61A27 		.ascii	"T\346\032'(\326\373\"VF(D\201\354\270\305>X\214~d\317"
 300      28D6FB22 
 300      56462844 
 300      81ECB8C5 
 300      3E588C7E 
 301 019c 6496BA0F 		.ascii	"d\226\272\017\335G\310E\225\375\005\242\327N\276\236"
 301      DD47C845 
 301      95FD05A2 
 301      D74EBE9E 
 302 01ac DEED8EC1 		.ascii	"\336\355\216\301\016\374\3377S\340\277\270\210g\037"
 302      0EFCDF37 
 302      53E0BFB8 
 302      88671F
 303 01bb 676FD9B4 		.ascii	"go\331\264}xm\361\330\207\221\247\026q\240\266\2155"
 303      7D786DF1 
 303      D88791A7 
 303      1671A0B6 
 303      8D35
 304 01cd 65BA80EA 		.ascii	"e\272\200\352\245E\363@\235\216\275{M\273\340\020\035"
 304      A545F340 
 304      9D8EBD7B 
 304      4DBBE010 
 304      1D
 305 01de 15C7CFE3 		.ascii	"\025\307\317\343\320\206\277AE\310\033\235F@\201\212"
 305      D086BF41 
 305      45C81B9D 
 305      4640818A 
 306 01ee D102F8DE 		.ascii	"\321\002\370\336\250fL\373\236\276\350\327~\224\315"
 306      A8664CFB 
 306      9EBEE8D7 
 306      7E94CD
 307 01fd 5B2CBCE5 		.ascii	"[,\274\345E\365\317\322:\007y>\021\306!5\001\242B\204"
 307      45F5CFD2 
 307      3A07793E 
 307      11C62135 
 307      01A24284 
 308 0211 D129B498 		.ascii	"\321)\264\230\004\011\377\302w\001\352C(\037\365B|g"
 308      0409FFC2 
 308      7701EA43 
 308      281FF542 
 308      7C67
 309 0223 D04740D0 		.ascii	"\320G@\320\237\365\370\240\033\016\240\376v\324\227"
ARM GAS  /tmp/ccfMjrue.s 			page 24


 309      9FF5F8A0 
 309      1B0EA0FE 
 309      76D497
 310 0232 DDF610C8 		.ascii	"\335\366\020\310\3322q\032o\331\316\363\331\034e:+1"
 310      DA32711A 
 310      6FD9CEF3 
 310      D91C653A 
 310      2B31
 311 0244 9D553295 		.ascii	"\235U2\225P\246\232W\355\305N\370w\224\251$!\311(\020"
 311      50A69A57 
 311      EDC54EF8 
 311      7794A924 
 311      21C92810 
 312 0258 3566D912 		.ascii	"5f\331\022}+\021}\253$:G\211n\014\026W\273\343hJt\365"
 312      7D2B117D 
 312      AB243A47 
 312      896E0C16 
 312      57BBE368 
 313 026f 686FAC83 		.ascii	"ho\254\203\3004P`\313T*1\225*\231\316S\246\202\353S"
 313      C0345060 
 313      CB542A31 
 313      952A99CE 
 313      53A682EB 
 314 0284 27303623 		.ascii	"'06#JeI5G\003S60\325\237Z\361\370\034\317\357\200\211"
 314      4A654935 
 314      47035336 
 314      30D59F5A 
 314      F1F81CCF 
 315 029b 62F37441 		.ascii	"b\363tA\242\272\240\244*\243T}c\223\365.\370&\243\272"
 315      A2BAA0A4 
 315      2AA3547D 
 315      6393F52E 
 315      F826A3BA 
 316 02af FB2AF6AD 		.ascii	"\373*\366\255\263\300\325\366\217\314)\2369U.1\225+"
 316      B3C0D5F6 
 316      8FCC299E 
 316      39552E31 
 316      952B
 317 02c1 992A28D3 		.ascii	"\231*(\323h\363\271s\036\270\2271\325\345w\335\321\000"
 317      68F3B973 
 317      1EB89731 
 317      D5E577DD 
 317      D100
 318 02d3 533F0FF9 		.ascii	"S?\017\371\313\375<>o\247%\200\346\030]\224\210.\"V"
 318      CBFD3C3E 
 318      6FA72580 
 318      E6185D94 
 318      882E2256 
 319 02e7 72A89212 		.ascii	"r\250\222\022<\350?1\341\202\247\030\301\301c\223\217"
 319      3CE83F31 
 319      E182A718 
 319      C1C16393 
 319      8F
 320 02f8 B04030F1 		.ascii	"\260@0\361_i|5s\243J\032]%\216\276DGg\037y\365\324\021"
 320      5F697C35 
 320      73A34A1A 
 320      5D258EBE 
ARM GAS  /tmp/ccfMjrue.s 			page 25


 320      4447671F 
 321 0310 27B00A6D 		.ascii	"'\260\012m\276~\347\210\023\316\245\212\372\311\325"
 321      BE7EE788 
 321      13CEA58A 
 321      FAC9D5
 322 031f 090ECA8C 		.ascii	"\011\016\312\214\374i|\322ygt\015iT\351|\002\317\317"
 322      FC697CD2 
 322      7967740D 
 322      6954E97C 
 322      02CFCF
 323 0332 A3FFC6F3 		.ascii	"\243\377\306\363\374v~l{\322<\010e\2317Z\342\255B\325"
 323      FC767E6C 
 323      7BD23C08 
 323      6599375A 
 323      E2AD42D5 
 324 0346 C887DE52 		.ascii	"\310\207\336R\241\2530\314\002\005zR,w\025\271\201\256"
 324      A1AB30CC 
 324      02057A52 
 324      2C7715B9 
 324      81AE
 325 0358 08C659B5 		.ascii	"\010\306Y\265\326\026\266$\273\312+\233@\244\322\256"
 325      D616B624 
 325      BBCA2B9B 
 325      40A4D2AE 
 326 0368 B129ED23 		.ascii	"\261)\355#c\255\3679!\262\232\346_\314\236\343\315\016"
 326      63ADF739 
 326      21B29AE6 
 326      5FCC9EE3 
 326      CD0E
 327 037a 04822E4B 		.ascii	"\004\202.K\261]\026c\253\245\261\335o(<\215a!}\252E"
 327      B15D1663 
 327      ABA5B1DD 
 327      6F283C8D 
 327      61217DAA 
 328 038f 642D7BC0 		.ascii	"d-{\300\245\263#\027g\334\330%B\332\266\177\342\270"
 328      A5B32317 
 328      67DCD825 
 328      42DAB67F 
 328      E2B8
 329 03a1 136E67D1 		.ascii	"\023ng\321\3376\227d`\266\014\325\240\2167\247?tg\313"
 329      DF369764 
 329      60B60CD5 
 329      A08E37A7 
 329      3F7467CB 
 330 03b5 70E161CC 		.ascii	"p\341a\314\2455vT\253\221\217\226Fd\271\325\363\257"
 330      A5357654 
 330      AB918F96 
 330      4664B9D5 
 330      F3AF
 331 03c7 69133CBF 		.ascii	"i\023<\277\020\335DZT/y\360\251\026\276\023\310\314"
 331      10DD445A 
 331      542F79F0 
 331      A916BE13 
 331      C8CC
 332 03d9 24C5F19A 		.ascii	"$\305\361\2325*t\003\302i\200pP#\314\015X%8T\007\027"
 332      352A7403 
 332      C2698070 
ARM GAS  /tmp/ccfMjrue.s 			page 26


 332      5023CC0D 
 332      58253854 
 333 03ef AFC345B0 		.ascii	"\257\303E\260Rx\374@\256#n\304\304\003\256\356\312\275"
 333      5278FC40 
 333      AE236EC4 
 333      C403AEEE 
 333      CABD
 334 0401 4E35D2FA 		.ascii	"N5\322\372\330%h\261C\300\234\351\233\375\250n\007\251"
 334      D82568B1 
 334      43C09CE9 
 334      9BFDA86E 
 334      07A9
 335 0413 B86670A6 		.ascii	"\270fp\246Ir\006|#?p\025\014%\226\335\351Uk\023\310"
 335      4972067C 
 335      233F7015 
 335      0C2596DD 
 335      E9556B13 
 336 0428 00CA4CC2 		.ascii	"\000\312L\302\024\271U\350\026\201\"\035M#\251\350\351"
 336      14B955E8 
 336      1681221D 
 336      4D23A9E8 
 336      E9
 337 0439 CBB3AEF8 		.ascii	"\313\263\256\370[5-\204\376\274\211g\216\310\007\352"
 337      5B352D84 
 337      FEBC8967 
 337      8EC807EA 
 338 0449 400B22CB 		.ascii	"@\013\"\313\350\0350\327*e\224\326\306\330\177\223\313"
 338      E81D30D7 
 338      2A6594D6 
 338      C6D87F93 
 338      CB
 339 045a 6C0AC672 		.ascii	"l\012\306ry\274\300Z\034\267\301\377;\324\314w`\266"
 339      79BCC05A 
 339      1CB7C1FF 
 339      3BD4CC77 
 339      60B6
 340 046c 0DCC92A2 		.ascii	"\015\314\222\242\"W\300\340\236\321\333G\\=\223\250"
 340      2257C0E0 
 340      9ED1DB47 
 340      5C3D93A8 
 341 047c 77645A29 		.ascii	"wdZ)\267T\012w\221\247\350$U`\304\340\233\342Jw\226"
 341      B7540A77 
 341      91A7E824 
 341      5560C4E0 
 341      9BE24A77 
 342 0491 2D47505F 		.ascii	"-GP_\237\315nq\2333\274\0161\274v6\353S\211;^\013\251"
 342      9FCD6E71 
 342      9B33BC0E 
 342      31BC7636 
 342      EB53893B 
 343 04a8 76221BC3 		.ascii	"v\"\033\303P\306>W\226\352\025\240\336k-\252sS:\323"
 343      50C63E57 
 343      96EA15A0 
 343      DE6B2DAA 
 343      73533AD3 
 344 04bc 05649D94 		.ascii	"\005d\235\224\254\233:\323\301\234\351\246\316t\014"
 344      AC9B3AD3 
ARM GAS  /tmp/ccfMjrue.s 			page 27


 344      C19CE9A6 
 344      CE740C
 345 04cb 5587E232 		.ascii	"U\207\3422:]\350T\361\261\022w\\\313\224\335\3255\031"
 345      3A5DE854 
 345      F1B11277 
 345      5CCB94DD 
 345      D53519
 346 04de 8E6A4E05 		.ascii	"\216jN\005\317D\314\352\270z\246o\036\\\240i!\305M\326"
 346      CF44CCEA 
 346      B87AA66F 
 346      1E5CA069 
 346      21C54DD6 
 347 04f2 41C9E977 		.ascii	"A\311\351w\356s\356\360}t\031\364\"a\035$'O\275v\025"
 347      EE73EEF0 
 347      7D7419F4 
 347      22611D24 
 347      274FBD76 
 348 0507 B6C08E74 		.ascii	"\266\300\216t\334y\366\336\036>;\226\377\242\201#Ht"
 348      DC79F6DE 
 348      1E3E3B96 
 348      FFA28123 
 348      4874
 349 0519 4F4C3F3C 		.ascii	"OL?<\207\324D\263\335s\372\331\3565\335\321\353\352"
 349      87D444B3 
 349      DD73FAD9 
 349      EE35DDD1 
 349      EBEA
 350 052b 9A68AD32 		.ascii	"\232h\2552\272GH\263\365\000\271\322U\004\277\000\336"
 350      BA4748B3 
 350      F500B9D2 
 350      5504BF00 
 350      DE
 351 053c 5ED57540 		.ascii	"^\325u@x:\365\023\007\222\322w\346\270\342t\007\032"
 351      783AF513 
 351      0792D277 
 351      E6B8E274 
 351      071A
 352 054e 5F56CF38 		.ascii	"_V\3178\354\362yT\341\256\335\315)tC\256>2b\210\304"
 352      ECF27954 
 352      E1AEDDCD 
 352      297443AE 
 352      3E326288 
 353 0563 5AC04350 		.ascii	"Z\300CP\000\353]\205\342d\225\373\270\0307?\214'\333"
 353      00EB5D85 
 353      E26495FB 
 353      B818373F 
 353      8C27DB
 354 0576 EE23E48A 		.ascii	"\356#\344\212\006\245\322]\357\312\242-*\254\235\365"
 354      06A5D25D 
 354      EFCAA22D 
 354      2AAC9DF5 
 355 0586 C00F99B1 		.ascii	"\300\017\231\261\362\007\251W5\314\223N\242g^m:\352"
 355      F207A957 
 355      35CC934E 
 355      A2675E6D 
 355      3AEA
 356 0598 8C9FB29B 		.ascii	"\214\237\262\233S\005\327\236\271\343Q\246\334\031\312"
ARM GAS  /tmp/ccfMjrue.s 			page 28


 356      5305D79E 
 356      B9E351A6 
 356      DC19CA
 357 05a7 31BB3264 		.ascii	"1\2732d+\321\323\032\252G4x\234\335\034\177\266\357"
 357      2BD1D31A 
 357      AA473478 
 357      9CDD1C7F 
 357      B6EF
 358 05b9 19875F32 		.ascii	"\031\207_2e\367\365\013uB%4\020\275\267\272=S\215g\330"
 358      65F7F50B 
 358      75422534 
 358      10BDB7BA 
 358      3D538D67 
 359 05ce CDECDAF8 		.ascii	"\315\354\332\370\027\036\370\235`\375\371\351r7\206"
 359      171EF89D 
 359      60FDF9E9 
 359      723786
 360 05dd B4D00DA9 		.ascii	"\264\320\015\251\365R\245\033\216u\2447k\017\316\232"
 360      F552A51B 
 360      8E75A437 
 360      6B0FCE9A 
 361 05ed 35D8CC14 		.ascii	"5\330\314\024\261\234<Y9u=\037~\357\201\343\331\275"
 361      B19C3C59 
 361      39753D1F 
 361      7EEF81E3 
 361      D9BD
 362 05ff F4F89111 		.ascii	"\364\370\221\021\214\023\231RU~\251\316\201\001\227"
 362      8C139952 
 362      557EA9CE 
 362      810197
 363 060e 80FAB0AB 		.ascii	"\200\372\260\253\267\337\035\357e\367:\371\351n-Nb\312"
 363      B7DF1DEF 
 363      65F73AF9 
 363      E96E2D4E 
 363      62CA
 364 0620 D1C9FB4F 		.ascii	"\321\311\373O\205\310}\310c\260\267m\322\001\037d\367"
 364      85C87DC8 
 364      63B0B76D 
 364      D2011F64 
 364      F7
 365 0631 8E9F48E9 		.ascii	"\216\237H\351v\304\207\230\"nZ\236t\323B\027;\362/\253"
 365      76C48798 
 365      226E5A9E 
 365      74D34217 
 365      3BF22FAB 
 366 0645 711ABBF7 		.ascii	"q\032\273\367jo\367K-\316`\312s\363\243~\027\006\\\000"
 366      6A6FF74B 
 366      2DCE60CA 
 366      73F3A37E 
 366      17065C00 
 367 0659 6AEC85BC 		.ascii	"j\354\205\274\375\2568\213\335;t\370T\247\006\037g\212"
 367      FDAE388B 
 367      DD3B74F8 
 367      54A7061F 
 367      678A
 368 066b D88D78B2 		.ascii	"\330\215x\262n\344YFw\267+\316g\367J\353\307\3535\370"
 368      6EE45946 
ARM GAS  /tmp/ccfMjrue.s 			page 29


 368      77B72BCE 
 368      67F74AEB 
 368      C7EB35F8 
 369 067f 8C1059D5 		.ascii	"\214\020Y\325T\243\020\2143\211\272\265\004:\237s\354"
 369      54A3108C 
 369      3389BAB5 
 369      043A9F73 
 369      EC
 370 0690 DECEBC9A 		.ascii	"\336\316\274\232\0317|A\230\236\341\276\267\030W0\345"
 370      19377C41 
 370      989EE1BE 
 370      B7185730 
 370      E5
 371 06a1 CDC5EBBC 		.ascii	"\315\305\353\2743\256bJ~}W\275\007\276\302\224\236\334"
 371      33AE624A 
 371      7E7D57BD 
 371      07BEC294 
 371      9EDC
 372 06b3 94136AC6 		.ascii	"\224\023j\306\367\204\350\2233\243{8\266H-\260\342\275"
 372      F784E893 
 372      33A37B38 
 372      B6482DB0 
 372      E2BD
 373 06c5 6F5ECE3E 		.ascii	"o^\316>\356\212>Q~|\346[\377\315%uH\372\240\324\023"
 373      EE8A3E51 
 373      7E7CE65B 
 373      FFCD2575 
 373      48FAA0D4 
 374 06da 3BF9A460 		.ascii	";\371\244`Zc\303Pc\331\334|\251*\237\320\222\367%\355"
 374      5A63C350 
 374      63D9DC7C 
 374      A92A9FD0 
 374      92F725ED 
 375 06ee 18C3B7FD 		.ascii	"\030\303\267\375\006\236\340fL\321\261\234\002\315s"
 375      069EE066 
 375      4CD1B19C 
 375      02CD73
 376 06fd 047D0349 		.ascii	"\004}\003I\360j\031\334\254\204\307}\017>\360[\011\376"
 376      F06A19DC 
 376      AC84C77D 
 376      0F3EF05B 
 376      09FE
 377 070f 58E9CB80 		.ascii	"X\351\313\200\322\227F\031zD\211~\206\224\344\303\277"
 377      D2974619 
 377      7A44897E 
 377      8694E4C3 
 377      BF
 378 0720 96E0094A 		.ascii	"\226\340\011J_vr\012\362\201\377\220\320\223J\362q\245"
 378      5F76720A 
 378      F281FF90 
 378      D0934AF2 
 378      71A5
 379 0732 2B03B238 		.ascii	"+\003\2628?(\321\357\224\350n\231'\211JOt\312\031\227"
 379      3F28D1EF 
 379      94E86E99 
 379      27894A4F 
 379      74CA1997 
ARM GAS  /tmp/ccfMjrue.s 			page 30


 380 0746 39F24A49 		.ascii	"9\362JI=\245\244\036\226\241'\354\273m3'\262)|h\177"
 380      3DA5A41E 
 380      96A127EC 
 380      BB6D3327 
 380      B2297C68 
 381 075b C26DD229 		.ascii	"\302m\322)c\237Q\302_+}\231\220\205\031o\177\302m\310"
 381      639F51C2 
 381      5F2B7D99 
 381      9085196F 
 381      7FC26DC8 
 382 076f 65BE8CDA 		.ascii	"e\276\214\332O\247<\371\262\031\337n\277\020\345\256"
 382      4FA73CF9 
 382      B219DF6E 
 382      BF10E5AE 
 383 077f C81C1F53 		.ascii	"\310\034\037Sr?\227\270\331\306\333~k^,\034\013\010"
 383      723F97B8 
 383      D9C6DB7E 
 383      6B5E2C1C 
 383      0B08
 384 0791 4A25ECB9 		.ascii	"J%\354\271\344s@x\346}\241V\241\275\2347\332\003V\320"
 384      E4734078 
 384      E67DA156 
 384      A1BD9C37 
 384      DA0356D0 
 385 07a5 6EC136C0 		.ascii	"n\3016\300P\026\347\203\016q\237\240\002\220\203 GA"
 385      5016E783 
 385      0E719FA0 
 385      02908320 
 385      4741
 386 07b7 F2419240 		.ascii	"\362A\222@2A\366\203\244\202\344\201\024\202\034\007"
 386      3241F683 
 386      A482E481 
 386      14821C07 
 387 07c7 49073909 		.ascii	"I\0079\011r\030$\027$"
 387      72182417 
 387      24
 388 07d0 05E408C8 		.ascii	"\005\344\010\3101\220\023 \031 \311 \373@r@\016\200"
 388      31901320 
 388      1920C920 
 388      FB407240 
 388      0E80
 389 07e2 A4719F50 		.ascii	"\244q\237P\207Xl\275\335\236\311q|\303\022\032\334S"
 389      87586CBD 
 389      DD9EC971 
 389      7CC3121A 
 389      DC53
 390 07f4 FB2B583E 		.ascii	"\373+X>\317\335\262\271xi\277\240lJD6\321\357\355\227"
 390      CFDDB2B9 
 390      7869BFA0 
 390      6C4A4436 
 390      D1EFED97 
 391 0808 B61C3E2B 		.ascii	"\266\034>+\203\277Q\302g\277\017\2279\363\302~b\344"
 391      83BF51C2 
 391      67BF0F97 
 391      39F3C27E 
 391      62E4
 392 081a F046197C 		.ascii	"\360F\031|\332~\001\332\260\313*p\207\375\355G\276\210"
ARM GAS  /tmp/ccfMjrue.s 			page 31


 392      DA7E01DA 
 392      B0CB2A70 
 392      87FDED47 
 392      BE88
 393 082c 65E85D76 		.ascii	"e\350]v\227\245\234{B\026\350[\373\201Rn\362pL\264$"
 393      97A59C7B 
 393      4216E85B 
 393      FB81526E 
 393      F2704CB4 
 394 0841 B8C83B0A 		.ascii	"\270\310;\0129\026*\214c\035\005\374\222\247\361\316"
 394      39162A8C 
 394      631D05FC 
 394      92A7F1CE 
 395 0851 EA78E879 		.ascii	"\352x\350y\3316\237\375\376@\256\013i\334\342`d\302"
 395      D9369FFD 
 395      FE40AE0B 
 395      69DCE260 
 395      64C2
 396 0863 8F76BCE4 		.ascii	"\217v\274\344\2114\236r\306\025\267\262\341\011E\373"
 396      89349E72 
 396      C615B7B2 
 396      E10945FB 
 397 0873 6AB038FC 		.ascii	"j\2608\374\307\033fr\340\332\023{\302\015w\260\341\355"
 397      C71B6672 
 397      E0DA137B 
 397      C20D77B0 
 397      E1ED
 398 0885 1D19BB1C 		.ascii	"\035\031\273\034\361}\246<\270\3778\321\035?d\312\017"
 398      F17DA63C 
 398      B8FF38D1 
 398      1D3F64CA 
 398      0F
 399 0896 F7CBE738 		.ascii	"\367\313\3478\241\241\324Q\316\301[%\245\036B\307\030"
 399      A1A1D451 
 399      CEC15B25 
 399      A51E42C7 
 399      18
 400 08a7 C72F54D3 		.ascii	"\307/T\323\346NB\227r\236\342\030z\034\276d\036\025"
 400      E64E4297 
 400      729EE218 
 400      7A1CBE64 
 400      1E15
 401 08b9 4E161644 		.ascii	"N\026\026D\036\314\227,q\216x\224\332u\256\256\334["
 401      1ECC972C 
 401      718E7894 
 401      DA75AEAE 
 401      DC5B
 402 08cb E3441F6B 		.ascii	"\343D\037k\363}\310#\314\034\007\015~/n\352*\270\021"
 402      F37DC823 
 402      CC1C070D 
 402      7E2F6EEA 
 402      2AB811
 403 08de CB1F5F80 		.ascii	"\313\037_\200\316pZT\014\251\253\234{\253I\201!\303"
 403      CE705A54 
 403      0CA9AB9C 
 403      7BAB4981 
 403      21C3
ARM GAS  /tmp/ccfMjrue.s 			page 32


 404 08f0 4D0E2C79 		.ascii	"M\016,yE\200?\255\304\333\024\006\261\320-\302\011\375"
 404      45803FAD 
 404      C4DB1406 
 404      B1D02DC2 
 404      09FD
 405 0902 59FBF4BE 		.ascii	"Y\373\364\276\022\373\204\234\375\202}v\346\215|G9\017"
 405      12FB849C 
 405      FD827D76 
 405      E68D7C47 
 405      390F
 406 0914 3B0ADBB7 		.ascii	";\012\333\267*\205\355\244\012\266\223\313\260\334/"
 406      2A85EDA4 
 406      0AB693CB 
 406      B0DC2F
 407 0923 81548094 		.ascii	"\201T\200\224\201\224\203\\\024\226?\333\254\336\337"
 407      8194835C 
 407      14963FDB 
 407      ACDEDF
 408 0932 046B70EA 		.ascii	"\004kp\352\254\264\335\254\230\347\355M\016\247\340"
 408      ACB4DDAC 
 408      98E7ED4D 
 408      0EA7E0
 409 0941 F0BECB91 		.ascii	"\360\276\313\221\272^\242\364\305\266\250\201\254Qt"
 409      BA5EA2F4 
 409      C5B6A881 
 409      AC5174
 410 0950 1D9282BE 		.ascii	"\035\222\202\276\265\013\027\213\372\356TE\216\032W"
 410      B50B178B 
 410      FAEE5445 
 410      8E1A57
 411 095f 3AD1E6B6 		.ascii	":\321\346\266\266\270\374<B\363}\354\005\204,\020\307"
 411      B6B8FC3C 
 411      42F37DEC 
 411      05842C10 
 411      C7
 412 0970 FF32A626 		.ascii	"\3772\246&\2078\262\001_\205QW8k\337KB\244\266\307f"
 412      8738B201 
 412      5F855157 
 412      386BDF4B 
 412      42A4B6C7 
 413 0985 12767BC8 		.ascii	"\022v{\310\027\324U\233\005uMXP\327\350\202*\037\317"
 413      17D4559B 
 413      05754D58 
 413      50D7E882 
 413      2A1FCF
 414 0998 DC89E7AC 		.ascii	"\334\211\347\254\325j\261VO\263\005P=Q\222/\264\247"
 414      D56AB156 
 414      4FB30550 
 414      3D51922F 
 414      B4A7
 415 09aa 58D6097A 		.ascii	"X\326\011z\261N0i\272x\247\243\362\360S\013\201\326"
 415      B14E3069 
 415      BA78A7A3 
 415      F2F0530B 
 415      81D6
 416 09bc D0CC5DA7 		.ascii	"\320\314]\247\245L)\251B\326PO\333\021\015\256q\232"
 416      A54C29A9 
ARM GAS  /tmp/ccfMjrue.s 			page 33


 416      42D6504F 
 416      DB110DAE 
 416      719A
 417 09ce E3C05391 		.ascii	"\343\300S\221\377\370\214\233\374t\323ls\264k\340\344"
 417      FFF88C9B 
 417      FC74D36C 
 417      73B46BE0 
 417      E4
 418 09df A7FCEE9E 		.ascii	"\247\374\356\236\341\237H\207\233\221\374^\353\341\006"
 418      E19F4887 
 418      9B91FC5E 
 418      EBE106
 419 09ee 70A84E9C 		.ascii	"p\250N\234(T\317\251\211f{\270\271\301\221\303\315\310"
 419      2854CFA9 
 419      89667BB8 
 419      B9C191C3 
 419      CDC8
 420 0a00 C98E79B8 		.ascii	"\311\216y\270y.o\212Ks*\324\202\205\366\306\277?\024"
 420      792E6F8A 
 420      4B732AD4 
 420      8285F6C6 
 420      BF3F14
 421 0a13 C71740A0 		.ascii	"\307\027@\240\307\021=<5Z\371o\002\177\243\222\277\211"
 421      C7113D3C 
 421      355AF96F 
 421      027FA392 
 421      BF89
 422 0a25 F25FE96C 		.ascii	"\362_\351l0{|\234\303\036\243W9>\301\031N9\364\275\020"
 422      307B7C9C 
 422      C31EA357 
 422      393EC119 
 422      4E39F4BD 
 423 0a3a 7BF7D0CC 		.ascii	"{\367\320\314}L\016.\315\365=\302\271\"\201\254\361"
 423      7D4C0E2E 
 423      CDF53DC2 
 423      B92281AC 
 423      F1
 424 0a4b 0F4FBBF2 		.ascii	"\017O\273\362\204\016~\2146\352o3\313\005\335\013\324"
 424      840E7E8C 
 424      36EA6F33 
 424      CB05DD0B 
 424      D4
 425 0a5c 777D4949 		.ascii	"w}IIN,\011\331\004\376v\367\3454\30793\332&f\264\201"
 425      4E2C09D9 
 425      04FE76F7 
 425      E534C739 
 425      33DA2666 
 426 0a72 6574C65C 		.ascii	"et\306\\\336\217\244\234\261\355\3476\344\254\225\346"
 426      DE8FA49C 
 426      B1EDE736 
 426      E4AC95E6 
 427 0a82 EC0ECD59 		.ascii	"\354\016\315Y\233\270\375\\h\353x\245\301\035l\206v"
 427      9BB8FD5C 
 427      68EB78A5 
 427      C11D6C86 
 427      76
 428 0a93 DDED3967 		.ascii	"\335\3559g3\224\254\3509\207\226\015\335\250\32327y"
ARM GAS  /tmp/ccfMjrue.s 			page 34


 428      3394ACE8 
 428      3987960D 
 428      DDA8D332 
 428      3779
 429 0aa5 E266555D 		.ascii	"\342fU]\333\015\204{\030UB\332D\253\307\234>w\212>\223"
 429      DB0D847B 
 429      185542DA 
 429      44ABC79C 
 429      3E778A3E 
 430 0aba 3A22E783 		.ascii	":\"\347\203\351\353\335\016J\237\333\3010\333=\272\250"
 430      E9EBDD0E 
 430      4A9FDBC1 
 430      30DB3DBA 
 430      A8
 431 0acb E14ED170 		.ascii	"\341N\321poi\332\220\223\322\3159\321C\357K\033\235"
 431      6F69DA90 
 431      93D2CD39 
 431      D143EF4B 
 431      1B9D
 432 0add F003E6D6 		.ascii	"\360\003\346\326\301\344\351Fg\374\310\311\346\020\347"
 432      C1E4E946 
 432      67FCC8C9 
 432      E610E7
 433 0aec 251CE226 		.ascii	"%\034\342&O\217\235p\304O\331\315\324\313\251\027\334"
 433      4F8F9D70 
 433      C44FD9CD 
 433      D4CBA917 
 433      DC
 434 0afd 952EDD07 		.ascii	"\225.\335\007#l\377\353\343\244\227\020\200>\363r\262"
 434      236CFFEB 
 434      E3A49710 
 434      803EF372 
 434      B2
 435 0b0e 52AB7469 		.ascii	"R\253tiN\364\221\231\234a7<\312\014\215>\177{\326\035"
 435      4EF49199 
 435      9C61373C 
 435      CA0C8D3E 
 435      7F7BD61D 
 436 0b22 4F30E574 		.ascii	"O0\345t\321\265\026\027\374\232)o\223\262J5\370\035"
 436      D1B51617 
 436      FC9A296F 
 436      93B24A35 
 436      F81D
 437 0b34 53AAF38E 		.ascii	"S\252\363\216%k\360vg\252|HJHs\302\361LIiI\311s\301"
 437      256BF076 
 437      67AA7C48 
 437      4A4873C2 
 437      F14C4969 
 438 0b4c 7B98F2E6 		.ascii	"{\230\362\346IJ\027b\245$?\257{\011\347\3653\257\366"
 438      494A1762 
 438      A5243FAF 
 438      7B09E7F5 
 438      33AFF6
 439 0b5f 1D76C1C9 		.ascii	"\035v\301\311\014\333\321e\276(`]\310b\277\331\367\233"
 439      0CDBD165 
 439      BE28605D 
 439      C862BFD9 
ARM GAS  /tmp/ccfMjrue.s 			page 35


 439      F79B
 440 0b71 39333622 		.ascii	"936\"f\354\031\313\330\331\035\203\205\3160\326[\013"
 440      66EC19CB 
 440      D8D91D83 
 440      85CE30D6 
 440      5B0B
 441 0b83 0700D9BB 		.ascii	"\007\000\331\2734o\366.\355\274e\262X\215\017Q;\\\331"
 441      346FF62E 
 441      EDBC65B2 
 441      588D0F51 
 441      3B5CD9
 442 0b96 F9C174AD 		.ascii	"\371\301t\255\354m\331\342\035\361\344\005\3258L\321"
 442      EC6DD9E2 
 442      1DF1E405 
 442      D5384CD1 
 443 0ba6 0B69B7F3 		.ascii	"\013i\267\363\266\276-\263}U4\006[\250\267\360\344~"
 443      B6BE2DB3 
 443      7D553406 
 443      5BA8B7F0 
 443      E47E
 444 0bb8 0E333ACA 		.ascii	"\0163:\312\034(\314*\250u\303\331\314BZ\352\265\363"
 444      1C28CC2A 
 444      A875C3D9 
 444      CC425AEA 
 444      B5F3
 445 0bca EE560B7D 		.ascii	"\356V\013}\263\037\225\322W`S`aB\2620\316\315ab\322"
 445      B31F95D2 
 445      57605360 
 445      6142B230 
 445      CECD6162 
 446 0bdf BE89C686 		.ascii	"\276\211\306\206\246\275j\371\356G\370\236\302\375'"
 446      A6BD6AF9 
 446      EE47F89E 
 446      C2FD27
 447 0bee 34A92F69 		.ascii	"4\251/iRG\304:\313.J\033qb\315\307\237\305\236\227\026"
 447      5247C43A 
 447      CB2E4A1B 
 447      7162CDC7 
 447      9FC59E97 
 448 0c03 37EB2067 		.ascii	"7\353 g\177\365C\354\227\333z\276\300\005,o/[z\036 "
 448      7FF543EC 
 448      97DB7ABE 
 448      C0052C6F 
 448      2F5B7A1E 
 449 0c18 5CC414F3 		.ascii	"\\\304\024\363\315\033\371N\270\204)#\205\315\015\216"
 449      CD1BF94E 
 449      B8842923 
 449      85CD0D8E 
 450 0c28 B88C2983 		.ascii	"\270\214)\203C\263\025\030W1\345\344H\356^\015\266\010"
 450      43B31518 
 450      5731E5E4 
 450      48EE5E0D 
 450      B608
 451 0c3a 63069FB7 		.ascii	"c\006\237\267\010\307\370=$yo\306\312\276\023\253\204"
 451      08C7F83D 
 451      24796FC6 
 451      CABE13AB 
ARM GAS  /tmp/ccfMjrue.s 			page 36


 451      84
 452 0c4b 1CD7875F 		.ascii	"\034\327\207_>\372\340\214\353(\370oG\316\0378!\035"
 452      3EFAE08C 
 452      EB28F86F 
 452      47CE1F38 
 452      211D
 453 0c5d ADE7CB0E 		.ascii	"\255\347\313\016\327\364Tm\216\245-I\302\255F\236\357"
 453      D7F4546D 
 453      8EA52D49 
 453      C2AD469E 
 453      EF
 454 0c6e B720F41A 		.ascii	"\267 \364\032\236\244\3030\347\273\360|k4\266\007\024"
 454      9EA4C330 
 454      E7BBF07C 
 454      6B34B607 
 454      14
 455 0c7f DA62444B 		.ascii	"\332bDK\035\306[\001m\3771\235\002\374\335\333b)\272"
 455      1DC65B01 
 455      6DFF319D 
 455      02FCDDDB 
 455      6229BA
 456 0c92 1BB83B04 		.ascii	"\033\270;\004\264\270\336m\217J\204\273q\253\304\375"
 456      B4B8DE6D 
 456      8F4A84BB 
 456      71ABC4FD 
 457 0ca2 58C96DDB 		.ascii	"X\311m\333\301\023\370\200\014>\250\204\333\034\362"
 457      C113F880 
 457      0C3EA884 
 457      DB1CF2
 458 0cb1 48B3D3B8 		.ascii	"H\263\323\270M\352uz\224\350\347JW\332d\334CJ\364\254"
 458      4DEA757A 
 458      94E8E74A 
 458      57DA64DC 
 458      434AF4AC 
 459 0cc5 123D209B 		.ascii	"\022= \233\2247J\264\254\355\222w\035\037`\032\336\323"
 459      94374AB4 
 459      ACED9277 
 459      1D1F601A 
 459      DED3
 460 0cd7 5B044D5A 		.ascii	"[\004MZ\216\024\354\203\022\361'h;H\002\310\001\220"
 460      8E14EC83 
 460      12F12768 
 460      3B4802C8 
 460      0190
 461 0ce9 3D200741 		.ascii	"= \007AbA\314 \361 I ;@\222Av\203\034\006I\005\331\011"
 461      6241CC20 
 461      F1204920 
 461      3B409241 
 461      76831C06 
 462 0d01 7208240E 		.ascii	"r\010$\016d\037\310~\220\275X<\201\2219h\213\226\346"
 462      641FC87E 
 462      90BD583C 
 462      81913968 
 462      8B96E6
 463 0d14 E09DDDE4 		.ascii	"\340\235\335\344\311\202\232\220M\301\200\022<\245\234"
 463      C9829A90 
 463      4DC18012 
ARM GAS  /tmp/ccfMjrue.s 			page 37


 463      3CA59C
 464 0d23 8209D914 		.ascii	"\202\011\331\024\314(\321\337kT'\266Ih\036+\320-6}*"
 464      CC28D1DF 
 464      6B5427B6 
 464      49681E2B 
 464      D02D367D 
 465 0d38 14D08050 		.ascii	"\024\320\200PEw\241\212\276\023\270\305\207\233\342"
 465      4577A18A 
 465      BE13B8C5 
 465      879BE2
 466 0d47 6D0B6C22 		.ascii	"m\013l\"\303\002\372\216\320\031\332\240oq\312*\352"
 466      C302FA8E 
 466      D019DAA0 
 466      6F71CA2A 
 466      EA
 467 0d58 9685F9C8 		.ascii	"\226\205\371\310~\246\345\360aY\234\263\366Sm\003\227"
 467      7EA6E5F0 
 467      61599CB3 
 467      F6536D03 
 467      97
 468 0d69 B13FB45F 		.ascii	"\261?\264_\243r\370\254\214}\332\376,28\333/\353^x\322"
 468      A372F8AC 
 468      8C7DDAFE 
 468      2C3238DB 
 468      2FEB5E78 
 469 0d7e F33FC06C 		.ascii	"\363?\300l[j2ku3^\311<9n\367\303D\364\012d\342\223\315"
 469      5B6A326B 
 469      75335EC9 
 469      3C396EF7 
 469      C344F40A 
 470 0d96 F6CD10AD 		.ascii	"\366\315\020\255\015\331\372\270g\177}\330x*\013\354"
 470      0DD9FAB8 
 470      677F7DD8 
 470      782A0BEC 
 471 0da6 81FDEA60 		.ascii	"\201\375\352`p\330\225Z\372R[\324\270\211\355\370\345"
 471      70D8955A 
 471      FA525BD4 
 471      B889EDF8 
 471      E5
 472 0db7 1DA5A9EE 		.ascii	"\035\245\251\356\212\016\\\\\013(\035\226\300\377\307"
 472      8A0E5C5C 
 472      0B281D96 
 472      C0FFC7
 473 0dc6 7210BAF7 		.ascii	"r\020\272\367\031G\236wFi`\360\010\266>l\310dR\267\017"
 473      19479E77 
 473      466960F0 
 473      08B63E6C 
 473      C86452B7 
 474 0ddb 35F5C439 		.ascii	"5\365\3049\311\233\3674,o\336\217b\326\274\303/\200"
 474      C99BF734 
 474      2C6FDE8F 
 474      62D6BCC3 
 474      2F80
 475 0ded FBA7F77F 		.ascii	"\373\247\367\177\260\351\364kl^\306g\010\340\014\012"
 475      B0E9F46B 
 475      6C5EC667 
 475      08E00C0A 
ARM GAS  /tmp/ccfMjrue.s 			page 38


 476 0dfd 36BF6C3F 		.ascii	"6\277l?\346\206\357:\317\321\335f\226e\267:I\375sB\371"
 476      E686EF3A 
 476      CFD1DD66 
 476      9665B73A 
 476      49FD7342 
 477 0e12 E0CD58DE 		.ascii	"\340\315X\336\313\374O\264{\316\024=E\307\260\232h\266"
 477      CBFC4FB4 
 477      7BCE143D 
 477      45C7B09A 
 477      68B6
 478 0e24 DD6D1626 		.ascii	"\335m\026&\335\355`\307\340.N\350n\353*q,\037\213h{"
 478      DDED60C7 
 478      E02E4EE8 
 478      6EEB2A71 
 478      2C1F8B68 
 479 0e39 5B21B6B7 		.ascii	"[!\266\267\331\230\264\267\211qO,.\002\254\355\227b"
 479      D998B4B7 
 479      89714F2C 
 479      2E02ACED 
 479      9762
 480 0e4b 0F6C05E5 		.ascii	"\017l\005\345P\320\325S'\207\335\005P\315\251\025E|"
 480      50D0D553 
 480      2787DD05 
 480      50CDA915 
 480      457C
 481 0e5d D23C5B58 		.ascii	"\322<[X.\376X\245\331\034m\214\321GD\207\374\301\371"
 481      2EFE58A5 
 481      D91C6D8C 
 481      D1474487 
 481      FCC1F9
 482 0e70 57FFBE7E 		.ascii	"W\377\276~\241\237\257\257\352_B\302\3027\206G\233\364"
 482      A19FAFAF 
 482      EA5F42C2 
 482      C2378647 
 482      9BF4
 483 0e82 A698E08D 		.ascii	"\246\230\340\215\021\206E\276+\026/]\274U\027m\322\205"
 483      118645BE 
 483      2B162F5D 
 483      BC55176D 
 483      D285
 484 0e94 44474646 		.ascii	"DGFFG\351\310\020\223ne\340:\277u[u!a!\321F\203\376"
 484      47E9C810 
 484      936E65E0 
 484      3ABF755B 
 484      75216121 
 485 0eac 8F9F472E 		.ascii	"\217\237G.\016S\271P\266-Q\204\317\323\312\254\377\332"
 485      0E53B950 
 485      B62D5184 
 485      CFD3CAAC 
 485      FFDA
 486 0ebe 181DA90F 		.ascii	"\030\035\251\0177\031\275d\267\255\027]\2026\370\351"
 486      3719BD64 
 486      B7AD175D 
 486      8236F8E9 
 487 0ece D7044785 		.ascii	"\327\004G\205F\030\214\177\261\351\020\225\247\236\222"
 487      46188C7F 
 487      B1E91095 
ARM GAS  /tmp/ccfMjrue.s 			page 39


 487      A79E92
 488 0edd 871BBFD1 		.ascii	"\207\033\277\321\0336\207GDo\332b\370)\273d\372SxLH"
 488      1B368747 
 488      446FDA62 
 488      F829BB64 
 488      FA53784C 
 489 0ef2 98D5DE7C 		.ascii	"\230\325\336|v\325\2605<\306z\355\357B\302\202B\302"
 489      76D5B035 
 489      3CC67AED 
 489      EF42C282 
 489      42C2
 490 0f04 D69A028C 		.ascii	"\326\232\002\214\006C\344\346\230\360\350\250@\3037"
 490      0643E4E6 
 490      98F0E8A8 
 490      40C337
 491 0f13 5BC28D86 		.ascii	"[\302\215\206P\007\375\227\321\321\021\213\346\364\313"
 491      5007FD97 
 491      D1D1118B 
 491      E6F4CB
 492 0f22 18A30B8F 		.ascii	"\030\243\013\217\012\211\330\022j\000wL!a\2410\013Z"
 492      0A89D812 
 492      6A00774C 
 492      2161A130 
 492      0B5A
 493 0f34 BD7E4B78 		.ascii	"\275~KxT\314\262\245\372\2300]Xt\244A\367\007\323&\335"
 493      54CCB2A5 
 493      FA98305D 
 493      5874A441 
 493      F707D326 
 494 0f49 C6F028DD 		.ascii	"\306\360(\335\246\220\220E\301\306H\361wQTt\224a\221"
 494      A6909045 
 494      C1C648F1 
 494      77515474 
 494      946191
 495 0f5c 217863F8 		.ascii	"!xc\370\242\345\213\226.\361\375|\3217K\027m\331\034"
 495      A2E58B96 
 495      2EF1FD7C 
 495      D1374B17 
 495      6DD91C
 496 0f6f 1A1C63D0 		.ascii	"\032\034c\320\331\334\266\332\210\014\006O\242\014:"
 496      D9DCB6DA 
 496      880C064F 
 496      A20C3A
 497 0f7e 7DA8E1EB 		.ascii	"}\250\341\353\340-\0211\372\230m\233\015&\260\351,Z"
 497      E02D1131 
 497      FA986D9B 
 497      0D26B0E9 
 497      2C5A
 498 0f90 FCFDFFB1 		.ascii	"\374\375\377\261E\3236\223\016\302\016\005z0\243\016"
 498      45D33693 
 498      0EC20E05 
 498      7A30A30E 
 499 0fa0 090B36BA 		.ascii	"\011\0136\272\351\365&C\214\376\313\225A\253\003\002"
 499      E9F52643 
 499      8CFECB95 
 499      41AB0302 
 500 0fb0 D7BA0547 		.ascii	"\327\272\005G\374)x\233I\037\036\025\001\236\375\352"
ARM GAS  /tmp/ccfMjrue.s 			page 40


 500      FC29789B 
 500      491F1E15 
 500      019EFDEA 
 501 0fc0 C73268D8 		.ascii	"\3072h\330\032C\362\247\363[\027\2646H\347\007\011\324"
 501      1A43F2A7 
 501      F35B17B4 
 501      3648E707 
 501      09D4
 502 0fd2 AD152730 		.ascii	"\255\025'0\322\024n\322\203\247$\036\243\301d0\376\321"
 502      D2146ED2 
 502      83A7241E 
 502      A3C16430 
 502      FED1
 503 0fe4 100AFF6C 		.ascii	"\020\012\377l\002\317\3641\313\377\202\332\000\"\207"
 503      02CFF431 
 503      CBFF82DA 
 503      002287
 504 0ff3 AF379B42 		.ascii	"\2577\233B\214\330\344\373s\220\317@\226"
 504      8CD8E4FB 
 504      7390CF40 
 504      96
 505 1000 812C05F1 		.ascii	"\201,\005\361\005Y\302\231\376\2313\255\340L\237s\246"
 505      0559C299 
 505      FE9933AD 
 505      E04C9F73 
 505      A6
 506 1011 E59CE9E7 		.ascii	"\345\234\351\347\234\3513\316\264\2143-\345L\276\234"
 506      9CE933CE 
 506      B48C332D 
 506      E54CBE9C 
 507 1021 69897AEB 		.ascii	"i\211z\353f\223\221\333\034\342\030a\204T\206b\243\357"
 507      669391DB 
 507      1CE21861 
 507      84548662 
 507      A3EF
 508 1033 52CEB88C 		.ascii	"R\316\270\2143\302\267/g\\\342\"\024RLH\314V\207u\033"
 508      33C2B72F 
 508      675CE222 
 508      14524C48 
 508      CC568775 
 509 1048 FC039738 		.ascii	"\374\003\2278\372\007\254\012\362\013t\360\017\360["
 509      FA07AC0A 
 509      F20B74F0 
 509      0FF05B
 510 1057 49BFFD02 		.ascii	"I\277\375\0025\201\253\203V\007nX\275j\011\205\370\372"
 510      3581AB83 
 510      56076E58 
 510      BD6A0985 
 510      F8FA
 511 1069 FF351344 		.ascii	"\3775\023D\312=$\36232?\376\001\353\365_A\3625z\375"
 511      CA3D24F2 
 511      33323FFE 
 511      01EBF55F 
 511      41F2357A 
 512 107e 26484640 		.ascii	"&HF@P\200\206\245\005\376S\257\015Z\031\250^\267\316"
 512      508086A5 
 512      05FE53AF 
ARM GAS  /tmp/ccfMjrue.s 			page 41


 512      0D5A19A8 
 512      5EB7CE
 513 1091 3F10AF5C 		.ascii	"?\020\257\\\025\210W\301o\200\177\240z\245\177P\240"
 513      158857C1 
 513      6F807FA0 
 513      7AA57F50 
 513      A0
 514 10a2 FA4B7FF0 		.ascii	"\372K\177\360\014n\001`\025\321\327\220/?\370r\010Z"
 514      0C6E0160 
 514      15D1D790 
 514      2F3FF872 
 514      085A
 515 10b4 E3171488 		.ascii	"\343\027\024\210\203\326\020\"RM+\3641N\302/\206@0\011"
 515      83D61022 
 515      524D2BF4 
 515      314EC22F 
 515      86403009 
 516 10c8 6CE5DA40 		.ascii	"l\345\332@\277@\365\206\257~\035\250^\013h\007\277\200"
 516      BF40F586 
 516      AF7E1DA8 
 516      5E0B6807 
 516      BF80
 517 10da F56B57C1 		.ascii	"\365kW\301\367J\277@\347 \277/\251G.\314#\377\000\030"
 517      F74ABF40 
 517      E720BF2F 
 517      A9472ECC 
 517      23FF0018 
 518 10ee F03FB8CB 		.ascii	"\360?\270\313\262A"
 518      B241
 519              		.text
 520              		.section	.gnu.lto_.symtab.2ed0c990e5ac77e3,"",%progbits
 521 0000 5356435F 		.ascii	"SVC_Handler\000"
 521      48616E64 
 521      6C657200 
 522 000c 00       		.ascii	"\000"
 523 000d 00       		.ascii	"\000"
 524 000e 00       		.ascii	"\000"
 525 000f 00000000 		.ascii	"\000\000\000\000\000\000\000\000"
 525      00000000 
 526 0017 B6000000 		.ascii	"\266\000\000\000"
 527 001b 5F706F72 		.ascii	"_port_irq_epilogue\000"
 527      745F6972 
 527      715F6570 
 527      696C6F67 
 527      756500
 528 002e 00       		.ascii	"\000"
 529 002f 00       		.ascii	"\000"
 530 0030 00       		.ascii	"\000"
 531 0031 00000000 		.ascii	"\000\000\000\000\000\000\000\000"
 531      00000000 
 532 0039 B8000000 		.ascii	"\270\000\000\000"
 533 003d 5F706F72 		.ascii	"_port_switch_from_isr\000"
 533      745F7377 
 533      69746368 
 533      5F66726F 
 533      6D5F6973 
 534 0053 00       		.ascii	"\000"
ARM GAS  /tmp/ccfMjrue.s 			page 42


 535 0054 02       		.ascii	"\002"
 536 0055 00       		.ascii	"\000"
 537 0056 00000000 		.ascii	"\000\000\000\000\000\000\000\000"
 537      00000000 
 538 005e BA000000 		.ascii	"\272\000\000\000"
 539 0062 5F706F72 		.ascii	"_port_exit_from_isr\000"
 539      745F6578 
 539      69745F66 
 539      726F6D5F 
 539      69737200 
 540 0076 00       		.ascii	"\000"
 541 0077 02       		.ascii	"\002"
 542 0078 00       		.ascii	"\000"
 543 0079 00000000 		.ascii	"\000\000\000\000\000\000\000\000"
 543      00000000 
 544 0081 BC000000 		.ascii	"\274\000\000\000"
 545 0085 63685363 		.ascii	"chSchIsPreemptionRequired\000"
 545      68497350 
 545      7265656D 
 545      7074696F 
 545      6E526571 
 546 009f 00       		.ascii	"\000"
 547 00a0 02       		.ascii	"\002"
 548 00a1 00       		.ascii	"\000"
 549 00a2 00000000 		.ascii	"\000\000\000\000\000\000\000\000"
 549      00000000 
 550 00aa C4000000 		.ascii	"\304\000\000\000"
 551              		.text
 552              		.section	.gnu.lto_.opts,"",%progbits
 553 0000 272D666D 		.ascii	"'-fmath-errno' '-fsigned-zeros' '-ftrapping-math' '"
 553      6174682D 
 553      6572726E 
 553      6F272027 
 553      2D667369 
 554 0033 2D666E6F 		.ascii	"-fno-trapv' '-fno-strict-overflow' '-fno-openmp' '-"
 554      2D747261 
 554      70762720 
 554      272D666E 
 554      6F2D7374 
 555 0066 666E6F2D 		.ascii	"fno-openacc' '-mcpu=cortex-m4' '-mfloat-abi=softfp'"
 555      6F70656E 
 555      61636327 
 555      20272D6D 
 555      6370753D 
 556 0099 20272D6D 		.ascii	" '-mfpu=fpv4-sp-d16' '-mno-thumb-interwork' '-mthum"
 556      6670753D 
 556      66707634 
 556      2D73702D 
 556      64313627 
 557 00cc 62272027 		.ascii	"b' '-ggdb' '-O0' '-fomit-frame-pointer' '-falign-fu"
 557      2D676764 
 557      62272027 
 557      2D4F3027 
 557      20272D66 
 558 00ff 6E637469 		.ascii	"nctions=16' '-ffunction-sections' '-fdata-sections'"
 558      6F6E733D 
 558      31362720 
ARM GAS  /tmp/ccfMjrue.s 			page 43


 558      272D6666 
 558      756E6374 
 559 0132 20272D66 		.ascii	" '-fno-common' '-flto' '-fsingle-precision-constant"
 559      6E6F2D63 
 559      6F6D6D6F 
 559      6E272027 
 559      2D666C74 
 560 0165 2700     		.ascii	"'\000"
 561              		.text
 562              		.comm	__gnu_lto_v1,1,1
 563              		.comm	__gnu_lto_slim,1,1
 564              		.ident	"GCC: (GNU Tools for ARM Embedded Processors 6-2017-q2-update) 6.3.1 20170620 (release) [AR
ARM GAS  /tmp/ccfMjrue.s 			page 44


DEFINED SYMBOLS
                            *ABS*:0000000000000000 chcore_v7m.c
                            *COM*:0000000000000001 __gnu_lto_v1
                            *COM*:0000000000000001 __gnu_lto_slim

NO UNDEFINED SYMBOLS
