ARM GAS  /tmp/cca6x9QG.s 			page 1


   1              		.syntax unified
   2              		.cpu cortex-m4
   3              		.eabi_attribute 27, 1
   4              		.eabi_attribute 28, 1
   5              		.fpu fpv4-sp-d16
   6              		.eabi_attribute 20, 1
   7              		.eabi_attribute 21, 1
   8              		.eabi_attribute 23, 3
   9              		.eabi_attribute 24, 1
  10              		.eabi_attribute 25, 1
  11              		.eabi_attribute 26, 1
  12              		.eabi_attribute 30, 6
  13              		.eabi_attribute 34, 1
  14              		.eabi_attribute 18, 4
  15              		.thumb
  16              		.file	"chmemcore.c"
  17              		.text
  18              	.Ltext0:
  19              		.section	.gnu.lto_.inline.3f85b89ad21ccd2c,"",%progbits
  20 0000 789C6366 		.ascii	"x\234cf\300\016\326@i\016\006\006\026f\006\006&\226"
  20      C00ED640 
  20      690E0606 
  20      16660606 
  20      2696
  21 0012 0F7A0C2C 		.ascii	"\017z\014,\014L !F\014\021&\006\026\036 \311\264@\036"
  21      0C4C2021 
  21      460C1126 
  21      06161E20 
  21      C9B4401E 
  22 0026 AE860B48 		.ascii	"\256\206\013H0c\027fa`e\001\012\263\035\260\203\011"
  22      30631766 
  22      61606501 
  22      0AB31DB0 
  22      8309
  23 0038 7330888A 		.ascii	"s0\210\212\000E\324\016\354`\202\011q2p\251`\321\313"
  23      0045D40E 
  23      EC608209 
  23      713270A9 
  23      60D1CB
  24 004b CA076371 		.ascii	"\312\007cq1\260\261\002\025pL\360\203)`\000\000\313"
  24      31B0B102 
  24      15704CF0 
  24      83296000 
  24      00CB
  25 005d 320A06   		.ascii	"2\012\006"
  26              		.text
  27              		.section	.gnu.lto_port_lock.3f85b89ad21ccd2c,"",%progbits
  28 0000 789C6366 		.ascii	"x\234cf\300\004\242@\274\210\221\201a\005\210\303\314"
  28      C004A240 
  28      BC889181 
  28      610588C3 
  28      CC
  29 0011 C0C8C400 		.ascii	"\300\310\304\000\304\214@\001\006F\206z&\306z\306\227"
  29      C48C4001 
  29      0646867A 
  29      26C67AC6 
  29      97
ARM GAS  /tmp/cca6x9QG.s 			page 2


  30 0022 4C1F9918 		.ascii	"L\037\231\030'\034X=\203[}iCC\303\207E[\333\304\032"
  30      271C583D 
  30      835B7D69 
  30      4343C387 
  30      455BDBC4 
  31 0037 A624FC04 		.ascii	"\246$\374\004*\374\314\0041\203q9\243:\003P\325\307"
  31      2AFCCC04 
  31      31837139 
  31      A33A0350 
  31      D5C7
  32 0049 96BFD7B9 		.ascii	"\226\277\327\271\331Z\200\252\004 r\214+\030\331\200"
  32      D95A80AA 
  32      0420728C 
  32      2B18D980 
  33 0059 463102E5 		.ascii	"F1\002\345V7\2348\310\303l\313\010R\267s\335\227\263"
  33      56379C38 
  33      C8C36CCB 
  33      0852B773 
  33      DD97B3
  34 006c DC2F987E 		.ascii	"\334/\230~21*\200\270\273&\235\230\301\006\3422\261"
  34      32312A80 
  34      B8BB269D 
  34      98C106E2 
  34      32B1
  35 007e 80B857A6 		.ascii	"\200\270W\246\376\234\310\246\274\260\241\241\251af"
  35      FE9CC8A6 
  35      BCB0A1A1 
  35      A96166
  36 008d C302A68E 		.ascii	"\303\002\246\216\003\377\377\333\377dbf\\\311\310\014"
  36      03FFFFDB 
  36      FF646266 
  36      5CC9C80C 
  37 009d 34947115 		.ascii	"4\224q\025\243\024\343jF)\250\363\031\3270*\257\027"
  37      A314E36A 
  37      4629A8F3 
  37      19D7302A 
  37      AF17
  38 00af 3AD0F0FF 		.ascii	":\320\360\377\377\342e{v\262\001\235\016\026b`x\002"
  38      FFE2657B 
  38      76B2019D 
  38      0E166260 
  38      7802
  39 00c1 76DB5326 		.ascii	"v\333S& \305|\213\261\351\003\013\303w&\220;\036\366"
  39      20C57C8B 
  39      B1E9030B 
  39      C3772690 
  39      3B1EF6
  40 00d4 7EDDCC08 		.ascii	"~\335\314\010\262\214Y\201\201q-\320\234\333\214M\217"
  40      B28C5981 
  40      81712DD0 
  40      9CDB8C4D 
  40      8F
  41 00e5 66B7BD35 		.ascii	"f\267\2755Gq\377\203#\357x\300\346\200|\360\231\211"
  41      4771FF83 
  41      23EF78C0 
  41      E6807CF0 
  41      9989
ARM GAS  /tmp/cca6x9QG.s 			page 3


  42 00f7 11DD778C 		.ascii	"\021\335w\214\353\030\331\200\226\257\007y\217\221\241"
  42      EB18D980 
  42      96AF0779 
  42      8F91A1
  43 0106 1764F0FD 		.ascii	"\027d\360\3757?&3\313\317c\234\3330C\341'\304'So\377"
  43      373F2633 
  43      CBCF639C 
  43      DB3043E1 
  43      27C42753 
  44 011c 6EE46201 		.ascii	"n\344b\001\205\350\006Fy\006\220\310\374\013\033:Y\201"
  44      85E80646 
  44      790690C8 
  44      FC0B1B3A 
  44      5981
  45 012e 228C1B19 		.ascii	"\"\214\033\031Y\200\356\001\312lbd\001\212\237j_\360"
  45      5980EE01 
  45      CA6C6264 
  45      018A9F6A 
  45      5FF0
  46 0140 8D457E21 		.ascii	"\215E~!T3+H\351\2057\307vq\2025o\006if\334\302\310\302"
  46      54332B48 
  46      E98537C7 
  46      76718235 
  46      6F066966 
  47 0158 708FB1F1 		.ascii	"p\217\261\361\300\364\347\034 G\201|\367\004d\002P\205"
  47      C0F4E71C 
  47      2047817C 
  47      F7046402 
  47      5085
  48 016a 55724666 		.ascii	"UrFfRf~q|qIbRN\252\256\241\205\236\221^\205~~\261~r"
  48      52667E71 
  48      7C714962 
  48      524EAAAE 
  48      A1859E91 
  49 0185 7E6E6E7E 		.ascii	"~nn~\236~A~QI\261\276c\220\257\263o\205~rFr~Qj|\231"
  49      9E7E417E 
  49      5149B1BE 
  49      6390AFB3 
  49      6F857E72 
  50 01a0 79AE5E06 		.ascii	"y\256^\006\003{Rbqj@Q\246;!#R+J@\006\350;\373\006{\006"
  50      037B5262 
  50      716A4051 
  50      A63B2123 
  50      522B4A40 
  51 01bb EB3B034D 		.ascii	"\353;\003M\320\367\314K\316)MI\325O\316-\316,\216OO"
  51      D0F7CC4B 
  51      CE294D49 
  51      D54FCE2D 
  51      CE2C8E4F 
  52 01d0 4E069A27 		.ascii	"N\006\232'\340\033\034\244\0002\263\240(SGA\325\200"
  52      E01B1CA4 
  52      0032B3A0 
  52      28534741 
  52      D580
  53 01e2 81A98881 		.ascii	"\201\251\210\201=757\277\250\222\001\000O\350\301\340"
  53      3D373537 
  53      BFA89201 
ARM GAS  /tmp/cca6x9QG.s 			page 4


  53      004FE8C1 
  53      E0
  54              		.text
  55              		.section	.gnu.lto_port_unlock.3f85b89ad21ccd2c,"",%progbits
  56 0000 789C6366 		.ascii	"x\234cf\300\004\242@\274\210\221\201a\005\210\303\314"
  56      C004A240 
  56      BC889181 
  56      610588C3 
  56      CC
  57 0011 C0C8C400 		.ascii	"\300\310\304\000\304\214@\001\006F\206z&\306z\306\227"
  57      C48C4001 
  57      0646867A 
  57      26C67AC6 
  57      97
  58 0022 4C1F9918 		.ascii	"L\037\231\030'\034X=\203[}iCC\303\207E\273\333\304\032"
  58      271C583D 
  58      835B7D69 
  58      4343C387 
  58      45BBDBC4 
  59 0037 A624FC04 		.ascii	"\246$\374\004*\374\314\0041\203q9\243:\003P\325\307"
  59      2AFCCC04 
  59      31837139 
  59      A33A0350 
  59      D5C7
  60 0049 96BFD7B9 		.ascii	"\226\277\327\271\331Z\200\252\004 r\214+\030\331\200"
  60      D95A80AA 
  60      0420728C 
  60      2B18D980 
  61 0059 463102E5 		.ascii	"F1\002\345V7\2348\310\303l\313\010R\267s\335\227\263"
  61      56379C38 
  61      C8C36CCB 
  61      0852B773 
  61      DD97B3
  62 006c DC2F987E 		.ascii	"\334/\230~21*\200\270\273&\235\230\301\006\3422\261"
  62      32312A80 
  62      B8BB269D 
  62      98C106E2 
  62      32B1
  63 007e 80B857A6 		.ascii	"\200\270W\246\376\234\310\246\274\260\241\241\251af"
  63      FE9CC8A6 
  63      BCB0A1A1 
  63      A96166
  64 008d C302A68E 		.ascii	"\303\002\246\216\003\377\377\333\377dbf\\\311\310\014"
  64      03FFFFDB 
  64      FF646266 
  64      5CC9C80C 
  65 009d 34947115 		.ascii	"4\224q\025\243\024\343jF)\250\363\031\3270*\257\027"
  65      A314E36A 
  65      4629A8F3 
  65      19D7302A 
  65      AF17
  66 00af 3AD0F0FF 		.ascii	":\320\360\377\377\342\345s\366\262\001\235\016\026b"
  66      FFE2E573 
  66      F6B2019D 
  66      0E1662
  67 00be 60780276 		.ascii	"`x\002v\333S& \305|\213\261\351\003\013\303w&\220;\356"
  67      DB532620 
ARM GAS  /tmp/cca6x9QG.s 			page 5


  67      C57C8BB1 
  67      E9030BC3 
  67      7726903B 
  68 00d3 3F397F91 		.ascii	"?9\177\221\003d\0313P\363Z\2409\267\031\233\036\315"
  68      03641933 
  68      50F35AA0 
  68      39B7199B 
  68      1ECD
  69 00e5 6E7B6B8E 		.ascii	"n{k\216\342\376\007K\276\363\200\315\001\371\3403\023"
  69      E2FE074B 
  69      BEF380CD 
  69      01F9E033 
  69      13
  70 00f6 23BAEF18 		.ascii	"#\272\357\030\3271\262\001\365\257\007y\217\221\241"
  70      D731B201 
  70      F5AF0779 
  70      8F91A1
  71 0105 176CF09B 		.ascii	"\027l\360\233\037\223\231\345\3471\316m\230\241\360"
  71      1F9399E5 
  71      E731CE6D 
  71      98A1F0
  72 0114 13E293A9 		.ascii	"\023\342\223\251\267\1777r\261\200Bt\003\243<\003Hd"
  72      B77F3772 
  72      B1804274 
  72      03A33C03 
  72      4864
  73 0126 FE850D9D 		.ascii	"\376\205\015\235\254@\021\306\215\214,@\367\000e61\262"
  73      AC4011C6 
  73      8D8C2C40 
  73      F7006536 
  73      31B2
  74 0138 00C54FB5 		.ascii	"\000\305O\265/\370\306\"\277\020\252\231\025\244\364"
  74      2FF8C622 
  74      BF10AA99 
  74      15A4F4
  75 0147 C29B63BB 		.ascii	"\302\233c\2738\301\2327\20343nada\270\307\330x\340\362"
  75      38C19A37 
  75      8334336E 
  75      616461B8 
  75      C7D878E0 
  76 015c 730E90A3 		.ascii	"s\016\220\243@\276{\0022\001\250\302*9#3)3\2778\276"
  76      40BE7B02 
  76      3201A8C2 
  76      2A392333 
  76      2933BF38 
  77 0171 B8243129 		.ascii	"\270$1)'U\327\320B\317H\257B?\277X?9?77?O\277 \277\250"
  77      2755D7D0 
  77      42CF48AF 
  77      423FBF58 
  77      3F393F37 
  78 018c A458DF31 		.ascii	"\244X\3371\310\327\331\267B?9#9\277(5\276\314<W/\203"
  78      C8D7D9B7 
  78      423F3923 
  78      39BF2835 
  78      BECC3C57 
  79 01a2 813D29B1 		.ascii	"\201=)\26185\240(\323\235\220\021\251\025% \003\364"
  79      3835A028 
ARM GAS  /tmp/cca6x9QG.s 			page 6


  79      D39D9011 
  79      A9152520 
  79      03F4
  80 01b4 9D7D833D 		.ascii	"\235}\203=\203\365\235\201&\350{\346%\347\224\246\244"
  80      83F59D81 
  80      26E87BE6 
  80      25E794A6 
  80      A4
  81 01c5 EA27E716 		.ascii	"\352'\347\026g\026\307\247''\003\315\023\360\015\016"
  81      6716C7A7 
  81      272703CD 
  81      13F00D0E 
  82 01d5 52009959 		.ascii	"R\000\231YP\224\251\243\240j\300\300T\304\300\236\233"
  82      5094A9A3 
  82      A06AC0C0 
  82      54C4C09E 
  82      9B
  83 01e6 9A9B5F54 		.ascii	"\232\233_T\311\000\000\214\031\302$"
  83      C900008C 
  83      19C224
  84              		.text
  85              		.section	.gnu.lto_chSysLock.3f85b89ad21ccd2c,"",%progbits
  86 0000 789C6366 		.ascii	"x\234cf\300\004\242@<\017\210\365@\034f\006F&\006 f"
  86      C004A240 
  86      3C0F88F5 
  86      401C6606 
  86      46260620 
  87 0015 64047218 		.ascii	"d\004r\030\031\352\231\030\353\031_2}db\234p`\365\014"
  87      19EA9918 
  87      EB195F32 
  87      7D64629C 
  87      7060F50C 
  88 0029 6EF5A50D 		.ascii	"n\365\245\015\015\015\037&\355\334\310\3300%\341'P\341"
  88      0D0D1F26 
  88      EDDCC8D8 
  88      3025E127 
  88      50E1
  89 003b 67268819 		.ascii	"g&\210\031\214\313\031\325\031\200\252>\266\374\275"
  89      8CCB19D5 
  89      1980AA3E 
  89      B6FCBD
  90 004a CECDD602 		.ascii	"\316\315\326\002T%\000\221c\\\301\310\0062j\275\320"
  90      54250091 
  90      635CC1C8 
  90      06326ABD 
  90      D0
  91 005b 8186FFFF 		.ascii	"\201\206\377\377\027/{\263\223\025\310}\002\326\366"
  91      172F7BB3 
  91      9315C87D 
  91      02D6F6
  92 006a 94094831 		.ascii	"\224\011H1\337al>0\375:#H!\310\204y\227\373\3261\325"
  92      DF616C3E 
  92      30FD3A23 
  92      4821C884 
  92      7997FBD6 
  93 0080 FE6EE868 		.ascii	"\376n\350h\340\370\311\304\370\231\011\250\232q%c-\303"
  93      E0F8C9C4 
ARM GAS  /tmp/cca6x9QG.s 			page 7


  93      F89909A8 
  93      9A712563 
  93      2DC3
  94 0092 4FA0E27B 		.ascii	"O\240\342{\214\215\007\346\206\203U2\200\014\001\312"
  94      8C8D07E6 
  94      86835532 
  94      800C01CA 
  95 00a2 014DD049 		.ascii	"\001M\320I\316\310L\312\314/\216/.IL\312I\3255\264\320"
  95      CEC84CCA 
  95      CC2F8E2F 
  95      2E494CCA 
  95      49D535B4 
  96 00b7 33D2ABD0 		.ascii	"3\322\253\320\317/\326/*\321\317\314K\316)MI\325O\316"
  96      CF2FD62F 
  96      2AD1CFCC 
  96      4BCE294D 
  96      49D54FCE 
  97 00cb 28AE2CD6 		.ascii	"(\256,\326\313`\000\00034D\003"
  97      CB600000 
  97      33344403 
  98              		.text
  99              		.section	.gnu.lto_chSysUnlock.3f85b89ad21ccd2c,"",%progbits
 100 0000 789C6366 		.ascii	"x\234cf\300\0042@|\210\221\201A\017\304aa`db\000bFf"
 100      C0043240 
 100      7C889181 
 100      410FC461 
 100      61606462 
 101 0018 20C9CC08 		.ascii	" \311\314\010\024f`d\250gbf\254g|\311\364\221\211q\302"
 101      14666064 
 101      A8676266 
 101      AC677CC9 
 101      F4918971 
 102 002d 81D533B8 		.ascii	"\201\3253\270\325\227644|\270\264{#c\303\224\204\237"
 102      D5973634 
 102      347CB8B4 
 102      7B2363C3 
 102      94849F
 103 0040 40F59F99 		.ascii	"@\365\237\231 F1.gTg\000\252\372\330\362\367:7[\013"
 103      2046312E 
 103      67546700 
 103      AAFAD8F2 
 103      F73A375B 
 104 0055 5095C05F 		.ascii	"P\225\300_\2304\343\012F6\240ql@\351\235\353\276\234"
 104      9834E30A 
 104      4636A071 
 104      6C40E99D 
 104      EBBE9C
 105 0068 E57EC1F4 		.ascii	"\345~\301\364\223\211Q\001\244z\327\244\0233\330@\\"
 105      93895101 
 105      A47AD7A4 
 105      1333D840 
 105      5C
 106 0079 26161077 		.ascii	"&\026\020w\376\204\237\007X\224\027644=x\367\372I\300"
 106      FE849F07 
 106      58941736 
 106      34343D78 
 106      F7FA49C0 
ARM GAS  /tmp/cca6x9QG.s 			page 8


 107 008d 8196050D 		.ascii	"\201\226\005\015\377\376\377g\374\311\304\0142\210q"
 107      FFFEFF67 
 107      FCC9C40C 
 107      328871
 108 009c 25A314E3 		.ascii	"%\243\024\343*F)\250\343\031W3*\243\350i\2309e\001S"
 108      2A4629A8 
 108      E3195733 
 108      2AA3E869 
 108      98396501 
 109 00b1 C781FFFF 		.ascii	"\307\201\377\377\355qhX\003\326p\353\310\334\311\254"
 109      ED716858 
 109      03D670EB 
 109      C8DCC9AC 
 110 00c1 181A58B0 		.ascii	"\030\032X\260iXK\252\015\353H\265a=\24320\230\326\013"
 110      69584BAA 
 110      0DEB48B5 
 110      613DA332 
 110      3098D60B 
 111 00d5 1D68F8FF 		.ascii	"\035h\370\377\377\363\273\247\235\372\367\231\200!\365"
 111      FFF3BBA7 
 111      9DFAF799 
 111      8021F5
 112 00e4 041CA84F 		.ascii	"\004\034\250O\230\200\024\363S\240M\014\314w\030\233"
 112      988014F3 
 112      53A04D0C 
 112      CC77189B 
 113 00f4 0F7CBDCE 		.ascii	"\017|\275\316\010\012IP@\315\273\334\267\216\251\366"
 113      080A4950 
 113      40CDBBDC 
 113      B78EA9F6 
 114 0104 77434703 		.ascii	"wCG\003\307O&\326\317 =\214\033\030k\031~2\2611\334"
 114      C74F26D6 
 114      CF203D8C 
 114      1B186B19 
 114      7E32B131 
 115 0119 636C3CF0 		.ascii	"cl<\360=\034\254\022l\010P\016h\216NrFfRf~q|qIbRN\252"
 115      3D1CAC12 
 115      6C08500E 
 115      688E4E72 
 115      46665266 
 116 0136 AEA1859E 		.ascii	"\256\241\205\236\221^\205~~\261~Q\211~f^rNiJ\252~rF"
 116      915E857E 
 116      7EB17E51 
 116      897E665E 
 116      724E694A 
 117 014e 7165B15E 		.ascii	"qe\261^\006\003\000\202\361\252\032"
 117      06030082 
 117      F1AA1A
 118              		.text
 119              		.section	.gnu.lto__core_init.3f85b89ad21ccd2c,"",%progbits
 120 0000 789C6366 		.ascii	"x\234cf\300\004\242@\374\232\221\201\301\002\304af`"
 120      C004A240 
 120      FC9A9181 
 120      C102C461 
 120      6660
 121 0012 64620062 		.ascii	"db\000bF\240\000\003#C=\023c=\343K\246\217L\214\023"
 121      46A00003 
ARM GAS  /tmp/cca6x9QG.s 			page 9


 121      23433D13 
 121      633DE34B 
 121      A68F4C8C 
 122 0027 0EAC9EC1 		.ascii	"\016\254\236\301\255\276\264\241\241\341\303\244\255"
 122      ADBEB4A1 
 122      A1E1C3A4 
 122      AD
 123 0034 12AD123F 		.ascii	"\022\255\022?\201\312>3AL`\\\316\250\316\000T\363\261"
 123      81CA3E33 
 123      414C605C 
 123      CEA8CE00 
 123      54F3B1
 124 0047 E5EF756E 		.ascii	"\345\357un\266\026\240\032\001\210\034\343\012F6\220"
 124      B616A01A 
 124      01881CE3 
 124      0A463690 
 125 0057 41EB850E 		.ascii	"A\353\205\0164\374\377\377xz\317N\026 \367\011X\333"
 125      34FCFFFF 
 125      787ACF4E 
 125      1620F709 
 125      58DB
 126 0069 532620C5 		.ascii	"S& \305|\213\261\351[\373\277Y1 \225@\023\346]\356["
 126      7C8BB1E9 
 126      5BFBBF59 
 126      31209540 
 126      13E65DEE 
 127 007e C754FBBB 		.ascii	"\307T\373\273\241\243\201\343'\023\343_\220B\240\350"
 127      A1A381E3 
 127      2713E35F 
 127      9042A0E8 
 128 008e FD27E72F 		.ascii	"\375'\347/r\274`\002\212\200\271+\032[\3460\316e\234"
 128      72BC6002 
 128      8A80B92B 
 128      1A5BE630 
 128      CE659C
 129 00a1 DDD80052 		.ascii	"\335\330\000R\305\304\270\222\261\226q\025\243\024X"
 129      C5C4B892 
 129      B1967115 
 129      A31458
 130 00b0 EEDF9AFE 		.ascii	"\356\337\232\376Ml\272\253\201N8 \373\223\211\231q5"
 130      4D6CBAAB 
 130      814E3820 
 130      FB938999 
 130      7135
 131 00c2 50E127B0 		.ascii	"P\341'\260}\214k\030u\321m`\371\0135\022n\003\013\026"
 131      7D8C6B18 
 131      75D16D60 
 131      F90B3512 
 131      6E030B16 
 132 00d6 1B5819D7 		.ascii	"\033X\031\327\002mX\007\265\341\356\223_\341`\375\007"
 132      026D5807 
 132      B5E1EE93 
 132      5FE160FD 
 132      07
 133 00e7 2C80CA19 		.ascii	",\200\312\031\327\003\325\001\015\337\300X\313\000\366"
 133      D703D501 
 133      0DDFC058 
ARM GAS  /tmp/cca6x9QG.s 			page 10


 133      CB00F6
 134 00f6 CBB1D9F8 		.ascii	"\313\261\331\370\375\202\356\370\215x\034\277\011\354"
 134      FD82EEF8 
 134      8D781CBF 
 134      09EC
 135 0104 78704C6C 		.ascii	"xpLl\306\352x&\254\256\335\202\333\265[!\256\335\006"
 135      C6EA7826 
 135      ACAEDD82 
 135      DBB55B21 
 135      AEDD06
 136 0117 74ED3DC6 		.ascii	"t\355=\306\306\003\023\335An\005\205\316\023\2205@\343"
 136      C60313DD 
 136      416E0585 
 136      CE139035 
 136      40E3
 137 0129 CC923332 		.ascii	"\314\22232\2232\363\213\343\213K\022\223rRu\015-\364"
 137      9332F38B 
 137      E38B4B12 
 137      93725275 
 137      0D2DF4
 138 013c 8CF42AF4 		.ascii	"\214\364*\364\363\213\365\223\363ss\363\363\200\254"
 138      F38BF593 
 138      F37373F3 
 138      F380AC
 139 014b 9CCC24FD 		.ascii	"\234\314$\375\342\242d\375\344\214\334\324\334\344\374"
 139      E2A264FD 
 139      E48CDCD4 
 139      DCE4FC
 140 015a A254BD64 		.ascii	"\242T\275d\006\000\210\310\302\257"
 140      060088C8 
 140      C2AF
 141              		.text
 142              		.section	.gnu.lto_chCoreAllocAlignedWithOffsetI.3f85b89ad21ccd2c,"",%progbits
 143 0000 789C9596 		.ascii	"x\234\225\226\177L[U\024\307\357\271\367\275\327\002"
 143      7F4C5B55 
 143      14C7EFB9 
 143      F7BDD702 
 144 0010 5D618CF9 		.ascii	"]a\214\371\007\211\321\204\020\376P`n\306\037\377\250"
 144      0789D184 
 144      10FE5060 
 144      6EC61FFF 
 144      A8
 145 0021 7FEC0F13 		.ascii	"\177\354\017\023c\342\376\360o3\232\3165\001jV\376X"
 145      63E2FEF0 
 145      6F339ACE 
 145      35016A56 
 145      FE58
 146 0033 962C7BD0 		.ascii	"\226,{\320\0167\023\177153s\262\211\306\272!\303\242"
 146      0E37137F 
 146      31353373 
 146      B289C6BA 
 146      21C3A2
 147 0046 E870B837 		.ascii	"\350p\2707\333\001\233\033\033\356\027a?D\205\351\324"
 147      DB019B1B 
 147      1BEE1761 
 147      3F4485E9 
 147      D4
ARM GAS  /tmp/cca6x9QG.s 			page 11


 148 0057 08555CA9 		.ascii	"\010U\\\251\216>\317\271\267\216RJ\\_\332\323{\317="
 148      8E3ECFB9 
 148      B78E524A 
 148      5C5FDAD3 
 148      7BCF3D
 149 006a 9FFB3DF7 		.ascii	"\237\373=\367\274w\357\253`\213\257\265\370}\326\311"
 149      BC77EFAB 
 149      608BAFB5 
 149      F87DD6C9 
 150 007a D83AEA38 		.ascii	"\330:\3528\031p\206_\020h\005\327\0313\271\206F\323"
 150      1970865F 
 150      106805D7 
 150      1933B986 
 150      46D3
 151 008c 54DBA0B6 		.ascii	"T\333\240\266\016\016\0345\244u\000 \006l\033\027\232"
 151      0E0E1C35 
 151      A4750020 
 151      066C1B17 
 151      9A
 152 009d 6E38601B 		.ascii	"n8`\033\334\340q\016\207\273fN\027\375\314\223\234\335"
 152      DCE0710E 
 152      87BB664E 
 152      17FDCC93 
 152      9CDD
 153 00af CBB0DBD7 		.ascii	"\313\260\333\3276\264\333\240.h\324m\033\350\233\326"
 153      36B4DBA0 
 153      2E68D46D 
 153      1BE89BD6 
 154 00bf AB3E30CD 		.ascii	"\253>0\315\226\351\226\376+\256\355O&9g\177r\006\037"
 154      96E996FE 
 154      2BAEED4F 
 154      2639677F 
 154      72061F
 155 00d2 423984A1 		.ascii	"B9\204\241\234f\374\010\2520\362\354\211\346\313\305"
 155      9C66FC08 
 155      AA30F2EC 
 155      89E6CBC5 
 156 00e2 E251206A 		.ascii	"\342Q jf*:\352\252\354@\312\272\0221\237\320\222\\\300"
 156      662A3AEA 
 156      AAEC40CA 
 156      BA12319F 
 156      D0925CC0 
 157 00f6 0110991C 		.ascii	"\001\020\231\034\272\030\034\204J\214\036\271\371f\012"
 157      BA181C84 
 157      4A8C1EB9 
 157      F9660A
 158 0105 C463929C 		.ascii	"\304c\222\234>\337\035\003I\216\337\210^r\231\250\247"
 158      3EDF1D03 
 158      498EDF88 
 158      5E7299A8 
 158      A7
 159 0116 416736AA 		.ascii	"Ag6\2521\370X\242\235?\365\214\011\261V\242\361T\367"
 159      31F858A2 
 159      9D3FF58C 
 159      09B156A2 
 159      F154F7
 160 0129 5587427F 		.ascii	"U\207B\177\011*T@W\016\325CPI\361\263\341\235\375\\"
ARM GAS  /tmp/cca6x9QG.s 			page 12


 160      092A5440 
 160      570ED543 
 160      5049F1B3 
 160      E19DFD5C 
 161 013d 3C25D9C1 		.ascii	"<%\331\301[7/\270+\366\023\373kp\320e\016\231\241q\333"
 161      5B372FB8 
 161      2BF613FB 
 161      6B70D065 
 161      0E99A171 
 162 0152 BE27C975 		.ascii	"\276'\311u\350^8\203\272\020\271\336\321\365\236[<-"
 162      E85E3883 
 162      BA10B9DE 
 162      D1F59E5B 
 162      3C2D
 163 0164 F1B76676 		.ascii	"\361\267fv\356*\224\270\025\306\365\206\366\231)\333"
 163      EE2A94B8 
 163      15C6F586 
 163      F69929DB 
 164 0174 06A2234B 		.ascii	"\006\242#K\320\361\320\334\245\"#d\232f\011|\002\025"
 164      D0F1D0DC 
 164      A5222364 
 164      9A66097C 
 164      0215
 165 0186 D0031573 		.ascii	"\320\003\025sx;1\026\013\372)\3361\306J1l,\266w\227"
 165      783B3116 
 165      0BFA29DE 
 165      31C64A31 
 165      6C2CB677 
 166 019b AEF2FAFD 		.ascii	"\256\362\372\375\307\211g\254\3333kl\361\264\360\031"
 166      C78967AC 
 166      DB336B6C 
 166      F1B4F019 
 167 01ab 542C60CC 		.ascii	"T,`\314\267\337\330\307wX\266\375\370\022@o\0260>\033"
 167      B7DFD8C7 
 167      7758B6FD 
 167      F812406F 
 167      16303E1B 
 168 01bf 1D706DBF 		.ascii	"\035pm\277\275\370\234\314\347\371\212|\221/pX\002\355"
 168      BDF89CCC 
 168      E7F98A7C 
 168      912F7058 
 168      02ED
 169 01d1 AF252D4D 		.ascii	"\257%-Me\225\214\236\314\310J\317\305\364e1\231\"9\201"
 169      65958C9E 
 169      CCC84ACF 
 169      C5F46531 
 169      99223981 
 170 01e5 2FF3CDEA 		.ascii	"/\363\315\352H\276@\177\276\300W\371\002G\363\005\254"
 170      48BE407F 
 170      BEC057F9 
 170      0247F305 
 170      AC
 171 01f6 ECCACE75 		.ascii	"\354\312\316u\014\377_e\217e1\326T$\234\361\204\347"
 171      0CFF5F65 
 171      8F6531D6 
 171      54249CF1 
 171      84E7
ARM GAS  /tmp/cca6x9QG.s 			page 13


 172 0208 42BE9648 		.ascii	"B\276\226Hd\352o\213\023\362\322x\252c2\343\331\315"
 172      64EA6F8B 
 172      13F2D278 
 172      AA6332E3 
 172      D9CD
 173 021a 3E402413 		.ascii	">@$\023\305M0\277\021\016\225Z\246m\367\374u\354\345"
 173      C54D30BF 
 173      110E955A 
 173      A66DF7FC 
 173      75ECE5
 174 022d 35617E17 		.ascii	"5a~\027\340\276\345\034h\317\013\240CC\2433@'c\220q"
 174      E0BEE51C 
 174      68CF0BA0 
 174      4343A333 
 174      40276390 
 175 0242 C893C489 		.ascii	"\310\223\304\211M\275\000h{\027R\263\210\206\\d\226"
 175      4DBD0068 
 175      7B1752B3 
 175      88865C64 
 175      96
 176 0253 91719329 		.ascii	"\221q\223)&S\302Hi9#\255R\212\\A\246\214DV\222al\202"
 176      2653C248 
 176      693923AD 
 176      528A5C41 
 176      A68C4456 
 177 026b B6215AFC 		.ascii	"\266!Z\374\021\223xd01\006\301\266\326\201\366\007i"
 177      11937864 
 177      303106C1 
 177      B6D681F6 
 177      0769
 178 027d 6F26B896 		.ascii	"o&\270\226\340<\201~\362\032\312\245\243\027\027\235"
 178      E03C817E 
 178      F21ACAA5 
 178      A317179D 
 179 028d 0A9EEB05 		.ascii	"\012\236\353\005:>\205\215W1\203\030.q\014Z\316\247"
 179      3A3E858D 
 179      57318318 
 179      2E710C5A 
 179      CEA7
 180 029f C3F0C309 		.ascii	"\303\360\303\011\233m\215\201\3628$kPPo\374\326~]y\235"
 180      9B6D8D81 
 180      F238246B 
 180      50506FFC 
 180      D67E5D79 
 181 02b4 38D7BBE7 		.ascii	"8\327\273\347^\351\342[\3771w\230\316$7\3468\310\223"
 181      5EE9E25B 
 181      FF317798 
 181      CE2437E6 
 181      38C893
 182 02c7 E3BB8933 		.ascii	"\343\273\2113#NR0d7\334\034z\007\366\302\236f\223\242"
 182      234E5230 
 182      6437DC1C 
 182      7A07F6C2 
 182      9E6693A2 
 183 02db 1C701CB6 		.ascii	"\034p\034\266\302\000\225\225\222\351|5bT\337G\347\320"
 183      C2009595 
 183      92E97C35 
ARM GAS  /tmp/cca6x9QG.s 			page 14


 183      6254DF47 
 183      E7D0
 184 02ed 20C6FC21 		.ascii	" \306\374!W\005CPM\031\354NgT\210b\011^@\372\327\034"
 184      57054350 
 184      4D19EC4E 
 184      67548862 
 184      095E40FA 
 185 0303 CA5584DE 		.ascii	"\312U\204\336\314\265\271\244\213g\272\226\241\227\222"
 185      CCB5B9A4 
 185      8B67BA96 
 185      A19792
 186 0312 D9937CBF 		.ascii	"\331\223|\277\200\222\321\322\313=\261p\271\356\377"
 186      8092D1D2 
 186      CB3DB170 
 186      B9EEFF
 187 0321 969BEE17 		.ascii	"\226\233\356\027K\322M!\243/\336\257|%\350\226\011\265"
 187      4BD24D21 
 187      A32FDEAF 
 187      7C25E896 
 187      09B5
 188 0333 5E6C5FA5 		.ascii	"^l_\245\\\313\245\327\241j\222z=\235V\351\2225\311."
 188      5CCBA5D7 
 188      A16A927A 
 188      3D9D56E9 
 188      9235C92E 
 189 0347 C2C9DC45 		.ascii	"\302\311\334E\370F\026A\276\005Oa\021.@\350T\260<=7"
 189      F8461641 
 189      BE054F61 
 189      112E40E8 
 189      54B03C3D 
 190 035c 8ACA0771 		.ascii	"\212\312\007q\222^\242\202\204\277\177X\015\255\270"
 190      925EA282 
 190      84BF7F58 
 190      0DADB8
 191 036b 63D9D3B9 		.ascii	"c\331\323\271e\207\347k\177F\311\016\007\017\360\364"
 191      6587E76B 
 191      7F46C90E 
 191      070FF0F4 
 192 037b E4F3BABA 		.ascii	"\344\363\272\272\322\235\356\266\327\251\261\225PU."
 192      D29DEEB6 
 192      D7A9B195 
 192      50552E
 193 038a 470C35D2 		.ascii	"G\0145\322\026\217\375 \037\217;N\350\354\242\204\016"
 193      168FFD20 
 193      1F8F3B4E 
 193      E8ECA284 
 193      0E
 194 039b E21BC7BA 		.ascii	"\342\033\307\272\233\262\032\231\317\352[\250\2464\244"
 194      9BB21A99 
 194      CFEA5BA8 
 194      A634A4
 195 03aa C4F1D54A 		.ascii	"\304\361\325J\274\014o\201\024\307\277\016b\024\232"
 195      BC0C6F81 
 195      14C7BF0E 
 195      62149A
 196 03b9 4BD80CDE 		.ascii	"K\330\014\336\312k\324H\220\332u\000\314P\377\355(\006"
 196      CA6BD448 
ARM GAS  /tmp/cca6x9QG.s 			page 15


 196      90DA7500 
 196      CC50FFED 
 196      2806
 197 03cb 96194746 		.ascii	"\226\031GF\\\270]\320\215\023>\344\331\350\253\363\371"
 197      5CB85DD0 
 197      8D133EE4 
 197      D9E8ABF3 
 197      F9
 198 03dc 03CF059A 		.ascii	"\003\317\005\232\326\327\325{\253\037x\244fu\315\346"
 198      D6D7D57B 
 198      AB1F78A4 
 198      6675CDE6 
 199 03ec 5A7FA0D6 		.ascii	"Z\177\240\326\343oh\3607b\253\336WW\033\330\344\251"
 199      E36F68F0 
 199      3762ABDE 
 199      57571BD8 
 199      E4A9
 200 03fe F56C6CF0 		.ascii	"\365ll\3606x\374\233\2745\036\246\005|[\274\372\372"
 200      3678FC9B 
 200      BC351EA6 
 200      057C5BBC 
 200      FAFA
 201 0410 7ADFF38D 		.ascii	"z\337\363\215\206\177\303\206\200\267\011^\320\032\275"
 201      867FC386 
 201      80B7095E 
 201      D01ABD
 202 041f 9B9BFE05 		.ascii	"\233\233\376\005\317o\352\207"
 202      CF6FEA87 
 203              		.text
 204              		.section	.gnu.lto_chCoreAllocAlignedWithOffset.3f85b89ad21ccd2c,"",%progbits
 205 0000 789C7552 		.ascii	"x\234uR\315k\023A\024\237\367f\263-4`\361X\004\205\020"
 205      CD6B1341 
 205      149FF766 
 205      B32D3460 
 205      F1580485 
 206 0015 7A32410F 		.ascii	"z2A\017\242\010\342\301\203\240\007\377\003i\226\324"
 206      A208E2C1 
 206      83A007FF 
 206      036996D4 
 207 0025 0692AE74 		.ascii	"\006\222\256t{\020\241tZS\321B{\210\010\236\374@\202"
 207      7B10A174 
 207      5A53D142 
 207      7B88089E 
 207      FC4082
 208 0038 D5B6494C 		.ascii	"\325\266ILT\260PXTJ-\010\006?R\332X\0026\250\247\246"
 208      54B05058 
 208      544A2D08 
 208      063F52DA 
 208      580236A8 
 209 004e 241AA398 		.ascii	"$\032\243\230\365\275m\016\332\352\300.\363f\177\037"
 209      F5BD6D0E 
 209      DAEAC02E 
 209      F3667F1F 
 210 005e EFFD76A4 		.ascii	"\357\375v\244\330\271\366\3203\211B\234\346B\023@[@"
 210      D8B9F6D0 
 210      3389429C 
 210      E6421340 
ARM GAS  /tmp/cca6x9QG.s 			page 16


 210      5B40
 211 0070 90F49600 		.ascii	"\220\364\226\000t\004b\030%\014\303\027\334Dx\232\252"
 211      74046218 
 211      250CC317 
 211      DC44789A 
 211      AA
 212 0081 BDEAF88C 		.ascii	"\275\352\370\214\015\024\373\004\225s\211\305\033:\227"
 212      0D14FB04 
 212      957389C5 
 212      1B3A97
 213 0090 A0719958 		.ascii	"\240q\231X\230\253x\272\223J\215V\236\275+z\307N6\020"
 213      98AB78BA 
 213      934A8D56 
 213      9EBD2B7A 
 213      C74E3610 
 214 00a4 451505DC 		.ascii	"E\025\005\334\203.\230\202.V\273\017\335\204|\375rd"
 214      832E9882 
 214      2E56BB0F 
 214      DD847CFD 
 214      7264
 215 00b6 75973C02 		.ascii	"u\227<\002\314\252m<_\366\372\357\022\313^\315\252\343"
 215      CCAA6D3C 
 215      5FF6FAEF 
 215      12CB5ECD 
 215      AAE3
 216 00c8 5A83EC1E 		.ascii	"Z\203\354\036\200\374\223GG\002\246\301O\350\374\267"
 216      80FC9347 
 216      4702A6C1 
 216      4FE8FCB7 
 217 00d8 EB4D90C7 		.ascii	"\353M\220\307\\f\345m\346\005\270\314\322l\262\340U"
 217      5C66E56D 
 217      E605B8CC 
 217      D26CB2E0 
 217      55
 218 00e9 E4A7C1CC 		.ascii	"\344\247\301\314v*\3154\353Rg>\345V\244<\341R7\233\231"
 218      762ACD34 
 218      EB52673E 
 218      E556A43C 
 218      E152379B 
 219 00fe 0F6D5BD4 		.ascii	"\017m[\324T\371\275K\225\220\372\207k\032\374\214\377"
 219      54F9BD4B 
 219      9590FA87 
 219      6B1AFC8C 
 219      FF
 220 010f 3E75751E 		.ascii	">uu\036\345)\227\3731\177\355\226\327w\207\271\351\344"
 220      E52997FB 
 220      317FED96 
 220      D77787B9 
 220      E9E4
 221 0121 82572DAA 		.ascii	"\202W-\252x\311q\366\322\260\220\371[ak\261]\374W\241"
 221      78C971F6 
 221      D2B090F9 
 221      5B616BB1 
 221      5DFC57A1 
 222 0135 438F2BA5 		.ascii	"C\217+\245:\341!\3708\024\312\"\013:%\314\271f7~\330"
 222      3AE121F8 
 222      3814CA22 
ARM GAS  /tmp/cca6x9QG.s 			page 17


 222      0B3A25CC 
 222      B966377E 
 223 014a C892E3A5 		.ascii	"\310\222\343\245\371\362\372\031;~[5\035\007v\346\307"
 223      F9F2FA19 
 223      3B7E5B35 
 223      1D0776E6 
 223      C7
 224 015b 0B72E063 		.ascii	"\013r\340c\225\364n[9N\256\220\2358:\215:\000'\204\300"
 224      95F46E5B 
 224      394EAE90 
 224      9D383A8D 
 224      3A002784 
 225 0170 C3D29FA3 		.ascii	"\303\322\237\243\276ipBy\004\253\210uv\024e\336\312"
 225      BE697042 
 225      7904AB88 
 225      75761465 
 225      DECA
 226 0182 225CB2AB 		.ascii	"\"\\\262\253K\300\376\334\334\3157\223)\034\372\251"
 226      4BC0FEDC 
 226      DCCD3793 
 226      291CFAA9 
 227 0192 AEA8F606 		.ascii	"\256\250\366\006z\252H=\301#\030\"\236.\212p\331\376"
 227      7AAA483D 
 227      C1231822 
 227      9E2E8A70 
 227      D9FE
 228 01a4 BA840CAD 		.ascii	"\272\204\014\255\243\266\035\334Ve=xL\340:B\035\261"
 228      A3B61DDC 
 228      56653D78 
 228      4CE03A42 
 228      1DB1
 229 01b6 8EB281ED 		.ascii	"\216\262\201\355\202\015\352\3777\340\313\365\244e\260"
 229      820DEAFF 
 229      37E0CBF5 
 229      A465B0
 230 01c5 02A389FC 		.ascii	"\002\243\211\374Z\313\300C\036n\227\204\220\3130\322"
 230      5ACBC043 
 230      1E6E9784 
 230      90CB30D2 
 231 01d5 296AA4BF 		.ascii	")j\244\277\006\320\372,x\016\216L\210CF_$\0241\255\263"
 231      06D0FA2C 
 231      780E8E4C 
 231      8843465F 
 231      241431AD 
 232 01ea D6604F28 		.ascii	"\326`O(\032\336\177\340p\340`\340B\320\264\202\206\031"
 232      1ADE7FE0 
 232      70E060E0 
 232      42D0B482 
 232      8619
 233 01fc 8B99FDB4 		.ascii	"\213\231\375\264\213FBAk\300\010\032}\261p\3140\007"
 233      8B464241 
 233      6BC0081A 
 233      7DB170CC 
 233      3007
 234 020e C2014368 		.ascii	"\302\001ChV\344b\330\323\023\215\234\353\327\315\336"
 234      56E462D8 
 234      D3138D9C 
ARM GAS  /tmp/cca6x9QG.s 			page 18


 234      EBD7CDDE 
 235 021e 5E2B3C08 		.ascii	"^+<\010\347\177\003(\026\367\373"
 235      E77F0328 
 235      16F7FB
 236              		.text
 237              		.section	.gnu.lto_chCoreGetStatusX.3f85b89ad21ccd2c,"",%progbits
 238 0000 789C9552 		.ascii	"x\234\225RMkSQ\020\235s\357{\257-]X\\\226.\204,\272"
 238      4D6B5351 
 238      109D73EF 
 238      7BAF2D5D 
 238      585C962E 
 239 0017 9024F881 		.ascii	"\220$\370\201t\247?\301\177\240\346\021h\240\361A\343"
 239      74A73FC1 
 239      7FA0E611 
 239      68A0F141 
 239      E3
 240 0028 C24DE94D 		.ascii	"\302M\351M\014\244\270P\221,*~\325\205\030\373\221\332"
 240      0CA4B850 
 240      912C2A7E 
 240      D58518FB 
 240      91DA
 241 003a A81185C2 		.ascii	"\250\021\205\302[\272)\242\202\251]T\205T-(\330\264"
 241      5BBA29A2 
 241      82A95D54 
 241      85542D28 
 241      D8B4
 242 004c 5082B4CF 		.ascii	"P\202\264\317\231\027\021IS\304\013s\23193g\3160\367"
 242      99171149 
 242      53C40B73 
 242      99393367 
 242      CE30F7
 243 005f 6ADA7B06 		.ascii	"j\332{\006\330z4\321\220\004\026A\021\033\030\200\006"
 243      D87A34D1 
 243      90041641 
 243      111B1880 
 243      06
 244 0070 18028D2B 		.ascii	"\030\002\215+\215q\254\253\015\205\347\345\255\245\336"
 244      8D71ACAB 
 244      0D85E7E5 
 244      ADA5DE
 245 007f AFAAA9E8 		.ascii	"\257\252\251\350\020q\370\342\372\313IGBX\022\326\336"
 245      1071F8E2 
 245      FACB4947 
 245      425812D6 
 245      DE
 246 0090 4DD67A06 		.ascii	"M\326z\006\357\033\223\373\321x\177\366Fq\2123\2126"
 246      EF1B93FB 
 246      D1787FF6 
 246      46718A33 
 246      8A36
 247 00a2 15E101FA 		.ascii	"\025\341\001\372QB\277\264{\210A\251\335\310\357\324"
 247      5142BFB4 
 247      7B8841A9 
 247      DDC8EFD4 
 248 00b2 7A9DBC31 		.ascii	"z\235\2741\246O*81\015\207\365\034\316}\236)\026\354"
 248      A64F2A38 
 248      310D87F5 
ARM GAS  /tmp/cca6x9QG.s 			page 19


 248      1CCE7D9E 
 248      2916EC
 249 00c5 C83D632E 		.ascii	"\310=c.\177\\Y\253\237\366\363Sf7\010\260\267\231\034"
 249      7F5C59AB 
 249      9FF6F353 
 249      663708B0 
 249      B7991C
 250 00d8 CC20C29C 		.ascii	"\314 \302\234\273\327\232\276%\234\234\277X)\235\372"
 250      BBD79ABE 
 250      259C9CBF 
 250      58299DFA 
 251 00e8 43D19D28 		.ascii	"C\321\235(\263!ezq\273r@(\306_\372\233bu\242\314\265"
 251      B321657A 
 251      71BB7240 
 251      28C65FFA 
 251      9B6275A2 
 252 00fe ABACFF53 		.ascii	"\253\254\377S\245\374\377*\363m\024#K\234\360\203\340"
 252      A5FCFF2A 
 252      F36D1423 
 252      4B9CF083 
 252      E0
 253 010f E43E8447 		.ascii	"\344>\204G\210\314\037\364M\020l~i\024\216\315\251."
 253      88CC1FF4 
 253      4D106C7E 
 253      69148ECD 
 253      A92E
 254 0121 104FA3F8 		.ascii	"\020O\243\370\262\264x\226x\266\\\016\311\376\250.\273"
 254      B2B47896 
 254      78B65C0E 
 254      C9FEA82E 
 254      BB
 255 0132 A63571F5 		.ascii	"\2465q\365\012r\325\205\357o\272d\365\333\374$\012w"
 255      0A72D585 
 255      EF6FBA64 
 255      F5DBFC24 
 255      0A77
 256 0144 DE5E29AB 		.ascii	"\336^)\253\261\237f\302t7\225\275#\265\214~\250\277"
 256      B19F66C2 
 256      743795BD 
 256      23B58C7E 
 256      A8BF
 257 0156 7ADD2DCF 		.ascii	"z\335-\317l\207a)\233\277\205\333\270\2315R\345`\001"
 257      6C876129 
 257      9BBF85DB 
 257      B8993552 
 257      E56001
 258 0169 63A8C848 		.ascii	"c\250\310H\234\333\235\275Zq\242\207Y\031\217\271\246"
 258      9CDB9DBD 
 258      5A71A287 
 258      59198FB9 
 258      A6
 259 017a 11AAE109 		.ascii	"\021\252\341\011\242\304b\313\205oVKK\261\234 \325O"
 259      A2C462CB 
 259      856F564B 
 259      4BB19C20 
 259      D54F
 260 018c C75B80DE 		.ascii	"\307[\200\336W\274]\355ig\265j\250\026~\330g\355j\026"
ARM GAS  /tmp/cca6x9QG.s 			page 20


 260      57BC5DED 
 260      6967B56A 
 260      A8167ED8 
 260      67ED6A16 
 261 01a0 F767E452 		.ascii	"\367g\344R\321i\305v8\200%E\253\205\201\026&p\270\030"
 261      D169C576 
 261      38802545 
 261      AB858116 
 261      2670B818 
 262 01b4 FEF97A19 		.ascii	"\376\371z\031\331>\332\342n\253\300\3574\311\352\270"
 262      D93EDAE2 
 262      6EABC0EF 
 262      34C9EAB8 
 263 01c4 3D4F75C2 		.ascii	"=Ou\302\035N%R^\346L\346\302\271\304H2zd(v4v1\356e\342"
 263      1D4E2552 
 263      5EE64CE6 
 263      C2B9C448 
 263      327A6428 
 264 01df AE974E7B 		.ascii	"\256\227N{\347\331\033I%\342\231Q7\356\016\247\223i"
 264      E7D91B49 
 264      25E29951 
 264      37EE0EA7 
 264      9369
 265 01f1 D71B4DC6 		.ascii	"\327\033M\306\\\372\005\201a\032\340"
 265      5CFA0581 
 265      611AE0
 266              		.text
 267              		.section	.gnu.lto_.symbol_nodes.3f85b89ad21ccd2c,"",%progbits
 268 0000 789C55CA 		.ascii	"x\234U\3121\012\302@\024\204\341y\363\\M\300\302+y\262"
 268      310AC240 
 268      1484E179 
 268      F35C4DC0 
 268      C22B79B2 
 269 0014 69ED4C23 		.ascii	"i\355L#\304\304\204@\016\241\275\255\244L-x\217\340"
 269      C4C48440 
 269      0EA1BDAD 
 269      A44C2D78 
 269      8FE0
 270 0026 122364A7 		.ascii	"\022#d\247\371\340g\034\300\013\313x6\001\305\000H\270"
 270      F9E0671C 
 270      C00BCB78 
 270      3601C500 
 270      48B8
 271 0038 74A73D58 		.ascii	"t\247=X\230,-w\023\323\3620yZ\256\324\346_\306.C(\211"
 271      982C2D77 
 271      13D3F230 
 271      795AAED4 
 271      E65FC62E 
 272 004f 9E426868 		.ascii	"\236Bhh\207HKFXQa}cMm\223p\243v\353\340\004\372\367"
 272      87484B46 
 272      5851617D 
 272      634D6D93 
 272      70A376EB 
 273 0067 7474B79F 		.ascii	"tt\267\2379\0273<g\035\237(\276\220\223<\210"
 273      3917333C 
 273      671D9F28 
 273      BE90933C 
ARM GAS  /tmp/cca6x9QG.s 			page 21


 273      88
 274              		.text
 275              		.section	.gnu.lto_.refs.3f85b89ad21ccd2c,"",%progbits
 276 0000 789C25C1 		.ascii	"x\234%\301A\016@P\024\004\301\236\371\257\021\013\221"
 276      410E4050 
 276      1404C19E 
 276      F9AF110B 
 276      91
 277 0011 3883FB5F 		.ascii	"8\203\373_\321B\325\002^~31\335\022\333\275s\240x\341"
 277      D142D502 
 277      5E7E3331 
 277      DD12DBBD 
 277      73A078E1 
 278 0025 1D9F9E18 		.ascii	"\035\237\236\030\\|\022\026\000\305"
 278      5C7C1216 
 278      00C5
 279              		.text
 280              		.section	.gnu.lto_.decls.3f85b89ad21ccd2c,"",%progbits
 281 0000 789CAD5A 		.ascii	"x\234\255ZyP\024Y\232\257\227\257\240\016J\350m{\235"
 281      79501459 
 281      9AAF97AF 
 281      A00E4AE8 
 281      6D7B9D
 282 0013 0E776656 		.ascii	"\016wfV\351\030\267w\243\025\217>\354\215\215\235\356"
 282      E918B777 
 282      A3158F3E 
 282      EC8D8D9D 
 282      EE
 283 0024 753ABA7B 		.ascii	"u:\272{f\373\3301&fv'6\252\021Ja\233k\252\312Vw\376"
 283      66FBD831 
 283      26667627 
 283      36AA114A 
 283      619B6BAA 
 284 003c D844C40B 		.ascii	"\330D\304\013\025\274\001EJ\001\345\222Ch\345\006\025"
 284      15BC0145 
 284      4A01E592 
 284      4368E506 
 284      15
 285 004d 10E4105A 		.ascii	"\020\344\020ZD\021\225\022<8\004AP\274\200\375\336{"
 285      44119512 
 285      3C380441 
 285      50BC80FD 
 285      DE7B
 286 005f 5999499A 		.ascii	"Y\231I\232e\273\033\223\021\037\225_\276\337\373\276"
 286      65BB1B93 
 286      111F955F 
 286      BEDFFBBE 
 287 006f EF7DDFF7 		.ascii	"\357}\337\367\336\373^&X\243\321\034\3444\232)\270F"
 287      DEFB5E26 
 287      58A3D11C 
 287      E4349A29 
 287      B846
 288 0081 FE4EA3E9 		.ascii	"\376N\243\351\364\324h\014\360\354k\215t\351\201\262"
 288      F4D4680C 
 288      F0EC6B8D 
 288      74E981B2 
 289 0091 817280F2 		.ascii	"\201r\200\362\200N\000\025\002U\002\235\006\252\006"
ARM GAS  /tmp/cca6x9QG.s 			page 22


 289      804E0015 
 289      0255029D 
 289      06AA06
 290 00a0 C2405781 		.ascii	"\302@W\201\256\003ui\246_\244\257\247 \323\033\310\004"
 290      AE037569 
 290      A65FA4AF 
 290      A720D31B 
 290      C804
 291 00b2 74076818 		.ascii	"t\007h\030\350\241\200\341\004\3343\315\213W\316+\366"
 291      E8A180E1 
 291      04DC33CD 
 291      8B57CE2B 
 291      F6
 292 00c3 CF71D33F 		.ascii	"\317q\323?O\260\217\364\177\016\224!\353\223'\350U^"
 292      4FB08FF4 
 292      7F0E9421 
 292      EB9327E8 
 292      555E
 293 00d5 648C3A85 		.ascii	"d\214:\205\316F\244\321\314U\221qB\320\015\315\232\233"
 293      CE46A4D1 
 293      CC559171 
 293      42D00DCD 
 293      9A9B
 294 00e7 68BA9C42 		.ascii	"h\272\234B\231\355\335\320v\005~[\200z\340\276S\350"
 294      99EDDDD0 
 294      76057E5B 
 294      807AE0BE 
 294      53E8
 295 00f9 7F09A84D 		.ascii	"\177\011\250M\350_\250y\271/\211\317\3652\233\276\002"
 295      E85FA879 
 295      B92F89CF 
 295      F5329BBE 
 295      02
 296 010a 2A02FA4C 		.ascii	"*\002\372L\220\353\322\241\224[)\310\035@L\366=\205"
 296      90EBD2A1 
 296      945B29C8 
 296      1D404CF6 
 296      3D85
 297 011c 9D248E06 		.ascii	"\235$\216\0067r]\343\035\204>\345\002^+\364\311\023"
 297      37725DE3 
 297      1D843EE5 
 297      025E2BF4 
 297      C913
 298 012e 649F10F4 		.ascii	"d\237\020\364\014)\344V\013~t\311-\022\354\374\265\302"
 298      0C29E456 
 298      0B7E74C9 
 298      2D12ECFC 
 298      B5C2
 299 0140 D636C15E 		.ascii	"\3266\301^$\364\341\004\037\334W\310\033\341Pq\316X"
 299      24F4E104 
 299      1FDC57C8 
 299      1BE15071 
 299      CE58
 300 0152 93572F87 		.ascii	"\223W/\207\274\215s\010[\262\253.\336\023X\223QK\330"
 300      BC8D7308 
 300      5BB2AB2E 
 300      DE135893 
ARM GAS  /tmp/cca6x9QG.s 			page 23


 300      514BD8
 301 0165 D267DD6D 		.ascii	"\322g\335m\332\237\354\345\341\212\213\342_\323\242"
 301      DA9FECE5 
 301      E18A8BE2 
 301      5FD3A2
 302 0174 AF67A163 		.ascii	"\257g\241ch6JG\263Az\006\372\011\374\375\243\226I\272"
 302      68364A47 
 302      B3417A06 
 302      FA09FCFD 
 302      A39649BA 
 303 0188 D536C21B 		.ascii	"\3256\302\0331\207\310}J\374\3156\343;\231\320m3_\345"
 303      3187C87D 
 303      4AFCCD36 
 303      E33B99D0 
 303      6D335FE5 
 304 019c 4492BA1B 		.ascii	"D\222\272\033\267{jMs\016\361U\216\341\254\266;\337"
 304      B77B6A4D 
 304      730EF155 
 304      8EE1ACB6 
 304      3BDF
 305 01ae EC8AE253 		.ascii	"\354\212\342Sy\347\324\324\337\362z\"\015e\"\214\262"
 305      79E7D4D4 
 305      DFF27A22 
 305      0D65228C 
 305      B2
 306 01bf D03B044C 		.ascii	"\320;\004L\356i/\224\215\346@\317C-\327\373\264\370"
 306      EE692F94 
 306      8DE640CF 
 306      432DD7FB 
 306      B4F8
 307 01d1 4B2ABE3D 		.ascii	"K*\276=\2714\335\223Jq\\-\010\254\332\300?\237\232\212"
 307      B934DD93 
 307      4A715C2D 
 307      08ACDAC0 
 307      3F9F9A8A 
 308 01e5 E2396A11 		.ascii	"\3429j\021:.\223q\334%#\207\3128\235xl\277\001\377\007"
 308      3A2E9371 
 308      DC252387 
 308      CA389D78 
 308      6CBF01FF 
 309 01fa 95915A74 		.ascii	"\225\221Zt{1\025\221\327\230\362\200K\340\035\353\371"
 309      7B311591 
 309      D798F280 
 309      4BE01DEB 
 309      F9
 310 020b C9A929F4 		.ascii	"\311\251)\364\021\225\221+\223\221\353\222\221Ge\234"
 310      1195912B 
 310      9391EB92 
 310      9147659C 
 311 021b BCBA33C1 		.ascii	"\274\2723\301\204w\"*\244llk\24673\344z\226g\035_55"
 311      8477222A 
 311      A46C6C6B 
 311      A63733E4 
 311      7A96671D 
 312 0232 55C9CFA1 		.ascii	"U\311\317\241\"\362e\"\362]\"NP\021I\307\366\264iq\022"
 312      22F26522 
 312      F25D224E 
ARM GAS  /tmp/cca6x9QG.s 			page 24


 312      501149C7 
 312      F6B46971 
 313 0247 13B1B935 		.ascii	"\023\261\2715\341\270\001D8\034\303W\322\372\027\212"
 313      E1B80144 
 313      381CC357 
 313      D2FA178A 
 314 0257 86B0C114 		.ascii	"\206\260\301\024\310\244\024\270\244\024R)eG\363=p\027"
 314      C8A414B8 
 314      A4145229 
 314      6547F33D 
 314      7017
 315 0269 131279B4 		.ascii	"\023\022y\264t\233\016\302\366\231\221z\271\353\300"
 315      749B0EC2 
 315      F699917A 
 315      B9EBC0
 316 0278 93540365 		.ascii	"\223T\003e\311J\344\003\217\270k\303\033K\264\3108o"
 316      C94AE403 
 316      8FB86BC3 
 316      1B4BB4C8 
 316      386F
 317 028a 33CFAF27 		.ascii	"3\317\257'\2614|\246\021#\211\212\321<\300RE\350$<<"
 317      B1347CA6 
 317      1123898A 
 317      D13CC052 
 317      45E8243C 
 318 029f 050F5321 		.ascii	"\005\017S!x\303\315\233\006\326\255\347?BE\310\210\276"
 318      78C3CD9B 
 318      06D6ADE7 
 318      3F4245C8 
 318      88BE
 319 02b1 174DA16A 		.ascii	"\027M\241j\204\200\216\304$\356AZH0\212\371#\315\232"
 319      84808EC4 
 319      24EE415A 
 319      48308AF9 
 319      23CD9A
 320 02c4 D6BC6B0F 		.ascii	"\326\274k\017t\364\031\010-A\364Y\365\236\312\207\234"
 320      74F41908 
 320      2D41F459 
 320      F59ECA87 
 320      9C
 321 02d5 882B650F 		.ascii	"\210+e\017o\035\332v\312 O\257\257L\262\364*\247\351"
 321      6F1DDA76 
 321      CA204FAF 
 321      AF4CB2F4 
 321      2AA7E9
 322 02e8 558684FC 		.ascii	"U\206\204\374\032-(x\256\305\347X\202\265W\024|\016"
 322      1A2D2878 
 322      AEC5E758 
 322      82B55714 
 322      7C0E
 323 02fa 4E7382D3 		.ascii	"Ns\202\323\242\237.\2259\015:\241\012\231\323*\\N\253"
 323      A29F2E95 
 323      390D3AA1 
 323      0A99D32A 
 323      5C4EAB
 324 030d A44E6BF8 		.ascii	"\244Nk\370\376D\2757\276\315\204\214\3578\365\237T\210"
 324      FE44BD37 
ARM GAS  /tmp/cca6x9QG.s 			page 25


 324      BECD848C 
 324      EF38F59F 
 324      5488
 325 031f 233B8D05 		.ascii	"#;\215\005\357\227\264\177\225\254\177\225\253\377i"
 325      EF97B47F 
 325      95AC7F95 
 325      ABFF69
 326 032e DABFB2AB 		.ascii	"\332\277\262\253(\022\313-&\243\221L>3mF4V\037\311\364"
 326      2812CB2D 
 326      26A3914C 
 326      3E336D46 
 326      34561FC9 
 327 0343 C6EB3155 		.ascii	"\306\3531UV\274\261\366\240\211\306\331y!\272\326\304"
 327      56BCB1F6 
 327      A089C6D9 
 327      7921BAD6 
 327      C4
 328 0354 337DB40B 		.ascii	"3}\264\013:+Sx\326\245\260\232*<\221\222v\322@\347\347"
 328      3A2B5378 
 328      D6A5B09A 
 328      2A3C9192 
 328      76D240E7 
 329 0369 47346BF7 		.ascii	"G4k\367\356\313\366\240\363SOX\276\251\253\301\003\357"
 329      EECBF6A0 
 329      F3534F58 
 329      BEA9ABC1 
 329      03EF
 330 037b 661AF6B7 		.ascii	"f\032\366\267^9\005i\305\230\255\235\031\215:\234\206"
 330      5E390569 
 330      C598AD9D 
 330      198D3A9C 
 330      86
 331 038c A7A5C72C 		.ascii	"\247\245\307,\226\036;\032\022Oc\312N\221fnW\317X\032"
 331      961E3B1A 
 331      124F63CA 
 331      4E91666E 
 331      57CF581A 
 332 03a0 72E5C6F0 		.ascii	"r\345\306\360.\036\277\251A\357\314F\177\017\231\321"
 332      2E1EBFA9 
 332      41EFCC46 
 332      7F0F99D1 
 333 03b0 0499314B 		.ascii	"\004\2311K\310\214\3630\314\006Wft\035\217\375)\317"
 333      C88CF330 
 333      CC065766 
 333      741D8FFD 
 333      29CF
 334 03c2 6B51238C 		.ascii	"kQ#\214\277^\312\214Ybfp\316\313i\377\246.\364\202;"
 334      BF5ECA8C 
 334      59626670 
 334      CECB69FF 
 334      A62EF482 
 335 03d7 A199F979 		.ascii	"\241\231\371y\377N\322\255\031\204\326IBA\207\230o\265"
 335      FF4ED2AD 
 335      1984D649 
 335      42418798 
 335      6FB5
 336 03e9 0903A51E 		.ascii	"\011\003\245\036\246\255b\026S\254\024\200\026dr\255"
ARM GAS  /tmp/cca6x9QG.s 			page 26


 336      A6AD6216 
 336      53AC1480 
 336      166472AD 
 337 03f9 34B995B9 		.ascii	"4\271\225\271\034\356\327\262I6\221\266\007\341\007"
 337      1CEED7B2 
 337      493691B6 
 337      07E107
 338 0408 94D19655 		.ascii	"\224\321\226U\357+\362D3}}\347\355\244qt\360\037i5\250"
 338      EF2BF244 
 338      337D7DE7 
 338      EDA47174 
 338      F01F6935 
 339 041d 0664D452 		.ascii	"\006d\324R\031\027\321L\242\031\265\203\231\227\220"
 339      1917D14C 
 339      A219B583 
 339      999790
 340 042c 2F6A43BE 		.ascii	"/jC\276T\273\003\224\016?)\030\233q\360\004_\265\001"
 340      54BB0394 
 340      0E3F2918 
 340      9B71F004 
 340      5FB501
 341 043f 135DE807 		.ascii	"\023]\350\007\260\222\340\305\251\3646\221p\214\310"
 341      B092E0C5 
 341      A9F43691 
 341      708CC8
 342 044e A1784771 		.ascii	"\241xGq\212g\335B\012mU\205\376\003A\222\301;\217\247"
 342      8A67DD42 
 342      0A6D5585 
 342      FE034192 
 342      C13B8FA7 
 343 0462 78F28820 		.ascii	"x\362\210 4\256\\\020]y\271~s\272\001\315\233Iq\025"
 343      34AE5C10 
 343      5D79B97E 
 343      73BA01CD 
 343      9B497115 
 344 0476 017A7405 		.ascii	"\001zt\005\344\234\223\034D:\321Km@\3502\214\303\335"
 344      E49C931C 
 344      443AD14B 
 344      6D40E832 
 344      8CC3DD
 345 0489 98C037CF 		.ascii	"\230\3007\317Z\263Z\214\270\320\203\245My\311\260\351"
 345      5AB35A8C 
 345      B8D083A5 
 345      4D79C9B0 
 345      E9
 346 049a ADC37435 		.ascii	"\255\303t5\252\2711#\222L,\236\314\013\252\262\203\251"
 346      AAB93123 
 346      924C2C9E 
 346      CC0BAAB2 
 346      83A9
 347 04ac 94F9AA83 		.ascii	"\224\371\252\203e+\272\212\336\202\336\347\033G\013"
 347      652BBA8A 
 347      DE82DEE7 
 347      1B470B
 348 04bb B8D7E3A8 		.ascii	"\270\327\343\250\021<\254\203$8\264\271\023\275.F\260"
 348      113CAC83 
 348      2438B4B9 
ARM GAS  /tmp/cca6x9QG.s 			page 27


 348      13BD2E46 
 348      B0
 349 04cc F9F4E983 		.ascii	"\371\364\351\203\010W2}\333\363kZ1\350s\362\316\254"
 349      0857327D 
 349      DBF36B5A 
 349      31E873F2 
 349      CEAC
 350 04de B3BF76C4 		.ascii	"\263\277v\304\363t7 xt\3155\021\204\033t\235\352p\\"
 350      F3743720 
 350      7874CD35 
 350      11841B74 
 350      9DEA705C 
 351 04f2 1B7BE48D 		.ascii	"\033{\344\215\233X\367\007\265\345\017\021\355\356\310"
 351      9B58F707 
 351      B5E50F11 
 351      EDEEC8
 352 0501 4EE1E7C8 		.ascii	"N\341\347\310\273\337pu\027nP\027\355^Y\361\270\326"
 352      BBDF7075 
 352      176E5017 
 352      ED5E59F1 
 352      B8D6
 353 0513 88AFB2EE 		.ascii	"\210\257\262\356\3336;\353\215\270\307c\332$\231;}\015"
 353      DB363BEB 
 353      8DB8C763 
 353      DA24993B 
 353      7D0D
 354 0525 9D2BADA1 		.ascii	"\235+\255\241\005O\222\317\"4\317(L\200\356\317\242"
 354      054F92CF 
 354      2234CF28 
 354      4C80EECF 
 354      A2
 355 0536 20576F43 		.ascii	" WoC\376\335\224B1WHU\325u\366\026x\177\256\220\370"
 355      FEDD9442 
 355      31574855 
 355      D575F616 
 355      787FAE90 
 356 054b DDF0B007 		.ascii	"\335\360\260\007\036\202\334\204\315\3749/wk\363]\225"
 356      1E82DC84 
 356      CDFC392F 
 356      776BF35D 
 356      95
 357 055c 3EC26471 		.ascii	">\302dq\254 \223\345\016\030\340\224\014\270\355\232"
 357      AC2093E5 
 357      0E18E094 
 357      0CB8ED9A 
 358 056c 2CA401C6 		.ascii	",\244\001\306Q\227\225\364\015\036\242C\324\366\034"
 358      519795F4 
 358      0D1EA243 
 358      D4F61C
 359 057b CC3BE983 		.ascii	"\314;\351\203\346\315\236M\207\260\031:\337\203\316"
 359      E6CD9E4D 
 359      87B0193A 
 359      DF83CE
 360 058a BD82A7D8 		.ascii	"\275\202\247\330\025\017\317\037\377\2224\300\255\236"
 360      150FCF1F 
 360      FF9234C0 
 360      AD9E
ARM GAS  /tmp/cca6x9QG.s 			page 28


 361 0598 FEAA4CE1 		.ascii	"\376\252L\341>\260\2124i\320\000\330\324O\307\201\032"
 361      3EB08A34 
 361      69D000D8 
 361      D44FC781 
 361      1A
 362 05a9 BA1F8F9A 		.ascii	"\272\037\217\232\350Z\365\032a\023/\337\036\303t\255"
 362      E85AF51A 
 362      61132FDF 
 362      1EC374AD 
 363 05b9 E208FBF0 		.ascii	"\342\010\373\360@\377|\343fa\345\204\211k\222\317\333"
 363      40FF7CE3 
 363      6661E584 
 363      896B92CF 
 363      DB
 364 05ca FB54D6DB 		.ascii	"\373T\326\333T8`wwT-\021\362\310A\362\210\2309\010\340"
 364      54386077 
 364      77542D11 
 364      F2C841F2 
 364      88983908 
 365 05df 210A1E26 		.ascii	"!\012\036&\331\304\272P\206\004\257\352\370E\035U\275"
 365      D9C4BA50 
 365      8604AFEA 
 365      F8451D55 
 365      BD
 366 05f0 94AEEC29 		.ascii	"\224\256\354)\316\001DU\353\010\273+\272\250\310\233"
 366      CE014455 
 366      EB08BB2B 
 366      BAA8C89B 
 367 0600 B29E84ED 		.ascii	"\262\236\204\355\2701U\250uk\312\230\313\224Q6\252\211"
 367      B83155A8 
 367      756BCA98 
 367      CB945136 
 367      AA89
 368 0612 C12D8766 		.ascii	"\301-\207f\310\223\232\0303\002\360\007\024\376\220"
 368      C8939A18 
 368      3302F007 
 368      14FE90
 369 0621 1A33C68C 		.ascii	"\0323\306\214yH\215\331~(\323\301\366\272;\342\236x"
 369      79488DD9 
 369      7E28D3C1 
 369      F6BA3BE2 
 369      9E78
 370 0633 A9B0A0D5 		.ascii	"\251\260\240\325\323m%5N\367\215G\256\255n\322\031\313"
 370      D36D2535 
 370      4EF78D47 
 370      AEAD6ED2 
 370      19CB
 371 0645 1BF028CB 		.ascii	"\033\360(\313\313\303}\035\261F\034\351I\231\301s\223"
 371      CBC37D1D 
 371      B1461CE9 
 371      4999C173 
 371      93
 372 0656 051E201A 		.ascii	"\005\036 \032=\241A#ON\225\017{\260\212*\271\330\371"
 372      3DA14123 
 372      4F4E950F 
 372      7BB08A2A 
 372      B9D8F9
ARM GAS  /tmp/cca6x9QG.s 			page 29


 373 0669 CF83646D 		.ascii	"\317\203dm\"\365\020\212\3340\227\310E\217]\271\201"
 373      22F5108A 
 373      DC3097C8 
 373      458F5DB9 
 373      81
 374 067a 9E827CC2 		.ascii	"\236\202|\302\262\364xF\367\227\334G-\231^\362\365\224"
 374      B2F47846 
 374      F797DC47 
 374      2D995EF2 
 374      F594
 375 068c 541D9261 		.ascii	"T\035\222a\317\331zJ~\001\234V5\036\303Q/;\350\2402"
 375      CFD97A4A 
 375      7E019C56 
 375      351EC351 
 375      2F3BE8A0 
 376 06a1 8BB63ED3 		.ascii	"\213\266>\323S\277\376\212\260\031'\216\017q\3702\263"
 376      53BFFE8A 
 376      B019278E 
 376      0F71F832 
 376      B3
 377 06b2 B427B9E1 		.ascii	"\264'\271\341\216\017v2fh\323\376K\260\0303&\261\276"
 377      8E0F7632 
 377      6668D3FE 
 377      4BB01833 
 377      26B1BE
 378 06c5 D3073F65 		.ascii	"\323\007?e\367wRr\216x\343\030\035e\006\236\356\210"
 378      F7775272 
 378      8E78E318 
 378      1D65069E 
 378      EE88
 379 06d7 D3E338C6 		.ascii	"\323\3438\306\034\311}<b\302{\031\323\036;\320f\302"
 379      1CC97D3C 
 379      62C27B19 
 379      D31E3BD0 
 379      66C2
 380 06e9 0728C33D 		.ascii	"\007(\303=\356;\322\340\343n\272l\346\334L\227\206r"
 380      EE3BD2E0 
 380      E36EBA6C 
 380      E6DC4C97 
 380      8672
 381 06fb 87A99C87 		.ascii	"\207\251\234\207\214\336\304\031\321FN\234/wd\233KK"
 381      8CDEC419 
 381      D1464E9C 
 381      2F77649B 
 381      4B4B
 382 070d E2181466 		.ascii	"\342\030\024f}Lg\372\355g\303\006<\304\230-\307k\022"
 382      7D4C67FA 
 382      ED67C306 
 382      3CC4982D 
 382      C76B12
 383 0720 587E3968 		.ascii	"X~9h\012\365\324\354\275\342CG\036H\330\270cU\265^\370"
 383      0AF5D4EC 
 383      BDE24347 
 383      1E48D8B8 
 383      6355B55E 
 384 0735 19C3FEF0 		.ascii	"\031\303\376\360\240\230\327\341Mzj\354\330\321\256"
 384      A098D7E1 
ARM GAS  /tmp/cca6x9QG.s 			page 30


 384      4D7A6AEC 
 384      D8D1AE
 385 0744 12139A67 		.ascii	"\022\023\232g\2426\244\267\026z'\023\033\3428\023\332"
 385      A236A4B7 
 385      167A2713 
 385      1BE23813 
 385      DA
 386 0755 21D9F095 		.ascii	"!\331\360\225\211\231 \013\203,=P,\214\011*#\006&\271"
 386      8999200B 
 386      832C3D50 
 386      2C8C092A 
 386      230626B9 
 387 0769 9451B0C3 		.ascii	"\224Q\260\303\023\237\243\012PWK\334\003\035n`LT\323"
 387      139FA30A 
 387      50574BDC 
 387      031D6E60 
 387      4C54D3
 388 077c 85182DBE 		.ascii	"\205\030-\276 0\303G\357q\370\"c\016>\352\0365\341\313"
 388      2030C347 
 388      EF71F822 
 388      630E3EEA 
 388      1E35E1CB 
 389 0790 8C714D54 		.ascii	"\214qMT\023\233\250\321\265u#\030w\262\266\341\242\223"
 389      139BA8D1 
 389      B5752318 
 389      77B2B6E1 
 389      A293
 390 07a2 E7F5B88B 		.ascii	"\347\365\270\2131\011\343\215\265l\230o\322~'\207su"
 390      3109E38D 
 390      B56C986F 
 390      D27E2787 
 390      7375
 391 07b4 B887B5F5 		.ascii	"\270\207\265\365\305\357M\362\302w\031\343:F\230\330"
 391      C5EF4DF2 
 391      C27719E3 
 391      3A4698D8 
 392 07c4 31E2C2F9 		.ascii	"1\342\302\371\0071\010\017\260\266#\203"
 392      0731080F 
 392      B0B62383 
 393 07d0 3BA172BF 		.ascii	";\241r\277\317\230\364\356\346]3(\360mZ>\306wT\350\360"
 393      CF98F4EE 
 393      E65D3328 
 393      F06D5A3E 
 393      C67754E8 
 394 07e5 286BBBFD 		.ascii	"(k\273\375\274)\006\343qa\\\343]gt\024\270\220\326\224"
 394      BC2906E3 
 394      71615CE3 
 394      5D677414 
 394      B890D694 
 395 07f9 83393F18 		.ascii	"\2039?\030\3613\3266~&\261\304\023O1\3065\365Ml\352"
 395      F133D636 
 395      7E26B1C4 
 395      134F31C6 
 395      35F54D6C 
 396 080e 6F2F3A5C 		.ascii	"o/:\\\346\203\243\014\264\355\021_\273\325\007ob\214"
 396      E683A30C 
 396      B4ED115F 
ARM GAS  /tmp/cca6x9QG.s 			page 31


 396      BBD5076F 
 396      628C
 397 0820 AB9432B1 		.ascii	"\253\2242\261Rj\353\350\206\323&\274\225\265\335/\257"
 397      526AEBE8 
 397      86D326BC 
 397      95B5DD2F 
 397      AF
 398 0831 4FF2C1DB 		.ascii	"O\362\301\333\031S\234\037\367\204-\027\237\021\266"
 398      19539C1F 
 398      F7842D17 
 398      9F11B6
 399 0840 77A4B7DD 		.ascii	"w\244\267\335\033\307\261\266\335\375U\335\336x7c\356"
 399      1BC7B1B6 
 399      DDFD55DD 
 399      DE783763 
 399      EE
 400 0851 56DCE339 		.ascii	"V\334\3439\012\374\232\016\264\262'\312\204\367\261"
 400      0AFC9A0E 
 400      B4B227CA 
 400      84F7B1
 401 0860 B6CEB88D 		.ascii	"\266\316\270\215\351\006\234\300\230\315e{\2162\325"
 401      E9069CC0 
 401      98CD657B 
 401      8E32D5
 402 086f 7F206CF6 		.ascii	"\177 l\366\341\204\223\006\234\304\332\206\352\263\273"
 402      E1849306 
 402      9CC4DA86 
 402      EAB3BB
 403 087e 397C9831 		.ascii	"9|\2301y\225Y[\030\360\033`\377\246!\272}\300\204|\311"
 403      7995595B 
 403      18F01B60 
 403      FFA621BA 
 403      7DC0847C 
 404 0893 35D357E5 		.ascii	"5\323W\345\232Gk\222\254\311\3667\240\004>\203h^\355"
 404      9A476B92 
 404      ACC9F637 
 404      A0043E83 
 404      685EED
 405 08a6 85BC2AE1 		.ascii	"\205\274*\341du\306>N,4hI\322\230EJ\022\002MRB\017r"
 405      6475C63E 
 405      4E2C3468 
 405      49D29845 
 405      4A12024D 
 406 08be 8AF2E5BA 		.ascii	"\212\362\345\272\210\315Pb\323\225\330>\021\233\253"
 406      88CD5062 
 406      D395D83E 
 406      119BAB
 407 08cd C4E628B1 		.ascii	"\304\346(\261M\"\366\220\022\233,\231\273SXtI9\023\303"
 407      4D22F690 
 407      129B2C99 
 407      BB535874 
 407      493913C3 
 408 08e1 CD46DBA0 		.ascii	"\315F\333\240\011m\027:\220B\344\002\314\214\263\234"
 408      096D173A 
 408      9042E402 
 408      CC8CB39C 
 409 08f1 2F2A073A 		.ascii	"/*\007:\007\324\014\364=P=P\035P%P\025\320I\240b\240"
ARM GAS  /tmp/cca6x9QG.s 			page 32


 409      07D40CF4 
 409      3D503D50 
 409      1D502550 
 409      15D049A0 
 410 0907 06A046A0 		.ascii	"\006\240F\2403@\025@\347\201\252\201N\001\325\002\225"
 410      33401540 
 410      E781AA81 
 410      4E01D502 
 410      95
 411 0918 01950215 		.ascii	"\001\225\002\025\001\325\000\235\006j\342\244\362\317"
 411      01D5009D 
 411      066AE2A4 
 411      F2CF
 412 0926 D12BDA7D 		.ascii	"\321+\332}\\}\214\222\233\273Dh\266\022\232\245tG\231"
 412      5C7D8C92 
 412      9BBB4468 
 412      B6129AA5 
 412      744799
 413 0939 88DDA5C4 		.ascii	"\210\335\245\304*\013\312\016\021\232\252\204\246),"
 413      2A0BCA0E 
 413      119AAA84 
 413      A6292C
 414 0948 382F4213 		.ascii	"8/B\023\225\320\004\245\005\015\"\366\200zRHb\007D\350"
 414      95D004A5 
 414      050D22F6 
 414      807A5248 
 414      620744E8 
 415 095c 0925345F 		.ascii	"\011%4_)\366\212\210MQb\217(\261\245\"v\247\252\023"
 415      29F68A88 
 415      4D51628F 
 415      28B1A522 
 415      76A7AA13 
 416 0970 240BAE89 		.ascii	"$\013\256\211\310c\352Y)A\373Eh\236\272\261\022\364"
 416      C863EA59 
 416      2941FB45 
 416      689EBAB1 
 416      12F4
 417 0982 8608CD54 		.ascii	"\206\010\315T\017\230\004-\027\241\273\225PV\027K\320"
 417      0F98042D 
 417      17A1BB95 
 417      5056174B 
 417      D0
 418 0993 7A111AAF 		.ascii	"z\021\032\257\036\004\011Z'B\367\253\317a\231\263\256"
 418      1E04095A 
 418      2742F7AB 
 418      CF6199B3 
 418      AE
 419 09a4 8AD8A3EA 		.ascii	"\212\330\243\352i \3036\213X\207\372d\223a/\210\330"
 419      6920C336 
 419      8B5887FA 
 419      6493612F 
 419      88D8
 420 09b6 C3EA0193 		.ascii	"\303\352\001\223\314\275'B\013\224\320B\005\264B\204"
 420      CCBD2742 
 420      0B94D042 
 420      05B44284 
 421 09c6 EE51F717 		.ascii	"\356Q\367\027\263\200\236o\212c\3109\0100/\234\203P"
ARM GAS  /tmp/cca6x9QG.s 			page 33


 421      B3809E6F 
 421      8A63C839 
 421      08302F9C 
 421      8350
 422 09d8 437579B2 		.ascii	"Cuy\262\267\274X\221K\202\303\037\347:\374\035\311K"
 422      B7BC5891 
 422      4B82C31F 
 422      E73AFC1D 
 422      C94B
 423 09ea 8A36E254 		.ascii	"\2126\342T\272\246\342\376\272\216\015\236\310w&[,\323"
 423      BAA6E2FE 
 423      BA8E0D9E 
 423      C877265B 
 423      2CD3
 424 09fc 5B7BDFC8 		.ascii	"[{\337\310\025\016p`O+\330sQ=\325v\012\305\032Y}\304"
 424      150E7060 
 424      4F2BD873 
 424      513DD576 
 424      0AC51A59 
 425 0a12 E6AD029E 		.ascii	"\346\255\002\236\254>m\260\372\374 \254\016\324\364"
 425      AC3E6DB0 
 425      FAFC20AC 
 425      0ED4F4
 426 0a21 84687A84 		.ascii	"\204hz\204S3\275\354\351\276\030\003>\306V\371\304\364"
 426      5333BDEC 
 426      E9BE1803 
 426      3EC656F9 
 426      C4F4
 427 0a33 9E212DCE 		.ascii	"\236!-\316b\314h\357\366\307F\234\317\230\356\335#["
 427      62CC68EF 
 427      F6C7469C 
 427      CF98EEDD 
 427      235B
 428 0a45 3C8C42C1 		.ascii	"<\214B\301\275\371\307\012\356\273\033F\353\214r\177"
 428      BDF9C70A 
 428      EEBB1B46 
 428      EB8C727F 
 429 0a55 5CE1E495 		.ascii	"\\\341\344\225l\207\350\217\311\353\261\243\036\370"
 429      6C87E88F 
 429      C9EBB1A3 
 429      1EF8
 430 0a63 14D351DE 		.ascii	"\024\323Q\336\027Wj\304e\214\3313\\t\305\200\3171f\244"
 430      17576AC4 
 430      658CD933 
 430      5C74C580 
 430      CF3166A4 
 431 0a77 29A9DA1B 		.ascii	")\251\332\033\267\030\246\235\207|\331y\350\311\246"
 431      B718A69D 
 431      877CD979 
 431      E8C9A6
 432 0a86 2D1B8C94 		.ascii	"-\033\214\224\235r]\264\300\331W\265\363\260t(\032\034"
 432      9D725DB4 
 432      C0D957B5 
 432      F3B07428 
 432      1A1C
 433 0a98 A287A29B 		.ascii	"\242\207\242\233`\307u\251\276\361\225\037\212\034Q"
 433      60C775A9 
ARM GAS  /tmp/cca6x9QG.s 			page 34


 433      BEF1951F 
 433      8A1C51
 434 0aa7 FC5F452E 		.ascii	"\374_E.\222\235O\235\340F_\241d\273\001\253|\027GOE"
 434      929D4F9D 
 434      E0465FA1 
 434      64BB01AB 
 434      7C17474F 
 435 0abc 596DA9F9 		.ascii	"Ym\251\371&\227\340\314\374\"z\330\351\001\301\327$"
 435      2697E0CC 
 435      FC227AD8 
 435      E901C1D7 
 435      24
 436 0acd C1A0E765 		.ascii	"\301\240\347e\222\273\325%\177?\324\031+JNo\035\363"
 436      92BBD525 
 436      7F3FD419 
 436      2B4A4E6F 
 436      1DF3
 437 0adf CE2435D9 		.ascii	"\316$5\331m\020\335)\211\356y\271\350[\252\242\321\225"
 437      6D10DD29 
 437      89EE79B9 
 437      E85BAAA2 
 437      D195
 438 0af1 E2C1211F 		.ascii	"\342\301!\037yDnO\213\310\0351\"\347\342/\302\316\327"
 438      79446E4F 
 438      8BC81D31 
 438      22E7E22F 
 438      C2CED7
 439 0b04 C95CFD7C 		.ascii	"\311\\\375|b\303~\037\334M\031\316yx|\225\372{\223~"
 439      62C37E1F 
 439      DC4D19CE 
 439      79787C95 
 439      FA7B937E 
 440 0b18 CECD7B93 		.ascii	"\316\315{\223\206\362\261o\211\333\373@Y\2574\204fY"
 440      86F2B16F 
 440      89DBFB40 
 440      59AF3484 
 440      6659
 441 0b2a 69BB21F5 		.ascii	"i\273!\365\321\204\026\0170}M\227\342\243g\340\021\246"
 441      D184160F 
 441      307D4D97 
 441      E2A367E0 
 441      11A6
 442 0b3c EFD2C4C6 		.ascii	"\357\322\304\306\231\352\372\206\334\350s<\007\177i"
 442      99EAFA86 
 442      DCE8733C 
 442      077F69
 443 0b4b D02068BB 		.ascii	"\320 h\273\247\256-\245\352\320y-~\302\264\035\3344"
 443      A7AE2DA5 
 443      EAD0792D 
 443      7EC2B41D 
 443      DC34
 444 0b5d F6548BA7 		.ascii	"\366T\213\247\230\266\302\355]\321X]\335\003w\352&\251"
 444      98B6C2ED 
 444      5DD1585D 
 444      DD0377EA 
 444      26A9
 445 0b6f BA115037 		.ascii	"\272\021P7\254\256\256ro\305#=\336d\244\352\012k\273"
ARM GAS  /tmp/cca6x9QG.s 			page 35


 445      ACAEAE72 
 445      6FC5233D 
 445      DE64A4EA 
 445      0A6BBB
 446 0b82 9A66E06D 		.ascii	"\232f\340m\214)\275\273\276C\207w1\346q\377\335{\010"
 446      8C29BDBB 
 446      BE438777 
 446      31E671FF 
 446      DD7B08
 447 0b95 273226E7 		.ascii	"'2&\347\372\3315\220\316\236F2\313\037\323t\376\037"
 447      FAD93590 
 447      CE9E4632 
 447      CB1FD374 
 447      FE1F
 448 0ba7 785C7FF1 		.ascii	"x\\\177\361B\213\007}N\036\351h\206\337\214}\3021\223"
 448      428B077D 
 448      4E1EE968 
 448      86DF8C7D 
 448      C23193
 449 0bba F917CE1B 		.ascii	"\371\027\316\033O\301hO\301\350q\310\203\307\234\353"
 449      4FC1684F 
 449      C1E871C8 
 449      83C79CEB 
 450 0bca 05D96032 		.ascii	"\005\331`2}A\366\004\314~$\231\355)\275 s\324&\024#"
 450      7D41F604 
 450      CC7E2499 
 450      ED29BD20 
 450      73D42614 
 451 0bdf 29C19FD3 		.ascii	")\301\237\323W_\317\001\376P\202?\221e\341\213\312\237"
 451      575FCF01 
 451      FE50823F 
 451      9165E18B 
 451      CA9F
 452 0bf1 A92807C1 		.ascii	"\251(\007\301\223[F\242\214\356\014\236tgpCy*; M\200"
 452      935B46A2 
 452      8CEE0C9E 
 452      74677043 
 452      792A3B20 
 453 0c07 09639209 		.ascii	"\011c\222\011\3179\311\321q\227;&\3658\225y\260-\243"
 453      CF39C9D1 
 453      71973B26 
 453      F5389579 
 453      B02DA3
 454 0c1a C5E183B3 		.ascii	"\305\341\203\263\030s\245\243:I\207\013\031S\274'\275"
 454      1873A5A3 
 454      3A49870B 
 454      1953BC27 
 454      BD
 455 0c2b C6844B19 		.ascii	"\306\204K\031s\266\240\364\023\334\314\356\023bsakk"
 455      73B6A0F4 
 455      13DCCCEE 
 455      13627361 
 455      6B6B
 456 0c3d 334EAB75 		.ascii	"3N\253u\275i\255\213\306\243\207\267\030i\351k\242k"
 456      BD69AD8B 
 456      C6A387B7 
 456      1869E96B 
ARM GAS  /tmp/cca6x9QG.s 			page 36


 456      A26B
 457 0c4f 7D7DFF0D 		.ascii	"}}\377\015\035\276\306\240\247\006\323\366y\340>\312"
 457      1DBEC6A0 
 457      A706D3F6 
 457      79E03ECA 
 458 0c5f 70ED998E 		.ascii	"p\355\231\216\012\267\361\330\212\325\207\347\330\216"
 458      0AB7F1D8 
 458      8AD587E7 
 458      D88E
 459 0c6d 11DA828D 		.ascii	"\021\332\202\215h3V\035YF\352\236\355:|_H\224\346[\231"
 459      6833561D 
 459      5946EA9E 
 459      ED3A7C5F 
 459      4894E65B 
 460 0c82 702A61CC 		.ascii	"p*a\314\336\262\203\273\230\231<; \335\210{:\003?e\215"
 460      DEB283BB 
 460      98993C3B 
 460      20DD887B 
 460      3A033F65 
 461 0c97 03919937 		.ascii	"\003\221\23170\216\362\242\314\276\254\244\247\236x"
 461      308EF2A2 
 461      CCBEACA4 
 461      A79E78
 462 0ca6 0B6372FA 		.ascii	"\013cr\372G\366x\340\235\214\311\357\273:\037\307\323"
 462      47F678E0 
 462      9D8CC9EF 
 462      BB3A1FC7 
 462      D3
 463 0cb7 7B2EBAA2 		.ascii	"{.\272\242\254w\206\020vG\014X\265\007\254\332\205_"
 463      AC778610 
 463      76470C58 
 463      B507ACDA 
 463      855F
 464 0cc9 3C90AA9E 		.ascii	"<\220\252\236owc\265WH(\351\332\321d\023N\365\022\216"
 464      6F7763B5 
 464      574828E9 
 464      DAD16413 
 464      4EF5128E 
 465 0cdd 702337BD 		.ascii	"p#7\275q\026c&S\266\225\"|\23417s\357\366q\270\2141"
 465      71166326 
 465      53B69522 
 465      7C9C3137 
 465      73EFF671 
 466 0cf4 8D391D79 		.ascii	"\2159\035y>\270\2211'n]\3554\3406\306\\\030<4\245\307"
 466      3EB89131 
 466      276E5DED 
 466      34E036C6 
 466      5C183C34 
 467 0d0a D71933D0 		.ascii	"\327\0313\320^\362@\217\3570f\374~l\271\007\036b\314"
 467      5EF2408F 
 467      EF3066FC 
 467      7E6CB907 
 467      1E62CC
 468 0d1d B1A10187 		.ascii	"\261\241\001\207\011\217S\346\237\012z\236\247\303\356"
 468      098F53E6 
 468      9F0A7A9E 
 468      A7C3EE
ARM GAS  /tmp/cca6x9QG.s 			page 37


 469 0d2c 405EABCE 		.ascii	"@^\253\316\204?&\362\013\177\347\275\301N*3g\322\003"
 469      843F26F2 
 469      0B7FE7BD 
 469      C14E2A33 
 469      67D203
 470 0d3f 0C3C9B07 		.ascii	"\014<\233\007\215\3540c2\321G\364\002(\335\236'\272"
 470      8DEC3063 
 470      32D147F4 
 470      0228DD9E 
 470      27BA
 471 0d51 8697EF8E 		.ascii	"\206\227\357\216\342S\337D\215\330\204b\301-\265X\275"
 471      E253DF44 
 471      8DD88462 
 471      C12DB558 
 471      BD
 472 0d62 BA921F0E 		.ascii	"\272\222\037\016\304e9\005\334S\214\331\366|\021\356"
 472      C4653905 
 472      DC538CD9 
 472      F67C11EE 
 473 0d72 CF625F74 		.ascii	"\317b_t\005K\005|\336\325\221\364\237\263\263R:\310"
 473      054B057C 
 473      DED591F4 
 473      9FB3B352 
 473      3AC8
 474 0d84 8F02F9F9 		.ascii	"\217\002\371\371\370\0157\205&\357<\224\361%\017\205"
 474      F80D3785 
 474      26EF3C94 
 474      F1250F85 
 475 0d94 8B032426 		.ascii	"\213\003$&\0024\033~EU\362\322\211N\240\242\321BS=\231"
 475      02341B7E 
 475      4555F2D2 
 475      894EA0A2 
 475      D142533D 
 476 0da9 40041E29 		.ascii	"@\004\036)M \260\207\005Tn\361\004\210\231\244\245%"
 476      4D20B087 
 476      05546EF1 
 476      048899A4 
 476      A525
 477 0dbb 58992D58 		.ascii	"X\231-X\374\003\334\027\202\305\347\201.\000\345\002"
 477      FC03DC17 
 477      82C5E781 
 477      2E00E502 
 478 0dcb 9503B500 		.ascii	"\225\003\265\000e\000e\002\235\002\252\000*\005\252"
 478      65006502 
 478      9D02AA00 
 478      2A05AA
 479 0dda 073A0274 		.ascii	"\007:\002t\016\350(P+\320qa\264re\321x6\332\210A\331"
 479      0EE82850 
 479      2BD07161 
 479      B47265D1 
 479      7836DA88 
 480 0df0 2618449A 		.ascii	"&\030D\232\240\354\022(\373\036:4\313\3343|u\344\336"
 480      A0EC1228 
 480      FB1E3A34 
 480      CBDC337C 
 480      75E4DE
 481 0e03 2F4A5875 		.ascii	"/JXu\324\001\3769(\014\332\355\021\343\3111R\330\021"
ARM GAS  /tmp/cca6x9QG.s 			page 38


 481      D401FE39 
 481      280CDAED 
 481      11E3C931 
 481      52D811
 482 0e16 E84EF7AE 		.ascii	"\350N\367\256\224m\207MX\376\205\007B \236\254\032\323"
 482      946D874D 
 482      58FE8507 
 482      42209EAC 
 482      1AD3
 483 0e28 8824D820 		.ascii	"\210$\330 \321]N\241TyXqv\2445{\361\361\013\351~7 \240"
 483      D15D4EA1 
 483      54795871 
 483      76A4357B 
 483      F1F10BE9 
 484 0e40 854D4476 		.ascii	"\205MDvX\021\202\222\267\234l\215\251\000\231\222\336"
 484      58118292 
 484      B79C6C8D 
 484      A9009992 
 484      DE
 485 0e51 9266BF34 		.ascii	"\222f\2774&\274 \363/\035\023!\003\213\346\261\014\374"
 485      26BC20F3 
 485      2F1D1321 
 485      038BE6B1 
 485      0CFC
 486 0e63 0A4EBF4A 		.ascii	"\012N\277J\007\313\316/2\267\245ay\235\233#s[\026u\033"
 486      07CBCE2F 
 486      32B7A561 
 486      799D9B23 
 486      735B1675 
 487 0e78 992BED4A 		.ascii	"\231+\355J\267\355S\270b\242+\3577\304\025E\000\212"
 487      B7ED53B8 
 487      62A22BEF 
 487      37C41545 
 487      008A
 488 0e8a 93D69B5A 		.ascii	"\223\326\233Z\227+v\251\324\273\032\032SZ\354\202\037"
 488      972B76A9 
 488      D4BB1A1A 
 488      535AEC82 
 488      1F
 489 0e9b 4EC058CA 		.ascii	"N\300X\312\200\032\200\016\003\025\000\325\001\035\003"
 489      801A800E 
 489      031500D5 
 489      011D03
 490 0eaa BA2A8D91 		.ascii	"\272*\215\221\2071\216\375\224\215\221l&S\334Kg\231"
 490      87318EFD 
 490      948D916C 
 490      2653DC4B 
 490      6799
 491 0ebc E3024D22 		.ascii	"\343\002M\"\202\334\360\362\371\350H\376\2050\033\243"
 491      82DCF0F2 
 491      F9E848FE 
 491      85301BA3 
 492 0ecc 39C56C9C 		.ascii	"9\305l\234\016\314K|X\210#\251\001.t\332K\320\023]\275"
 492      0ECC4B7C 
 492      588823A9 
 492      012E74DA 
 492      4BD0135D 
ARM GAS  /tmp/cca6x9QG.s 			page 39


 493 0ee1 0A74AD5B 		.ascii	"\012t\255[4\011\340\330\254\375\274\263\012\321\012"
 493      3409E0D8 
 493      ACFDBCB3 
 493      0AD10A
 494 0ef0 E8BE5AFE 		.ascii	"\350\276Z\376\275\243\\\240\266\303\014$\361@y\340\306"
 494      BDA35CA0 
 494      B6C30C24 
 494      F14079E0 
 494      C6
 495 0f01 5A21B5DA 		.ascii	"Z!\265\332\341\376$\270.\031\350\364\264i\253\370\202"
 495      E1FE24B8 
 495      2E19E8F4 
 495      B469ABF8 
 495      82
 496 0f12 B31E74B8 		.ascii	"\263\036t\270[\325TO)\361\340\307\022\241\303e\350P"
 496      5BD5544F 
 496      29F1E0C7 
 496      12A1C365 
 496      E850
 497 0f24 2D0B8E23 		.ascii	"-\013\216#&\203\270\233\270y\2372\373\024\357\177xG"
 497      2683B89B 
 497      B8799F32 
 497      FB14EF7F 
 497      7847
 498 0f36 B6181AFE 		.ascii	"\266\030\032\376\245\241Y\357\314\256i6\361B*^VOE\331"
 498      A5A159EF 
 498      CCAE6936 
 498      F1422A5E 
 498      564F45D9 
 499 0f4a 0CEE1766 		.ascii	"\014\356\027f0)\352F\325<8(_W\037/\333\000y[\005\230"
 499      3029EA46 
 499      D53C3828 
 499      5F571F2F 
 499      DB00795B 
 500 0f60 FD52DE96 		.ascii	"\375R\336\226L\237\302\012\017T\302\250\335x`}\013\304"
 500      4C9FC20A 
 500      0F54C2A8 
 500      DD78607D 
 500      0BC4
 501 0f72 1BB1F4AC 		.ascii	"\033\261\364\254!\233\000\247\272\311L[\331o\005\220"
 501      219B00A7 
 501      BAC94C5B 
 501      D96F0590 
 502 0f82 E28CAC5E 		.ascii	"\342\214\254^\353%\013\032\261\360\336VX:\363\336\020"
 502      EB250B1A 
 502      B1F0DE56 
 502      583AF3DE 
 502      10
 503 0f93 96CE4641 		.ascii	"\226\316FAj1v\377\016c\"\3055"
 503      6A3176FF 
 503      0E6322C5 
 503      35
 504 0fa0 7109B244 		.ascii	"q\011\262D\035)[\002\212\246-\0015L\265j\212\355\020"
 504      1D295B02 
 504      8AA62D01 
 504      354CB56A 
 504      8AED10
ARM GAS  /tmp/cca6x9QG.s 			page 40


 505 0fb3 364D7729 		.ascii	"6Mw)\306\302\225\301\302E\212\217\003\3124P\276\232"
 505      C6C295C1 
 505      C2458A8F 
 505      03CA3450 
 505      BE9A
 506 0fc5 71F69E63 		.ascii	"q\366\236chXy\320\266\037\3313\343\005\311$\\\011J\311"
 506      685879D0 
 506      B61FD933 
 506      E305C924 
 506      5C094AC9 
 507 0fd9 C98AFD23 		.ascii	"\311\212\375#\235._\344\225\374\026e\316(^\2448K\005"
 507      9D2E5FE4 
 507      95FC1665 
 507      CE285EA4 
 507      384B05
 508 0fec 1B60D58C 		.ascii	"\033`\325\214|\245\275&u\232\307\210\247Y\334\334@\320"
 508      7CA5BD26 
 508      759AC788 
 508      A759DCDC 
 508      40D0
 509 0ffe 19F0     		.ascii	"\031\360"
 510 1000 95842263 		.ascii	"\225\204\"c\031N|X\366\033V\215\220\3221F\330=\335\230"
 510      194E7C58 
 510      F61B568D 
 510      90D23146 
 510      D83DDD98 
 511 1014 4896BDD4 		.ascii	"H\226\275\324\277fyE^\021\\R\037\221\314\255\245\302"
 511      BF667945 
 511      5E115C52 
 511      1F91CCAD 
 511      A5C2
 512 1026 9C81833A 		.ascii	"\234\201\203:\272\252\276\353I\343\257\024\374J\234"
 512      BAAABEEB 
 512      49E3AF14 
 512      FC4A9C
 513 1035 95A4BE2F 		.ascii	"\225\244\276/\313\336\242\034\242\257\"\31067\375U\004"
 513      CBDEA21C 
 513      A2AF22C8 
 513      3637FD55 
 513      04
 514 1046 AB3A3D10 		.ascii	"\253:=\020\255J^lr\356X\245'\256Ui\002g\344-#\263 M"
 514      AD4A5E6C 
 514      72EE58A5 
 514      27AE5569 
 514      0267E42D 
 515 105e B5276C2F 		.ascii	"\265'l/\267\226EBs\255j3\370f\330\207\234\207J^h\246"
 515      B7964542 
 515      73AD6A33 
 515      F866D887 
 515      9C874A5E 
 516 1074 A3DB2E5B 		.ascii	"\243\333.[>6\250N\03568Y\360j\247\305\267C\332\024\235"
 516      3E36A84E 
 516      1D363859 
 516      F06AA7C5 
 516      B743DA14 
 517 1089 5B64C9BD 		.ascii	"[d\311\275\327}\256\020e\344-J\\z.\373\032\342E?\250"
 517      D77DAE10 
ARM GAS  /tmp/cca6x9QG.s 			page 41


 517      65E42D4A 
 517      5C7A2EFB 
 517      1AE2453F 
 518 109e 1DED6EF1 		.ascii	"\035\355n\361r\373u\360\032\026\276\016vbZx7\366%M\032"
 518      72FB75F0 
 518      1A16BE0E 
 518      76625A78 
 518      37F6254D 
 519 10b3 945F075D 		.ascii	"\224_\007]\365\226\006]\307\257\273:\321\317FC\227\234"
 519      F596065D 
 519      C7AFBB3A 
 519      D1CF4643 
 519      979C
 520 10c5 3E723479 		.ascii	">r4ya\343\026}{\327\336a\214O\315\240\305vr]a\273\001"
 520      61E3167D 
 520      7BD7DE61 
 520      8C4FCDA0 
 520      C576725D 
 521 10dc 5731A6AC 		.ascii	"W1\246\254\362\362\200\341\255\303|\213c\270\361\354"
 521      F2F280E1 
 521      ADC37C8B 
 521      63B8F1EC 
 522 10ec B3D99171 		.ascii	"\263\331\221qN\220G?\323\337\300\257\243.\030\362\011"
 522      4E90473F 
 522      D3DFC0AF 
 522      A32E18F2 
 522      09
 523 10fd 344726D8 		.ascii	"4G&\330\2111\374=\2128\015\272\211\311g\360|g\303\224"
 523      8931FC3D 
 523      8A380DBA 
 523      89C967F0 
 523      7C67C394 
 524 1111 6EDA9B23 		.ascii	"n\332\233#$wf7s&\371%\037\222\266\306_Br0\371\276.\201"
 524      24776637 
 524      7326F925 
 524      1F92B6C6 
 524      5F427230 
 525 1129 7B04700F 		.ascii	"{\004p\017\0057%8\013\275\351qi\230\232\032\273{\242"
 525      05372538 
 525      0BBDE971 
 525      69989A1A 
 525      BB7BA2
 526 113c 807D23F9 		.ascii	"\200}#\3719a\017$_\036b\337\177~F\330[\223\355\247L"
 526      39610F24 
 526      5F1E62DF 
 526      7F7E46D8 
 526      5B93EDA7 
 527 1151 6E9D7DD7 		.ascii	"n\235}\327\345\354;\314\331u\361\233\016i\225\316\276"
 527      E5EC3BCC 
 527      D975F19B 
 527      0E6995CE 
 527      BE
 528 1162 05A3BC4D 		.ascii	"\005\243\274MG\331K\335w\327\345\276\274\0039\177V\372"
 528      47D94BDD 
 528      77D7E5BE 
 528      BC03397F 
 528      56FA
ARM GAS  /tmp/cca6x9QG.s 			page 42


 529 1174 DA2DB8F6 		.ascii	"\332-\270\366a\341\2047nf\356\215\351\270\327n\242\356"
 529      61E18437 
 529      6E66EE8D 
 529      E9B8D76E 
 529      A2EE
 530 1186 CDBB52F3 		.ascii	"\315\273R\363g\231w\373\004\357V\202w%Q\375\222w\007"
 530      679977FB 
 530      04EF5682 
 530      772551FD 
 530      927707
 531 1199 A877FBB7 		.ascii	"\250w\373\267]K\365\230\233L\346\323\2664\3765=\372"
 531      5D4BF598 
 531      9B4CE6D3 
 531      B634FE35 
 531      3DFA
 532 11ab 7A16FD07 		.ascii	"z\026\375\007$\232\356\350\036\236KNl\307\316\037\235"
 532      249AEEE8 
 532      1E9E4B4E 
 532      6CC7CE1F 
 532      9D
 533 11bc F6EEAE7C 		.ascii	"\366\356\256|\332\207\327Aq!\"\267\200\277\270q\250"
 533      DA87D741 
 533      712122B7 
 533      80BFB871 
 533      A8
 534 11cd C68BCA74 		.ascii	"\306\213\312tTD\303\324\2462O\273d\016Q\231\3217kna"
 534      5444C3D4 
 534      A6324FBB 
 534      640E5199 
 534      D1376B6E 
 535 11e2 86B92662 		.ascii	"\206\271&b\252]\230\373x\256\306\020\021n\265\233C\302"
 535      AA5D98FB 
 535      78AEC610 
 535      116EB59B 
 535      43C2
 536 11f4 03BEF5FC 		.ascii	"\003\276\365\374\364\313\337\315Y\246\371\307\200\240"
 536      F4CBDFCD 
 536      59A6F9C7 
 536      80A0
 537 1202 E015C1E1 		.ascii	"\340\025\301\3416\263\315\356\277\"\3042\177\321\322"
 537      36B3CDEE 
 537      BF22C432 
 537      7FD1D2
 538 1211 058B17AC 		.ascii	"\005\213\027\254\365\013\267\371\005\204\207\206\206"
 538      F50BB7F9 
 538      05848786 
 538      86
 539 121e 87F9910E 		.ascii	"\207\371\221\0166\277\217\177\373\305\262/\326\372\005"
 539      36BF8F7F 
 539      FBC5B22F 
 539      D6FA05
 540 122d 0405845B 		.ascii	"\004\005\204[-\346\357>\010]\020\244\361\242\262V\207"
 540      2DE6EF3E 
 540      085D10A4 
 540      F1A2B256 
 540      87
 541 123e 11698680 		.ascii	"\021i\206\200\240\345\353l\377\012w\357\270\025h\265"
ARM GAS  /tmp/cca6x9QG.s 			page 43


 541      A0E5EB6C 
 541      FF0A77EF 
 541      B81568B5 
 542 124e FB058705 		.ascii	"\373\005\207\005\204\254\016\264\200\034\333:\033\021"
 542      84AC0EB4 
 542      801CDB3A 
 542      1B11
 543 125c 41BBFD8E 		.ascii	"A\273\375\216\2120\232\251\354\340\260`\373\373?fT\270"
 543      8A309AA9 
 543      ECE0B060 
 543      FBFB3F66 
 543      54B8
 544 126e 2D247885 		.ascii	"-$x\205\237\315\032\000\222B-\241\244\343\202\000\215"
 544      9FCD1A00 
 544      92422DA1 
 544      A4E38200 
 544      8D
 545 127f A72DF8BF 		.ascii	"\247-\370\277-f\3737~A\341\241\026\277om\253\374V\004"
 545      2D66FB37 
 545      7E41E1A1 
 545      16BF6F6D 
 545      ABFC5604 
 546 1293 87F9AD0A 		.ascii	"\207\371\255\012\010\230\357o\015u\375\316\017\013\017"
 546      0898EF6F 
 546      0D75FDCE 
 546      0F0B0F
 547 12a2 B3CCB7F8 		.ascii	"\263\314\267\370\257\010\236\377\256\371\303\371\213"
 547      AF089EFF 
 547      AEF9C3F9 
 547      8B
 548 12af 172E7AEF 		.ascii	"\027.z\357OK\374\2108\000\370M\003\370\275\273\340\303"
 548      4F4BFC88 
 548      3800F84D 
 548      03F8BDBB 
 548      E0C3
 549 12c1 054B44A3 		.ascii	"\005KD\243m\366\300@\313J\260\372g\001A\313@\343\307"
 549      6DF6C040 
 549      CB4AB0FA 
 549      670141CB 
 549      40E3C7
 550 12d4 2160F6C7 		.ascii	"!`\366\307!\301\253\302,\201\277\017\266\007}\265r\245"
 550      21C1ABC2 
 550      2C81BF0F 
 550      B6077DB5 
 550      72A5
 551 12e6 CD62FFFC 		.ascii	"\315b\377\374\247/k}\2155~j\261/\267\373\333W\333\376"
 551      A72F6B7D 
 551      8D357E6A 
 551      B12FB7FB 
 551      DB57DBFE 
 552 12fa 6010CC37 		.ascii	"`\020\3147\333u\253\203\303\354K\315v\203\331,\334\255"
 552      DB75AB83 
 552      C3EC4BCD 
 552      7683D92C 
 552      DCAD
 553 130c F87F0C64 		.ascii	"\370\177\014d\372\000\\\246\207\372\203G\303,~f\030"
 553      FA005CA6 
ARM GAS  /tmp/cca6x9QG.s 			page 44


 553      87FA8347 
 553      C32C7E66 
 553      18
 554 131d 80FFEA10 		.ascii	"\200\377\352\020\273\331\276.\302B\002\360\373\277\230"
 554      BBD9BE2E 
 554      C24202F0 
 554      FBBF98
 555 132c 0A08A81F 		.ascii	"\012\010\250\037\304+\020L\007\271\2720\313Z;\014\315"
 555      C42B104C 
 555      07B9BA30 
 555      CB5A3B0C 
 555      CD
 556 133d D3121608 		.ascii	"\323\022\026\010??\232e,\240Rz\270\202\032\2441\006"
 556      3F3F9A65 
 556      2CA0527A 
 556      B8821AA4 
 556      3106
 557 134f 0499056E 		.ascii	"\004\231\005n\206\331\034d\361\2170\257\360\267Y\314"
 557      86D91C64 
 557      F18F30AF 
 557      F0B759CC 
 558 135f 6693C081 		.ascii	"f\223\300\201\006\263YO\\\266d\261\331nd\336#\267\332"
 558      06B3594F 
 558      5CB664B1 
 558      D96E64DE 
 558      23B7DA
 559 1372 80207F2B 		.ascii	"\200 \177+\364\001\267\233\377\345\343\345\237|\375"
 559      F401B79B 
 559      FFE5E3E5 
 559      9F7CFD
 560 1381 DBCF67F8 		.ascii	"\333\317g\370\207\254\361_g\203$\013\001w|\372cV\301"
 560      87ACF15F 
 560      6783240B 
 560      01777CFA 
 560      6356C1
 561 1394 1848E6FB 		.ascii	"\030H\346\373-\373b\371\347\313\375H\340\374>w\231\030"
 561      2DFB62F9 
 561      E7CBFD48 
 561      E0FC3E77 
 561      9918
 562 13a6 6A0BB699 		.ascii	"j\013\266\231\301O`\242\336\036d\265\370\007B\350\300"
 562      C14F60A2 
 562      DE1E64B5 
 562      F80742E8 
 562      C0
 563 13b7 5676EFC3 		.ascii	"Vv\357\303~l\346?\255\266\254\206\340\276&\266\010\217"
 563      7E6CE63F 
 563      ADB6AC86 
 563      E0BE26B6 
 563      088F
 564 13c9 B4C441DA 		.ascii	"\264\304A\332\010\253\345;\017\312\353\354\021\326\340"
 564      08ABE53B 
 564      0FCAEBEC 
 564      11D6E0
 565 13d8 70B3FD93 		.ascii	"p\263\375\223\377\333|\014\017\215\010\016\261Xm~\237"
 565      FFDB7C0C 
 565      0F8D080E 
ARM GAS  /tmp/cca6x9QG.s 			page 45


 565      B1586D7E 
 565      9F
 566 13e9 2E5B066E 		.ascii	".[\006ns\205UK\204\231\350\374\014\010\017\263\203*"
 566      7385554B 
 566      8499E8FC 
 566      0C080FB3 
 566      832A
 567 13fb 3659C133 		.ascii	"6Y\3013\001\366\265z\253e\025\004\321\374\343\363Le"
 567      01F6B57A 
 567      AB651504 
 567      D1FCE3F3 
 567      4C65
 568 140d F283746C 		.ascii	"\362\203tl[\364>\320\007@K\201>\304\266\305\013\201"
 568      5BF43ED0 
 568      07404B81 
 568      3EC4B6C5 
 568      0B81
 569 141f 16012D06 		.ascii	"\026\001-\006Z\002\364.\320{@\200[\014\270\305\200["
 569      5A02F42E 
 569      D07B4080 
 569      5B0CB8C5 
 569      805B
 570 1431 0CB82580 		.ascii	"\014\270%\200[\262\210\263\276\313Y\337\343\254\357"
 570      5BB288B3 
 570      BECB59DF 
 570      E3ACEF
 571 1440 73D60F38 		.ascii	"s\326\0178\353R\316\372!\266.Z\010\264\210\013\261r"
 571      EB52CEFA 
 571      21B62E5A 
 571      08B4880B 
 571      B172
 572 1452 B6080C36 		.ascii	"\266\010\0146z\204Y\326X\254\036\341!\201\026\2536\314"
 572      7A8459D6 
 572      58AC1EE1 
 572      218116AB 
 572      36CC
 573 1464 3FD462B4 		.ascii	"?\324b\264\331\277\365'\323\311l\247\301~\377]1\330"
 573      D9BFF527 
 573      D3C96CA7 
 573      C17EFF5D 
 573      31D8
 574 1476 E4D6738D 		.ascii	"\344\326s\215?I\013\275\035\206b\007\207{\320_\235="
 574      3F490BBD 
 574      1D866207 
 574      877BD05F 
 574      9D3D
 575 1488 343C9070 		.ascii	"4<\220p+C\374W\331tv\253e\245\015\022\203\374x\204\332"
 575      2B43FC57 
 575      D97476AB 
 575      65A50D12 
 575      83FC7884 
 576 149d 56C1A413 		.ascii	"V\301\244\023r\005&\235p\347i\015\\\007Mz\313\332`{"
 576      7205269D 
 576      70E7690D 
 576      5C074D7A 
 576      CBDA607B 
 577 14b1 0074F65C 		.ascii	"\000t\366\\c\017_\361_\021\257\0131\206\256\026\253"
ARM GAS  /tmp/cca6x9QG.s 			page 46


 577      630F5FF1 
 577      5F11AF0B 
 577      3186AE16 
 577      AB
 578 14c2 252C8008 		.ascii	"%,\200\010]c\267[#t6K\230\035:\230 \3026K\250\177D\020"
 578      5D63B75B 
 578      2374364B 
 578      981D3A98 
 578      20C2364B 
 579 14da 38C92320 		.ascii	"8\311# \014\346\030\206\277\320\035\236F\350I\026\257"
 579      0CE61886 
 579      BFD01D9E 
 579      46E84916 
 579      AF
 580 14eb 86407884 		.ascii	"\206@x\204\257\011\263Xu\364\236Xm\017\265\257\215\360"
 580      AF09B358 
 580      75F49E58 
 580      6D0FB5AF 
 580      8DF0
 581 14fd B27C4784 		.ascii	"\262|G\204\370\333\276\205G\2265\344\006\255\366v\345"
 581      F8DBBE85 
 581      479635E4 
 581      06ADF676 
 581      E5
 582 150e 4B48B00D 		.ascii	"KH\260\015\204\371\3102\210<\321\255\361\017\266\007"
 582      84F9C832 
 582      883CD1AD 
 582      F10FB607 
 583 151e 87ADD283 		.ascii	"\207\255\322\203n\232AzK\004L\005x\242\003\221\004\001"
 583      6E9A417A 
 583      4B044C05 
 583      78A20391 
 583      0401
 584 1530 61F60F21 		.ascii	"a\366\017!\211\340\021\032\021\036\036\362\212\0133"
 584      89E0111A 
 584      111E1EF2 
 584      8A0B33
 585 153f 748610CF 		.ascii	"t\206\020\317\177\305U< (\020\320\213^y\315w%\350\253"
 585      7FC5553C 
 585      202810D0 
 585      8B5E79CD 
 585      7725E8AB 
 586 1553 EE1216B2 		.ascii	"\356\022\026\262\321\350\315\346\225\253\303\002\314"
 586      D1E8CDE6 
 586      95ABC302 
 586      CC
 587 1560 E619AE9B 		.ascii	"\346\031\256\233\005\357/Z\370\241\304}\260p\341\222"
 587      05EF2F5A 
 587      F8A1C47D 
 587      B070E192 
 588 1570 FF05BEEF 		.ascii	"\377\005\276\357\012\223"
 588      0A93
 589              		.text
 590              		.section	.gnu.lto_.symtab.3f85b89ad21ccd2c,"",%progbits
 591 0000 5F636F72 		.ascii	"_core_init\000\000\000\000\000\000\000\000\000\000\000"
 591      655F696E 
 591      69740000 
ARM GAS  /tmp/cca6x9QG.s 			page 47


 591      00000000 
 591      00000000 
 592 0015 00B40000 		.ascii	"\000\264\000\000\000ch_memcore\000\000\000\000\000\000"
 592      0063685F 
 592      6D656D63 
 592      6F726500 
 592      00000000 
 593 002a 00000000 		.ascii	"\000\000\000\000\000\000\332\000\000\000chCoreAlloc"
 593      0000DA00 
 593      00006368 
 593      436F7265 
 593      416C6C6F 
 594 003f 416C6967 		.ascii	"AlignedWithOffsetI\000\000\000\000\000\000\000\000\000"
 594      6E656457 
 594      6974684F 
 594      66667365 
 594      74490000 
 595 005a 000000BF 		.ascii	"\000\000\000\277\000\000\000chCoreAllocAlignedWithO"
 595      00000063 
 595      68436F72 
 595      65416C6C 
 595      6F63416C 
 596 0078 66667365 		.ascii	"ffset\000\000\000\000\000\000\000\000\000\000\000\000"
 596      74000000 
 596      00000000 
 596      00000000 
 596      00
 597 0089 C1000000 		.ascii	"\301\000\000\000chCoreGetStatusX\000\000\000\000\000"
 597      6368436F 
 597      72654765 
 597      74537461 
 597      74757358 
 598 00a2 00000000 		.ascii	"\000\000\000\000\000\000\000\304\000\000\000__heap_"
 598      000000C4 
 598      0000005F 
 598      5F686561 
 598      705F
 599 00b4 62617365 		.ascii	"base__\000\000\002\000\000\000\000\000\000\000\000\000"
 599      5F5F0000 
 599      02000000 
 599      00000000 
 599      0000
 600 00c6 DD000000 		.ascii	"\335\000\000\000__heap_end__\000\000\002\000\000\000"
 600      5F5F6865 
 600      61705F65 
 600      6E645F5F 
 600      00000200 
 601 00dc 00000000 		.ascii	"\000\000\000\000\000\000\337\000\000\000"
 601      0000DF00 
 601      0000
 602              		.text
 603              		.section	.gnu.lto_.opts,"",%progbits
 604 0000 272D666E 		.ascii	"'-fno-trapv' '-fno-strict-overflow' '-mcpu=cortex-m"
 604      6F2D7472 
 604      61707627 
 604      20272D66 
 604      6E6F2D73 
ARM GAS  /tmp/cca6x9QG.s 			page 48


 605 0033 34272027 		.ascii	"4' '-mfloat-abi=hard' '-mfpu=fpv4-sp-d16' '-mno-thu"
 605      2D6D666C 
 605      6F61742D 
 605      6162693D 
 605      68617264 
 606 0066 6D622D69 		.ascii	"mb-interwork' '-mthumb' '-ggdb' '-O0' '-fomit-frame"
 606      6E746572 
 606      776F726B 
 606      2720272D 
 606      6D746875 
 607 0099 2D706F69 		.ascii	"-pointer' '-falign-functions=16' '-ffunction-sectio"
 607      6E746572 
 607      2720272D 
 607      66616C69 
 607      676E2D66 
 608 00cc 6E732720 		.ascii	"ns' '-fdata-sections' '-fno-common' '-flto' '-fsing"
 608      272D6664 
 608      6174612D 
 608      73656374 
 608      696F6E73 
 609 00ff 6C652D70 		.ascii	"le-precision-constant'\000"
 609      72656369 
 609      73696F6E 
 609      2D636F6E 
 609      7374616E 
 610              		.text
 611              		.comm	__gnu_lto_v1,1,1
 612              		.comm	__gnu_lto_slim,1,1
 613              		.ident	"GCC: (GNU Tools for ARM Embedded Processors) 4.9.3 20150529 (release) [ARM/embedded-4_9-br
ARM GAS  /tmp/cca6x9QG.s 			page 49


DEFINED SYMBOLS
                            *ABS*:00000000 chmemcore.c
                            *COM*:00000001 __gnu_lto_v1
                            *COM*:00000001 __gnu_lto_slim

NO UNDEFINED SYMBOLS
