ARM GAS  /tmp/ccrVD8YA.s 			page 1


   1              		.syntax unified
   2              		.cpu cortex-m4
   3              		.eabi_attribute 27, 1
   4              		.eabi_attribute 28, 1
   5              		.fpu fpv4-sp-d16
   6              		.eabi_attribute 20, 1
   7              		.eabi_attribute 21, 1
   8              		.eabi_attribute 23, 3
   9              		.eabi_attribute 24, 1
  10              		.eabi_attribute 25, 1
  11              		.eabi_attribute 26, 1
  12              		.eabi_attribute 30, 6
  13              		.eabi_attribute 34, 1
  14              		.eabi_attribute 18, 4
  15              		.thumb
  16              		.file	"coding.c"
  17              		.text
  18              	.Ltext0:
  19              		.section	.gnu.lto_.inline.1a287bcbf822a488,"",%progbits
  20 0000 789C6366 		.ascii	"x\234cf\300\016$\2404#\003\303w\206o@\006\323+\306\007"
  20      C00E24A0 
  20      342303C3 
  20      77866F40 
  20      06D32BC6 
  21 0015 9BF91858 		.ascii	"\233\371\030X\030\230\300\342\000J]\004\236"
  21      1898C0E2 
  21      004A5D04 
  21      9E
  22              		.text
  23              		.section	.gnu.lto_Base64_Decode.1a287bcbf822a488,"",%progbits
  24 0000 789C955A 		.ascii	"x\234\225Z\011\\UU\032\277\347\334\267\000\217\305}"
  24      095C5555 
  24      1ABFE7DC 
  24      B7008FC5 
  24      7D
  25 0011 41541490 		.ascii	"AT\024\220\035\334\312rJ\255\231\246\234i\032\247\234"
  25      1DDCCA72 
  25      4AAD99A6 
  25      9C691AA7 
  25      9C
  26 0022 A6992C73 		.ascii	"\246\231,s\301\302\024M\251\314Yz\012\271\205\202\346"
  26      C1C2144D 
  26      A9CC597A 
  26      0AB98582 
  26      E6
  27 0033 82880AE1 		.ascii	"\202\210\012\341\202h\242\230\206\013\202\033\240\202"
  27      8268A298 
  27      860B821B 
  27      A082
  28 0041 4A696219 		.ascii	"Jib\031\221\002\352\204\012\211\275\\\231\357\373\316"
  28      9102EA84 
  28      0A89BD5C 
  28      99EFFBCE 
  29 0051 BD8FFB2E 		.ascii	"\275\217\373.\317\234\347\357\367\316;\357\177\276\345"
  29      CF9CE7EF 
  29      F7CE3BEF 
  29      7FBEE5
ARM GAS  /tmp/ccrVD8YA.s 			page 2


  30 0060 FF7DE73B 		.ascii	"\377}\347;\313\275(K\255\377\335f\222\224\021$IG\361"
  30      CBBD284B 
  30      ADFFDD66 
  30      92941124 
  30      4947F1
  31 0073 475F8971 		.ascii	"G_\211q\011>\\\226$+7@c\220Y4 \006\026\011\255\221\233"
  31      093E5C96 
  31      242B3740 
  31      63905934 
  31      20061609 
  32 008a 1037236E 		.ascii	"\0207#nbQ\200\230\271\033\"\356\210\2701\370b\356\334"
  32      62518098 
  32      B91B22EE 
  32      88B831F8 
  32      62EEDC
  33 009d 03110B22 		.ascii	"\003\021\013\"\036\014\276\230\205\373 \342\211\210"
  33      1E0CBE98 
  33      85FB20E2 
  33      8988
  34 00ab A7E87B61 		.ascii	"\247\350{a\337K\364\275\261\357-\372m\260\357C\036\333"
  34      DF4BF4BD 
  34      B1EF2DFA 
  34      6DB0EF43 
  34      1EDB
  35 00bd F00E88B4 		.ascii	"\360\016\210\264E\244\255\350\267\303~;\321o\217\375"
  35      45A4ADE8 
  35      B7C37E3B 
  35      D16F8FFD 
  36 00cd F6A2DF11 		.ascii	"\366\242\337\021\373\035H\253#\357\204HgD:\261.\200"
  36      FB1D48AB 
  36      23EF8448 
  36      67443AB1 
  36      2E80
  37 00df 74A6B60B 		.ascii	"t\246\266\013\357\212\270/\342]Y7@|\251\355\306\375"
  37      EF8AB82F 
  37      E25D5937 
  37      407CA9ED 
  37      C6FD
  38 00f1 10EF8EB8 		.ascii	"\020\357\216\270\037\203/\326\235\367@\244'\"=\230?"
  38      1F832FD6 
  38      9DF740A4 
  38      27223D98 
  38      3F
  39 0102 203D2952 		.ascii	" =)R\177\336\013\361H\304{\361@\354\367\306~o\321\017"
  39      7FDE0BF1 
  39      48C47BF1 
  39      40ECF7C6 
  39      7E6FD10F 
  40 0116 C07E80E8 		.ascii	"\300~\200\350\223L \353\003ZA\324\366\341\301\210\207"
  40      934C20EB 
  40      035A41D4 
  40      F6E1C188 
  40      87
  41 0127 201ECC83 		.ascii	" \036\314\203\354\375\020\036\212\375p\354\207\3620"
  41      ECFD101E 
  41      8AFD70EC 
  41      87F230
ARM GAS  /tmp/ccrVD8YA.s 			page 3


  42 0136 7B3F8CC1 		.ascii	"{?\214\301\027\013\347\021vk\021\024]$7\"\022\205H\024"
  42      170BE711 
  42      766B1114 
  42      5D243722 
  42      12854814 
  43 014a 21D10CA6 		.ascii	"!\321\014\246Ob\322\207\\6\030Mf7w\017\213\247\227\267"
  43      4F62D287 
  43      5C36184D 
  43      6637770F 
  43      8BA797B7 
  44 015e 4F9BB6ED 		.ascii	"O\233\266\355\332w\350\330\251s\227\256\276\335\374"
  44      DA77E8D8 
  44      A97397AE 
  44      BEDDFC
  45 016d BAF7E8E9 		.ascii	"\272\367\350\351\337\253w@`P\237\340\220\320\260\360"
  45      DFAB7740 
  45      60509FE0 
  45      90D0B0F0 
  46 017d 88C8A868 		.ascii	"\210\310\250h\366\241\034)\246\277\217\370\272\302\033"
  46      F6A11C29 
  46      A6BF8FF8 
  46      BAC21B
  47 018c 39DBBDB5 		.ascii	"9\333\275\265\251\334r\231\337\342\222\277\004?\367"
  47      A9DC7299 
  47      DFE292BF 
  47      043FF7
  48 019b 2C294D35 		.ascii	",)M5\341Of\300\237w\3267\\1\005\257\267Z\255\015Krk"
  48      E14F66C0 
  48      9F77D637 
  48      5C3105AF 
  48      B75AAD0D 
  49 01b2 4714196E 		.ascii	"G\024\031nq.\335\340\022\333\010\271\314f\276\310c\023"
  49      712EDDE0 
  49      12DB08B9 
  49      CC66BEC8 
  49      6313
  50 01c4 0B06C9EC 		.ascii	"\013\006\311\354\272\345Y\336\362\023\014\265\256V\345"
  50      BAE559DE 
  50      F2130CB5 
  50      AE56E5
  51 01d3 24790465 		.ascii	"$y\004eY\255\263\213\012\363\254\303@If9L\326\352\001"
  51      59ADB38B 
  51      0AF3ACC3 
  51      40496639 
  51      4CD6EA01 
  52 01e7 24B1CD2C 		.ascii	"$\261\315,\010\244\277\370:\035\006\207\222f}\311\231"
  52      08A4BFF8 
  52      3A1D0687 
  52      92667DC9 
  52      99
  53 01f8 795C687E 		.ascii	"y\\h~#4\015l\213^\323 \261\317H\363\306\201y\215\262"
  53      23340D6C 
  53      8B5ED320 
  53      B1CF48F3 
  53      C681798D 
  54 020d FC0C69E6 		.ascii	"\374\014i\346\357\250HcB\363\272\3204\262\255zM\243"
  54      EFA84863 
ARM GAS  /tmp/ccrVD8YA.s 			page 4


  54      42F3BAD0 
  54      34B2AD7A 
  54      4DA3
  55 021f C4724973 		.ascii	"\304rIsY\316\247\373\275\344\341\2449k\311\242mnB3)"
  55      59CEA7FB 
  55      BDE4E1A4 
  55      396BC9A2 
  55      6D6E4233 
  56 0234 CBF4DC2D 		.ascii	"\313\364\334-nb\333\364\212&\211mgA(\33547\367[\263"
  56      6E62DBF4 
  56      8A26896D 
  56      674128DD 
  56      3437F75B 
  57 0249 3C823457 		.ascii	"<\2024W6\257>\343\036\220\011\232\325w\362\307\027%"
  57      36AF3EE3 
  57      1E90099A 
  57      D577F2C7 
  57      1725
  58 025b 6658EF37 		.ascii	"fX\357773\344\234\347h@\374\003\215\343\025gjM\362\213"
  58      3733E49C 
  58      E76840FC 
  58      038DE315 
  58      676A4DF2 
  59 0270 22D66397 		.ascii	"\"\326c\227k8ig\334\005\306\032\355\317\037\240]\236"
  59      6B386967 
  59      DC05C61A 
  59      EDCF1FA0 
  59      5D9E
  60 0282 5D73DD5B 		.ascii	"]s\335[\036I\332\311\227\316\2553\010\355{\216\332\273"
  60      1E49DAC9 
  60      97CEAD33 
  60      08ED7B8E 
  60      DABB
  61 0294 1EA09DB6 		.ascii	"\036\240\235\266a\3562\223<J0_p\364\272\005\264SfW\337"
  61      61EE3293 
  61      3C4A305F 
  61      70F4BA05 
  61      B4536657 
  62 02a9 3F35AA68 		.ascii	"?5\252h\226\252mf\371B;\302\227\205jt\033\023\357\235"
  62      96AA6D66 
  62      F9423BC2 
  62      97856A74 
  62      1B13EF9D 
  63 02bd B59812A1 		.ascii	"\265\230\022\241\016\332\260\035,\200\355\204\317\027"
  63      0EDAB01D 
  63      2C80ED84 
  63      CF17
  64 02cb F0D9CD02 		.ascii	"\360\331\315\002\260\034\240\012\3660\023\303\015\005"
  64      B01CA00A 
  64      F63013C3 
  64      0D05
  65 02d9 84BF39BC 		.ascii	"\204\2779\274\372\023\243H\313\275t(\032;77\25151\266"
  65      FA13A348 
  65      CBBD7428 
  65      1A3B3737 
  65      A93531B6 
  66 02ed 970538E8 		.ascii	"\227\0058\350\024\335\311\313\036\366\353*\373t*\325"
ARM GAS  /tmp/ccrVD8YA.s 			page 5


  66      14DDC9CB 
  66      1EF6EB2A 
  66      FB742AD5 
  67 02fd F3124E7A 		.ascii	"\363\022Nz~TjM\254nn\356\371\000\235\002\235\216u\345"
  67      7E546A4D 
  67      AC6E6EEE 
  67      F9009D02 
  67      9D8E75E5 
  68 0311 D20C3EAF 		.ascii	"\322\014>\257\250\271y\350\003\024\366\353\235\314\277"
  68      A8B979E8 
  68      0314F6EB 
  68      9DCCBF
  69 0320 78EC614E 		.ascii	"x\354aN\012I\247\330\266+\227\246f^\321>m,\372\225C"
  69      0A49A7D8 
  69      B62B97A6 
  69      665ED13E 
  69      6D2CFA95 
  70 0335 2A45A492 		.ascii	"*E\244\222\271~\337y\017y\034\315M\342\315\324EL\270"
  70      B97EDF79 
  70      0F791CCD 
  70      4DE2CDD4 
  70      454CB8
  71 0348 5C98755C 		.ascii	"\\\230u\\\353\222\035p6\265\354 \231X\233r\253\310\320"
  71      EB921D70 
  71      36B5EC20 
  71      99589B72 
  71      ABC8D0
  72 035b 2A34D999 		.ascii	"*4\331\231\317C\244p\262\266!\317[~\223|\036^Qz\332"
  72      CF43A470 
  72      B2B621CF 
  72      5B7E937C 
  72      1E5E517A 
  73 0370 4D54D3A2 		.ascii	"MT\323\242\2549F\215\313\303N]\036q\325e1)\354_\271"
  73      AC39468D 
  73      CBC34E5D 
  73      1E71D565 
  73      3129EC5F 
  74 0385 23CD5B7E 		.ascii	"#\315[~\233\\\356\266\0369$2\233\221\354\350\262\304"
  74      9B5CEEB6 
  74      1E392432 
  74      9B91ECE8 
  74      B2C4
  75 0397 A9CB5257 		.ascii	"\251\313RW]\036%\205]\365\237dz\311S\310e\325\346b\253"
  75      5D1E2585 
  75      5DF59F64 
  75      7AC953C8 
  75      65D5E662 
  76 03ac A77099EA 		.ascii	"\247p\231\352\350\362\230S\227\307]uYF\0129\005\266"
  76      E8F29853 
  76      97C75D75 
  76      59460A39 
  76      05B6
  77 03be 3C1F54B0 		.ascii	"<\037T\260V\357?\244-L\247\005P\256\323\321:q\252pB"
  77      56EF3FA4 
  77      2D4CA705 
  77      50AED3D1 
  77      3A71AA70 
ARM GAS  /tmp/ccrVD8YA.s 			page 6


  78 03d3 A79051A8 		.ascii	"\247\220Q\250\215\305\251\312IW}\234\"\205\304\202\013"
  78      8DC5A9CA 
  78      49577D9C 
  78      2285C482 
  78      0B
  79 03e4 9764793A 		.ascii	"\227dy:\345\356\343\352\331\211&\371\237\324\257\316"
  79      E5EEE3EA 
  79      D98926F9 
  79      9FD4AFCE 
  80 03f4 FF699028 		.ascii	"\377i\220(\320\344C%\026k\252\352\333\235}\351t\367"
  80      D0E44325 
  80      166BAAEA 
  80      DB9D7DE9 
  80      74F7
  81 0406 F83477D9 		.ascii	"\3704w\331I\261\323U\227&\224X>J\235mW\250\320*\260"
  81      49B1D355 
  81      97269458 
  81      3E4A9D6D 
  81      57A8D02A 
  82 041b AF603B21 		.ascii	"\257`;!\377\247u\204\213.?t!\235q5\306\257Iau\343\354"
  82      FFA77584 
  82      8B2E3F74 
  82      219D7135 
  82      C6AF4961 
  83 0432 622EFF87 		.ascii	"b.\377\207\342*\276\230\272\333 \317ab\031\256\331h"
  83      E22ABE98 
  83      BADB20CF 
  83      616219AE 
  83      D968
  84 0444 15D35E9D 		.ascii	"\025\323^\235\252\213\262\322i\224\331\013\256l\360"
  84      AA8BB2D2 
  84      6994D90B 
  84      AE6CF0
  85 0453 110A4775 		.ascii	"\021\012GuQ\236u\210\362\234\032\3457\256G\371\255\253"
  85      519E7588 
  85      F29C1AE5 
  85      37AE47F9 
  85      ADAB
  86 0465 519ED797 		.ascii	"Q\236\327\227\344\361\254\023\017+\311\357\\uRE\012"
  86      E4F1AC13 
  86      0F2BC9EF 
  86      5C755245 
  86      0A
  87 0476 DB73AC39 		.ascii	"\333s\2549\006\021\310\232\255\331\303\354\207\212\207"
  87      0611C89A 
  87      ADD9C3EC 
  87      878A87
  88 0485 A4CF16FB 		.ascii	"\244\317\026\373\236\0246^\317\232)\026\326\212\245"
  88      9E14365E 
  88      CF9A2916 
  88      D68AA5
  89 0494 6F28F62D 		.ascii	"o(\366-\255\205\253u\3265\322NL\377\340\222\364\005"
  89      AD85AB75 
  89      D635D24E 
  89      4CFFE092 
  89      F405
  90 04a6 7D7ACAB2 		.ascii	"}z\312\262\276|Xz.\272\232\236\032W\323S\353Jz\352\\"
ARM GAS  /tmp/ccrVD8YA.s 			page 7


  90      BE7C587A 
  90      2EBA9A9E 
  90      1A57D353 
  90      EB4A7AEA 
  91 04bb 0AF8924B 		.ascii	"\012\370\222K\322\227\365\351)\177xz\256\270\232\236"
  91      D297F5E9 
  91      297F787A 
  91      AEB89A9E 
  92 04cb FFBA9A9E 		.ascii	"\377\272\232\236\037I\241\356\373\0259\036\362|\261"
  92      1F49A1EE 
  92      FB15391E 
  92      F27CB1
  93 04da 5A67AD9C 		.ascii	"Zg\255\234\273\330\253U@\254\276\365JeW]\312\3005\222"
  93      BBD8AB55 
  93      40ACBEF5 
  93      4A65575D 
  93      CAC03592 
  94 04ee 3E587CB3 		.ascii	">X|\263\226\313\213\204\257\302\015\225Y\312vv2\241"
  94      96CB8B84 
  94      AFC20D95 
  94      59CA7676 
  94      32A1
  95 0500 C4E180BE 		.ascii	"\304\341\200\276\356\364\034i\370\225s\304\350,#\215"
  95      EEF41C69 
  95      F89573C4 
  95      E82C238D 
  96 0510 626B3AFB 		.ascii	"bk:\373S\244\274D\370\\\265\370\322N\345\252y.\301\341"
  96      53A4BC44 
  96      F85CB5F8 
  96      D24EE5AA 
  96      792EC1E1 
  97 0524 1EC27E72 		.ascii	"\036\302~r\352\363\206\253>\233H\241bU\303)\213\274"
  97      EAF386AB 
  97      3E9B48A1 
  97      6255C329 
  97      8BBC
  98 0536 5C384D3E 		.ascii	"\\8M>Qz[\334D2\276u</o:\365\371\263\253>m:\205\352\313"
  98      517A5BDC 
  98      4432BE75 
  98      3C2F6F3A 
  98      F5F9B3AB 
  99 0550 0E9B93D3 		.ascii	"\016\233\223\3233\366\027W\326\306-\235\203\242s\332"
  99      33F61757 
  99      D6C62D9D 
  99      83A273DA 
 100 0560 1DD6A9FD 		.ascii	"\035\326\251\375\333\256\330\277\243\267\177\373\241"
 100      DBAED8BF 
 100      A3B77FFB 
 100      A1
 101 056d F6EFBA62 		.ascii	"\366\357\272b\377\036\011\177\27211\337SN\023\223\262"
 101      FF1E097F 
 101      BA3131DF 
 101      534E1393 
 101      B2
 102 057e AE396DBE 		.ascii	"\2569m\276Id\353\212\303\355\302\215\335w:+\315\256"
 102      4964EB8A 
 102      C3EDC28D 
ARM GAS  /tmp/ccrVD8YA.s 			page 8


 102      DD773A2B 
 102      CDAE
 103 0590 DE62E0C1 		.ascii	"\336b\340\301\026\024.\336\250/\364\222\327\012\247"
 103      16142EDE 
 103      A82FF492 
 103      D70AA7
 104 059f A756640F 		.ascii	"\247Vd\017\027>\353\263\034}\316\342\316|\316\346.\372"
 104      173EEBB3 
 104      1C7DCEE2 
 104      CE7CCEE6 
 104      2EFA
 105 05b1 4C2085EF 		.ascii	"L \205\357V\324]7\310\353\204\317\224\371W;\011\237"
 105      56D45D37 
 105      C8EB84CF 
 105      94F9573B 
 105      099F
 106 05c3 B71C361D 		.ascii	"\267\0346\0357\226\350\324\347G\256\372\234\303\003"
 106      3796E8D4 
 106      E747AEFA 
 106      9CC303
 107 05d2 F40F3360 		.ascii	"\364\0173``\313\205\344rwy\223\340\320\230s\351cqc\254"
 107      60CB85E4 
 107      72777993 
 107      E0D09873 
 107      E9637163 
 108 05e7 4ED25D02 		.ascii	"N\322]\002\346\362\326[\313<\2420;;\355\250\267\274"
 108      E6F2D65B 
 108      CB3CA230 
 108      3B3BEDA8 
 108      B7BC
 109 05f9 4558D855 		.ascii	"EX\330U:\377\264\330,\212r\266Z[\2665w6\337\211\201"
 109      3AFFB4D8 
 109      2C8A72B6 
 109      5A5BB635 
 109      7736DF89 
 110 060e 0564E06C 		.ascii	"\005d\340l\372\365;f9W\030(\277\272!AP(\332\352h\340"
 110      FAF53B66 
 110      39571828 
 110      BFBA2141 
 110      5028DAEA 
 111 0624 63270692 		.ascii	"c'\006\222\310@\312\346\252\033F9O\0308\262\2731_)\230"
 111      C840CAE6 
 111      AA1B4639 
 111      4F1838B2 
 111      BB315F29 
 112 0639 85BA1816 		.ascii	"\205\272\030\026:\261\260\210,,-<\223d\224w\012\013"
 112      3AB1B088 
 112      2C2C2D3C 
 112      93649477 
 112      0A0B
 113 064b 9B56EE3B 		.ascii	"\233V\356;\247\334\233\027]4j\364\223\235\350\247@V"
 113      A7DC9B17 
 113      5D346AF4 
 113      939DE8A7 
 113      4056
 114 065d E11E87B7 		.ascii	"\341\036\207\267\034|\320\376\344\3441.\347+3Z\275\363"
 114      1C7CD0FE 
ARM GAS  /tmp/ccrVD8YA.s 			page 9


 114      E4E4312E 
 114      E72B335A 
 114      BDF3
 115 066f 4BE51C49 		.ascii	"K\345\034I\313*\361\264\266\234#l\261\323)]\"\322\261"
 115      CB2AF1B4 
 115      B69C236C 
 115      B1D3295D 
 115      22D2B1
 116 0682 A720C15D 		.ascii	"\247 \301].\0206\276_Q\367\243Y\334{We\2314\026>qja"
 116      2E1036BE 
 116      5F51F7A3 
 116      59DC7B57 
 116      65993416 
 117 069a 2959C85C 		.ascii	")Y\310\\v \321C>(,\330j\317\3372\252\013\350\230C>\226"
 117      7620D143 
 117      3E282CD8 
 117      6ACFDF32 
 117      AA0BE898 
 118 06b1 39896739 		.ascii	"9\211g9\017\310mWdmn\336Qp \335\003.\300\370\362\201"
 118      0FC86D57 
 118      646D6EDE 
 118      517020DD 
 118      032EC0F8 
 119 06c7 532B536B 		.ascii	"S+Sk\220\260\212\214\324\232\2505KXSn\324\272S\353A"
 119      90B08A8C 
 119      D49AA835 
 119      4B58536E 
 119      D4BA53EB 
 120 06dc B158888F 		.ascii	"\261X\210\217'\331\364\242\326[\002\352>\320\270\267"
 120      27D9F4A2 
 120      D65B02EA 
 120      3ED0B8B7 
 121 06ec C1A62DA9 		.ascii	"\301\246-\251\267#\225\366\014\215w\000\330\255#6\235"
 121      B72395F6 
 121      0C8D7700 
 121      D8AD2336 
 121      9D
 122 06fd 242CD2CE 		.ascii	"$,\322\316\022\226i\027\004\272b\343Kh7\206\257'\374"
 122      12966917 
 122      04BA62E3 
 122      4B683786 
 122      AF27FC
 123 0710 10E88E16 		.ascii	"\020\350\216\026{`\257'\231\361g\370\232\245\027\276"
 123      7B60AF27 
 123      99F167F8 
 123      9AA517BE 
 124 0720 70E94D93 		.ascii	"p\351M\223\033\200c\2014\026\204h\037\232\262`DC\010"
 124      1B806381 
 124      34168468 
 124      1F9AB260 
 124      444308
 125 0733 0D45348C 		.ascii	"\015E4\214.\343\341\210F\020\032\211h\024]^\243)\230"
 125      2EE3E188 
 125      46101A89 
 125      68145D5E 
 125      A32998
 126 0746 BE144C3F 		.ascii	"\276\024L?\352\367\247\376\000t=\020\233G\310\323\243"
ARM GAS  /tmp/ccrVD8YA.s 			page 10


 126      EAF7A7FE 
 126      00743D10 
 126      9B47C8D3 
 126      A3
 127 0757 D81D84CD 		.ascii	"\330\035\204\315c\344\343q\354\016\306\3467\030\354"
 127      63E4E371 
 127      EC0EC6E6 
 127      3718EC
 128 0766 13D83C49 		.ascii	"\023\330<I~\206 8\024\233a\010>\205\315\323\344\353"
 128      7E862038 
 128      149B6108 
 128      3E85CDD3 
 128      E4EB
 129 0778 B708FE0E 		.ascii	"\267\010\376\016\233g\240\361\370=4\226g\261\367\034"
 129      9B67A0F1 
 129      F83D3496 
 129      67B1F71C 
 130 0788 36C369C9 		.ascii	"6\303i\311\375\001\207\377\210\315\363\010\376\011e"
 130      FD0187FF 
 130      88CDF308 
 130      FE0965
 131 0797 5EC0DE9F 		.ascii	"^\300\336\237\261\031A\253\352/8\374\"6/!8\022\233\277"
 131      B11941AB 
 131      EA2F38FC 
 131      22362F21 
 131      38129BBF 
 132 07ab 62F332AD 		.ascii	"b\3632\255\231\277a\240\257P\366\377\316\360\035\321"
 132      99BF61A0 
 132      AF50F6FF 
 132      CEF01DD1 
 133 07bb 3FF06DD1 		.ascii	"?\360m\321\253\210\216\"\3645\374\375:\376\036M\277"
 133      AB888E22 
 133      F435FCFD 
 133      3AFE1E4D 
 133      BF
 134 07cc DFC0DF63 		.ascii	"\337\300\337c"
 135 07d0 68FEC762 		.ascii	"h\376\307bf\306\241\323\361\330\213\301\336\004\354"
 135      66C6A1D3 
 135      F1D88BC1 
 135      DE04EC
 136 07df BD89BDB7 		.ascii	"\275\211\275\267P'\226R8\021\301\267i\336'\221\346d"
 136      50279652 
 136      3811C1B7 
 136      69DE2791 
 136      E664
 137 07f1 1C8BA3B1 		.ascii	"\034\213\243\261)86\225\306\336\241\261i86\235\306\342"
 137      29383695 
 137      C6DEA1B1 
 137      6938369D 
 137      C6E2
 138 0803 71EC5D1A 		.ascii	"q\354]\032{\217\306\336\3078f`\363\00163\261\221\244"
 138      7B8FC6DE 
 138      C7386660 
 138      F3013633 
 138      B191A4
 139 0816 1A7C0F23 		.ascii	"\032|\017#\325bW\376\206\315nh(\360\303\26726\336\026"
 139      D56257FE 
ARM GAS  /tmp/ccrVD8YA.s 			page 11


 139      86CD6E68 
 139      28F0C3B7 
 139      3236DE16 
 140 082a 974DCDC9 		.ascii	"\227M\315\311\0127|\257g\200\222^\301}%\224H\031\"\004"
 140      0A377CAF 
 140      6780925E 
 140      C17D2594 
 140      48192204 
 141 083e DA2948C2 		.ascii	"\332)H\302\2229\327.\271\013\254\203\215\267\307\227"
 141      9239D72E 
 141      B90BAC83 
 141      8DB7C797 
 142 084e 04571794 		.ascii	"\004W\027\224\311\2447Tb\251B*}\316y\263\020\352\010"
 142      C9A43754 
 142      62A9422A 
 142      7DCE79B3 
 142      10EA08
 143 0861 72B8E79E 		.ascii	"r\270\347\236\235\177\333\233\204\206Il\245\020Z:\247"
 143      9D7FDB9B 
 143      8486496C 
 143      A5105A3A 
 143      A7
 144 0872 8609A14E 		.ascii	"\206\011\241N`\011D\311\343\266\302\020\001vF\333)\353"
 144      600944C9 
 144      E3B6C210 
 144      017646DB 
 144      29EB
 145 0884 2EB8A39A 		.ascii	".\270\243\232y\246\304\322T\006\305\2513\204H\027P\305"
 145      79A6C4D2 
 145      5406C5A9 
 145      33844817 
 145      50C5
 146 0896 1B49DA86 		.ascii	"\033I\332\206\004\0372\016Ko\225\220Zn\022\"]A\012D"
 146      041F320E 
 146      4B6F9590 
 146      5A6E1222 
 146      5D410A44 
 147 08aa 72D7DEBC 		.ascii	"r\327\336\274\317H\004Vd\272J\262^\361\357\013rxnV|"
 147      CF480456 
 147      64BA4AB2 
 147      5EF1EF0B 
 147      72786E56 
 148 08bf 5F212281 		.ascii	"_!\"\201\005\273Zd\340\347\005'R_\026R~\332$\231\350"
 148      05BB5A64 
 148      E0E70527 
 148      525F1652 
 148      7EDA2499 
 149 08d4 816EE72F 		.ascii	"\201n\347/k\257z\255f\253\360\255\232\215wck\360U2["
 149      6BAF7AAD 
 149      66ABF0AD 
 149      9A8D7763 
 149      6BF05532 
 150 08e9 CB5733E9 		.ascii	"\313W3\351\014K,K\030\253h\332\270\330,j\361\015:\245"
 150      0C4B2C4B 
 150      18AB68DA 
 150      B8D82C6A 
 150      F10D3AA5 
ARM GAS  /tmp/ccrVD8YA.s 			page 12


 151 08fd 3EA38718 		.ascii	">\243\207\030\352\016V>\313*I$r\374+\330\270\351\037"
 151      EA0E563E 
 151      CB2A4924 
 151      72FC2BD8 
 151      B8E91F
 152 0910 FB906590 		.ascii	"\373\220e\220N\015N\207\\\213oxQoIcq\205Q\367\266\015"
 152      4E0D4E87 
 152      5C8B6F78 
 152      516F4963 
 152      718551F7 
 153 0926 EA1BEB17 		.ascii	"\352\033\353\027\213\024\327\224v{\305\225\207\353\216"
 153      8B14D794 
 153      767BC595 
 153      87EB8E
 154 0935 5EBE01B3 		.ascii	"^\276\001\263L\016.{\330\270;%\322$~\367\004HM[\252"
 154      4C0E2E7B 
 154      D8B83B25 
 154      D2247EF7 
 154      04484D5B 
 155 094a 82F5B271 		.ascii	"\202\365\262q\177\200E\006\232\230\000{k\023 ;$`\026"
 155      7F804506 
 155      9A98007B 
 155      6B13203B 
 155      246016
 156 095d DCC92361 		.ascii	"\334\311#a\232@\223}JI\310\302$ \343\305%\212z\000\270"
 156      9A40937D 
 156      4A49C8C2 
 156      2420E3C5 
 156      258A7A00 
 157 0972 D2FA0D04 		.ascii	"\322\372\015\004H\3577\210\374\0068\372\355\343\324"
 157      48EF3788 
 157      FC0638FA 
 157      EDE3D4
 158 0981 5190E268 		.ascii	"Q\220\342h\235\352\250Bu\024\014\266\265\216B\000\322"
 158      9DEAA842 
 158      75140CB6 
 158      B58E4200 
 158      D2
 159 0992 3B0A2547 		.ascii	";\012%G\301\216\216\302\234:\012U\034\255\267GT\246"
 159      C18E8EC2 
 159      9C3A0A55 
 159      1CADB747 
 159      54A6
 160 09a4 C887836D 		.ascii	"\310\207\203m\255\243\010\200\364\216\"\311Q\270\243"
 160      ADA30880 
 160      F48E22C9 
 160      51B8A3
 161 09b3 A328A78E 		.ascii	"\243(\247\216\"\025G\033\024G\015\333\312+d\241\020"
 161      2215471B 
 161      14470DDB 
 161      CA2B64A1 
 161      10
 162 09c4 CD02C482 		.ascii	"\315\002\304\202<U\256\230\350\213\010\024Ye\202-\311"
 162      3C55AE98 
 162      E88B0814 
 162      5965822D 
 162      C9
ARM GAS  /tmp/ccrVD8YA.s 			page 13


 163 09d5 AF657E66 		.ascii	"\257e~fm\330\233d\306\371\301?\261lT\312\256\006\313"
 163      6DD89B64 
 163      C6F9C13F 
 163      B16C54CA 
 163      AE06CB
 164 09e8 158AC80C 		.ascii	"\025\212\310\014-\251\334\363l\011\270y\373\301\357"
 164      2DA9DCF3 
 164      6C09B879 
 164      FBC1EF
 165 09f7 A8FA2CB0 		.ascii	"\250\372,\260\323f\333\013\325M)\324m\2473\215B\270"
 165      D366DB0B 
 165      D54D29D4 
 165      6DA7338D 
 165      42B8
 166 0a09 1F0BF4A5 		.ascii	"\037\013\364\245!w\325\314\306\205\212\347(U\261\216"
 166      2177D5CC 
 166      C6858AE7 
 166      2855B18E 
 167 0a19 790059F3 		.ascii	"y\000Y\363\226\035\361 \357\226\2643\233\201\274\207"
 167      961DF120 
 167      EF96B433 
 167      9B81BC87 
 168 0a29 622AE58C 		.ascii	"b*\345\214\302\275\277j\311\",\225'\354X\250\211\341"
 168      C2BDBF6A 
 168      C9222C95 
 168      27EC58A8 
 168      89E1
 169 0a3b D4AE9BA5 		.ascii	"\324\256\233\245^\310\310\035\316\230M\252a\013\304"
 169      5EC8C81D 
 169      CE984DAA 
 169      610BC4
 170 0a4a ECBE0F0D 		.ascii	"\354\276\017\015\367\367\330\"\014{\266\250G+\245\242"
 170      F7F7D822 
 170      0C7BB6A8 
 170      472BA5A2 
 171 0a5a CAC3A897 		.ascii	"\312\303\250\227:\232\307\225h5\203\336\352\340\006"
 171      3A9AC795 
 171      683583DE 
 171      EAE006
 172 0a69 590DA165 		.ascii	"Y\015\241e\320G\215\375\254\232\377\017\200V\351\374"
 172      D0478DFD 
 172      AC9AFF0F 
 172      8056E9FC 
 173 0a79 FBD78816 		.ascii	"\373\327\210\026\257\323,\323\034.Bi#\014\236H\270d"
 173      AFD32CD3 
 173      1C2E4269 
 173      230C9E48 
 173      B864
 174 0a8b 0FC5867F 		.ascii	"\017\305\206\177p\242\301\266\352`\235Z\322-c\355\324"
 174      70A2C1B6 
 174      EA609D5A 
 174      D22D63ED 
 174      D4
 175 0a9c B10B2ACD 		.ascii	"\261\013*\315\226\261\366\352\330~\225e\313X\007u\023"
 175      96B1F6EA 
 175      D87E9565 
 175      CB580775 
ARM GAS  /tmp/ccrVD8YA.s 			page 14


 175      13
 176 0aad FF4E2539 		.ascii	"\377N%9\303N\246\243\030\253\232\373\363\252\177\211"
 176      C34EA6A3 
 176      18AB9AFB 
 176      F3AA7F89 
 177 0abd B101C047 		.ascii	"\261\001\300G[\252\003\001\202\230\316mZ\177\234SLg"
 177      5BAA0301 
 177      8298CE6D 
 177      5A7F9C53 
 177      4C67
 178 0acf 9A5B62DA 		.ascii	"\232[b\332,\366\276=\231\336B\370\021\220\\\236|:_\376"
 178      2CF6BE3D 
 178      99DE42F8 
 178      11905C9E 
 178      7C3A5FFE 
 179 0ae3 F71DB80B 		.ascii	"\367\035\270\013\271\335\342\236\367\360$\321n\007\236"
 179      B9DDE29E 
 179      F7F024D1 
 179      6E079E
 180 0af2 F47353F2 		.ascii	"\364sS\362\322|\2065\235\202R^l\013\3777\373\0149\301"
 180      D27C8635 
 180      9D82525E 
 180      6C0BFF37 
 180      FB0C39C1 
 181 0b06 58E59579 		.ascii	"X\345\225y\345\206\350\317\254)\326\242\301\370g\204"
 181      E586E8CF 
 181      AC29D6A2 
 181      C1F86784 
 182 0b16 AD50E5C0 		.ascii	"\255P\345\300\203nP\271<Z\"\276\367U\276\217B\216\264"
 182      836E50B9 
 182      3C5A22BE 
 182      F755BE8F 
 182      428EB4
 183 0b29 7C0701D4 		.ascii	"|\007\001\324\212\327c\017\344\245'\262\355W\210l'\""
 183      8AD7630F 
 183      E4A527B2 
 183      ED57886C 
 183      2722
 184 0b3b 8388481E 		.ascii	"\203\210H\036\020\201\204\237K\310Z\344\247\026M\313"
 184      1081849F 
 184      4BC85AE4 
 184      A7164DCB 
 185 0b4b 9AE8A4A6 		.ascii	"\232\350\244\246\365\260\302\352q\030\327\262\034\014"
 185      F5B0C2EA 
 185      7118D7B2 
 185      1C0C
 186 0b59 502B96BF 		.ascii	"P+\226\277\371\277Y\356p\316r\024\262\374\234X\016&"
 186      F9BF59EE 
 186      70CE7214 
 186      B2FC9C58 
 186      0E26
 187 0b6b 963B8125 		.ascii	"\226;\201%\362\351\254\036&\212\247'\2643\202\177u\335"
 187      F2E9AC1E 
 187      268AA727 
 187      B433827F 
 187      75DD
 188 0b7d A5D44317 		.ascii	"\245\324C\027\345\364P\252\357I\033\2248\205\271\336"
ARM GAS  /tmp/ccrVD8YA.s 			page 15


 188      E5F450AA 
 188      EF491B94 
 188      3885B9DE 
 189 0b8d BBD502F6 		.ascii	"\273\325\002\366\001\306\235\022!\262':\243jW5\346\023"
 189      01C69D12 
 189      21B2273A 
 189      A36A5735 
 189      E613
 190 0b9f E9A714F5 		.ascii	"\351\247\024\365! \257\215z(@\255\242\036\366\177G\375"
 190      2120AF8D 
 190      7A2840AD 
 190      A21EF67F 
 190      47FD
 191 0bb1 C5AF449D 		.ascii	"\305\257D\235OQ\017\245\250w+Q\373\352\242~\312\036"
 191      4F510FA5 
 191      A8772B51 
 191      FBEAA27E 
 191      CA1E
 192 0bc3 6637C730 		.ascii	"f7\3070\237\266\301\252$\356U\351\323\004\364[(f\244"
 192      9FB6C1AA 
 192      24EE55E9 
 192      D304F45B 
 192      2866A4
 193 0bd6 7E5EA1FE 		.ascii	"~^\241\376;\200\300m\332\331\332&:\371\341j\304\366"
 193      3B80C06D 
 193      DAD9DA26 
 193      3AF9E16A 
 193      C4F6
 194 0be8 88482AE7 		.ascii	"\210H*\347\252\273\3653 \207JU\212\322\357E\345\331"
 194      AABBF533 
 194      20874A55 
 194      8AD2EF45 
 194      E5D9
 195 0bfa FF108A7F 		.ascii	"\377\020\212\177n\334+\224\252\314B\344Y\220B\225&E"
 195      6EDC2B94 
 195      AACC42E4 
 195      59904295 
 195      2645
 196 0c0c E539B2F2 		.ascii	"\3459\262\362\254`S\243\330\035\016\270@\352\322U\316"
 196      AC6053A3 
 196      D81D0EB8 
 196      40EAD255 
 196      CE
 197 0c1d 7F00DB5A 		.ascii	"\177\000\333Z\202\177\004\310n\334\316\350y\030\320"
 197      827F04C8 
 197      6EDCCEE8 
 197      7918D0
 198 0c2c 32FA13CC 		.ascii	"2\372\023\314\251\312[\245\360\002\300Z\012\177&\265"
 198      A9CA5BA5 
 198      F002C05A 
 198      0A7F26B5 
 199 0c3c 171C298C 		.ascii	"\027\034)\214\000\\ \327\354\024\376\002\306\264\024"
 199      005C20D7 
 199      EC14FE02 
 199      C6B414
 200 0c4b 5E0408C2 		.ascii	"^\004\010\302]\362Q~>]\341\360O\235\373\364\214^\002"
 200      5DF2517E 
ARM GAS  /tmp/ccrVD8YA.s 			page 16


 200      3E5DE1F0 
 200      4F9DFBF4 
 200      8C5E02
 201 0c5e 39ADF791 		.ascii	"9\255\367\221\220~\255\367\277\222\310HG\357/\003.\216"
 201      907EADF7 
 201      BF92C848 
 201      47EF2F03 
 201      2E8E
 202 0c70 EE4B0AF2 		.ascii	"\356K\012\3627\033\334t4\245\365\012@\372\023\365\037"
 202      371BDC74 
 202      34A5F50A 
 202      40FA13F5 
 202      1F
 203 0c81 36FE7780 		.ascii	"6\376w\200I1\263#b\332\2627\266\272\227\370\301Z\000"
 203      4931B323 
 203      62DAB237 
 203      B6BA97F8 
 203      C15A00
 204 0c94 2D564087 		.ascii	"-V@\207\353~\252\250\341\342\350\374A)!\017<L\251\372"
 204      EB7EAAA8 
 204      E1E2E8FC 
 204      4129210F 
 204      3C4CA9FA 
 205 0ca8 DB40E576 		.ascii	"\333@\345v]\012\325\377\224/V\224\237z\355\252\237\245"
 205      5D0AD5FF 
 205      942F5694 
 205      9F7AEDAA 
 205      9FA5
 206 0cba 9C82AF02 		.ascii	"\234\202\257\002)-\303Q\000\351\031\276F\014_\025\014"
 206      292DC351 
 206      00E919BE 
 206      460C5F15 
 206      0C
 207 0ccb 3B2B0CB5 		.ascii	";+\014\265\224B\210\322k\012\245B\2424\202J\270\273"
 207      944288D2 
 207      6B0AA542 
 207      A234824A 
 207      B8BB
 208 0cdd 7AB6FEA8 		.ascii	"z\266\376\250n@\026;7\270b\276\322\255\011\270\215\362"
 208      6E40163B 
 208      37B862BE 
 208      D2AD09B8 
 208      8DF2
 209 0cef 4BDF9B81 		.ascii	"K\337\233\201\007`\017\205^\305U%\177\257\333\240\030"
 209      07600F85 
 209      5EC55525 
 209      7FAFDBA0 
 209      18
 210 0d00 35EC4603 		.ascii	"5\354F\003\244g\367\006\261{\375a\354\336P\330\025\021"
 210      A467F706 
 210      B17BFD61 
 210      ECDE50D8 
 210      1511
 211 0d12 BB97E91A 		.ascii	"\273\227\351\032\321\223\256\021\376\344\025.\342\367"
 211      D193AE11 
 211      FEE4152E 
 211      E2F7
ARM GAS  /tmp/ccrVD8YA.s 			page 17


 212 0d20 570F1126 		.ascii	"W\017\021&\307\330\270\014F\266m\256\254\020\267\354"
 212      C7D8B80C 
 212      46B66DAE 
 212      AC10B7EC 
 213 0d30 BB7090F8 		.ascii	"\273p\220\370H\354\000\367U\266\323d%\2321\364 !\266"
 213      48EC00F7 
 213      55B6D364 
 213      259A31F4 
 213      2021B6
 214 0d43 D35EC24E 		.ascii	"\323^\302N\352\2342\345\000\033Kw\245\010\272+y\010"
 214      EA9C32E5 
 214      001B4B77 
 214      A508BA2B 
 214      7908
 215 0d55 689CE32D 		.ascii	"h\234\343-\033nIc\225[\322A\345\226]\231\260\225\265"
 215      1B6E4963 
 215      955BD241 
 215      E5965D99 
 215      B095B5
 216 0d68 C8DAFFB3 		.ascii	"\310\332\377\263\202\305_b\207\354\256z\333])\3238\276"
 216      82C55F62 
 216      87ECAE7A 
 216      DB5D29D3 
 216      38BE
 217 0d7a B5AB9856 		.ascii	"\265\253\230V\256\306+\256\016\333]\251W\011\224\255"
 217      AEC62BAE 
 217      0EDB5DA9 
 217      570994AD 
 218 0d8a CFCB28A6 		.ascii	"\317\313(\246\222\263\300\223\372\021\273\253\000\325"
 218      92B3C093 
 218      FA11BBAB 
 218      00D5
 219 0d98 D5696529 		.ascii	"\325ie)Lh\355\352\315V\256&(\256\212\355\256v\311-\262"
 219      4C68EDEA 
 219      CD56AE26 
 219      28AE8AED 
 219      AE76C92D 
 220 0dad 0B6F3796 		.ascii	"\013o7\226\323\332\263xH\254\304\356*P\255\316\246\037"
 220      D3DAB378 
 220      48ACC4EE 
 220      2A50ADCE 
 220      A61F
 221 0dbf CCBA8782 		.ascii	"\314\272\207\202\345x\351\317\304{\037+E+o\011\006X"
 221      E578E9CF 
 221      C47B1F2B 
 221      452B6F09 
 221      0658
 222 0dd1 18F43B16 		.ascii	"\030\364;\026 Ma\0206\221\210\276%\256\252\247\271\000"
 222      204D6110 
 222      369188BE 
 222      25AEAAA7 
 222      B900
 223 0de3 DFD615C7 		.ascii	"\337\326\025\307\020\242;Q\241{T\\U\241\026\276^3R("
 223      10A23B51 
 223      A17B545C 
 223      55A116BE 
 223      5E335228 
ARM GAS  /tmp/ccrVD8YA.s 			page 18


 224 0df7 4C824906 		.ascii	"L\202I\006\235\373\011_\355\022\265\320,j\341\230\262"
 224      9DFB095F 
 224      ED12B5D0 
 224      2C6AE198 
 224      B2
 225 0e08 490729A4 		.ascii	"I\007)\244\267\377\\a\026\032\223mp3\325p\213\003H\317"
 225      B7FF5C61 
 225      161A936D 
 225      7033D570 
 225      8B0348CF 
 226 0e1c 6D0A719B 		.ascii	"m\012q\233,\270A\275\0208U\307\355I\3426E\341v\334\316"
 226      2CB841BD 
 226      103855C7 
 226      ED49E236 
 226      45E176DC 
 227 0e31 EDDA9A51 		.ascii	"\355\332\232QB\341\035\033gv\"}\304R;\227\220\233\034"
 227      42E11D1B 
 227      6776227D 
 227      C4523B97 
 227      909B1C
 228 0e44 2E86995A 		.ascii	".\206\231Z\234pM\203@\002\267\024d\303\367;A\347\013"
 228      9C704D83 
 228      4002B714 
 228      64C3F73B 
 228      41E70B
 229 0e57 F2591D03 		.ascii	"\362Y\035\003\323\261\201\351\005\277\000\024\027TV"
 229      D3B181E9 
 229      05BF0014 
 229      175456
 230 0e66 D0049027 		.ascii	"\320\004\220'\344\007 \224\232\012P\015\256\311`u\005"
 230      E4072094 
 230      9A0A500D 
 230      AEC96075 
 230      05
 231 0e77 E7260F16 		.ascii	"\347&\017\026f=5\205\030\242\216\026&\207\250\243-\265"
 231      663D3585 
 231      18A28E16 
 231      2687A8A3 
 231      2DB5
 232 0e89 13AA52BA 		.ascii	"\023\252R\272\230\034\241\243\004\243a\352t\337]\354"
 232      981CA1A3 
 232      04A361EA 
 232      74DF5DEC 
 233 0e99 2E46A7E9 		.ascii	".F\247\35127\035 }\346\342)s\323D\346\352\225\314\275"
 233      32371D20 
 233      7DE6E229 
 233      73D344E6 
 233      EA95CCBD 
 234 0ead ABCBDC70 		.ascii	"\253\313\334p\312\\\274\222\271\262\226Y]\033/\024\336"
 234      CA5CBC92 
 234      B9B29659 
 234      5D1B2F14 
 234      DE
 235 0ebe D3662E5C 		.ascii	"\323f.\\\245iS\203\360R\253\262\216q\220\014\201\204"
 235      A5695383 
 235      F052ABB2 
 235      8E71900C 
ARM GAS  /tmp/ccrVD8YA.s 			page 19


 235      8184
 236 0ed0 B05068DE 		.ascii	"\260Ph\336\013\333Rx\031\022\345\006D\0214#8=,\275p"
 236      0BDB5278 
 236      1912E506 
 236      44113423 
 236      383D2CBD 
 237 0ee5 1DAF635E 		.ascii	"\035\257c^\020<\202\236\010\276\033Vi\006\323\021\352"
 237      103C829E 
 237      08BE1B56 
 237      6906D311 
 237      EA
 238 0ef6 ADB679B1 		.ascii	"\255\266y\261Q\230~\337~\253\215To\303\271I\335\304"
 238      51987EDF 
 238      7EAB8D54 
 238      6FC3B949 
 238      DDC4
 239 0f08 D3B34CCF 		.ascii	"\323\263L\317\362\344V\266\361\366\006\2603\306\377"
 239      F2E456B6 
 239      F1F606B0 
 239      33C6FF
 240 0f17 EEDE7FC1 		.ascii	"\356\336\177\301W\200d\343\3604V\307\2146\336\326\260"
 240      578064E3 
 240      F03456C7 
 240      8C36DED6 
 240      B0
 241 0f28 2F19C21B 		.ascii	"/\031\302\033\355\277\017\266M\370\306\261\321\341\240"
 241      EDBF0FB6 
 241      4DF8C6B1 
 241      D1E1A0
 242 0f37 04DB5C3B 		.ascii	"\004\333\\;C\031\216E\370'\355\370\034\306\"p\314-\034"
 242      43198E45 
 242      F827EDF8 
 242      1CC62270 
 242      CC2D1C
 243 0f4a 27324A4D 		.ascii	"'2JM\367\221/et\247K\231\321\341\231\277\234vI\223x"
 243      F7912F65 
 243      74A74B99 
 243      D1E199BF 
 243      9C764993 
 244 0f5f 462BE682 		.ascii	"F+\346\202\336L\332\272\353\260k4\301\260\241'4\306"
 244      DE4CDABA 
 244      EBB06B34 
 244      C1B0A127 
 244      34C6
 245 0f71 48340E57 		.ascii	"H4\016W\031\271\222\315j#5q&Ua\307\206\317$u\314\333"
 245      19B992CD 
 245      6A233571 
 245      265561C7 
 245      86CF2475 
 246 0f87 C6BBCBE9 		.ascii	"\306\273\313\351\333\033@\362\003\237\372\2350{3:|\016"
 246      DB1B40F2 
 246      039FFA9D 
 246      307B333A 
 246      7C0E
 247 0f99 B7DFF723 		.ascii	"\267\337\367#\356\026\256"
 247      EE16AE
 248 0fa0 037066D4 		.ascii	"\003pf\324\371\212\016\260\0253I\202\373\324\343\343"
ARM GAS  /tmp/ccrVD8YA.s 			page 20


 248      F98A0EB0 
 248      15334982 
 248      FBD4E3E3 
 249 0fb0 DE8A1D1B 		.ascii	"\336\212\035\033;e\372\350\351\361c\306N\212\211\354"
 249      3B65FAE8 
 249      E9F163C6 
 249      4E8A89EC 
 250 0fc0 F75854FF 		.ascii	"\367XT\377\250\031\32113\342\243\337\2372i\302\364\351"
 250      A819D131 
 250      33E2A3DF 
 250      9F3269C2 
 250      F4E9
 251 0fd2 93E87BDC 		.ascii	"\223\350{\334\264\017\246\306GO\2376.z\334\224\361\261"
 251      B40FA6C6 
 251      474F9F36 
 251      2E7ADC94 
 251      F1B1
 252 0fe4 716F468D 		.ascii	"qoF\215\223xl\23416\356\371\2308y\312\273\361&\370@"
 252      93786C9C 
 252      3136EEF9 
 252      983879CA 
 252      BBF126F8 
 253 0ff9 97C5B289 		.ascii	"\227\305\262\211\346\251\223"
 253      E6A993
 254 1000 C6C4C6BD 		.ascii	"\306\304\306\2754\3234y\314\214\341\343g\310\023\243"
 254      34D33479 
 254      CC8CE1E3 
 254      67C813A3 
 255 1010 FAC2A71F 		.ascii	"\372\302\247\037|\372\303g\2009vB\374\344\251Q\003y"
 255      7CFAC367 
 255      80397642 
 255      FCE4A951 
 255      0379
 256 1022 8CDA7D84 		.ascii	"\214\332}\204\307\0144\304\014\214zT\216\215\032\004"
 256      C70C34C4 
 256      0C8C7A54 
 256      8E8D1A04 
 257 1032 9FC7E0F3 		.ascii	"\237\307\340\363\270\001T\372b\323\017\233\376|l?>\026"
 257      B80154FA 
 257      62D30F9B 
 257      FE7C6C3F 
 257      3E16
 258 1044 DA013CA6 		.ascii	"\332\001<\246\037\217\351o\230:f\374\000l\006\232c\342"
 258      1F8FE96F 
 258      983A66FC 
 258      006C069A 
 258      63E2
 259 1056 C63F1F1B 		.ascii	"\306?\037\033\027\363?K\225\354\314"
 259      17F33F4B 
 259      95ECCC
 260              		.text
 261              		.section	.gnu.lto_.symbol_nodes.1a287bcbf822a488,"",%progbits
 262 0000 789C6366 		.ascii	"x\234cf``\220f\200\002\246SL\365\014\014\023\31610\324"
 262      60609066 
 262      8002A653 
 262      4CF50C0C 
 262      13CE3130 
ARM GAS  /tmp/ccrVD8YA.s 			page 21


 263 0015 D7335C5B 		.ascii	"\3273\\[\300\301\300z\222\211a\021S=3\003\000k\255\007"
 263      C0C1C07A 
 263      92896111 
 263      533D3303 
 263      006BAD07 
 264 0029 3C       		.ascii	"<"
 265              		.text
 266              		.section	.gnu.lto_.refs.1a287bcbf822a488,"",%progbits
 267 0000 789C6366 		.ascii	"x\234cf``\020`\200\000\026\006\006F#\006FS\006FK\006"
 267      60601060 
 267      80001606 
 267      06462306 
 267      46530646 
 268 0016 C6030C0C 		.ascii	"\306\003\014\014\000\012\035\001|"
 268      000A1D01 
 268      7C
 269              		.text
 270              		.section	.gnu.lto_.decls.1a287bcbf822a488,"",%progbits
 271 0000 789C8D97 		.ascii	"x\234\215\227{PU\307\035\307\317\236{E\270\302\325\332"
 271      7B5055C7 
 271      1DC7CF9E 
 271      7B45B8C2 
 271      D5DA
 272 0012 764D6E1F 		.ascii	"vMn\037\301\330\330<\0146&\261I\233\276\222\264!\246"
 272      C1D8D83C 
 272      0C3626B1 
 272      499BBE92 
 272      B421A6
 273 0025 4D9DCCA4 		.ascii	"M\235\314\244\375\243\177d\224\320\306\031\247f\304"
 273      FDA37F64 
 273      94D0C619 
 273      A766C4
 274 0034 4E62FFE9 		.ascii	"Nb\377\351\021!A\022\005IT\320\202\020\036\342\003\360"
 274      11214112 
 274      054954D0 
 274      82101EE2 
 274      03F0
 275 0046 02F29697 		.ascii	"\002\362\226\227\202\204\367S|! \030\256\212\204\207"
 275      8284F753 
 275      7C212018 
 275      AE8A8487 
 276 0056 04D0E8ED 		.ascii	"\004\320\350\355w\367w\216,\371\243\355\235\371\260"
 276      77F7778E 
 276      2CF9A3ED 
 276      9DF9B0
 277 0065 F77776CF 		.ascii	"\367wv\317\236\335=\237\375\261\327\246iZ,\360\212\217"
 277      9EDD3D9F 
 277      FDB1D7A6 
 277      695A2CF0 
 277      8A8F
 278 0077 53D332F0 		.ascii	"S\3232\360]\007k\265\331\017\003\345f\371\006\323\346"
 278      5D076BB5 
 278      D90F03E5 
 278      66F906D3 
 278      E6
 279 0088 7CC475A7 		.ascii	"|\304u\247\211?X\003\216\203|P\000\012A\016\010\006"
 279      893F5803 
ARM GAS  /tmp/ccrVD8YA.s 			page 22


 279      8E837C50 
 279      000A410E 
 279      0806
 280 009a 59E04DDC 		.ascii	"Y\340M\334\317Q\376\011\345\351o\364\257\233\375\377"
 280      CF51FE09 
 280      E5E96FF4 
 280      AF9BFDFF 
 281 00aa F91BCF18 		.ascii	"\371\033\317\030\323Yq\366\255\246\005\036\2359\035"
 281      D35971F6 
 281      ADA6051E 
 281      9D391D
 282 00b9 81222C89 		.ascii	"\201\",\211\253\213\367A\350\357\260\21305\276\277\323"
 282      AB8BF741 
 282      E8EFB08B 
 282      3035BEBF 
 282      D3
 283 00ca B1E28861 		.ascii	"\261\342\210a\030QF\345\242\331\273\266e\224~<\037\315"
 283      185146E5 
 283      A2D9BBB6 
 283      65947E3C 
 283      1FCD
 284 00dc B84386BB 		.ascii	"\270C\206\273\032\366W\331d\350e\"N\354\332y\315n\363"
 284      1AF657D9 
 284      64E86522 
 284      4EECDA79 
 284      CD6EF3
 285 00ef 13DFF5E1 		.ascii	"\023\337\365\341\336\254\231\000\346X\036e\030\341\306"
 285      DEAC9900 
 285      E6581E65 
 285      18E1C6
 286 00fe 689C617B 		.ascii	"h\234a{@c+\\\3541\227\306\262\331r\334\302\016\263\025"
 286      40632B5C 
 286      EC3197C6 
 286      B2D972DC 
 286      C20EB315 
 287 0112 1A3BC25C 		.ascii	"\032;\302\\\354(siix\326hRI\272n\030v\226\305\034\354"
 287      EC287369 
 287      6978D668 
 287      5249BA6E 
 287      187696C5 
 288 0128 18B3C916 		.ascii	"\030\263\311\026\230\215x\2329\200\212\226\330F\273"
 288      988D789A 
 288      39808A96 
 288      D846BB
 289 0137 C3EC33EA 		.ascii	"\303\3543\352\177\364\211\366\275\031m\271\001\376\321"
 289      7FF489F6 
 289      BD196DB9 
 289      01FED1
 290 0146 A27DEC76 		.ascii	"\242}\354v\303/\230\345\240\353C\250\317D\275\306\216"
 290      C32F98E5 
 290      A0EB43A8 
 290      CF44BDC6 
 290      8E
 291 0157 337FB3E3 		.ascii	"3\177\263\343tc\274\330\307\366\032Sg\031L\263\354="
 291      7463BCD8 
 291      C7F61A53 
 291      67194CB3 
ARM GAS  /tmp/ccrVD8YA.s 			page 23


 291      EC3D
 292 0169 3093E627 		.ascii	"0\223\346'C\361J\027\212\311\225y\247\322}\255\311\311"
 292      43F14A17 
 292      8AC99579 
 292      A7D27DAD 
 292      C9C9
 293 017b 8EB5FBBD 		.ascii	"\216\265\373\275\262\023\030J\2609\224\\\\\3143\247"
 293      B213184A 
 293      B039945C 
 293      5CCC33A7 
 294 018b D7E7F9A7 		.ascii	"\327\347\371\247/\313\307\363\335\263S\013\236\235Z"
 294      2FCBC7F3 
 294      DDB3530B 
 294      9E9D5A
 295 019a CC48FB3A 		.ascii	"\314H\373:u\244YsFZp\177\244\215\267\257g\316\231R\376"
 295      75A45973 
 295      465A707F 
 295      A48DB7AF 
 295      67CE9952 
 296 01af 9C8685F7 		.ascii	"\234\206\205\367\033N\265D\267\316\263\353t\215\375"
 296      1B4EB544 
 296      B7CEB3EB 
 296      748DFD
 297 01be 45BED87D 		.ascii	"E\276\330}\315\347R\230\274\206\016Y\021\223\027\013"
 297      CDE75298 
 297      BC860E59 
 297      1193170B 
 298 01ce 3C076F52 		.ascii	"<\007oRC\321U1]\25491\234?_^\304\"\261\022\272\230\026"
 298      43D15531 
 298      5DAC3931 
 298      9C3F5F5E 
 298      C422B112 
 299 01e5 71EA03DB 		.ascii	"q\352\003\333\222=\230\214x\366\";[\243>\272\214-\301"
 299      923D988C 
 299      78F6223B 
 299      5BA33EBA 
 299      8C2DC1
 300 01f8 DF523495 		.ascii	"\337R4\225\317\377\272\265\255\337\337\366\206\\\322"
 300      CFFFBAB5 
 300      ADDFDFF6 
 300      865CD2
 301 0207 D69AC961 		.ascii	"\326\232\311a\277\300$#9y\264.\365\262\236`$\207\033"
 301      BFC02423 
 301      3979B42E 
 301      F5B29E60 
 301      24871B
 302 021a F7BCB046 		.ascii	"\367\274\260F\334\304N\336_\020M|'\207\313Y n\354\352"
 302      DCC44EDE 
 302      5F104D7C 
 302      2787CB59 
 302      206EECEA 
 303 022e 3F19375F 		.ascii	"?\0317_zj\314\023\035\015\225\017\033\272\024u\255\010"
 303      7A6ACC13 
 303      1D0D950F 
 303      1BBA1475 
 303      AD08
 304 0240 AB63FB93 		.ascii	"\253c\373\223\310\333?\212\260\262\343\362?\204\035"
ARM GAS  /tmp/ccrVD8YA.s 			page 24


 304      C8DB3F8A 
 304      B0B2E3F2 
 304      3F841D
 305 024f 86B934FE 		.ascii	"\206\2714\376\352\360\252\031\026\233=\352bU\344Fr\236"
 305      EAF0AA19 
 305      169B3DEA 
 305      6255E446 
 305      729E
 306 0261 7B8F6D71 		.ascii	"{\217mq\254lm\030\201L\256x\005\232W\312\346\247\330"
 306      AC6C6D18 
 306      814CAE78 
 306      059A57CA 
 306      E6A7D8
 307 0274 62EB26B9 		.ascii	"b\353&\271H#\336<\037\265u\316\177k=~4\266\304\307\266"
 307      4823DE3C 
 307      1FB575CE 
 307      7F6B3D7E 
 307      34B6C4C7 
 308 0289 9FC9C90F 		.ascii	"\237\311\311\017\016\214\307/\224\333\344\227\"\334"
 308      0E8CC72F 
 308      94DBE497 
 308      22DC
 309 0297 DF7DF596 		.ascii	"\337}\365\226MNI\227\233(;mb\241\014m\352Nt\322N\034"
 309      4D4E4997 
 309      9B283B6D 
 309      62A10C6D 
 309      EA4E74D2 
 310 02ad 6CE92AA7 		.ascii	"l\351*\247\035\367+\021\016w\034(\361\227\265r5\274"
 310      1DF72B11 
 310      0E771C28 
 310      F197B572 
 310      35BC
 311 02bf 05DDFD4C 		.ascii	"\005\335\375L\326>#\302\270\310\242\"\247\254\365\221"
 311      D63E23C2 
 311      B8C8A222 
 311      A7ACF591 
 312 02cf 3DDFBD19 		.ascii	"=\337\275\031\341+k\237\225>\244\366\335`\262v\276\010"
 312      E12B6B9F 
 312      953EA4F6 
 312      DD60B276 
 312      BE08
 313 02e1 4BAFDFED 		.ascii	"K\257\337\355r\310\332\325\"4n\357\335\341'\303\237"
 313      72C8DAD5 
 313      22346EEF 
 313      DDE127C3 
 313      9F
 314 02f2 8AF05CDD 		.ascii	"\212\360\\\335\276ge[?\271#*\263:h\024\317\211p\347"
 314      BE67655B 
 314      3FB9232A 
 314      B33A6814 
 314      CF8970E7 
 315 0306 EDB1267A 		.ascii	"\355\261&z\216C\204_\034\273\336@\243x^\276\242\330"
 315      8E43845F 
 315      1CBBDE40 
 315      A3785EBE 
 315      A2D8
 316 0318 CC1C1AE3 		.ascii	"\314\034\032\343\002\231i2\316\227\332e\355\317\344"
ARM GAS  /tmp/ccrVD8YA.s 			page 25


 316      02996932 
 316      CE97DA65 
 316      EDCFE4
 317 0327 28224777 		.ascii	"(\"Gw8d\255\277\010\257&LvS\012\371\271\234_nr\255\257"
 317      3864ADBF 
 317      08AF264C 
 317      76530AF9 
 317      B99C5F6E 
 318 033e AC0D10E1 		.ascii	"\254\015\020\341\2641]G3xA\204\356\224\213S\264rN9{"
 318      B4315D47 
 318      33784184 
 318      EE948B53 
 318      B4724E39 
 319 0353 77750F3D 		.ascii	"wu\017=\367\027r\310}\341\365\224\322\304\036e\015W"
 319      F71772C8 
 319      7DE1F594 
 319      D2C41E65 
 319      0D57
 320 0365 A6276818 		.ascii	"\246'h\030\213dWW\306\233\350\336o\2110\352fB\0145^"
 320      8B645757 
 320      C69BE8DE 
 320      6F8930EA 
 320      66420C35 
 321 037a 2CC28486 		.ascii	",\302\204\206}\346\214\276-\302=\015E=4\310\357\310"
 321      7DE68CBE 
 321      2DC23D0D 
 321      453D34C8 
 321      EFC8
 322 038c AC93F0E5 		.ascii	"\254\223\360\345A\352\352\273\"\354\251:u\201\234\344"
 322      41EAEABB 
 322      22ECA93A 
 322      75819CE4 
 323 039c 22BCD4DA 		.ascii	"\"\274\324\332u\224\356]\"\3023\211\236\\\232\257|\371"
 323      7594EE5D 
 323      22C23389 
 323      9E5C9AAF 
 323      7CF9
 324 03ae 09538DB5 		.ascii	"\011S\215\265\364z\037P_>\247\227?xx\267\227F\365\240"
 324      F47A1F50 
 324      5F3EA797 
 324      3F7878B7 
 324      9746F5A0 
 325 03c2 EA022717 		.ascii	"\352\002'\027\356\271+\246\350\271.U\015Nj\324\317\014"
 325      EEB92BA6 
 325      E8B92E55 
 325      0D4E6AD4 
 325      CF0C
 326 03d4 0CCD93B5 		.ascii	"\014\315\223\265\337S\325\340\244Fn\231g\222\236\373"
 326      DF53D5E0 
 326      A4466E99 
 326      67929EFB 
 327 03e4 7D550D4E 		.ascii	"}U\015Nj\0348\330=\022 k\177\240\252\301I\215\230O\356"
 327      6A1C38D8 
 327      3D12206B 
 327      7FA0AAC1 
 327      498D984F 
 328 03f9 E6E9B2F6 		.ascii	"\346\351\262\366\207r\327\357\331{l\236\254\365\025"
ARM GAS  /tmp/ccrVD8YA.s 			page 26


 328      8772D7EF 
 328      D97B6C9E 
 328      ACF515
 329 0408 61594C4C 		.ascii	"aYLL\015M\377!\305\024N\246XjpR\243}\342\323LZ\346\245"
 329      0D4DFF21 
 329      C5144EA6 
 329      586A7052 
 329      A37DE2D3 
 330 0420 AA1A9CD4 		.ascii	"\252\032\234\324\350\251-\251\263\313\332\207U58\251"
 330      E8A92DA9 
 330      B3CBDA87 
 330      553538A9 
 331 0430 3196D9F5 		.ascii	"1\226\331\365\210\254\\\246\232\301\311\214\224\201"
 331      88AC5CA6 
 331      9AC1C98C 
 331      9481
 332 043e FA06EAF8 		.ascii	"\372\006\352\370G\252\031\234\314\360\214\346\024\320"
 332      47AA199C 
 332      CCF08CE6 
 332      14D0
 333 044c 267A4435 		.ascii	"&zD5\203\223\031\003\021\351\037\371\311\332\345\252"
 333      83931903 
 333      11E91FF9 
 333      C9DAE5AA 
 334 045c 289C44C9 		.ascii	"(\234D\311\253<j\320\344\177\254z\303\311\233\314+\315"
 334      AB3C6AD0 
 334      E47FAC7A 
 334      C3C99BCC 
 334      2BCD
 335 046e 71B4708F 		.ascii	"q\264p\217\252\032q\322h\274\242\373\022M\3501\325*"
 335      AA1A71D2 
 335      68BCA2FB 
 335      124DE831 
 335      D52A
 336 0480 4E56DDEA 		.ascii	"NV\335\352\316O\242\236\037W%\343$YJis\005\251\377\204"
 336      CE4FA29E 
 336      1F5725E3 
 336      24594A69 
 336      7305A9FF 
 337 0495 EA1C27E7 		.ascii	"\352\034'\347.\264\270\373I\262\025\252\202\234\024"
 337      2EB4B8FB 
 337      49B215AA 
 337      829C14
 338 04a4 4C1E18EA 		.ascii	"L\036\030\352\242\227\375\244j$'#\317^\312\211\242\325"
 338      A297FDA4 
 338      6A242723 
 338      CF5ECA89 
 338      A2D5
 339 04b6 08528DE4 		.ascii	"\010R\215\344d\344\371k\205\0034\252\225\252\221\234"
 339      64E4F96B 
 339      850334AA 
 339      95AA919C 
 340 04c6 8CEC9DEA 		.ascii	"\214\354\235\352\255\246\227\375\023\351Mvi9=\350)\021"
 340      ADA697FD 
 340      13E94D76 
 340      69393DE8 
 340      2911
ARM GAS  /tmp/ccrVD8YA.s 			page 27


 341 04d8 1E2A1C3C 		.ascii	"\036*\034<K)e\225\010'/\346]$_\237V\263\223\223\262"
 341      4B296595 
 341      08272FE6 
 341      5D245F9F 
 341      56B39393 
 342 04ed 93958E9C 		.ascii	"\223\225\216\234\224\216\254\374\343\244\374c\271\316"
 342      948EACFC 
 342      E3A4FC63 
 342      B9CE
 343 04fb C9752B1D 		.ascii	"\311u+\0359)\035Y\256sr\335\312GN\312G\226\353\234\\"
 343      39291D59 
 343      AE7372DD 
 343      CA474ECA 
 343      4796EB9C 
 344 0510 B7F29193 		.ascii	"\267\362\221\223\362\221\345:'\327\255|\344\244|d\271"
 344      F291E53A 
 344      27D7AD7C 
 344      E4A47C64 
 344      B9
 345 0521 CEC9752B 		.ascii	"\316\311u+\0379)\037Y\256sr\335\312GN\312G\326!\212"
 345      1F39291F 
 345      59AE7372 
 345      DDCA474E 
 345      CA47D621 
 346 0536 D321CACA 		.ascii	"\323!\312\312GN\312G\226\373\234\334\267\376\0138\351"
 346      474ECA47 
 346      96FB9CDC 
 346      B7FE0B38 
 346      E9
 347 0547 BF80E53E 		.ascii	"\277\200\345>'\367\255<\357\244<o\272\317\311\375\334"
 347      27F7AD3C 
 347      EFA43C6F 
 347      BACFC9FD 
 347      DC
 348 0558 D4F4025A 		.ascii	"\324\364\002Z\214_\253\356sr?m\"\355\030\325\376Fu\237"
 348      8C5FABEE 
 348      73723F6D 
 348      22ED18D5 
 348      FE46759F 
 349 056c 93FBD37B 		.ascii	"\223\373\323{\335E\364N^T\335\347\344\376\275\323e\265"
 349      DD45F44E 
 349      5E54DDE7 
 349      E4FEBDD3 
 349      65B5
 350 057e B48D5E52 		.ascii	"\264\215^R\335\347\344\376\221\242\350;4\335\227U\367"
 350      DDE7E4FE 
 350      91A2E83B 
 350      34DD9755 
 350      F7
 351 058f 39B95F96 		.ascii	"9\271_\226\350\256\242\374\363[\325}N\356_\270\221x"
 351      E8AEA2FC 
 351      F35BD57D 
 351      4EEE5FB8 
 351      9178
 352 05a1 8E6A7FA7 		.ascii	"\216j\177\247\272\317\311\375\241\210\350\021Z\346W"
 352      BACFC9FD 
 352      A188E811 
ARM GAS  /tmp/ccrVD8YA.s 			page 28


 352      5AE657
 353 05b0 54F739B9 		.ascii	"T\3679\271_\354\216\235!\331\203U\3679\271\357\271S"
 353      5FEC8E9D 
 353      21D98355 
 353      F739B9EF 
 353      B953
 354 05c2 F1B0AC7C 		.ascii	"\361\260\254|UU\237\223\372\011\235\236]\324\361\032"
 354      55559F93 
 354      FA099D9E 
 354      5DD4F11A 
 355 05d2 557D4EEA 		.ascii	"U}N\352{\252\266G\322NxMU\237\223\372\025\221\273[\311"
 355      7BAAB647 
 355      D24E784D 
 355      559F93FA 
 355      1591BB5B 
 356 05e7 8CDFABEA 		.ascii	"\214\337\253\352sR\277\363\354\325^Z\252?\250;\201\323"
 356      7352BFF3 
 356      ECD55E5A 
 356      AA3FA83B 
 356      81D3
 357 05f9 4EB8527F 		.ascii	"N\270R\177\267\205j_W7\006\247\215a\035S\234tL\261\366"
 357      B7856A5F 
 357      573706A7 
 357      8D611D53 
 357      9C744CB1 
 358 060e 09A77DE2 		.ascii	"\011\247}\342\271\341ypu\276\021\225\\\351b\247\331"
 358      B9E17970 
 358      75BE1195 
 358      5CE962A7 
 358      D9
 359 061f 62F6B88B 		.ascii	"b\366\270\213\325\342`\361\204<\305\2623t\232euf\371"
 359      D5E260F1 
 359      843CC5B2 
 359      33749A65 
 359      7566F9
 360 0632 39A8070D 		.ascii	"9\250\007\015\240\0214\201f\320\002Z\001\016\304m(\332"
 360      A0113481 
 360      66D0025A 
 360      010EC46D 
 360      28DA
 361 0644 4107E804 		.ascii	"A\007\350\004]\340,\350\006\347\300yp\001\\\004\227"
 361      5DE02CE8 
 361      06E7C079 
 361      70015C04 
 361      97
 362 0655 400FB86C 		.ascii	"@\017\270lv\337k\226}f\331o\226W\314r\300,\007\315\362"
 362      76DF6B96 
 362      7D66D96F 
 362      9657CC72 
 362      C02C07CD 
 363 066a 2A1007EE 		.ascii	"*\020\007\356/\300\020\360\200k\340:\270\001\206\301"
 363      2FC010F0 
 363      806BE03A 
 363      B80186C1 
 364 067a 4D3002BE 		.ascii	"M0\002\276\004\243`\014\214\203\011p\013L\202\257\300"
 364      04A3600C 
 364      8C830970 
ARM GAS  /tmp/ccrVD8YA.s 			page 29


 364      0B4C82AF 
 364      C0
 365 068b 1410E7B5 		.ascii	"\024\020\347\265i0\003n\203;\340kp\027\334\003^`\350"
 365      6930036E 
 365      833BE06B 
 365      7017DC03 
 365      5E60E8
 366 069e 2EB60D84 		.ascii	".\266\015\204\203\355 \002D\202\017\300\207 \012\354"
 366      83ED2002 
 366      44820FC0 
 366      87200AEC 
 367 06ae 00D1E023 		.ascii	"\000\321\340#\3601\330\011v\201\030\020\013v\2038\360"
 367      F031D809 
 367      76811810 
 367      0B768338 
 367      F0
 368 06bf 09F814EC 		.ascii	"\011\370\024\354\001{\301>\235\346\025o\226\011f\271"
 368      017BC13E 
 368      9DE6156F 
 368      960966B9 
 369 06cf DF2C0F98 		.ascii	"\337,\017\230\345\277\3152\021e\0228\010\222A\012\370"
 369      E5BFCD32 
 369      11651238 
 369      0892410A 
 369      F8
 370 06e0 0CA48234 		.ascii	"\014\244\2024\220\0162\300!\220\011\016\203#\342^p\014"
 370      900E32C0 
 370      2190090E 
 370      8323E25E 
 370      700C
 371 06f2 64816C90 		.ascii	"d\201l\220\003\216\0037\310\005y \037\234\000\005\240"
 371      038E0337 
 371      C8057920 
 371      1F9C0005 
 371      A0
 372 0703 10148162 		.ascii	"\020\024\201bP\002JA\0318\011\312A\005\250\004U\240"
 372      50024A41 
 372      193809CA 
 372      4105A804 
 372      55A0
 373 0715 1A9C02A7 		.ascii	"\032\234\002\247A\015\250\005g@\035\370\034\324\203"
 373      410DA805 
 373      67401DF8 
 373      1CD483
 374 0724 06D0089A 		.ascii	"\006\320\010\232@3h\001\255\272\314\275\375\235\333"
 374      40336801 
 374      ADBACCBD 
 374      FD9DDB
 375 0733 86ECCB52 		.ascii	"\206\354\313R\214\326\344\276KE\366\312\010C\036\325"
 375      8CD6E4BE 
 375      4B45F6CA 
 375      08431ED5 
 376 0743 A59A3574 		.ascii	"\245\2325tRW\016\2765\342\274\316\332\364\325\032k\327"
 376      52570EBE 
 376      35E2BCCE 
 376      DAF4D51A 
 376      6BD7
ARM GAS  /tmp/ccrVD8YA.s 			page 30


 377 0755 978DE9B6 		.ascii	"\227\215\351\266\354\266\212$\235\271\\\216x\374x\234"
 377      ECB68A24 
 377      9DB95C8E 
 377      78FC789C 
 378 0765 7E8875E9 		.ascii	"~\210u\351\016M|\255\364x\275\377\362\322'f\276\274"
 378      0E4D7CAD 
 378      F478BDFF 
 378      F2D22766 
 378      BEBC
 379 0777 2C4FEAA3 		.ascii	",O\352\243\341\312oCM^\327X'F\323\201\321\210P\354\352"
 379      E1CA6F43 
 379      4D5ED758 
 379      2746D381 
 379      D18850EC 
 380 078c 935FB5FB 		.ascii	"\223_\265\373\251\277y\304XfO\366gu\371\233G\224h\374"
 380      A9BF79C4 
 380      58664FF6 
 380      6775F99B 
 380      479468FC 
 381 07a0 61BB7B62 		.ascii	"a\273{b\301\322\203\342\027\327\256tc\221/[\313\345"
 381      C1D283E2 
 381      17D7AE74 
 381      63912F5B 
 381      CBE5
 382 07b2 AF09FA59 		.ascii	"\257\011\372Y\321\255/\325|^y\375\315\300\2274\373\372"
 382      D1AD2FD5 
 382      7C5E79FD 
 382      CDC09734 
 382      FBFA
 383 07c4 AD5B425F 		.ascii	"\255[B_\010yg\303\372\015\233\302"
 383      087967C3 
 383      FA0D9BC2 
 384 07d0 DE0ADBB2 		.ascii	"\336\012\333\262n\375\306\320'\237z.hU\320\373+C\337"
 384      6EFDC6D0 
 384      279F7A2E 
 384      6855D0FB 
 384      2B43DF
 385 07e3 DFB2F2BD 		.ascii	"\337\262\362\275M\033\377\032\026\266qN\031\262y\353"
 385      4D1BFF1A 
 385      16B6714E 
 385      19B279EB 
 386 07f3 BB5B566E 		.ascii	"\273[Vn\331\372nhX\320;\232\317{\2336\277\375\364\252"
 386      D9FA6E68 
 386      58D03B9A 
 386      CF7B9B36 
 386      BFFDF4AA 
 387 0807 8017D785 		.ascii	"\200\027\327\205\205\256~\346\255\227CC6\275\035\372"
 387      85AE7EE6 
 387      AD974343 
 387      36BD1DFA 
 388 0817 FCFFD723 		.ascii	"\374\377\327#\365\024\2669d%n\332\360\367\277\005\205"
 388      F514B639 
 388      64256EDA 
 388      F0F7BF05 
 388      85
 389 0828 68FEEB65 		.ascii	"h\376\353e?\324\315\177\000\316\003\370\226"
 389      3FD4CD7F 
ARM GAS  /tmp/ccrVD8YA.s 			page 31


 389      00CE03F8 
 389      96
 390              		.text
 391              		.section	.gnu.lto_.symtab.1a287bcbf822a488,"",%progbits
 392 0000 42617365 		.ascii	"Base64_Decode\000\000\000\000\000\000\000\000\000\000"
 392      36345F44 
 392      65636F64 
 392      65000000 
 392      00000000 
 393 0017 0000BE00 		.ascii	"\000\000\276\000\000\000"
 393      0000
 394              		.text
 395              		.section	.gnu.lto_.opts,"",%progbits
 396 0000 272D666E 		.ascii	"'-fno-trapv' '-fno-strict-overflow' '-mcpu=cortex-m"
 396      6F2D7472 
 396      61707627 
 396      20272D66 
 396      6E6F2D73 
 397 0033 34272027 		.ascii	"4' '-mfloat-abi=hard' '-mfpu=fpv4-sp-d16' '-mno-thu"
 397      2D6D666C 
 397      6F61742D 
 397      6162693D 
 397      68617264 
 398 0066 6D622D69 		.ascii	"mb-interwork' '-mthumb' '-ggdb' '-O0' '-fomit-frame"
 398      6E746572 
 398      776F726B 
 398      2720272D 
 398      6D746875 
 399 0099 2D706F69 		.ascii	"-pointer' '-falign-functions=16' '-ffunction-sectio"
 399      6E746572 
 399      2720272D 
 399      66616C69 
 399      676E2D66 
 400 00cc 6E732720 		.ascii	"ns' '-fdata-sections' '-fno-common' '-flto' '-fsing"
 400      272D6664 
 400      6174612D 
 400      73656374 
 400      696F6E73 
 401 00ff 6C652D70 		.ascii	"le-precision-constant'\000"
 401      72656369 
 401      73696F6E 
 401      2D636F6E 
 401      7374616E 
 402              		.text
 403              		.comm	__gnu_lto_v1,1,1
 404              		.comm	__gnu_lto_slim,1,1
 405              		.ident	"GCC: (GNU Tools for ARM Embedded Processors) 4.9.3 20150529 (release) [ARM/embedded-4_9-br
ARM GAS  /tmp/ccrVD8YA.s 			page 32


DEFINED SYMBOLS
                            *ABS*:00000000 coding.c
                            *COM*:00000001 __gnu_lto_v1
                            *COM*:00000001 __gnu_lto_slim

NO UNDEFINED SYMBOLS
