ARM GAS  /tmp/ccShQbV3.s 			page 1


   1              		.syntax unified
   2              		.cpu cortex-m4
   3              		.eabi_attribute 27, 1
   4              		.eabi_attribute 28, 1
   5              		.fpu fpv4-sp-d16
   6              		.eabi_attribute 20, 1
   7              		.eabi_attribute 21, 1
   8              		.eabi_attribute 23, 3
   9              		.eabi_attribute 24, 1
  10              		.eabi_attribute 25, 1
  11              		.eabi_attribute 26, 1
  12              		.eabi_attribute 30, 6
  13              		.eabi_attribute 34, 1
  14              		.eabi_attribute 18, 4
  15              		.thumb
  16              		.file	"crt1.c"
  17              		.text
  18              	.Ltext0:
  19              		.section	.gnu.lto_.inline.452f3f6a122daae8,"",%progbits
  20 0000 789C6366 		.ascii	"x\234cf\300\016b\2404+\003\0033\023\003\003\023\323"
  20      C00E62A0 
  20      342B0303 
  20      33130303 
  20      13D3
  21 0012 02790616 		.ascii	"\002y\006\026\006&\220\020#\206\010\023\206\0103\230"
  21      06269010 
  21      23860813 
  21      86083398 
  22 0022 0261A800 		.ascii	"\002a\250\000\013\203\2100P@\345\303\012&\230\020\003"
  22      0B838830 
  22      5040E5C3 
  22      0A269810 
  22      03
  23 0033 00DE4804 		.ascii	"\000\336H\004\320"
  23      D0
  24              		.text
  25              		.section	.gnu.lto___core_init.452f3f6a122daae8,"",%progbits
  26 0000 789C6366 		.ascii	"x\234cf\300\004\242@\234\007\304n \0163\003#\023\003"
  26      C004A240 
  26      9C07C46E 
  26      200E3303 
  26      231303
  27 0013 10333202 		.ascii	"\02032\0029\214\014\365L\214\365\214/\231>21N8\260z"
  27      398C0CF5 
  27      4C8CF58C 
  27      2F993E32 
  27      314E38B0 
  28 0028 06B7FAD2 		.ascii	"\006\267\372\322\206\206\206\017M\227%Z%~\002\225}f"
  28      8686860F 
  28      4D97255A 
  28      257E0295 
  28      7D66
  29 003a 8298C0B8 		.ascii	"\202\230\300\270\234Q\235\001\250\346c\313\337\353\334"
  29      9C519D01 
  29      A8E663CB 
  29      DFEBDC
  30 0049 6C2D4035 		.ascii	"l-@5\002\0209\306\025\214l \203\326\013\035h\370\377"
ARM GAS  /tmp/ccShQbV3.s 			page 2


  30      021039C6 
  30      158C6C20 
  30      83D60B1D 
  30      68F8FF
  31 005c 7FF19C37 		.ascii	"\177\361\2347\227Y\200\334'`mO\231\200\024\363=FF\220"
  31      975980DC 
  31      27606D4F 
  31      998014F3 
  31      3D464690 
  32 0070 2290C013 		.ascii	"\"\220\300\023&\240\034P\314%9#3)3\2778\276\270$1)'"
  32      26A01C50 
  32      CC253923 
  32      332933BF 
  32      38BEB824 
  33 0087 55D7D042 		.ascii	"U\327\320B\317H\257B?\277X?9?77?O\037(^TRZ\240\357\030"
  33      CF48AF42 
  33      3FBF583F 
  33      393F3737 
  33      3F4F1F28 
  34 00a2 E4EBEC5B 		.ascii	"\344\353\354[\001\022-\310\314I-*\326wwv\326O.*1\324"
  34      01122DC8 
  34      CC492D2A 
  34      D6777776 
  34      D64F2E2A 
  35 00b8 4B660000 		.ascii	"Kf\000\000\227\0359\243"
  35      971D39A3 
  36              		.text
  37              		.section	.gnu.lto___early_init.452f3f6a122daae8,"",%progbits
  38 0000 789C6366 		.ascii	"x\234cf\300\004\242@\234\003\304n \0163\003#\023\003"
  38      C004A240 
  38      9C03C46E 
  38      200E3303 
  38      231303
  39 0013 10333202 		.ascii	"\02032\0029\214\014\365L\214\365\214/\231>21N8\260z"
  39      398C0CF5 
  39      4C8CF58C 
  39      2F993E32 
  39      314E38B0 
  40 0028 06B7FAD2 		.ascii	"\006\267\372\322\206\206\206\017\233\256K\264J\374\004"
  40      8686860F 
  40      9BAE4BB4 
  40      4AFC04
  41 0037 2AFBCC04 		.ascii	"*\373\314\0041\201q9\243:\003P\315\307\226\277\327\271"
  41      31817139 
  41      A33A0350 
  41      CDC796BF 
  41      D7B9
  42 0049 D95A806A 		.ascii	"\331Z\200j\004 r\214+\030\331@\006\255\027:\320\360"
  42      0420728C 
  42      2B18D940 
  42      06AD173A 
  42      D0F0
  43 005b FFFFE339 		.ascii	"\377\377\3439\022@\316\023\260\246\247L@\212\371\036"
  43      1240CE13 
  43      B0A6A74C 
  43      408AF91E 
  44 006b 23234809 		.ascii	"##H\011H\340\011\023P\016(\346\222\234\221\231\224\231"
ARM GAS  /tmp/ccShQbV3.s 			page 3


  44      48E00913 
  44      500E28E6 
  44      929C9199 
  44      9499
  45 007d 5F1C5F5C 		.ascii	"_\034_\\\222\230\224\223\252kh\241g\244W\241\237_\254"
  45      92989493 
  45      AA6B68A1 
  45      67A457A1 
  45      9F5FAC
  46 0090 9F9C9F9B 		.ascii	"\237\234\237\233\233\237\247\017\024/*)-\320w\014\362"
  46      9B9FA70F 
  46      142F2A29 
  46      2DD0770C 
  46      F2
  47 00a1 75F6AD00 		.ascii	"u\366\255\000\211\026d\346\244\026\025\353\273;;\353"
  47      891664E6 
  47      A41615EB 
  47      BB3B3BEB 
  48 00b1 27179518 		.ascii	"'\027\225\030\352%3\000\000\351i8j"
  48      EA253300 
  48      00E96938 
  48      6A
  49              		.text
  50              		.section	.gnu.lto___late_init.452f3f6a122daae8,"",%progbits
  51 0000 789C6366 		.ascii	"x\234cf\300\004\242@\234\003\304n \0163\003#\023\003"
  51      C004A240 
  51      9C03C46E 
  51      200E3303 
  51      231303
  52 0013 10333202 		.ascii	"\02032\0029\214\014\365L\214\365\214/\231>21N8\260z"
  52      398C0CF5 
  52      4C8CF58C 
  52      2F993E32 
  52      314E38B0 
  53 0028 06B7FAD2 		.ascii	"\006\267\372\322\206\206\206\017\223nK\264J\374\004"
  53      8686860F 
  53      936E4BB4 
  53      4AFC04
  54 0037 2AFBCC04 		.ascii	"*\373\314\0041\201q9\243:\003P\315\307\226\277\327\271"
  54      31817139 
  54      A33A0350 
  54      CDC796BF 
  54      D7B9
  55 0049 D95A806A 		.ascii	"\331Z\200j\004 r\214+\030\331@\006\255\027:\320\360"
  55      0420728C 
  55      2B18D940 
  55      06AD173A 
  55      D0F0
  56 005b FFFFE239 		.ascii	"\377\377\3429\022@\316\023\260\246\247L@\212\371\036"
  56      1240CE13 
  56      B0A6A74C 
  56      408AF91E 
  57 006b 23234809 		.ascii	"##H\011H\340\011\023P\016(\346\222\234\221\231\224\231"
  57      48E00913 
  57      500E28E6 
  57      929C9199 
  57      9499
ARM GAS  /tmp/ccShQbV3.s 			page 4


  58 007d 5F1C5F5C 		.ascii	"_\034_\\\222\230\224\223\252kh\241g\244W\241\237_\254"
  58      92989493 
  58      AA6B68A1 
  58      67A457A1 
  58      9F5FAC
  59 0090 9F9C9F9B 		.ascii	"\237\234\237\233\233\237\247\017\024/*)-\320w\014\362"
  59      9B9FA70F 
  59      142F2A29 
  59      2DD0770C 
  59      F2
  60 00a1 75F6AD00 		.ascii	"u\366\255\000\211\026d\346\244\026\025\353\273;;\353"
  60      891664E6 
  60      A41615EB 
  60      BB3B3BEB 
  61 00b1 27179518 		.ascii	"'\027\225\030\352%3\000\000\275-8\016"
  61      EA253300 
  61      00BD2D38 
  61      0E
  62              		.text
  63              		.section	.gnu.lto___default_exit.452f3f6a122daae8,"",%progbits
  64 0000 789C6366 		.ascii	"x\234cf\300\0042@\234\014\304n \0163\003#\023\003\020"
  64      C0043240 
  64      9C0CC46E 
  64      200E3303 
  64      23130310 
  65 0014 83494686 		.ascii	"\203IF\206z&\306z&&\210\272\227L\037\231\030'\034X="
  65      7A26C67A 
  65      262688BA 
  65      974C1F99 
  65      18271C58 
  66 0029 835B7D69 		.ascii	"\203[}iCC\303\207Gw%Z%~\002%?C\0250.gTg\000\252\371"
  66      4343C387 
  66      4777255A 
  66      257E0225 
  66      3F431530 
  67 0044 D8F2F73A 		.ascii	"\330\362\367:7[\013P\215\000D\216q\005#\033#\220^/t"
  67      375B0B50 
  67      8D00448E 
  67      7105231B 
  67      23905E2F 
  68 0059 A0E1FFFF 		.ascii	"\240\341\377\377\307s\367\334g\001r\237\200\265=\001"
  68      C773F7DC 
  68      6701729F 
  68      80B53D01 
  69 0069 19CFFC84 		.ascii	"\031\317\374\204\211\021l\204KrFfRf~q|qIbRN\252\256"
  69      89116C84 
  69      4B724666 
  69      52667E71 
  69      7C714962 
  70 0081 A1859E91 		.ascii	"\241\205\236\221^\205~~\261~r~nn~\236>P\274\250\244"
  70      5E857E7E 
  70      B17E727E 
  70      6E6E7E9E 
  70      3E50BCA8 
  71 0096 B440DF31 		.ascii	"\264@\3371\310\327\331\267\002$Z\220\231\223ZT\254\357"
  71      C8D7D9B7 
  71      02245A90 
ARM GAS  /tmp/ccShQbV3.s 			page 5


  71      99935A54 
  71      ACEF
  72 00a8 EEECAC9F 		.ascii	"\356\354\254\237\\Tb\250\227\314\000\000\017\3558\230"
  72      5C5462A8 
  72      97CC0000 
  72      0FED3898 
  73              		.text
  74              		.section	.gnu.lto___init_ram_areas.452f3f6a122daae8,"",%progbits
  75 0000 789C8D54 		.ascii	"x\234\215T\335oTU\020?s\316\275w\357\335\2576>\021^"
  75      DD6F5455 
  75      103F73CE 
  75      BD77EFDD 
  75      AF363E11 
  76 0015 34D9077C 		.ascii	"4\331\007|i\257\360Dx#5\201\304\024\023\377\001\201"
  76      69AFF044 
  76      78233581 
  76      C41413FF 
  76      0181
  77 0027 4A6213A0 		.ascii	"Jb\023\240\233vMx\260\341\366\003\032H\200\006\225\254"
  77      9B764D78 
  77      B0E1F603 
  77      1A488006 
  77      95AC
  78 0039 9A8AC48F 		.ascii	"\232\212\304\217\266\266\245\326\012\354\266 +\255l"
  78      B6B6A5D6 
  78      0AECB620 
  78      2BAD6C
  79 0048 81156358 		.ascii	"\201\025cXj\202\006\011i\013$`\272\256\262]\265\251"
  79      6A820609 
  79      690B2460 
  79      BAAEB25D 
  79      B5A9
  80 005a 3373B666 		.ascii	"3s\266fYZ\342&{\356=sg~\277\371\31593J<\375\213\341"
  80      595AE226 
  80      7BEE3D73 
  80      677EBFF9 
  80      CD39334A 
  81 0072 BFDE12E2 		.ascii	"\277\336\022\342U\332\004\004H\201\177P\270*0q5x5\245"
  81      55DA0404 
  81      48817F50 
  81      B82A3071 
  81      357835A5 
  82 0086 218427D1 		.ascii	"!\204'\321\3173,\260\321\342\343\325\226>\262;dw\244"
  82      CF332CB0 
  82      D1E2E3D5 
  82      963EB23B 
  82      6477A4
  83 0099 A2773FBD 		.ascii	"\242w?\275\373\001\020\016\304~\251\014\323\362\331"
  83      FB01100E 
  83      C47EA90C 
  83      D3F2D9
  84 00a8 8E1FF61B 		.ascii	"\216\037\366\033J3\232\372a\353\307\003\231\223\320"
  84      4A339AFA 
  84      61EBC703 
  84      9993D0
  85 00b7 9D1A8807 		.ascii	"\235\032\210\007\326}\346y\336|{n\315\2015E\314\"/\265"
  85      D67DE679 
ARM GAS  /tmp/ccShQbV3.s 			page 6


  85      DE7C7B6E 
  85      CD813545 
  85      CC222FB5 
  86 00cb 03F4C23A 		.ascii	"\003\364\302:\201>\303\003\331\217@m\001zO\236\376\343"
  86      813EC303 
  86      D98F406D 
  86      017A4F9E 
  86      FEE3
  87 00dd FBC07D59 		.ascii	"\373\300}Y\224\360\002m\307\216O\305-\332b\226\270\375"
  87      94F0026D 
  87      C78E4FC5 
  87      2DDA6296 
  87      B8FD
  88 00ef F9F3C543 		.ascii	"\371\363\305C2r\312\363\332\357\034N_\017zS^\347\235"
  88      3272CAF3 
  88      DAEF1C4E 
  88      5F0F7A53 
  88      5EE79D
  89 0102 A5A5E78B 		.ascii	"\245\245\347\213RA\037(\304\205~X\013_\300\332R\011"
  89      52411F28 
  89      C4857E58 
  89      0B5FC0DA 
  89      5209
  90 0114 3024D7B9 		.ascii	"0$\327\271\370S\300\352\304\004\252a\000\"\232\034\006"
  90      F853C0EA 
  90      C404AA61 
  90      00229A1C 
  90      06
  91 0125 C1421916 		.ascii	"\301B\031\026~\2775\331\363\216\251!?\350J\007\017\374"
  91      7EBF35D9 
  91      F38EA921 
  91      3FE84A07 
  91      0FFC
  92 0137 076988A7 		.ascii	"\007i\210\247\361`\010\"\030s\262\273\2302t\314\373"
  92      F1600822 
  92      1873B2BB 
  92      983274CC 
  92      FB
  93 0148 F7AE96C5 		.ascii	"\367\256\226\305\230+\305\234\256\210\371\270\257\367"
  93      982BC59C 
  93      AE88F9B8 
  93      AFF7
  94 0156 A0F9EC90 		.ascii	"\240\371\354\220a\210P\262\030\326\226:\222\015\251"
  94      618850B2 
  94      18D6963A 
  94      920DA9
  95 0165 57B8361D 		.ascii	"W\2706\035\211\266\213AM{\344^\272L\275\011_\256\244"
  95      89B68B41 
  95      4D7BE45E 
  95      BA4CBD09 
  95      5FAEA4
  96 0178 1E461862 		.ascii	"\036F\030b\241\357\320\005\251\2661D\372\237\3077\303"
  96      A1EFD005 
  96      A9B63144 
  96      FA9FC737 
  96      C3
  97 0189 3A8BA3BD 		.ascii	":\213\243\275V\031\300W+\002\214Bd\370\271\224\267\264"
ARM GAS  /tmp/ccShQbV3.s 			page 7


  97      5619C057 
  97      2B028C42 
  97      64F8B994 
  97      B7B4
  98 019b 343A79A3 		.ascii	"4:y\243+2.\253@P^\222\241\025\1777x5\331n\261\335\307"
  98      2B322EAB 
  98      40505E92 
  98      A1157F37 
  98      7835D96E 
  99 01b2 165B20AC 		.ascii	"\026[ \254\203\213\341\347}\200\277\005\311\032bC\230"
  99      838BE1E7 
  99      7D80BF05 
  99      C91A6243 
  99      98
 100 01c3 438498E1 		.ascii	"C\204\230\341\3330+\361\241nA\373\343\256\351D\214\316"
 100      DB302BF1 
 100      A16E41FB 
 100      E3AEE944 
 100      8CCE
 101 01d5 A7204D4C 		.ascii	"\247 ML\370\304\261lB\265\376\355\305=\273(\255E\251"
 101      F8C4B16C 
 101      42B5FEED 
 101      C53DBB28 
 101      AD45A9
 102 01e8 0FF5D799 		.ascii	"\017\365\327\231\037~\264\351ZX\274\355?\366n\002z\340"
 102      1F7EB4E9 
 102      5A58BCED 
 102      3FF66E02 
 102      7AE0
 103 01fa C3B66EF2 		.ascii	"\303\266n\362\362\301\327\320\012gH\005\325}\246/\036"
 103      F2C1D7D0 
 103      0A674805 
 103      D57DA62F 
 103      1E
 104 020b 6080D456 		.ascii	"`\200\324V\364\207\263\350\210\312\316A+\263*\315z6"
 104      F487B3E8 
 104      88CACE41 
 104      2BB32ACD 
 104      7A36
 105 021d 7739AF2A 		.ascii	"w9\257*n\013\246Ky\362e\301\210\004\245d\225\223+&8"
 105      6E0BA64B 
 105      79F265C1 
 105      8804A564 
 105      95932B26 
 106 0232 B370F251 		.ascii	"\263p\362Q\210\310=/\345\026\245]\220\000\311\022\371"
 106      88C83D2F 
 106      E516A55D 
 106      9000C912 
 106      F9
 107 0243 6F978EFE 		.ascii	"o\227\216\376UU3\340U\027\245\003c\310\374;\213\205"
 107      555533E0 
 107      5517A503 
 107      63C8FC3B 
 107      8B85
 108 0255 71A811C4 		.ascii	"q\250\021\304:\222\316+\015\354\253@\252}\026\322yF"
 108      3A92CE2B 
 108      0DECAB40 
ARM GAS  /tmp/ccShQbV3.s 			page 8


 108      AA7D16D2 
 108      7946
 109 0267 E23EBC80 		.ascii	"\342>\274\200Hb\016\000\253%\007s\367\361\031v2\177"
 109      48620E00 
 109      AB250773 
 109      F7F11976 
 109      327F
 110 0279 6E476546 		.ascii	"nGeF\251\236\207\247\223\0335\207S\236\274\371D\362"
 110      A99E87A7 
 110      931B3587 
 110      539EBCF9 
 110      44F2
 111 028b 5094FE82 		.ascii	"P\224\376\202\224\360\015\321\301E\252\021\306\036?"
 111      94F00DD1 
 111      C145AA11 
 111      C61E3F
 112 029a 15A2C88A 		.ascii	"\025\242\310\212\324|\354\253J\276)\364Eht\357\210\037"
 112      D47CECAB 
 112      4ABE29F4 
 112      456874EF 
 112      881F
 113 02ac BC9D7C49 		.ascii	"\274\235|IS\261\003]$6\317%7hs\2008\364\375\232\245"
 113      53B1035D 
 113      2436CF25 
 113      37687380 
 113      38F4FD9A 
 114 02c1 0C74E933 		.ascii	"\014t\3513\243\246\376l?\231\321\352\005\370\226\013"
 114      A3A6FE6C 
 114      3F99D1EA 
 114      05F8960B 
 115 02d1 C09D7C09 		.ascii	"\300\235|\011\013p\023:\257w\354-a\024$O\2439\220x\\"
 115      0B70133A 
 115      AF77EC2D 
 115      6114244F 
 115      A3399078 
 116 02e6 EA97DCDB 		.ascii	"\352\227\334\333Hkd\362o\314\201\3022\253\207d\360\033"
 116      486B64F2 
 116      6FCC81C2 
 116      32AB8764 
 116      F01B
 117 02f8 E7F3DBF1 		.ascii	"\347\363\333\361\346\341\271\252Y\032t\224\310\374|"
 117      E6E1B9AA 
 117      591A7494 
 117      C8FC7C
 118 0307 F613B5AA 		.ascii	"\366\023\265\252^\243\244w\002\251\313\353\210C\021"
 118      5EA3A477 
 118      02A9CBEB 
 118      884311
 119 0316 2697854E 		.ascii	"&\227\205N\217\225\364\207(`Y\250]\022:\222]\026\032"
 119      8F95F487 
 119      286059A8 
 119      5D123A92 
 119      5D161A
 120 0329 FCBF42BF 		.ascii	"\374\277B\277c\241$\010.W\010\015\026\350\210I\250\201"
 120      63A12408 
 120      2E57080D 
 120      16E88849 
ARM GAS  /tmp/ccShQbV3.s 			page 9


 120      A881
 121 033b 922D3C84 		.ascii	"\222-<\204\220o\220O\336a>L\347\356&\355\032F|D\276"
 121      906F904F 
 121      DE613E4C 
 121      E7EE26ED 
 121      1A467C44 
 122 0350 7677211F 		.ascii	"vw!\037\344aZ- \215t\010\227\351\030\357Q\272\335\302"
 122      E4615A2D 
 122      208D7408 
 122      97E918EF 
 122      51BADDC2 
 123 0364 ABB65B65 		.ascii	"\253\266[e\177M\225\365\327\247\357\235\0304\0114`\323"
 123      7F4D95F5 
 123      D7A7EF9D 
 123      18340934 
 123      60D3
 124 0376 F6CA44FF 		.ascii	"\366\312D\377\271*w\310\353\366R\233P\030\\\3018\270"
 124      B92A77C8 
 124      EBF6529B 
 124      50185CC1 
 124      38B8
 125 0388 AA270A0D 		.ascii	"\252'\012\015\360\211\304\220\243\273\361E\232\332\327"
 125      F089C490 
 125      A3BBF145 
 125      9ADAD7
 126 0397 C0456919 		.ascii	"\300Ei\031nF*\025VS\335\306\241\227\333\246\273\216"
 126      6E462A15 
 126      5653DDC6 
 126      A197DBA6 
 126      BB8E
 127 03a9 C603DE73 		.ascii	"\306\003\336s\314\343\345\2067\033w66\265\274\336\022"
 127      CCE3E586 
 127      371B7736 
 127      36B5BCDE 
 127      12
 128 03ba DBB173F7 		.ascii	"\333\261s\367\256\232\365\033k7\324\356s\233Z\334\206"
 128      AE9AF51B 
 128      6B37D4EE 
 128      739B5ADC 
 128      86
 129 03cb A63D7B9A 		.ascii	"\246={\232\366\272ho\216\275\025u7\277V_W\277\217\254"
 129      F6BA686F 
 129      8EBD1575 
 129      37BF565F 
 129      57BF8FAC 
 130 03df D1C6DDBB 		.ascii	"\321\306\335\273\232[\334-uunCsl}m\203P\315;\2422\026"
 130      9A5BDC2D 
 130      75756E43 
 130      736C7D6D 
 130      8350CD3B 
 131 03f6 85E8BF00 		.ascii	"\205\350\277\000\365@)"
 131      F54029
 132              		.text
 133              		.section	.gnu.lto_.symbol_nodes.452f3f6a122daae8,"",%progbits
 134 0000 789C55C8 		.ascii	"x\234U\310\333VAa\030F\341o\376\313\012I\204\242-w\342"
 134      DB564161 
 134      1846E16F 
ARM GAS  /tmp/ccShQbV3.s 			page 10


 134      FECB0A49 
 134      84A22D77 
 135 0015 D2BE312A 		.ascii	"\322\2761*\264\267)\264E6u7\035v=z\207\223\326<y\306"
 135      B4B729B4 
 135      45367537 
 135      1D763D7A 
 135      8793D63C 
 136 002b 98919935 		.ascii	"\230\221\2315\261M\341\0027\353\375\230\271\333\357"
 136      B14DE102 
 136      37EBFD98 
 136      B9DBEF
 137 003a 2C63E112 		.ascii	",c\341\022'1ZxH\2146\036%F\007O\375\037\36196\017\036"
 137      27315A78 
 137      488C361E 
 137      2546074F 
 137      FD1FF139 
 138 0051 C5575074 		.ascii	"\305WPt\213\257\011\342\206H\334\222\022w\304\342\236"
 138      8BAF09E2 
 138      8648DC92 
 138      1277C4E2 
 138      9E
 139 0062 2DF1405A 		.ascii	"-\361@Zt\311\210\036Y\321g[\014\310\211Gv\304\023y1"
 139      74C9881E 
 139      59D1675B 
 139      0CC88947 
 139      76C41379 
 140 0077 64578C28 		.ascii	"dW\214(\2101E\361\314\236x\241$^)\2137*\342\235}\361"
 140      883145F1 
 140      CC9E78A1 
 140      245E298B 
 140      372AE29D 
 141 008d C1819850 		.ascii	"\301\201\230P\025Sjb\306\241\370\344H\3149\026\013N"
 141      15536A62 
 141      C6A1F8E4 
 141      48CC3916 
 141      0B4E
 142 009f C49253B1 		.ascii	"\304\222S\261\342L|Q\027\3374\376\2605',B\001"
 142      E24C7C51 
 142      17DF34FE 
 142      B035272C 
 142      4201
 143              		.text
 144              		.section	.gnu.lto_.refs.452f3f6a122daae8,"",%progbits
 145 0000 789C25C1 		.ascii	"x\234%\301[\002\201P\024\000\300\323\344\022\362*\344"
 145      5B028150 
 145      1400C0D3 
 145      E412F22A 
 145      E4
 146 0011 9124598D 		.ascii	"\221$Y\215\375\357\247\217f\362\210\370\307\314B\312"
 146      FDEFA78F 
 146      66F288F8 
 146      C7CC42CA 
 147 0021 A4BA4F96 		.ascii	"\244\272O\226V\012k\033[\245\235\275\203\243\223J\355"
 147      560A6B1B 
 147      5BA59DBD 
 147      83A3934A 
 147      ED
ARM GAS  /tmp/ccShQbV3.s 			page 11


 148 0032 ECE2AA71 		.ascii	"\354\342\252qs\367\360\324z\351\274\365>\006_\243_L"
 148      73F7F0D4 
 148      7AE9BCF5 
 148      3E065FA3 
 148      5F4C
 149 0044 7A27038C 		.ascii	"z'\003\214"
 150              		.text
 151              		.section	.gnu.lto_.decls.452f3f6a122daae8,"",%progbits
 152 0000 789CAD98 		.ascii	"x\234\255\230kP\024W\026\307\347\316\035\006\030\206"
 152      6B501457 
 152      16C7E7CE 
 152      1D061886 
 153 0010 C1D2CAA3 		.ascii	"\301\322\312\243\334\252\254\321-k\037\321\011\250\270"
 153      DCAAACD1 
 153      2D6B1FD1 
 153      09A8B8
 154 001f BB5F925D 		.ascii	"\273_\222]w+\251\255\274v\253\266\366\303~\230B2\233"
 154      772BA9AD 
 154      BC76ABB6 
 154      F6C37E98 
 154      42329B
 155 0032 50414800 		.ascii	"PAH\000k\365C\252F\2208\242\001D  \017\007\201``x\212"
 155      6BF543AA 
 155      469038A2 
 155      01442020 
 155      0F078160 
 156 0049 F2181010 		.ascii	"\362\030\020\020\004\024\001\021\020\220G\200\250\200"
 156      04140111 
 156      10904780 
 156      A880
 157 0057 80206894 		.ascii	"\200 h\224\240\316\236\276\367t\303t\343\356\227\355"
 157      A0CE9EBE 
 157      F774C374 
 157      E3EE97ED 
 158 0067 AAC3EDDB 		.ascii	"\252\303\355\333}\316\357\234>\377\333\335\364P\225"
 158      7DCEEF9C 
 158      3EFFDBDD 
 158      F45095
 159 0076 4AD54454 		.ascii	"J\325DT*'l\273_R\251\252\251J\245\205c\037\251V67\260"
 159      2A276CBB 
 159      5F52A9AA 
 159      A94AA585 
 159      631FA956 
 160 008d 22B052B0 		.ascii	"\"\260R\260r\260*0\007\330\353`\357A\354\010\214c`\267"
 160      72B02A30 
 160      07D8EB60 
 160      EF41EC08 
 160      8C6360B7 
 161 00a1 C126C0A6 		.ascii	"\301&\300\246\301\356\203=\000{\010\266\004\366\024"
 161      C1EE833D 
 161      007B08B6 
 161      04F614
 162 00b0 CC09A606 		.ascii	"\314\011\246\006\177w0\035\2307\330:\260\227\300^\005"
 162      7F77301D 
 162      9837D83A 
 162      B097C05E 
 162      05
ARM GAS  /tmp/ccShQbV3.s 			page 12


 163 00c1 FB19D86B 		.ascii	"\373\031\330k`[\300\266\202\375\012\354\0150_\260\235"
 163      605BC0B6 
 163      82FD0AEC 
 163      0D305FB0 
 163      9D
 164 00d2 60BBC17E 		.ascii	"`\273\301~\017\366\026\330\037\301\376\014\366.Q\271"
 164      0FF616D8 
 164      1FC1FE0C 
 164      F62E51B9 
 165 00e2 6C429D64 		.ascii	"lB\235dU\375\004\217\311\267\3225\374J\327\360+_\303"
 165      55FD048F 
 165      C9B7D235 
 165      FC4AD7F0 
 165      2B5FC3
 166 00f5 AF7C0DBF 		.ascii	"\257|\015\277\2525\374\252\326\360\023\372\246G?\003"
 166      AA35FCAA 
 166      D6F013FA 
 166      A6473F03 
 167 0105 EEBF4F78 		.ascii	"\356\277Ox/\233\301>\200\375A\030{\301>\204\375&\030"
 167      2F9BC13E 
 167      80FD4118 
 167      7BC13E84 
 167      FD2618
 168 0118 FF02A601 		.ascii	"\377\002\246\001\353\000\353\004\273\006v\035s8p|O\326"
 168      EB00EB04 
 168      BB06761D 
 168      7338707C 
 168      4FD6
 169 012a 87076A52 		.ascii	"\207\007jRU\364\260\335kRM\014\272M\302\264:\2415E\013"
 169      55F4B0DD 
 169      6B524D0C 
 169      BA4DC2B4 
 169      3AA13545 
 170 013f 53BD4E23 		.ascii	"S\275N#L\035\313\343=\232W\222,\260\305GY\326i\310G"
 170      4C1DCBE3 
 170      3D9A5792 
 170      2CB0C547 
 170      59D669C8 
 171 0154 2F933CB2 		.ascii	"/\223<\262\221\234%\033\201\370\035y\005\376\376S\303"
 171      919C251B 
 171      81F81D79 
 171      05FEFE53 
 171      C3
 172 0165 49B732BB 		.ascii	"I\2672\273\233=(H\007\373\331)c=\2727\362!\314j\251"
 172      9B3D2848 
 172      07FBD929 
 172      633DBA37 
 172      F221CC6A 
 173 017a 9F272BE9 		.ascii	"\237'+\351nEY\027|\350K\314)\272cz\201j\324*b'\224\237"
 173      6E455917 
 173      7CE84BCC 
 173      29BA637A 
 173      816AD42A 
 174 0192 8D8BB958 		.ascii	"\215\213\271X\353\263)\323b\263\315W\227\304\320T\213"
 174      EBB329D3 
 174      62B3CD57 
 174      97C4D054 
ARM GAS  /tmp/ccShQbV3.s 			page 13


 174      8B
 175 01a3 ED92E5B9 		.ascii	"\355\222\345\271\323IX*\222O() o@\312B\242Q\011S\336"
 175      D349582A 
 175      924F2829 
 175      206F40CA 
 175      42A25109 
 176 01b9 C422B209 		.ascii	"\304\"\262\011b/\235X\230%\324\364\002\362\241\221\226"
 176      622F9D58 
 176      9825D4F4 
 176      02F2A191 
 176      96
 177 01ca 4C0323DB 		.ascii	"L\003#\333\034\271\332\326\370z\247\363-\006-\226\240"
 177      1CB9DAD6 
 177      F87AA7F3 
 177      2D062D96 
 177      A0
 178 01db 2502B458 		.ascii	"%\002\264X\204\2262h\362\315\214\011O\032\374\002h\325"
 178      84963268 
 178      F2CD8C09 
 178      4F1AFC02 
 178      68D5
 179 01ed D0A48D70 		.ascii	"\320\244\215p\350\200\013\264L\202\236\023\240e\"\264"
 179      E8800BB4 
 179      4C829E13 
 179      A06522B4 
 180 01fd 9C414B46 		.ascii	"\234AKFb\027\334\351\001\006\035\030\233\352q\247G\010"
 180      6217DCE9 
 180      01061D18 
 180      9BEA71A7 
 180      4708
 181 020f 9B9C4EC9 		.ascii	"\233\234N\311\354\323\013\031.\210\031F\006\022\253"
 181      ECD30B19 
 181      2E881946 
 181      0612AB
 182 021e 3DC59CA4 		.ascii	"=\305\234\244\2020Q\032O$\214\251\205\264Y\266\373."
 182      8230511A 
 182      4F248CA9 
 182      85B459B6 
 182      FB2E
 183 0230 69CF4B69 		.ascii	"i\317Ki+\205\264\347\305\264U,m\371\231\273\303\356"
 183      2B85B4E7 
 183      C5B4552C 
 183      6DF999BB 
 183      C3EE
 184 0242 349EA72A 		.ascii	"4\236\247*\257L\354\300~X\363\264\255\026\211Q-2 \256"
 184      AF4CECC0 
 184      7E58F3B4 
 184      AD168951 
 184      2D3220AE 
 185 0256 5A043818 		.ascii	"Z\0048\030 \251&=\301\223-\025\013c\264\215?Y\324\263"
 185      20A9263D 
 185      C1932D15 
 185      0B63B48D 
 185      3F59D4B3 
 186 026a B5B24E98 		.ascii	"\265\262N\230\326]|\322\254\243Y\234\177\334:zEG\363"
 186      D65D7CD2 
 186      ACA3599C 
ARM GAS  /tmp/ccShQbV3.s 			page 14


 186      7FDC3A7A 
 186      4547F3
 187 027d F9E4D0B7 		.ascii	"\371\344\320\267\216\343\356\340\370\272\216]\324\367"
 187      8EE3EEE0 
 187      F8BA8E5D 
 187      D4F7
 188 028b 694B399E 		.ascii	"iK9\236l*<O|\340\220\372\334\322\351FB\266\352r`\305"
 188      6C2A3C4F 
 188      7CE090FA 
 188      DCD2E946 
 188      42B6EA72 
 189 02a1 CCCFE68E 		.ascii	"\314\317\346\216\277\033ey\2334\022\035\251\223\312"
 189      BF1B6579 
 189      9B34121D 
 189      A993CA
 190 02b0 61D1C266 		.ascii	"a\321\302f\265X\"\205\325\350\371\256JZ\213\344\022"
 190      B5582285 
 190      D5E8F9AE 
 190      4A5A8BE4 
 190      12
 191 02c1 D90A0ECC 		.ascii	"\331\012\016\314\225\324\303\301\0068\010\334T\253\245"
 191      95D4C3C1 
 191      063808DC 
 191      54ABA5
 192 02d0 C58BE8B6 		.ascii	"\305\213\350\266\256\031sy\215\030V@\345\321\204\227"
 192      AE197379 
 192      8D185640 
 192      E5D18497 
 193 02e0 2D160D69 		.ascii	"-\026\015i\202\002.\256\024\000\365H\353\370dEw\276"
 193      82022EAE 
 193      1400F548 
 193      EBF86445 
 193      77BE
 194 02f2 873E46C2 		.ascii	"\207>F\3022\337\225;\243\231\350\321\361\350\345\007"
 194      32DF953B 
 194      A399E8D1 
 194      F1E8E507 
 195 0302 C51A3ACF 		.ascii	"\305\032:\317o\213\343\347\033\356\032\250\223O.\334"
 195      6F8BE3E7 
 195      1BEE1AA8 
 195      934F2EDC 
 196 0312 494D71A3 		.ascii	"IMq\243G)\233\344$%\333\335X/=\204\251-\267pNK\023\331"
 196      47299BE4 
 196      2425DBDD 
 196      582F3D84 
 196      A92DB770 
 197 032a 396D57D6 		.ascii	"9mW\326\300w>d\363\206\315\2337o\265A\306\371\352\221"
 197      C0773E64 
 197      F386CD9B 
 197      376FB541 
 197      C6F9EA91 
 198 033e 2922DC1B 		.ascii	")\"\334\033D\310C\256@\205\355d\303\312u]e%\374\032"
 198      44C843AE 
 198      4085ED64 
 198      C3CA755D 
 198      6525FC1A 
 199 0352 FEA84EB0 		.ascii	"\376\250N\260;\327by\033\226C\015\234\257e\247\004o"
ARM GAS  /tmp/ccShQbV3.s 			page 15


 199      3BD76279 
 199      1B96430D 
 199      9CAF65A7 
 199      046F
 200 0364 B826D205 		.ascii	"\270&\322\005\015\350 \233I'\3305\260\353d3\273>!\211"
 200      0DE8209B 
 200      4927D835 
 200      B0EB6433 
 200      BB3E2189 
 201 0378 6DB6CCF2 		.ascii	"m\266\314\362\366a\3122\264\3103\374RJ\300\\\357\257"
 201      F661CA32 
 201      B4C833FC 
 201      524AC05C 
 201      EFAF
 202 038a B8B6AEE9 		.ascii	"\270\266\256\351\232G$\337'+\276mk\027\316\235\005!"
 202      9A4724DF 
 202      272BBE6D 
 202      6B17CE9D 
 202      0521
 203 039c 4667FC3C 		.ascii	"Fg\374<\004\017\225\270\"\245\366\317/\226\217y\320"
 203      040F95B8 
 203      22A5F6CF 
 203      2F968F79 
 203      D0
 204 03ad 2CD61FB5 		.ascii	",\326\037\265c\304\346\324\221\255\033X\310\222\226"
 204      63C4E6D4 
 204      91AD1B58 
 204      C89296
 205 03bc 901E80DE 		.ascii	"\220\036\200\336X\321M \260m\255n\220nh\302\377j\210"
 205      58D14D20 
 205      B06DAD6E 
 205      906E68C2 
 205      FF6A88
 206 03cf F068AA5B 		.ascii	"\360h\252[\3160l@\202\355E\004\325\213\302\333\332\354"
 206      CE306C40 
 206      82ED4504 
 206      D58BC2DB 
 206      DAEC
 207 03e1 AFF25B87 		.ascii	"\257\362[\207\351+\336Jz\274\225\036g\217N\0236w\027"
 207      E92BDE4A 
 207      7ABC951E 
 207      678F4E13 
 207      367717
 208 03f4 A6D39535 		.ascii	"\246\323\2255\255^:+>vau\351W/\256\001a\035BcI?[\344"
 208      AD5E3A2B 
 208      3E766175 
 208      E9572FAE 
 208      01611D42 
 209 040d 24DA5660 		.ascii	"$\332V`q_\037\217\027\267I\303\256\377&\270\3671\367"
 209      715F1F8F 
 209      17B749C3 
 209      AEFF26B8 
 209      F731F7
 210 0420 5B64BD18 		.ascii	"[d\275\030$x?\252{\330\344\261\332\273\367\277yG\225"
 210      24783FAA 
 210      7BD8E4B1 
 210      DABBF7BF 
ARM GAS  /tmp/ccShQbV3.s 			page 16


 210      794795
 211 0433 F4E47AD3 		.ascii	"\364\344z\323R\276H\223\247\023\243t\324\301'K'+\332"
 211      52BE4893 
 211      A713A374 
 211      D4C1274B 
 211      272BDA
 212 0446 F45BB22C 		.ascii	"\364[\262,\243\221\243\326\354\253z[+4\337\351\3749"
 212      A391A3D6 
 212      ECAB7A5B 
 212      2B34DFE9 
 212      FC39
 213 0458 BB118679 		.ascii	"\273\021\206y\363W\325<\314\037%\020\367\264*\321\351"
 213      F357D53C 
 213      CC1F2510 
 213      F7B42AD1 
 213      E9
 214 0469 F9E532BC 		.ascii	"\371\3452\274\030Fk\243\370\012\036![\330\251\230\221"
 214      18466BA3 
 214      F80A1E21 
 214      5BD8A998 
 214      91
 215 047a E1686FDA 		.ascii	"\341ho\332\301\371\317\217\344t\023\221\337\355\312"
 215      C1F9CF8F 
 215      E4741391 
 215      DFEDCA
 216 0489 1F55F047 		.ascii	"\037U\360G%\376\263\345\204~\015\362\263\015\214?\206"
 216      25FEB3E5 
 216      847E0DF2 
 216      B30D8C3F 
 216      86
 217 049a FCAA8A8C 		.ascii	"\374\252\212\214\207\356t\210\363\227\2175%y#?j\320"
 217      87EE7488 
 217      F3978F35 
 217      2579233F 
 217      6AD0
 218 04ac 95FF8382 		.ascii	"\225\377\203\202\377\203\304/\230O\212s\023\371/3\376"
 218      FF83C42F 
 218      984F8A73 
 218      13F92F33 
 218      FE
 219 04bd 6DE47F55 		.ascii	"m\344\177U\222\375XG\2479\2775\276\371\244\330\237\250"
 219      92FD5847 
 219      A739BF35 
 219      BEF9A4D8 
 219      9FA8
 220 04cf C0544B56 		.ascii	"\300TKV\244\305\"<dY\202\273\212\004w\245\004?]]\370"
 220      A4C5223C 
 220      645982BB 
 220      8A0477A5 
 220      043F5D5D 
 221 04e4 DA0B1334 		.ascii	"\332\013\0234\276\306\022L`\202{\366\270L\255\177\271"
 221      BEC6124C 
 221      60827BF6 
 221      B84CAD7F 
 221      B9
 222 04f5 C56ADBC4 		.ascii	"\305j\333\304d\023\026\333\367\344K\266\340\306a\024"
 222      641316DB 
ARM GAS  /tmp/ccShQbV3.s 			page 17


 222      F7E44BB6 
 222      E0C66114 
 223 0505 16DD1D18 		.ascii	"\026\335\035\030a\341\221I\362%+\243%\373\221\017]\346"
 223      61E19149 
 223      F2252BA3 
 223      25FB910F 
 223      5DE6
 224 0517 359DECBA 		.ascii	"5\235\354\272\021m\3405\035\223kvOQ\322=\251\244\251"
 224      116DE035 
 224      1D936B76 
 224      4F51D23D 
 224      A9A4A9
 225 052a A63B31EE 		.ascii	"\246;1\356\274\244:\324l\032Kj\356\356\237\360\240\261"
 225      BCA43AD4 
 225      6C1A4B6A 
 225      EEEE9FF0 
 225      A0B1
 226 053c 1AC69F4B 		.ascii	"\032\306\237K\316\311\364\026\3712\315f\025\374Y\211"
 226      CEC9F416 
 226      F932CD66 
 226      15FC5989 
 227 054c 6F4B4C49 		.ascii	"oKLI\366F>jv\037\371\203\255Q\217<i:\347\017\026<\217"
 227      F6463E6A 
 227      761FF983 
 227      AD518F3C 
 227      693AE70F 
 228 0563 14F972CD 		.ascii	"\024\371r\315\346\025\374y\211_\234\377,\207\210|\256"
 228      E615FC79 
 228      895F9CFF 
 228      2C87887C 
 228      AE
 229 0574 D903E49F 		.ascii	"\331\003\344\237\031qf\373\320\002\316\317\356;t\314"
 229      197166FB 
 229      D002CECF 
 229      EE3B74CC 
 230 0584 47E4CB35 		.ascii	"G\344\3135[T$X\224\022\\\355\2656\3510\001j\366\020"
 230      5B542458 
 230      94125CED 
 230      B536E930 
 230      016AF610 
 231 0598 139C58C8 		.ascii	"\023\234X\310\260\373\3104\233A\315\346P\263\005\324"
 231      B0FBC834 
 231      9B41CDE6 
 231      50B305D4 
 232 05a8 EC11D7EC 		.ascii	"\354\021\327\354T\337\235\207\224=-\324\302\364|\373"
 232      54DF9D87 
 232      943D2DD4 
 232      C2F47CFB 
 233 05b8 99250D75 		.ascii	"\231%\015u\360\022\247\272G\026\261\304X\271\204O\024"
 233      F012A7BA 
 233      4716B1C4 
 233      58B9844F 
 233      14
 234 05c9 153E912A 		.ascii	"\025>\221*\\H\231X\300\333\342*J\270\204\025V\347\316"
 234      5C489958 
 234      C0DBE22A 
 234      4AB88415 
ARM GAS  /tmp/ccShQbV3.s 			page 18


 234      56E7CE
 235 05dc 0EB8D10E 		.ascii	"\016\270\321\016\316\037\355\216\255\320\211|\231\204"
 235      CE1FED8E 
 235      ADD0897C 
 235      9984
 236 05ea CB0AFEB2 		.ascii	"\313\012\376\262\304\237\351r\366x \037%|\212\374\257"
 236      C49FE972 
 236      F678201F 
 236      257C8AFC 
 236      AF
 237 05fb 2FD59CF3 		.ascii	"/\325\234\363\244C\234_\023wo\035\342\345\012>W\340"
 237      A4439C5F 
 237      13776F1D 
 237      E2E50A3E 
 237      57E0
 238 060d 9FAF3C35 		.ascii	"\237\257<5Z\212\226\251\210\347\012:\021o\267\327g\253"
 238      5A8A96A9 
 238      88E70A3A 
 238      116FB7D7 
 238      67AB
 239 061f E934C74F 		.ascii	"\3514\307OttFkE\276\\\301Cjy\0028\"\366gvp\300\007\023"
 239      7474466B 
 239      45BE5CC1 
 239      436A7902 
 239      3822F667 
 240 0638 A082916A 		.ascii	"\240\202\221j\236\240{\350\333sD\246\340O\250\3403T"
 240      9EA07BE8 
 240      DB7344A6 
 240      E04FA8E0 
 240      3354
 241 064a D0A2E60A 		.ascii	"\320\242\346\012F\251\231\202\261E9\213>LA*L\207\373"
 241      46A99982 
 241      B145398B 
 241      3E4C412A 
 241      4C87FB
 242 065d A6BADCE9 		.ascii	"\246\272\334\3512/\361Hqr\227\033/1U\256\340W\212\012"
 242      322FF148 
 242      7172971B 
 242      2F3155AE 
 242      E0578A0A 
 243 0671 BF922A9C 		.ascii	"\277\222*\234j\270\231\213\012\266\243\202G\260\302"
 243      6AB8998B 
 243      0AB6A382 
 243      47B0C2
 244 0680 617BEC79 		.ascii	"a{\354y5\215uc\374\262\333s\321T\344\313\024<\252\340"
 244      358D7563 
 244      FCB2DB73 
 244      D154E4CB 
 244      143CAAE0 
 245 0694 1F95F899 		.ascii	"\037\225\370\231\366\374Y-\362Q\301\030\344\027\217"
 245      F6FC592D 
 245      F251C118 
 245      E4178F
 246 06a3 DAD3BC69 		.ascii	"\332\323\274i:\347\317\215\367\2137I\252\\\302\343\012"
 246      3AE7CF8D 
 246      F78B3749 
 246      AA5CC2E3 
ARM GAS  /tmp/ccShQbV3.s 			page 19


 246      0A
 247 06b4 FE71895F 		.ascii	"\376q\211_\220QX\342!\362\271\204_#\377\360\323\321"
 247      905158E2 
 247      21F2B984 
 247      5F23FFF0 
 247      D3D1
 248 06c6 614A0B38 		.ascii	"aJ\0138\337\331\227\231\340)\362\345\022\306)\022\304"
 248      DFD99799 
 248      E029F2E5 
 248      12C62912 
 248      C4
 249 06d7 4909127A 		.ascii	"I\011\022z#\377\212|T0\036\371u\213S\343j\231\202V5"
 249      23FF8A7C 
 249      54301EF9 
 249      758B53E3 
 249      6A998256 
 250 06ec 57F0989A 		.ascii	"W\360\230\232+\030\213\012\236\340\012\212\037B\006"
 250      2B188B0A 
 250      9EE00A8A 
 250      1F4206
 251 06fb FE21D45C 		.ascii	"\376!\324\\\373\250YM\035\274\302\276\244\364L\354@"
 251      FBA8594D 
 251      1DBCC2BE 
 251      A4F44CEC 
 251      40
 252 070c BA5CC144 		.ascii	"\272\\\301DE\201\211R\201\221\005\261\243\370\352\350"
 252      45818952 
 252      819105B1 
 252      A3F8EAE8 
 253 071c 470593B0 		.ascii	"G\005\223\260\302\334\222\346z5\355\340\374\307m\231"
 253      C2DC92E6 
 253      7A35EDE0 
 253      FCC76D99 
 254 072c 6944E4CB 		.ascii	"iD\344\313\024\374F\301\377F\342\247\304\347Mb\207\373"
 254      14FC46C1 
 254      FF46E2A7 
 254      C4E74D62 
 254      87FB
 255 073e 51C114E4 		.ascii	"Q\301\024\344\237\035\213\251\321\320!\316\257\317X"
 255      9F1D8BA9 
 255      D1D021CE 
 255      AFCF58
 256 074d 74E06334 		.ascii	"t\340c4]\256\340)\005\377\224\304\277\3236\361\252\210"
 256      5DAEE029 
 256      05FF94C4 
 256      BFD336F1 
 256      AA88
 257 075f E702A621 		.ascii	"\347\002\246!>/\341t\241\027\235\346\370\310;es\022"
 257      3E2FE174 
 257      A1179DE6 
 257      F8C83B65 
 257      7312
 258 0771 5E2E6086 		.ascii	"^.`\206\202\237!\361[g*\343\365\230\000\025\314\304"
 258      829F21F1 
 258      5B672AE3 
 258      F5980015 
 258      CCC4
ARM GAS  /tmp/ccShQbV3.s 			page 20


 259 0783 0447F262 		.ascii	"\004G\362b\373\274e\012&\243\202\251\250`:*x\232+8\323"
 259      FBBC650A 
 259      26A382A9 
 259      A8603A2A 
 259      789A2B38 
 260 0798 9D56AD67 		.ascii	"\235V\255g\012\272\011\323c)\323\375^t\231\227\230X"
 260      0ABA09D3 
 260      6329D3FD 
 260      5E749997 
 260      9858
 261 07aa 73B91AEF 		.ascii	"s\271\032\357\301\323r\005\317(*<#Ux\270\264\327\201"
 261      C1D37205 
 261      CF282A3C 
 261      235578B8 
 261      B4D781
 262 07bd 8FA14154 		.ascii	"\217\241AT0\033+\\\034*\233v\243\261Z\306/\356L"
 262      301B2B5C 
 262      1C2A9B76 
 262      A3B15AC6 
 262      2FEE4C
 263 07d0 3F28E265 		.ascii	"?(\342e\002\346*\360\271\022\376\302D\367/\220\216\372"
 263      02E62AF0 
 263      B912FEC2 
 263      44F72F90 
 263      8EFA
 264 07e2 7D8BF41F 		.ascii	"}\213\364\037\237\216\034\205\327 \247\017\305\345\364"
 264      9F8E1C85 
 264      D720A70F 
 264      C5E5F4
 265 07f1 62834FCB 		.ascii	"b\203O\313\365;\253\300\237]\351ov\332M\215\310\347"
 265      F53BABC0 
 265      9F5DE96F 
 265      76DA4D8D 
 265      C8E7
 266 0803 027E87FC 		.ascii	"\002~\207\374\231\266\037Nx\322\002\316w\306\325\336"
 266      99B61F4E 
 266      78D202CE 
 266      77C6D5DE 
 267 0813 D08A7CB9 		.ascii	"\320\212|\271\200\005\212\004\005R\202\230\211J\207"
 267      80058A04 
 267      05528298 
 267      894A87
 268 0822 0113A080 		.ascii	"\001\023\240\200vL\020\377\314\332+\177\210\346\240"
 268      764C10FF 
 268      CCDA2B7F 
 268      88E6A0
 269 0831 80792860 		.ascii	"\200y(`>\012X\310\005L\210\256\25440\001\265\302\364"
 269      3E0A58C8 
 269      054C88AE 
 269      AC343001 
 269      B5C2F4
 270 0844 DAA9EE45 		.ascii	"\332\251\356Eo\352\340%\366g\265\344x\360\022\363\345"
 270      6FEAE025 
 270      F667B5E4 
 270      78F012F3 
 270      E5
 271 0855 0296282A 		.ascii	"\002\226(*,\221*\254\233\034\265\343c~\004\005,\305"
ARM GAS  /tmp/ccShQbV3.s 			page 21


 271      2C912AAC 
 271      9B1CB5E3 
 271      637E0405 
 271      2CC5
 272 0867 0A23FBEB 		.ascii	"\012#\373\353\242\3405\310\371\011\355S\360pE\276L\301"
 272      A2E035C8 
 272      F909ED53 
 272      F07045BE 
 272      4CC1
 273 0879 730AFE39 		.ascii	"s\012\3769\211_\336?\321\205\267\340\010JX\216\374\234"
 273      895FDE3F 
 273      D185B7E0 
 273      084A588E 
 273      FC9C
 274 088b 736957B4 		.ascii	"siW\264t\010\353\217.\352\326 _.\341\005\005\377\202"
 274      7408EB8F 
 274      2EEAD620 
 274      5F2EE105 
 274      05FF82
 275 089e C44F1C5F 		.ascii	"\304O\034_\354\224\370\\\302\012\344\317\265_\177\346"
 275      EC94F85C 
 275      C20AE4CF 
 275      B55F7FE6 
 276 08ae 4EA739FF 		.ascii	"N\2479\377XC\305\224V\344\313%\254R$\250\222\0224\\"
 276      5843C594 
 276      56E4CB25 
 276      AC5224A8 
 276      9212345C 
 277 08c2 E91AC2B7 		.ascii	"\351\032\302\267\300\010JX\215\011\036$\234\371B\246"
 277      C0084A58 
 277      8D091E24 
 277      9CF942A6 
 278 08d2 60192A78 		.ascii	"`\031*x\036\025\254D\005\035\\A\361\263\306\300?k\316"
 278      1E15AC44 
 278      051D5C41 
 278      F1B3C6C0 
 278      3F6BCE
 279 08e5 A6F415A9 		.ascii	"\246\364\025\251\3512\257\360\320\302\234\330\201B\271"
 279      E932AFF0 
 279      D0C29CD8 
 279      8142B9
 280 08f4 82171505 		.ascii	"\202\027\025\005^\224\012\234\214I\276\211kl\012\025"
 280      5E940A9C 
 280      8C49BE89 
 280      6B6C0A15 
 281 0904 ACC30263 		.ascii	"\254\303\002c:\333\034\360\277\250;\343O\336j\317\360"
 281      3ADB1CF0 
 281      BFA83BE3 
 281      4FDE6ACF 
 281      F0
 282 0915 12F93205 		.ascii	"\022\3712\005\033\024\374\006\211\377\243\375|\005~"
 282      1B14FC06 
 282      89FFA3FD 
 282      7C057E
 283 0924 9F4CA182 		.ascii	"\237L\241\202\227\304[\334>s\204\322t\316\267\266d-"
 283      97C45BDC 
 283      3E7384D2 
ARM GAS  /tmp/ccShQbV3.s 			page 22


 283      74CEB7B6 
 283      642D
 284 0936 E06BAA50 		.ascii	"\340k\252P\256`\223\202\337$\361\237\365L\236\325\210"
 284      AE609382 
 284      DF24F19F 
 284      F54C9ED5 
 284      88
 285 0947 7CAEE065 		.ascii	"|\256\340e\344\333\352j\033\365\264\200\363\013o\015"
 285      E4DBEA6A 
 285      1BF5B480 
 285      F30B6F0D 
 286 0957 968AFD51 		.ascii	"\226\212\375Q(\330\242H\320\262\362\026\210\214\033"
 286      28D8A248 
 286      D0B2F216 
 286      888C1B
 287 0966 4705A750 		.ascii	"G\005\247P\301VL0\3317m\325\311$\254G\011\033Q\302f"
 287      C1564C30 
 287      D9376DD5 
 287      C924AC47 
 287      091B51C2 
 288 097b 94F00A97 		.ascii	"\224\360\012\227\260\356F\376\240'\013\251'd\220\254"
 288      B0EE46FE 
 288      A0270BA9 
 288      276490AC 
 289 098b 87CF7E32 		.ascii	"\207\317~2E\374\311o6\222\037ax\014\005\034V\373\223"
 289      45FCC96F 
 289      36921F61 
 289      780C051C 
 289      56FB93
 290 099e 68F54692 		.ascii	"h\365F\222\000\343I\030m0f\301X\004c1\21450\326\302"
 290      00E34918 
 290      6D3066C1 
 290      58046331 
 290      8C3530D6 
 291 09b3 7855EDCF 		.ascii	"xU\355\317\336\"\2673o\012o\317\353\266\321\232\306"
 291      DE22B733 
 291      6F0A6FCF 
 291      EBB6D19A 
 291      C6
 292 09c4 0F2D62DF 		.ascii	"\017-b\337\004\366\020\376\007\270\3629:$\374\007H\332"
 292      04F610FE 
 292      07B8F239 
 292      3A24FC07 
 292      48DA
 293 09d6 20925C53 		.ascii	" \222\\Soam\231\265\323\325?\274\364\256\372\005\001"
 293      6F616D99 
 293      B5D3D53F 
 293      BCF4AEFA 
 293      0501
 294 09e8 BEF5D5EC 		.ascii	"\276\365\325\354\207\027a\024\356\306\256\314!\303j"
 294      87176114 
 294      EEC6AECC 
 294      21C36A
 295 09f7 6721C98A 		.ascii	"g!\311\212s\007:w0\347'\227\242\222\324\242\263\365"
 295      73073A77 
 295      30E72797 
 295      A292D4A2 
ARM GAS  /tmp/ccShQbV3.s 			page 23


 295      B3F5
 296 0a09 453FE990 		.ascii	"E?\351\220N\010\3622\231\002C\303\314\246\240\220\240"
 296      4E08F232 
 296      990243C3 
 296      CCA6A090 
 296      A0
 297 0a1a 08ED3B1F 		.ascii	"\010\355;\037\374}\323\036\225\346\337\346\200\317\376"
 297      FC7DD31E 
 297      95E6DFE6 
 297      80CFFE
 298 0a29 14F869D0 		.ascii	"\024\370i\320\336\240\320pSxD\300\336`\3636\337\337"
 298      DEA0D070 
 298      537844C0 
 298      DE60F336 
 298      DFDF
 299 0a3b 6EF7DB7E 		.ascii	"n\367\333~\300\030\032n\014\014\335\267/4\304\010\307"
 299      C0181A6E 
 299      0C0CDDB7 
 299      2F34C408 
 299      C7
 300 0a4c C322F67F 		.ascii	"\303\"\366\177n\374\303\337\336\337\363\376\001\341"
 300      6EFCC3DF 
 300      DEDFF3FE 
 300      01E1
 301 0a5a E8E741C1 		.ascii	"\350\347A\301\346\260p\343;{\366\030\003\303\"|\267"
 301      E6B070E3 
 301      3B7BF618 
 301      03C3227C 
 301      B7
 302 0a6b 07AAF426 		.ascii	"\007\252\364&\2239 ,\370 \243C\246\340\200\010\236\311"
 302      9339202C 
 302      F820A343 
 302      A6E08008 
 302      9EC9
 303 0a7d 60327D6C 		.ascii	"`2}l\376W\300\376\340\010\223\371@P\204G\010\224\020"
 303      FE57C0FE 
 303      E00893F9 
 303      40508447 
 303      089410
 304 0a90 B13F2C64 		.ascii	"\261?,d\235\211\2356\205\005\3543\005\204\231\003\302"
 304      9D899D36 
 304      8505EC33 
 304      05849903 
 304      C2
 305 0aa1 3DF60785 		.ascii	"=\366\007\205D\354\3603E\350L&qw\257\361\323\320}f\343"
 305      44ECF033 
 305      45E84C26 
 305      7177AFF1 
 305      D3D07D66 
 306 0ab6 67E19F18 		.ascii	"g\341\237\030\367\006\205\030?\011\014\334\026\020\266"
 306      F7068518 
 306      3F090CDC 
 306      1610B6
 307 0ac5 4F1CB785 		.ascii	"O\034\267\205\204\206\230\267\231\003\366\006m\333i"
 307      848698B7 
 307      9903F606 
 307      6DDB69
ARM GAS  /tmp/ccShQbV3.s 			page 24


 308 0ad4 FADD36BF 		.ascii	"\372\3356\2777}w}\261\303\350r\302\030\024\022\030\274"
 308      377D777D 
 308      B1C3E872 
 308      C2181412 
 308      18BC
 309 0ae6 FF63B371 		.ascii	"\377c\263q_\000\\e\210\331(\025\023q\360ss\370\366O"
 309      5F005C65 
 309      88D92815 
 309      1371F073 
 309      73F8F64F 
 310 0afa 55FFF8BF 		.ascii	"U\377\370\277\245\010?\030n\204\036~\014\265\003\327"
 310      A5083F18 
 310      6E841E7E 
 310      0CB503D7 
 311 0b0a C0AE2EC2 		.ascii	"\300\256.\302| \202]\236'\233\012{\272\300`\350\024"
 311      7C20825D 
 311      9E279B0A 
 311      7BBAC060 
 311      E814
 312 0b1c DBD58784 		.ascii	"\333\325\207\204\232\244\343>B'\244\231)\302S\352\314"
 312      9AA4E33E 
 312      4227A499 
 312      29C253EA 
 312      CC
 313 0b2d 7A93D0A5 		.ascii	"z\223\320\2457M+D\223\367\352C&\003\3168\331\344\203"
 313      374D2B44 
 313      93F7EA43 
 313      2603CE38 
 313      D9E483
 314 0b40 D390507E 		.ascii	"\323\220P~\232\307\373*\343}]\342}]\343}e\361~\312x"
 314      9AC7FB2A 
 314      E37D5DE2 
 314      7D5DE37D 
 314      65F17ECA 
 315 0b55 3F97783F 		.ascii	"?\227x?\327x?Y\374\016e\374\016\227\370\035\256\361"
 315      D7783F59 
 315      FC0E65FC 
 315      0E97F81D 
 315      AEF1
 316 0b67 3B64F13B 		.ascii	";d\361;\225\361;]\342w\272\306\357\224\305\357R\306"
 316      95F13B5D 
 316      E277BAC6 
 316      EF94C5EF 
 316      52C6
 317 0b79 EF7289DF 		.ascii	"\357r\211\337\345\032\277K\026\357\257\214\367w\211"
 317      E51ABF4B 
 317      16EFAF8C 
 317      F77789
 318 0b88 F7778DF7 		.ascii	"\367w\215\367\227\305\357V\306\357v\211\337\355\032"
 318      97C5EF56 
 318      C6EF7689 
 318      DFED1A
 319 0b97 BF5B8AFF 		.ascii	"\277[\212\377\017\022r\254i"
 319      0F1272AC 
 319      69
 320              		.text
 321              		.section	.gnu.lto_.symtab.452f3f6a122daae8,"",%progbits
ARM GAS  /tmp/ccShQbV3.s 			page 25


 322 0000 5F5F636F 		.ascii	"__core_init\000\000\001\000\000\000\000\000\000\000"
 322      72655F69 
 322      6E697400 
 322      00010000 
 322      00000000 
 323 0015 0000AE00 		.ascii	"\000\000\256\000\000\000__early_init\000\000\001\000"
 323      00005F5F 
 323      6561726C 
 323      795F696E 
 323      69740000 
 324 002b 00000000 		.ascii	"\000\000\000\000\000\000\000\000\261\000\000\000__l"
 324      00000000 
 324      B1000000 
 324      5F5F6C
 325 003a 6174655F 		.ascii	"ate_init\000\000\001\000\000\000\000\000\000\000\000"
 325      696E6974 
 325      00000100 
 325      00000000 
 325      000000
 326 004d 00B40000 		.ascii	"\000\264\000\000\000__default_exit\000\000\001\000\000"
 326      005F5F64 
 326      65666175 
 326      6C745F65 
 326      78697400 
 327 0065 00000000 		.ascii	"\000\000\000\000\000\000\000\271\000\000\000__init_"
 327      000000B9 
 327      0000005F 
 327      5F696E69 
 327      745F
 328 0077 72616D5F 		.ascii	"ram_areas\000\000\000\000\000\000\000\000\000\000\000"
 328      61726561 
 328      73000000 
 328      00000000 
 328      00000000 
 329 008b 00BB0000 		.ascii	"\000\273\000\000\000__ram0_init_text__\000\000\002\000"
 329      005F5F72 
 329      616D305F 
 329      696E6974 
 329      5F746578 
 330 00a6 00000000 		.ascii	"\000\000\000\000\000\000\000\000\336\000\000\000__r"
 330      00000000 
 330      DE000000 
 330      5F5F72
 331 00b5 616D305F 		.ascii	"am0_init__\000\000\002\000\000\000\000\000\000\000\000"
 331      696E6974 
 331      5F5F0000 
 331      02000000 
 331      00000000 
 332 00ca 00E10000 		.ascii	"\000\341\000\000\000__ram0_clear__\000\000\002\000\000"
 332      005F5F72 
 332      616D305F 
 332      636C6561 
 332      725F5F00 
 333 00e2 00000000 		.ascii	"\000\000\000\000\000\000\000\344\000\000\000__ram0_"
 333      000000E4 
 333      0000005F 
 333      5F72616D 
ARM GAS  /tmp/ccShQbV3.s 			page 26


 333      305F
 334 00f4 6E6F696E 		.ascii	"noinit__\000\000\002\000\000\000\000\000\000\000\000"
 334      69745F5F 
 334      00000200 
 334      00000000 
 334      000000
 335 0107 00E70000 		.ascii	"\000\347\000\000\000__ram1_init_text__\000\000\002\000"
 335      005F5F72 
 335      616D315F 
 335      696E6974 
 335      5F746578 
 336 0122 00000000 		.ascii	"\000\000\000\000\000\000\000\000\353\000\000\000__r"
 336      00000000 
 336      EB000000 
 336      5F5F72
 337 0131 616D315F 		.ascii	"am1_init__\000\000\002\000\000\000\000\000\000\000\000"
 337      696E6974 
 337      5F5F0000 
 337      02000000 
 337      00000000 
 338 0146 00EE0000 		.ascii	"\000\356\000\000\000__ram1_clear__\000\000\002\000\000"
 338      005F5F72 
 338      616D315F 
 338      636C6561 
 338      725F5F00 
 339 015e 00000000 		.ascii	"\000\000\000\000\000\000\000\361\000\000\000__ram1_"
 339      000000F1 
 339      0000005F 
 339      5F72616D 
 339      315F
 340 0170 6E6F696E 		.ascii	"noinit__\000\000\002\000\000\000\000\000\000\000\000"
 340      69745F5F 
 340      00000200 
 340      00000000 
 340      000000
 341 0183 00F40000 		.ascii	"\000\364\000\000\000__ram2_init_text__\000\000\002\000"
 341      005F5F72 
 341      616D325F 
 341      696E6974 
 341      5F746578 
 342 019e 00000000 		.ascii	"\000\000\000\000\000\000\000\000\371\000\000\000__r"
 342      00000000 
 342      F9000000 
 342      5F5F72
 343 01ad 616D325F 		.ascii	"am2_init__\000\000\002\000\000\000\000\000\000\000\000"
 343      696E6974 
 343      5F5F0000 
 343      02000000 
 343      00000000 
 344 01c2 00FC0000 		.ascii	"\000\374\000\000\000__ram2_clear__\000\000\002\000\000"
 344      005F5F72 
 344      616D325F 
 344      636C6561 
 344      725F5F00 
 345 01da 00000000 		.ascii	"\000\000\000\000\000\000\000\377\000\000\000__ram2_"
 345      000000FF 
 345      0000005F 
ARM GAS  /tmp/ccShQbV3.s 			page 27


 345      5F72616D 
 345      325F
 346 01ec 6E6F696E 		.ascii	"noinit__\000\000\002\000\000\000\000\000\000\000\000"
 346      69745F5F 
 346      00000200 
 346      00000000 
 346      000000
 347 01ff 00020100 		.ascii	"\000\002\001\000\000__ram3_init_text__\000\000\002\000"
 347      005F5F72 
 347      616D335F 
 347      696E6974 
 347      5F746578 
 348 021a 00000000 		.ascii	"\000\000\000\000\000\000\000\000\007\001\000\000__r"
 348      00000000 
 348      07010000 
 348      5F5F72
 349 0229 616D335F 		.ascii	"am3_init__\000\000\002\000\000\000\000\000\000\000\000"
 349      696E6974 
 349      5F5F0000 
 349      02000000 
 349      00000000 
 350 023e 000A0100 		.ascii	"\000\012\001\000\000__ram3_clear__\000\000\002\000\000"
 350      005F5F72 
 350      616D335F 
 350      636C6561 
 350      725F5F00 
 351 0256 00000000 		.ascii	"\000\000\000\000\000\000\000\015\001\000\000__ram3_"
 351      0000000D 
 351      0100005F 
 351      5F72616D 
 351      335F
 352 0268 6E6F696E 		.ascii	"noinit__\000\000\002\000\000\000\000\000\000\000\000"
 352      69745F5F 
 352      00000200 
 352      00000000 
 352      000000
 353 027b 00100100 		.ascii	"\000\020\001\000\000__ram4_init_text__\000\000\002\000"
 353      005F5F72 
 353      616D345F 
 353      696E6974 
 353      5F746578 
 354 0296 00000000 		.ascii	"\000\000\000\000\000\000\000\000\025\001\000\000__r"
 354      00000000 
 354      15010000 
 354      5F5F72
 355 02a5 616D345F 		.ascii	"am4_init__\000\000\002\000\000\000\000\000\000\000\000"
 355      696E6974 
 355      5F5F0000 
 355      02000000 
 355      00000000 
 356 02ba 00180100 		.ascii	"\000\030\001\000\000__ram4_clear__\000\000\002\000\000"
 356      005F5F72 
 356      616D345F 
 356      636C6561 
 356      725F5F00 
 357 02d2 00000000 		.ascii	"\000\000\000\000\000\000\000\033\001\000\000__ram4_"
 357      0000001B 
ARM GAS  /tmp/ccShQbV3.s 			page 28


 357      0100005F 
 357      5F72616D 
 357      345F
 358 02e4 6E6F696E 		.ascii	"noinit__\000\000\002\000\000\000\000\000\000\000\000"
 358      69745F5F 
 358      00000200 
 358      00000000 
 358      000000
 359 02f7 001E0100 		.ascii	"\000\036\001\000\000__ram5_init_text__\000\000\002\000"
 359      005F5F72 
 359      616D355F 
 359      696E6974 
 359      5F746578 
 360 0312 00000000 		.ascii	"\000\000\000\000\000\000\000\000#\001\000\000__ram5"
 360      00000000 
 360      23010000 
 360      5F5F7261 
 360      6D35
 361 0324 5F696E69 		.ascii	"_init__\000\000\002\000\000\000\000\000\000\000\000"
 361      745F5F00 
 361      00020000 
 361      00000000 
 361      0000
 362 0336 00260100 		.ascii	"\000&\001\000\000__ram5_clear__\000\000\002\000\000"
 362      005F5F72 
 362      616D355F 
 362      636C6561 
 362      725F5F00 
 363 034e 00000000 		.ascii	"\000\000\000\000\000\000\000)\001\000\000__ram5_noi"
 363      00000029 
 363      0100005F 
 363      5F72616D 
 363      355F6E6F 
 364 0363 6E69745F 		.ascii	"nit__\000\000\002\000\000\000\000\000\000\000\000\000"
 364      5F000002 
 364      00000000 
 364      00000000 
 364      00
 365 0374 2C010000 		.ascii	",\001\000\000__ram6_init_text__\000\000\002\000\000"
 365      5F5F7261 
 365      6D365F69 
 365      6E69745F 
 365      74657874 
 366 038f 00000000 		.ascii	"\000\000\000\000\000\000\0001\001\000\000__ram6_ini"
 366      00000031 
 366      0100005F 
 366      5F72616D 
 366      365F696E 
 367 03a4 745F5F00 		.ascii	"t__\000\000\002\000\000\000\000\000\000\000\000\000"
 367      00020000 
 367      00000000 
 367      000000
 368 03b3 34010000 		.ascii	"4\001\000\000__ram6_clear__\000\000\002\000\000\000"
 368      5F5F7261 
 368      6D365F63 
 368      6C656172 
 368      5F5F0000 
ARM GAS  /tmp/ccShQbV3.s 			page 29


 369 03cb 00000000 		.ascii	"\000\000\000\000\000\0007\001\000\000__ram6_noinit_"
 369      00003701 
 369      00005F5F 
 369      72616D36 
 369      5F6E6F69 
 370 03e3 5F000002 		.ascii	"_\000\000\002\000\000\000\000\000\000\000\000\000:\001"
 370      00000000 
 370      00000000 
 370      003A01
 371 03f2 00005F5F 		.ascii	"\000\000__ram7_i"
 371      72616D37 
 371      5F69
 372 03fc 6E69745F 		.ascii	"nit_text__\000\000\002\000\000\000\000\000\000\000\000"
 372      74657874 
 372      5F5F0000 
 372      02000000 
 372      00000000 
 373 0411 003F0100 		.ascii	"\000?\001\000\000__ram7_init__\000\000\002\000\000\000"
 373      005F5F72 
 373      616D375F 
 373      696E6974 
 373      5F5F0000 
 374 0429 00000000 		.ascii	"\000\000\000\000\000\000B\001\000\000__ram7_clear__"
 374      00004201 
 374      00005F5F 
 374      72616D37 
 374      5F636C65 
 375 0441 00000200 		.ascii	"\000\000\002\000\000\000\000\000\000\000\000\000E\001"
 375      00000000 
 375      00000000 
 375      4501
 376 044f 00005F5F 		.ascii	"\000\000__ram7_noinit__\000\000\002\000\000\000\000"
 376      72616D37 
 376      5F6E6F69 
 376      6E69745F 
 376      5F000002 
 377 0467 00000000 		.ascii	"\000\000\000\000\000H\001\000\000"
 377      00480100 
 377      00
 378              		.text
 379              		.section	.gnu.lto_.opts,"",%progbits
 380 0000 272D666E 		.ascii	"'-fno-trapv' '-fno-strict-overflow' '-mcpu=cortex-m"
 380      6F2D7472 
 380      61707627 
 380      20272D66 
 380      6E6F2D73 
 381 0033 34272027 		.ascii	"4' '-mfloat-abi=hard' '-mfpu=fpv4-sp-d16' '-mno-thu"
 381      2D6D666C 
 381      6F61742D 
 381      6162693D 
 381      68617264 
 382 0066 6D622D69 		.ascii	"mb-interwork' '-mthumb' '-ggdb' '-O0' '-fomit-frame"
 382      6E746572 
 382      776F726B 
 382      2720272D 
 382      6D746875 
 383 0099 2D706F69 		.ascii	"-pointer' '-falign-functions=16' '-ffunction-sectio"
ARM GAS  /tmp/ccShQbV3.s 			page 30


 383      6E746572 
 383      2720272D 
 383      66616C69 
 383      676E2D66 
 384 00cc 6E732720 		.ascii	"ns' '-fdata-sections' '-fno-common' '-flto' '-fsing"
 384      272D6664 
 384      6174612D 
 384      73656374 
 384      696F6E73 
 385 00ff 6C652D70 		.ascii	"le-precision-constant'\000"
 385      72656369 
 385      73696F6E 
 385      2D636F6E 
 385      7374616E 
 386              		.text
 387              		.comm	__gnu_lto_v1,1,1
 388              		.comm	__gnu_lto_slim,1,1
 389              		.ident	"GCC: (GNU Tools for ARM Embedded Processors) 4.9.3 20150529 (release) [ARM/embedded-4_9-br
ARM GAS  /tmp/ccShQbV3.s 			page 31


DEFINED SYMBOLS
                            *ABS*:00000000 crt1.c
                            *COM*:00000001 __gnu_lto_v1
                            *COM*:00000001 __gnu_lto_slim

NO UNDEFINED SYMBOLS
