ARM GAS  /tmp/ccZMZE1K.s 			page 1


   1              		.cpu cortex-m4
   2              		.eabi_attribute 27, 1
   3              		.eabi_attribute 20, 1
   4              		.eabi_attribute 21, 1
   5              		.eabi_attribute 23, 3
   6              		.eabi_attribute 24, 1
   7              		.eabi_attribute 25, 1
   8              		.eabi_attribute 26, 1
   9              		.eabi_attribute 30, 6
  10              		.eabi_attribute 34, 1
  11              		.eabi_attribute 18, 4
  12              		.file	"des3.c"
  13              		.text
  14              	.Ltext0:
  15              		.section	.gnu.lto_.inline.eb91911ba0532b2e,"",%progbits
  16 0000 789C6365 		.ascii	"x\234ce`\002Bd\000\000\000\250\000\012"
  16      60024264 
  16      000000A8 
  16      000A
  17              		.text
  18              		.section	.gnu.lto_.symbol_nodes.eb91911ba0532b2e,"",%progbits
  19 0000 789C6365 		.ascii	"x\234ce`\002B\020\000\000\000X\000\012"
  19      60024210 
  19      00000058 
  19      000A
  20              		.text
  21              		.section	.gnu.lto_.refs.eb91911ba0532b2e,"",%progbits
  22 0000 789C6365 		.ascii	"x\234ce`b`d\000\002\000\000I\000\011"
  22      60626064 
  22      00020000 
  22      490009
  23              		.text
  24              		.section	.gnu.lto_.decls.eb91911ba0532b2e,"",%progbits
  25 0000 789C6365 		.ascii	"x\234ce`b\000\001F V\001\342\377@\000b\257e \000\000"
  25      60620001 
  25      46205601 
  25      E2FF4000 
  25      62AF6520 
  26 0016 BC1D04D7 		.ascii	"\274\035\004\327"
  27              		.text
  28              		.section	.gnu.lto_.symtab.eb91911ba0532b2e,"",%progbits
  29              		.text
  30              		.section	.gnu.lto_.opts,"",%progbits
  31 0000 272D666D 		.ascii	"'-fmath-errno' '-fsigned-zeros' '-ftrapping-math' '"
  31      6174682D 
  31      6572726E 
  31      6F272027 
  31      2D667369 
  32 0033 2D666E6F 		.ascii	"-fno-trapv' '-fno-strict-overflow' '-fno-openmp' '-"
  32      2D747261 
  32      70762720 
  32      272D666E 
  32      6F2D7374 
  33 0066 666E6F2D 		.ascii	"fno-openacc' '-mcpu=cortex-m4' '-mfloat-abi=softfp'"
  33      6F70656E 
  33      61636327 
  33      20272D6D 
ARM GAS  /tmp/ccZMZE1K.s 			page 2


  33      6370753D 
  34 0099 20272D6D 		.ascii	" '-mfpu=fpv4-sp-d16' '-mno-thumb-interwork' '-mthum"
  34      6670753D 
  34      66707634 
  34      2D73702D 
  34      64313627 
  35 00cc 62272027 		.ascii	"b' '-ggdb' '-O0' '-fomit-frame-pointer' '-falign-fu"
  35      2D676764 
  35      62272027 
  35      2D4F3027 
  35      20272D66 
  36 00ff 6E637469 		.ascii	"nctions=16' '-ffunction-sections' '-fdata-sections'"
  36      6F6E733D 
  36      31362720 
  36      272D6666 
  36      756E6374 
  37 0132 20272D66 		.ascii	" '-fno-common' '-flto' '-fsingle-precision-constant"
  37      6E6F2D63 
  37      6F6D6D6F 
  37      6E272027 
  37      2D666C74 
  38 0165 2700     		.ascii	"'\000"
  39              		.text
  40              		.comm	__gnu_lto_v1,1,1
  41              		.comm	__gnu_lto_slim,1,1
  42              		.ident	"GCC: (GNU Tools for ARM Embedded Processors 6-2017-q2-update) 6.3.1 20170620 (release) [AR
ARM GAS  /tmp/ccZMZE1K.s 			page 3


DEFINED SYMBOLS
                            *ABS*:0000000000000000 des3.c
                            *COM*:0000000000000001 __gnu_lto_v1
                            *COM*:0000000000000001 __gnu_lto_slim

NO UNDEFINED SYMBOLS
