ARM GAS  /tmp/ccN1EAUP.s 			page 1


   1              		.cpu cortex-m4
   2              		.eabi_attribute 27, 1
   3              		.eabi_attribute 20, 1
   4              		.eabi_attribute 21, 1
   5              		.eabi_attribute 23, 3
   6              		.eabi_attribute 24, 1
   7              		.eabi_attribute 25, 1
   8              		.eabi_attribute 26, 1
   9              		.eabi_attribute 30, 6
  10              		.eabi_attribute 34, 1
  11              		.eabi_attribute 18, 4
  12              		.file	"error.c"
  13              		.text
  14              	.Ltext0:
  15              		.section	.gnu.lto_.inline.74fe88c2aaa3b17c,"",%progbits
  16 0000 789C6365 		.ascii	"x\234ce`b0g@\000&\006\006f fbZ \317\300\002\3421002"
  16      60623067 
  16      40002606 
  16      06662066 
  16      625A20CF 
  17 001b 7049A38A 		.ascii	"pI\243\212\260\360\002UM\360\233\340\307\300\314\003"
  17      B0F00255 
  17      4DF09BE0 
  17      C7C0CC03 
  18 002b 9407D200 		.ascii	"\224\007\322\000h\367\004\274"
  18      68F704BC 
  19              		.text
  20              		.section	.gnu.lto_wc_GetErrorString.74fe88c2aaa3b17c,"",%progbits
  21 0000 789C6550 		.ascii	"x\234eP=K\003A\020\235\311\\b!jci\261\001\243X\230\240"
  21      3D4B0341 
  21      109DC95C 
  21      62216A63 
  21      69B101A3 
  22 0017 20085676 		.ascii	" \010Vv\376\001;ALH\364 \344\302\335\211Ze\211\0211"
  22      FE013B41 
  22      4C48F420 
  22      E4C2DD89 
  22      5A658911 
  23 002c 7EA1F891 		.ascii	"~\241\370\221DC\004\021\277\277\012k\257\320RA\305N"
  23      44430411 
  23      BFBF0A6B 
  23      AFD05241 
  23      C54E
  24 003e 1B2D4450 		.ascii	"\033-DPA\260\022\242\316\036\026\202\013\263\363\346"
  24      41B012A2 
  24      CE1E1682 
  24      0BB3F3E6 
  25 004e EDDBF796 		.ascii	"\355\333\367\226\365\202\007\272\021\240\037\000\352"
  25      F58207BA 
  25      11A01F00 
  25      EA
  26 005b B84003F4 		.ascii	"\270@\003\364\000\027\022\357\204|\004\010)\017a\012"
  26      001712EF 
  26      847C0408 
  26      290F610A 
  27 006b 676999F0 		.ascii	"gi\231\360*s\264J3T\"@\215\307\367\213\302c\265\032"
  27      2A73B44A 
ARM GAS  /tmp/ccN1EAUP.s 			page 2


  27      33542240 
  27      8DC7F78B 
  27      C263B51A 
  28 007f 11058F2B 		.ascii	"\021\005\217+\362z\242\242iS\312\264t\226sms\243c]%"
  28      F27AA2A2 
  28      6953CAB4 
  28      7496736D 
  28      73A3635D 
  29 0094 F2409ED5 		.ascii	"\362@\236\325[X\207\233\2502p\033\233X{\362\276T\364"
  29      5B58879B 
  29      A832701B 
  29      9B587BF2 
  29      BE54F4
  30 00a7 510702E3 		.ascii	"Q\007\002\343\227\233\265\236\306\015\311\313\271[ "
  30      979BB59E 
  30      C60DC9CB 
  30      B95B20
  31 00b6 595F22C2 		.ascii	"Y_\"\302\035\244\277\367\230\002\334\305F%\1778\376"
  31      1DA4BFF7 
  31      9802DCC5 
  31      46257F38 
  31      FE
  32 00c7 5AACF269 		.ascii	"Z\254\362i\312\227\355\366\320\307\317D\346\247\246"
  32      CA97EDF6 
  32      D0C7CF44 
  32      E6A7A6
  33 00d6 CB1F3581 		.ascii	"\313\0375\201u)\347\245syN\371-'#\376\347\263v\037\003"
  33      7529E7A5 
  33      73794EF9 
  33      2D2723FE 
  33      E7B3761F 
  34 00eb 87D7E8C8 		.ascii	"\207\327\350\310\257\357q\351\274\325fO9\017\224\022"
  34      AFEF71E9 
  34      BCD5664F 
  34      390F9412 
  35 00fb B2CA1226 		.ascii	"\262\312\022&\025\244gL\177\216\027'+TB\221T\300\375"
  35      15A4674C 
  35      7F8E1727 
  35      2B544291 
  35      54C0FD
  36 010e FECD63A5 		.ascii	"\376\315c\245\277\263$s\354\253\251\247\\\335\236\275"
  36      BFB32473 
  36      ECABA9A7 
  36      5CDD9EBD 
  37 011e 61AA2C73 		.ascii	"a\252,sR2\345\305\003\364\263\377!\246\\\0276\243'\376"
  37      5232E5C5 
  37      03F4B3FF 
  37      21A65C17 
  37      36A327FE 
  38 0132 C4028357 		.ascii	"\304\002\203WL\213_'\025\221U\215S\332#\003zX7\254^"
  38      4C8B5F27 
  38      1591558D 
  38      53DA2303 
  38      7A5837AC 
  39 0147 CBEE0BC7 		.ascii	"\313\356\013\307\243\315-\355\301\326\340p(:l\207\206"
  39      A3CD2DED 
  39      C1D6E070 
ARM GAS  /tmp/ccN1EAUP.s 			page 3


  39      283A6C87 
  39      86
  40 0158 8C78CCB2 		.ascii	"\214x\314\262\342n\217\230#I;d\231\221P\3244\0153\030"
  40      E26E8F98 
  40      23493B64 
  40      999150D4 
  40      340D3318 
  41 016c 01AF0B1A 		.ascii	"\001\257\013\032\022\206\260\006\223I\303\264E\3140"
  41      1286B006 
  41      9349C3B4 
  41      45CC30
  42 017b 854B0ACB 		.ascii	"\205K\012\3136\365D\277%\302\203z\334\026z\002~\000"
  42      36F544BF 
  42      25C2837A 
  42      DC167A02 
  42      7E00
  43 018d 99A28BB7 		.ascii	"\231\242\213\267"
  44              		.text
  45              		.section	.gnu.lto_wc_ErrorString.74fe88c2aaa3b17c,"",%progbits
  46 0000 789C5D50 		.ascii	"x\234]P\317K\033a\020\235\267\263\273Q\253\275\025\204"
  46      CF4B1B61 
  46      109DB7B3 
  46      BB51ABBD 
  46      1584
  47 0012 E6908312 		.ascii	"\346\220\203\022<4\241\236\004\275\364\324\177B\020"
  47      3C34A19E 
  47      04BDF4D4 
  47      7F4210
  48 0021 13122A04 		.ascii	"\023\022*\004\"\273)\332S\026I\025,\350Am\210\0306\""
  48      22BB29DA 
  48      53164915 
  48      2CE8416D 
  48      88183622 
  49 0035 B2D61FF5 		.ascii	"\262\326\037\365\007\210\204zXz\350\251\205V\275ho\012"
  49      0788847A 
  49      587AE8A9 
  49      8556BD68 
  49      6F0A
  50 0047 5EB4144B 		.ascii	"^\264\024K\017\036l\332\371>/\332\201\341\233\031\336"
  50      0F1E6CDA 
  50      F93E2FDA 
  50      81E19B19 
  50      DE
  51 0058 7B33DFB3 		.ascii	"{3\337\263\310\240=\020='\242G\222\304\004\203$!C\002"
  51      C8A03D10 
  51      3D27A247 
  51      92C40483 
  51      24214302 
  52 006c 150D1431 		.ascii	"\025\015\0241\315e\306\307\211\363\272\321\025x\022"
  52      CD65C6C7 
  52      89F3BAD1 
  52      157812
  53 007b 61F9E6F1 		.ascii	"a\371\346\361\270\367\272\335g\242\012\223\016\004\350"
  53      B8F7BADD 
  53      67A20A93 
  53      0E04E8
  54 008a 12D4B7D2 		.ascii	"\022\324\267\322\326\002O\261\317\200)\355\325\227\371"
ARM GAS  /tmp/ccN1EAUP.s 			page 4


  54      D6024FB1 
  54      CF8029ED 
  54      D597F9
  55 0099 B387AA35 		.ascii	"\263\207\2525\020\223v\367\352m\325\346^\220\324\227"
  55      109376F7 
  55      EA6DD5E6 
  55      5E90D497 
  56 00a9 87B5FEF8 		.ascii	"\207\265\376\370\262\226\373<\303^\207\317\214U\260"
  56      B296FB3C 
  56      C35E87CF 
  56      8C55B0
  57 00b8 E8E11DA2 		.ascii	"\350\341\035\242XA\224dDXC\\\320A\351\303q3?\323\314"
  57      58419464 
  57      4458435C 
  57      D041E9C3 
  57      71333FD3 
  58 00cd A3F36AD0 		.ascii	"\243\363j\320\252\250c^\370{VSM\254\377O5\011\033\210"
  58      AAA8635E 
  58      F87B5653 
  58      4DACFF4F 
  58      35091B88 
  59 00e1 2BFCE976 		.ascii	"+\374\351vc\256\3156oO\305{\330\3625\310\274\274\270"
  59      63AECD36 
  59      6F4FC57B 
  59      D8F235C8 
  59      BCBCB8
  60 00f4 7BFDA073 		.ascii	"{\375\240sI\353|\272n\251\254\204\245\230\317\026\335"
  60      49EB7CBA 
  60      6EA9AC84 
  60      A598CF16 
  60      DD
  61 0105 D5D15FDB 		.ascii	"\325\321_\333D\347\346\001B\257\361w\302\013\033\371"
  61      44E7E601 
  61      42AFF177 
  61      C20B1BF9 
  62 0115 C5E5BE88 		.ascii	"\305\345\276\210\370#\207\231\262\307\262\240\027\321"
  62      F8238799 
  62      B2C7B2A0 
  62      17D1
  63 0123 A476E20D 		.ascii	"\244v\342\015\213}|\201Rmi\337R\313\252\254\214\250"
  63      8B7D7C81 
  63      526D69DF 
  63      52CBAAAC 
  63      8CA8
  64 0135 D72FBF47 		.ascii	"\327/\277G\212\177\274&\237\355\012\253\003\266P\244"
  64      8A7FBC26 
  64      9FED0AAB 
  64      03B650A4 
  65 0145 2A1B3E47 		.ascii	"*\033>G\350\002\3431\005\245\373\300\246\212\322\302"
  65      E802E331 
  65      05A5FBC0 
  65      A68AD2C2 
  66 0155 B6065AB7 		.ascii	"\266\006Z\267:'7?\177\265*C\233\361\225\260\203\250"
  66      3A27373F 
  66      7FB52A43 
  66      9BF195B0 
  66      83A8
ARM GAS  /tmp/ccN1EAUP.s 			page 5


  67 0167 CF2DF403 		.ascii	"\317-\364\003c\265`\037ZB\305\244Z \324\236\364\213"
  67      63B5601F 
  67      5A42C5A4 
  67      5A20D49E 
  67      F48B
  68 0179 A1D450DE 		.ascii	"\241\324P\336\035p\013\203\251\\\346\311\323\236Dwb"
  68      1D700B83 
  68      A95CE6C9 
  68      D39E4477 
  68      62
  69 018a 3499192D 		.ascii	"4\231\031-$G\362\271\254\353\346\364\233v^\015\027\222"
  69      2447F2B9 
  69      ACEBE6F4 
  69      9B765E0D 
  69      1792
  70 019c AE934E66 		.ascii	"\256\223Nf\034'\357$\322d\351\302N\275\314f3\316?tl"
  70      1C27EF24 
  70      D264E9C2 
  70      4EBDCC66 
  70      33CE3F74 
  71 01b1 9E39     		.ascii	"\2369"
  72              		.text
  73              		.section	.gnu.lto_.symbol_nodes.74fe88c2aaa3b17c,"",%progbits
  74 0000 789C6365 		.ascii	"x\234ce`bpg\000\002\246\223L\365\014\014\023\31610\000"
  74      60627067 
  74      0002A693 
  74      4CF50C0C 
  74      13CE3130 
  75 0015 A95D8D8E 		.ascii	"\251]\215\216@\221SL\365\214(\"\214\247\231\352\231"
  75      4091534C 
  75      F58C2822 
  75      8CA799EA 
  75      99
  76 0026 C0220C0C 		.ascii	"\300\"\014\014\015\015\016\014\014\314\214\014\014\213"
  76      0D0D0E0C 
  76      0CCC8C0C 
  76      0C8B
  77 0034 1FFC7364 		.ascii	"\037\374sdfdb8\002\244\031\000\232\345\0237"
  77      66646238 
  77      02A41900 
  77      9AE51337 
  78              		.text
  79              		.section	.gnu.lto_.refs.74fe88c2aaa3b17c,"",%progbits
  80 0000 789C6365 		.ascii	"x\234ce`b`d\000\002\000\000I\000\011"
  80      60626064 
  80      00020000 
  80      490009
  81              		.text
  82              		.section	.gnu.lto_.decls.74fe88c2aaa3b17c,"",%progbits
  83 0000 789C9D54 		.ascii	"x\234\235TmL\223W\024\276\247o\201R\012e\314\030~\260"
  83      6D4C9357 
  83      14BEA76F 
  83      81520A65 
  83      CC187EB0 
  84 0014 8460B6F0 		.ascii	"\204`\266\360c\355+\2308\377m\311\262\271?\233&\313"
  84      63ED2B98 
  84      38FF6DC9 
ARM GAS  /tmp/ccN1EAUP.s 			page 6


  84      B2B93F9B 
  84      26CB
  85 0026 CC92FD20 		.ascii	"\314\222\375 P\012t\253-\266%\350\222\305\227/\3476"
  85      500A74AB 
  85      2DB625E8 
  85      92C5972F 
  85      E736
  86 0038 24357122 		.ascii	"$5q\"0\024d\012\010\010\"\037\202\202\305\015\007*\010"
  86      3014640A 
  86      0808221F 
  86      8282C50D 
  86      072A08
  87 004b 08944DBE 		.ascii	"\010\224M\276\234\311\022&\016&\023\304%s\347\336\373"
  87      9CC91226 
  87      0E2613C4 
  87      2573E7DE 
  87      FB
  88 005c 96BE6584 		.ascii	"\226\276e\204\037\273\311\355}\3179\317y\356\371\272"
  88      1FBBC9ED 
  88      7DCF39CF 
  88      79EEF9BA 
  89 006c 0D222A12 		.ascii	"\015\"*\022\027B\310\373@H\037!\344\005.\001\317\006"
  89      1742C8FB 
  89      40481F21 
  89      E4052E01 
  89      CF06
  90 007e E25F54BE 		.ascii	"\342_T\276\202\273\033\367]\362\337u\000}\203\361\214"
  90      82BB1BF7 
  90      5DF2DF75 
  90      007D83F1 
  90      8C
  91 008f C2BD0577 		.ascii	"\302\275\005w\033\356\275\270Gq\217\311\030\2209\350"
  91      1BEEBDB8 
  91      47718FC9 
  91      189039E8 
  92 009f 39BECEFF 		.ascii	"9\276\316\377\013T\206\341\271O\301A\375;e./\356v\334"
  92      0B5486E1 
  92      B94FC141 
  92      FD3B652E 
  92      2FEE76DC 
  93 00b3 1384C738 		.ascii	"\023\204\3078\255\210\253[\346\335(\256b\001z\313\237"
  93      AD88AB5B 
  93      E6DD28AE 
  93      62017ACB 
  93      9F
  94 00c4 37864EC3 		.ascii	"7\206N\303$\275\026\"\001\200G\240X '\315\0265s\273"
  94      24BD1622 
  94      018047A0 
  94      582027CD 
  94      163573BB 
  95 00d8 CA67E3A0 		.ascii	"\312g\343\240uND\006\342V\000\375\360\000F?\011]\204"
  95      754E4406 
  95      E25600FD 
  95      F000463F 
  95      095D84
  96 00eb 05A18C82 		.ascii	"\005\241\214\202\213<4\225,\254\331}X\005\241\234\005"
  96      8B3C3495 
ARM GAS  /tmp/ccN1EAUP.s 			page 7


  96      2CACD97D 
  96      5805A19C 
  96      05
  97 00fc 6C1096BF 		.ascii	"l\020\226\277.,\373\371\302\2453\352\031\230\002\010"
  97      2E2CFBF9 
  97      C2A533EA 
  97      19980208 
  98 010c 23156F01 		.ascii	"#\025o\001\323\3753\373\354\214^\300{\360{f\265\346"
  98      D3FD33FB 
  98      EC8C5EC0 
  98      7BF07B66 
  98      B5E6
  99 011e 5D63BDC4 		.ascii	"]c\275\304\227\346u\177\331.\326\377\335\244Ucj\260"
  99      97E6757F 
  99      D92ED6FF 
  99      DDA45563 
  99      6AB0
 100 0130 570B296A 		.ascii	"W\013)jV\311\027+\036}\221\000QZP\2418\262x\247<\014"
 100      56C9172B 
 100      1E7D9100 
 100      515A50A1 
 100      38B278A7 
 101 0146 C52D5A88 		.ascii	"\305-Z\210Dq8\277\351;\201[\325(\3769P\3720\202[cQ\034"
 101      447138BF 
 101      E93B815B 
 101      D528FE39 
 101      50FA3082 
 102 015e 7BD6F55C 		.ascii	"{\326\365\\'\274B\357T\317V=y\024\014\3611\000Z\334"
 102      27BC42EF 
 102      54CF563D 
 102      79140CF1 
 102      31005ADC 
 103 0172 E77D9713 		.ascii	"\347}\227\023\270\014Zh\002\301\227D\251tT\222\026\017"
 103      B80C5A68 
 103      02C19744 
 103      A9745492 
 103      160F
 104 0184 5335C1AF 		.ascii	"S5\301\257\\i\361\254$D\023\330\021\003\333c\010\\\202"
 104      5C69F1AC 
 104      244413D8 
 104      1103DB63 
 104      085C82
 105 0197 786622D0 		.ascii	"xf\"\320\0021\320\0141\350\240a\032\274\317=PY\026\252"
 105      0231D00C 
 105      31E8A061 
 105      1ABCCF3D 
 105      505916AA 
 106 01ab 95BD8E6E 		.ascii	"\225\275\216n\352\205\350\305\245\311Q\225\356k\212"
 106      EA85E8C5 
 106      A5C95195 
 106      EE6B8A
 107 01ba 76E749A1 		.ascii	"v\347I\241\357A+F\322\210\366\213h'\320\006:\271*+\367"
 107      EF412B46 
 107      D288F68B 
 107      6827D006 
 107      3AB92A2B 
 108 01cf 2F95E8A3 		.ascii	"/\225\350\243O\262\200\363\244H\0255A\003\002\353\031"
ARM GAS  /tmp/ccN1EAUP.s 			page 8


 108      4FB280F3 
 108      A4481535 
 108      410302EB 
 108      19
 109 01e0 B01DA2F1 		.ascii	"\260\035\242\361\267\016\324\034\335\323|\263E\037W"
 109      B70ED41C 
 109      DDD37CB3 
 109      451F57
 110 01ef 21CD7A24 		.ascii	"!\315z$\2177\377\345\362fI*@G5\305A-\010p\001\214\264"
 110      8F37FFE5 
 110      F266492A 
 110      404735C5 
 110      412D0870 
 111 0206 B9B53467 		.ascii	"\271\2654g\250\201\031\200j\230\306\276^\2018to\310"
 111      A8811980 
 111      6A98C6BE 
 111      5E813874 
 111      6FC8
 112 0218 6B391526 		.ascii	"k9\025&|\302\372T\366\264\363\036(#\274\034\020a'\206"
 112      7CC2FA54 
 112      F6B4F31E 
 112      2823BC1C 
 112      10612786 
 113 022c C1C910DB 		.ascii	"\301\311\020\333}\374\221W\317ZG\325\274w=\343S\345"
 113      7DFC9157 
 113      CF5A47D5 
 113      BC773DE3 
 113      53E5
 114 023e 3A5F3BAF 		.ascii	":_;\257\002\3235{{\217G(\223\331\267U\221K\027\313\345"
 114      02D3357B 
 114      7B8F4728 
 114      93D9B755 
 114      914B17CB 
 115 0253 9A2F97B9 		.ascii	"\232/\227\271\356\212\016\232K\005\346\262\274\240+"
 115      EE8A0E9A 
 115      4B05E6B2 
 115      BCA02B
 116 0262 913CB9E8 		.ascii	"\221<\271\350\246\2420\350\360\247\322\261>\225n\226"
 116      A6A230E8 
 116      F0A7D2B1 
 116      3E956E96 
 117 0272 CAD003F7 		.ascii	"\312\320\003\367\037 |\312R\031h\234\373&Xp\260\357"
 117      1F207CCA 
 117      5219689C 
 117      FB265870 
 117      B0EF
 118 0284 A6B2DF6E 		.ascii	"\246\262\337n\205`X\340am\247\232\034Ou\270\220\315"
 118      856058E0 
 118      616DA79A 
 118      1C4F75B8 
 118      90CD
 119 0296 AC67CF9D 		.ascii	"\254g\317\235\036\011\245\326\033h\205\036\036\365T"
 119      1E09A5D6 
 119      1B68851E 
 119      1EF554
 120 02a5 5F6D1D9D 		.ascii	"_m\035\235\263=Z\240\217A\217\252\306\371\216\325p\256"
 120      B33D5AA0 
ARM GAS  /tmp/ccN1EAUP.s 			page 9


 120      8F418FAA 
 120      C6F98ED5 
 120      70AE
 121 02b7 A288EF57 		.ascii	"\242\210\357W\027\332u\302a\372\255\032\356z\374@\003"
 121      17DA75C2 
 121      61FAAD1A 
 121      EE7AFC40 
 121      03
 122 02c8 F15A3665 		.ascii	"\361Z6e\236\225\232\270\253\323\222\024\013}X\275\233"
 122      9E959AB8 
 122      ABD39214 
 122      0B7D58BD 
 122      9B
 123 02d9 FEA8F7E0 		.ascii	"\376\250\367\340<\360\021c\305%k\225\205\237p\\\220"
 123      3CF01163 
 123      C5256B95 
 123      859F705C 
 123      90
 124 02ea 96E2A017 		.ascii	"\226\342\240\027\225?\362\2019}c!\207\227\2232\361\022"
 124      953FF281 
 124      397D6321 
 124      87979332 
 124      F112
 125 02fc CFF595D4 		.ascii	"\317\365\225\324\2061\035\035\212~\036\355\271\337\277"
 125      86311D1D 
 125      8A7E1EED 
 125      B9DFBF
 126 030b 1A0A59EB 		.ascii	"\032\012Y\353\305-\256\374k\262\344Z\220\360\030X\264"
 126      C52DAEFC 
 126      6BB2E45A 
 126      90F01858 
 126      B4
 127 031c 5D4FA7FA 		.ascii	"]O\247\372U4\311;\276\022\314L,\345i\225}\351\364\017"
 127      5534C93B 
 127      BE12CC4C 
 127      2CE56995 
 127      7DE9F40F 
 128 0330 190C2005 		.ascii	"\031\014 \005\014\262\336\334\366\365\346\324|q\225"
 128      0CB2DEDC 
 128      F6F5E6D4 
 128      7C7195
 129 033f 8ECE5985 		.ascii	"\216\316Y\205\344Y\350\216+\250:\342\031\222$aq+\005"
 129      E459E88E 
 129      2BA83AE2 
 129      19922461 
 129      712B05
 130 0352 C2755F9E 		.ascii	"\302u_\236\360\003\250\251\304\377U\356\262\306L{\006"
 130      F003A8A9 
 130      C4FF55EE 
 130      B2C64C7B 
 130      06
 131 0363 2782F9AB 		.ascii	"'\202\371\253}\025\305\207U\213\003:\372l$y\314\242"
 131      7D15C587 
 131      558B033A 
 131      FA6C2479 
 131      CCA2
 132 0375 945336CC 		.ascii	"\224S6\314\336\215\030\003C\274\012\313\356\234c\362"
ARM GAS  /tmp/ccN1EAUP.s 			page 10


 132      DE8D1803 
 132      43BC0ACB 
 132      EE9C63F2 
 133 0385 937F8DCE 		.ascii	"\223\177\215\316\335\355\202/5\374\3117\321?\210\306"
 133      DDED822F 
 133      35FCC937 
 133      D13F88C6 
 134 0395 09775158 		.ascii	"\011wQX\224\233\221\321\242\263\231\275\207l#\214m\024"
 134      949B91D1 
 134      A2B399BD 
 134      876C238C 
 134      6D14
 135 03a7 A27C9C4C 		.ascii	"\242|\234L@\217\266\205\302\336P\345\224\243Zq\377\030"
 135      408FB685 
 135      C2DE50E5 
 135      94A35A71 
 135      FF18
 136 03b9 7F87F444 		.ascii	"\177\207\364Dpu\335\371'\232m\225\254\261\336\3747O"
 136      7075DDF9 
 136      279A6D95 
 136      ACB1DEFC 
 136      374F
 137 03cb 4AEE489C 		.ascii	"J\356H\234`\366xx\206\343\260\015ay\255\255\027\364"
 137      60F67878 
 137      86E3B00D 
 137      6179ADAD 
 137      17F4
 138 03dd 4A4EFAF8 		.ascii	"JN\372\370\374\234^\231\323\3138O\324t\026\007\0040"
 138      FC9C5E99 
 138      D3CB384F 
 138      D4741607 
 138      0430
 139 03ef 18009E90 		.ascii	"\030\000\236\220\301\023\014\274\321\020|{d\2659\310"
 139      C1130CBC 
 139      D1107C7B 
 139      64B539C8 
 140 03ff 4790BBC9 		.ascii	"G\220\273\311?Ie_\2417\2349\377\202\335\375\231\017"
 140      3F49655F 
 140      A1379C39 
 140      FF82DDFD 
 140      990F
 141 0411 46DDC8F2 		.ascii	"F\335\310\362\011\255\322{\223W~\275\250\264\035\030"
 141      09ADD27B 
 141      93577EBD 
 141      A8B41D18 
 142 0421 C124AAEF 		.ascii	"\301$\252\357s\202_\217\365\267Gl::\323lt\246\330\350"
 142      73825F8F 
 142      F5B7476C 
 142      3A3AD36C 
 142      74A6D8E8 
 143 0435 30E1A56C 		.ascii	"0\341\245lS\322n\263\353\035\207\303\356\370\320\345"
 143      53D26EB3 
 143      EB1D87C3 
 143      EEF8D0E5 
 144 0445 B0D8D235 		.ascii	"\260\330\3225\273?\370(\366\355\204\004\2426e$;v\231"
 144      BB3FF828 
 144      F6ED8404 
ARM GAS  /tmp/ccN1EAUP.s 			page 11


 144      A2366524 
 144      3B7699
 145 0458 322C2916 		.ascii	"2,)\026\2733\311\351JN\261\232\015\011\273\214\211\306"
 145      BB33C9E9 
 145      4A4EB19A 
 145      0D09BB8C 
 145      89C6
 146 046a 83A2F9A0 		.ascii	"\203\242\371\240K\314\266[\323\234N+;M\216C\231.\321"
 146      4BCCB65B 
 146      D39C4E2B 
 146      3B4D8E43 
 146      992ED1
 147 047d E9308966 		.ascii	"\3510\211f\312d4\221\010$V\260\2068]\016\233)\363\220"
 147      CA643491 
 147      082456B0 
 147      86385D0E 
 147      9B29F390 
 148 0491 DA6A4E4E 		.ascii	"\332jNN\013\261\331]\031\016{v\260\323\362\2719\311"
 148      0BB1D95D 
 148      190E7B76 
 148      B0D3F2B9 
 148      39C9
 149 04a3 952666D8 		.ascii	"\225&f\330\367\233\305\317\234\351b\212\305&\246\233"
 149      F79BC5CF 
 149      9CE9628A 
 149      C526A69B 
 150 04b3 4C8664C7 		.ascii	"L\206d\307~\337i\260\331mf\20399\305b\330iH\334\236"
 150      7EDF69B0 
 150      D96D6683 
 150      3939C562 
 150      D86948DC 
 151 04c8 F086E140 		.ascii	"\360\206\341@\242!+35\331e\026\255\226\024\012\023\003"
 151      A2212B33 
 151      35D96516 
 151      AD96140A 
 151      1303
 152 04da 60E24EE3 		.ascii	"`\342N\343\016c\202h\261\231\254Y\251f\321\351JM5\247"
 152      0E638268 
 152      B199AC59 
 152      A966D1E9 
 152      4A4D35A7 
 153 04ee 193308DE 		.ascii	"\0313\010\336j\263eY\255\037\377\357\353\002\257\361"
 153      6AB36559 
 153      AD1FFFEF 
 153      EB02AFF1 
 154 04fe 5F4013C4 		.ascii	"_@\023\304\013\376\005\316\275f\201"
 154      0BFE05CE 
 154      BD6681
 155              		.text
 156              		.section	.gnu.lto_.symtab.74fe88c2aaa3b17c,"",%progbits
 157 0000 77635F47 		.ascii	"wc_GetErrorString\000"
 157      65744572 
 157      726F7253 
 157      7472696E 
 157      6700
 158 0012 00       		.ascii	"\000"
 159 0013 00       		.ascii	"\000"
ARM GAS  /tmp/ccN1EAUP.s 			page 12


 160 0014 00       		.ascii	"\000"
 161 0015 00000000 		.ascii	"\000\000\000\000\000\000\000\000"
 161      00000000 
 162 001d B8000000 		.ascii	"\270\000\000\000"
 163 0021 77635F45 		.ascii	"wc_ErrorString\000"
 163      72726F72 
 163      53747269 
 163      6E6700
 164 0030 00       		.ascii	"\000"
 165 0031 00       		.ascii	"\000"
 166 0032 00       		.ascii	"\000"
 167 0033 00000000 		.ascii	"\000\000\000\000\000\000\000\000"
 167      00000000 
 168 003b BE000000 		.ascii	"\276\000\000\000"
 169              		.text
 170              		.section	.gnu.lto_.opts,"",%progbits
 171 0000 272D666D 		.ascii	"'-fmath-errno' '-fsigned-zeros' '-ftrapping-math' '"
 171      6174682D 
 171      6572726E 
 171      6F272027 
 171      2D667369 
 172 0033 2D666E6F 		.ascii	"-fno-trapv' '-fno-strict-overflow' '-fno-openmp' '-"
 172      2D747261 
 172      70762720 
 172      272D666E 
 172      6F2D7374 
 173 0066 666E6F2D 		.ascii	"fno-openacc' '-mcpu=cortex-m4' '-mfloat-abi=softfp'"
 173      6F70656E 
 173      61636327 
 173      20272D6D 
 173      6370753D 
 174 0099 20272D6D 		.ascii	" '-mfpu=fpv4-sp-d16' '-mno-thumb-interwork' '-mthum"
 174      6670753D 
 174      66707634 
 174      2D73702D 
 174      64313627 
 175 00cc 62272027 		.ascii	"b' '-ggdb' '-O0' '-fomit-frame-pointer' '-falign-fu"
 175      2D676764 
 175      62272027 
 175      2D4F3027 
 175      20272D66 
 176 00ff 6E637469 		.ascii	"nctions=16' '-ffunction-sections' '-fdata-sections'"
 176      6F6E733D 
 176      31362720 
 176      272D6666 
 176      756E6374 
 177 0132 20272D66 		.ascii	" '-fno-common' '-flto' '-fsingle-precision-constant"
 177      6E6F2D63 
 177      6F6D6D6F 
 177      6E272027 
 177      2D666C74 
 178 0165 2700     		.ascii	"'\000"
 179              		.text
 180              		.comm	__gnu_lto_v1,1,1
 181              		.comm	__gnu_lto_slim,1,1
 182              		.ident	"GCC: (GNU Tools for ARM Embedded Processors 6-2017-q2-update) 6.3.1 20170620 (release) [AR
ARM GAS  /tmp/ccN1EAUP.s 			page 13


DEFINED SYMBOLS
                            *ABS*:0000000000000000 error.c
                            *COM*:0000000000000001 __gnu_lto_v1
                            *COM*:0000000000000001 __gnu_lto_slim

NO UNDEFINED SYMBOLS
