ARM GAS  /tmp/cc6Gwtf8.s 			page 1


   1              		.syntax unified
   2              		.cpu cortex-m4
   3              		.eabi_attribute 27, 1
   4              		.eabi_attribute 28, 1
   5              		.fpu fpv4-sp-d16
   6              		.eabi_attribute 20, 1
   7              		.eabi_attribute 21, 1
   8              		.eabi_attribute 23, 3
   9              		.eabi_attribute 24, 1
  10              		.eabi_attribute 25, 1
  11              		.eabi_attribute 26, 1
  12              		.eabi_attribute 30, 6
  13              		.eabi_attribute 34, 1
  14              		.eabi_attribute 18, 4
  15              		.thumb
  16              		.file	"hal.c"
  17              		.text
  18              	.Ltext0:
  19              		.section	.gnu.lto_.inline.a36ca7a8c15c10fb,"",%progbits
  20 0000 789C6366 		.ascii	"x\234cf\300\016\"\2414\023\003\0033\02031-\220g`\001"
  20      C00E22A1 
  20      34130303 
  20      33103331 
  20      2D906760 
  21 0015 F1181818 		.ascii	"\361\030\030\030\031x\2371\240\011q\221J0\000\000\340"
  21      19789F31 
  21      A0097191 
  21      4A300000 
  21      E0
  22 0026 190358   		.ascii	"\031\003X"
  23              		.text
  24              		.section	.gnu.lto_osalInit.a36ca7a8c15c10fb,"",%progbits
  25 0000 789C6366 		.ascii	"x\234cf\300\004\242@\\\000\304z \0163\003#\023\003\020"
  25      C004A240 
  25      5C00C47A 
  25      200E3303 
  25      23130310 
  26 0014 33320239 		.ascii	"32\0029\214\014\365L\214\365\214/\231>21N8\260z\006"
  26      8C0CF54C 
  26      8CF58C2F 
  26      993E3231 
  26      4E38B07A 
  27 0029 B7FAD286 		.ascii	"\267\372\322\206\206\206\017\233\276ndl\230\222\360"
  27      86860F9B 
  27      BE6E646C 
  27      9892F0
  28 0038 13A8F033 		.ascii	"\023\250\3603\023\304\014\306\345\214\352\014@U\037"
  28      13C40CC6 
  28      E58CEA0C 
  28      40551F
  29 0047 5BFE5EE7 		.ascii	"[\376^\347fk\001\252\022\200\3101\256`d\003\031\265"
  29      666B01AA 
  29      1280C831 
  29      AE606403 
  29      19B5
  30 0059 5EE840C3 		.ascii	"^\350@\303\377\377\217\227\336\371\312\012\344>\001"
  30      FFFF8F97 
ARM GAS  /tmp/cc6Gwtf8.s 			page 2


  30      DEF9CA0A 
  30      E43E01
  31 0068 6B7BCA04 		.ascii	"k{\312\004\244\230\35712\202\024\201\004\2360\001\345"
  31      A498EF31 
  31      32821481 
  31      049E3001 
  31      E5
  32 0079 80623AC9 		.ascii	"\200b:\311\031\231I\231\371\305\361\305%\211I9\251\272"
  32      19994999 
  32      F9C5F1C5 
  32      25894939 
  32      A9BA
  33 008b 86167A46 		.ascii	"\206\026zFz\025\372\371\305\372\031\2119@\012H\024\225"
  33      7A15FAF9 
  33      C5FA1989 
  33      39400A48 
  33      1495
  34 009d 8069BD0C 		.ascii	"\200i\275\014\006\000\222X3\033"
  34      06009258 
  34      331B
  35              		.text
  36              		.section	.gnu.lto_halInit.a36ca7a8c15c10fb,"",%progbits
  37 0000 789C6366 		.ascii	"x\234cf\300\004\242@,\306\304\300\240\011\342030\002"
  37      C004A240 
  37      2CC6C4C0 
  37      A009E230 
  37      333002
  38 0013 998C4C8C 		.ascii	"\231\214L\214\214@\016#C=\023c=\343K\246\217L\214\023"
  38      8C400E23 
  38      433D1363 
  38      3DE34BA6 
  38      8F4C8C13 
  39 0027 0EAC9EC1 		.ascii	"\016\254\236\301\255\276\264\241\241\341C\323\371\306"
  39      ADBEB4A1 
  39      A1E143D3 
  39      F9C6
  40 0035 80038C3F 		.ascii	"\200\003\214?\201\352>3A\214`\\\316\250\316\000T\364"
  40      81EA3E33 
  40      418C605C 
  40      CEA8CE00 
  40      54F4
  41 0047 B1E5EF75 		.ascii	"\261\345\357un\266\026\240\"\001\210\034\343\012F6\220"
  41      6EB616A0 
  41      2201881C 
  41      E30A4636 
  41      90
  42 0058 49EB850E 		.ascii	"I\353\205\0164\374\377\277xZ\317u\026 \367\011X\333"
  42      34FCFFBF 
  42      785ACF75 
  42      1620F709 
  42      58DB
  43 006a 532620C5 		.ascii	"S& \305|\207\261\371\300w^\220:\220\001\363.\367\255"
  43      7C87B1F9 
  43      C0775E90 
  43      3A9001F3 
  43      2EF7AD
  44 007d 63AAFDDD 		.ascii	"c\252\375\335\320\321\300\361\223\211\3613\023P1\343"
ARM GAS  /tmp/cc6Gwtf8.s 			page 3


  44      D0D1C0F1 
  44      9389F133 
  44      135031E3 
  45 008d 4AC65A86 		.ascii	"J\306Z\206\237@\265 \225\177\030q\251\004\271z\025\222"
  45      9F40B520 
  45      957F1871 
  45      A904B97A 
  45      1592
  46 009f CA296CB8 		.ascii	"\312)l\270T2\003U\256FR\271\015\247J\026\240\3125H*"
  46      54320355 
  46      AE4652B9 
  46      0DA74A16 
  46      A0CA3548 
  47 00b4 77B0E352 		.ascii	"w\260\343R\311\012T\271\026I\345>\234*\331\200*\327"
  47      C90A54B9 
  47      1649E53E 
  47      9C2AD980 
  47      2AD7
  48 00c6 21A9FC80 		.ascii	"!\251\374\200S%;P\345zd\277\343T\311\001T\271\001\331"
  48      53253B50 
  48      E57A64BF 
  48      E354C901 
  48      54B901D9 
  49 00da 762E5C2A 		.ascii	"v.\\*9\201*7\"\251\274\203S%\027P\345&\250\312{\214"
  49      39812A37 
  49      22A9BC83 
  49      53251750 
  49      E526A8CA 
  50 00f0 8D073E7A 		.ascii	"\215\007>z\201U2\200b\017\030+\300\340VO\316\310L\312"
  50      81553280 
  50      620F182B 
  50      C0E0564F 
  50      CEC84CCA 
  51 0104 CC2F8E2F 		.ascii	"\314/\216/.IL\312I\3255\264\3203\322\253\320\317/\326"
  51      2E494CCA 
  51      49D535B4 
  51      D033D2AB 
  51      D0CF2FD6 
  52 0118 CF48CCD1 		.ascii	"\317H\314\321/.J\006\321z\311\014\000\027\201\302\""
  52      2F2E4A06 
  52      D17AC90C 
  52      001781C2 
  52      22
  53              		.text
  54              		.section	.gnu.lto_.symbol_nodes.a36ca7a8c15c10fb,"",%progbits
  55 0000 789C4DCE 		.ascii	"x\234M\316;\012\302P\020\205\341s\317\315\343&\270)"
  55      3B0AC250 
  55      1085E173 
  55      CFCDE326 
  55      B829
  56 0012 57762C82 		.ascii	"Wv,\202X\332\010v\006\314&|?Hmi\255\220\3225\210\311"
  56      58DA0876 
  56      06CC267C 
  56      3F486D69 
  56      AD90D235 
  57 0028 0DC24CF3 		.ascii	"\015\302L\363\3177\325x\000\301a\034\256)`\371\000$"
  57      CF37D578 
ARM GAS  /tmp/cc6Gwtf8.s 			page 4


  57      00C1611C 
  57      AE2960F9 
  57      0024
  58 003a ACEAC504 		.ascii	"\254\352\305\004\334Q\356\177y\326\001\356Nq<`6\353"
  58      DC51EE7F 
  58      79D601EE 
  58      4E713C60 
  58      36EB
  59 004c 7DA3BCF5 		.ascii	"}\243\274\365\225J\254/Tj}\2462\353\023\225[\037\251"
  59      954AAC2F 
  59      546A7DA6 
  59      32EB1395 
  59      5B1FA9
  60 005f 607DA00A 		.ascii	"`}\240\012\353=U\032\373\376\367\355\353;\365\256D\033"
  60      EB3D551A 
  60      FBFEF7ED 
  60      EB3BF5AE 
  60      441B
  61 0071 5BA08B0D 		.ascii	"[\240\213\015\250\336Cs4\261\031\332\330\024]l\202j"
  61      A8DE4373 
  61      34B119DA 
  61      D8145D6C 
  61      826A
  62 0083 FED904EF 		.ascii	"\376\331\004\357<\232q!\332a\301\017\272\324Lt"
  62      3C9A7121 
  62      DA61C10F 
  62      BAD44C74 
  63              		.text
  64              		.section	.gnu.lto_.refs.a36ca7a8c15c10fb,"",%progbits
  65 0000 789C6366 		.ascii	"x\234cf```d\200\002\000\000=\000\005"
  65      60606064 
  65      80020000 
  65      3D0005
  66              		.text
  67              		.section	.gnu.lto_.decls.a36ca7a8c15c10fb,"",%progbits
  68 0000 789C95D3 		.ascii	"x\234\225\323_HSQ\034\007\360{v\326L7\263\227\024|i"
  68      5F485351 
  68      1C07F07B 
  68      76D64C37 
  68      B397147C 
  69 0015 6FBDD82E 		.ascii	"o\275\330.\255\210^$\251\310\004+\241z\352A\366G\330"
  69      AD885E24 
  69      A9C8042B 
  69      A17AEA41 
  69      F647D8
  70 0028 6038D99D 		.ascii	"`8\331\235!Ap\321A&\225+\021\024\302\026\025\272\251"
  70      214170D1 
  70      4126952B 
  70      1114C216 
  70      15BAA9
  71 003b 73CE7FD3 		.ascii	"s\316\177\323\3159)\250\250\300\300\374\023\205\177"
  71      CD3929A8 
  71      A8C0C0FC 
  71      13857F
  72 004a 40134A33 		.ascii	"@\023J3\225\314\304\326\357\234{\257\336V\210\036\370"
  72      95CCC4D6 
  72      EF9C7BAF 
ARM GAS  /tmp/cc6Gwtf8.s 			page 5


  72      DE56881E 
  72      F8
  73 005b DD73EE38 		.ascii	"\335s\3568\337\317\371\355\356\0163\0143\004\025\207"
  73      DFCFF9ED 
  73      EE0E330C 
  73      33041587 
  74 006b 711B33CC 		.ascii	"q\0333\314u\005\303\300\304\0240[C\015\325\002\345\207"
  74      7505C3C0 
  74      C414305B 
  74      430DD502 
  74      E587
  75 007d 0A4005A1 		.ascii	"\012@\005\241:\241\272\241BP}P\021\250(T\214\371w\220"
  75      3AA1BAA1 
  75      42507D50 
  75      11A82854 
  75      8CF97790 
  76 0091 2C929948 		.ascii	",\222\231H\374,q\020_:{\020\312+;\337/fb\3429\021\361"
  76      FC2C7110 
  76      5F3A7B10 
  76      CA2B3BDF 
  76      2F6662E2 
  77 00a8 DC90D847 		.ascii	"\334\220\330G\247\330W\340?\356w\005\352\365\257\274"
  77      A7D857E0 
  77      3FEE7705 
  77      EAF5AFBC 
  78 00b8 55CF29D0 		.ascii	"U\317)\320\276\024-\271\355\273\377\262N\005\267\232"
  78      BE142DB9 
  78      EDBBFFB2 
  78      4E05B79A 
  79 00c8 1425B90D 		.ascii	"\024%\271\015\257O\017+3jy\030\356\012~\277\022\025"
  79      AF4F0F2B 
  79      336A7918 
  79      EE0A7EBF 
  79      1215
  80 00da A4A34694 		.ascii	"\244\243F\224\211\232P&t\353E\031p\275\252\024\244N"
  80      899A5026 
  80      74EB4519 
  80      70BDAA14 
  80      A44E
  81 00ec F76A1956 		.ascii	"\367j\031V \262|\\75\234\222\345\203T%\037\033C[\247"
  81      20B27C5C 
  81      37359C92 
  81      E5835425 
  81      1F1B435B 
  82 0101 CD05C76D 		.ascii	"\315\005\307m\332\006>\346Y\364\2154\244\327\363\236"
  82      DA063EE6 
  82      59F48D34 
  82      A4D7F39E 
  83 0111 72FE773C 		.ascii	"r\376w<\216r\010\205|\010\243f\224E\037\004\254\205"
  83      8E720885 
  83      7C08A366 
  83      94451F04 
  83      AC85
  84 0123 27D282B4 		.ascii	"'\322\202\264\220\233\2165~N\303')\276\372\356\301-"
  84      909B8E35 
  84      7E4EC327 
  84      29BEFAEE 
ARM GAS  /tmp/cc6Gwtf8.s 			page 6


  84      C12D
  85 0135 0488C7B3 		.ascii	"\004\210\307\263X]\321\2007\021\332\017j\225!\255\022"
  85      585DD180 
  85      3711DA0F 
  85      6A9521AD 
  85      12
  86 0146 E2A788A7 		.ascii	"\342\247\210\247\307\265\244\304v\212L\316F~b@&\371"
  86      C7B5A4C4 
  86      768A4CCE 
  86      467E6240 
  86      26F9
  87 0158 C585675F 		.ascii	"\305\205g_r\356U\270\237\360\223\361\370A\001i\223!"
  87      72EE55B8 
  87      9FF093F1 
  87      F8410169 
  87      9321
  88 016a 6D1212A0 		.ascii	"m\022\022\240\210\357a\365\373$\374\024Q\305W3\263\254"
  88      88EF61F5 
  88      FB24FC14 
  88      51C55733 
  88      B3AC
  89 017c A64A6062 		.ascii	"\246J`b\306w\240\236\177$o\245]\246\264KJ\220*\353\256"
  89      C677A09E 
  89      7F246FA5 
  89      5DA6B44B 
  89      4A902AEB 
  90 0191 8ED9541C 		.ascii	"\216\331T\034\025\024\257o [@\356\336\354C\011H\207"
  90      1514AF6F 
  90      205B40EE 
  90      DEEC4309 
  90      4887
  91 01a3 0CE99090 		.ascii	"\014\351\220\220N\212T\271\352\206\324xC@\226_\370\003"
  91      4E8A54B9 
  91      EA86D478 
  91      4340965F 
  91      F803
  92 01b5 4A41B9E3 		.ascii	"JA\271\343\375\246IP\272dJ\227\244tS%\032\212\006\366"
  92      FDA64950 
  92      BA644A97 
  92      A4745325 
  92      1A8A06F6 
  93 01c9 E02EE187 		.ascii	"\340.\341\207\373\265\342\252\021\036K`\343U4\261\227"
  93      FBB5E2AA 
  93      111E4B60 
  93      E35534B1 
  93      97
  94 01da 1E99D223 		.ascii	"\036\231\322#)!\252DF*'\223\360\274\240,\327\216\257"
  94      2921AA44 
  94      462A2793 
  94      F0BCA02C 
  94      D78EAF
  95 01ed 250BCAD7 		.ascii	"%\013\312\327\327AE\202\322+Sz%\245\217*\243\241\265"
  95      D7414582 
  95      D22B537A 
  95      25A58F2A 
  95      A3A1B5
  96 0200 901A3762 		.ascii	"\220\0327b\252\324\257\274\031\023{\231h]H\354%,S\302"
ARM GAS  /tmp/cc6Gwtf8.s 			page 7


  96      AAD4AFBC 
  96      19137B99 
  96      685D48EC 
  96      252C53C2 
  97 0214 9212115E 		.ascii	"\222\022\021^\226\246\321p\022\236\020\224\331\346\347"
  97      96A6D170 
  97      129E1094 
  97      D9E6E7
  98 0223 1F5482F2 		.ascii	"\037T\202\362\251z\011'(\3752\245_R\242T\251v\317\303"
  98      A97A0927 
  98      28FD32A5 
  98      5F52A254 
  98      A976CFC3 
  99 0237 770C28A9 		.ascii	"w\014(\251\362\261\177j)M|.\355M7j\376~]\006d\312\200"
  99      F2B17F6A 
  99      294D7C2E 
  99      ED4D376A 
  99      FE7E5D06 
 100 024e A4C4A8D2 		.ascii	"\244\304\250\322\366c\310\247\326T\361|9\371\003%\237"
 100      F663C8A7 
 100      D654F17C 
 100      39F90325 
 100      9F
 101 025f A3FBB7FE 		.ascii	"\243\373\267\376A\203HC7\223y\257\2353\330\362\212\255"
 101      41834843 
 101      379379AF 
 101      9D33D8F2 
 101      8AAD
 102 0271 4E55EE85 		.ascii	"NU\356\205+\332\323L\226\311b5Z\355\\!\3474\030mE\207"
 102      2BDAD34C 
 102      96C96235 
 102      5AED5C21 
 102      E734186D 
 103 0287 8F9CD0E9 		.ascii	"\217\234\320\351ue\254\235c-\006\033K6\263\016'\235"
 103      7565AC9D 
 103      632D061B 
 103      4B36B30E 
 103      279D
 104 0299 751626C9 		.ascii	"u\026&\311\"d\017m\033\342\034&2\353L\214\212s\222\355"
 104      22640F6D 
 104      1BE21C26 
 104      32EB4C8C 
 104      8A7392ED 
 105 02ad BA6DB75B 		.ascii	"\272m\267[\213M\266Rs\021Y\303\0068%\331h78\314$\270"
 105      8B4DB652 
 105      731159C3 
 105      063825D9 
 105      683738CC 
 106 02c3 8FAE587A 		.ascii	"\217\256Xz%\307s\346R\362\361\361\235{E\016+L\245\234"
 106      25C773E6 
 106      52F2F1F1 
 106      9D7B450E 
 106      2B4CA59C 
 107 02d7 91C46122 		.ascii	"\221\304a\"qv\307q1\307\231M\273\313A\000r*\216~\011"
 107      7176C771 
 107      31C7994D 
 107      BBCB4100 
ARM GAS  /tmp/cc6Gwtf8.s 			page 8


 107      722A8E7E 
 108 02ec FD2EBB25 		.ascii	"\375.\273%'\232\014\305\273;\021\002\220K-,\201\265"
 108      279A0CC5 
 108      BB3B1102 
 108      904B2D2C 
 108      81B5
 109 02fe CD662EB4 		.ascii	"\315f.\264B\372\324\266\351\022\273\303\311\261\227"
 109      42FAD4B6 
 109      E912BBC3 
 109      C9B197
 110 030d 2E9F3FAA 		.ascii	".\237?\252g\363\363\317\260\271\005y\027\257\351)&\""
 110      67F3F3CF 
 110      B0B90579 
 110      17AFE929 
 110      2622
 111 031f 006A2C32 		.ascii	"\000j,2/{\307\036\275\236=VV\306Z6\251?\242>&\236"
 111      2F7BC71E 
 111      BD9E3D56 
 111      56C65A36 
 111      A93FA23E 
 112              		.text
 113              		.section	.gnu.lto_.symtab.a36ca7a8c15c10fb,"",%progbits
 114 0000 68616C49 		.ascii	"halInit\000\000\000\000\000\000\000\000\000\000\000"
 114      6E697400 
 114      00000000 
 114      00000000 
 114      0000
 115 0012 00AE0000 		.ascii	"\000\256\000\000\000stInit\000\000\002\000\000\000\000"
 115      00737449 
 115      6E697400 
 115      00020000 
 115      0000
 116 0024 00000000 		.ascii	"\000\000\000\000\000\260\000\000\000boardInit\000\000"
 116      00B00000 
 116      00626F61 
 116      7264496E 
 116      69740000 
 117 0038 02000000 		.ascii	"\002\000\000\000\000\000\000\000\000\000\262\000\000"
 117      00000000 
 117      0000B200 
 117      00
 118 0045 00736475 		.ascii	"\000sduInit\000\000\002\000\000\000\000\000\000\000"
 118      496E6974 
 118      00000200 
 118      00000000 
 118      0000
 119 0057 0000B400 		.ascii	"\000\000\264\000\000\000usbInit\000\000\002\000\000"
 119      00007573 
 119      62496E69 
 119      74000002 
 119      0000
 120 0069 00000000 		.ascii	"\000\000\000\000\000\000\000\266\000\000\000sdcInit"
 120      000000B6 
 120      00000073 
 120      6463496E 
 120      6974
 121 007b 00000200 		.ascii	"\000\000\002\000\000\000\000\000\000\000\000\000\270"
ARM GAS  /tmp/cc6Gwtf8.s 			page 9


 121      00000000 
 121      00000000 
 121      B8
 122 0088 00000073 		.ascii	"\000\000\000sdInit\000\000\002\000\000\000\000\000\000"
 122      64496E69 
 122      74000002 
 122      00000000 
 122      0000
 123 009a 000000BA 		.ascii	"\000\000\000\272\000\000\000canInit\000\000\002\000"
 123      00000063 
 123      616E496E 
 123      69740000 
 123      0200
 124 00ac 00000000 		.ascii	"\000\000\000\000\000\000\000\000\274\000\000\000_pa"
 124      00000000 
 124      BC000000 
 124      5F7061
 125 00bb 6C5F6C6C 		.ascii	"l_lld_init\000\000\002\000\000\000\000\000\000\000\000"
 125      645F696E 
 125      69740000 
 125      02000000 
 125      00000000 
 126 00d0 00BE0000 		.ascii	"\000\276\000\000\000hal_lld_init\000\000\002\000\000"
 126      0068616C 
 126      5F6C6C64 
 126      5F696E69 
 126      74000002 
 127 00e6 00000000 		.ascii	"\000\000\000\000\000\000\000\300\000\000\000"
 127      000000C0 
 127      000000
 128              		.text
 129              		.section	.gnu.lto_.opts,"",%progbits
 130 0000 272D666E 		.ascii	"'-fno-trapv' '-fno-strict-overflow' '-mcpu=cortex-m"
 130      6F2D7472 
 130      61707627 
 130      20272D66 
 130      6E6F2D73 
 131 0033 34272027 		.ascii	"4' '-mfloat-abi=hard' '-mfpu=fpv4-sp-d16' '-mno-thu"
 131      2D6D666C 
 131      6F61742D 
 131      6162693D 
 131      68617264 
 132 0066 6D622D69 		.ascii	"mb-interwork' '-mthumb' '-ggdb' '-O0' '-fomit-frame"
 132      6E746572 
 132      776F726B 
 132      2720272D 
 132      6D746875 
 133 0099 2D706F69 		.ascii	"-pointer' '-falign-functions=16' '-ffunction-sectio"
 133      6E746572 
 133      2720272D 
 133      66616C69 
 133      676E2D66 
 134 00cc 6E732720 		.ascii	"ns' '-fdata-sections' '-fno-common' '-flto' '-fsing"
 134      272D6664 
 134      6174612D 
 134      73656374 
 134      696F6E73 
ARM GAS  /tmp/cc6Gwtf8.s 			page 10


 135 00ff 6C652D70 		.ascii	"le-precision-constant'\000"
 135      72656369 
 135      73696F6E 
 135      2D636F6E 
 135      7374616E 
 136              		.text
 137              		.comm	__gnu_lto_v1,1,1
 138              		.comm	__gnu_lto_slim,1,1
 139              		.ident	"GCC: (GNU Tools for ARM Embedded Processors) 4.9.3 20150529 (release) [ARM/embedded-4_9-br
ARM GAS  /tmp/cc6Gwtf8.s 			page 11


DEFINED SYMBOLS
                            *ABS*:00000000 hal.c
                            *COM*:00000001 __gnu_lto_v1
                            *COM*:00000001 __gnu_lto_slim

NO UNDEFINED SYMBOLS
