ARM GAS  /tmp/ccIcurjf.s 			page 1


   1              		.syntax unified
   2              		.cpu cortex-m4
   3              		.eabi_attribute 27, 1
   4              		.eabi_attribute 28, 1
   5              		.fpu fpv4-sp-d16
   6              		.eabi_attribute 20, 1
   7              		.eabi_attribute 21, 1
   8              		.eabi_attribute 23, 3
   9              		.eabi_attribute 24, 1
  10              		.eabi_attribute 25, 1
  11              		.eabi_attribute 26, 1
  12              		.eabi_attribute 30, 6
  13              		.eabi_attribute 34, 1
  14              		.eabi_attribute 18, 4
  15              		.thumb
  16              		.file	"hal_st.c"
  17              		.text
  18              	.Ltext0:
  19              		.section	.gnu.lto_.inline.e9c6cf052cb63470,"",%progbits
  20 0000 789C6366 		.ascii	"x\234cf\300\016\366BiN\006\0066V\006\006&\216\011~\014"
  20      C00EF642 
  20      694E0606 
  20      36560606 
  20      268E097E 
  21 0015 2C0C4C20 		.ascii	",\014L !F\006\026f\240\010\313\007=\230\010\023\206"
  21      21460616 
  21      66A008CB 
  21      073D9808 
  21      1386
  22 0027 08338608 		.ascii	"\0103\206\010\013\003\013\017P\204i\201<\334\034. \301"
  22      0B030B0F 
  22      50846981 
  22      3CDC1C2E 
  22      20C1
  23 0039 CAC0CA8B 		.ascii	"\312\300\312\213*\314\304\015$\330\260\253f\307\256"
  23      2ACCC40D 
  23      24D8B0AB 
  23      66C7AE
  24 0048 9A03BB30 		.ascii	"\232\003\2730\003\000lu\011\372"
  24      03006C75 
  24      09FA
  25              		.text
  26              		.section	.gnu.lto_st_lld_start_alarm.e9c6cf052cb63470,"",%progbits
  27 0000 789C8D52 		.ascii	"x\234\215R]HSQ\034?\277s\3566a\006\021\364\"A\301\020"
  27      5D485351 
  27      1C3FBF73 
  27      EE366106 
  27      11F42241 
  28 0016 5FDA2EDA 		.ascii	"_\332.\332K\320\213P\020\205>\345\273i\011\033,\026"
  28      4BD08B50 
  28      10853EE5 
  28      BB69091B 
  28      2C16
  29 0028 6D446F9E 		.ascii	"mDo\236\255\233P\021\211D\0101Tj\364\261\3245\323\232"
  29      AD9B5011 
  29      89440831 
  29      546AF4B1 
ARM GAS  /tmp/ccIcurjf.s 			page 2


  29      D435D39A 
  30 003c 155CEA41 		.ascii	"\025\\\352A\241\302z\022\244\326\240\011\371Pl3\260"
  30      A1C27A12 
  30      A4D6A009 
  30      F9506C33 
  30      B0
  31 004d 5BC8FA9F 		.ascii	"[\310\372\237\263\006\226}]\270\367\236\3779\277\377"
  31      B306967D 
  31      5DB8F79E 
  31      FF39BFFF 
  32 005d EFE39C23 		.ascii	"\357\343\234#\330\346g;\275e\316\330AU\010\006\032\202"
  32      D8E6673B 
  32      BD65CED8 
  32      41550806 
  32      1A82
  33 006f 035480F5 		.ascii	"\003T\200\365s\364c\205\2279\006\355\364\260\267%%\245"
  33      73F46385 
  33      973906ED 
  33      F4B0B725 
  33      25A5
  34 0081 2C0D2D66 		.ascii	",\015-f \257\034u\010\270\312k\034\270\211\026\002M"
  34      20AF1C75 
  34      08B8CA6B 
  34      1CB88916 
  34      024D
  35 0093 A5BE5E80 		.ascii	"\245\276^\200\330\017\342Cn\342\363K\357\007\356p\354"
  35      D80FE243 
  35      6EE2F34B 
  35      EF07EE70 
  35      EC
  36 00a4 52E5ECD0 		.ascii	"R\345\354\320\374\260[\225\334P\345\331l\362\206\253"
  36      FCB05B95 
  36      DC50E5D9 
  36      6CF286AB 
  37 00b4 F9BA9409 		.ascii	"\371\272\224\011{%+\333\015\207\013\334\202 >\334F\023"
  37      7B252BDB 
  37      0D870BDC 
  37      82203EDC 
  37      4613
  38 00c6 EEA089D1 		.ascii	"\356\240\211\321\024C\032\315\012^\266\326\027\275n"
  38      14431ACD 
  38      0A5EB6D6 
  38      17BD6E
  39 00d5 8BD4B7D6 		.ascii	"\213\324\267\3264q\027n\262(hmd\320\261\015\337\030"
  39      3471176E 
  39      B228686D 
  39      64D0B10D 
  39      DF18
  40 00e7 51151E2D 		.ascii	"Q\025\036-\3175\236\233\227V\241Z\335\351\220\320F\272"
  40      CF359E9B 
  40      9756A15A 
  40      DDE990D0 
  40      46BA
  41 00f9 1F46C7E1 		.ascii	"\037F\307\341\373\251g\364qj\300\365\367\226\211_[\236"
  41      FBA967F4 
  41      716AC0F5 
  41      F796895F 
ARM GAS  /tmp/ccIcurjf.s 			page 3


  41      5B9E
  42 010b FCB36512 		.ascii	"\374\263e\022\276\311m\266\254VW\337T.\355Ks\027(\216"
  42      BEC96DB6 
  42      AC5657DF 
  42      542EED4B 
  42      7317288E 
  43 011f 41BB4A79 		.ascii	"A\273Jy\204\032\032\352\303XQ\357\3372\247\237XB\242"
  43      841A1AEA 
  43      C35851EF 
  43      DF32A79F 
  43      5842A2
  44 0132 547A5B11 		.ascii	"Tz[\021*\332\032E\346\370\364|n\300\245\366\314\240"
  44      2ADA1A45 
  44      E6F8F47C 
  44      6EC0A5F6 
  44      CCA0
  45 0144 E0D260C8 		.ascii	"\340\322`\310\220\302\022\236^\035\333\241@\204xW\\"
  45      90C2129E 
  45      5E1DDBA1 
  45      40847857 
  45      5C
  46 0155 78DDA011 		.ascii	"x\335\240\021\352\0141\375e\344\343\226$\256\305\245"
  46      EA0C31FD 
  46      65E4E396 
  46      24AEC5A5 
  47 0165 B4C99A8B 		.ascii	"\264\311\232\213hpO\271\242\265\342\213\2133\015\376"
  47      68704FB9 
  47      A2B5E28B 
  47      8B330DFE 
  48 0175 B4B4E070 		.ascii	"\264\264\340p7\262H\242\242\305i\351|\356\333{\2579"
  48      37B248A2 
  48      A2C569E9 
  48      7CEEDB7B 
  48      AF39
  49 0187 2EADB8BD 		.ascii	".\255\270\275\333\341\036L\301\017\237\316\202\3730"
  49      DBE11E4C 
  49      C10F9FCE 
  49      82FB30
  50 0196 D7C89DF2 		.ascii	"\327\310\235\362\226\311\327\275\211\272\221\322h\335"
  50      96C9D7BD 
  50      89BA91D2 
  50      68DD
  51 01a4 C86665F1 		.ascii	"\310fe\361[e\017\246\265\262\276^3\360o\314\340\241"
  51      5B650FA6 
  51      B5B2BE5E 
  51      33F06FCC 
  51      E0A1
  52 01b6 A9079A38 		.ascii	"\251\007\2328Qz\225\3475-\343\177\264\214?h=\324Z\372"
  52      517A95E7 
  52      352DE37F 
  52      B48C3F68 
  52      3DD45AFA 
  53 01ca BEE4B4D6 		.ascii	"\276\344\264\326B\341\331\345F\255Eg6K=y\304\355\365"
  53      42E1D9E5 
  53      46AD4567 
  53      364B3D79 
  53      C4EDF5
ARM GAS  /tmp/ccIcurjf.s 			page 4


  54 01dd C38A58C5 		.ascii	"\303\212X\305-*_\004o?\026\014\365\206\"\321\356h\254"
  54      2D2A5F04 
  54      6F3F160C 
  54      F58622D1 
  54      EE68AC
  55 01f0 A737DCE7 		.ascii	"\2477\334\347o\335\033h\013\2341#Q3\330\0236OFN\305"
  55      6FDD1B68 
  55      0B9C3123 
  55      5133D813 
  55      364F464E 
  56 0205 A2E691AE 		.ascii	"\242\346\221\256\316=mfG\307\001\263\353P\347\351V\265"
  56      CE3D6D66 
  56      47C701B3 
  56      EB50E7E9 
  56      56B5
  57 0217 42F0EE70 		.ascii	"B\360\356p\370x \310\214X\350D\337wW\243\035t"
  57      F87820C8 
  57      8C58E844 
  57      DF7757A3 
  57      1D74
  58              		.text
  59              		.section	.gnu.lto_st_lld_stop_alarm.e9c6cf052cb63470,"",%progbits
  60 0000 789C658E 		.ascii	"x\234e\216=H\202Q\024\206\357{?\225\300\202\010\"h)"
  60      3D488251 
  60      1486EF7B 
  60      3F95C082 
  60      08226829 
  61 0014 7070D28F 		.ascii	"pp\322\217li\214h\211t\252\255\301\264\002\005\301H"
  61      6C698C68 
  61      8974AAAD 
  61      C1B40205 
  61      C148
  62 0026 89B66E62 		.ascii	"\211\266nb-.\022\015B\2045D?\346OCAM\037-\011\025RK"
  62      2D2E120D 
  62      42843544 
  62      3FE64F43 
  62      414D1F2D 
  63 003e D4500EDA 		.ascii	"\324P\016\332\317P\230\005\365\015a\347jC\320\205\303"
  63      CF509805 
  63      F50D61E7 
  63      6A43D085 
  63      C3
  64 004f E5DCF3DC 		.ascii	"\345\334\363\334\367<\012\373\177\332\251\306\300\330"
  64      F73C0AFB 
  64      7FDAA9C6 
  64      C0D8
  65 005d 806C1406 		.ascii	"\200l\024\006\316\250@\017\014l\236c\036\317\374\215"
  65      CEA8400F 
  65      0C6C9E63 
  65      1ECFFC8D 
  66 006d 23AEA512 		.ascii	"#\256\245\022f\353\246\020\242ru\223\203X\031\327\011"
  66      66EBA610 
  66      A2727593 
  66      835819D7 
  66      09
  67 007e 7CE78D0C 		.ascii	"|\347\215\014l\301\312\210z\213~_\233MQ\242Z\0333l\303"
  67      6CC1CA88 
ARM GAS  /tmp/ccIcurjf.s 			page 5


  67      7A8B7E5F 
  67      9B4D51A2 
  67      5A1B336C 
  68 0093 4451A0D9 		.ascii	"DQ\240\331Q\346\343\302\374\304u\216n\211\036/\347\023"
  68      51E6E3C2 
  68      FCC4758E 
  68      6E891E2F 
  68      E713
  69 00a5 26D97283 		.ascii	"&\331r\203l\223q]3X6\204\210\024\013\345\323\346\305"
  69      6C93715D 
  69      33583684 
  69      88140BE5 
  69      D3E6C5
  70 00b8 BC88166B 		.ascii	"\274\210\026k\265.\235+2\010;\350\304.:\177\225\221"
  70      B52E9D2B 
  70      32083BE8 
  70      C42E3A7F 
  70      9591
  71 00ca 8225DBA6 		.ascii	"\202%\333\246\211Z\355\375\341$fIs\016&IV\252\373\224"
  71      895AEDFD 
  71      E1246649 
  71      730E2649 
  71      56AAFB94 
  72 00de 395DCA2D 		.ascii	"9]\312-\"\225\312cU\221\012\237\\\032\274\236\235.\031"
  72      2295CA63 
  72      55910A9F 
  72      5C1ABC9E 
  72      9D2E19
  73 00f1 E54A8504 		.ascii	"\345J\205\004\205\201a\217\022oqRY\357\220\020\021\367"
  73      8581618F 
  73      126F7152 
  73      59EF9010 
  73      11F7
  74 0103 A5C26553 		.ascii	"\245\302eS\235`R\352\340+\371\322\262\206\325\005!4"
  74      9D6052EA 
  74      E02BF9D2 
  74      B286D505 
  74      2134
  75 0115 5231500C 		.ascii	"R1P\014\322\322\202f\245\363\330a\223-%\242\320\271"
  75      D2D28266 
  75      A5F3D861 
  75      932D25A2 
  75      D0B9
  76 0127 1119ACA1 		.ascii	"\021\031\254\241Z_\216,l\177\223\214\364\224\243?wX"
  76      5A5F8E2C 
  76      6C7F938C 
  76      F494A33F 
  76      7758
  77 0139 D0F687E5 		.ascii	"\320\366\207\345\036I\225\310\230\021\337?\341\363{"
  77      1E4995C8 
  77      9811DF3F 
  77      E1F37B
  78 0148 FDC1903B 		.ascii	"\375\301\220;\024\366x\003S\266\236>\273\303>\247\006"
  78      14F67803 
  78      53B69E3E 
  78      BBC33EA7 
  78      06
ARM GAS  /tmp/ccIcurjf.s 			page 6


  79 0159 43AACF13 		.ascii	"C\252\317\023P\247\2033\341\220:2\352\352u\250N\347"
  79      50A78333 
  79      E1903A32 
  79      EAEA75A8 
  79      4EE7
  80 016b A03A3AE4 		.ascii	"\240::\344\232\355\221\023\302\335\201\300\244\335\307"
  80      9AED9113 
  80      C2DD81C0 
  80      A4DDC7
  81 017a 7E006F2F 		.ascii	"~\000o/\221c"
  81      9163
  82              		.text
  83              		.section	.gnu.lto_st_lld_set_alarm.e9c6cf052cb63470,"",%progbits
  84 0000 789C6590 		.ascii	"x\234e\220_(lQ\024\306\367\267\317\231\241\346*\251"
  84      5F286C51 
  84      14C6F7B7 
  84      CF99A1E6 
  84      2AA9
  85 0012 FB22E5D6 		.ascii	"\373\"\345\326$/fNx\361\250(\211y\272\336\375\257\231"
  85      242F664E 
  85      78F1A828 
  85      8979BADE 
  85      FDAF99
  86 0025 1A8DCC24 		.ascii	"\032\215\314$o\366\270\207BJ\222\2464I\350\272\206\301"
  86      6FF6B887 
  86      424A92A6 
  86      3449E8BA 
  86      86C1
  87 0037 E82A9E4E 		.ascii	"\350*\236N^($^D\371SF\221h\374\213C\032k\017\017\312"
  87      5E28245E 
  87      44F95346 
  87      9168FC8B 
  87      431A6B0F 
  88 004d A9DD396B 		.ascii	"\251\3359k\255o\177\277o\035\205}\177~\322\231\006c"
  88      AD6F7FBF 
  88      6F1D857D 
  88      7F7ED299 
  88      0663
  89 005f 15B25018 		.ascii	"\025\262P\0308\243\003j0\260N\216N\\\362[\216A#\022"
  89      38A3036A 
  89      30B04E8E 
  89      4E5CF25B 
  89      8E412312 
  90 0073 B2E54F09 		.ascii	"\262\345O\011!\022CG\013\020\303u&\011\357\371\207\007"
  90      21124347 
  90      0B10C375 
  90      2609EFF9 
  90      8707
  91 0085 FE229F44 		.ascii	"\376\"\237DKS/}P\312\300\350{%\372\260m\273\340&\307"
  91      4B532F7D 
  91      50CAC0E8 
  91      7B25FAB0 
  91      6DBBE026 
  92 009a 2F59AE0E 		.ascii	"/Y\256\016m\204\254\262\344\252,\377\304\302\223\226"
  92      6D84ACB2 
  92      E4AA2CFF 
  92      C4C29396 
ARM GAS  /tmp/ccIcurjf.s 			page 7


  93 00aa BC0921BA 		.ascii	"\274\011!\272\214\223\230(UM\256`\032\012\371\341\037"
  93      8C939828 
  93      554DAE60 
  93      1A0AF9E1 
  93      1F
  94 00bb B231836C 		.ascii	"\2621\203lF-\206\010\362\244\374V\177\333\267Yu\242"
  94      462D8608 
  94      F2A4FC56 
  94      7FDBB759 
  94      75A2
  95 00cd 677E3031 		.ascii	"g~01\013+E\004\315\306\006MC\265\217\223\325\351\325"
  95      0B2B4504 
  95      CDC6064D 
  95      43B58F93 
  95      D5E9D5
  96 00e0 F9FA8FEE 		.ascii	"\371\372\217\356\015\241\237&\223\271&\201\276\332}"
  96      0DA19F26 
  96      93B92681 
  96      BEDA7D
  97 00ef 069D837D 		.ascii	"\006\235\203}>\313\020\311\344\375\303\336@q\224\260"
  97      3ECB10C9 
  97      E4FDC3DE 
  97      407194B0 
  98 00ff 0452695F 		.ascii	"\004Ri_Ib\361\324>\347\234^\312!\272\022\211\307;E\242"
  98      4962F1D4 
  98      3EE79C5E 
  98      CA21BA12 
  98      89C73B45 
  99 0114 9EB824DD 		.ascii	"\236\270$\335l\256\367X\344\016*\005\021*C\224|\017"
  99      6CAEF758 
  99      E40E2A05 
  99      112A4394 
  99      7C0F
 100 0126 B136329E 		.ascii	"\26162\236#E\2448\211\357\354\246\247\024L\306\376\377"
 100      2345A438 
 100      89EFECA6 
 100      A7144CC6 
 100      FEFF
 101 0138 3C769D11 		.ascii	"<v\235\021\306hP\010\203\002Y\310\006\3632\013\315\342"
 101      C6685008 
 101      830259C8 
 101      06F3320B 
 101      CDE2
 102 014a 5BFDCBE9 		.ascii	"[\375\313\351\216\210\320ar+\026\020\306]\012N\243\336"
 102      8E88D061 
 102      722B1610 
 102      C65D0A4E 
 102      A3DE
 103 015c 95D7339B 		.ascii	"\225\3273\2336'\364\240Q`\3624,\302\001{j\003\304\240"
 103      3627F4A0 
 103      5160F234 
 103      2CC2017B 
 103      6A03C4A0 
 104 0170 3D51BA63 		.ascii	"=Q\272c\004\215\203*\011\225\3358\247_A\227K\033\335"
 104      048D832A 
 104      0995DD38 
 104      A75F4197 
ARM GAS  /tmp/ccIcurjf.s 			page 8


 104      4B1BDD
 105 0183 9E068FCF 		.ascii	"\236\006\217\317_\353\017\3247x\233\035\205%\316\"g"
 105      5FEB0FD4 
 105      37789B1D 
 105      8525CE22 
 105      67
 106 0194 87E6F36B 		.ascii	"\207\346\363k\356z\257\326\352k\013\370\265\3375\256"
 106      EE7AAFD6 
 106      EA6B0BF8 
 106      B5DF35AE 
 107 01a4 E222ADBA 		.ascii	"\342\"\255\272\272\\\253\251t\265\027\312\011\311k\275"
 107      BA5CABA9 
 107      74B517CA 
 107      09C96BBD 
 108 01b4 DE26A79B 		.ascii	"\336&\247\233\251\001OK\363;\355h\252\247"
 108      A9014F4B 
 108      F33BED68 
 108      AAA7
 109              		.text
 110              		.section	.gnu.lto_st_lld_get_alarm.e9c6cf052cb63470,"",%progbits
 111 0000 789C6D50 		.ascii	"x\234mP=H[Q\030\375\316}ITBA:\006\007\341\015N\311\303"
 111      3D485B51 
 111      18FDCE7D 
 111      49544241 
 111      3A0607E1 
 112 0018 B87494D2 		.ascii	"\270t\224\322EP\020t\027\377 B bBq\363&<ZZ)\024q\260"
 112      45501074 
 112      17FF2042 
 112      20624271 
 112      F3263C5A 
 113 0031 14518752 		.ascii	"\024Q\207R\333\230\370\003\226\306\351\341\242\242\245"
 113      DB98F803 
 113      96C6E9E1 
 113      A2A2A5
 114 0040 B443531C 		.ascii	"\264CS\034\252\342StPb\0254\224\372\372}Q\\\354\205"
 114      AAE25374 
 114      50621534 
 114      94FAFA7D 
 114      515CEC85 
 115 0054 7BB9DFFD 		.ascii	"{\271\337\375\3169\3379\327\240\373\253\216w\001D\217"
 115      CE39DF39 
 115      D7A0FBAB 
 115      8E770144 
 115      8F
 116 0065 A5F01114 		.ascii	"\245\360\021\024\361\206\301\247\001~&\320\21020\202"
 116      F186C1A7 
 116      017E26D0 
 116      88323082 
 117 0075 6375A650 		.ascii	"cu\246P\310_|\011\036\251\262\242z\342rel}\" %|R\026"
 117      C85F7C09 
 117      1EA9B2A2 
 117      7AE27265 
 117      6C7D2220 
 118 008d 7F4C146B 		.ascii	"\177L\024k\032\336i\235)}\337q\361f|\232[\212\316\025"
 118      1ADE699D 
 118      297DDF71 
 118      F1667C9A 
ARM GAS  /tmp/ccIcurjf.s 			page 9


 118      5B8ACE15 
 119 00a1 E13D4298 		.ascii	"\341=B\230EH\364>\240A\300g\366\337b0`k\255k\005\301"
 119      4548F43E 
 119      A041C067 
 119      F6DF6230 
 119      606BAD6B 
 120 00b7 8D8F08F0 		.ascii	"\215\217\010\360@\031s\230\035\177\3567g\264~\271\353"
 120      40197398 
 120      1D7FEE37 
 120      67B47EB9 
 120      EB
 121 00c8 1DB8ED8E 		.ascii	"\035\270\355\216=\255\257=\017\367\305d!\013\2239S\257"
 121      3DADAF3D 
 121      0FF7C564 
 121      210B9339 
 121      53AF
 122 00da CB8E4F38 		.ascii	"\313\216O8\031gci\266\371\216b\374\2172\007s\376\241"
 122      19676369 
 122      B6F98E62 
 122      FC8F3207 
 122      73FEA1
 123 00ed A33DEFFC 		.ascii	"\243=\357\374:\363\312\374\314\001\211\221\212d\002"
 123      3AF3CAFC 
 123      CC018991 
 123      8A6402
 124 00fc B9E2860E 		.ascii	"\271\342\206\016\344jl#S*yc5b\356\222M+\234n\256=\363"
 124      E46A6C23 
 124      532A7963 
 124      3562EE92 
 124      4D2B9C6E 
 125 0113 4B6683AD 		.ascii	"Kf\203\255k\376\260\034\313ncue\0177 \011\260\343~\375"
 125      6BFEB01C 
 125      CB6E6375 
 125      650F3720 
 125      09B0E37E 
 126 0128 565D0191 		.ascii	"V]\001\221d]\276\232:y0\211\267i\255\235\226\262\362"
 126      645DBE9A 
 126      3A793089 
 126      B769AD9D 
 126      96B2F2
 127 013b B112F2E2 		.ascii	"\261\022\362\342\206{\356\326\350\247\352pV\333\354"
 127      867BEED6 
 127      E8A7EA70 
 127      56DBEC
 128 014a D58F794C 		.ascii	"\325\217yL\342we>\267^\024\376\354\007\255\234\266\323"
 128      E277653E 
 128      B75E14FE 
 128      EC07AD9C 
 128      B6D3
 129 015c 4EA8AC02 		.ascii	"N\250\254\002X@\030f%\003\026aU<\262\276\361\023\351"
 129      58401866 
 129      25031661 
 129      553CB2BE 
 129      F113E9
 130 016f 5ABA60D2 		.ascii	"Z\272`\322/\244u\325\255\011\222\034\362\235D\315\275"
 130      2FA475D5 
 130      AD09921C 
ARM GAS  /tmp/ccIcurjf.s 			page 10


 130      F29D44CD 
 130      BD
 131 0180 B1819E81 		.ascii	"\261\201\236\201D\262+\231\352\356\211\367\207\033\037"
 131      44B22B99 
 131      EAEE89F7 
 131      871B1F
 132 018f 45A29161 		.ascii	"E\242\221a+\221\264b\335qk01\224JZ\035\235mMQ\253\265"
 132      2B91B462 
 132      DD716B30 
 132      31944A5A 
 132      1D9D6D4D 
 133 01a6 F589D5D9 		.ascii	"\365\211\325\331\322\366\264Q:\014\357\212\307\373\""
 133      D2F6B451 
 133      3A0CEF8A 
 133      C7FB22
 134 01b5 31FA07C5 		.ascii	"1\372\007\305[\256_"
 134      5BAE5F
 135              		.text
 136              		.section	.gnu.lto_stInit.e9c6cf052cb63470,"",%progbits
 137 0000 789C6366 		.ascii	"x\234cf\300\004\242@<\033\210u@\034f\006F&\006 fd\004"
 137      C004A240 
 137      3C1B8875 
 137      401C6606 
 137      46260620 
 138 0017 721819EA 		.ascii	"r\030\031\352\231\030\353\031_2}db\234p`\365\014n\365"
 138      9918EB19 
 138      5F327D64 
 138      629C7060 
 138      F50C6EF5 
 139 002b A50D0D0D 		.ascii	"\245\015\015\015\037\016\235o\0148\300\370\023\250\356"
 139      1F0E9D6F 
 139      0C38C0F8 
 139      13A8EE
 140 003a 3313C408 		.ascii	"3\023\304\010\306\345\214\352\014@E\037[\376^\347fk"
 140      C6E58CEA 
 140      0C40451F 
 140      5BFE5EE7 
 140      666B
 141 004c 012A1280 		.ascii	"\001*\022\200\3101\256`d\003\231\264^\350@\303\377\377"
 141      C831AE60 
 141      640399B4 
 141      5EE840C3 
 141      FFFF
 142 005e 8FA7FED1 		.ascii	"\217\247\376\321\007\362\236\200u=e\002R\314w\030\233"
 142      07F29E80 
 142      753D6502 
 142      52CC7718 
 142      9B
 143 006f 0FFCE505 		.ascii	"\017\374\345\005)\003\351\237w\271o\035S\355\357\206"
 143      2903E99F 
 143      77B96F1D 
 143      53EDEF86 
 144 007f 8E068E9F 		.ascii	"\216\006\216\237L\214\237\231\200\212\031W2\3262\374"
 144      4C8C9F99 
 144      808A1957 
 144      32D632FC 
 145 008f 04AABDC7 		.ascii	"\004\252\275\307\330x\340?+X%\003\310\014\240\034\320"
ARM GAS  /tmp/ccIcurjf.s 			page 11


 145      D878E03F 
 145      2B582503 
 145      C80CA01C 
 145      D0
 146 00a0 00ADE48C 		.ascii	"\000\255\344\214\314\244\314\374\342\370\342\222\304"
 146      CCA4CCFC 
 146      E2F8E292 
 146      C4
 147 00ad A49C545D 		.ascii	"\244\234T]C\013=#\275\012\375\374b\375\214\304\034\375"
 147      430B3D23 
 147      BD0AFDFC 
 147      62FD8CC4 
 147      1CFD
 148 00bf E2A26410 		.ascii	"\342\242d\020\015\224\324Kf\000\000\325oB\010"
 148      0D94D44B 
 148      660000D5 
 148      6F4208
 149              		.text
 150              		.section	.gnu.lto_stStartAlarm.e9c6cf052cb63470,"",%progbits
 151 0000 789C658F 		.ascii	"x\234e\217\277KBQ\024\307\317\367>\263\300%\232\344"
 151      BF4B4251 
 151      14C7CFF7 
 151      3EB3C025 
 151      9AE4
 152 0012 D1108848 		.ascii	"\321\020\210HQJ\321\320\02245\367\037\204\212\220`\010"
 152      514AD1D0 
 152      123435F7 
 152      1F848A90 
 152      6008
 153 0024 3D8796F0 		.ascii	"=\207\226\360Z\0125d\021\004\322 ED?,\203\232\012\214"
 153      5A0A3564 
 153      1104D220 
 153      45443F2C 
 153      839A0A8C 
 154 0038 4743B814 		.ascii	"GC\270\024\204C\004\022E\006\265%\005\361\212z\235k"
 154      84430412 
 154      4506B525 
 154      05F18A7A 
 154      9D6B
 155 004a 3575E1DC 		.ascii	"5u\341\334s\317\271_\276\237s4\372\177\3329\006A\324"
 155      73CFB95F 
 155      BE9F7334 
 155      FA7FDA39 
 155      0641D4
 156 005d AF0A0741 		.ascii	"\257\012\007A\020\0074\2765p\233@I\241!\211'Q\027X4"
 156      100734BE 
 156      35709B40 
 156      49A12189 
 156      27511758 
 157 0072 0B39976F 		.ascii	"\0139\227oCJ\371|z\350\316\270-V\277\210\037#l\302\307"
 157      434AF97C 
 157      7AE8CEB8 
 157      2D56BF88 
 157      1F236CC2 
 158 0087 92856C66 		.ascii	"\222\205lf\036Z\017\210\337G\305\327s\327\243\260\004"
 158      1E5A0F88 
 158      DF47C5D7 
ARM GAS  /tmp/ccIcurjf.s 			page 12


 158      73D7A3B0 
 158      04
 159 0098 3A5479BC 		.ascii	":Ty\274T\3169U)\034\252|_.\3174y\327\245\2346K\007r"
 159      54CE3955 
 159      291CAA7C 
 159      5F2ECF34 
 159      79D7A59C 
 160 00b0 C8613167 		.ascii	"\310a1g\013\032\373a\033:v\240\023\267\010\005x\225"
 160      0B1AFB61 
 160      1B3A76A0 
 160      13B70805 
 160      7895
 161 00c2 BC9EFEBC 		.ascii	"\274\236\376\274r9\323\314n\375\374\303b\027N\036R\215"
 161      7239D3CC 
 161      6EFDFCC3 
 161      62174E1E 
 161      528D
 162 00d4 962D5D9F 		.ascii	"\226-]\237\300\263\306n\267\371\373\352\210\231Z\225"
 162      C0B3C66E 
 162      B7F9FBEA 
 162      88995A95 
 163 00e4 5FB60D8B 		.ascii	"_\266\015\213Y\312\261[G\247\376\2732\366\340a\213\375"
 163      59CAB15B 
 163      47A7FEBB 
 163      32F6E061 
 163      8BFD
 164 00f6 3653DAF6 		.ascii	"6S\332\366\341\305\335\234oE\010\240\001\242Zc\235\232"
 164      E1C5DD9C 
 164      6F4508A0 
 164      01A25A63 
 164      9D9A
 165 0108 E0A43D30 		.ascii	"\340\244=0\236\264*\322\346\345\031\024K\315\221\257"
 165      9EB42AD2 
 165      E6E51914 
 165      4BCD91AF 
 166 0118 648B62EA 		.ascii	"d\213b\352C\316\312\026K4\275\010\346\243\210)z\023"
 166      43CECA16 
 166      4B34BD08 
 166      E6A38829 
 166      7A13
 167 012a 0C73D20D 		.ascii	"\014s\322\015Rfe\270!n\370\250\361\210\272\302c\321"
 167      526665B8 
 167      216EF8A8 
 167      F188BAC2 
 167      63D1
 168 013c 50346E8C 		.ascii	"P4n\214\032\211`(\026\351\351\035\360\367\371'\003q"
 168      1A896028 
 168      16E9E91D 
 168      F0F7F927 
 168      0371
 169 014e 2330168C 		.ascii	"#0\026\214\005\214\211\260\312\374\351\017Ss0d$\242"
 169      058C89B0 
 169      CAFCE90F 
 169      53733064 
 169      24A2
 170 0160 E3916F2C 		.ascii	"\343\221o,\022z\263"
 170      127AB3
ARM GAS  /tmp/ccIcurjf.s 			page 13


 171              		.text
 172              		.section	.gnu.lto_stStopAlarm.e9c6cf052cb63470,"",%progbits
 173 0000 789C6366 		.ascii	"x\234cf\300\004\242@<\007\210u@\034f\006F&\006 fd\004"
 173      C004A240 
 173      3C078875 
 173      401C6606 
 173      46260620 
 174 0017 721819EA 		.ascii	"r\030\031\352\231\030\353\031_2}db\234p`\365\014n\365"
 174      9918EB19 
 174      5F327D64 
 174      629C7060 
 174      F50C6EF5 
 175 002b A50D0D0D 		.ascii	"\245\015\015\015\037\026m\227h\225\370\011T\366\231"
 175      1F166D97 
 175      6895F809 
 175      54F699
 176 003a 096202E3 		.ascii	"\011b\002\343rFu\006\240\232\217-\177\257s\263\265\000"
 176      72467506 
 176      A09A8F2D 
 176      7FAF73B3 
 176      B500
 177 004c D50840E4 		.ascii	"\325\010@\344\030W0\262\201\014Z/t\240\341\377\377\305"
 177      185730B2 
 177      810C5A2F 
 177      74A0E1FF 
 177      FFC5
 178 005e 73EE6C67 		.ascii	"s\356lg\001r\237\200\265=e\002R\314w\030\233\017\374"
 178      01729F80 
 178      B53D6502 
 178      52CC7718 
 178      9B0FFC
 179 0071 3CC60852 		.ascii	"<\306\010R\0102a\336\345\276uL\265\277\033:\0328~21"
 179      083261DE 
 179      E5BE754C 
 179      B5BF1B3A 
 179      1A387E32 
 180 0086 7E6602AA 		.ascii	"~f\002\252f\\\311X\313\360\023\250\370\036c\343\201"
 180      665CC958 
 180      CBF013A8 
 180      F81E63E3 
 180      81
 181 0097 DF6E6095 		.ascii	"\337n`\225\014 C\200r@\023\264\22232\2232\363\213\343"
 181      0C204380 
 181      724013B4 
 181      92333293 
 181      32F38BE3 
 182 00ab 8B4B1293 		.ascii	"\213K\022\223rRu\015-\364\214\364*\364\363\213\3653"
 182      7252750D 
 182      2DF48CF4 
 182      2AF4F38B 
 182      F533
 183 00bd 1273F48B 		.ascii	"\022s\364\213\213\222A4PR/\231\001\000\266UB\032"
 183      8B924134 
 183      50522F99 
 183      0100B655 
 183      421A
 184              		.text
ARM GAS  /tmp/ccIcurjf.s 			page 14


 185              		.section	.gnu.lto_stSetAlarm.e9c6cf052cb63470,"",%progbits
 186 0000 789C6D4F 		.ascii	"x\234mO\317+\303a\030\177?\357\273\215\332ENk9\250\265"
 186      CF2BC361 
 186      187F3FEF 
 186      BB8DDA45 
 186      4E6B39A8 
 187 0015 16D91629 		.ascii	"\026\331\026)n\334\\\375\007lKm!\345\273\203\213\274"
 187      6EDC5CFD 
 187      076C4B6D 
 187      21E5BB83 
 187      8BBC
 188 0027 662B0E46 		.ascii	"f+\016F\"\273\020I~o\305i\026}\235\354\342\344 ZR(\312"
 188      22BB1049 
 188      7E6FC569 
 188      167D9DEC 
 188      E2E4205A 
 189 003e C19AD297 		.ascii	"\301\232\322\227\346\353y\207\203x\353y\237\367y\236"
 189      E6EB7987 
 189      8378EB79 
 189      9FF7799E 
 190 004e CFFBF97C 		.ascii	"\317\373\371|\036\301\376\236:\212~0\326\252\012\013"
 190      1EC1FE9E 
 190      3A8A7E30 
 190      D6AA0A0B 
 191 005e 03671410 		.ascii	"\003g\024\020t\013P\233\201\215q\2011<\362\"\307\254"
 191      740B509B 
 191      818D7181 
 191      313CF222 
 191      C7AC
 192 0070 BE93B27B 		.ascii	"\276\223\262{\326\245\224\317\261\234#\3410\010]\342"
 192      D6A594CF 
 192      B19C23E1 
 192      30085DE2 
 193 0080 5F44D880 		.ascii	"_D\330\200\207 3\311\3044\204\027\214\336\331\364\313"
 193      872033C9 
 193      C4348417 
 193      8CDED9F4 
 193      CB
 194 0091 99FD811B 		.ascii	"\231\375\201\033\034\365\252<\234\313\247l\252\344\026"
 194      1CF5AA3C 
 194      9CCBA76C 
 194      AAE416
 195 00a0 55BE2DE4 		.ascii	"U\276-\344'\254\3565)czn_vZ\014\322\331\204 >l\301\211"
 195      27ACEE35 
 195      29637A6E 
 195      5F765A0C 
 195      D2D98420 
 196 00b8 6D3819B5 		.ascii	"m8\031\265\030v\340V\360b\274|a\267\305I\273\246\374"
 196      1876E056 
 196      F062BC7C 
 196      61B7C549 
 196      BBA6FC
 197 00cb 238B5DD8 		.ascii	"#\213]\330\310\244\240q\362\350\362\030\256Ub\273\271"
 197      C8A4A071 
 197      F2E8F218 
 197      AE5562BB 
 197      B9
ARM GAS  /tmp/ccIcurjf.s 			page 15


 198 00dc BA2D74EB 		.ascii	"\272-t\353\343+\362\3034a\220\226blr\242\301\371\275"
 198      E32BF2C3 
 198      34619096 
 198      626C72A2 
 198      C1F9BD
 199 00ef 32F6E0FA 		.ascii	"2\366\340\372\365C.\316\367N\352\246\331\361/:\015\027"
 199      F5432ECE 
 199      F74EEAA6 
 199      D9F12F3A 
 199      0D17
 200 0101 09666A75 		.ascii	"\011fjui\232\007O'SmK\234\003\025[\354\256\262\374\035"
 200      699A074F 
 200      27536D4B 
 200      9C03155B 
 200      ECAEB2FC 
 201 0116 A724EEC9 		.ascii	"\247$\356\311,\023\005\304\365\354)\2243\345z\371<\231"
 201      2C1305C4 
 201      F5EC2994 
 201      33E57AF9 
 201      3C99
 202 0128 E6A3EF72 		.ascii	"\346\243\357rRV\033\334Z\342\344\026\031\214\262WN\326"
 202      52561BDC 
 202      5AE2E416 
 202      198CB257 
 202      4ED6
 203 013a 6CEC1AE3 		.ascii	"l\354\032\343z\256\253\002\256\360\320\230\250\032C"
 203      7AAEAB02 
 203      AEF0D098 
 203      A81A43
 204 0149 E1483032 		.ascii	"\341H02\244\365h\321@p\240\317\333\334\356k\361\215"
 204      A4F568D1 
 204      4070A0CF 
 204      DBDCEE6B 
 204      F18D
 205 015b F887347F 		.ascii	"\370\2074\17780\340\327\206C*\323\320\027bU\201\240"
 205      3830E0D7 
 205      86432AD3 
 205      D0176255 
 205      81A0
 206 016d 168D0CF6 		.ascii	"\026\215\014\366}\002\207?\211\307"
 206      7D02873F 
 206      89C7
 207              		.text
 208              		.section	.gnu.lto_stGetAlarm.e9c6cf052cb63470,"",%progbits
 209 0000 789C6D50 		.ascii	"x\234mP\315K\002Q\020\237y\273+\205\027\351\270\227"
 209      CD4B0251 
 209      109F79BB 
 209      2B8517E9 
 209      B897
 210 0012 823D4861 		.ascii	"\202=HaJ]\352\326\277\320\177P*\201\202 \264\035\"\020"
 210      4A5DEAD6 
 210      BFD07F50 
 210      2A818220 
 210      B41D2210 
 211 0026 9F26291D 		.ascii	"\237&)\035<\204\220]\312\210\350\303\262C\247\202j;"
 211      3C84905D 
 211      CA88E8C3 
ARM GAS  /tmp/ccIcurjf.s 			page 16


 211      B243A782 
 211      6A3B
 212 0038 E5A55390 		.ascii	"\345\245S\220\005\022B\031uK\024bK\333\346-u\010{03"
 212      05124219 
 212      754B1462 
 212      4BDBE62D 
 212      75087B30 
 213 004d 0CBF8F99 		.ascii	"\014\277\217\231y\022t?\215b\001\001<\242Q\000\031P"
 213      7912743F 
 213      8D620101 
 213      3CA25100 
 213      1950
 214 005f A0445942 		.ascii	"\240DYB\231\262\214\004\002B\234I2\306\361\2255\030"
 214      99B28C04 
 214      02429C49 
 214      32C6F195 
 214      3518
 215 0071 9E945AD7 		.ascii	"\236\224Z\327\316\027f2\030\000jOW\312y\207hI@m\345"
 215      CE176632 
 215      18006A4F 
 215      57CA7987 
 215      6849406D 
 216 0086 365FE975 		.ascii	"6_\351uos\236|K^D\326r\005B\0304\031\340\016\252\270"
 216      6F739E7C 
 216      4B5E44D6 
 216      72054218 
 216      3419E00E 
 217 009c 8BAAF0DB 		.ascii	"\213\252\360\333C\267\3406R\235\212\323\221\342\234"
 217      43B7E036 
 217      529D8AD3 
 217      91E29C
 218 00ab BB3A3499 		.ascii	"\273:4\231H\204\355\243\203f\312\004g\317\356\317Q\333"
 218      4884EDA3 
 218      8366CA04 
 218      67CFEECF 
 218      51DB
 219 00bd 24ABDAC7 		.ascii	"$\253\332\307cu\322H\024\370\227e\241\311$\333\317\243"
 219      6375D248 
 219      14F89765 
 219      A1C924DB 
 219      CFA3
 220 00cf E2A0FA73 		.ascii	"\342\240\372s\007\026Q\373\243\340\253\271\351\214a"
 220      071651FB 
 220      A3E0ABB9 
 220      E98C61
 221 00de 5913FFB2 		.ascii	"Y\023\377\262\017l\366s1\227V\004{\271\320\336ZR\312"
 221      0F6CF673 
 221      31975604 
 221      7BB9D0DE 
 221      5A52CA
 222 00f1 3C55B3AC 		.ascii	"<U\263\254\376\356um\311!j\264\343Q\237\301-\353\270"
 222      FEEE756D 
 222      C9216AB4 
 222      E3519FC1 
 222      2DEBB8
 223 0104 7D991EDB 		.ascii	"}\231\036\333`\014A\220\341I\354M\231\212T\247q Uq\321"
 223      600C4190 
ARM GAS  /tmp/ccIcurjf.s 			page 17


 223      E149EC4D 
 223      998A54A7 
 223      71205571 
 224 0119 30AF50DC 		.ascii	"0\257P\334\362Ng2\\\277\311\226X\354\223gx\217\311\344"
 224      F24E6732 
 224      5CBFC996 
 224      58EC9367 
 224      788FC9E4 
 225 012d 2629014B 		.ascii	"&)\001K\030#\275B\322:\243\277\226\3560\341\202\026"
 225      1823BD42 
 225      D23AA3BF 
 225      96EE30E1 
 225      8216
 226 013f 410FF8AB 		.ascii	"A\017\370\253\264m)\223\363P0\024\016\204\243\372\224"
 226      B46D2993 
 226      F3503014 
 226      0E84A3FA 
 226      94
 227 0150 3EE70F44 		.ascii	">\347\017Df\206G\306\275\243\336y_T\367\205\374\021"
 227      668647C6 
 227      BDA3DE79 
 227      5F54F785 
 227      FC11
 228 0162 9F3E1B14 		.ascii	"\237>\033\024\225@o\020\276\001k\326\214\231"
 228      95406F10 
 228      BE016BD6 
 228      8C99
 229              		.text
 230              		.section	.gnu.lto_.symbol_nodes.e9c6cf052cb63470,"",%progbits
 231 0000 789C55C8 		.ascii	"x\234U\310\273\015\302P\020D\321\331Y\177\236%\232\242"
 231      BB0DC250 
 231      1044D1D9 
 231      597F9E25 
 231      9AA2
 232 0012 B2714848 		.ascii	"\262qHH\342\300\230\300\0224\301\267\004B\223\272\022"
 232      E2C098C0 
 232      1234C1B7 
 232      044293BA 
 232      12
 233 0023 84F00389 		.ascii	"\204\360\003\211\275\311\225\216\003x\342\033{\023\260"
 233      BDC9958E 
 233      0378E21B 
 233      7B13B0
 234 0032 7D0012BA 		.ascii	"}\000\022\272q\263\002w&\2132\230\030eo\362('\252\370"
 234      71B30277 
 234      268B3298 
 234      18656FF2 
 234      2827AAF8 
 235 0046 C93426F0 		.ascii	"\3114&\360L\225\001.T\025\340J\325\001nT\372\007\273"
 235      4C95012E 
 235      5415E04A 
 235      D5016E54 
 235      FA07BB
 236 0059 534D06B4 		.ascii	"SM\006\264m\202\027\015\216\363k\355%p\370\274\262\374"
 236      6D82170D 
 236      8EF36BED 
 236      2570F8BC 
ARM GAS  /tmp/ccIcurjf.s 			page 18


 236      B2FC
 237 006b 9AF9C997 		.ascii	"\232\371\311\227\343\015D\024A\262"
 237      E30D4414 
 237      41B2
 238              		.text
 239              		.section	.gnu.lto_.refs.e9c6cf052cb63470,"",%progbits
 240 0000 789C6366 		.ascii	"x\234cf```d\200\002\000\000=\000\005"
 240      60606064 
 240      80020000 
 240      3D0005
 241              		.text
 242              		.section	.gnu.lto_.decls.e9c6cf052cb63470,"",%progbits
 243 0000 789CB557 		.ascii	"x\234\265WkPTG\026\236\276=\014\31402\212[\306\242R"
 243      6B505447 
 243      169EBE3D 
 243      0CCC3032 
 243      8A5BC6A2 
 244 0015 B56AAA58 		.ascii	"\265j\252X\327\025G1\331\322_b\3202V\205\254;\270\265"
 244      D7154731 
 244      D9D25F62 
 244      D0325685 
 244      AC3BB8B5 
 245 0029 A9CA8F09 		.ascii	"\251\312\217\011\"\021jy\2700nm\376]^+((\" /e\020\344"
 245      22116A79 
 245      B8306E6D 
 245      FE5D5E2B 
 245      28282220 
 246 0041 A9028288 		.ascii	"\251\002\202\210\240\274TD\020EE1\022eD\243\370\006"
 246      A0BC5444 
 246      10454531 
 246      126544A3 
 246      F806
 247 0053 F1012AB2 		.ascii	"\361\001*\262\247\273\357\235{\271\031\334dk\367V\235"
 247      A7BBEF9D 
 247      7BB919DC 
 247      646BF756 
 247      9D
 248 0064 993EDDDF 		.ascii	"\231>\335\337\371\276\323g\272\373\366`\225Ju\220S\251"
 248      F9BED367 
 248      BAFBF660 
 248      954A7590 
 248      53A9
 249 0076 26E0F9C3 		.ascii	"&\340\371\303\014\225j\020\332:\350[\247\222\036\342"
 249      0C956A10 
 249      DA3AE85B 
 249      A7921EE2 
 250 0086 D7813580 		.ascii	"\327\2015\200\235\004k\006k\005;\015\326\006\326\016"
 250      9D046B06 
 250      6B053B0D 
 250      D606D60E 
 251 0096 D601765E 		.ascii	"\326\001v^\365\363\207\304\271\010|n`z\260\032\260\351"
 251      F5F387C4 
 251      B9087C6E 
 251      607AB01A 
 251      B0E9
 252 00a8 48A53280 		.ascii	"H\2452\200\015B\273\033\014\203\271\202\257\003\033"
 252      0D42BB1B 
ARM GAS  /tmp/ccIcurjf.s 			page 19


 252      0C83B982 
 252      AF031B
 253 00b7 87361262 		.ascii	"\2076\022b\225\017\311A\243\340\023\271\272\20581\276"
 253      950FC941 
 253      A3E013B9 
 253      BA853831 
 253      BE
 254 00c8 C141FCC9 		.ascii	"\301A\374\311_\230\017\022\362AB\214\362!5p\376\025"
 254      5F980F12 
 254      F241428C 
 254      F2213570 
 254      FE15
 255 00da 1CCD823F 		.ascii	"\034\315\202?\003M\346i\025\346N\362q\207\261\343B?"
 255      034DE669 
 255      15E64EF2 
 255      7187B1E3 
 255      423F
 256 00ec 278C39AA 		.ascii	"'\2149\252\351iA[9\207\337@\374l\260Z\031\007\301\326"
 256      E969415B 
 256      3987DF40 
 256      FC6CB05A 
 256      1907C1D6 
 257 0100 09DABF53 		.ascii	"\011\332\277Sh\267}@\233\2149\252_\373\257\320&\330"
 257      68B77D40 
 257      9B8C39AA 
 257      5FFBAFD0 
 257      26D8
 258 0112 9382B651 		.ascii	"\223\202\266Q\241M\326\213\306\001\307b\260F\031\007"
 258      A14DD68B 
 258      C601C762 
 258      B0461907 
 259 0122 C1350B6D 		.ascii	"\3015\013mo\030[\252\340\031\346\320\361\303/\272\\"
 259      6F185BAA 
 259      E019E6D0 
 259      F1C32FBA 
 259      5C
 260 0133 0739E4A6 		.ascii	"\0079\344\246\233C\334\372\324\366L\015\270z\235\232"
 260      9B43DCFA 
 260      D4F64C0D 
 260      B87A9D9A 
 261 0143 B817F659 		.ascii	"\270\027\366Yk\014\230C\244]\220y\273G\267\260\214\347"
 261      6B0C9843 
 261      A45D9079 
 261      BB47B7B0 
 261      8CE7
 262 0155 F904BED9 		.ascii	"\371\004\276\331\206$\212\246\306\3216\035\236IAI\011"
 262      86248AA6 
 262      C6D1361D 
 262      9E494149 
 262      09
 263 0166 B6733AFC 		.ascii	"\266s:\3741mG\0275$9\003\327\\\035\205\365\347\214\025"
 263      316D4717 
 263      35243903 
 263      D75C1D85 
 263      F5E78C15 
 264 017a 6AA94BB6 		.ascii	"j\251K\266\213\001\272\270\352\261\274S\010y\352\012"
 264      8B01BAB8 
ARM GAS  /tmp/ccIcurjf.s 			page 20


 264      EAB1BC53 
 264      0879EA0A 
 265 018a 8174E862 		.ascii	"\201t\350bj\333\307<\257F\225H\207\016\"\214\312\320"
 265      6ADBC73C 
 265      AF469548 
 265      870E228C 
 265      CAD0
 266 019c 42327D12 		.ascii	"B2}\022M\236\004\236\217\341Sby\355\027*T\214<P\011"
 266      4D9E049E 
 266      8FE15362 
 266      79ED172A 
 266      548C3C50 
 267 01b1 F250A10A 		.ascii	"\362P\241\012\344\011\000\012E\207\240\3630t\002oV\002"
 267      E409000A 
 267      4587A0F3 
 267      3074026F 
 267      5602
 268 01c3 7FD615E9 		.ascii	"\177\326\025\351<\035\306\034q\020C\023\310\216O\235"
 268      3C1DC61C 
 268      71104313 
 268      C88E4F9D 
 269 01d3 4512A882 		.ascii	"E\022\250\202\004\312\245\004 \037q\252\\o~O<'&\334"
 269      04CAA504 
 269      201F71AA 
 269      5C6F7E4F 
 269      3C2726DC 
 270 01e7 B1B5F8CF 		.ascii	"\261\265\370\3171\274\017\252\001|\251\204\257B\037"
 270      31BC0FAA 
 270      017CA984 
 270      AF421F
 271 01f6 CAB8DA61 		.ascii	"\312\270\332a\306\350\346\215\243g\264j\370\235(\333"
 271      C6E8E68D 
 271      A367B46A 
 271      F89D28DB 
 272 0206 37B4F8B7 		.ascii	"7\264\370\267\362\367\024\033>J\007)\3022]\215\326\315"
 272      F2F7141B 
 272      3E4A0729 
 272      C2325D8D 
 272      D6CD
 273 0218 B2F3A850 		.ascii	"\262\363\250P-\372\010>\217\"5\373\0212\216\336\367"
 273      2DFA083E 
 273      8F2235FB 
 273      11328EDE 
 273      F7
 274 0229 C729EC97 		.ascii	"\307)\354\227\352\254\255:\247\231\263\217o\266\016"
 274      EAACAD3A 
 274      A799B38F 
 274      6FB60E
 275 0238 75961E0E 		.ascii	"u\226\036\016H\215\345\013y\333\304\304oy\027\022\205"
 275      488DE50B 
 275      79DBC4C4 
 275      6F791712 
 275      85
 276 0249 8ED97355 		.ascii	"\216\331sU\2216\315\025\325\2419\020\331\360v\240G="
 276      9136CD15 
 276      D5A13910 
 276      D9F076A0 
ARM GAS  /tmp/ccIcurjf.s 			page 21


 276      473D
 277 025b A5E4712A 		.ascii	"\245\344q*\371\215\240X\360\362\3301'|WX\034\005y\365"
 277      F98DA058 
 277      F0F2D831 
 277      277C5758 
 277      1C0579F5 
 278 026f 984A5ABB 		.ascii	"\230JZ\273\016h\332\371\346\211\211&~\016\211@\3652"
 278      0E68DAF9 
 278      E6898926 
 278      7E0E8940 
 278      F532
 279 0281 B97A51AE 		.ascii	"\271zQ\256\201\312\335\274TV\346\206_1\212\376\246\355"
 279      81CADDBC 
 279      5456E686 
 279      5F318AFE 
 279      A6ED
 280 0293 DDCE8CE2 		.ascii	"\335\316\214\342\201\214\202d|BFqB\2448I)\316\215?\037"
 280      818C8264 
 280      7C424671 
 280      42A43849 
 280      29CE8D3F 
 281 02a8 9C9431A9 		.ascii	"\234\2241\251\237\224r\343\244\224\333\255\257o\032"
 281      9F9472E3 
 281      A494DBAD 
 281      AF6F1A
 282 02b7 F0564CF5 		.ascii	"\360VL\365\236\3464\267j\251\236m\374\300\005=/*\322"
 282      9EE634B7 
 282      6AA99E6D 
 282      FCC0053D 
 282      2F2AD2
 283 02ca 20D42493 		.ascii	" \324$\223l\022%\233\251\244\365X\334s5\316d,\367\332"
 283      6C12259B 
 283      A9A4F558 
 283      DC7335CE 
 283      642CF7DA 
 284 02de 6A170289 		.ascii	"j\027\002\211\325:\324\224\234\207\263xk\014\377~b\002"
 284      D53AD494 
 284      9C87B378 
 284      6B0CFF7E 
 284      6202
 285 02f0 D162A116 		.ascii	"\321b\241\026\031I\213H\322JI\216\326w?\326\341\016"
 285      19498B48 
 285      D24A498E 
 285      D6773FD6 
 285      E10E
 286 0302 46F2FA4D 		.ascii	"F\362\372M\335\217n\300b\263Zs\013\330\324W\320\211"
 286      DD8F6EC0 
 286      62B35A73 
 286      0BD8D457 
 286      D089
 287 0314 9F92119C 		.ascii	"\237\222\021\234\022\011NS\202\235\333\037\306s\270"
 287      12094E53 
 287      829DDB1F 
 287      C673B8
 288 0323 97117496 		.ascii	"\227\021t\226\266?\237\306\010\352\355\004$\20332\202"
 288      B63F9FC6 
 288      08EAED04 
ARM GAS  /tmp/ccIcurjf.s 			page 22


 288      24833332 
 288      82
 289 0334 3322411B 		.ascii	"3\"A\033%\250,\031j\234\206\3570\202\013\373\336\015"
 289      25A82C19 
 289      6A9C86EF 
 289      30820BFB 
 289      DE0D
 290 0346 3A3382EB 		.ascii	":3\202\353\22328+#8+\022\264S\202C\266\321Gz\374\224"
 290      9332382B 
 290      23382B12 
 290      B4538243 
 290      B6D1477A 
 291 035c 11C4F6D5 		.ascii	"\021\304\366\325nu\245\004\266\321;mB5W\260Z\236\223"
 291      6E75A504 
 291      B6D13B6D 
 291      423557B0 
 291      5A9E93
 292 036f 719C1339 		.ascii	"q\234\0239:(\307\225\354\324\032\204\307\030\307\261"
 292      3A28C795 
 292      ECD41A84 
 292      C718C7B1 
 293 037f 9CB134B2 		.ascii	"\234\2614\262\210l\374P\347\203\367>\273bS\330\272e"
 293      886CFC50 
 293      E783F73E 
 293      BB6253D8 
 293      BA65
 294 0391 C5EC94B1 		.ascii	"\305\354\224\261t\212,\347)K\333\203\306\035zz\210\361"
 294      748A2CE7 
 294      294BDB83 
 294      C61D7A7A 
 294      88F1
 295 03a3 1A4254D9 		.ascii	"\032BT\331T\236\250\245\247\330\267\304m=\276u\257\032"
 295      549EA8A5 
 295      A7D8B7C4 
 295      6D3DBE75 
 295      AF1A
 296 03b5 C7ABA948 		.ascii	"\307\253\251H\321\225\324l\203\016\366f\354/:\031 \""
 296      D195D46C 
 296      830EF666 
 296      EC2F3A19 
 296      2022
 297 03c7 2E6BE225 		.ascii	".k\342%\306\273Xx\366XE\251+N\027\234\254\263}j\234"
 297      C6BB5878 
 297      F65845A9 
 297      2B4E179C 
 297      ACB37D6A 
 298 03dc C59CC2F4 		.ascii	"\305\234\302\364\214\203NT\324\205\236\204\027{vj\361"
 298      8C834E54 
 298      D4859E84 
 298      177B766A 
 298      F1
 299 03ed 3E4134ED 		.ascii	">A4\355u\242\001\0270\247s`tDO\201\323\211;\366\266"
 299      75A20117 
 299      30A77360 
 299      74444F81 
 299      D3893BF6 
 300 0402 E7070E17 		.ascii	"\347\007\016\027\261\261\216k\267\367;\3412\346d\275"
ARM GAS  /tmp/ccIcurjf.s 			page 23


 300      B1B18E6B 
 300      B7F73BE1 
 300      32E664BD 
 301 0412 3EDF66A0 		.ascii	">\337f\240\300\331t\225\344\304\306\032p%\033\263\026"
 301      C0D97495 
 301      E4C4C61A 
 301      70251BB3 
 301      16
 302 0423 8F4FB8E1 		.ascii	"\217O\270\341Z\346\210\207\270\236\035\342\271-\017"
 302      5AE68887 
 302      B89E1DE2 
 302      B92D0F
 303 0432 2F4DC30D 		.ascii	"/M\303\015lld \346=\302M\314)\031\270\220:\215\002\347"
 303      6C6C6420 
 303      E63DC24D 
 303      CC2919B8 
 303      903A8D02 
 304 0447 13372F6D 		.ascii	"\0237/m\314\027\237bC\365\303\333_\270\340\263\314\351"
 304      CC179F62 
 304      43F5C3DB 
 304      5FB8E0B3 
 304      CCE9
 305 0459 7FDDDFEA 		.ascii	"\177\335\337\352Lq\213\211\233~\"7U\313\352K\207w\034"
 305      4C718B89 
 305      9B7E2237 
 305      55CBEA4B 
 305      87771C
 306 046c 2E1C6189 		.ascii	".\034a\211a\342\326\214t\267\250IIyVR\350\227m\301{"
 306      61E2D68C 
 306      74B7A849 
 306      49795652 
 306      E8976DC1 
 307 0481 E43C44F3 		.ascii	"\344<D\363=\320O\254\234\2659\317G\015\356)\024\315"
 307      3DD04FAC 
 307      9CB539CF 
 307      470DEE29 
 307      14CD
 308 0493 F373D879 		.ascii	"\363s\330y{\027\340\275\024~\037\271\213A\004\335S\333"
 308      7B17E0BD 
 308      147E1FB9 
 308      8B4104DD 
 308      53DB
 309 04a5 51A291A3 		.ascii	"Q\242\221\243\273?\204\336\226\221\326\206p'\233\304"
 309      BB3F84DE 
 309      9691D686 
 309      70279BC4 
 310 04b5 D5E87BD7 		.ascii	"\325\350{\3278|\2219G\012\016\324\262%\341Cg\320{\351"
 310      387C9139 
 310      470A0ED4 
 310      B225E143 
 310      67D07BE9 
 311 04c9 AA33EE11 		.ascii	"\2523\356\021\312W\2252\346F\307\276 \356\271\243\311"
 311      CA579532 
 311      E646C7BE 
 311      20EEB9A3 
 311      C9
 312 04da CD3A7C9D 		.ascii	"\315:|\235\215\215\227\337\035\345\360M\346\334o|\314"
ARM GAS  /tmp/ccIcurjf.s 			page 24


 312      8D8D97DF 
 312      1DE5F04D 
 312      E6DC6F7C 
 312      CC
 313 04eb 7314B88E 		.ascii	"s\024\270\216\036\320O\222\373]\260m\262\200\033\023"
 313      1ED04F92 
 313      FB5DB06D 
 313      B2801B13 
 314 04fb 7899F3D0 		.ascii	"x\231\363\320k\312\222\214\210%\371=\255H\357pZ\214"
 314      6BCA928C 
 314      8825F93D 
 314      AD48EF70 
 314      5A8C
 315 050d 9B3047AB 		.ascii	"\2330G\253X\221\347\200\356\241\350\027t\216#\342\034"
 315      5891E780 
 315      EEA1E817 
 315      748E23E2 
 315      1C
 316 051e EB5A6FC5 		.ascii	"\353Zo\305\352\345\350\356\017\241\273^\225\354\325"
 316      EAE5E8EE 
 316      0FA1BB5E 
 316      95ECD5
 317 052d E07B2CC7 		.ascii	"\340{,\307\204\023iE\254\010_\203;\253\362rC)B\363d"
 317      84136945 
 317      AC085F83 
 317      3BABF272 
 317      432942F3 
 318 0542 CF4CB1E1 		.ascii	"\317L\261\341i\345\343b\207\372\252\337\2558~\204o\216"
 318      69E5E362 
 318      87FAAADF 
 318      AD387E84 
 318      6F8E
 319 0554 C354E416 		.ascii	"\303T\344\026\354\3008n\246\264anR\305b\362\251\"\001"
 319      ECC0386E 
 319      A6B4616E 
 319      52C562F2 
 319      A92201
 320 0567 D66D551B 		.ascii	"\326mU\033E\360\200\022|\207\202\027\330\261;$\354S"
 320      45F08012 
 320      7C878217 
 320      D8B13B24 
 320      EC53
 321 0579 25F6C964 		.ascii	"%\366\311d\342hkV\225\232\200_\"w\364J\000\213SF\257"
 321      E2686B56 
 321      959A805F 
 321      2277F44A 
 321      008B5346 
 322 058e 15C48912 		.ascii	"\025\304\211\022\361m%\261M\231\361X\205\246}1\305^"
 322      F16D25B1 
 322      4D99F158 
 322      85A67D31 
 322      C55E
 323 05a0 55627B94 		.ascii	"Ub{\224\330Q;\366\212c\254\224C\262\224\303c\307\223"
 323      D8513BF6 
 323      8A63AC94 
 323      43B294C3 
 323      63C793
ARM GAS  /tmp/ccIcurjf.s 			page 25


 324 05b3 93B03B25 		.ascii	"\223\260;%\3543%vH\201}gO\341\007%\364\206\002\232$"
 324      EC332576 
 324      48817D67 
 324      4FE10725 
 324      F486029A 
 325 05c8 D13E5462 		.ascii	"\321>Tb\037)\247\366\314\316{Y\211\235/Aw\011\333\320"
 325      1F29A7F6 
 325      CCCE7B59 
 325      899D2F41 
 325      7709DBD0 
 326 05dc 47AD425D 		.ascii	"G\255B]0~\201\322\0204\234\231(\231\363D\011\334<\024"
 326      307E81D2 
 326      10349C99 
 326      2899F344 
 326      09DC3C14 
 327 05f0 0BF61ECD 		.ascii	"\013\366\036\315C\343`\333\240\035\017\026\015\226\004"
 327      43E360DB 
 327      A01D0F16 
 327      0D9604
 328 05ff F62FB051 		.ascii	"\366/\260Q\350O\204\357w\360=\006\266\035\3321`\023"
 328      E84F84EF 
 328      77F03D06 
 328      B61DDA31 
 328      6013
 329 0611 D07E03C6 		.ascii	"\320~\003\306C{+\330[4\217\036\3624\301\267\366\004"
 329      437B2BD8 
 329      5B348F1E 
 329      F234C1B7 
 329      F604
 330 0623 AF2B13EC 		.ascii	"\257+\023\354UN\346\275\035\373\243\343\025+\025)S*"
 330      554EE6BD 
 330      1DFBA3E3 
 330      152B1529 
 330      532A
 331 0635 D2B0E3DA 		.ascii	"\322\260\343\332\313x\237\332y/9,\222D\233 \321\366"
 331      CB789FDA 
 331      792F392C 
 331      92449B20 
 331      D1F6
 332 0647 3B5E8212 		.ascii	";^\202\022\366\215\235\365\232\343\231-\260\357\202"
 332      F68D9DF5 
 332      9AE3992D 
 332      B0EF82
 333 0656 ED6C170C 		.ascii	"\355l\027\014\302.x `\305\243P\330^\262l\307\355\274"
 333      C22E7820 
 333      60C5A350 
 333      D85EB26C 
 333      C7EDBC
 334 0669 7D8E970A 		.ascii	"}\216\227\012\303\222\253\254\355I\205\206G\004\243"
 334      C392ABAC 
 334      ED498586 
 334      4704A3
 335 0678 125FB1F6 		.ascii	"\022_\261\366+owUM\237\036y\316\244\270\354*=\340v\002"
 335      2B6F7755 
 335      4D9F1E79 
 335      CEA4B8EC 
 335      2A3DE076 
ARM GAS  /tmp/ccIcurjf.s 			page 26


 336 068d D745E9C2 		.ascii	"\327E\351\302K\302\350\343hy\240\035\260*\376\337+\004"
 336      4BC2E8E3 
 336      6879A01D 
 336      B02AFEDF 
 336      2B04
 337 069f 8EB68947 		.ascii	"\216\266\211G\243I\316\372m\366+7MR:qS8=\275/\3007\200"
 337      A349CEFA 
 337      6DF62B37 
 337      4D523A71 
 337      53383DBD 
 338 06b7 CBAACFB7 		.ascii	"\313\252\317\267rs\363\310%\2763q@\313\307\221\213."
 338      7273F3C8 
 338      25BE3371 
 338      40CBC791 
 338      8B2E
 339 06c9 BDDEB15B 		.ascii	"\275\336\261[\305.n.\240*^u\227\271\312)\311-D\242L"
 339      C52E6E2E 
 339      A02A5E75 
 339      97B9CA29 
 339      C92D44A2 
 340 06de 15285329 		.ascii	"\025(S)\345\236\214\316\\g\\\356D\316Yu~|F\237\013\322"
 340      E59E8CCE 
 340      5C675CEE 
 340      44CE5975 
 340      7E7C469F 
 341 06f4 7A787A6C 		.ascii	"zxzl%\321C1)\360\357\026-\244\347=\312\200\"\244qZ\210"
 341      25D14331 
 341      29F0EF16 
 341      2DA4E73D 
 341      CA8022A4 
 342 070b 4CE73CD0 		.ascii	"L\347<\320\036\316C\225\011\027s\322SH\377[\371\220"
 342      1ECE4395 
 342      091773D2 
 342      5348FF5B 
 342      F990
 343 071d 36DACD61 		.ascii	"6\332\315a\351g\000D\202\200!\037 \327w>\367\214Z\236"
 343      E9670044 
 343      8280211F 
 343      20D7773E 
 343      F78C5A9E 
 344 0731 5BEDA4DC 		.ascii	"[\355\244\3342\205\3342in\355\345{\277\305U,\265;\271"
 344      3285DC32 
 344      696EEDE5 
 344      7BBFC555 
 344      2CB53BB9 
 345 0745 95B506E4 		.ascii	"\225\265\006\344\351\341\241\023\325\366r:\224\3653"
 345      E9E1A113 
 345      D5F6723A 
 345      94F533
 346 0754 B5D11564 		.ascii	"\265\321\025d\200\246F\276\351\177\231\241T\036\317"
 346      80A646BE 
 346      E97F99A1 
 346      541ECF
 347 0763 B6CF231B 		.ascii	"\266\317#\033\346A\206T(\027\346\221\303\321W\331\300"
 347      E6418654 
 347      2817E691 
 347      C3D157D9 
ARM GAS  /tmp/ccIcurjf.s 			page 27


 347      C0
 348 0774 EEE14427 		.ascii	"\356\341D'\235\200N\370O\350\234\224\313Y\354\336\026"
 348      9D804EF8 
 348      4FE89C94 
 348      CB59ECDE 
 348      16
 349 0785 4CDCC747 		.ascii	"L\334\307G\254m.\364\3654\215\336w\342\207\022u\324"
 349      AC6D2EF4 
 349      F5348DDE 
 349      77E28712 
 349      75D4
 350 0797 D5137777 		.ascii	"\325\023wwA\361~\335\224\257\324\375\234\360J\315\347"
 350      41F17EDD 
 350      94AFD4FD 
 350      9CF04ACD 
 350      E7
 351 07a8 84776A6E 		.ascii	"\204wjn\232\223to@t\232y m\345\010\274\200s\027\203"
 351      9A93746F 
 351      40749A79 
 351      206DE508 
 351      BC807317 
 352 07bd E89DE4DA 		.ascii	"\350\235\344\332\223j\265\034\275\357C\350\237R\323"
 352      936AB51C 
 352      BDEF43E8 
 352      9F52D3
 353 07cc 8730AEA5 		.ascii	"\2070\256\245"
 354 07d0 05457CC3 		.ascii	"\005E|\303\301|\015nb\316\376\321\273#\332O\362\371"
 354      C17C0D6E 
 354      62CEFED1 
 354      BB23DA4F 
 354      F2F9
 355 07e2 6EF83BD0 		.ascii	"n\370;\320u\177vt\212\015\370\310U\032\025r\356\350"
 355      757F7674 
 355      8A0DF8C8 
 355      551A1572 
 355      EEE8
 356 07f4 0087C9E5 		.ascii	"\000\207\311\345]F\\D\352\216\212\020\007\273\221\373"
 356      5D465C44 
 356      EA8E8A10 
 356      07BB91FB 
 357 0804 44F68676 		.ascii	"D\366\206v\243oht?\245\244\202]\025]\211\233\374f\270"
 357      A36F6874 
 357      3FA5A482 
 357      5D155D89 
 357      9BFC66B8 
 358 0818 8B5D5474 		.ascii	"\213]Tt\264^\343=-\256SV\244\\\254H\031\253\310\316"
 358      B45EE33D 
 358      2DAE5356 
 358      A45CAC48 
 358      19ABC8CE 
 359 082c CE89CB6E 		.ascii	"\316\211\313n\312\212\224@*\2454\225\203t\216\345\342"
 359      CA8A9440 
 359      2AA53495 
 359      83748EE5 
 359      E2
 360 083d 1C5B6E54 		.ascii	"\034[nT]\342\224\025\231\022\035]\311\373\342.V\203"
 360      5DE29415 
ARM GAS  /tmp/ccIcurjf.s 			page 28


 360      99121D5D 
 360      C9FBE22E 
 360      5683
 361 084f F4B2F467 		.ascii	"\364\262\364gjZ\003\353\215\002^\235\311\307\221;<:"
 361      6A5A03EB 
 361      8D025E9D 
 361      C9C7913B 
 361      3C3A
 362 0861 241400FE 		.ascii	"$\024\000\376;\310x\016K\005\250\240\005\270v$iP+_\330"
 362      3BC8780E 
 362      4B05A8A0 
 362      05B87624 
 362      69502B5F 
 363 0876 8D931676 		.ascii	"\215\223\026v\245\260\260+\351\302~Xw\250\317\015\367"
 363      A5B0B02B 
 363      E9C27E58 
 363      77A8CF0D 
 363      F7
 364 0887 31DD9E33 		.ascii	"1\335\2363\273r\015L\367\215\003\335\216I\272U\222\356"
 364      BB720D4C 
 364      F78D03DD 
 364      8E49BA55 
 364      92EE
 365 0899 11AADBD5 		.ascii	"\021\252\333\325\372\302\217\236\010\266\361\002~\272"
 365      FAC28F9E 
 365      08B6F102 
 365      7EBA
 366 08a7 0B3D0F3A 		.ascii	"\013=\017:\304\363\240\232\233\253\322F}\037e\011\011"
 366      C4F3A09A 
 366      9BABD246 
 366      7D1F6509 
 366      09
 367 08b8 0B325B34 		.ascii	"\0132[4k\276\372\313\034_\225\313\226\220p\313Ro\263"
 367      6BBEFACB 
 367      1C5F95CB 
 367      969070CB 
 367      526FB3
 368 08cb 4567368B 		.ascii	"Eg6\213\315\015\306\340\210\260 \343\337\2426\0317\204"
 368      CD0DC6E0 
 368      88B020E3 
 368      DFA23619 
 368      3784
 369 08dd 841B3705 		.ascii	"\204\0337\005\006z\005D\206\211\337^\341\021\341A^A"
 369      067A0544 
 369      8689DF5E 
 369      E111E141 
 369      5E41
 370 08ef 011B42BC 		.ascii	"\001\033B\274>5/\367\362^\274\344\263\277/5N\0320\206"
 370      3E352FF7 
 370      F25EBCE4 
 370      B3BF2F35 
 370      4E1A3086 
 371 0903 8407866E 		.ascii	"\204\007\206n\331\030d\014\013\010\014\016\011\0172"
 371      D918640C 
 371      0B080C0E 
 371      090F32
 372 0912 9A37067D 		.ascii	"\2327\006}\027\260%\324b\266|\2779(jQ\260\352\257\377"
ARM GAS  /tmp/ccIcurjf.s 			page 29


 372      17B025D4 
 372      62B67CBF 
 372      39286A51 
 372      B0EAAFFF 
 373 0926 33099890 		.ascii	"3\011\230\220\321\034e\331\010\271\003\257\027\350m"
 373      D11C65D9 
 373      08B903AF 
 373      17E86D
 374 0935 08898882 		.ascii	"\010\211\210\202\236\200\015\241A^K\226-\362^\364Oc"
 374      9E800DA1 
 374      415E4B96 
 374      2DF25EF4 
 374      4F63
 375 0947 449431D2 		.ascii	"D\2241\322b\017\011\014&%\000\264{\224\305\034\032\272"
 375      620F090C 
 375      262500B4 
 375      7B94C51C 
 375      1ABA
 376 0959 9180232D 		.ascii	"\221\200#-\346\200PP\360\231\222 8 \324\2709\"\322\022"
 376      E6805050 
 376      F0999220 
 376      3820D4B8 
 376      3922D212 
 377 096d 65F45FEF 		.ascii	"e\364_\357\267\324\333\370\345\227\253\214\353\327\372"
 377      B7D4DBF8 
 377      E597AB8C 
 377      EBD7FA
 378 097c FD630919 		.ascii	"\375c\011\03113&\340\234a\347\214\330\314(\247\213="
 378      313326E0 
 378      9C61E78C 
 378      D8CC28A7 
 378      8B3D
 379 098e 4196C91D 		.ascii	"A\226\311\035\233\304\016M\224emx\210e\301\007\265\243"
 379      9BC40E4D 
 379      94656D78 
 379      8865C107 
 379      B5A3
 380 09a0 220305A5 		.ascii	"\"\003\005\245E\201*}\224\305\237$\275\222\204\273\022"
 380      45812A7D 
 380      94C59F24 
 380      BD9284BB 
 380      12
 381 09b1 2762336D 		.ascii	"'b3m\353\240\035d\021\233k\202\354\010\252\030\002*"
 381      EBA01D64 
 381      119B6B82 
 381      EC08AA18 
 381      022A
 382 09c3 D00E23BF 		.ascii	"\320\016#\277rH\230\331\202}MK\300\274\325\376~\276"
 382      724898D9 
 382      827D4D4B 
 382      C0BCD5FE 
 382      7EBE
 383 09d5 26F5AAB5 		.ascii	"&\365\252\265\253M\234\277\011\257^cr\362\365\3653-"
 383      AB4D9CBF 
 383      09AF5E63 
 383      72F2F5F5 
 383      332D
ARM GAS  /tmp/ccIcurjf.s 			page 30


 384 09e7 A19FDE6A 		.ascii	"\241\237\336j_\337\325&\354\373\325z\274\316\337\027"
 384      5FDFD526 
 384      ECFBD57A 
 384      BCCEDF17 
 385 09f7 AF3499B0 		.ascii	"\2574\231\260\311\027|\010\370|\325z\023^E\"\375V\232"
 385      C9177C08 
 385      F87CD57A 
 385      135E4522 
 385      FD569A
 386 0a0a B83FB1A8 		.ascii	"\270?\261\250\245\200\377\332\264\342\277\250\243=1"
 386      A580FFDA 
 386      B4E2BFA8 
 386      A33D31
 387 0a19 28A393F9 		.ascii	"(\243\223\371\363\210\210Pu`p@\244\213\331\374\335\226"
 387      F3888850 
 387      75607040 
 387      A48BD9FC 
 387      DD96
 388 0a2b F040B379 		.ascii	"\360@\263y\232\330X\264\354\323e\313\345\336\362?\312"
 388      9AD858B4 
 388      ECD365CB 
 388      E5DEF23F 
 388      CA
 389 0a3c BCCF162F 		.ascii	"\274\317\026/\3767HT!1"
 389      FE374854 
 389      2131
 390              		.text
 391              		.section	.gnu.lto_.symtab.e9c6cf052cb63470,"",%progbits
 392 0000 7374496E 		.ascii	"stInit\000\000\000\000\000\000\000\000\000\000\000\000"
 392      69740000 
 392      00000000 
 392      00000000 
 392      0000
 393 0012 C2000000 		.ascii	"\302\000\000\000stStartAlarm\000\000\000\000\000\000"
 393      73745374 
 393      61727441 
 393      6C61726D 
 393      00000000 
 394 0028 00000000 		.ascii	"\000\000\000\000\000\000\304\000\000\000stStopAlarm"
 394      0000C400 
 394      00007374 
 394      53746F70 
 394      416C6172 
 395 003d 00000000 		.ascii	"\000\000\000\000\000\000\000\000\000\000\000\000\306"
 395      00000000 
 395      00000000 
 395      C6
 396 004a 00000073 		.ascii	"\000\000\000stSetAlarm\000\000\000\000\000\000\000\000"
 396      74536574 
 396      416C6172 
 396      6D000000 
 396      00000000 
 397 005f 00000000 		.ascii	"\000\000\000\000\310\000\000\000stGetAlarm\000\000\000"
 397      C8000000 
 397      73744765 
 397      74416C61 
 397      726D0000 
ARM GAS  /tmp/ccIcurjf.s 			page 31


 398 0074 00000000 		.ascii	"\000\000\000\000\000\000\000\000\000\312\000\000\000"
 398      00000000 
 398      00CA0000 
 398      00
 399 0081 73745F6C 		.ascii	"st_lld_init\000\000\002\000\000\000\000\000\000\000"
 399      6C645F69 
 399      6E697400 
 399      00020000 
 399      00000000 
 400 0096 0000CC00 		.ascii	"\000\000\314\000\000\000"
 400      0000
 401              		.text
 402              		.section	.gnu.lto_.opts,"",%progbits
 403 0000 272D666E 		.ascii	"'-fno-trapv' '-fno-strict-overflow' '-mcpu=cortex-m"
 403      6F2D7472 
 403      61707627 
 403      20272D66 
 403      6E6F2D73 
 404 0033 34272027 		.ascii	"4' '-mfloat-abi=hard' '-mfpu=fpv4-sp-d16' '-mno-thu"
 404      2D6D666C 
 404      6F61742D 
 404      6162693D 
 404      68617264 
 405 0066 6D622D69 		.ascii	"mb-interwork' '-mthumb' '-ggdb' '-O0' '-fomit-frame"
 405      6E746572 
 405      776F726B 
 405      2720272D 
 405      6D746875 
 406 0099 2D706F69 		.ascii	"-pointer' '-falign-functions=16' '-ffunction-sectio"
 406      6E746572 
 406      2720272D 
 406      66616C69 
 406      676E2D66 
 407 00cc 6E732720 		.ascii	"ns' '-fdata-sections' '-fno-common' '-flto' '-fsing"
 407      272D6664 
 407      6174612D 
 407      73656374 
 407      696F6E73 
 408 00ff 6C652D70 		.ascii	"le-precision-constant'\000"
 408      72656369 
 408      73696F6E 
 408      2D636F6E 
 408      7374616E 
 409              		.text
 410              		.comm	__gnu_lto_v1,1,1
 411              		.comm	__gnu_lto_slim,1,1
 412              		.ident	"GCC: (GNU Tools for ARM Embedded Processors) 4.9.3 20150529 (release) [ARM/embedded-4_9-br
ARM GAS  /tmp/ccIcurjf.s 			page 32


DEFINED SYMBOLS
                            *ABS*:00000000 hal_st.c
                            *COM*:00000001 __gnu_lto_v1
                            *COM*:00000001 __gnu_lto_slim

NO UNDEFINED SYMBOLS
