ARM GAS  /tmp/ccQHnNyh.s 			page 1


   1              		.syntax unified
   2              		.cpu cortex-m4
   3              		.eabi_attribute 27, 1
   4              		.eabi_attribute 28, 1
   5              		.fpu fpv4-sp-d16
   6              		.eabi_attribute 20, 1
   7              		.eabi_attribute 21, 1
   8              		.eabi_attribute 23, 3
   9              		.eabi_attribute 24, 1
  10              		.eabi_attribute 25, 1
  11              		.eabi_attribute 26, 1
  12              		.eabi_attribute 30, 6
  13              		.eabi_attribute 34, 1
  14              		.eabi_attribute 18, 4
  15              		.thumb
  16              		.file	"hal_lld.c"
  17              		.text
  18              	.Ltext0:
  19              		.section	.gnu.lto_.inline.69a1fd588ef4437e,"",%progbits
  20 0000 789C6366 		.ascii	"x\234cf\300\016|\24143\003\003?\037\003\003\223\324"
  20      C00E7CA1 
  20      34330303 
  20      3F1F0303 
  20      93D4
  21 0012 835B8C0C 		.ascii	"\203[\214\014,\014L 1F\006)\023\240\220\326\203\353"
  21      2C0C4C20 
  21      31460629 
  21      13A090D6 
  21      83EB
  22 0024 4C70212E 		.ascii	"Lp!.\024\202\211\341$\303\011\020\335\307\330\360\224"
  22      148289E1 
  22      24C30910 
  22      DDC7D8F0 
  22      94
  23 0035 03A68801 		.ascii	"\003\246\210\001\000LJ\010@"
  23      004C4A08 
  23      40
  24              		.text
  25              		.section	.gnu.lto_hal_lld_backup_domain_init.69a1fd588ef4437e,"",%progbits
  26 0000 789C9555 		.ascii	"x\234\225UMHTQ\024\276\347\2767\3773Y\255\304\026\005"
  26      4D485451 
  26      14BEE7BE 
  26      37FF3359 
  26      ADC41605 
  27 0014 2EA4C528 		.ascii	".\244\305(Y\2136e\213\250U\020\324^\324\002\205\001"
  27      598B3665 
  27      8BA85510 
  27      D45ED402 
  27      8501
  28 0026 A571E1CE 		.ascii	"\245q\341\316;\316\030BT\242AF\210\266\210\374\311\237"
  28      3BCE1842 
  28      54A24146 
  28      88B688FC 
  28      C99F
  29 0038 34C7FC49 		.ascii	"4\307\374I\237f\376\245\231YDB6\304\010\271\010\306"
  29      9F66FEA5 
  29      99594442 
ARM GAS  /tmp/ccQHnNyh.s 			page 2


  29      36C408B9 
  29      08C6
  30 004a 129A41F3 		.ascii	"\022\232A\363u\356\273\223\243of\252\031x\347\315\275"
  30      75EEBB93 
  30      A36F66AA 
  30      1978E7CD 
  30      BD
  31 005b E77CDF77 		.ascii	"\347|\337w\316\271\347\316H$\376s\024\237\005#!y|a "
  31      CEB9E7CE 
  31      4824FE73 
  31      149F0523 
  31      21797C61 
  32 0070 40093E54 		.ascii	"@\011>T\"\204Q\031\215,\001\276@\006@7\220J*\311P\011"
  32      22845119 
  32      8D2C01BE 
  32      40064037 
  32      904A2AC9 
  33 0086 6B749D42 		.ascii	"kt\235B\255\322\336`\313z\310\030\013}\3510U\247G\020"
  33      ADD2DE60 
  33      CB7AC818 
  33      0B7DE930 
  33      55A74710 
  34 009a FA830A56 		.ascii	"\372\203\012Vx\004Y\004c\326}\277>\330\214>\214\331"
  34      78045904 
  34      63D67DBF 
  34      3ED88C3E 
  34      8CD9
  35 00ac 2F7CD002 		.ascii	"/|\320\002F\244r\240o\240sc\336\366\225F(\034\341\241"
  35      46A472A0 
  35      6FA07363 
  35      DEF69546 
  35      281CE1A1 
  36 00c0 8375D30D 		.ascii	"\203u\323\015F\276D]\\6\325F\0249\363\001cU\201\210"
  36      46BE445D 
  36      5C36D546 
  36      1439F301 
  36      63558188 
  37 00d4 3F7851F1 		.ascii	"?xQ\3615\263mU\205\010\246\206D\320\012\031\320\006"
  37      35B36D55 
  37      8508A686 
  37      44D00A19 
  37      D006
  38 00e6 19D122A0 		.ascii	"\031\321\"\240\0352\367`\330\275;\315\264FQ\325\274"
  38      1D32F760 
  38      D8BD3BCD 
  38      B44651D5 
  38      BC
  39 00f7 2480C71A 		.ascii	"$\200\307\032`y\242\261\336\020\007\220\023\001:R\005"
  39      6079A2B1 
  39      DE100790 
  39      13013A52 
  39      05
  40 0108 74EA526A 		.ascii	"t\352Rj\336\352i9\263S\205!\021\244+U\215n\035@i\333"
  40      DEEA6939 
  40      B3538521 
  40      11A42B55 
  40      8D6E1D40 
ARM GAS  /tmp/ccQHnNyh.s 			page 3


  41 011e AD9110F2 		.ascii	"\255\221\020\362D\227V`\273{ww\023\346\325\243/E\375"
  41      44975660 
  41      BB7B7777 
  41      13E6D5A3 
  41      2F45FD
  42 0131 6729BD7A 		.ascii	"g)\275z\231\031\357\224\275z\232\371\002\252z8\311\231"
  42      9919EF94 
  42      BD7A9AF9 
  42      02AA7A38 
  42      C999
  43 0143 3C4DF510 		.ascii	"<M\365\020\373R\355\227?U@?dv\035T\230\252\366\366\257"
  43      FB52ED97 
  43      3F55403F 
  43      64761D54 
  43      98AAF6F6 
  44 0158 84730FEC 		.ascii	"\204s\017\354\003\202\251Pn$4\262\314\215\001\215\301"
  44      0382A950 
  44      6E2434B2 
  44      CC8D018D 
  44      C1
  45 0169 C8BF99B8 		.ascii	"\310\277\231\2701\363\245\205\033+\217\263qc\347\016"
  45      31F3A585 
  45      1B2B8FB3 
  45      7163E70E 
  46 0179 07378404 		.ascii	"\0077\204\004\265+\262J\361%-CU(4|\210_\212\237xY(x"
  46      B52BB24A 
  46      F1252D43 
  46      5528347C 
  46      885F8A9F 
  47 0191 DF2E9DE5 		.ascii	"\337.\235\345w@b\001\017\223\011<\303T0\250LD\320\350"
  47      77406201 
  47      0F93093C 
  47      C35430A8 
  47      4C44D0E8 
  48 01a5 7ADC0F62 		.ascii	"z\334\017bCB\310\347\340\302\242Y\303\020~o\372\302"
  48      4342C8E7 
  48      E0C2A259 
  48      C3107E6F 
  48      FAC2
  49 01b7 4DDF1C8D 		.ascii	"M\337\034\215p\037\017FC\014\360bp?8w\303ov\2663\237"
  49      701F0F46 
  49      430CF062 
  49      703F3877 
  49      C36F76B6 
  50 01cd C71CA126 		.ascii	"\307\034\241&\030\204F\370\256e\002C\340DN\357\206Q"
  50      188446F8 
  50      AE650243 
  50      E0444EEF 
  50      8651
  51 01df 70CA8276 		.ascii	"p\312\202vh\256\265\213rZ\231a[\206\205n\235\246\033"
  51      68AEB58B 
  51      725A9961 
  51      5B86856E 
  51      9DA61B
  52 01f2 A702C954 		.ascii	"\247\002\311T\236\307TF\300\211\334\274\230P\355i\241"
  52      9EC75446 
  52      C089DCBC 
ARM GAS  /tmp/ccQHnNyh.s 			page 4


  52      9850ED69 
  52      A1
  53 0203 64404078 		.ascii	"d@@x\350\323\222\314e\014,T\303+\036\335[\241qw\205"
  53      E8D392CC 
  53      650C2C54 
  53      C32B1EDD 
  53      5BA17177 
  54 0218 067D8566 		.ascii	"\006}\205f$\001E\257\015\\zL\223\326~\265\306E\201\341"
  54      240145AF 
  54      0D5C7A4C 
  54      93D67EB5 
  54      C64581E1 
  55 022c EBEFA820 		.ascii	"\353\357\250 5\011\336\311\265\221[vQ\242\221\300\013"
  55      3509DEC9 
  55      B5915B76 
  55      51A291C0 
  55      0B
  56 023d A4790FBE 		.ascii	"\244y\017\276\217\336\214h\020F\334\016-\336\264\210"
  56      8FDE8C68 
  56      1046DC0E 
  56      2DDEB488 
  57 024d 084C6D22 		.ascii	"\010Lm\":\027\253\274\325\332\331u\217\246\213`\363"
  57      3A17ABBC 
  57      D5DAD975 
  57      8FA68B60 
  57      F3
  58 025e 9FBC4381 		.ascii	"\237\274C\2014]\213<\214)\351Z\252\346$\251\276\214"
  58      345D8B3C 
  58      8C29E95A 
  58      AAE624A9 
  58      BE8C
  59 0270 A53A094E 		.ascii	"\245:\011Nt\317\372\347\267\034\\\326\304\270\356\224"
  59      74CFFAE7 
  59      B71C5CD6 
  59      C4B8EE94 
  60 0280 1882D09B 		.ascii	"\030\202\320\233<!f\371\0371K\022\261\351\230\330\214"
  60      3C2166F9 
  60      1F314B12 
  60      B1E998D8 
  60      8C
  61 0291 26B6D35D 		.ascii	"&\266\323]\023n\315j%\256\3629\025\303\031\034\223\204"
  61      136ECD6A 
  61      25AEF239 
  61      15C3191C 
  61      9384
  62 02a3 A855378B 		.ascii	"\250U7\2136\375,\332\343\306\302\226l,^i9h\177\007s"
  62      36FD2CDA 
  62      E3C6C296 
  62      6C2C5E69 
  62      39687F07 
  63 02b8 D1B3890E 		.ascii	"\321\263\211\016\237C\360\324o\366\257Y\265\276\253"
  63      9F43F0D4 
  63      6FF6AF59 
  63      B5BEAB
  64 02c7 9BAA9A46 		.ascii	"\233\252\232F`\376\257\363gM&\364:&\264\300\347\317"
  64      60FEAFF3 
  64      674D26F4 
ARM GAS  /tmp/ccQHnNyh.s 			page 5


  64      3A26B4C0 
  64      E7CF
  65 02d9 4156C0A3 		.ascii	"AV\300\243\334=\317Y\370I\006y#\320}\252\250\270\244"
  65      DC3DCF59 
  65      F8490679 
  65      23D07DAA 
  65      A8B8A4
  66 02ec B0A4D49D 		.ascii	"\260\244\324\235\357./(t]u\036;\231\235\233]\221S\352"
  66      EF2E2F28 
  66      745D751E 
  66      3B999D9B 
  66      5D9153EA 
  67 0300 CE292E70 		.ascii	"\316).p\345\224\225^+w\347\\\272|\341x\256\260\347N"
  67      E594955E 
  67      2B77E75C 
  67      BA7CE178 
  67      AEB0E74E 
  68 0314 5454704F 		.ascii	"TTpO\276\313u%\273\210\374\006V\266f0"
  68      BECB7525 
  68      BB88FC06 
  68      56B66630 
  69              		.text
  70              		.section	.gnu.lto_hal_lld_init.69a1fd588ef4437e,"",%progbits
  71 0000 789C9557 		.ascii	"x\234\225W]L\024W\024\276\347\316\017\013\353\362/\254"
  71      5D4C1457 
  71      14BEE7CE 
  71      0F0BEBF2 
  71      2FAC
  72 0012 DBC436E1 		.ascii	"\333\3046\341\201\247\005\261}\360\245\261O>h\2324i"
  72      81A705B1 
  72      7DF0A5B1 
  72      4F3E689A 
  72      3469
  73 0024 DF8DDA26 		.ascii	"\337\215\332&\232l\002)\306\360b\034aU\2226\006\321"
  73      9A6C0229 
  73      C6F0621C 
  73      61559236 
  73      06D1
  74 0036 541A8362 		.ascii	"T\032\203b[\323\012-\242V\374\253v\265\250\250P\264"
  74      5BD30A2D 
  74      A256FCAB 
  74      76B5A8A8 
  74      50B4
  75 0048 B4B5A222 		.ascii	"\264\265\242\"\225\305j\353\317\"\264e+8\336sg\351\354"
  75      95C56AEB 
  75      CF22B465 
  75      2B38DE73 
  75      67E9EC
  76 005b CEEC5D72 		.ascii	"\316\354]r7\331\263{\346\236\357\373\3169\367\314\334"
  76      37D9B37B 
  76      E69EEFFB 
  76      CE39F7CC 
  76      DC
  77 006c 5D85B85F 		.ascii	"]\205\270_e\354\335\345#d\005:\032\001J\330\033\024"
  77      65ECDDE5 
  77      2364053A 
  77      1A014AD8 
ARM GAS  /tmp/ccQHnNyh.s 			page 6


  77      1B14
  78 007e 66155099 		.ascii	"f\025P\231U\001\330\002\220MTQa\023<\244\343\024\232"
  78      5501D802 
  78      904D5451 
  78      61133CA4 
  78      E3149A
  79 0091 221D2DDE 		.ascii	"\"\035-\336\362\003\206a\304>;\343\337\342\2173\320"
  79      F2038661 
  79      C43E3BE3 
  79      DFE28F33 
  79      D0
  80 00a2 04B5F8E0 		.ascii	"\004\265\370\340K(',f<<s\303\253\207YL\276\265\006_"
  80      4B28272C 
  80      663C3C73 
  80      C3AB8759 
  80      4CBEB506 
  81 00b7 81CEA816 		.ascii	"\201\316\250\026\262\265\223\235\223\375\336\0074N\341"
  81      B2B5939D 
  81      93FDDE07 
  81      344EE1
  82 00c6 350C3DD5 		.ascii	"5\014=\325\334\333\242\243KUt\3675\305#j\331~\303\250"
  82      DCDBA2A3 
  82      4B5574F7 
  82      35C5236A 
  82      D97EC3A8 
  83 00da 1F991A8D 		.ascii	"\037\231\032\215\276\023\011\267\031/L\023\342TA\"8"
  83      BE1309B7 
  83      192F4C13 
  83      E2544122 
  83      38
  84 00eb 08016887 		.ascii	"\010\001h\207@\"}\350\200\262\024\214\361\351\2566\332"
  84      40227DE8 
  84      80B2148C 
  84      F1E9AE36 
  84      DA
  85 00fc 1831CDA5 		.ascii	"\0301\315\245\002\300\327\0340\324\323\272Ss\001\324"
  85      02C0D71C 
  85      30D4D3BA 
  85      537301D4 
  86 010c 74806F64 		.ascii	"t\200od\001\235\262)\035r\000\332\376\373|\253\326k"
  86      019DB229 
  86      1D7200DA 
  86      FEFB7CAB 
  86      D66B
  87 011e 84474CF3 		.ascii	"\204GL\363U\001\244\213C\372\366GO\370\224\267\000\333"
  87      5501A48B 
  87      43FAF647 
  87      4FF894B7 
  87      00DB
  88 0130 76EFECC4 		.ascii	"v\357\354\304S\237;A8\014J\032\374\021\331\034\217\312"
  88      539F3B41 
  88      380C4A1A 
  88      FC11D91C 
  88      8FCA
  89 0142 02BE7516 		.ascii	"\002\276u\0265=gQ\307d5\272e\267\346\270,\340\204lJ"
  89      353D6751 
  89      C76435BA 
ARM GAS  /tmp/ccQHnNyh.s 			page 7


  89      65B7E6B8 
  89      2CE0846C 
  90 0157 279D65CF 		.ascii	"'\235e\317\314Y\366)\01698\334\267\233*\313\370^\016"
  90      CC59F629 
  90      0E3938DC 
  90      B79B2ACB 
  90      F85E0E
  91 016a B474F4EB 		.ascii	"\264t\364\353i\366\362t\332\275\374N6\3073\262\200\263"
  91      69F6F274 
  91      DABDFC4E 
  91      36C733B2 
  91      80B3
  92 017c CEA21A0F 		.ascii	"\316\242\032\017\314U\324\367\262\032\021\331\2559'"
  92      CC55D4F7 
  92      B21A11D9 
  92      AD3927
  93 018b 0B382F9B 		.ascii	"\0138/\233\322\017\262\200\036\331\224.\310\002.\312"
  93      D20FB280 
  93      1ED9942E 
  93      C8022ECA 
  94 019b A6744916 		.ascii	"\246tI\026\320+\233\322eY\300\025(;T\0301L\363\350\337"
  94      D02B9BD2 
  94      6559C015 
  94      283B5418 
  94      314CF3E8 
  95 01b0 3BB695B7 		.ascii	";\266\225\267\323W\200\260\\(\032\205\031UE\243\241"
  95      D35780B0 
  95      5C281A85 
  95      195545A3 
  95      A1
  96 01c1 ABA3C942 		.ascii	"\253\243\311B\327\203\337\262\321\344\240\361\242\231"
  96      D783DFB2 
  96      D1E4A0F1 
  96      A299
  97 01cf 870B3E34 		.ascii	"\207\013>4\271\350\346\241\311G\267\000\277\025\242"
  97      B9E8E6A1 
  97      C947B700 
  97      BF15A2
  98 01de 2942538C 		.ascii	")BS\214f>.\224\240)E\327\217f\001\272\0014\204D\371"
  98      663E2E94 
  98      A02945D7 
  98      8F6601BA 
  98      01348444 
  99 01f3 F93546D9 		.ascii	"\3715F\331\2072\004\365\261\256\351*<\261\376e'\031"
  99      873204F5 
  99      B1AEE92A 
  99      3CB1FE65 
  99      2719
 100 0205 85A9D377 		.ascii	"\205\251\323w\006U<\241\024#\326h\250\004\256\262jX"
 100      06553CA1 
 100      1423D668 
 100      A804AEB2 
 100      6A58
 101 0217 548D1542 		.ascii	"T\215\025B\023\376\371n\260.(\014s7:p\335\3031\004o"
 101      13FEF96E 
 101      B02E280C 
 101      73373A70 
ARM GAS  /tmp/ccQHnNyh.s 			page 8


 101      DDC33104 
 102 022c E96353FB 		.ascii	"\351cS\373\036\373Za\017;\3074D\364a?\330\365h\337G"
 102      1EFB5A61 
 102      0F3BC734 
 102      44F4613F 
 102      D8F568DF 
 103 0241 DD9E6087 		.ascii	"\335\236`\207\021\336\354\211S\035\372\241\025\236\361"
 103      11DEEC89 
 103      531DFAA1 
 103      159EF1
 104 0250 54E04708 		.ascii	"T\340G\0102\316\206I\335\342T-\332\206\035\355\315\200"
 104      32CE8649 
 104      DDE2542D 
 104      DA861DED 
 104      CD80
 105 0262 B4AA316D 		.ascii	"\264\2521m\232y\004\006,\351f.\355\022\002\221\3205"
 105      9A790406 
 105      2CE9662E 
 105      ED120291 
 105      D035
 106 0274 5BE83A04 		.ascii	"[\350:\004\031}R=\332l=5i957' \345O6\345 \004\223[\240"
 106      197D523D 
 106      DA6C3D35 
 106      69393537 
 106      2720E54F 
 107 028f B34B3F5B 		.ascii	"\263K?[-\2135\315$\232\244;\273\226\345R\322E\331\377"
 107      2D8B35CD 
 107      249AA43B 
 107      BB96E552 
 107      D245D9FF 
 108 02a3 C2A5F82F 		.ascii	"\302\245\370/\223_y\233fS\367dN\335#\"\274a\023\376"
 108      935F799B 
 108      6653F764 
 108      4EDD2322 
 108      BC6113FE 
 109 02b7 66E5BE27 		.ascii	"f\345\276'\376E6\357\263i\362>\337L\331\362\354\314"
 109      FE4536EF 
 109      B369F23E 
 109      DF4CD9F2 
 109      ECCC
 110 02c9 3AD98216 		.ascii	":\331\202\026\015\3312\267 h\367\344E\242\0059\216\311"
 110      0DD932B7 
 110      2068F7E4 
 110      45A20539 
 110      8EC9
 111 02db F23A7B34 		.ascii	"\362:{4\317%\345\025\225t\233k\361\237^wRG\311g\361"
 111      CF25E515 
 111      95749B6B 
 111      F19F5E77 
 111      5247C967 
 112 02f0 4C7EFCE8 		.ascii	"L~\374\350\037\375\377\022s\011\014g\034\245\034\221"
 112      1FFDFF12 
 112      73090C67 
 112      1CA51C91 
 113 0300 D05D5B68 		.ascii	"\320][h\004G\311\227T@n\346>\345\012\372\364\273My/"
 113      0447C997 
 113      54406EE6 
ARM GAS  /tmp/ccQHnNyh.s 			page 9


 113      3EE50AFA 
 113      F4BB4D79 
 114 0315 A94FD766 		.ascii	"\251O\327f\373\224\347\354K\276\213:O\224\356(\347V"
 114      FB94E7EC 
 114      4BBE8B3A 
 114      4F94EE28 
 114      E756
 115 0327 903B9A32 		.ascii	"\220;\2322;\005\231s-\020\021\216\331\204\367Y\262\251"
 115      3B059973 
 115      2D10118E 
 115      D984F759 
 115      B2A9
 116 0339 83529899 		.ascii	"\203R\230\231\264P\320\200?l\316\007\311\203\322C-\332"
 116      B450D080 
 116      3F6CCE07 
 116      C983D243 
 116      2DDA
 117 034b 22C7A014 		.ascii	"\"\307\240\024;\0332\337%U,\312\377!\327RQ\353\317\324"
 117      3B1B32DF 
 117      25552CCA 
 117      FF21D752 
 117      51EBCFD4 
 118 035f 4129B178 		.ascii	"A)\261x.\327\217\216y\255g\016{\001\201\2772\016J\221"
 118      2ED78F8E 
 118      79AD670E 
 118      7B0181BF 
 118      320E4A91 
 119 0373 48E8912D 		.ascii	"H\350\221-\364\030\007\245\204?q\025\353\211\233(\244"
 119      F41807A5 
 119      843F7115 
 119      EB899B28 
 119      A4
 120 0384 D45198DF 		.ascii	"\324Q\230\337Y\330\002\227\236_\244\367\204\353i\250"
 120      59D80297 
 120      9E5FA4F7 
 120      84EB69A8 
 121 0394 F734B5B0 		.ascii	"\3674\265\260\000\343\231\243\212R\021k\314f\035\307"
 121      00E399A3 
 121      8A52116B 
 121      CC661DC7 
 122 03a4 2A02BC0A 		.ascii	"*\002\274\012V\225r\033\032\"\237\344 \033\302\366\016"
 122      5695721B 
 122      1A229FE4 
 122      201BC2F6 
 122      0E
 123 03b5 6EEFA41B 		.ascii	"n\357\244\033\237\033\215\006\203eM\340]\017\317`#;"
 123      9F1B8D06 
 123      83654DE0 
 123      5D0FCF60 
 123      233B
 124 03c7 6E3C0423 		.ascii	"n<\004#\367\012#\361?\330DRd\2670\022\377\247M&\"\207"
 124      F70A23F1 
 124      3FD84452 
 124      64B73012 
 124      FFA74D26 
 125 03dd 61736470 		.ascii	"asdp9\217$x\2361=F\364\346\232\265\353V\257\253\256"
 125      398F2478 
ARM GAS  /tmp/ccQHnNyh.s 			page 10


 125      9E313D46 
 125      F4E69AB5 
 125      EB56AFAB 
 126 03f2 5D59BB7E 		.ascii	"]Y\273~\325\352\320\007\301\252%\025\213+\352*\253k"
 126      D5EAD007 
 126      C1AA2515 
 126      8B2BEA2A 
 126      AB6B
 127 0404 2BD7AE0A 		.ascii	"+\327\256\012U\326T\177\270\276\266\362\335\367\336"
 127      55D6547F 
 127      B8BEB6F2 
 127      DDF7DE
 128 0413 7E7DB165 		.ascii	"~}\261e\227\275QW\207++C\241\367+\326\020mCu\250b\021"
 128      97BD5157 
 128      872B2B43 
 128      A1F72BD6 
 128      106D4375 
 129 042a B7552F01 		.ascii	"\267U/\001\267\367\243Z"
 129      B7F7A35A 
 130              		.text
 131              		.section	.gnu.lto_stm32_clock_init.69a1fd588ef4437e,"",%progbits
 132 0000 789C955A 		.ascii	"x\234\225ZkP\024W\026\356\333\363d\206\031\336\210D"
 132      6B501457 
 132      16EEDBF3 
 132      648619DE 
 132      8844
 133 0012 A306231A 		.ascii	"\243\006#\032\003D\324\370\210\006\215\257\375\263U"
 133      0344D4F8 
 133      88068DAF 
 133      FDB355
 134 0021 5BB55BF9 		.ascii	"[\265[\371\233\212&[I\225U\246\326\374\360_\232\247"
 134      9B8A265B 
 134      499555A6 
 134      D6FCF05F 
 134      9AA7
 135 0033 BA715D82 		.ascii	"\272q]\202\2175Q\"qE!\210\020|$h\214\243(\217\250\240"
 135      8F355122 
 135      71452188 
 135      107C2468 
 135      8CA3288F 
 136 0049 F8E01150 		.ascii	"\370\340\021P\326\314\254\020\305\000\242\200\212\263"
 136      D6CCAC10 
 136      C500A280 
 136      8AB3
 137 0057 F7DCDB4D 		.ascii	"\367\334\333M\317\334\236\246\367R\345\231\276\267\357"
 137      CFDC9EA6 
 137      F752E599 
 137      BEB7EF
 138 0066 39E73BDF 		.ascii	"9\347;\3379\367\364\235\036M\202\366\317\216\004\241"
 138      39F7F49D 
 138      1E4D82F6 
 138      CF8E04A1 
 139 0076 7A9A2064 		.ascii	"z\232 d\300`\202\200D\001\377C&,M\"\226\222h\306\302"
 139      C0608280 
 139      4401FF43 
 139      262C4D22 
 139      969268C6 
ARM GAS  /tmp/ccQHnNyh.s 			page 11


 140 008b 6C46163C 		.ascii	"lF\026<c\021-0c\205\031+\262\341\031\233h\203\031;\314"
 140      63112D30 
 140      6385192B 
 140      B2E1199B 
 140      6883193B 
 141 00a0 D851189E 		.ascii	"\330Q\030\236\011\023\303`\306\0013\016\344\3043N\321"
 141      0913C360 
 141      C601330E 
 141      E4C4334E 
 141      D1
 142 00b1 0933E130 		.ascii	"\0113\3410\023\216\\x\306%\272`\306\0153n1\002\256\243"
 142      138E5C78 
 142      C625BA60 
 142      C60D336E 
 142      3102AEA3 
 143 00c5 E03A428C 		.ascii	"\340:B\214\034\273\216D\321xe\024\221\321(\006\313\030"
 143      1CBB8E44 
 143      D1786514 
 143      91D12806 
 143      CB18
 144 00d7 3106EEC6 		.ascii	"1\006\356\306\302\335X\024\207g\342P<\226\361\010\207"
 144      C2DD5814 
 144      8767E250 
 144      3C96F108 
 144      87
 145 00e8 2020E133 		.ascii	"  \3413\321d\266Xm\3660\2073\334\345\216\210\214\212"
 145      D164B658 
 145      6DF63087 
 145      33DCE58E 
 145      888C8A
 146 00fb 8E898D8B 		.ascii	"\216\211\215\213G\237\331M4R\013\375\260\321\2170\372"
 146      479FD94D 
 146      34520BFD 
 146      B0D18F30 
 146      FA
 147 010c E1A41F2E 		.ascii	"\341\244\037.\372\021C?z\304~\021\345{\312\3668\223"
 147      FA11433F 
 147      7AC47E11 
 147      E57BCAF6 
 147      3893
 148 011e 8B2549EA 		.ascii	"\213%I\352;\320\222\220\2330\202\231y$\322\005\3500"
 148      3BD09290 
 148      9B308299 
 148      7924D205 
 148      E830
 149 0130 4A16F09A 		.ascii	"J\026\360\232\376\234\321\026\2475\007\257\211\244\367"
 149      FE9CD116 
 149      A73507AF 
 149      89A4F7
 150 013f 5009B262 		.ascii	"P\011\262b4\227\340f\365\321\301+\316nqDDSax\252\240"
 150      3497E066 
 150      F5D1C12B 
 150      CE6E7144 
 150      44536178 
 151 0155 7E8F1586 		.ascii	"~\217\025\206\230Q<\334\237?\3421'}#IYE\015\305y\226"
 151      98513CDC 
 151      9F3FE231 
ARM GAS  /tmp/ccQHnNyh.s 			page 12


 151      277D2349 
 151      59450DC5 
 152 016b 7A29A7CB 		.ascii	"z)\247\313\357\2372\2029\307\206P)JD\337\242D9G\250"
 152      EF9F3282 
 152      39C78650 
 152      294A44DF 
 152      A2443947 
 153 0180 0C2505AB 		.ascii	"\014%\005\2534\006\252\230C\251\034aT\272:}\265\341"
 153      3406AA98 
 153      43A91C61 
 153      54BA3A7D 
 153      B5E1
 154 0192 B9E3BB29 		.ascii	"\271\343\273)gt\244/w\026\211[<~\177\206\216\302Q\242"
 154      6774A42F 
 154      7716895B 
 154      3C7E7F86 
 154      8EC251A2 
 155 01a6 D07EA170 		.ascii	"\320~\241p\207E\243`\011\245P\301\253P\311\206q\333"
 155      8745A360 
 155      09A550C1 
 155      AB50C986 
 155      71DB
 156 01b8 576714C6 		.ascii	"Wg\024\306w\274N\252\030\005\317\221\252\222e9E\322"
 156      77BC4EAA 
 156      1805CF91 
 156      AA926539 
 156      45D2
 157 01ca 0BBF1FE9 		.ascii	"\013\277\037\351\250\034cq=(6\304u\234\227\336\023\274"
 157      A81C6371 
 157      3D2836C4 
 157      759C97DE 
 157      13BC
 158 01dc 819CE455 		.ascii	"\201\234\344U\370\236-\254^\303Z\374\2017\212j^P\247"
 158      F89E2DAC 
 158      5EC35AFC 
 158      81378A6A 
 158      5E50A7
 159 01ef 586E1F5E 		.ascii	"Xn\037^4\344\3664\257\223\037\331\234\227\033\346\374"
 159      34E4F634 
 159      AF931FD9 
 159      9C971BE6 
 159      FC
 160 0200 0C8BEBA9 		.ascii	"\014\213\353\251\361\226\372\211\227\255\263\274\201"
 160      F196FA89 
 160      97ADB3BC 
 160      81
 161 020d 787815CE 		.ascii	"xx\025\316\261a<\273\350\373\223g,\364\220\250\316\263"
 161      B1613CBB 
 161      E8FB9367 
 161      2CF490A8 
 161      CEB3
 162 021f 3ADBEE19 		.ascii	":\333\356\031\206^\303\033\372\005\336H.\362*\324\262"
 162      865EC31B 
 162      FA05DE48 
 162      2EF22AD4 
 162      B2
 163 0230 616CAF33 		.ascii	"al\2573\254\254:^'\365le\225\031VV\003\213k\337fC\\"
ARM GAS  /tmp/ccQHnNyh.s 			page 13


 163      ACAC3A5E 
 163      27F56C65 
 163      95195656 
 163      038B6BDF 
 164 0247 3FF3D27B 		.ascii	"?\363\322{\2117\220\313\274\012W\3300\012\215\351m\344"
 164      893790CB 
 164      BC0A57D8 
 164      300A8DE9 
 164      6DE4
 165 0259 75D2C4DF 		.ascii	"u\322\304\337\254\257\262\270\312\352\014+\376\032\253"
 165      ACAFB2B8 
 165      CAEA0C2B 
 165      FE1AAB
 166 0268 536E5CF1 		.ascii	"Sn\\\361\315\274)\271\316\033\374\015^\205\233l\030"
 166      CDBC29B9 
 166      CE1BFC0D 
 166      5E859B6C 
 166      18
 167 0279 D5412909 		.ascii	"\325A)\011yt\270\305\353\244\205?%\255,\256\266{\206"
 167      7974B8C5 
 167      EBA4853F 
 167      25AD2CAE 
 167      B67B86
 168 028c A5D2C68B 		.ascii	"\245\322\306\213\253\235\037\327/\232F\327`X*\035\254"
 168      AB9D1FD7 
 168      2F9A46D7 
 168      60582A1D 
 168      AC
 169 029d 4E774360 		.ascii	"NwC`,\326P:\235\274\261\334f\234x:\003c\261\205R\271"
 169      2CD6503A 
 169      9DBCB1DC 
 169      669C783A 
 169      0363B185 
 170 02b3 C3EBA38B 		.ascii	"\303\353\243\213\015\244\247!\260\346\355\241t\376\303"
 170      0DA4A721 
 170      B0E6EDA1 
 170      74FEC3
 171 02c2 9E20EE97 		.ascii	"\236 \356\227\006\234 B\252\334e\335</5\314\375\257"
 171      069C2042 
 171      AADC65DD 
 171      3C2F35CC 
 171      FDAF
 172 02d4 BC5BCBCB 		.ascii	"\274[\313\313\033\274\217W\341\277l\030\243\015\206"
 172      1BBC8F57 
 172      E1BF6C18 
 172      A30D86
 173 02e3 61DCE375 		.ascii	"a\334\343u\322\315\177L\351\321\224\360}\257Q\011\377"
 173      D2CD7F4C 
 173      E9D194F0 
 173      7DAF5109 
 173      FF
 174 02f4 C64BEF7D 		.ascii	"\306K\357}\336@\036\360*\364\362Bz\310\253\360;/\244"
 174      DE401EF0 
 174      2AF4F242 
 174      7AC8ABF0 
 174      3B2FA4
 175 0307 3E5E857E 		.ascii	">^\205~^H\003\274\012\217x!\015\362*<FI\025\321\036"
ARM GAS  /tmp/ccQHnNyh.s 			page 14


 175      5E4803BC 
 175      0A8F7821 
 175      0DF22A3C 
 175      464915D1 
 176 031c C9EF3FD6 		.ascii	"\311\357?\326\331\274yA\253\370\007$`,\"\026f\023\\"
 176      D9BC7941 
 176      ABF80724 
 176      602C2216 
 176      66135C
 177 032f 994158B0 		.ascii	"\231AX\260\260XA\330`h\207\2530\020\016\030:A\204\303"
 177      B05841D8 
 177      606887AB 
 177      30100E18 
 177      3A4184C3 
 178 0343 D005C20D 		.ascii	"\320\005\302\015\303\010\020\2210\214\202\253h\270\212"
 178      C3081091 
 178      308C82AB 
 178      68B88A
 179 0352 01110BC3 		.ascii	"\001\021\013\3038\020\3610\234\000\"\001\206\023A$\202"
 179      3810F130 
 179      9C002201 
 179      86134124 
 179      82
 180 0363 7809E626 		.ascii	"x\011\346&\201\230\014\303\227\341j\012\210\2510\234"
 180      81980CC3 
 180      97E16A0A 
 180      88A9309C 
 181 0373 06E21518 		.ascii	"\006\342\025\030&\201\230\016\303W\341j\006\210d\030"
 181      2681980E 
 181      C357E16A 
 181      06886418 
 182 0383 CE04310B 		.ascii	"\316\0041\013\304k07\033\304\353\020Q\012\\\245\202"
 182      C46B3037 
 182      1BC4EB10 
 182      510A5CA5 
 182      82
 183 0394 4883BB6F 		.ascii	"H\203\273o\300\325\034\020\3510\234\213\205u\036\014"
 183      C0D51C10 
 183      E9309C8B 
 183      85751E0C 
 184 03a4 E763617B 		.ascii	"\347ca{\023\256\026`a_\010b\021,Y\014\342-\270\261\004"
 184      13AE1660 
 184      615F0862 
 184      112C590C 
 184      E22DB8B1 
 185 03b9 C45218BE 		.ascii	"\304R\030\276\015W\031 \226\301p9\210w`\270\002\304"
 185      0D571920 
 185      96C17039 
 185      887760B8 
 185      02C4
 186 03cb 4A18AE02 		.ascii	"J\030\256\002\261\032\206k@\010\202\227\274i\360\211"
 186      B11A866B 
 186      40088297 
 186      BC69F089 
 187 03db F8C3D48E 		.ascii	"\370\303\324\216\262\372\372\274k\341\335\302\220\210"
 187      B2FAFABC 
 187      6BE1DDC2 
ARM GAS  /tmp/ccQHnNyh.s 			page 15


 187      9088
 188 03e9 70F6864F 		.ascii	"p\366\206Ow^7\303\253\004\223\324\267E2\013\350\011"
 188      775E37C3 
 188      AB0493D4 
 188      B745320B 
 188      E809
 189 03fb 4E573B3A 		.ascii	"NW;:\337W\024\013\213\360\212;\336\246kv\262B\200\227"
 189      DF57140B 
 189      8BF08A3B 
 189      DEA66B76 
 189      B2428097 
 190 040f 0D2786F7 		.ascii	"\015'\206\367\367\272\012\321\336LI\362XG\3040l\006"
 190      F7BA0AD1 
 190      DE4C49F2 
 190      5847C430 
 190      6C06
 191 0421 0D418AF1 		.ascii	"\015A\212\361=\357\345\317O\332S\312\244\034\334\033"
 191      3DEFE5CF 
 191      4FDA53CA 
 191      A41CDC1B 
 192 0431 1C681815 		.ascii	"\034h\030\025\242\001\342\033\215\240\024|\273\240\251"
 192      A201E21B 
 192      8DA0147C 
 192      BBA0A9
 193 0440 A2C30596 		.ascii	"\242\303\005\226\034\022\376C\002zJ|e\365\345\337\023"
 193      1C12FE43 
 193      027A4A7C 
 193      65F5E5DF 
 193      13
 194 0451 29227859 		.ascii	")\"xY\222\335|}%,2K]\231\000\350\231\014\250\313\305"
 194      92DD7C7D 
 194      252C324B 
 194      5D9900E8 
 194      990CA8CB 
 195 0466 02328702 		.ascii	"\0022\207\002\344\304V\320\363\220\200F\011 \362\206"
 195      E4C456D0 
 195      F3908046 
 195      0920F286 
 196 0476 E70501F4 		.ascii	"\347\005\001\364\264\177\344\262E\006d\022\220_\206"
 196      B47FE4B2 
 196      45066412 
 196      905F86
 197 0485 D3F7B0CA 		.ascii	"\323\367\260\312D\361\230d:\262>\241c\263B\317ID',\001"
 197      44F19864 
 197      3AB23EA1 
 197      63B342CF 
 197      4944272C 
 198 049a 001061C3 		.ascii	"\000\020a\303\254e#\323\016\336%\021\274\2237;\231b"
 198      AC6523D3 
 198      0EDE2511 
 198      BC93373B 
 198      9962
 199 04ac 0A36923D 		.ascii	"\0126\222=h\245Fd;u\205\335U$\025\026LM\226H\374\024"
 199      68A54664 
 199      3B7585DD 
 199      55241516 
 199      4C4D9648 
ARM GAS  /tmp/ccQHnNyh.s 			page 16


 200 04c2 2039E860 		.ascii	" 9\350`'&='\331\252\223\0341e\010\336\257\341\314\233"
 200      27263D27 
 200      D9AA931C 
 200      316508DE 
 200      AFE1CC9B 
 201 04d6 E4CC57FE 		.ascii	"\344\314W\376> \007fc\003\261k|\330t\322\232\253\272"
 201      3E200766 
 201      6303B16B 
 201      7CD874D2 
 201      9AABBA
 202 04e9 C8A3710C 		.ascii	"\310\243q\014\347y\345\374\205QC_\265\370\006M$\022"
 202      E779E5FC 
 202      8551435F 
 202      B5F8064D 
 202      2412
 203 04fb DC0336E3 		.ascii	"\334\0036\343Hn\242\234\326\354\277\312k\360\202\314"
 203      486EA29C 
 203      D6ECBFCA 
 203      6BF082CC 
 204 050b 43A7B7D9 		.ascii	"C\247\267\331\310\002le\213H\033\204\017\022Jq>i\226"
 204      C8026C65 
 204      8B481B84 
 204      0F124A71 
 204      3E6996
 205 051e 713A9804 		.ascii	"q:\230\0048Y\334\341\032\334N=n\266\022\340\360\006"
 205      3859DCE1 
 205      1ADC4E3D 
 205      6EB612E0 
 205      F006
 206 0530 0FFD5D06 		.ascii	"\017\375]\006.'\300E\355\370\032\263\266\222\372\264"
 206      2E27C045 
 206      EDF81AB3 
 206      B692FAB4 
 207 0540 3CF7FBFD 		.ascii	"<\367\373\375\021\002\372|\334$8\364\034mS\035\375\003"
 207      1102FA7C 
 207      DC2438F4 
 207      1C6D531D 
 207      FD03
 208 0552 92E02255 		.ascii	"\222\340\"Uu\365\211L\222\233\211)\202\215)R\343*B\317"
 208      75F5894C 
 208      929B8929 
 208      828D2952 
 208      E32A42CF 
 209 0566 D576D5D5 		.ascii	"\325v\325\325?ILz`\335z\026\362U\013_\000\330H\222\011"
 209      3F494C7A 
 209      60DD7A16 
 209      F2550B5F 
 209      00D84892 
 210 057b 8B9289A1 		.ascii	"\213\222\211\241\273r&\242X\224\321\032\037Q:\025S\240"
 210      BB7226A2 
 210      5894D11A 
 210      1F513A15 
 210      53A0
 211 058d BAD8A154 		.ascii	"\272\330\241T\314\003\231\214\030jh(\267o\253\203P\037"
 211      CC03998C 
 211      186A6828 
 211      B76FAB83 
ARM GAS  /tmp/ccQHnNyh.s 			page 17


 211      501F
 212 059f 2EA09DB4 		.ascii	".\240\235\264b\332\224\212\211\011(\021\253\002lT\331"
 212      62DA948A 
 212      89092811 
 212      AB026C54 
 212      D9
 213 05b0 A3B10C9D 		.ascii	"\243\261\014\235q,\320x\015\3208=2v\251\265\275;\270"
 213      712CD078 
 213      0DD0383D 
 213      3276A9B5 
 213      BD3BB8
 214 05c3 4426503B 		.ascii	"D&P;U\243\225;\310\213X\313\010\336\244\377\032\267"
 214      55A3953B 
 214      C88B58CB 
 214      08DEA4FF 
 214      1AB7
 215 05d5 3E62F5BC 		.ascii	">b\365\274\354Q\275|\011\224O\240]gTn\313\011c=\270"
 215      EC51BD7C 
 215      09944FA0 
 215      5D67546E 
 215      CB09633D 
 216 05ea CBCD1856 		.ascii	"\313\315\030V\233n\202\016\327_\251\\\357\025S\002\273"
 216      9B6E820E 
 216      D75FA95C 
 216      EF155302 
 216      BB
 217 05fb A5034FED 		.ascii	"\245\003O\355\023i\207\253\254=&\2637\221a/\221e\357"
 217      136987AB 
 217      AC3D26B3 
 217      3791612F 
 217      9165EF
 218 060e 254D5C89 		.ascii	"%M\\\211zq\025\252q}\035\334\341&Q;\273\037\227\224"
 218      7A7115AA 
 218      717D1DDC 
 218      E126513B 
 218      BB1F9794 
 219 0622 92F7D616 		.ascii	"\222\367\326\026\011:\373\376q\351\233\250\347\246H"
 219      093AFBFE 
 219      71E99BA8 
 219      E7A648
 220 0631 75F30DD0 		.ascii	"u\363\015\3207\211\024\206M)\214\272_\345\320&\263\241"
 220      37891486 
 220      4D298CBA 
 220      5FE5D026 
 220      B3A1
 221 0643 BCACF131 		.ascii	"\274\254\3611Y\207\305\003\252\213\177+\025\333!W\354"
 221      5987C503 
 221      AA8B7F2B 
 221      15DB2157 
 221      EC
 222 0654 146AE8EB 		.ascii	"\024j\350\353\341\362,\263\034\213]@\007\231.7%\240"
 222      E1F22CB3 
 222      1C8B5D40 
 222      07992E37 
 222      25A0
 223 0666 66ED0AB4 		.ascii	"f\355\012\264\306\032\031\332T\206\365i,\324W4P\247"
 223      C61A19DA 
ARM GAS  /tmp/ccQHnNyh.s 			page 18


 223      5486F569 
 223      2CD45734 
 223      50A7
 224 0678 E9D1514C 		.ascii	"\351\321QL\260\232\001\353\241`\326\223\260\035\203"
 224      B09A01EB 
 224      A160D693 
 224      B01D83
 225 0687 07C9543D 		.ascii	"\007\311T=\253\207U\253%@r\022\211$L9B4*$Og\221\277"
 225      AB8755AB 
 225      25407212 
 225      89244C39 
 225      42342A24 
 226 069f AAF1315D 		.ascii	"\252\3611]\207\344R\325\305\267\354\203d\0066\244yr"
 226      87E452D5 
 226      C5B7EC83 
 226      640636A4 
 226      7972
 227 06b1 CC08E0D4 		.ascii	"\314\010\340\324\241 \271\271\216\336L\326\236\\\264"
 227      A120B9B9 
 227      8EDE4CD6 
 227      9E5CB4
 228 06c0 BB265907 		.ascii	"\273&Y\007J\031\201\002\277\352\240#d\327x\273\213["
 228      4A198102 
 228      BFEAA023 
 228      64D778BB 
 228      8B5B
 229 06d2 DC64D7E4 		.ascii	"\334d\327\344\227d.\026P\271\274q\372n)\033g&\223\302"
 229      97642E16 
 229      50B9BC71 
 229      FA6E291B 
 229      672693C2 
 230 06e6 592C11AF 		.ascii	"Y,\021\257i\210\230\245G\366Q\265\334*\202S8\233\332"
 230      698898A5 
 230      47F651B5 
 230      DC2A8253 
 230      389BDA
 231 06f9 29A86EDB 		.ascii	")\250n\333\346\220\213\015\252\255r\334\244\316\324"
 231      E6908B0D 
 231      AAAD72DC 
 231      A4CED4
 232 0708 F3F39DEA 		.ascii	"\363\363\235\352\247\012\222:\233P\351T\250\354P\222"
 232      A70A923A 
 232      9B50E954 
 232      A8EC5092 
 233 0718 FABA72E8 		.ascii	"\372\272r\350RbI\011\366\341\204%\241\317X\307\210\013"
 233      52624909 
 233      F6E18425 
 233      A1CF58C7 
 233      880B
 234 072a 3876A0E3 		.ascii	"8v\240\343lRS\251\241\307g\374\003J0\270\211\236`\262"
 234      6C5253A9 
 234      A1C767FC 
 234      034A30B8 
 234      899E60B2 
 235 073e 9C3A9665 		.ascii	"\234:\226e/\374\320g\362\301/|\024\340\203G2\3004\226"
 235      2FFCD067 
 235      F2C12F7C 
ARM GAS  /tmp/ccQHnNyh.s 			page 19


 235      14E08347 
 235      32C03496 
 236 0752 EC373424 		.ascii	"\35474$\244\351\244\372\244\312\301\367,\3009\324P^"
 236      A4E9A4FA 
 236      A4CAC1F7 
 236      2CC039D4 
 236      505E
 237 0764 53778F49 		.ascii	"Sw\217Ia;R@?0\010\347\004\324\241[\331\333\265\037\320"
 237      613B5240 
 237      3F3008E7 
 237      04D4A15B 
 237      D9DBB51F 
 238 0779 9BE9FF4F 		.ascii	"\233\351\377O\367N\327\001W\255v\357S\204\253\376\235"
 238      F74ED701 
 238      57AD76EF 
 238      5384ABFE 
 238      9D
 239 078a 798F68F7 		.ascii	"y\217h\367\226J\016\\\300g\324\323J\007\037\364\312"
 239      964A0E5C 
 239      C067D4D3 
 239      4A071FF4 
 239      CA
 240 079b 5CCC85C7 		.ascii	"\\\314\205\307gIO+Yf\225<\371\222[@?\212A\364\314\013"
 240      67494F2B 
 240      5966953C 
 240      F9925B40 
 240      3F8A41F4 
 241 07b1 7C105883 		.ascii	"|\020X\203\216\315\330o86\202\316\210\241\000\375D\000"
 241      8ECDD86F 
 241      383682CE 
 241      88A100FD 
 241      4400
 242 07c3 C1EF9CE8 		.ascii	"\301\357\234\350,f\213\260\220\250\332<\336"
 242      2C668BB0 
 242      90A8DA3C 
 242      DE
 243 07d0 BBEF3762 		.ascii	"\273\3577b\323\362E}\246\204\017{\2361b\"db\272R\351"
 243      D3F2457D 
 243      A6840F7B 
 243      9E316222 
 243      6462BA52 
 244 07e5 F2F978F9 		.ascii	"\362\371x\371\375\201\355wH\346mR{6\300<\027\014\363"
 244      FD81ED77 
 244      48E66D52 
 244      7B36C03C 
 244      170CF3
 245 07f8 CD409836 		.ascii	"\315@\2306\026&>\245\315G\347e\230w\367T4\3310\314\235"
 245      16263EA5 
 245      CD47E765 
 245      9877F754 
 245      34D930CC 
 246 080d F8861BD5 		.ascii	"\370\206\033\325\020\230v\200yA\201yJT\215\356:|\260"
 246      10987680 
 246      79418179 
 246      4A548DEE 
 246      3A7CB0
 247 0820 86E23C97 		.ascii	"\206\342<\227sv\013~\364\\\034\303\031\251\024\327\340"
ARM GAS  /tmp/ccQHnNyh.s 			page 20


 247      73760B7E 
 247      F45C1CC3 
 247      19A914D7 
 247      E0
 248 0831 4199D005 		.ascii	"A\231\320\005X\241\350xe\003\351\356vi\230|-\252\025"
 248      58A1E878 
 248      6503E9EE 
 248      7669987C 
 248      2DAA15
 249 0844 F5BE16D9 		.ascii	"\365\276\026\3315\337B\022G\304\010l\006\325\205\244"
 249      35DF4212 
 249      47C4086C 
 249      06D585A4 
 250 0854 B49E6085 		.ascii	"\264\236`\205\337\214Q\003\311\361\263\275\275\303\204"
 250      DF8C5103 
 250      C9F1B3BD 
 250      BDC384
 251 0863 15472E66 		.ascii	"\025G.f\360g\202\314\007\277\\\023\\W\037\233)\254\205"
 251      F06782CC 
 251      07BF5C13 
 251      5C571F9B 
 251      29AC85
 252 0876 5A0C5AA7 		.ascii	"Z\014Z\247\013u\234^R\235^&N\233\033j\016\321\257>\271"
 252      0B759C5E 
 252      529D5E26 
 252      4E9B1B6A 
 252      0ED1AF3E 
 253 088b 380F5764 		.ascii	"8\017Wd\247\321J5\277\270!\223\261\210is\213\331\235"
 253      A7D14A35 
 253      BFB82193 
 253      B1886973 
 253      8BD99D
 254 089e F79666E7 		.ascii	"\367\226f\347-\326k?\215ju7\005\267\271%\330\016i\367"
 254      2DD66B3F 
 254      8D6A7537 
 254      05B7B925 
 254      D80E69F7 
 255 08b2 FA4D6D91 		.ascii	"\372Mm\221\236\325\253\252\325k\320\324\226\220Hb\224"
 255      9ED5ABAA 
 255      D56BD0D4 
 255      96904862 
 255      94
 256 08c3 B4BE50F6 		.ascii	"\264\276P\366\311R\026\371\333\032\037Ku\266e\263\352"
 256      C95216F9 
 256      DB1A1F4B 
 256      75B665B3 
 256      EA
 257 08d4 E23A7B80 		.ascii	"\342:{\200\315\300\2064'\326\014l\342\340\256\335G\010"
 257      CDC08634 
 257      27D60C6C 
 257      E2E0AEDD 
 257      4708
 258 08e6 C316DCB0 		.ascii	"\303\026\334\260o\214\325[\354X\303\230O\327.c\030^"
 258      6F8CD55B 
 258      EC58C398 
 258      4FD72E63 
 258      185E
ARM GAS  /tmp/ccQHnNyh.s 			page 21


 259 08f8 CEE27C47 		.ascii	"\316\342|G\203s\271\036\0277\011P\007\000\275\025\314"
 259      8373B91E 
 259      17370950 
 259      0700BD15 
 259      CC
 260 0909 F00A6C87 		.ascii	"\360\012l\207\264Z}\206\227\351YmQ\255\266\002\303+"
 260      B45A7D86 
 260      97E9596D 
 260      51ADB602 
 260      C32B
 261 091b 48207134 		.ascii	"H q4\020\031\365J&\212Ul\024\2535\376V\351\371k#\376"
 261      1019F54A 
 261      268A556C 
 261      14AB35FE 
 261      56E9F96B 
 262 0931 E0BF53A0 		.ascii	"\340\277S\240\366\340(\326`;\006Q\254\324\263\372\213"
 262      F6E028D6 
 262      603B0651 
 262      ACD4B3FA 
 262      8B
 263 0942 6AB503A2 		.ascii	"j\265\003\242XC\242\210\307Q\334F\231\236\275\357\202"
 263      5843A288 
 263      C751DC46 
 263      999EBDEF 
 263      82
 264 0953 35FAD441 		.ascii	"5\372\324A\202\200\237\017K\327}\364\361\332\2177l|"
 264      82809F0F 
 264      4BD77DF4 
 264      F1DA8F37 
 264      6C7C
 265 0965 6FE3A7EF 		.ascii	"o\343\247\357\257]\377a\312\234\205\251\351\251\233"
 265      AF5DFF61 
 265      CA9C85A9 
 265      E9A99B
 266 0974 D2366C4C 		.ascii	"\3226lL\373\350\375\365i\237l\370\333\247\033\323\376"
 266      FBE8FDF5 
 266      699F6CF8 
 266      DBA71BD3 
 266      FE
 267 0985 FC973FCE 		.ascii	"\374\227?\316M\247r\365\274M\233\340\316{\353\327\177"
 267      4DA772F5 
 267      BC4D9BE0 
 267      CE7BEBD7 
 267      7F
 268 0996 90BA4EF8 		.ascii	"\220\272N\370\037\001\"\215\000"
 268      1F01228D 
 268      00
 269              		.text
 270              		.section	.gnu.lto_.symbol_nodes.69a1fd588ef4437e,"",%progbits
 271 0000 789C4D8B 		.ascii	"x\234M\213;\012\204P\020\004k\372)\274\300\013\033\215"
 271      3B0A8450 
 271      10046BFA 
 271      29BCC00B 
 271      1B8D
 272 0012 E1860B1E 		.ascii	"\341\206\013\036@\301S\370\215\2147\022O\260\241\207"
 272      40C153F8 
 272      8D8C3712 
ARM GAS  /tmp/ccQHnNyh.s 			page 22


 272      4FB0A187 
 273 0022 5051C18E 		.ascii	"PQ\301\216\252\253\351\000\344\334Q'\207\357\017\334"
 273      AAABE900 
 273      E4DC5127 
 273      87EF0FDC 
 274 0032 59EA4F86 		.ascii	"Y\352O\206z\271=f\255#\032\344z\213\264\025\315q\263"
 274      7AB93D66 
 274      AD231AE4 
 274      7A8BB415 
 274      CD71B3
 275 0045 491EAE81 		.ascii	"I\036\256\201\242\210\330(O^=\0304\345V\305`)\363\005"
 275      A288D828 
 275      4F5E3D18 
 275      34E556C5 
 275      6029F305 
 276 0059 09FF13D8 		.ascii	"\011\377\023\330\001|}#X"
 276      017C7D23 
 276      58
 277              		.text
 278              		.section	.gnu.lto_.refs.69a1fd588ef4437e,"",%progbits
 279 0000 789C6366 		.ascii	"x\234cf```d\200\002\000\000=\000\005"
 279      60606064 
 279      80020000 
 279      3D0005
 280              		.text
 281              		.section	.gnu.lto_.decls.69a1fd588ef4437e,"",%progbits
 282 0000 789CCD59 		.ascii	"x\234\315Y{P\224W\226\357\333\267\273\201\246\201T\234"
 282      7B509457 
 282      96EFDBB7 
 282      BB81A681 
 282      549C
 283 0012 312977B6 		.ascii	"1)w\266\3268\273Tf6\332\212\316Lfk\267&\330H\244\242"
 283      D638BB54 
 283      6636DA8A 
 283      CE4C666B 
 283      B726D848 
 284 0028 13A6DB4C 		.ascii	"\023\246\333Lvf\377`\021\311HE #\270e\252\266\266>h"
 284      7666FF60 
 284      11C94845 
 284      2023B865 
 284      AAB6B63E 
 285 003d 44505EE2 		.ascii	"DP^\342\013D\245\243\"\015\310[\301\007\002\202 \"\""
 285      0B44A5A3 
 285      220DC85B 
 285      C1070282 
 285      202222
 286 0050 F800E20B 		.ascii	"\370\000\342\013D\005\004\014\210/\020\245\367\334{"
 286      4405040C 
 286      882F10A5 
 286      F7DC7B
 287 005f FB7BF0F1 		.ascii	"\373{\360\361\221\311lmmm\227\247\277{\270\277\373\273"
 287      91C96C6D 
 287      6D6D97A7 
 287      BF7BB8BF 
 287      FBBB
 288 0071 E7DE73EE 		.ascii	"\347\336s\356\375\316i\261J\245JC*\225\003>\255\177"
 288      FDCE69B1 
ARM GAS  /tmp/ccQHnNyh.s 			page 23


 288      4AA54A43 
 288      2A95033E 
 288      AD7F
 289 0083 AB526DD0 		.ascii	"\253Rm\320\250T\360O\025\250\022?Z\220c E % e \307A"
 289      A854F04F 
 289      15A8123F 
 289      5A906320 
 289      45202520 
 290 009b 6098AA46 		.ascii	"`\230\252F5\375Cpn\316\361\236 \006\220\026\220\367"
 290      35FD4370 
 290      6ECEF19E 
 290      20069016 
 290      90F7
 291 00ad 40FE1E06 		.ascii	"@\376\036\0064\303\263\036d\001\2641<\033I\037\264\233"
 291      34C3B31E 
 291      6401B431 
 291      3C1B491F 
 291      B49B
 292 00bf 9C7CC754 		.ascii	"\234|\307T3?E\012\234\204\353='\017\341\373\007x\346"
 292      333F450A 
 292      9C84EB3D 
 292      270FE1FB 
 292      0778E6
 293 00d2 C15307F2 		.ascii	"\301S\007\362\016bd?\006\371\033\020\035\310<\304\326"
 293      0E62643F 
 293      06F91B10 
 293      1DC83CC4 
 293      D6
 294 00e3 55E49CE3 		.ascii	"U\344\234\343\270s\035\362\017Y\337[\012s\361kX\012"
 294      B8731DF2 
 294      0F59DF5B 
 294      0A73F16B 
 294      580A
 295 00f5 EDFF02D9 		.ascii	"\355\377\002\331\211\304\271\311\232|\240\375\237 \277"
 295      89C4B9C9 
 295      9A7CA0FD 
 295      9F20BF
 296 0104 0249476C 		.ascii	"\002IGl\034\231\227\254O\013\317w\311\374 \310\271\326"
 296      1C9997AC 
 296      4F0BCF77 
 296      C9FC20C8 
 296      B9D6
 297 0116 45F0DC04 		.ascii	"E\360\334\004\222\0142\007D\217\330\372K\024lz\242F"
 297      920C3207 
 297      448FD8FA 
 297      4B146C7A 
 297      A246
 298 0128 A78A9E5D 		.ascii	"\247\212\236]v\037P#O\375|\242\236No\312\320\201j\320"
 298      761F5023 
 298      4FFD7CA2 
 298      9E4E6FCA 
 298      D0816AD0 
 299 013c 6B887A66 		.ascii	"k\210zf\262\367\272\346\235\335\034|\322\254\334[\032"
 299      B2F7BAE6 
 299      9DDD1C7C 
 299      D2ACDC5B 
 299      1A
ARM GAS  /tmp/ccQHnNyh.s 			page 24


 300 014d 143817E5 		.ascii	"\0248\027\345\242y\310\216\346\001k\036z\007\276\377"
 300      A279C88E 
 300      E6016B1E 
 300      7A07BEFF 
 301 015d 4DC398B2 		.ascii	"M\303\230\262\313\232\2074X\215H\373p\306\275\353\372"
 301      CB9A8734 
 301      588D48FB 
 301      70C6BDEB 
 301      FA
 302 016e 0FF26158 		.ascii	"\017\362aX\002W;\200\305\351\006'\306\037j\346\037\344"
 302      02573B80 
 302      C5E90627 
 302      C61F6AE6 
 302      1FE4
 303 0180 6A6DA32D 		.ascii	"jm\243-\2677er\266Xn\312\341@\224\013\345#\214\012\320"
 303      B7376572 
 303      B6586ECA 
 303      E140940B 
 303      E5238C0A 
 304 0195 07044ADA 		.ascii	"\007\004J\332t\014:\206\346\303\270\324\264\307\225"
 304      740C3A86 
 304      E6C3B8D4 
 304      B4C795
 305 01a4 08AFA5E4 		.ascii	"\010\257\245\344\335\335\223)\0108l\266\236\301\372"
 305      DDDD9329 
 305      08386CB6 
 305      9EC1FA
 306 01b3 D0DA38EE 		.ascii	"\320\3328\356\265\303\201\031C\241\204\241\220g(\242"
 306      B5C38119 
 306      43A184A1 
 306      906728A2 
 307 01c3 0CB9B91D 		.ascii	"\014\271\271\035\205Z\034I\0312\354-u\236\224\301v:"
 307      855A1C49 
 307      1932EC2D 
 307      759E94C1 
 307      763A
 308 01d5 47D7C4D5 		.ascii	"G\327\304\325:\034\277\241\343\213%\343\213\371\361"
 308      3A1CBFA1 
 308      E38B25E3 
 308      8BF9F1
 309 01e4 25747C5E 		.ascii	"%t|^\276\325\241\306\034\242\004;\366\332\367i\201\240"
 309      BED5A1C6 
 309      1CA2043B 
 309      F6DAF769 
 309      81A0
 310 01f6 871BCDD8 		.ascii	"\207\033\315\330rx\371\016k\332\021\256\307\341\370"
 310      7278F90E 
 310      6BDA11AE 
 310      C7E1F8
 311 0205 3B6645A9 		.ascii	";fE\251\204\245\224g)\243,\375\355o\356{\342&\306\322"
 311      84A59467 
 311      29A32CFD 
 311      ED6FEE7B 
 311      E226C6D2 
 312 0219 12FFF08A 		.ascii	"\022\377\360\212\236\262\224\330/\214\0312\271o\244"
 312      9EB294D8 
 312      2F8C1932 
ARM GAS  /tmp/ccQHnNyh.s 			page 25


 312      B96FA4
 313 0228 BB512E61 		.ascii	"\273Q.a)\347Y\216S\226\232\352\361F=Nc{\235\224\320"
 313      29E7598E 
 313      53969AEA 
 313      F1463D4E 
 313      637B9D94 
 314 023d 73518F33 		.ascii	"sQ\2173\231\022s\364L\222\013\370\357==\335\356\356"
 314      991273F4 
 314      4C920BF8 
 314      EF3D3DDD 
 314      EEEE
 315 024f AC89236E 		.ascii	"\254\211#nT%\307\320\013\376\244.\237\310\256G\310["
 315      5425C7D0 
 315      0BFEA42E 
 315      9FC8AE47 
 315      C85B
 316 0261 7F049C33 		.ascii	"\177\004\2343\332\222\327\273\322\312}\204N#=\252\020"
 316      DA92D7BB 
 316      D2CA7D84 
 316      4E233DAA 
 316      10
 317 0272 E6A3A3C9 		.ascii	"\346\243\243\311'\201\343b\211\343\335V\252\004\267"
 317      2781E362 
 317      89E3DD56 
 317      AA04B7
 318 0281 A353C81B 		.ascii	"\243S\310\033\000\024\212*\341\217'\341\217\300\233"
 318      00148A2A 
 318      E18F27E1 
 318      8FC09B
 319 0290 99C05D70 		.ascii	"\231\300]pGzo\3051U\012c\250\001\251\311\351s9N\203"
 319      477A6FC5 
 319      31550A63 
 319      A801A9C9 
 319      E973394E 
 320 02a5 CE800127 		.ascii	"\316\200\001'D\003\300\036!d\036\016\027\\\325\343n"
 320      4403C01E 
 320      21641E0E 
 320      175CD5E3 
 320      6E
 321 02b6 4CD757D9 		.ascii	"L\327W\331>\232\255\201\005\001\236{\226\034H\376\324"
 321      3E9AAD81 
 321      05019E7B 
 321      961C48FE 
 321      D4
 322 02c7 FEDDA35E 		.ascii	"\376\335\243^\355O\277\341l\207F[\016\206\321\220\342"
 322      ED4FBFE1 
 322      6C87465B 
 322      0E86D190 
 322      E2
 323 02d8 883F29E7 		.ascii	"\210?)\347Y\306)\011\332\263d+Q5\261\252\006\375\024"
 323      59C62909 
 323      DAB3642B 
 323      5135B1AA 
 323      06FD14
 324 02eb C6971DCE 		.ascii	"\306\227\035\316\251p\243'\340#Bwd\367\236cZz\002\\"
 324      A970A327 
 324      E0234277 
ARM GAS  /tmp/ccQHnNyh.s 			page 26


 324      64F79E63 
 324      5A7A025C 
 325 02ff 893A5C9F 		.ascii	"\211:\\\2379\201\361\010\233\375\350\265\364}^zX\241"
 325      3981F108 
 325      9BFDE8B5 
 325      F47D5E7A 
 325      58A1
 326 0311 F507AD10 		.ascii	"\365\007\255\020F\304\266\015\337\367\302\223lxMc\353"
 326      46C4B60D 
 326      DFF7C293 
 326      6C784D63 
 326      EB
 327 0322 21373C45 		.ascii	"!7<E\025\315\335c\307\257x\241\005s\026x\333\2708\353"
 327      15CDDD63 
 327      C7AF78A1 
 327      05731678 
 327      DBB838EB 
 328 0336 E8B6D2F1 		.ascii	"\350\266\322\361\317w\344\304sM\213Q=\330}\036\354\276"
 328      CF77E4C4 
 328      734D8B51 
 328      3DD87D1E 
 328      ECBE
 329 0348 80E688FC 		.ascii	"\200\346\210\374\357\023\333\177\016_\252\035\3644\332"
 329      EF13DB7F 
 329      0E5FAA1D 
 329      F434DA
 330 0357 B88F342A 		.ascii	"\270\2174*T\013\335\347\350\262\010\230,\364\"\330\321"
 330      540BDDE7 
 330      E8B20898 
 330      2CF422D8 
 330      D1
 331 0368 8816A026 		.ascii	"\210\026\240&\264\200n !\2679N\254\253\215\303\224\270"
 331      B4806E20 
 331      21B7394E 
 331      ACAB8DC3 
 331      94B8
 332 037a 41913897 		.ascii	"A\2218\227pP\217\364\274>\261\2168\0040*>\374xW\250"
 332      70508FF4 
 332      BC3EB18E 
 332      3804302A 
 332      3EFC7857 
 333 038f B73DCDCD 		.ascii	"\267=\315\315sEs\274\225L@\227`\346\331\254\240\314"
 333      734573BC 
 333      954C4097 
 333      60E6D9AC 
 333      A0CC
 334 03a1 09950638 		.ascii	"\011\225\0068>\315\000\251\023=M\346\341=\335p\257\350"
 334      3ECD00A9 
 334      133D4DE6 
 334      E13DDD70 
 334      AFE8
 335 03b3 89C1B04D 		.ascii	"\211\301\260M\010 \212\025=\327\202\014\364\014\300"
 335      08208A15 
 335      3DD7820C 
 335      F40CC0
 336 03c2 13C0D616 		.ascii	"\023\300\326\026\353\003=u\033\347F\006\2275\034\034"
 336      EB033D75 
ARM GAS  /tmp/ccQHnNyh.s 			page 27


 336      1BE74606 
 336      97351C1C 
 337 03d2 C1D46F69 		.ascii	"\301\324oit\263\367\265v&jq\235\206*]w{j\335q+S\270"
 337      74B3F7B5 
 337      76266A71 
 337      9D862A5D 
 337      777B6ADD 
 338 03ea D4FE388C 		.ascii	"\324\3768\214;\230\222\230n\355w\305\267\230R\\6\231"
 338      3B989298 
 338      6EED77C5 
 338      B798525C 
 338      3699
 339 03fc ED86BB99 		.ascii	"\355\206\273\231r\251w\374\251\201\022\276E\324\003"
 339      72A977FC 
 339      A98112BE 
 339      45D403
 340 040b 8D0D5775 		.ascii	"\215\015Wux\200\365=\351\250\370G\374\204\2653_\266"
 340      7880F53D 
 340      E9A8F847 
 340      FC84B533 
 340      5FB6
 341 041d 347A51DC 		.ascii	"4zQ\334\2734~\272R\367c\374\212\365M\264\366\237\300"
 341      BB347EBA 
 341      52F763FC 
 341      8AF54DB4 
 341      F69FC0
 342 0430 384E8BA4 		.ascii	"8N\213\244W\255\201]\265\327\354i\011\2568\231\365="
 342      57AD815D 
 342      B5D7EC69 
 342      09AE3899 
 342      F53D
 343 0442 CF1A5C48 		.ascii	"\317\032\\H\002\213s\256\334\240\227,\37469\015\340"
 343      028B73AE 
 343      DCA0972C 
 343      FC36390D 
 343      E0
 344 0453 28F4331A 		.ascii	"(\3643\032S\235Ov\305z\276\235\346\364\301|vx\304H\270"
 344      539D4F76 
 344      C57ABE9D 
 344      E6F4C17C 
 344      7678C448 
 345 0468 83DEE6C7 		.ascii	"\203\336\346\307\020t+\227\221\346\211\367\260i\354"
 345      10742B97 
 345      91E689F7 
 345      B069EC
 346 0477 BDADE91E 		.ascii	"\275\255\351\036\324\204\367\211\232\177w\322\252\305"
 346      D484F789 
 346      9A7F77D2 
 346      AAC5
 347 0485 36D6D7FD 		.ascii	"6\326\327\375\262\273\316\205\366-&\352\205\234\342"
 347      B2BBCE85 
 347      F62D26EA 
 347      859CE2
 348 0494 6C1DB6B3 		.ascii	"l\035\266\263\276\013C/\006\021.aJLm\3415\006\374\220"
 348      BE0B432F 
 348      06112E61 
 348      4A4C6DE1 
ARM GAS  /tmp/ccQHnNyh.s 			page 28


 348      3506FC90 
 349 04a8 A87D858D 		.ascii	"\250}\205\215\207=\361I\326\367m\356\326\235\256\270"
 349      873DF149 
 349      D6F76DEE 
 349      D69DAEB8 
 350 04b8 8E29FCC9 		.ascii	"\216)\374\3112\260\223\325\320\031\377H\207\233Y\237"
 350      32B093D5 
 350      D019FF48 
 350      879B599F 
 351 04c8 A322E3A2 		.ascii	"\243\"\343\242\007\276\352\334\231\322\264\011O\012"
 351      07BEEADC 
 351      99D2B409 
 351      4F0A
 352 04d6 5C495DD7 		.ascii	"\\I]\327\024\333\240\305\267Y_\177\3650\247\246}\364"
 352      14DBA0C5 
 352      B7595F7F 
 352      F530A7A6 
 352      7DF4
 353 04e8 B4273FB0 		.ascii	"\264'?\260\035v\305}\254/\363q_\252\016\2172%\241j\327"
 353      1D76C57D 
 353      AC2FF371 
 353      5FAA0E8F 
 353      3225A16A 
 354 04fd 5136DBBF 		.ascii	"Q6\333\277\022ur*o\304\003\277b}\005\271\334\\\034\247"
 354      1275722A 
 354      6FC403BF 
 354      627D05B9 
 354      DC5C1CA7 
 355 0511 A3ED929A 		.ascii	"\243\355\222\232\202D\206\373w\352\312\374\273v/\234"
 355      824486FB 
 355      77EACAFC 
 355      BB762F9C 
 356 0521 C2FA3A1A 		.ascii	"\302\372:\032n\336\366\300\031L\311J\273\232\311\002"
 356      6EDEF6C0 
 356      194CC94A 
 356      BB9AC902 
 357 0531 603DBDF3 		.ascii	"`=\275\363sv\305\253\361!\326\227\235R6\301\336\223"
 357      7376C5AB 
 357      F121D697 
 357      9D5236C1 
 357      DE93
 358 0543 5F11F555 		.ascii	"_\021\365URy\243\032\347\262\276\322\033\003\235z\332"
 358      5279A31A 
 358      E7B2BED2 
 358      1B039D7A 
 358      DA
 359 0554 B799A8B6 		.ascii	"\267\231\250\266k5y\006\\\312\372vW\355Og\223sT\037"
 359      6B357906 
 359      5CCAFA76 
 359      57ED4F67 
 359      9373541F 
 360 0568 2C9FBAAF 		.ascii	",\237\272\257\305\225\316\331\255y\347\325\270\216)"
 360      C595CED9 
 360      AD79E7D5 
 360      B88E29
 361 0577 C76BCAC7 		.ascii	"\307k\312\307\330\354\011T\377n \257\303\003_\246\235"
 361      D8EC0954 
ARM GAS  /tmp/ccQHnNyh.s 			page 29


 361      FF6E20AF 
 361      C3035FA6 
 361      9D
 362 0588 0B3AAD15 		.ascii	"\013:\255\025q\006\264@\3413Ghy\203\220\323\337s\240"
 362      7106B440 
 362      E1334768 
 362      798390D3 
 362      DF73A0
 363 059b F208826B 		.ascii	"\362\010\202k\261\016\321\013\340\006\234\275]j\311"
 363      B10ED10B 
 363      E0069CBD 
 363      5D6AC9
 364 05aa 05701D89 		.ascii	"\005p\035\2117\000\275-2+\205\333\242M\016~_\212\345"
 364      3700BD2D 
 364      322B85DB 
 364      A24D0E7E 
 364      5F8AE5
 365 05bd 385B7EA5 		.ascii	"8[~\245\206`!\346\320]'V\270\020\272\221pgQ\336\203"
 365      866021E6 
 365      D05D2756 
 365      B810BA91 
 365      706751DE 
 366 05d2 226F879C 		.ascii	"\"o\207\234\267S\206m\256\234vcM\303\276\224\033\234"
 366      B753866D 
 366      AE9C7663 
 366      4DC3BE94 
 366      1B9C
 367 05e4 2182CF2B 		.ascii	"!\202\317+\032,\362\026\213\320>9\264_j\003\027k;\313"
 367      1A2CF216 
 367      8BD03E39 
 367      B45F6A03 
 367      176B3BCB 
 368 05f8 B0E4748D 		.ascii	"\260\344t\215\312\261#r\033ZD\342Wr\360\244\214\270"
 368      CAB12372 
 368      1B5A44E2 
 368      5772F0A4 
 368      8CB8
 369 060a 48247E28 		.ascii	"H$~(\307>\220\023\327\210\304O\345\34019\370\212\010"
 369      C73E9013 
 369      D788C44F 
 369      E5E03139 
 369      F88A08
 370 061d 76C8C153 		.ascii	"v\310\301S\323\300`F\266hF\227\262?$\216n\022\035\375"
 370      D3C06046 
 370      B6684697 
 370      B23F248E 
 370      6E121DFD 
 371 0631 4CEEE8E7 		.ascii	"L\356\350\3472\347U\211V|\247\274q?\027xO\211\274\217"
 371      32E75589 
 371      567CA7BC 
 371      713F1778 
 371      4F89BC8F 
 372 0645 E4BC8332 		.ascii	"\344\274\2032\336,\221\367\252\234\367\234|+\316\210"
 372      DE2C91F7 
 372      AA9CF79C 
 372      7C2BCE88 
 373 0655 E0C772F0 		.ascii	"\340\307r\360\260\034\\ \202{\344\340{2+N\212\330\001"
ARM GAS  /tmp/ccQHnNyh.s 			page 30


 373      B01C5C20 
 373      827BE4E0 
 373      7B322B4E 
 373      8AD801
 374 0668 E51062C4 		.ascii	"\345\020b\304\354%\311\321\227\344e\000\264\322>\002"
 374      EC25C9D1 
 374      97E46500 
 374      B4D23E02 
 375 0678 276FC883 		.ascii	"'o\310\203jo\264E\275\000\305\200d\200\244\201\354\005"
 375      6A6FB445 
 375      BD00C580 
 375      6480A481 
 375      EC05
 376 068a E140AC20 		.ascii	"\341@\254 I \273A\262@bA\322Al {@\022A\342Av\202\244"
 376      4920BB41 
 376      B2406241 
 376      D2416C20 
 376      7B401241 
 377 06a3 82EC07D9 		.ascii	"\202\354\007\331\001\222\002\262\025d\037\3106\220d"
 377      019202B2 
 377      15641FC8 
 377      369064
 378 06b2 906F40E2 		.ascii	"\220o@\342@\016\200$\200d\203d\202lWK\362\003\273\270"
 378      400E8024 
 378      80648364 
 378      826C574B 
 378      F203BBB8 
 379 06c6 A46FE54B 		.ascii	"\244o\345K\272)[~\241\210\275\257\034\274\"v\277\210"
 379      BA295B7E 
 379      A188BDAF 
 379      1CBC2276 
 379      BF88
 380 06d8 BDA67CED 		.ascii	"\275\246|\355\210\330}\"\266]\331\271\"\266U\304\276"
 380      88D87D22 
 380      B65DD9B9 
 380      22B655C4 
 380      BE
 381 06e9 510E7311 		.ascii	"Q\016s\021[-b\237(\237\037\021\233'bo)\357\203$fN\213"
 381      5B2D629F 
 381      289F1F11 
 381      9B27626F 
 381      29EF8324 
 382 0700 E021E500 		.ascii	"\340!\345\000\023\243\374\222\030\345\343\362(\237\020"
 382      13A3FC92 
 382      18E5E3F2 
 382      289F10
 383 070f B1344D4A 		.ascii	"\2614MJ\251\244\011\030`d\011\030\275\314/O\273\314"
 383      A9A40918 
 383      60640918 
 383      BDCC2F4F 
 383      BBCC
 384 0721 5F2B5F35 		.ascii	"_+_5\022+\217\211V\366*G\266\004|Q\004\277P\276u\251"
 384      122B8F89 
 384      56F62A47 
 384      B6047C51 
 384      04BF50BE 
 385 0737 9990090E 		.ascii	"\231\220\011\016\331\267\366c!\023\234\036\344\3500"
ARM GAS  /tmp/ccQHnNyh.s 			page 31


 385      D9B7F663 
 385      21139C1E 
 385      E4E830
 386 0746 C4F6FFB7 		.ascii	"\304\366\377\2678\247[\333E3\320C`\332\0251\003%\033"
 386      38A75BDB 
 386      4533D043 
 386      60DA1531 
 386      03251B
 387 0759 CD67A05B 		.ascii	"\315g\240[\207\016\226yH3\320Cji\006zD\3152Px\222l\361"
 387      870E9679 
 387      4833D043 
 387      6A69067A 
 387      44CD3250 
 388 0771 455BBEBB 		.ascii	"E[\276\273\024L\2526\021\234\343\004\347P0\377\342\367"
 388      144CAA36 
 388      119CE304 
 388      E75030FF 
 388      E2F7
 389 0783 74BEF8F7 		.ascii	"t\276\370\367\346\277z\244\3057\330\273\376Ba\303M\017"
 389      E6BF7AA4 
 389      C537D8BB 
 389      FE4261C3 
 389      4D0F
 390 0795 FC802943 		.ascii	"\374\200)C;\207\336x\342!\246T\035\335Z\355\216\307"
 390      3B87DE78 
 390      E221A654 
 390      1DDD5AED 
 390      8EC7
 391 07a7 A8A26BAD 		.ascii	"\250\242k\255\277y\004#\372\216\247EC\317\311\202f\003"
 391      BF790423 
 391      FA8EA745 
 391      43CFC982 
 391      6603
 392 07b9 5F31E4A9 		.ascii	"_1\344\2511*\374\276Cs\252@\347\204\346+Cg^[G\325\363"
 392      312AFCBE 
 392      4373AA40 
 392      E784E62B 
 392      43675E5B 
 393 07d0 9CE7B4D0 		.ascii	"\234\347\264\320\351\316\022pg\021lk1H\001\3101\351"
 393      E9CE1270 
 393      67116C6B 
 393      314801C8 
 393      31E9
 394 07e2 355224CC 		.ascii	"5R$\314`\227\317 \177\015\013H\362\302\236\211\224\324"
 394      6097CF20 
 394      7F0D0B48 
 394      F2C29E89 
 394      94D4
 395 07f4 23C70A74 		.ascii	"#\307\012t\340\263\302\031\247\001\202\260\251\251\255"
 395      E0B3C219 
 395      A70182B0 
 395      A9A9AD
 396 0803 DA0379CF 		.ascii	"\332\003y\317\241\270\323\237\270\2422B\244\026<[\310"
 396      A1B8D39F 
 396      B8A23242 
 396      A4163C5B 
 396      C8
ARM GAS  /tmp/ccQHnNyh.s 			page 32


 397 0814 7B56694D 		.ascii	"{ViM\250\024\226\362\227\226E~\002\331\275\245\003K"
 397      A81496F2 
 397      9796457E 
 397      02D9BDA5 
 397      034B
 398 0826 BD5C362D 		.ascii	"\275\\6-$\312\235^.\247^\256\272\2338\310\274\334C\253"
 398      24CA9D5E 
 398      2EA75EAE 
 398      BA9B38C8 
 398      BCDC43AB 
 399 083a C766C7CE 		.ascii	"\307f\307\316\030VL&\261\214\270?9\336\013O0\337\216"
 399      18564C26 
 399      B18CB83F 
 399      39DE0B4F 
 399      30DF8E
 400 084d A7745F73 		.ascii	"\247t_s\345\253\311\204\037RM\236\275RT\347\205c]X}"
 400      E5ABC984 
 400      1F524D9E 
 400      BD5254E7 
 400      85635D58 
 401 0862 F2ACB6C4 		.ascii	"\362\254\266\304\015'0\345\371H\335\035(&\230r\274\305"
 401      0D2730E5 
 401      F948DD1D 
 401      28269872 
 401      BCC5
 402 0874 5AADC3E9 		.ascii	"Z\255\303\351N%\361\304e\035\316`\312\266=\273\032\021"
 402      4E25F1C4 
 402      651DCE60 
 402      CAB63DBB 
 402      1A11
 403 0886 DEEF32ED 		.ascii	"\336\3572\355\267\202\271\354\267\202\224K\373\316a"
 403      B782B9EC 
 403      B782944B 
 403      FBCE61
 404 0895 AA3A5884 		.ascii	"\252:X\204\266wUj\260\3159\360V^\213\013\266SE\235~"
 404      B677556A 
 404      B0CD39F0 
 404      565E8B0B 
 404      B653459D 
 405 08aa FF590EE2 		.ascii	"\377Y\016\342K\375\321t\016\277\253B\037\320\352\004"
 405      4BFDD174 
 405      0EBFAB42 
 405      1FD0EA04 
 406 08ba D5C346CE 		.ascii	"\325\303F\316u\032^\015;]\243v\026\372-y\251?!\327Z"
 406      751A5E0D 
 406      3B5DA376 
 406      16FA2D79 
 406      A93F21D7 
 407 08cf 9D5A8FCE 		.ascii	"\235Z\217\316\211.\232+\324\371\352\236\316\234\337"
 407      892E9A2B 
 407      D4F9EA9E 
 407      CE9CDF
 408 08de 299336CC 		.ascii	")\2236\314F\232\232|\351\307\204\364<\220\326\212\244"
 408      469A9A7C 
 408      E9C784F4 
 408      3C90D68A 
 408      A4
ARM GAS  /tmp/ccQHnNyh.s 			page 33


 409 08ef 308770A2 		.ascii	"0\207p\242;\222b\366b\266\311\177\231TR\035x\262\352"
 409      3B9262F6 
 409      62B6C97F 
 409      9954521D 
 409      78B2EA
 410 0902 E0E596D1 		.ascii	"\340\345\226\321D\226\313\033h1\222f/fI\271;Q\037\037"
 410      4496CB1B 
 410      68319266 
 410      2F6649B9 
 410      3B511F1F 
 411 0916 ED6D739F 		.ascii	"\355ms\237\265lkV;\313\266\213\214\272\375\364\350\024"
 411      B56C6B56 
 411      3BCBB68B 
 411      8CBAFDF4 
 411      E814
 412 0928 5FB771DC 		.ascii	"_\267q\334|D\315\276\000S7\251\011\374\222\372m~\020"
 412      7C44CDBE 
 412      005337A9 
 412      09FC92FA 
 412      6D7E10
 413 093b FDA5C37A 		.ascii	"\375\245\303z\257\313 E7~\037\272\346\331\230\303\035"
 413      AFCB2045 
 413      377E1FBA 
 413      E6D998C3 
 413      1D
 414 094c 973167B5 		.ascii	"\2271g\2655\326\337r\307\025LI\340\254\205z\\\305\224"
 414      35D6DF72 
 414      C7154C49 
 414      E0AC857A 
 414      5CC594
 415 095f D1074359 		.ascii	"\321\007CY\036\370\034S\006\017\331\273\014\270\221"
 415      1EF81C53 
 415      060FD9BB 
 415      0CB891
 416 096e 29E7620F 		.ascii	")\347b\017T\270\343KL\351\037N\037\321\340v\246d\217"
 416      54B8E34B 
 416      4CE91F4E 
 416      1FD1E076 
 416      A6648F
 417 0981 1D8A77C5 		.ascii	"\035\212w\305\035L)-xuH'\255=+\325\337S{\236\252\353"
 417      1D4C292D 
 417      78754827 
 417      AD3D2BD5 
 417      DF537B9E 
 418 0997 9C72C7B7 		.ascii	"\234r\307\267\330\320\327V\256\034\212k\246\324%p\337"
 418      D8D0D756 
 418      AE1C8A6B 
 418      A6D42570 
 418      DF
 419 09a8 18F07DA6 		.ascii	"\030\360}\246\244\024\035y\312*hL#\366i\3339\315\254"
 419      A4141D79 
 419      CA2A684C 
 419      23F669DB 
 419      39CDAC
 420 09bb BB7A93DF 		.ascii	"\273z\223\337\325o\331\256Vd\215\215{\211\373\304\252"
 420      D56FD9AE 
 420      56648D8D 
ARM GAS  /tmp/ccQHnNyh.s 			page 34


 420      7B89FBC4 
 420      AA
 421 09cc 61F1E2BA 		.ascii	"a\361\342\272E\367\351&\277OIg\322\373\014R4\261\177"
 421      45F7E926 
 421      BF4F4967 
 421      D2FB0C52 
 421      34B17F
 422 09df 56F44899 		.ascii	"V\364H\231=\313\200\373\231\225\347\333o\025\350hd\330"
 422      3DCB80FB 
 422      9995E7DB 
 422      6F15E868 
 422      64D8
 423 09f1 582977E9 		.ascii	"X)w\351\344\035\026\032?\242\345a\371\330i\267Y\255"
 423      E41D161A 
 423      3FA2E561 
 423      F9D869B7 
 423      59AD
 424 0a03 EEE1ADB6 		.ascii	"\356\341\255\266\263\223\374\274\255q\277\207\334\352"
 424      B393FCBC 
 424      AD71BF87 
 424      DCEA
 425 0a11 BB604737 		.ascii	"\273`G7\365\356=jG\017o\307\321\346\023}^r\253gE\017"
 425      F5EE3D6A 
 425      470F6FC7 
 425      D1E6137D 
 425      5E72AB67 
 426 0a27 77D46F37 		.ascii	"w\324o7\340afu\374\336\270\313\032\374\204*\357\364"
 426      E0616675 
 426      FCDEB8CB 
 426      1AFC842A 
 426      EFF4
 427 0a39 F57635EA 		.ascii	"\365v5\352\224\313FoZ+\216\216\324\330\3779\277\214"
 427      94CB466F 
 427      5A2B8E8E 
 427      D4D8FF39 
 427      BF8C
 428 0a4b E3B3802B 		.ascii	"\343\263\200+p\250&\244\267\363\214\232\256\230\277"
 428      70A826A4 
 428      B7F38C9A 
 428      AE98BF
 429 0a5a C81FC8A1 		.ascii	"\310\037\310\241\323\022\261]PVR(\261\274S\016\225'"
 429      D312B15D 
 429      50565228 
 429      B1BC530E 
 429      9527
 430 0a6c FADB05D6 		.ascii	"\372\333\005\3266e\003$9\313d!\217=%\307\276/\203\246"
 430      36650324 
 430      39CB6421 
 430      8F3D25C7 
 430      BE2F83A6 
 431 0a80 0AB4D7E5 		.ascii	"\012\264\327\345\320\031e\327k\201\366\264\034+\177"
 431      D01965D7 
 431      6B81F6B4 
 431      1C2B7F
 432 0a8f B1A608B4 		.ascii	"\261\246\010\264\327\224i\371=\210\261e\030\001yC\375"
 432      D79469F9 
 432      3D88B165 
ARM GAS  /tmp/ccQHnNyh.s 			page 35


 432      18017943 
 432      FD
 433 0aa0 36EA7022 		.ascii	"6\352p\"\205,\260_F\232,\220^\225\223NO\333 \273<@X"
 433      852CB05F 
 433      469A2C90 
 433      5E95934E 
 433      4FDB20BB 
 434 0ab7 21086819 		.ascii	"!\010h\031G\240|h\310Jep\302>\301\011]\312N\020\266"
 434      47A07C68 
 434      C84A6570 
 434      C23EC109 
 434      5DCA4E10 
 435 0acc 20C69660 		.ascii	" \306\226`\314X\214Z\200\366\262\023\312\337>3\252\365"
 435      CC588C5A 
 435      80F6B213 
 435      CADF3E33 
 435      AAF5
 436 0ade 44C1D856 		.ascii	"D\301\330V9\353\364\264\031\266`?1\266\027X\357\253"
 436      39EBF4B4 
 436      19B6603F 
 436      31B61758 
 436      EFAB
 437 0af0 65C6CAB3 		.ascii	"e\306\312\263\361)\301\005Ur\326\353\262\330zU\310/"
 437      F129C105 
 437      5572D6EB 
 437      B2D87A55 
 437      C82F
 438 0b02 EBA46210 		.ascii	"\353\244b\020\210\036\310\"\323\337\206\351\3578\201"
 438      881EC822 
 438      D3DF86E9 
 438      EF3881
 439 0b11 423E302C 		.ascii	"B>0,\233\336!L\177VyzI\264$\011\033\320\256\354-\311"
 439      9BDE214C 
 439      7F56797A 
 439      49B42409 
 439      1BD0AEEC 
 440 0b27 2FB72C0D 		.ascii	"/\267,\0159\016\323\236\240\247w\302\231\203\274\202"
 440      390ED39E 
 440      A0A777C2 
 440      9983BC82 
 441 0b37 17D273C8 		.ascii	"\027\322s\310=\036\201\014\201L\202<\003y\011\362\004"
 441      3D1E810C 
 441      814C823C 
 441      037909F2 
 441      04
 442 0b48 640CE421 		.ascii	"d\014\344!\310\000\3108\310w \303 \203 \217A\372AFA"
 442      C800C838 
 442      C87720C3 
 442      2083208F 
 442      41FA4146 
 443 0b5d 5E803C05 		.ascii	"^\200<\005\031\001\351\223f\277\343\205$\223\232P\256"
 443      1901E993 
 443      66BFE385 
 443      24939A50 
 443      AE
 444 0b6e 2BDE5C16 		.ascii	"+\336\\\026S\3113\312\021\317\326\013o\352g'c\036x\312"
 444      53C933CA 
ARM GAS  /tmp/ccQHnNyh.s 			page 36


 444      11CFD60B 
 444      6FEA6727 
 444      631E78CA 
 445 0b82 927F7E3D 		.ascii	"\222\177~=\350\015,\343\377lI\331\221\256\3505LV!\276"
 445      E80D2CE3 
 445      FF6C49D9 
 445      91AEE835 
 445      4C5621BE 
 446 0b96 FC2724E9 		.ascii	"\374'$\351|\331\356\222\373ji\356\366zZ\3566\345\314"
 446      7CD9EE92 
 446      FB6A69EE 
 446      F67A5AEE 
 446      36E5CC
 447 0ba9 DDA668EE 		.ascii	"\335\246h\356vf\274\"\327\223\345n,W\253\032x\316\336"
 447      7666BC22 
 447      D793E56E 
 447      2C57AB1A 
 447      78CEDE
 448 0bbc 4A3FA1BF 		.ascii	"J?\241\277\344\327ny\241\306\325\256\264o %\303\352"
 448      E4D76E79 
 448      A1C6D5AE 
 448      B46F2025 
 448      C3EA
 449 0bce 815B9852 		.ascii	"\201[\230R\327\264\263\330\035\2671\345\333\346\301"
 449      D7B4B3D8 
 449      1DB731E5 
 449      DBE6C1
 450 0bdd 5C1DBEC1 		.ascii	"\\\035\276\301\224\243\273^&z\341;Ly9\371\370\237p\017"
 450      94A3BB5E 
 450      267AE13B 
 450      4C7939F9 
 450      F89F700F 
 451 0bf1 6BEF69E9 		.ascii	"k\357i\351\335\341\202\373\250\342\366&-\341\254\033"
 451      DDE182FB 
 451      A8E2F626 
 451      2DE1AC1B 
 452 0c01 E27FB89B 		.ascii	"\342\177\270\233\266\253\016\330U\016\023[\0230\333"
 452      B6AB0ED8 
 452      550E135B 
 452      1330DB
 453 0c10 D234EC8D 		.ascii	"\3224\354\215\2221\324F ) \251 \333@\222@\266c1\031"
 453      9231D446 
 453      202920A9 
 453      20DB4092 
 453      40B66331 
 454 0c25 1FDD565A 		.ascii	"\037\335VZ\342'\371\017\005+\306\224c\366\313\261t\332"
 454      E227F90F 
 454      052BC694 
 454      63F6CBB1 
 454      74DA
 455 0c37 8F68D3B0 		.ascii	"\217h\323\260\362Z=S\304n\225\363\312\357\206\014\021"
 455      F25A3D53 
 455      C46E95F3 
 455      CAEF860C 
 455      11
 456 0c48 1B2FC7CE 		.ascii	"\033/\307\3168G\333Ep\254\242\301\222\013R\204\306\311"
 456      3847DB45 
ARM GAS  /tmp/ccQHnNyh.s 			page 37


 456      70ACA2C1 
 456      920B5284 
 456      C6C9
 457 0c5a A1336E68 		.ascii	"\2413nh\021\273E\031+)8\022Ki\375\015\240\231\025\307"
 457      11BB4519 
 457      2B293812 
 457      4B69FD0D 
 457      A09915C7 
 458 0c6e EB5B9915 		.ascii	"\353[\231\025\356|\305\261\257\224T\223\351@\026\203"
 458      EE7CC5B1 
 458      AF945493 
 458      E9401683 
 459 0c7e 85F023C3 		.ascii	"\205\360#\303f\324\034\274\033\321\016\360\336_\343"
 459      66D41CBC 
 459      1BD10EF0 
 459      DE5FE3
 460 0c8d 49F26BFF 		.ascii	"I\362k\377\205\335\007\\\2441\234\216\2451\274\023\263"
 460      85DD075C 
 460      A4319C8E 
 460      A531BC13 
 460      B3
 461 0c9e 1826CF79 		.ascii	"\030&\317y\353\2037\004m\330\260.hmp\310\227\233\276"
 461      EB833704 
 461      6DD8B02E 
 461      686D70C8 
 461      979BBE
 462 0cb1 0A5A1719 		.ascii	"\012Z\027\031\036\034\026\021\024\026\021\026\255\373"
 462      1E1C1611 
 462      14161116 
 462      ADFB
 463 0cbf F8B79FCD 		.ascii	"\370\267\237\3157\251\376%d}\330\332\260\310\250\240"
 463      37A9FE25 
 463      647DD8DA 
 463      B0C8A8A0 
 464 0ccf A8E8E0B5 		.ascii	"\250\350\340\265\033B\027.\371p\221\317\242\315\306"
 464      1B42172E 
 464      F97091CF 
 464      A2CDC6
 465 0cde C828230C 		.ascii	"\310(#\0145~\025\2711:\312hY\263z\251\017\373\366_\266"
 465      357E15B9 
 465      313ACA68 
 465      59B37AA9 
 465      0FFBF65F 
 466 0cf3 79B3D149 		.ascii	"y\263\321I\272(De\340\371\011\343[Q\321\341K}\202B6"
 466      BA284465 
 466      E0F909E3 
 466      5B51D1E1 
 466      4B7D8242 
 467 0d08 44867C49 		.ascii	"D\206|I\377\340\022\266\361\317\001\360\374\315\377"
 467      FFE012B6 
 467      F1CF01F0 
 467      FCCDFF
 468 0d17 600EC615 		.ascii	"`\016\306\025\026\265q\321z\225\313\272\360\340\277"
 468      16B571D1 
 468      7A95CBBA 
 468      F0E0BF
 469 0d26 8E67D52A 		.ascii	"\216g\325*?\243\337j\337\377\360q\362\000\001\360\270"
ARM GAS  /tmp/ccQHnNyh.s 			page 38


 469      3FA3DF6A 
 469      DFFFF071 
 469      F20001F0 
 469      B8
 470 0d37 6E0A8B88 		.ascii	"n\012\213\210\006-Z\037\024\3047\327\032\327G\206\207"
 470      062D5A1F 
 470      14C437D7 
 470      1AD74786 
 470      87
 471 0d48 1ABF8CFA 		.ascii	"\032\277\214\372\223qmX\204\361O!!\013\2037\206\363"
 471      93716D58 
 471      84F14F21 
 471      210B8337 
 471      86F3
 472 0d5a CF851191 		.ascii	"\317\205\021\221\021\241\013C\203\327\206-\\\026\364"
 472      11A10B43 
 472      83D7862D 
 472      5C16F4
 473 0d69 EB853E8B 		.ascii	"\353\205>\213\227\374\342\317K\215\323:\214a\021!\033"
 473      97FCE2CF 
 473      4B8DD33A 
 473      8C611121 
 473      1B
 474 0d7a 36AD0B35 		.ascii	"6\255\0135\206\007\203y\021\241\306\240u\241_\004o\332"
 474      86078379 
 474      11A1C6A0 
 474      75A15F04 
 474      6FDA
 475 0d8c 101D14FD 		.ascii	"\020\035\024\375\365W\241Q0\355\347\377kSD}\035e\204"
 475      F557A151 
 475      30EDE7FF 
 475      6B53447D 
 475      1D6584
 476 0d9f C5AF03DB 		.ascii	"\305\257\003\333\201\327\313\362uTth\270)rc\250\211"
 476      81D7CBF2 
 476      75547468 
 476      B8297263 
 476      A889
 477 0db1 ECB97BE0 		.ascii	"\354\271{\340\347\346\24050\251_\350\027j\223\031\233"
 477      E7E6A035 
 477      30A95FE8 
 477      176A9319 
 477      9B
 478 0dc2 2CE6D977 		.ascii	",\346\331w,$2<<2\302\030\2729\032\266L\276\357_,\363"
 478      2C24323C 
 478      3C32C218 
 478      BA391AB6 
 478      4CBEEF5F 
 479 0dd8 F9F5E6CD 		.ascii	"\371\365\346\3150\205\273\331d\342)]\002W\2552\371\177"
 479      3085BBD9 
 479      64E2295D 
 479      0257AD32 
 479      F97F
 480 0dea 6CD6902F 		.ascii	"l\326\220/l\0120\273\372\256\\\276\304lYC\033>|c)i\270"
 480      6C0A30BB 
 480      FAAE5CBE 
 480      C46C5943 
ARM GAS  /tmp/ccQHnNyh.s 			page 39


 480      1B3E7C63 
 481 0e01 99575856 		.ascii	"\231WXV\230\177\277\302o\261\253o \017\012d \241o\211"
 481      987FBFC2 
 481      6FB1AB6F 
 481      200F0A64 
 481      20A16F89 
 482 0e15 0B2158F1 		.ascii	"\013!X\361[3y\3728\237K\341) |\\\310h\332\023H\021B"
 482      5B3379FA 
 482      389F4BE1 
 482      29207C5C 
 482      C868DA13 
 483 0e2c CF523732 		.ascii	"\317R72vU \371\033\031-\264\226\262\026\217[\346F\030"
 483      765520F9 
 483      1B192DB4 
 483      96B2168F 
 483      5BE64618 
 484 0e40 9CBD813C 		.ascii	"\234\275\201<\216\357\375\205f\271\237IT\177\251\265"
 484      8EEFFD85 
 484      66B99F49 
 484      547FA9B5 
 485 0e50 584C1F9B 		.ascii	"XL\037\233\365\260\320\000\037\013Y&iZ|\003H\323\305"
 485      F5B0D000 
 485      1F0B5926 
 485      695A7C03 
 485      48D3C5
 486 0e63 CFF40979 		.ascii	"\317\364\011yz\372-\377x\265\3513~Wt\001~\246O\375V"
 486      7AFA2DFF 
 486      78B5E933 
 486      7E577401 
 486      7EA64FFD 
 487 0e78 E8C834FE 		.ascii	"\350\3104\376\177$\017\037\377?\272ZL\313)@k\012\374"
 487      7F240F1F 
 487      FF3FBA5A 
 487      4CCB2940 
 487      6B0AFC
 488 0e8b 2CC04F13 		.ascii	",\300O\023\000\256\320\374~\315\247f\255o\200\031<c"
 488      00AED0FC 
 488      7ECDA766 
 488      AD6F8019 
 488      3C63
 489 0e9d 21DE3199 		.ascii	"!\3361\231]H\020~\030\024\355\306\302\021Z\330\2622"
 489      5D48107E 
 489      1814EDC6 
 489      C2115AD8 
 489      B232
 490 0eaf 506B5949 		.ascii	"PkYI\340&\177\370ZI\276\374\340K\273z\265\277\257Y\263"
 490      E0267FF8 
 490      5A49BEFC 
 490      E04BBB7A 
 490      B5BFAF59 
 491 0ec4 9C7CF982 		.ascii	"\234|\371\202\216\003\375\315\330\017\304\327\317\254"
 491      8E03FDCD 
 491      D80FC4D7 
 491      CFAC
 492 0ed2 813EB326 		.ascii	"\201>\263&\300\342k\206\351|Mf\377\037\342t_\363j\243"
 492      C0E26B86 
 492      E97C4D66 
ARM GAS  /tmp/ccQHnNyh.s 			page 40


 492      FF1FE274 
 492      5FF36AA3 
 493 0ee6 69B525C0 		.ascii	"i\265%\300b$\361c\014pFX\010(A!\341\313\300\367\036"
 493      6224F163 
 493      0C704658 
 493      08284121 
 493      E1CBC0F7 
 494 0efb FEAB7C2D 		.ascii	"\376\253|-+\371ub \326|\262\342\017f\227O\003\327\220"
 494      2BF97562 
 494      20D67CB2 
 494      E20F6697 
 494      4F03D790 
 495 0f0f A71A8C82 		.ascii	"\247\032\214\202\246\311\254\243\337K\376\033\257\000"
 495      A6C9ACA3 
 495      DF4BFE1B 
 495      AF00
 496 0f1d BB13     		.ascii	"\273\023"
 497              		.text
 498              		.section	.gnu.lto_.symtab.69a1fd588ef4437e,"",%progbits
 499 0000 68616C5F 		.ascii	"hal_lld_init\000\000\000\000\000\000\000\000\000\000"
 499      6C6C645F 
 499      696E6974 
 499      00000000 
 499      00000000 
 500 0016 0000AE00 		.ascii	"\000\000\256\000\000\000stm32_clock_init\000\000\000"
 500      00007374 
 500      6D33325F 
 500      636C6F63 
 500      6B5F696E 
 501 002f 00000000 		.ascii	"\000\000\000\000\000\000\000\000\000\260\000\000\000"
 501      00000000 
 501      00B00000 
 501      00
 502 003c 53797374 		.ascii	"SystemCoreClock\000\000\000\000\000\000\000\000\000"
 502      656D436F 
 502      7265436C 
 502      6F636B00 
 502      00000000 
 503 0054 000000BF 		.ascii	"\000\000\000\277\000\000\000irqInit\000\000\002\000"
 503      00000069 
 503      7271496E 
 503      69740000 
 503      0200
 504 0066 00000000 		.ascii	"\000\000\000\000\000\000\000\000\262\000\000\000dma"
 504      00000000 
 504      B2000000 
 504      646D61
 505 0075 496E6974 		.ascii	"Init\000\000\002\000\000\000\000\000\000\000\000\000"
 505      00000200 
 505      00000000 
 505      00000000 
 506 0085 B4000000 		.ascii	"\264\000\000\000"
 507              		.text
 508              		.section	.gnu.lto_.opts,"",%progbits
 509 0000 272D666E 		.ascii	"'-fno-trapv' '-fno-strict-overflow' '-mcpu=cortex-m"
 509      6F2D7472 
 509      61707627 
ARM GAS  /tmp/ccQHnNyh.s 			page 41


 509      20272D66 
 509      6E6F2D73 
 510 0033 34272027 		.ascii	"4' '-mfloat-abi=hard' '-mfpu=fpv4-sp-d16' '-mno-thu"
 510      2D6D666C 
 510      6F61742D 
 510      6162693D 
 510      68617264 
 511 0066 6D622D69 		.ascii	"mb-interwork' '-mthumb' '-ggdb' '-O0' '-fomit-frame"
 511      6E746572 
 511      776F726B 
 511      2720272D 
 511      6D746875 
 512 0099 2D706F69 		.ascii	"-pointer' '-falign-functions=16' '-ffunction-sectio"
 512      6E746572 
 512      2720272D 
 512      66616C69 
 512      676E2D66 
 513 00cc 6E732720 		.ascii	"ns' '-fdata-sections' '-fno-common' '-flto' '-fsing"
 513      272D6664 
 513      6174612D 
 513      73656374 
 513      696F6E73 
 514 00ff 6C652D70 		.ascii	"le-precision-constant'\000"
 514      72656369 
 514      73696F6E 
 514      2D636F6E 
 514      7374616E 
 515              		.text
 516              		.comm	__gnu_lto_v1,1,1
 517              		.comm	__gnu_lto_slim,1,1
 518              		.ident	"GCC: (GNU Tools for ARM Embedded Processors) 4.9.3 20150529 (release) [ARM/embedded-4_9-br
ARM GAS  /tmp/ccQHnNyh.s 			page 42


DEFINED SYMBOLS
                            *ABS*:00000000 hal_lld.c
                            *COM*:00000001 __gnu_lto_v1
                            *COM*:00000001 __gnu_lto_slim

NO UNDEFINED SYMBOLS
