ARM GAS  /tmp/cc2pVT53.s 			page 1


   1              		.syntax unified
   2              		.cpu cortex-m4
   3              		.eabi_attribute 27, 1
   4              		.eabi_attribute 28, 1
   5              		.fpu fpv4-sp-d16
   6              		.eabi_attribute 20, 1
   7              		.eabi_attribute 21, 1
   8              		.eabi_attribute 23, 3
   9              		.eabi_attribute 24, 1
  10              		.eabi_attribute 25, 1
  11              		.eabi_attribute 26, 1
  12              		.eabi_attribute 30, 6
  13              		.eabi_attribute 34, 1
  14              		.eabi_attribute 18, 4
  15              		.thumb
  16              		.file	"hal_st_lld.c"
  17              		.text
  18              	.Ltext0:
  19              		.section	.gnu.lto_.inline.e97e4853df3ae257,"",%progbits
  20 0000 789C6DCA 		.ascii	"x\234m\312\273\015\2000\014E\321\027\333\341\023\334"
  20      BB0D8030 
  20      0C45D117 
  20      DBE113DC 
  21 0010 53A6A186 		.ascii	"S\246\241\206\311\330\211\222\222\3212\002\216\020H"
  21      C9D88992 
  21      92D13202 
  21      8E1048
  22 001f 805D5C4B 		.ascii	"\200]\\KG\217\341_\014\327\037\000a\200\244\314\020"
  22      478FE15F 
  22      0CD71F00 
  22      6180A4CC 
  22      10
  23 0030 50A5F013 		.ascii	"P\245\360\023\202\250\225\266\374l\222\205}\026\237"
  23      82A895B6 
  23      FC6C9285 
  23      7D169F
  24 003f A3CF8DCF 		.ascii	"\243\317\215\317\255\317\235\317=t1\326c}\361'\011c"
  24      ADCF9DCF 
  24      3D7431D6 
  24      637DF127 
  24      0963
  25 0051 B6D55476 		.ascii	"\266\325Tv\272g\254\265'z\032\014\215"
  25      BA67ACB5 
  25      277A1A0C 
  25      8D
  26              		.text
  27              		.section	.gnu.lto_port_lock.e97e4853df3ae257,"",%progbits
  28 0000 789C6366 		.ascii	"x\234cf\300\004\242@\274\210\221\201a\005\210\303\314"
  28      C004A240 
  28      BC889181 
  28      610588C3 
  28      CC
  29 0011 C0C8C400 		.ascii	"\300\310\304\000\304\214@\001\006F\206z&\306z\306\227"
  29      C48C4001 
  29      0646867A 
  29      26C67AC6 
  29      97
ARM GAS  /tmp/cc2pVT53.s 			page 2


  30 0022 4C1F9918 		.ascii	"L\037\231\030'\034X=\203[}iCC\303\207E[\333\304\032"
  30      271C583D 
  30      835B7D69 
  30      4343C387 
  30      455BDBC4 
  31 0037 A624FC04 		.ascii	"\246$\374\004*\374\314\0041\203q9\243:\003P\325\307"
  31      2AFCCC04 
  31      31837139 
  31      A33A0350 
  31      D5C7
  32 0049 96BFD7B9 		.ascii	"\226\277\327\271\331Z\200\252\004 r\214+\030\331\200"
  32      D95A80AA 
  32      0420728C 
  32      2B18D980 
  33 0059 463102E5 		.ascii	"F1\002\345V7\2348\310\303l\313\010R\267s\335\227\263"
  33      56379C38 
  33      C8C36CCB 
  33      0852B773 
  33      DD97B3
  34 006c DC2F987E 		.ascii	"\334/\230~21*\200\270\273&\235\230\301\006\3422\261"
  34      32312A80 
  34      B8BB269D 
  34      98C106E2 
  34      32B1
  35 007e 80B857A6 		.ascii	"\200\270W\246\376\234\310\246\274\260\241\241\251af"
  35      FE9CC8A6 
  35      BCB0A1A1 
  35      A96166
  36 008d C302A68E 		.ascii	"\303\002\246\216\003\377\377\333\377dbf\\\311\310\014"
  36      03FFFFDB 
  36      FF646266 
  36      5CC9C80C 
  37 009d 34947115 		.ascii	"4\224q\025\243\024\343jF)\250\363\031\3270*\257\027"
  37      A314E36A 
  37      4629A8F3 
  37      19D7302A 
  37      AF17
  38 00af 3AD0F0FF 		.ascii	":\320\360\377\377\342e{v\262\001\235\016\026b`x\002"
  38      FFE2657B 
  38      76B2019D 
  38      0E166260 
  38      7802
  39 00c1 76DB5326 		.ascii	"v\333S& \305|\213\261\351\003\013\303w&\220;\036\366"
  39      20C57C8B 
  39      B1E9030B 
  39      C3772690 
  39      3B1EF6
  40 00d4 7EDDCC08 		.ascii	"~\335\314\010\262\214Y\201\201q-\320\234\333\214M\217"
  40      B28C5981 
  40      81712DD0 
  40      9CDB8C4D 
  40      8F
  41 00e5 66B7BD35 		.ascii	"f\267\2755Gq\377\203#\357x\300\346\200|\360\231\211"
  41      4771FF83 
  41      23EF78C0 
  41      E6807CF0 
  41      9989
ARM GAS  /tmp/cc2pVT53.s 			page 3


  42 00f7 11DD778C 		.ascii	"\021\335w\214\353\030\331\200\226\257\007y\217\221\241"
  42      EB18D980 
  42      96AF0779 
  42      8F91A1
  43 0106 1764F0FD 		.ascii	"\027d\360\3757?&3\313\317c\234\3330C\341'\304'So\377"
  43      373F2633 
  43      CBCF639C 
  43      DB3043E1 
  43      27C42753 
  44 011c 6EE46201 		.ascii	"n\344b\001\205\350\006Fy\006\220\310\374\013\033:Y\201"
  44      85E80646 
  44      790690C8 
  44      FC0B1B3A 
  44      5981
  45 012e 228C1B19 		.ascii	"\"\214\033\031Y\200\356\001\312lbd\001\212\237j_\360"
  45      5980EE01 
  45      CA6C6264 
  45      018A9F6A 
  45      5FF0
  46 0140 8D457E21 		.ascii	"\215E~!T3+H\351\2057\307vq\2025o\006if\334\302\310\302"
  46      54332B48 
  46      E98537C7 
  46      76718235 
  46      6F066966 
  47 0158 708FB1F1 		.ascii	"p\217\261\361\300\364\347\034 G\201|\367\004d\002P\205"
  47      C0F4E71C 
  47      2047817C 
  47      F7046402 
  47      5085
  48 016a 55724666 		.ascii	"UrFfRf~q|qIbRN\252\256\241\205\236\221^\205~~\261~r"
  48      52667E71 
  48      7C714962 
  48      524EAAAE 
  48      A1859E91 
  49 0185 7E6E6E7E 		.ascii	"~nn~\236~A~QI\261\276c\220\257\263o\205~rFr~Qj|\231"
  49      9E7E417E 
  49      5149B1BE 
  49      6390AFB3 
  49      6F857E72 
  50 01a0 79AE5E06 		.ascii	"y\256^\006\003{Rbqj@Q\246;!#R+J@\006\350;\373\006{\006"
  50      037B5262 
  50      716A4051 
  50      A63B2123 
  50      522B4A40 
  51 01bb EB3B034D 		.ascii	"\353;\003M\320\367\314K\316)MI\325O\316-\316,\216OO"
  51      D0F7CC4B 
  51      CE294D49 
  51      D54FCE2D 
  51      CE2C8E4F 
  52 01d0 4E069A27 		.ascii	"N\006\232'\340\033\034\244\0002\263\240(SGA\325\200"
  52      E01B1CA4 
  52      0032B3A0 
  52      28534741 
  52      D580
  53 01e2 81A98881 		.ascii	"\201\251\210\201=757\277\250\222\001\000O\350\301\340"
  53      3D373537 
  53      BFA89201 
ARM GAS  /tmp/cc2pVT53.s 			page 4


  53      004FE8C1 
  53      E0
  54              		.text
  55              		.section	.gnu.lto_port_unlock.e97e4853df3ae257,"",%progbits
  56 0000 789C6366 		.ascii	"x\234cf\300\004\242@\274\210\221\201a\005\210\303\314"
  56      C004A240 
  56      BC889181 
  56      610588C3 
  56      CC
  57 0011 C0C8C400 		.ascii	"\300\310\304\000\304\214@\001\006F\206z&\306z\306\227"
  57      C48C4001 
  57      0646867A 
  57      26C67AC6 
  57      97
  58 0022 4C1F9918 		.ascii	"L\037\231\030'\034X=\203[}iCC\303\207E\273\333\304\032"
  58      271C583D 
  58      835B7D69 
  58      4343C387 
  58      45BBDBC4 
  59 0037 A624FC04 		.ascii	"\246$\374\004*\374\314\0041\203q9\243:\003P\325\307"
  59      2AFCCC04 
  59      31837139 
  59      A33A0350 
  59      D5C7
  60 0049 96BFD7B9 		.ascii	"\226\277\327\271\331Z\200\252\004 r\214+\030\331\200"
  60      D95A80AA 
  60      0420728C 
  60      2B18D980 
  61 0059 463102E5 		.ascii	"F1\002\345V7\2348\310\303l\313\010R\267s\335\227\263"
  61      56379C38 
  61      C8C36CCB 
  61      0852B773 
  61      DD97B3
  62 006c DC2F987E 		.ascii	"\334/\230~21*\200\270\273&\235\230\301\006\3422\261"
  62      32312A80 
  62      B8BB269D 
  62      98C106E2 
  62      32B1
  63 007e 80B857A6 		.ascii	"\200\270W\246\376\234\310\246\274\260\241\241\251af"
  63      FE9CC8A6 
  63      BCB0A1A1 
  63      A96166
  64 008d C302A68E 		.ascii	"\303\002\246\216\003\377\377\333\377dbf\\\311\310\014"
  64      03FFFFDB 
  64      FF646266 
  64      5CC9C80C 
  65 009d 34947115 		.ascii	"4\224q\025\243\024\343jF)\250\363\031\3270*\257\027"
  65      A314E36A 
  65      4629A8F3 
  65      19D7302A 
  65      AF17
  66 00af 3AD0F0FF 		.ascii	":\320\360\377\377\342\345s\366\262\001\235\016\026b"
  66      FFE2E573 
  66      F6B2019D 
  66      0E1662
  67 00be 60780276 		.ascii	"`x\002v\333S& \305|\213\261\351\003\013\303w&\220;\356"
  67      DB532620 
ARM GAS  /tmp/cc2pVT53.s 			page 5


  67      C57C8BB1 
  67      E9030BC3 
  67      7726903B 
  68 00d3 3F397F91 		.ascii	"?9\177\221\003d\0313P\363Z\2409\267\031\233\036\315"
  68      03641933 
  68      50F35AA0 
  68      39B7199B 
  68      1ECD
  69 00e5 6E7B6B8E 		.ascii	"n{k\216\342\376\007K\276\363\200\315\001\371\3403\023"
  69      E2FE074B 
  69      BEF380CD 
  69      01F9E033 
  69      13
  70 00f6 23BAEF18 		.ascii	"#\272\357\030\3271\262\001\365\257\007y\217\221\241"
  70      D731B201 
  70      F5AF0779 
  70      8F91A1
  71 0105 176CF09B 		.ascii	"\027l\360\233\037\223\231\345\3471\316m\230\241\360"
  71      1F9399E5 
  71      E731CE6D 
  71      98A1F0
  72 0114 13E293A9 		.ascii	"\023\342\223\251\267\1777r\261\200Bt\003\243<\003Hd"
  72      B77F3772 
  72      B1804274 
  72      03A33C03 
  72      4864
  73 0126 FE850D9D 		.ascii	"\376\205\015\235\254@\021\306\215\214,@\367\000e61\262"
  73      AC4011C6 
  73      8D8C2C40 
  73      F7006536 
  73      31B2
  74 0138 00C54FB5 		.ascii	"\000\305O\265/\370\306\"\277\020\252\231\025\244\364"
  74      2FF8C622 
  74      BF10AA99 
  74      15A4F4
  75 0147 C29B63BB 		.ascii	"\302\233c\2738\301\2327\20343nada\270\307\330x\340\362"
  75      38C19A37 
  75      8334336E 
  75      616461B8 
  75      C7D878E0 
  76 015c 730E90A3 		.ascii	"s\016\220\243@\276{\0022\001\250\302*9#3)3\2778\276"
  76      40BE7B02 
  76      3201A8C2 
  76      2A392333 
  76      2933BF38 
  77 0171 B8243129 		.ascii	"\270$1)'U\327\320B\317H\257B?\277X?9?77?O\277 \277\250"
  77      2755D7D0 
  77      42CF48AF 
  77      423FBF58 
  77      3F393F37 
  78 018c A458DF31 		.ascii	"\244X\3371\310\327\331\267B?9#9\277(5\276\314<W/\203"
  78      C8D7D9B7 
  78      423F3923 
  78      39BF2835 
  78      BECC3C57 
  79 01a2 813D29B1 		.ascii	"\201=)\26185\240(\323\235\220\021\251\025% \003\364"
  79      3835A028 
ARM GAS  /tmp/cc2pVT53.s 			page 6


  79      D39D9011 
  79      A9152520 
  79      03F4
  80 01b4 9D7D833D 		.ascii	"\235}\203=\203\365\235\201&\350{\346%\347\224\246\244"
  80      83F59D81 
  80      26E87BE6 
  80      25E794A6 
  80      A4
  81 01c5 EA27E716 		.ascii	"\352'\347\026g\026\307\247''\003\315\023\360\015\016"
  81      6716C7A7 
  81      272703CD 
  81      13F00D0E 
  82 01d5 52009959 		.ascii	"R\000\231YP\224\251\243\240j\300\300T\304\300\236\233"
  82      5094A9A3 
  82      A06AC0C0 
  82      54C4C09E 
  82      9B
  83 01e6 9A9B5F54 		.ascii	"\232\233_T\311\000\000\214\031\302$"
  83      C900008C 
  83      19C224
  84              		.text
  85              		.section	.gnu.lto_port_lock_from_isr.e97e4853df3ae257,"",%progbits
  86 0000 789C6366 		.ascii	"x\234cf\300\004\242@\274\000\210m@\034f\006F&\006 f"
  86      C004A240 
  86      BC00886D 
  86      401C6606 
  86      46260620 
  87 0015 64047218 		.ascii	"d\004r\030\031\352\231\030\353\031_2}db\234p`\365\014"
  87      19EA9918 
  87      EB195F32 
  87      7D64629C 
  87      7060F50C 
  88 0029 6EF5A50D 		.ascii	"n\365\245\015\015\015\037&\355o\023k\230\222\360\023"
  88      0D0D1F26 
  88      ED6F136B 
  88      9892F013 
  89 0039 A8F03313 		.ascii	"\250\3603\023\304\014\306\345\214\352\014@U\037[\376"
  89      C40CC6E5 
  89      8CEA0C40 
  89      551F5BFE 
  90 0049 5EE7666B 		.ascii	"^\347fk\001\252\022\200\3101\256`d\003\031\265^\350"
  90      01AA1280 
  90      C831AE60 
  90      640319B5 
  90      5EE8
  91 005b 40C3FFFF 		.ascii	"@\303\377\377\217\327\235\331\317\0062\372\011X\337"
  91      8FD79DD9 
  91      CF0632FA 
  91      0958DF
  92 006a 532620C5 		.ascii	"S& \305|\207\261\371\300\367\347\022 \225 #\346]\356"
  92      7C87B1F9 
  92      C0F7E712 
  92      20952023 
  92      E65DEE
  93 007d 5BC754FB 		.ascii	"[\307T\373\273\241\243\201\343'\023\343g&\240j\306\225"
  93      BBA1A381 
  93      E32713E3 
ARM GAS  /tmp/cc2pVT53.s 			page 7


  93      6726A06A 
  93      C695
  94 008f 8CB50C3F 		.ascii	"\214\265\014?\201\212\35716\036\370\371\234\003\254"
  94      818AEF31 
  94      361EF8F9 
  94      9C03AC
  95 009e 9401640A 		.ascii	"\224\001d\012P\022h\204UrFfRf~q|qIbRN\252\256\241\205"
  95      50126884 
  95      55724666 
  95      52667E71 
  95      7C714962 
  96 00b8 9E915E85 		.ascii	"\236\221^\205~~\261~r~nn~\236~A~QI\261\276c\220\257"
  96      7E7EB17E 
  96      727E6E6E 
  96      7E9E7E41 
  96      7E5149B1 
  97 00d0 B36F857E 		.ascii	"\263o\205~rFr~Qj|\231y\256^\006\003\000\017\340J\215"
  97      7246727E 
  97      516A7C99 
  97      79AE5E06 
  97      03000FE0 
  98              		.text
  99              		.section	.gnu.lto_port_unlock_from_isr.e97e4853df3ae257,"",%progbits
 100 0000 789C6366 		.ascii	"x\234cf\300\004\242@\274\000\210m@\034f\006F&\006 f"
 100      C004A240 
 100      BC00886D 
 100      401C6606 
 100      46260620 
 101 0015 64047218 		.ascii	"d\004r\030\031\352\231\030\353\031_2}db\234p`\365\014"
 101      19EA9918 
 101      EB195F32 
 101      7D64629C 
 101      7060F50C 
 102 0029 6EF5A50D 		.ascii	"n\365\245\015\015\015\037\016]l\023k\230\222\360\023"
 102      0D0D1F0E 
 102      5D6C136B 
 102      9892F013 
 103 0039 A8F03313 		.ascii	"\250\3603\023\304\014\306\345\214\352\014@U\037[\376"
 103      C40CC6E5 
 103      8CEA0C40 
 103      551F5BFE 
 104 0049 5EE7666B 		.ascii	"^\347fk\001\252\022\200\3101\256`d\003\031\265^\350"
 104      01AA1280 
 104      C831AE60 
 104      640319B5 
 104      5EE8
 105 005b 40C3FFFF 		.ascii	"@\303\377\377\217\327\377\271\310\0062\372\011X\337"
 105      8FD7FFB9 
 105      C80632FA 
 105      0958DF
 106 006a 532620C5 		.ascii	"S& \305|\207\261\371\300\334W\022 \225 #\346]\356[\307"
 106      7C87B1F9 
 106      C0DC5712 
 106      20952023 
 106      E65DEE5B 
 107 007f 54FBBBA1 		.ascii	"T\373\273\241\243\201\343'\023\343g&\240j\306\225\214"
 107      A381E327 
ARM GAS  /tmp/cc2pVT53.s 			page 8


 107      13E36726 
 107      A06AC695 
 107      8C
 108 0090 B50C3F81 		.ascii	"\265\014?\201\212\35716\036\230\377\212\003\254\224"
 108      8AEF3136 
 108      1E98FF8A 
 108      03AC94
 109 009f 01640A50 		.ascii	"\001d\012P\022h\204UrFfRf~q|qIbRN\252\256\241\205\236"
 109      12688455 
 109      72466652 
 109      667E717C 
 109      71496252 
 110 00b9 915E857E 		.ascii	"\221^\205~~\261~r~nn~\236~A~QI\261\276c\220\257\263"
 110      7EB17E72 
 110      7E6E6E7E 
 110      9E7E417E 
 110      5149B1BE 
 111 00d1 6F857E72 		.ascii	"o\205~rFr~Qj|\231y\256^\006\003\000&^Jd"
 111      46727E51 
 111      6A7C9979 
 111      AE5E0603 
 111      00265E4A 
 112              		.text
 113              		.section	.gnu.lto_chSysLockFromISR.e97e4853df3ae257,"",%progbits
 114 0000 789C6366 		.ascii	"x\234cf\300\004\242@<\017\210\365@\034f\006F&\006 f"
 114      C004A240 
 114      3C0F88F5 
 114      401C6606 
 114      46260620 
 115 0015 64047218 		.ascii	"d\004r\030\031\352\231\030\353\031_2}db\234p`\365\014"
 115      19EA9918 
 115      EB195F32 
 115      7D64629C 
 115      7060F50C 
 116 0029 6EF5A50D 		.ascii	"n\365\245\015\015\015\037&]\336\310\3300%\341'P\341"
 116      0D0D1F26 
 116      5DDEC8D8 
 116      3025E127 
 116      50E1
 117 003b 67268819 		.ascii	"g&\210\031\214\313\031\325\031\200\252>\266\374\275"
 117      8CCB19D5 
 117      1980AA3E 
 117      B6FCBD
 118 004a CECDD602 		.ascii	"\316\315\326\002T%\000\221c\\\301\310\0062j\275\320"
 118      54250091 
 118      635CC1C8 
 118      06326ABD 
 118      D0
 119 005b 8186FFFF 		.ascii	"\201\206\377\377\037\257}s\231\025\310}\002\326\366"
 119      1FAF7D73 
 119      9915C87D 
 119      02D6F6
 120 006a 94094831 		.ascii	"\224\011H1\337al>\260\375\026#H!\310\204y\227\373\326"
 120      DF616C3E 
 120      B0FD1623 
 120      4821C884 
 120      7997FBD6 
ARM GAS  /tmp/cc2pVT53.s 			page 9


 121 007e 31D5FE6E 		.ascii	"1\325\376n\350h\340\370\311\304\370\231\011\250\232"
 121      E868E0F8 
 121      C9C4F899 
 121      09A89A
 122 008d 7125632D 		.ascii	"q%c-\303O\240\342{\214\215\007\366F\201U2\200\014\001"
 122      C34FA0E2 
 122      7B8C8D07 
 122      F6468155 
 122      32800C01 
 123 00a1 CA014DD0 		.ascii	"\312\001M\320I\316\310L\312\314/\216/.IL\312I\3255\264"
 123      49CEC84C 
 123      CACC2F8E 
 123      2F2E494C 
 123      CA49D535 
 124 00b6 D033D2AB 		.ascii	"\3203\322\253\320\317/\326/*\321\317\314K\316)MI\325"
 124      D0CF2FD6 
 124      2F2AD1CF 
 124      CC4BCE29 
 124      4D49D5
 125 00c9 4FCE28AE 		.ascii	"O\316(\256,\326\313`\000\000\2164D\304"
 125      2CD6CB60 
 125      00008E34 
 125      44C4
 126              		.text
 127              		.section	.gnu.lto_chSysUnlockFromISR.e97e4853df3ae257,"",%progbits
 128 0000 789C6366 		.ascii	"x\234cf\300\004\242@<\017\210\365@\034f\006F&\006 f"
 128      C004A240 
 128      3C0F88F5 
 128      401C6606 
 128      46260620 
 129 0015 64047218 		.ascii	"d\004r\030\031\352\231\030\353\031_2}db\234p`\365\014"
 129      19EA9918 
 129      EB195F32 
 129      7D64629C 
 129      7060F50C 
 130 0029 6EF5A50D 		.ascii	"n\365\245\015\015\015\037.]\337\310\3300%\341'P\341"
 130      0D0D1F2E 
 130      5DDFC8D8 
 130      3025E127 
 130      50E1
 131 003b 67268819 		.ascii	"g&\210\031\214\313\031\325\031\200\252>\266\374\275"
 131      8CCB19D5 
 131      1980AA3E 
 131      B6FCBD
 132 004a CECDD602 		.ascii	"\316\315\326\002T%\000\221c\\\301\310\0062j\275\320"
 132      54250091 
 132      635CC1C8 
 132      06326ABD 
 132      D0
 133 005b 8186FFFF 		.ascii	"\201\206\377\377\037\257[s\223\025\310}\002\326\366"
 133      1FAF5B73 
 133      9315C87D 
 133      02D6F6
 134 006a 94094831 		.ascii	"\224\011H1\337al>0\3716#H!\310\204y\227\373\3261\325"
 134      DF616C3E 
 134      30F93623 
 134      4821C884 
ARM GAS  /tmp/cc2pVT53.s 			page 10


 134      7997FBD6 
 135 0080 FE6EE868 		.ascii	"\376n\350h\340\370\311\304\370\231\011\250\232q%c-\303"
 135      E0F8C9C4 
 135      F89909A8 
 135      9A712563 
 135      2DC3
 136 0092 4FA0E27B 		.ascii	"O\240\342{\214\215\007\246F\203U2\200\014\001\312\001"
 136      8C8D07A6 
 136      46835532 
 136      800C01CA 
 136      01
 137 00a3 4DD049CE 		.ascii	"M\320I\316\310L\312\314/\216/.IL\312I\3255\264\3203"
 137      C84CCACC 
 137      2F8E2F2E 
 137      494CCA49 
 137      D535B4D0 
 138 00b8 D2ABD0CF 		.ascii	"\322\253\320\317/\326/*\321\317\314K\316)MI\325O\316"
 138      2FD62F2A 
 138      D1CFCC4B 
 138      CE294D49 
 138      D54FCE
 139 00cb 28AE2CD6 		.ascii	"(\256,\326\313`\000\000\213\202D\205"
 139      CB600000 
 139      8B824485 
 140              		.text
 141              		.section	.gnu.lto_osalSysLockFromISR.e97e4853df3ae257,"",%progbits
 142 0000 789C6366 		.ascii	"x\234cf\300\004\242@\274\000\210\365@\034f\006F&\006"
 142      C004A240 
 142      BC0088F5 
 142      401C6606 
 142      462606
 143 0013 20666404 		.ascii	" fd\004r\030\031\352\231\030\353\031_2}db\234p`\365"
 143      721819EA 
 143      9918EB19 
 143      5F327D64 
 143      629C7060 
 144 0028 0C6EF5A5 		.ascii	"\014n\365\245\015\015\015\0376Mm\023k\230\222\360\023"
 144      0D0D0D1F 
 144      364D6D13 
 144      6B9892F0 
 144      13
 145 0039 A8F03313 		.ascii	"\250\3603\023\304\014\306\345\214\352\014@U\037[\376"
 145      C40CC6E5 
 145      8CEA0C40 
 145      551F5BFE 
 146 0049 5EE7666B 		.ascii	"^\347fk\001\252\022\200\3101\256`d\003\031\265^\350"
 146      01AA1280 
 146      C831AE60 
 146      640319B5 
 146      5EE8
 147 005b 40C3FFFF 		.ascii	"@\303\377\377\217\327\275\231\312\0062\372\011X\337"
 147      8FD7BD99 
 147      CA0632FA 
 147      0958DF
 148 006a 532620C5 		.ascii	"S& \305|\207\261\371\300\355G\022 \225 #\346]\356[\307"
 148      7C87B1F9 
 148      C0ED4712 
ARM GAS  /tmp/cc2pVT53.s 			page 11


 148      20952023 
 148      E65DEE5B 
 149 007f 54FBBBA1 		.ascii	"T\373\273\241\243\201\343'\023\343g&\240j\306\225\214"
 149      A381E327 
 149      13E36726 
 149      A06AC695 
 149      8C
 150 0090 B50C3F81 		.ascii	"\265\014?\201\212\35716\036\270\373\210\003\254\224"
 150      8AEF3136 
 150      1EB8FB88 
 150      03AC94
 151 009f 01640A50 		.ascii	"\001d\012P\022h\204NrFfRf~q|qIbRN\252\256\241\205\236"
 151      1268844E 
 151      72466652 
 151      667E717C 
 151      71496252 
 152 00b9 915E857E 		.ascii	"\221^\205~~\261~Fb\016\220\002\022E%`Z/\203\001\000"
 152      7EB17E46 
 152      620E9002 
 152      12452560 
 152      5A2F8301 
 153 00ce E30244FE 		.ascii	"\343\002D\376"
 154              		.text
 155              		.section	.gnu.lto_osalSysUnlockFromISR.e97e4853df3ae257,"",%progbits
 156 0000 789C6366 		.ascii	"x\234cf\300\004\242@\274\000\210\365@\034f\006F&\006"
 156      C004A240 
 156      BC0088F5 
 156      401C6606 
 156      462606
 157 0013 20666404 		.ascii	" fd\004r\030\031\352\231\030\353\031_2}db\234p`\365"
 157      721819EA 
 157      9918EB19 
 157      5F327D64 
 157      629C7060 
 158 0028 0C6EF5A5 		.ascii	"\014n\365\245\015\015\015\037\036Mo\023k\230\222\360"
 158      0D0D0D1F 
 158      1E4D6F13 
 158      6B9892F0 
 159 0038 13A8F033 		.ascii	"\023\250\3603\023\304\014\306\345\214\352\014@U\037"
 159      13C40CC6 
 159      E58CEA0C 
 159      40551F
 160 0047 5BFE5EE7 		.ascii	"[\376^\347fk\001\252\022\200\3101\256`d\003\031\265"
 160      666B01AA 
 160      1280C831 
 160      AE606403 
 160      19B5
 161 0059 5EE840C3 		.ascii	"^\350@\303\377\377\217\327\317\231\311\0062\372\011"
 161      FFFF8FD7 
 161      CF99C906 
 161      32FA09
 162 0068 58DF5326 		.ascii	"X\337S& \305|\207\261\371\300\304\307\022 \225 #\346"
 162      20C57C87 
 162      B1F9C0C4 
 162      C7122095 
 162      2023E6
 163 007b 5DEE5BC7 		.ascii	"]\356[\307T\373\273\241\243\201\343'\023\343g&\240j"
ARM GAS  /tmp/cc2pVT53.s 			page 12


 163      54FBBBA1 
 163      A381E327 
 163      13E36726 
 163      A06A
 164 008d C6958CB5 		.ascii	"\306\225\214\265\014?\201\212\35716\036\230\374\230"
 164      0C3F818A 
 164      EF31361E 
 164      98FC98
 165 009c 03AC9401 		.ascii	"\003\254\224\001d\012P\022h\204NrFfRf~q|qIbRN\252\256"
 165      640A5012 
 165      68844E72 
 165      46665266 
 165      7E717C71 
 166 00b6 A1859E91 		.ascii	"\241\205\236\221^\205~~\261~Fb\016\220\002\022E%`Z/"
 166      5E857E7E 
 166      B17E4662 
 166      0E900212 
 166      4525605A 
 167 00cb 830100B1 		.ascii	"\203\001\000\261>DS"
 167      3E4453
 168              		.text
 169              		.section	.gnu.lto_osalOsTimerHandlerI.e97e4853df3ae257,"",%progbits
 170 0000 789C6366 		.ascii	"x\234cf\300\004\242@\274\000\210\365@\034f\006F&\006"
 170      C004A240 
 170      BC0088F5 
 170      401C6606 
 170      462606
 171 0013 20666404 		.ascii	" fd\004r\030\031\352\231\030\353\031_2}db\234p`\365"
 171      721819EA 
 171      9918EB19 
 171      5F327D64 
 171      629C7060 
 172 0028 0C6EF5A5 		.ascii	"\014n\365\245\015\015\015\037&mo\023k\230\222\360\023"
 172      0D0D0D1F 
 172      266D6F13 
 172      6B9892F0 
 172      13
 173 0039 A8F03313 		.ascii	"\250\3603\023\304\014\306\345\214\352\014@U\037[\376"
 173      C40CC6E5 
 173      8CEA0C40 
 173      551F5BFE 
 174 0049 5EE7666B 		.ascii	"^\347fk\001\252\022\200\3101\256`d\003\031\265^\350"
 174      01AA1280 
 174      C831AE60 
 174      640319B5 
 174      5EE8
 175 005b 40C3FFFF 		.ascii	"@\303\377\377\213\327\237\331\316\0062\372\011X\337"
 175      8BD79FD9 
 175      CE0632FA 
 175      0958DF
 176 006a 532620C5 		.ascii	"S& \305|\207\261\371\300\367g\022 \225 #\346]\356[\307"
 176      7C87B1F9 
 176      C0F76712 
 176      20952023 
 176      E65DEE5B 
 177 007f 54FBBBA1 		.ascii	"T\373\273\241\243\201\343'\023\343g&\240j\306\225\214"
 177      A381E327 
ARM GAS  /tmp/cc2pVT53.s 			page 13


 177      13E36726 
 177      A06AC695 
 177      8C
 178 0090 B50C3F81 		.ascii	"\265\014?\201\212\35716\036\370\371\214\003\254\224"
 178      8AEF3136 
 178      1EF8F98C 
 178      03AC94
 179 009f 01640A50 		.ascii	"\001d\012P\022h\204NrFfRf~q|qIbRN\252\256\241\205\236"
 179      1268844E 
 179      72466652 
 179      667E717C 
 179      71496252 
 180 00b9 915E857E 		.ascii	"\221^\205~~\261~Fb\016\220\002\022E%`Z/\203\001\000"
 180      7EB17E46 
 180      620E9002 
 180      12452560 
 180      5A2F8301 
 181 00ce DA194503 		.ascii	"\332\031E\003"
 182              		.text
 183              		.section	.gnu.lto_VectorB0.e97e4853df3ae257,"",%progbits
 184 0000 789C8553 		.ascii	"x\234\205SAh\023A\024\235?3\233\006\242 \275(\271(\344"
 184      41681341 
 184      149D3F33 
 184      9B06A220 
 184      BD28B928 
 185 0015 507A4896 		.ascii	"PzH\226\326\203\336,\342Eh/\332\223\227\322V\241\205"
 185      D683DE2C 
 185      E245682F 
 185      DA9397D2 
 185      56A185
 186 0028 40C414F1 		.ascii	"@\304\024\361R:i\266\265\305*E{\250JL<\250\255\3214"
 186      523A69B6 
 186      B5C52A45 
 186      7BA84A4C 
 186      3CA8ADD1 
 187 003d 461B4D73 		.ascii	"F\033MsY\244\324j+bD\212\241h\301\004\354AIM\301.b\327"
 187      59A4D46A 
 187      2B62448A 
 187      A168C104 
 187      EC41494D 
 188 0055 3F9B1583 		.ascii	"?\233\025\203\032\\\330\031f\376{o\336\177;\313\310"
 188      1A5CD819 
 188      66FE7B6F 
 188      DE7F3BCB 
 188      C8
 189 0066 DF4F23BE 		.ascii	"\337O#\276'\030!\207\345B!@\011\276\0247\004\3458p\006"
 189      27182187 
 189      E5422140 
 189      09BE1437 
 189      04E53870 
 190 007b 380107C0 		.ascii	"8\001\007\3002\220\001\3128\014\300:\335\2400\256\307"
 190      329001CA 
 190      380CC03A 
 190      DDA030AE 
 190      C7
 191 008c 275D0DB7 		.ascii	"']\015\267\204\020\245\234\311\207\366\030H-\323\212"
 191      8410A59C 
ARM GAS  /tmp/cc2pVT53.s 			page 14


 191      C987F618 
 191      482DD38A 
 192 009c 2ADC8106 		.ascii	"*\334\201\006\202\230\015\355\307\212\313\241!fW\245"
 192      82980DED 
 192      C78ACBA1 
 192      216657A5 
 193 00ac 0653E040 		.ascii	"\006S\340@)\216\265Lb\363\245\353\0235(\354\223\320"
 193      298EB54C 
 193      62F3A5EB 
 193      133528EC 
 193      93D0
 194 00be B9CB8B93 		.ascii	"\271\313\213\223\016\271\304sq\031\0357t\356\271)\304"
 194      0EB9C473 
 194      71191D37 
 194      74EEB929 
 194      C4
 195 00cf E0DAD8E8 		.ascii	"\340\332\330\350\322\216\241E\241\255\231\346^\003\255"
 195      D28EA145 
 195      A1AD99E6 
 195      5E03AD
 196 00de A1104C83 		.ascii	"\241\020L\203\033\356\202\333n\002\342\340AN~>rE\261"
 196      1BEE82DB 
 196      6E02E2E0 
 196      414E7E3E 
 196      7245B1
 197 00f1 38E2EA44 		.ascii	"8\342\352D\214\216\350\246y\310@\271\177\020\356\375"
 197      8C8EE8A6 
 197      79C840B9 
 197      7F10EEFD 
 198 0101 41D033A9 		.ascii	"A\3203\251\251\026-&\266M\023jP\356[\224*_\027\247_"
 198      A9162D26 
 198      B64D136A 
 198      50EE5B94 
 198      2A5F17A7 
 199 0116 FCCF5702 		.ascii	"\374\317W\002<3\365\2720\315\362\366\307\363\007\236"
 199      3C33F5BA 
 199      30CDF2F6 
 199      C7F3079E 
 200 0126 53050822 		.ascii	"S\005\010\")\016\234\311\201\313%!\005+\266\"\305\211"
 200      290E9CC9 
 200      81CB2521 
 200      052BB622 
 200      C589
 201 0138 E561B094 		.ascii	"\345a\260\224\\\230WdR\3370A\012_\226\236\015+2\031"
 201      5C985764 
 201      52DF3041 
 201      0A5F969E 
 201      0D2B3219 
 202 014c 86390A4E 		.ascii	"\2069\012N`\006\017\310\303\3234T0\362c|(\274z\355\264"
 202      60060FC8 
 202      C3D33454 
 202      30F2637C 
 202      28BC7AED 
 203 0161 3044A637 		.ascii	"0D\2467\273\025\375\2743\002\327\261\027\005E )-\341"
 203      BB15FDBC 
 203      3302D7B1 
 203      17054520 
ARM GAS  /tmp/cc2pVT53.s 			page 15


 203      292DE1
 204 0174 7E61F942 		.ascii	"~a\371B\332\351\215\013\015\013\016x\000\021\370j\035"
 204      DAE98D0B 
 204      0D0B0E78 
 204      0011F86A 
 204      1D
 205 0185 0D29F0A2 		.ascii	"\015)\360\242dxkx\231UDYE\367\332Jq\223I]\216\315=D"
 205      64786B78 
 205      99554459 
 205      45F7DA4A 
 205      7193495D 
 206 019d 95B7A0BD 		.ascii	"\225\267\240\275\013\273m\014\002B\267\263cu\026\000"
 206      0BBB6D0C 
 206      0242B7B3 
 206      63751600 
 207 01ad 551ED99D 		.ascii	"U\036\331\235\027\245\015\253\223\322\302\204\335\011"
 207      17A50DAB 
 207      93D2C284 
 207      DD09
 208 01bb FF65BB14 		.ascii	"\377e\273\024\333-w\252\\\206\204\320\033-\247\274\206"
 208      DB2D77AA 
 208      5C8684D0 
 208      1B2DA7BC 
 208      86
 209 01cc D3D9DF4E 		.ascii	"\323\331\337N\323\340\255\356\327\201[\217\221\263\012"
 209      D3E0ADEE 
 209      D7815B8F 
 209      91B30A
 210 01db 613D9AA3 		.ascii	"a=\232\243RY\322o\274\271\224\240\375\337\305\210p\032"
 210      5259D26F 
 210      BCB994A0 
 210      FDDFC588 
 210      701A
 211 01ed B4AE4CF1 		.ascii	"\264\256L\361\316\301\023\350\307\270\235\0264Y_\013"
 211      CEC113E8 
 211      C7B89D16 
 211      34595F0B 
 212 01fd 297F804C 		.ascii	")\177\200L\0252U\023\211=\302\234\215\224=c\002L229"
 212      15325513 
 212      893DC29C 
 212      8D943D63 
 212      024C3232 
 213 0212 A8459121 		.ascii	"\250E\221!em\312{\010\351\331c\026\222\310+\200\026"
 213      656DCA7B 
 213      08E9D963 
 213      1692C82B 
 213      8016
 214 0224 F1EC96EE 		.ascii	"\361\354\226\356\236\336\256\336@\260#\330\327\331\345"
 214      9EDEAEDE 
 214      40B023D8 
 214      D7D9E5
 215 0233 3FE56D3A 		.ascii	"?\345m:\350k\366\235S\003A\265\247\323\257\236\016\234"
 215      E86BF69D 
 215      530341B5 
 215      A7D3AF9E 
 215      0E9C
 216 0245 E90BAAC7 		.ascii	"\351\013\252\307\333\333\3667\253\255\255G\324\366\243"
ARM GAS  /tmp/cc2pVT53.s 			page 16


 216      DBDBF637 
 216      ABADAD47 
 216      D4F6A3
 217 0254 6D679B64 		.ascii	"mg\233d\005\341\035~\377I_7\371\011\030\263;\012"
 217      05E11D7E 
 217      FF495F37 
 217      F90918B3 
 217      3B0A
 218              		.text
 219              		.section	.gnu.lto_st_lld_init.e97e4853df3ae257,"",%progbits
 220 0000 789C9596 		.ascii	"x\234\225\226]l\024U\024\307\357\271\363\321\375\336"
 220      5D6C1455 
 220      14C7EFB9 
 220      F3D1FDDE 
 221 0010 7E996043 		.ascii	"~\231`C\242\311>\360\342v\003\372`\342\203\037\361\305"
 221      A2C93EF0 
 221      E27603FA 
 221      60E2831F 
 221      F1C5
 222 0022 04121378 		.ascii	"\004\022\023x'\200&\2204)\261\304\370B\230\322-\326"
 222      27802690 
 222      3429B1C4 
 222      F84298D2 
 222      2DD6
 223 0034 98984D35 		.ascii	"\230\230M5\212\232\332\362\240\202\225\242(\225\202"
 223      8A9ADAF2 
 223      A08295A2 
 223      289582
 224 0043 DA11D156 		.ascii	"\332\021\321V\240l\353\252\224\266\264U\266\245\253"
 224      A06CEBAA 
 224      94B6B455 
 224      B6A5AB
 225 0052 2D596813 		.ascii	"-Yh\023\330\020X\317\2713\273\355\316\356\260;\233\354"
 225      D81058CF 
 225      B933BBED 
 225      CEEEB03B 
 225      9BEC
 226 0064 D9DC99FB 		.ascii	"\331\334\231\373\377\377\316\177\356\314\235\225X\361"
 226      FFFFCE7F 
 226      EECC9D95 
 226      58F1
 227 0072 27845FF0 		.ascii	"'\204_\3601\366\002\015\024\006\034\207\034$\254\022"
 227      31F6020D 
 227      14061C87 
 227      1C24AC12 
 228 0082 C8586500 		.ascii	"\310Xe\000\232\301\016pI\206\003\220\342\2678\304\364"
 228      9AC10E70 
 228      49860390 
 228      E2B738C4 
 228      F4
 229 0093 DEC3DE0D 		.ascii	"\336\303\336\015\237j\232\226\356\374\340\321\366u\031"
 229      9F6A9A96 
 229      EEFCE0D1 
 229      F67519
 230 00a2 142D73C3 		.ascii	"\024-s\303\017>\207\015\014\347\334\212\336\277\342"
 230      0F3E870D 
 230      0CE7DC8A 
ARM GAS  /tmp/cc2pVT53.s 			page 17


 230      DEBFE2
 231 00b1 55A338A7 		.ascii	"U\2438\247\3328\007GAE\253uxn\240oe\304\273\3003\034"
 231      DA380747 
 231      4145AB75 
 231      786EA06F 
 231      65C4BBC0 
 232 00c7 1EA7A967 		.ascii	"\036\247\251g:\207\017\2534\3442\015\273c\031]\016\035"
 232      3A870FAB 
 232      34E4320D 
 232      BB63195D 
 232      0E1D
 233 00d9 D1B483B3 		.ascii	"\321\264\203\263\203\251\344\313z\264G{\220\315B\206"
 233      83A9E4CB 
 233      7AB4477B 
 233      90CD4286 
 234 00e9 4B6404C7 		.ascii	"Kd\004\307\240\001\276\200\006\263}\350\205P\201F\373"
 234      A001BE80 
 234      06B37DE8 
 234      85508146 
 234      FB
 235 00fa F0BD1EDE 		.ascii	"\360\275\036\336\241g\263\317\332\010\276\024\202\211"
 235      A167B3CF 
 235      DA08BE14 
 235      8289
 236 0108 F35DEF2A 		.ascii	"\363]\357*E\002\271\224\340\270SA\237\323\226N8\025"
 236      4502B994 
 236      E0B85341 
 236      9FD3964E 
 236      3815
 237 011a 7CE5B4A5 		.ascii	"|\345\264\245\257\235\012N:m\351\033\247\202o\235\266"
 237      AF9D0A4E 
 237      3A6DE91B 
 237      A7826F9D 
 237      B6
 238 012b 74CAA9A0 		.ascii	"t\312\251\240\337\322R\317\205c\207\224a-:\233\315>"
 238      DFD252CF 
 238      85638794 
 238      612D3A9B 
 238      CD3E
 239 013d 96E14A29 		.ascii	"\226\341J)\311w\017IQRp\332iS\003N\005g,-\315\216\244"
 239      C9770F49 
 239      515270DA 
 239      6953034E 
 239      05672C2D 
 240 0154 867CEDF9 		.ascii	"\206|\355\371\030j)\315Yk\362\313k\223\227\224|o\225"
 240      186A29CD 
 240      596BF2CB 
 240      6B939794 
 240      7C6F95
 241 0167 C4CB4A7E 		.ascii	"\304\313J~\260J\306\313J~\264J\256\226\225\014Z%\023"
 241      B04AC6CB 
 241      4A7EB44A 
 241      AE96950C 
 241      5A2513
 242 017a 6525BA55 		.ascii	"e%\272U2YV\362\223U2UVr\016B'ju-\233]\236\212\276\371"
 242      325956F2 
 242      93553255 
ARM GAS  /tmp/cc2pVT53.s 			page 18


 242      56720E42 
 242      276A752D 
 243 0194 4C9C3F02 		.ascii	"L\234?\002\014ouNE\302\"\313T\024\032\252T\252h\350"
 243      0C6F754E 
 243      45C222CB 
 243      54141AAA 
 243      54AA68E8 
 244 01a8 A2E2C6A2 		.ascii	"\242\342\306\242x\250xi\350\243\342\307\242\006\250"
 244      78A87869 
 244      E8A3E2C7 
 244      A206A8
 245 01b7 04A95453 		.ascii	"\004\251TS\251\241RK\245\216J=\025\306\222b\243\235"
 245      A9A1524B 
 245      A58E4A3D 
 245      15C69262 
 245      A39D
 246 01c9 E3F8234D 		.ascii	"\343\370#M\300\301tz\346)\332Z\357\340\226\313\341\356"
 246      C0C1747A 
 246      E629DA5A 
 246      EFE096CB 
 246      E1EE
 247 01db D96B0999 		.ascii	"\331k\011\231\266RIKwh2\203\237\261_\234\265\327\230"
 247      B652494B 
 247      77683283 
 247      9FB15F9C 
 247      B5D798
 248 01ee C2CDF1B9 		.ascii	"\302\315\361\271~0\016H\250\231I\306\307\\B\303h\373"
 248      7E300E48 
 248      A89949C6 
 248      C75C42C3 
 248      68FB
 249 0200 3D75B77B 		.ascii	"=u\267{\311\337\005\037\343\206[E\212\363\224\030\217"
 249      C9DF051F 
 249      E3865B45 
 249      8AF39418 
 249      8F
 250 0211 272FBDDD 		.ascii	"'/\275\335\357\012\367j\321VW\206\273\340\027\350\202"
 250      EF0AF76A 
 250      D1565786 
 250      BBE017E8 
 250      82
 251 0222 DBA215F8 		.ascii	"\333\242\025\370\025\302\350\331\266\242\032\236\262"
 251      15C2E8D9 
 251      B6A21A9E 
 251      B2
 252 022f 613BD4B5 		.ascii	"a;\324\265pR\264\"\003\203!\003\333)\260E\020\260\203"
 252      7052B422 
 252      03832103 
 252      DB29B045 
 252      10B083
 253 0242 0CAF427E 		.ascii	"\014\257B~\2030Z\213\344\222\221\334\314\244X2\252\326"
 253      83305A8B 
 253      E49291DC 
 253      CCA45832 
 253      AAD6
 254 0254 8C55453C 		.ascii	"\214UE<\325\216wA\360\304\013\357ba(\027\372\224I\241"
 254      D58E7741 
ARM GAS  /tmp/cc2pVT53.s 			page 19


 254      F0C40BEF 
 254      62612817 
 254      FA9449A1 
 255 0268 D8B95E5A 		.ascii	"\330\271^Zu\035\241\024.\221B6\327/6'\033\0107*\357"
 255      751DA114 
 255      2E914236 
 255      D72F3627 
 255      1B08372A 
 256 027d 1C4D8D8B 		.ascii	"\034M\215\213\265P4=\246\005\030\\.\310\3461\307\371"
 256      B550343D 
 256      A605185C 
 256      2EC8E631 
 256      C7F9
 257 028f 6CDEB5EB 		.ascii	"l\336\265\353\247X\327\317M\212x\351\246FES\342\305"
 257      A758D7CF 
 257      4D8A78E9 
 257      A6464553 
 257      E2C5
 258 02a1 3C5618D5 		.ascii	"<V\030\325\207\266\017\213\212\256n;\327\337W]\023\024"
 258      87B60F8B 
 258      8AAE6E3B 
 258      D7DF575D 
 258      1314
 259 02b3 D5C7C42D 		.ascii	"\325\307\304-:\277\"\031\336~\224\334\2748tH\241~U\374"
 259      3ABF2219 
 259      DE7E94DC 
 259      BC387448 
 259      A17E55FC 
 260 02c7 7340F7E8 		.ascii	"s@\367\350\037\006+\335\263\336\204\345\023\251\005"
 260      1F062BDD 
 260      B3DE84E5 
 260      13A905
 261 02d6 895A354D 		.ascii	"\211Z5M\307\207\321\2036\360\247\225\017\204\377K\340"
 261      C787D183 
 261      36F0A795 
 261      0F84FF4B 
 261      E0
 262 02e7 25C25F81 		.ascii	"%\302_\2010I\347\247'\305?\015W\374y\006\343\306\305"
 262      3049E7A7 
 262      27C53F0D 
 262      57FC7906 
 262      E3C6C5
 263 02fa 4CC76E98 		.ascii	"L\307n\230\227<P\314.\206\005l`W\005\214nI\230\020\260"
 263      973C50CC 
 263      2E86056C 
 263      6057058C 
 263      6E499810 
 264 030f 076D897E 		.ascii	"\007m\211~\020\260,~\202\014&M\336h\216\027\254\204"
 264      10B02C7E 
 264      820C264D 
 264      DE688E17 
 264      AC84
 265 0321 17B4E14D 		.ascii	"\027\264\341M\011\236B\274k\202\227\277LxC\301t.\333"
 265      099E42BC 
 265      6B8297BF 
 265      4C7843C1 
 265      742EDB
ARM GAS  /tmp/cc2pVT53.s 			page 20


 266 0334 A2C9AAAE 		.ascii	"\242\311\252\256\204U]\222\345\205\031\301\302\313O"
 266      84555D92 
 266      E58519C1 
 266      C2CB4F
 267 0343 A7DE1AB8 		.ascii	"\247\336\032\270w\335\0339\216k\254?A\215\314B\030B"
 267      77DD1B39 
 267      8E6BAC3F 
 267      418DCC42 
 267      1842
 268 0355 621B84BF 		.ascii	"b\033\204\277!\222'\247\027s\253\\S\011\272\306&\346"
 268      219227A7 
 268      1773AB5C 
 268      5309BAC6 
 268      26E6
 269 0367 3F025D45 		.ascii	"?\002]E\356\327\021\224\317\265d\346\252\255\304\274"
 269      EED71194 
 269      CFB564E6 
 269      AAADC4BC 
 270 0377 D6C63C29 		.ascii	"\326\306<)\314\351\001\204\2715\346\2439\363\272J\314"
 270      CCE90184 
 270      B935E6A3 
 270      39F3BA4A 
 270      CC
 271 0388 EB6CCCE7 		.ascii	"\353l\314\347\205\271\233\314o\210\005\032\373\350\263"
 271      85B99BCC 
 271      6F88051A 
 271      FBE8B3
 272 0397 B6A05820 		.ascii	"\266\240X \334\002\027rAn\232\254\372JX\3656\254\224"
 272      DC021772 
 272      416E9AAC 
 272      FA4A58F5 
 272      36AC94
 273 03aa 607988F5 		.ascii	"`y\210\365/\006!\363)h\327\007\023\342\201\245\371\237"
 273      2F0621F3 
 273      2968D707 
 273      13E281A5 
 273      F99F
 274 03bc 24DEE9E3 		.ascii	"$\336\351\343\373\357i\035\032>\231\276e\332\177\340"
 274      FBEF691D 
 274      1A3E99BE 
 274      65DA7FE0 
 275 03cc 3FD84FA7 		.ascii	"?\330O\247N\337^\352\366P_\376\365\014\026\241\001\017"
 275      4EDF5EEA 
 275      F6505FFE 
 275      F50C16A1 
 275      010F
 276 03de 8D1F597C 		.ascii	"\215\037Y|\337/\016\271\030,AC\206\007\3304\264\352"
 276      DF2F0EB9 
 276      182C4143 
 276      8607D834 
 276      B4EA
 277 03f0 F7B70A3F 		.ascii	"\367\267\012?F\357\035t\300'\373\271]\273\367\354\334"
 277      46EF1D74 
 277      C027FBB9 
 277      5DBBF7EC 
 277      DC
 278 0401 D3DCB2BD 		.ascii	"\323\334\262\275e\337\216\235M\257\2067>\335\270\251"
ARM GAS  /tmp/cc2pVT53.s 			page 21


 278      65DF8E9D 
 278      4DAF8637 
 278      3EDDB8A9 
 279 0411 F18D4873 		.ascii	"\361\215HsKd\367\216\246\310\336\346\327\366\265D\266"
 279      4B64F78E 
 279      A6C8DEE6 
 279      D7F6B544 
 279      B6
 280 0422 6EDBF2E4 		.ascii	"n\333\362\344\246\310\346\315/F\266\275\264\345\365"
 280      A6C8E6CD 
 280      2F46B6BD 
 280      B4E5F5
 281 0431 8D7406A7 		.ascii	"\215t\006\247oojz\245q\027\373\037\226\2530B"
 281      6F6F6A7A 
 281      A57117FB 
 281      1F96AB30 
 281      42
 282              		.text
 283              		.section	.gnu.lto_.symbol_nodes.e97e4853df3ae257,"",%progbits
 284 0000 789C5DCC 		.ascii	"x\234]\3149\016\302@\014\205\341gO\226\311v(\256\301"
 284      390EC240 
 284      0C85E167 
 284      4F96C976 
 284      28AEC1
 285 0013 655E2410 		.ascii	"e^$\020\242#D\242%\221\302%\330:jJj\020-g@$\214\220"
 285      A22344A2 
 285      2591C225 
 285      D83A6A4A 
 285      6A102D67 
 286 002b 32B8F9ED 		.ascii	"2\270\371\355\257\260\0010\025\270\321\225\020\250\256"
 286      AFB00130 
 286      15B8D195 
 286      10A8AE
 287 003a 00894DBB 		.ascii	"\000\211M\273\314\241\225P|Y\013\325\227Zh|\331\013"
 287      CCA19550 
 287      7C590BD5 
 287      975A687C 
 287      D90B
 288 004c 035F0EC2 		.ascii	"\003_\016\302\320\227\2552\362\245Q\306\276tJ\373\367"
 288      D097AD32 
 288      F2A551C6 
 288      BE744AFB 
 288      F7
 289 005d 5999FCE4 		.ascii	"Y\231\374\344\326\332\376\2612\035\203\234\224\231\003"
 289      D6DAFEB1 
 289      321D839C 
 289      949903
 290 006c 94657F1F 		.ascii	"\224e\177\037\225\371\370>+\213\321m\024\350\356\357"
 290      95F9F83E 
 290      2B8BD16D 
 290      14E8EEEF 
 291 007c 8931E21A 		.ascii	"\2111\342\032\250kh\\\243\3005\016]m\206\335\320$\302"
 291      A86B685C 
 291      A3C0350E 
 291      5D6D86DD 
 291      D024C2
 292 008f F331D462 		.ascii	"\3631\324b\266x5\326$1:\267\344\270|\227\264\300\274"
ARM GAS  /tmp/cc2pVT53.s 			page 22


 292      B67835D6 
 292      24313AB7 
 292      E4B87C97 
 292      B4C0BC
 293 00a2 EE177C00 		.ascii	"\356\027|\000-*h\264"
 293      2D2A68B4 
 294              		.text
 295              		.section	.gnu.lto_.refs.e97e4853df3ae257,"",%progbits
 296 0000 789C6366 		.ascii	"x\234cf```d\200\002\000\000=\000\005"
 296      60606064 
 296      80020000 
 296      3D0005
 297              		.text
 298              		.section	.gnu.lto_.decls.e97e4853df3ae257,"",%progbits
 299 0000 789CCD58 		.ascii	"x\234\315X{PTW\232\357\323\247i\350\246\201\024\316"
 299      7B505457 
 299      9AEFD3A7 
 299      69E8A681 
 299      14CE
 300 0012 64A6DCAD 		.ascii	"d\246\334\255]\343nQN6\246\025\234\231\314\376\261Q"
 300      5DE36E51 
 300      4E36A615 
 300      9C99CCFE 
 300      B151
 301 0024 1B546A24 		.ascii	"\033Tj$\241\272\315\354lf\247:\210\235@\015\217\014"
 301      A1BACDEC 
 301      6C66A73A 
 301      889D400D 
 301      8F0C
 302 0036 60C654ED 		.ascii	"`\306T\355\037W\032\003\370D\324\004D\261GAy\310\033"
 302      1F571A03 
 302      F844D404 
 302      44B14741 
 302      79C81B
 303 0049 79CB4B41 		.ascii	"y\313KA\360\201\274\004\037\011\340\023\005QPT\360A"
 303      F081BC04 
 303      1F09E013 
 303      05515054 
 303      F041
 304 005b EF77CEB9 		.ascii	"\357w\316\271\267\357\345\3322\251\255\335\252\275U"
 304      B7EFE5DA 
 304      32A9ADDD 
 304      AABD55
 305 006a BFBEF7BB 		.ascii	"\277\276\367\273\347\367\375\316w\316\371\3569\037`"
 305      E7F7FDCE 
 305      77CEF9EE 
 305      391F60
 306 0079 8542B10C 		.ascii	"\205B\261\014+\024v\270\302\376N\241\370\243\213B\241"
 306      2B1476B8 
 306      C2FE4EA1 
 306      F8A38B42 
 306      A1
 307 008a 8377C10A 		.ascii	"\203w\301\012\361\362\004\034\007\024\002\212\001\245"
 307      F1F2041C 
 307      0714028A 
 307      01A5
 308 0098 80724005 		.ascii	"\200r@\005\240\012P\003\250\003\324\003\032\001\315"
ARM GAS  /tmp/cc2pVT53.s 			page 23


 308      A00A5003 
 308      A803D403 
 308      1A01CD
 309 00a7 80D3802E 		.ascii	"\200\323\200.\305\353\027\321Q\363\372D\227\364u\016"
 309      C5EB17D1 
 309      51F3FA44 
 309      97F4750E 
 310 00b7 701530C8 		.ascii	"p\0250\310s\224<\357\266\023\377\302\037\351_\370\006"
 310      73943CEF 
 310      B613FFC2 
 310      1FE95FF8 
 310      06
 311 00c8 7F123FE6 		.ascii	"\177\022?\346\375\357\000r%>\305|\277\362\253t\016\237"
 311      FDEF0072 
 311      253EC57C 
 311      BFF2AB74 
 311      0E9F
 312 00da 52BE2FF9 		.ascii	"R\276/\371U>\207O9\337\227\374\252\230\303\247\202\357"
 312      553E874F 
 312      39DF97FC 
 312      AA98C3A7 
 312      82EF
 313 00ec 4B7E55CD 		.ascii	"K~U\315\341S\305\367%\277j\346\360\251\341\373\222_"
 313      E153C5F7 
 313      25BF6AE6 
 313      F0A9E1FB 
 313      925F
 314 00fe 7573F890 		.ascii	"us\370\220\266f'>$\0374\212\331k\365\013\244P\274\003"
 314      B666273E 
 314      241F348A 
 314      D96BF50B 
 314      A450BC03 
 315 0112 F745701F 		.ascii	"\367Ep\037\221h\201\251\370'\370q\341\375\252x]\022"
 315      916881A9 
 315      F827F871 
 315      E1FDAA78 
 315      5D12
 316 0124 CF6927DA 		.ascii	"\317i'\332\215\000/\231\366_x\355\004\304\372\331\310"
 316      8D002F99 
 316      F65F78ED 
 316      04C4FAD9 
 316      C8
 317 0135 F76145AC 		.ascii	"\367aE\254?%`\013b\371r\021\340\016\370\017\260#\001"
 317      3F25600B 
 317      62F97211 
 317      E00EF80F 
 317      B02301
 318 0148 FF055808 		.ascii	"\377\005X\010\370)`>\340\237\001o\003\376\036\360\017"
 318      F829603E 
 318      E09F016F 
 318      03FE1EF0 
 318      0F
 319 0159 4417B1B1 		.ascii	"D\027\261\261\222~\235\345\365\204\022U\027N^p\277\253"
 319      927E9DE5 
 319      F5841255 
 319      174E5E70 
 319      BFAB
ARM GAS  /tmp/cc2pVT53.s 			page 24


 320 016b 449EDA05 		.ascii	"D\236\332\005\304\254ImKS\203\251\323\252\210Y\373\342"
 320      C4AC496D 
 320      4B5383A9 
 320      D3AA8859 
 320      FBE2
 321 017d 46AFEA67 		.ascii	"F\257\352g\3738\270R\254\334[*\024\3746:\206\346\243"
 321      FB38B852 
 321      ACDC5B2A 
 321      14FC363A 
 321      86E6A3
 322 0190 1C341F46 		.ascii	"\0344\037F\237\213~\006\277\177P1\245[\275\023\234\026"
 322      9F8B7E06 
 322      BF7F5031 
 322      A55BBD13 
 322      9C16
 323 01a2 43B8F07C 		.ascii	"C\270\360|$\355z\257\366\275<pK\342\032\207\220\330"
 323      24ED7AAF 
 323      F6BD3C70 
 323      4BE21A87 
 323      90D8
 324 01b4 DDC0ED9B 		.ascii	"\335\300\355\233\255\272\005\231\\\243m<\277\367\316"
 324      ADBA0599 
 324      5CA36D3C 
 324      BFF7CE
 325 01c3 67A9562E 		.ascii	"g\251V.\213\033\262\333\377\221s#j(\017a\224\217\336"
 325      8B1BB2DB 
 325      FF917323 
 325      6A280F61 
 325      948FDE
 326 01d6 2364F24C 		.ascii	"#d\362L\275\320q\264\000<3;\177\270\247\302\037Q\371"
 326      BDD071B4 
 326      003C333B 
 326      7FB8A7C2 
 326      1F51F9
 327 01e9 BE43B539 		.ascii	"\276C\2659j\252b\273Z\266\2411\201{i\267[9%\215\010"
 327      6AAA62BB 
 327      5AB6A131 
 327      817B69B7 
 327      5B39258D 
 328 01fe 1548340A 		.ascii	"\025H4\012\004\215B\252q\275\367R\247\026\177J5\216"
 328      048D42AA 
 328      71BDF752 
 328      A7167F4A 
 328      358E
 329 0210 371D7EE0 		.ascii	"7\035~\340\3054\246_\323(\222h\024\011\032\305T\343"
 329      C534A65F 
 329      D3289268 
 329      14091AC5 
 329      54E3
 330 0222 BB8BEDDE 		.ascii	"\273\213\355\3368\222J\334\355\256\273\254d\022\333"
 330      38924ADC 
 330      EDAEBBAC 
 330      6412DB
 331 0231 4FC8254A 		.ascii	"O\310%J$\022%\202D)\225\310\276\233\377\020\343xDE\266"
 331      24122582 
 331      442995C8 
 331      BE9BFF10 
ARM GAS  /tmp/cc2pVT53.s 			page 25


 331      E3784445 
 332 0246 8CE44C78 		.ascii	"\214\344LxP\221\342\374\354\2438\235\263\305s3v;ZNU"
 332      5091E2FC 
 332      ECA3389D 
 332      B3C57333 
 332      763B5A4E 
 333 025b CA242A65 		.ascii	"\312$*e\202J9Ui>\322\377\235+nd*=\367O\275\303\"9Y\240"
 333      824A3955 
 333      693ED2FF 
 333      9D2B6E64 
 333      2A3DF74F 
 334 0275 6EE31AED 		.ascii	"n\343\032\355\366\006n\001U8!Q8!(TP\205\372\314\266"
 334      F6066E01 
 334      55382151 
 334      38212854 
 334      5085FACC 
 335 028a 192DEE61 		.ascii	"\031-\356a\012\334\265\261\263\210\305\3211\234\247"
 335      0ADCB5B1 
 335      B388C5D1 
 335      319CA7
 336 0299 93C55129 		.ascii	"\223\305Q)Q\251\024T\252\250\312\3633M\333\224x\017"
 336      51A91454 
 336      AAA8CAF3 
 336      334DDB94 
 336      780F
 337 02ab 5BF8AE9C 		.ascii	"[\370\256\234my\230\005R_\"\237\222j\211H\265 RCE\354"
 337      6D799805 
 337      525F229F 
 337      926A8948 
 337      B5205243 
 338 02c1 87EF4C22 		.ascii	"\207\357L\"\234\303D\206\037\265pnL\244\372\265\245"
 338      9CC34486 
 338      1FB5706E 
 338      4CA4FAB5 
 338      A5
 339 02d2 A99588D4 		.ascii	"\251\225\210\324\012\"uTd\262\261\263\017\343:&2\235"
 339      0A227554 
 339      64B2B1B3 
 339      0FE33A26 
 339      329D
 340 02e4 349AA805 		.ascii	"4\232\250\005\021\233m|G\276]\343\030\017S9)Q9)\250"
 340      119B6D7C 
 340      47BE5DE3 
 340      180F5339 
 340      29513929 
 341 02f9 D453959E 		.ascii	"\324S\225\236\375\251\345\010\177\203\251\312\326\351"
 341      FDA9E508 
 341      7F83A9CA 
 341      D6E9
 342 0307 73895E54 		.ascii	"s\211^Te\250\272\335\302B\301L\242A\"\321 H4R\211d\373"
 342      65A8BADD 
 342      C242C14C 
 342      A24122D1 
 342      20483452 
 343 031e 832A2D4E 		.ascii	"\203*-Ne\022YM\375#. 1\304\215\347\337.Z\271\333\232"
 343      6512594D 
 343      FD232E20 
ARM GAS  /tmp/cc2pVT53.s 			page 26


 343      31C48DE7 
 343      DF2E5AB9 
 344 0334 C2529EA9 		.ascii	"\302R\236\2514IT\232\004\225f\252rl\264&O\203\263\231"
 344      3449549A 
 344      049566AA 
 344      726CB426 
 344      4F83B399 
 345 0348 CAE94B39 		.ascii	"\312\351K9z*R\234_>\250\263\321%\376\220I\234\222H\234"
 345      7A2A529C 
 345      5F3EA8B3 
 345      D125FE90 
 345      499C9248 
 346 035d 12244E53 		.ascii	"\022$NS\211\206\372\251V-\256b\022\333\223\206\332\265"
 346      8986FAA9 
 346      562DAE62 
 346      12DB9386 
 346      DAB5
 347 036f B889199B 		.ascii	"\270\211\031\233\217\326nw\205\017\375\035-\375.\007"
 347      8FD66E77 
 347      850FFD1D 
 347      2DFD2E07 
 348 037f 33A6B334 		.ascii	"3\246\2634\324$g\252\027\274R\226M\037:\205\220\217"
 348      D42467AA 
 348      17BC5296 
 348      4D1F3A85 
 348      908F
 349 0391 360BBEE2 		.ascii	"6\013\276\342\361\003E7\326X\271\345\350,\322\242VG"
 349      F1034537 
 349      D658B9E5 
 349      E82CD2A2 
 349      5647
 350 03a3 7FD49B5C 		.ascii	"\177\324\233\\I\034\027Ov\010\315\032\205c\177@\355"
 350      491C174F 
 350      7608CD1A 
 350      85637F40 
 350      ED
 351 03b4 C8070894 		.ascii	"\310\007\010\224\212\316\300\3136x\011\272\351I\334"
 351      8ACEC0CB 
 351      367809BA 
 351      E949DC
 352 03c3 1977A4F5 		.ascii	"\031w\244\365q\352s\336\211\017\015`\260\304\266>\036"
 352      71EA73DE 
 352      890F0D60 
 352      B0C4B63E 
 352      1E
 353 03d4 02380701 		.ascii	"\0028\007\001\264\210\001@<\216\275eGf\236M\251\202"
 353      B4880140 
 353      3C8EBD65 
 353      47669E4D 
 353      A982
 354 03e6 FD8E92FE 		.ascii	"\375\216\222\376@7\260\253-\2753\342\273\013\210\276"
 354      4037B0AB 
 354      2DBD33E2 
 354      BB0B88BE 
 355 03f6 CCEADE56 		.ascii	"\314\352\336V\345\366\306]\355\"\335\325:\020\277\255"
 355      E5F6C65D 
 355      ED22DDD5 
ARM GAS  /tmp/cc2pVT53.s 			page 27


 355      3A10BFAD 
 356 0406 95F6E667 		.ascii	"\225\366\346gjq\242\013\235\265\007\0353\335j\266\226"
 356      6A71A20B 
 356      9DB5071D 
 356      33DD6AB6 
 356      96
 357 0417 5527A674 		.ascii	"U'\246ti\245\\3M\011\204\210\033\352\224\254D\247\260"
 357      69A55C33 
 357      4D098488 
 357      1BEA94AC 
 357      44A7B0
 358 042a 125D7425 		.ascii	"\022]t%\332\362\017~\206\273\250\212\352\346\201\342"
 358      DAF20F7E 
 358      86BBA88A 
 358      EAE681E2 
 359 043a 0A2FE433 		.ascii	"\012/\3443\177>\235\333$\030U\037\004\327\315;\260+"
 359      7F3E9DDB 
 359      2418551F 
 359      04D7CD3B 
 359      B02B
 360 044c 0DDE4F7D 		.ascii	"\015\336O}H\032\340\321\215\336\351\204\215\247r\370"
 360      481AE0D1 
 360      8DDEE984 
 360      8DA772F8 
 361 045c E70AF4DE 		.ascii	"\347\012\364\336|\364\013\230\256\036\230.\322\244@"
 361      7CF40B98 
 361      AE1E982E 
 361      D2A440
 362 046b 9720FE5E 		.ascii	"\227 \376^:\301\350\334\215\251\307:\272\245\277E\314"
 362      3AC1E8DC 
 362      8DA9C73A 
 362      BAA5BF45 
 362      CC
 363 047c FDFDB727 		.ascii	"\375\375\267'1\335\322\225\304|\2221\262X\233\304\217"
 363      31DDD295 
 363      C47C9231 
 363      B2589BC4 
 363      8F
 364 048d 5DB3065E 		.ascii	"]\263\006^K\306~\205j-\242\342\300\335s\245\321\317"
 364      4BC67E85 
 364      6A2DA2E2 
 364      C0DD73A5 
 364      D1CF
 365 049f 3B85726D 		.ascii	";\205rm\260\235\3200\373\201|\231\222\257\"o\301\205"
 365      B09DD030 
 365      FB817C99 
 365      92AF226F 
 365      C185
 366 04b1 1A24AB1A 		.ascii	"\032$\253\032\013z\\i\327\037\020\377gG\206F\021\355"
 366      0B7A5C69 
 366      D71F10FF 
 366      67478646 
 366      11ED
 367 04c3 DA9598A9 		.ascii	"\332\225\230\251[\252\252<\251\251&\346\225\001{\271"
 367      5BAAAA3C 
 367      A9A926E6 
 367      95017BB9 
ARM GAS  /tmp/cc2pVT53.s 			page 28


 368 04d3 EA8DA10C 		.ascii	"\352\215\241\014\010\241\374\300F\365j,9\323\203\017"
 368      08A1FCC0 
 368      46F56A2C 
 368      39D3830F 
 369 04e3 861382B9 		.ascii	"\206\023\202\271\006\364\357)}\220\0063\300\202\031"
 369      06F4EF29 
 369      7D900633 
 369      C08219
 370 04f2 A4C138CB 		.ascii	"\244\3018\313\207K\345e]\3527.\375u\272\364C\302\322"
 370      874BE565 
 370      5DEA372E 
 370      FD75BAF4 
 370      43C2D2
 371 0505 CF0CEDE2 		.ascii	"\317\014\355\3424\270\217-\375_\357]\331\245\305\267"
 371      34B88F2D 
 371      FD5FEF5D 
 371      D9A5C5B7 
 372 0515 98317666 		.ascii	"\2301vf\246\314\005\244\321M\272h\344M\345\311q\027"
 372      A6CC05A4 
 372      D14DBA68 
 372      E44DE5C9 
 372      7117
 373 0527 76B08D54 		.ascii	"v\260\215T\016\375\333X)\3076\013\2649\341\035\242\213"
 373      0EFDDB58 
 373      29C7360B 
 373      B439E11D 
 373      A28B
 374 0539 6E08B981 		.ascii	"n\010\271\201n\201>1Yz\334\246\351Q\364\2643\317]\267"
 374      6E813E31 
 374      597ADCA6 
 374      E951F4B4 
 374      33CF5DB7 
 375 054d D5F149D0 		.ascii	"\325\361I\320\017[\014\354\016\322Q2\334\201\334z\257"
 375      0F5B0CEC 
 375      0ED25132 
 375      DC81DC7A 
 375      AF
 376 055e 7E275B60 		.ascii	"~'[`\216NdqC~\262\206\316\353g\304l\256N<\250\3025j"
 376      8E4E6471 
 376      437EB286 
 376      CEEB67C4 
 376      6CAE4E3C 
 377 0576 1AE9D19E 		.ascii	"\032\351\321\236\324\375^d\222\255?\352[\003\217\204"
 377      D4FD5E64 
 377      92AD3FEA 
 377      5B038F84 
 378 0586 74FB138C 		.ascii	"t\373\023\214[\231\373\376\351\242\\w|\2267\322\317"
 378      5B99FBFE 
 378      E9A25C77 
 378      7C9637D2 
 378      CF
 379 0597 5C53E10E 		.ascii	"\\S\341\016fd\355\373\366\270\013\355\324\215n.\027"
 379      6664EDFB 
 379      F6B80BED 
 379      D48D6E2E 
 379      17
 380 05a8 7B776970 		.ascii	"{wip\017\337\351\336g\311^\37023\204t\324\261t\234~"
ARM GAS  /tmp/cc2pVT53.s 			page 29


 380      0FDFE9DE 
 380      67C95EF8 
 380      32338474 
 380      D4B1749C 
 381 05bd D17B4589 		.ascii	"\321{E\211\257\261\266\263}\327\017\273\340Af\244?;"
 381      AFB1B6B3 
 381      7DD70FBB 
 381      E04166A4 
 381      3F3B
 382 05cf DFEA4589 		.ascii	"\337\352E\211?\247\311\223a\265z\341\333\254\315v\354"
 382      3FA7C993 
 382      61B57AE1 
 382      DBACCD76 
 382      EC
 383 05e0 95DD138F 		.ascii	"\225\335\023\2172C\250Yt\254f9\3204\322\345\201\307"
 383      3243A859 
 383      74AC6639 
 383      D034D2E5 
 383      81C7
 384 05f2 59DBE31B 		.ascii	"Y\333\343\033\3613\010O2#\347FG\252\007%.\"\346\241"
 384      F133084F 
 384      3223E746 
 384      47AA0725 
 384      2E22E6A1 
 385 0606 BDD3063C 		.ascii	"\275\323\006<\305\232j&\266M\272\341\227\314\030|6\330"
 385      C59A6A26 
 385      B64DBAE1 
 385      97CC187C 
 385      36D8
 386 0618 EC4A794B 		.ascii	"\354JyK\210\271\257\356@\252\206\315/m\336Y\230\365"
 386      88B9AFEE 
 386      40AA86CD 
 386      2F6DDE59 
 386      98F5
 387 062a 98058689 		.ascii	"\230\005\206\211Y\376\270\263\351\315y\313)\371\274"
 387      59FEB8B3 
 387      E9CD79CB 
 387      29F9BC
 388 0639 B5B3E9AC 		.ascii	"\265\263\351\254\310x4\345%\346\255\212&\343\014\320"
 388      C87834E5 
 388      25E6AD8A 
 388      26E30CD0 
 389 0649 27287DB3 		.ascii	"'(}\263\322[p\"\354\336\212\2639j){d.\366\326o\367\302"
 389      D25B7022 
 389      ECDE8AB3 
 389      396A297B 
 389      642EF6D6 
 390 0660 66CCB9D2 		.ascii	"f\314\271\322(/m\276\323\247\304\011\314(=\222]\301"
 390      282F6DBE 
 390      D3A7C409 
 390      CC283D92 
 390      5DC1
 391 0672 5262391D 		.ascii	"Rb9\035A\177\327%W\234\314\332\252KR\246\331g\270\206"
 391      417FD725 
 391      579CCCDA 
 391      AA4B52A6 
 391      D967B886 
ARM GAS  /tmp/cc2pVT53.s 			page 30


 392 0686 98ED2776 		.ascii	"\230\355'v4j\361\016\326\366*\377\326\224\022\2472c"
 392      346AF10E 
 392      D6F62AFF 
 392      D69412A7 
 392      3263
 393 0698 B8FE3EA7 		.ascii	"\270\376>\247\244\304`Z\273\215\355\030t\303\373fw\340"
 393      A4C4605A 
 393      BB8DED18 
 393      74C3FB66 
 393      77E0
 394 06aa C93AE89F 		.ascii	"\311:\350\237\330\033\357)n\025l\224\333\225\363\321"
 394      D81BEF29 
 394      6E156C94 
 394      DB95F3D1 
 395 06ba 031AF70E 		.ascii	"\003\032\367\016\245\270U\000\273\252y\300\252\223\262"
 395      A5B85500 
 395      BBAA79C0 
 395      AA93B2
 396 06c9 47E6625F 		.ascii	"G\346b_x\232sP\2153X\277Iu{\217\262\201\375\036\314"
 396      789A7350 
 396      8D3358BF 
 396      49757B8F 
 396      B281FD1E 
 397 06de B78BBB6B 		.ascii	"\267\213\273ks\021Z(\271\346\011\017>6.\301:\336v\362"
 397      73115A28 
 397      B9E6090F 
 397      3E362EC1 
 397      3ADE76F2 
 398 06f2 E587D5E4 		.ascii	"\345\207\325\344c\304\264\223)\370\012\017*\347\211"
 398      63C4B493 
 398      29F80A0F 
 398      2AE789
 399 0701 1FC133DA 		.ascii	"\037\3013\332\3431\362\253 \016\266\255\244la\344\227"
 399      E331F2AB 
 399      200EB6AD 
 399      A46C61E4 
 399      97
 400 0712 72F22B4A 		.ascii	"r\362+J~\327\301\335)r\223\2242n\242r\226\360f[z\211"
 400      7ED7C1DD 
 400      29729394 
 400      326EA272 
 400      96F0665B 
 401 0728 8A90772A 		.ascii	"\212\220w*\275\321.\236,\014\031\245(g\013'\213\302"
 401      BDD12E9E 
 401      2C0C19A5 
 401      28670B27 
 401      8BC2
 402 073a 2FE4413C 		.ascii	"/\344A<\227G<]\244n[B\271\017\345\334\007r\356\224\203"
 402      97473C5D 
 402      A46E5B42 
 402      B90FE5DC 
 402      0772EE94 
 403 074f 3BE69C2B 		.ascii	";\346\234+\306\260C\214\341\033\347\203\023\271\273"
 403      C6B0438C 
 403      E11BE783 
 403      13B9BB
 404 075e 446EB29C 		.ascii	"Dn\262\234\273U\306}\351\010\341\261<\204IY\010\333"
ARM GAS  /tmp/cc2pVT53.s 			page 31


 404      BB55C67D 
 404      E908E1B1 
 404      3C844959 
 404      08DB
 405 0770 45D904B9 		.ascii	"E\331\004\271\354\026\245lh\017\035\272\367\345\272"
 405      EC16A56C 
 405      680F1DBA 
 405      F7E5BA
 406 077f 8B44EA6E 		.ascii	"\213D\352n\376\323Z\016{\3600\264\337\245]\0226\354"
 406      FED35A0E 
 406      7BF030B4 
 406      DFA55D12 
 406      36EC
 407 0791 83E8A8D2 		.ascii	"\203\350\250\322\007\375U\271\020\035\000|\007\370\026"
 407      07FD55B9 
 407      101D007C 
 407      07F816
 408 07a0 70049009 		.ascii	"p\004\220\011\330\017\310\006\034\002\354\006\034\006"
 408      D80FC806 
 408      1C02EC06 
 408      1C06
 409 07ae EC03A402 		.ascii	"\354\003\244\002\262\000\031\2004\300\036@:\300\006"
 409      B2001980 
 409      34C01E40 
 409      3AC006
 410 07bd D8AB5C48 		.ascii	"\330\253\\Hwy\032\340\013G\200\217\344\001N\310\327"
 410      77791AE0 
 410      0B47808F 
 410      E4014EC8 
 410      D7
 411 07ce 69C6     		.ascii	"i\306"
 412 07d0 C17DEA3C 		.ascii	"\301}\352<c\305IJ\023'i\233\363\271\227\350>p\350\216"
 412      63C5494A 
 412      1327699B 
 412      F3B997E8 
 412      3E70E88E 
 413 07e4 3A9D2451 		.ascii	":\235$Q6I\224\235v\236\202\"\367\271Cu\334\371\310\336"
 413      3649949D 
 413      769E8222 
 413      F7B94375 
 413      DCF9C8DE 
 414 07f8 757C05DB 		.ascii	"u|\005\333\330W\020\017_\201\225\217V\330\336\370\317"
 414      D857100F 
 414      5F81958F 
 414      56D8DEF8 
 414      CF
 415 0809 4B12ED2B 		.ascii	"K\022\355+\207\356\023\347\251\302\270\244\212\032\032"
 415      87EE13E7 
 415      A9C2B8A4 
 415      8A1A1A
 416 0818 2B527388 		.ascii	"+Rs\210p\024B\011&\024\206\312\316\222\362k:\3443\217"
 416      70144209 
 416      261486CA 
 416      CE92F26B 
 416      3AE4338F 
 417 082c F2F697E8 		.ascii	"\362\366\227\350\200\227\003Z\367\3042\222\270\321\313"
 417      8097035A 
ARM GAS  /tmp/cc2pVT53.s 			page 32


 417      F7C43292 
 417      B8D1CB
 418 083b 597AA063 		.ascii	"Yz\240c\220\025\377\327\031B\376\006\032\235\332\356"
 418      9015FFD7 
 418      1942FE06 
 418      1A9DDAEE 
 419 084b 2AAD0172 		.ascii	"*\255\001r$\003\206R_\311j\000\270\003\331z\336zK\313"
 419      24038652 
 419      5FC96A00 
 419      B803D97A 
 419      DE7A4BCB 
 420 085f CE280DDD 		.ascii	"\316(\015\335\217[2\037\262*/\205\235\325\035\375\311"
 420      8F5B321F 
 420      B22A2F85 
 420      9DD51DFD 
 420      C9
 421 0870 2E78886D 		.ascii	".x\210m\232\361\235\367oz\341\373\314\270<0\324\350"
 421      9AF19DF7 
 421      6F7AE1FB 
 421      CCB83C30 
 421      D4E8
 422 0882 8E1F3283 		.ascii	"\216\0372\203\3335\234\200\3613f$\247Z\207\341LdFQ\351"
 422      DB359C80 
 422      F1336624 
 422      A75A87E1 
 422      4C644651 
 423 0897 8B431A0C 		.ascii	"\213C\032\014\245'1\016\266\266t\253q23&\372*\376\005"
 423      A527310E 
 423      B6B674AB 
 423      71323326 
 423      FA2AFE05 
 424 08ab A7B2E7AC 		.ascii	"\247\262\347\254\313\273\016`\234\301\214\351\216\341"
 424      CBBB0E60 
 424      9CC18CE9 
 424      8EE1
 425 08b9 13186733 		.ascii	"\023\030g3\243''%\311\015\0272\243\203KK\361\304\225"
 425      A3272725 
 425      C90D1732 
 425      A3834B4B 
 425      F1C495
 426 08cc CCC81B78 		.ascii	"\314\310\033xau\301M\3148\223]tH\215\333yc\364\351\010"
 426      6175C14D 
 426      CC38935D 
 426      74488DDB 
 426      7963F4E9 
 427 08e1 C25DCC10 		.ascii	"\302]\314\020jI\035\253%\357\024\264\036\361\304WX\333"
 427      6A491DAB 
 427      25EF14B4 
 427      1EF1C457 
 427      58DB
 428 08f3 9563897B 		.ascii	"\225c\211{\334\360Mf\264\364\177sO\215G\231a\257Hk\367"
 428      DCF04D66 
 428      B4F47F73 
 428      4F8D4799 
 428      61AF486B 
 429 0908 C08F99B1 		.ascii	"\300\217\231\261\277-\276\305\005\277b\306\216[\266"
 429      BF2DBEC5 
ARM GAS  /tmp/cc2pVT53.s 			page 33


 429      05BF62C6 
 429      8E5BB6
 430 0917 236E3851 		.ascii	"#n8Q\303j\215\261;\273\324x73^\314\344>\364\300\031"
 430      C36A8DB1 
 430      3BBBD478 
 430      37335ECC 
 430      E43EF4C0 
 431 092c CCC83FC6 		.ascii	"\314\310?\306\275\215\263\331\363D\336@\216\027.bF_"
 431      BD8DB3D9 
 431      F344DE40 
 431      8E172E62 
 431      465F
 432 093e CBD5EF3D 		.ascii	"\313\325\357=p532R\272\323YQ\023F\314\335\331{a\217"
 432      70353332 
 432      52BAD359 
 432      511346CC 
 432      DDD97B61 
 433 0953 3CC5DA0E 		.ascii	"<\305\332\016\355,\235f\377C\371\222\230\015\255\035"
 433      ED2C9D66 
 433      FF43F992 
 433      980DAD1D 
 434 0963 8735B88D 		.ascii	"\2075\270\215\265=\337^\326\252\304\347\231Qr\351n\277"
 434      B53DDF5E 
 434      D6AAC4E7 
 434      995172E9 
 434      6EBF
 435 0975 961237D1 		.ascii	"\226\0227\321\032\247\247!W\207\373X\233P\203\350\370"
 435      1AA7A721 
 435      5787FB58 
 435      9B5083E8 
 435      F8
 436 0986 1A64A46C 		.ascii	"\032d\244l\346\246\013\376\236\017\305\232{Z\211\207"
 436      E6A60BFE 
 436      9E0FC59A 
 436      7B5A8987 
 437 0996 9951DE50 		.ascii	"\231Q\336P\366\210\205\222\304\376F\271\233\333\347"
 437      F6888592 
 437      C4FE46B9 
 437      9BDBE7
 438 09a5 811FD1C6 		.ascii	"\201\037\321\306\205\375\326\212\004\335\254\363\361"
 438      85FDD68A 
 438      04DDACF3 
 438      F1
 439 09b2 B57372A1 		.ascii	"\265sr\241\017\200\236\225\317\373'\377sw\3667\034\377"
 439      0F809E95 
 439      CFFB27FF 
 439      7377F637 
 439      1CFF
 440 09c4 CD95C2F7 		.ascii	"\315\225\302\3679<\347.\225^\351\330#\012\345\344ER"
 440      393CE72E 
 440      955EE9D8 
 440      230AE5E4 
 440      4552
 441 09d6 2EC7D9F2 		.ascii	".\307\331\362*\351\207\017g;\252\344\271\216\343O\276"
 441      2AE9870F 
 441      673BAAE4 
 441      B98EE34F 
ARM GAS  /tmp/cc2pVT53.s 			page 34


 441      BE
 442 09e7 9F648ABA 		.ascii	"\237d\212\272er]\371\031qV\344\236\225s\333\345\333"
 442      65725DF9 
 442      197156E4 
 442      9E9573DB 
 442      E5DB
 443 09f9 5F9A482E 		.ascii	"_\232H.p\032\260\250[$RO\312\251[\244G\032\027o;\311"
 443      701AB0A8 
 443      5B24524F 
 443      CAA95BA4 
 443      471A176F 
 444 0a0f B8A4E639 		.ascii	"\270\244\3469%\347\246\310c8/\012_\220\223;d\302\205"
 444      25E7A6C8 
 444      63382F0A 
 444      5F90933B 
 444      64C285
 445 0a22 A2709D9C 		.ascii	"\242p\235\234[+\027n\020\205[\344\344\273\362\245\273"
 445      5B2B176E 
 445      10855BE4 
 445      E4BBF2A5 
 445      BB
 446 0a33 2892BBE5 		.ascii	"(\222\273\345\344\256Y\312\020\306!1\214r\347\353!Y"
 446      E4AE59CA 
 446      10C62131 
 446      8C72E7EB 
 446      2159
 447 0a45 E83671A1 		.ascii	"\3506q\241[\345\013}FV\013\324\211Q4;\237\270w\035\272"
 447      5BE50B7D 
 447      46560BD4 
 447      8951343B 
 447      9FB8771D 
 448 0a5a D5A26E83 		.ascii	"\325\242n\203\\W^\217d\210\272\305r\335\327j\242Z\221"
 448      5C575E8F 
 448      6488BAC5 
 448      72DDD76A 
 448      A25A91
 449 0a6d DC2427BF 		.ascii	"\334$'\277v\200\346\213\344*9Y^\036V\211\334z\347)\364"
 449      7680E68B 
 449      E42A3959 
 449      5E1E5689 
 449      DC7AE729 
 450 0a82 7A4D9207 		.ascii	"zM\222\007C\312\247m\303\374\2113\001'\316e8)z\001\243"
 450      43CAA76D 
 450      C3FC8933 
 450      0127CE65 
 450      38297A01 
 451 0a97 809B8011 		.ascii	"\200\233\200\021@\017\240\0170\010\270\013x\000\270"
 451      400FA00F 
 451      3008B80B 
 451      7800B8
 452 0aa6 04B80D78 		.ascii	"\004\270\015x\014\270\007\370\036p\005p\007p\003\360"
 452      0CB807F8 
 452      1E700570 
 452      077003F0 
 453 0ab6 10700B70 		.ascii	"\020p\013p\035p\0250\006\370\0010\004\230\004\364\003"
 453      1D701530 
 453      06F80130 
ARM GAS  /tmp/cc2pVT53.s 			page 35


 453      049804F4 
 453      03
 454 0ac7 C601D700 		.ascii	"\306\001\327\000\217\000\367\001\003\322\032&G\034\322"
 454      8F00F701 
 454      03D21A26 
 454      471CD2
 455 0ad6 09F990E4 		.ascii	"\011\371\220\344\205I\201\310\255q\236\274\"\367\200"
 455      854981C8 
 455      AD719EBC 
 455      22F780
 456 0ae5 C82D71BE 		.ascii	"\310-q\276\355\210\334\375\"\267\310\371\342\212\334"
 456      ED88DCFD 
 456      22B7C8F9 
 456      E28ADC
 457 0af4 0E91DBE9 		.ascii	"\016\221\333\351<\315En\275\310=\355\374\373\021\271"
 457      3CCD456E 
 457      BDC83DED 
 457      FCFB11B9 
 458 0b04 B922B7C2 		.ascii	"\271\"\267\302\371<Hr\246F$7:O01\313\317\211Y~N\236"
 458      F93C4872 
 458      A6462437 
 458      3A4F3031 
 458      CBCF8959 
 459 0b1b E5E7452E 		.ascii	"\345\347E.-evVn\3408\025\341\310j\036\322\353\320\205"
 459      2D657656 
 459      6EE03815 
 459      E1C86A1E 
 459      D2EBD085 
 460 0b2f CA2C94CE 		.ascii	"\312,\224\316\331\232\021\355\370\242\363\255F\022\345"
 460      D99A11ED 
 460      F8A2F3AD 
 460      4612E5
 461 0b3e 7131CA6A 		.ascii	"q1\312j\347\231-!\267\213\3446\347\273.\015\023\212"
 461      E7992D21 
 461      B78BE436 
 461      E7BB2E0D 
 461      138A
 462 0b50 AFD19CC4 		.ascii	"\257\321\234\304a\214\346\3718Kr\364\024r\373\377[\236"
 462      618CE6F9 
 462      384B72F4 
 462      1472FBFF 
 462      5B9E
 463 0b62 D3A9BD5C 		.ascii	"\323\251\275\\I\252\304'\020\332q\245\243J\034\026\252"
 463      49AAC427 
 463      10DA71A5 
 463      A34A1C16 
 463      AA
 464 0b73 44386513 		.ascii	"D8e\023G3K=\244\305\332\223Y\305\3323\276X{F\213\265"
 464      47334B3D 
 464      A4C5DA93 
 464      59C5DA33 
 464      BE587B46 
 465 0b89 EFF29EDF 		.ascii	"\357\362\236\337s\3015ZV\344\024\264\\\365\300\355\314"
 465      73C1355A 
 465      56E414B4 
 465      5CF5C0ED 
 465      CC
ARM GAS  /tmp/cc2pVT53.s 			page 36


 466 0b9a 18DD33FA 		.ascii	"\030\3353\372\312\023w2\243\356hb\275;\356\247\206\272"
 466      CA137732 
 466      A3EE6862 
 466      BD3BEEA7 
 466      86BA
 467 0bac E3D4D52C 		.ascii	"\343\324\325,\214\3509M\377\222\035\252\312?\253\023"
 467      8CE8394D 
 467      FF921DAA 
 467      CA3FAB13 
 468 0bbc 8EE6E710 		.ascii	"\216\346\347\020\324\314\\y_\235/T\316/\234S_\337y\304"
 468      D4CC5C79 
 468      5F9D2F54 
 468      CE2F9C53 
 468      5FDF79C4 
 469 0bd0 FF32CCF0 		.ascii	"\3772\314\360+\262\031\373 ;\314\014\207\027\242\227"
 469      2BB219FB 
 469      203BCC0C 
 469      8717A297 
 470 0be0 707F25DD 		.ascii	"p\177%\335\011\012\035=L\313{\220\237\244\016f\201S"
 470      090A1D3D 
 470      4CCB7B90 
 470      9FA40E66 
 470      8153
 471 0bf2 A6A4883F 		.ascii	"\246\244\210?\236O\212\370\031gE|[[g\275\207P\304\327"
 471      9E4F8AF8 
 471      1967457C 
 471      5B5B67BD 
 471      8750C4D7 
 472 0c06 FCD60D59 		.ascii	"\374\326\015Y\361<4%.\316\214\263\022\336\361\247E<"
 472      F13C3425 
 472      2ECE8CB3 
 472      12DEF1A7 
 472      453C
 473 0c18 0CE56F0D 		.ascii	"\014\345o\015\013V\240v\337\226>,]U\322\211\270\252"
 473      0B56A076 
 473      DF963E2C 
 473      5D55D289 
 473      B8AA
 474 0c2a 0998AD2A 		.ascii	"\011\230\255*\334\311?\250\212\316w\253\245\344\213"
 474      DCC93FA8 
 474      8ACE77AB 
 474      A5E48B
 475 0c39 B3FE67B7 		.ascii	"\263\376g\267\205'\223\273\346\313\350\2308sDt\350\237"
 475      852793BB 
 475      E6CBE898 
 475      38734474 
 475      E89F
 476 0c4b D4AB3FFA 		.ascii	"\324\253?\372d\201A\361\257\241a\341\353\303\243c\315"
 476      648141F1 
 476      AFA161E1 
 476      EBC3A363 
 476      CD
 477 0c5c B17121EB 		.ascii	"\261q!\353#,\213\227~\360\276\357\373\233\364\321\261"
 477      232C8B97 
 477      7EF0BEEF 
 477      FB9BF4D1 
 477      B1
ARM GAS  /tmp/cc2pVT53.s 			page 37


 478 0c6d FAD0E8C8 		.ascii	"\372\320\350\310\310\350(=q\210\325\2570\006\031\202"
 478      C8E8283D 
 478      7188D5AF 
 478      30061982 
 479 0c7d 36E943C3 		.ascii	"6\351C\303B\243c,\346\257~\035\371~\230\302\235jm\214"
 479      42A3632C 
 479      E6AF7E1D 
 479      F97E98C2 
 479      9D6A6D8C 
 480 0c91 226ADE0E 		.ascii	"\"j\336\016]\363\3471\321\221\346\360\330\230\237H\232"
 480      5DF3E731 
 480      D191E6F0 
 480      D8989F48 
 480      9A
 481 0ca2 1D2FDF0A 		.ascii	"\035/\337\012\0153}\035\273\026^\255\2027\201&\343{"
 481      0D337D1D 
 481      BB165EAD 
 481      82378126 
 481      E37B
 482 0cb4 6FEC3F26 		.ascii	"o\354?&N\037\036\025\032\261q\203\005\272\215\375:\026"
 482      4E1F1E15 
 482      1AB17183 
 482      05BA8DFD 
 482      3A16
 483 0cc6 7AF4A6DE 		.ascii	"z\364\246\336\237PI\336\337;:6$\342\307J\206\205D\350"
 483      9F5049DE 
 483      DF3B3A36 
 483      24E2C74A 
 483      868544E8 
 484 0cda 099F6893 		.ascii	"\011\237h\223;H\376\204\367\237%:\217\274\3748v]x\244"
 484      3B48FE84 
 484      F79F253A 
 484      8FBCFC38 
 484      765D78A4 
 485 0cee 25664D48 		.ascii	"%fMH\324\206\010KL\240\333\357,\241q\3211+\227,\237"
 485      D486084B 
 485      4CA0DBEF 
 485      2CA171D1 
 485      312B972C 
 486 0d03 539E4D97 		.ascii	"S\236M\227i]\220\237\257~\355Z\177\375\272\300\240\257"
 486      695D909F 
 486      AF7EED5A 
 486      7FFDBAC0 
 486      A0AF
 487 0d15 969216A0 		.ascii	"\226\222\026\240\233#\"6\274\037\252pgO\346\360\250"
 487      9B232236 
 487      BC1FAA70 
 487      674FE6F0 
 487      A8
 488 0d26 F03836A2 		.ascii	"\36086\242Y\035y\233\351\304\205\307\374\331l\3712<"
 488      591D799B 
 488      E9C485C7 
 488      FCD96CF9 
 488      323C
 489 0d38 22FA8B8D 		.ascii	"\"\372\213\215\026\267\215\341Qq~\276\3468\255\331,"
 489      16B78DE1 
 489      51717EBE 
ARM GAS  /tmp/cc2pVT53.s 			page 38


 489      E638ADD9 
 489      2C
 490 0d49 3CAED787 		.ascii	"<\256\327\207EGZ\364\177\212\375B\277><J\377Eh\350\342"
 490      45475AF4 
 490      7F8AFD42 
 490      BF3E3C4A 
 490      FF4568E8 
 491 0d5e 909848E1 		.ascii	"\220\230H\341\2768*:\312\262\330\022\262>|\3612\363"
 491      BE382A3A 
 491      CAB2D812 
 491      B23E7CF1 
 491      32F3
 492 0d70 6F16FB2E 		.ascii	"o\026\373.Y\372\313?\373\351g58f72\004F\024e\321\233"
 492      59FACB3F 
 492      FBE96735 
 492      38663732 
 492      04461465 
 493 0d86 37583E0F 		.ascii	"7X>\017\331\030\021g\216\373\372K\013\231\356\177\377"
 493      D9181167 
 493      8EFBFA4B 
 493      0B99EE7F 
 493      FF
 494 0d97 5FEB0296 		.ascii	"_\353\002\226O\017\023\260\001b\007\335\267\242\276"
 494      4F0F13B0 
 494      016207DD 
 494      B7A2BE
 495 0da6 0A0F0D88 		.ascii	"\012\017\015\210\"\263\307&\365\203\0371\245|:\362\211"
 495      22B3C726 
 495      F5831F31 
 495      A57C3AF2 
 495      89
 496 0db7 48144049 		.ascii	"H\024@I\025\032\026\022\343a6\307Z\342\314+W\230\002"
 496      151A1612 
 496      E36136C7 
 496      5AE2CC2B 
 496      579802
 497 0dca 828D811E 		.ascii	"\202\215\201\036!\021\177\011\371:\026f7\002\006\265"
 497      21117F09 
 497      F93A1666 
 497      370206B5 
 498 0dda FA6FA5B7 		.ascii	"\372o\245\267eS\034\321\324\033\202L\201&\275\001\262"
 498      65531CD1 
 498      D41B824C 
 498      8126BD01 
 498      B2
 499 0deb 5B1F2864 		.ascii	"[\037(d]dlx\254\031FKr=6.\222\314zx\2449\016\033\214"
 499      5D646C78 
 499      AC19464B 
 499      723D362E 
 499      92CC7A78 
 500 0e04 4B01BE2A 		.ascii	"K\001\276*S\220\301\250\362\017\0140*MF\034\260\332"
 500      5390C1A8 
 500      F20F0C30 
 500      2A4D461C 
 500      B0DA
 501 0e16 E8623004 		.ascii	"\350b0\004\031\227\322__\225\301\020`\304\206\217\326"
 501      1997D25F 
ARM GAS  /tmp/cc2pVT53.s 			page 39


 501      5F95C110 
 501      60C4868F 
 501      D6
 502 0e27 E1609301 		.ascii	"\341`\223\001\2570\032\261\321\00068\254\364_g\304\376"
 502      AF301AB1 
 502      D1003638 
 502      ACF45F67 
 502      C4FE
 503 0e39 C4336885 		.ascii	"\3043h\205Q\3711\363\362\003\376\357\215\037\376\017"
 503      51F931F3 
 503      F203FEEF 
 503      8D1FFE0F 
 504 0e49 52CB1118 		.ascii	"R\313\021\030\211\322h0\230\327\301\352\371[>W\032\214"
 504      89D26830 
 504      98D7C1EA 
 504      F95B3E57 
 504      1A8C
 505 0e5b AEC16BD7 		.ascii	"\256\301k\327\032V\2556\252\310\0176\004\032\335V\254"
 505      1A56AD36 
 505      AAC80F36 
 505      041ADD56 
 505      AC
 506 0e6c 59B9D468 		.ascii	"Y\271\324hZG\037|\205\007?\362\2401\006\230\002\214"
 506      5A471F7C 
 506      85073FF2 
 506      A0310698 
 506      028C
 507 0e7e BF0BF05F 		.ascii	"\277\013\360_\342\266\"X \0053\222\243m\251+\021\010"
 507      E2B62258 
 507      20053392 
 507      A36DA92B 
 507      1108
 508 0e90 F8C848EE 		.ascii	"\370\310H\356\276\374\335\017\356\016\206\257+\361\246"
 508      BEFCDD0F 
 508      EE0E86AF 
 508      2BF1A6
 509 0e9f 2DC194E1 		.ascii	"-\301\224\341h\361\323\020\337\265\301\344\035\361v"
 509      68F1D310 
 509      DFB5C1E4 
 509      1DF176
 510 0eae 3CF9B127 		.ascii	"<\371\261'\201\267LC\024\370\326`\201'\264\376\022\246"
 510      81B74C43 
 510      14F8D660 
 510      8127B4FE 
 510      12A6
 511 0ec0 8FCCA349 		.ascii	"\217\314\243I|\365+\027\223\311\260\332\250\205\301"
 511      7CF52B17 
 511      93C9B0DA 
 511      A885C1
 512 0ecf 06FA9AC8 		.ascii	"\006\372\232\310P\311\243iE yt\3657\374\226\334\337"
 512      50C9A369 
 512      45207974 
 512      F537FC96 
 512      DCDF
 513 0ee1 3CB3923C 		.ascii	"<\263\222<0\255c\263\273j\331\246Ml^?_\346\373\233M"
 513      30AD63B3 
 513      BB6AD9A6 
ARM GAS  /tmp/cc2pVT53.s 			page 40


 513      4D6C5E3F 
 513      5FE6FB9B 
 514 0ef6 9B60663D 		.ascii	"\233`f=\375W\256\0162|\"L\256:\320\337\360\261\177\200"
 514      FD57AE0E 
 514      327C224C 
 514      AE3AD0DF 
 514      F0B17F80 
 515 0f0a 9A84BAEA 		.ascii	"\232\204\272\352Sr\363]\365\351\177\003\271\240\347"
 515      5372F35D 
 515      F5E97F03 
 515      B9A0E7
 516 0f19 B1       		.ascii	"\261"
 517              		.text
 518              		.section	.gnu.lto_.symtab.e97e4853df3ae257,"",%progbits
 519 0000 56656374 		.ascii	"VectorB0\000\000\000\000\000\000\000\000\000\000\000"
 519      6F724230 
 519      00000000 
 519      00000000 
 519      000000
 520 0013 00BE0000 		.ascii	"\000\276\000\000\000st_lld_init\000\000\000\000\000"
 520      0073745F 
 520      6C6C645F 
 520      696E6974 
 520      00000000 
 521 0028 00000000 		.ascii	"\000\000\000\000\000\000\000\300\000\000\000chSysTi"
 521      000000C0 
 521      00000063 
 521      68537973 
 521      5469
 522 003a 6D657248 		.ascii	"merHandlerI\000\000\002\000\000\000\000\000\000\000"
 522      616E646C 
 522      65724900 
 522      00020000 
 522      00000000 
 523 004f 0000C200 		.ascii	"\000\000\302\000\000\000_port_irq_epilogue\000\000\002"
 523      00005F70 
 523      6F72745F 
 523      6972715F 
 523      6570696C 
 524 006a 00000000 		.ascii	"\000\000\000\000\000\000\000\000\000\304\000\000\000"
 524      00000000 
 524      00C40000 
 524      00
 525 0077 6E766963 		.ascii	"nvicEnableVector\000\000\002\000\000\000\000\000\000"
 525      456E6162 
 525      6C655665 
 525      63746F72 
 525      00000200 
 526 0090 000000D1 		.ascii	"\000\000\000\321\000\000\000"
 526      000000
 527              		.text
 528              		.section	.gnu.lto_.opts,"",%progbits
 529 0000 272D666E 		.ascii	"'-fno-trapv' '-fno-strict-overflow' '-mcpu=cortex-m"
 529      6F2D7472 
 529      61707627 
 529      20272D66 
 529      6E6F2D73 
ARM GAS  /tmp/cc2pVT53.s 			page 41


 530 0033 34272027 		.ascii	"4' '-mfloat-abi=hard' '-mfpu=fpv4-sp-d16' '-mno-thu"
 530      2D6D666C 
 530      6F61742D 
 530      6162693D 
 530      68617264 
 531 0066 6D622D69 		.ascii	"mb-interwork' '-mthumb' '-ggdb' '-O0' '-fomit-frame"
 531      6E746572 
 531      776F726B 
 531      2720272D 
 531      6D746875 
 532 0099 2D706F69 		.ascii	"-pointer' '-falign-functions=16' '-ffunction-sectio"
 532      6E746572 
 532      2720272D 
 532      66616C69 
 532      676E2D66 
 533 00cc 6E732720 		.ascii	"ns' '-fdata-sections' '-fno-common' '-flto' '-fsing"
 533      272D6664 
 533      6174612D 
 533      73656374 
 533      696F6E73 
 534 00ff 6C652D70 		.ascii	"le-precision-constant'\000"
 534      72656369 
 534      73696F6E 
 534      2D636F6E 
 534      7374616E 
 535              		.text
 536              		.comm	__gnu_lto_v1,1,1
 537              		.comm	__gnu_lto_slim,1,1
 538              		.ident	"GCC: (GNU Tools for ARM Embedded Processors) 4.9.3 20150529 (release) [ARM/embedded-4_9-br
ARM GAS  /tmp/cc2pVT53.s 			page 42


DEFINED SYMBOLS
                            *ABS*:00000000 hal_st_lld.c
                            *COM*:00000001 __gnu_lto_v1
                            *COM*:00000001 __gnu_lto_slim

NO UNDEFINED SYMBOLS
