ARM GAS  /tmp/ccqPg6RD.s 			page 1


   1              		.cpu cortex-m4
   2              		.eabi_attribute 27, 1
   3              		.eabi_attribute 20, 1
   4              		.eabi_attribute 21, 1
   5              		.eabi_attribute 23, 3
   6              		.eabi_attribute 24, 1
   7              		.eabi_attribute 25, 1
   8              		.eabi_attribute 26, 1
   9              		.eabi_attribute 30, 6
  10              		.eabi_attribute 34, 1
  11              		.eabi_attribute 18, 4
  12              		.file	"logging.c"
  13              		.text
  14              	.Ltext0:
  15              		.section	.gnu.lto_.inline.9d1f986c50250862,"",%progbits
  16 0000 789C6365 		.ascii	"x\234ce`b\260`@\000f bb``bZ \317\300\002\224\003\002"
  16      6062B060 
  16      40006620 
  16      62626060 
  16      625A20CF 
  17 0019 460C1126 		.ascii	"F\014\021&\014\021\006\000W\330\002\260"
  17      0C110600 
  17      57D802B0 
  18              		.text
  19              		.section	.gnu.lto_wolfSSL_SetLoggingCb.9d1f986c50250862,"",%progbits
  20 0000 789C6550 		.ascii	"x\234ePMKBA\024\275\367\335\227-\312\332\026\270p\221"
  20      4D4B4241 
  20      14BDF7DD 
  20      972DCADA 
  20      16B87091 
  21 0014 888B945A 		.ascii	"\210\213\224ZEP\353\376E\344CMxd\370\204l\223\203&\205"
  21      4550EBFE 
  21      45E4434D 
  21      7864F884 
  21      6C938326 
  22 0029 42162496 		.ascii	"B\026$\226\025\022\021V\226\325&Z\276M\321&\"\241}("
  22      15121156 
  22      96D5265A 
  22      BE4DD126 
  22      22A17D28 
  23 003d 6842117D 		.ascii	"hB\021}l\263\356H\213\240\201;\367c\316\234sf:@\201"
  23      6CB3EE48 
  23      8BA0813B 
  23      F763CE9C 
  23      73663A40 
  24 0052 31041807 		.ascii	"1\004\030\007\000\033\007\250\200\012p \361N\310G\200"
  24      001B07A8 
  24      800A7020 
  24      F14EC847 
  24      80
  25 0063 10530863 		.ascii	"\020S\010c\230\241\034\341\375\342\3316\255P\201\000"
  25      98A11CE1 
  25      FDE2D936 
  25      AD508100 
  26 0073 556EDF6E 		.ascii	"Un\337n\363\265\036\331\"\332\271}X/\227\272]E\301\313"
  26      F3B51ED9 
  26      22DAB97D 
ARM GAS  /tmp/ccqPg6RD.s 			page 2


  26      582F97BA 
  26      5D45C1CB 
  27 0087 CC5D58B2 		.ascii	"\314]X\262\211\344D\201\024\330d\364\001\332\260\210"
  27      89E44481 
  27      14D864F4 
  27      01DAB088 
  28 0097 52030FD1 		.ascii	"R\003\017\321\305\330\306U\274\246\020\213s]/g\036U"
  28      C5D8C655 
  28      BCA6108B 
  28      735D2F67 
  28      1E55
  29 00a9 E7BE1071 		.ascii	"\347\276\020qa>gI\014\024\210\360\010\351\357E\036\001"
  29      613E6749 
  29      0C1488F0 
  29      08E9EF45 
  29      1E01
  30 00bb 96D029F1 		.ascii	"\226\320)\361\325\363V\326jQ%1\363\035\243\205}\"\317"
  30      D5F356D6 
  30      6A512531 
  30      F31DA385 
  30      7D22CF
  31 00ce DF5F37BE 		.ascii	"\337_7\276\272\034{B\254\012\363z\253o-\221\274\021"
  31      BA1C7B42 
  31      AC0AF37A 
  31      AB6F2D91 
  31      BC11
  32 00e0 EA7F070C 		.ascii	"\352\177\007\014>A\307i\005M\321\372^\022f\275\177\267"
  32      3E41C769 
  32      054DD1FA 
  32      5E1266BD 
  32      7FB7
  33 00f2 69250489 		.ascii	"i%\004\211\204\224\344\204\264,\251\211\361\317\247"
  33      8494E484 
  33      B42CA989 
  33      F1CFA7
  34 0101 CB44A794 		.ascii	"\313D\247\224\330!\251\260\374qW\355\225\017V\260\262"
  34      D821A9B0 
  34      FC7157ED 
  34      950F56B0 
  34      B2
  35 0112 80E5365D 		.ascii	"\200\3456]\232\235\0015\370\263\362\\\274`\334\376\213"
  35      9A9D0135 
  35      F8B3F25C 
  35      BC60DCFE 
  35      8B
  36 0123 97442999 		.ascii	"\227D)\231\230kT\233\016z\203!c\322\210Lyu\337\340\320"
  36      986B549B 
  36      0E7A8321 
  36      63D2884C 
  36      7975DFE0 
  37 0138 887BD81D 		.ascii	"\210{\330\035\365\370\242\021\317\\H\367\033\206\336"
  37      F5F8A211 
  37      CF5C48F7 
  37      1B86DE
  38 0147 CE5A787E 		.ascii	"\316Zx~6\3421\302\232G\017\005\002\301\231\200[\003"
  38      36E231C2 
  38      9A470F05 
ARM GAS  /tmp/ccqPg6RD.s 			page 3


  38      02C19980 
  38      5B03
  39 0159 F4FF00BF 		.ascii	"\364\377\000\277\205tD"
  39      857444
  40              		.text
  41              		.section	.gnu.lto_wolfSSL_Debugging_ON.9d1f986c50250862,"",%progbits
  42 0000 789C6365 		.ascii	"x\234ce`b`bd`\260a``\220\001b\006\026\006F&\006 fd\006"
  42      60626062 
  42      6460B061 
  42      60609001 
  42      62061606 
  43 001b 92CC8C40 		.ascii	"\222\314\214@)\006F\206z&f\306z\306~\346\351\314\214"
  43      29064686 
  43      7A2666C6 
  43      7AC67EE6 
  43      E9CC8C
  44 002e 175B36CC 		.ascii	"\027[6\314a\356c\236\317\314\300\310\002\344~<;\353"
  44      61EE639E 
  44      CFCCC0C8 
  44      02E47E3C 
  44      3BEB
  45 0040 311F88CB 		.ascii	"1\037\210\313\310\250\000\344^\235\262n5\217\346\362"
  45      C8A800E4 
  45      5E9DB26E 
  45      358FE6F2 
  46 0050 06203830 		.ascii	"\006 80\375\027\333\324\346V\217\371\314L\0143\201\252"
  46      FD17DBD4 
  46      E6568FF9 
  46      CC4C0C33 
  46      81AA
  47 0062 5730CA30 		.ascii	"W0\3120.g\004\331\301\270\222Q\223\001\250\370\321\306"
  47      2E6704D9 
  47      C1B89251 
  47      9301A8F8 
  47      D1C6
  48 0074 7F5379D9 		.ascii	"\177Sy\331X@\262@\301U\214l@\313\030\201\342\237\336"
  48      5840B240 
  48      C1558C6C 
  48      40CB1881 
  48      E29FDE
  49 0087 CFF8CBAD 		.ascii	"\317\370\313\255\272\270\241aB\303\201{s$&6\267\236"
  49      BAB8A161 
  49      42C3817B 
  49      73242636 
  49      B79E
  50 0099 6860C134 		.ascii	"h`\3014\006\250x5\243\352\372K\214\007\032\376\375o"
  50      06A87835 
  50      A3EAFA4B 
  50      8C071AFE 
  50      FD6F
  51 00ab 6F38F04D 		.ascii	"o8\360Mz\341V>fF\006\220J\206.\220\231\014\335 &\363"
  51      7AE1563E 
  51      66460690 
  51      4A862E90 
  51      990CDD20 
  52 00c1 4BC6A62F 		.ascii	"K\306\246//N7\263\203\254\230\313\014\262\241\343\363"
  52      2F4E37B3 
ARM GAS  /tmp/ccqPg6RD.s 			page 4


  52      83AC98CB 
  52      0CB2A1E3 
  52      F3
  53 00d2 F947FC20 		.ascii	"\371G\374 W31^\252c\\\0036\256\233\031\250\205\3719"
  53      5733315E 
  53      AA635C03 
  53      36AE9B19 
  53      A885F939 
  54 00e6 D0C7B380 		.ascii	"\320\307\263\200\214\267\214M\012P\365 \203\272@\024"
  54      8CB78C4D 
  54      0A50F520 
  54      83BA4014 
  55 00f6 D02CABE4 		.ascii	"\320,\253\344\214\314\244\314\374\342\370\342\222\304"
  55      8CCCA4CC 
  55      FCE2F8E2 
  55      92C4
  56 0104 A49C545D 		.ascii	"\244\234T]C\013=#\275\012\375\324\212\022\375\362\374"
  56      430B3D23 
  56      BD0AFDD4 
  56      8A12FDF2 
  56      FC
  57 0115 9CB4E2E2 		.ascii	"\234\264\342\342\0340\235\\TYP\242_\\\224\254\237\223"
  57      1C309D5C 
  57      545950A2 
  57      5F5C94AC 
  57      9F93
  58 0127 9F9E9E99 		.ascii	"\237\236\236\231\227\256\227\314\000\000\036\261a\252"
  58      97AE97CC 
  58      00001EB1 
  58      61AA
  59              		.text
  60              		.section	.gnu.lto_wolfSSL_Debugging_OFF.9d1f986c50250862,"",%progbits
  61 0000 789C6365 		.ascii	"x\234ce`b(f``\260\001bQ f`f`db\000bFF \207\221\241\236"
  61      60622866 
  61      6060B001 
  61      62512066 
  61      60666064 
  62 001e 89B19EB1 		.ascii	"\211\261\236\261\237y:3\343\241\366g;\2314\2277\000"
  62      9F793A33 
  62      E3A1F667 
  62      3B993497 
  62      3700
  63 0030 C181E91B 		.ascii	"\301\201\351\033\330\333\032Z%\346330\314df\000\003"
  63      D8DB1A5A 
  63      25E63333 
  63      30CC6466 
  63      0003
  64 0042 C6E58C9A 		.ascii	"\306\345\214\232\014@e\2176\376\233\312\313\306\002"
  64      0C40658F 
  64      36FE9BCA 
  64      CBC602
  65 0051 11675CC1 		.ascii	"\021g\\\301\310\0062g\375%\306\003\015\377\376\2677"
  65      C8063267 
  65      FD25C603 
  65      0DFFFEB7 
  65      37
  66 0062 1C3827BB 		.ascii	"\0348'\273\360+\037\320\202.\260\266nf \223\371-c\223"
ARM GAS  /tmp/ccqPg6RD.s 			page 5


  66      F02B1FD0 
  66      822EB0B6 
  66      6E662093 
  66      F92D6393 
  67 0076 024825D8 		.ascii	"\002H%\330\234.f\240\006\240\250UrFfRf~q|qIbRN\252\256"
  67      9C2E66A0 
  67      06A0A855 
  67      72466652 
  67      667E717C 
  68 0091 A1859E91 		.ascii	"\241\205\236\221^\205~jE\211~y~NZqq\016\230N.\252,("
  68      5E857E6A 
  68      45897E79 
  68      7E4E5A71 
  68      710E984E 
  69 00a9 D12F2E4A 		.ascii	"\321/.J\326\317\311OO\317\314K\327Kf\000\000GH6/"
  69      D6CFC94F 
  69      4FCFCC4B 
  69      D74B6600 
  69      00474836 
  70              		.text
  71              		.section	.gnu.lto_.symbol_nodes.9d1f986c50250862,"",%progbits
  72 0000 789C6365 		.ascii	"x\234ce`b\260`\000\002\246\223L\365\014\014\023\316"
  72      6062B060 
  72      0002A693 
  72      4CF50C0C 
  72      13CE
  73 0012 313000A9 		.ascii	"10\000\251]\215\216@\221SL\365\214\250\"\247\231\352"
  73      5D8D8E40 
  73      91534CF5 
  73      8CA822A7 
  73      99EA
  74 0024 99504418 		.ascii	"\231PD\030\000\245\212\0165"
  74      00A58A0E 
  74      35
  75              		.text
  76              		.section	.gnu.lto_.refs.9d1f986c50250862,"",%progbits
  77 0000 789C6365 		.ascii	"x\234ce`b`d\000\002\000\000I\000\011"
  77      60626064 
  77      00020000 
  77      490009
  78              		.text
  79              		.section	.gnu.lto_.decls.9d1f986c50250862,"",%progbits
  80 0000 789C8D53 		.ascii	"x\234\215S[H\024a\024\376\317\314T\353\356j\213X\011"
  80      5B481461 
  80      14FECFCC 
  80      54EBEE6A 
  80      8B5809
  81 0013 ED832881 		.ascii	"\355\203(\201\017\265f\275D\017!\030\326\203\230 \371"
  81      0FB566BD 
  81      440F2118 
  81      D6839820 
  81      F9
  82 0024 2AEEB25E 		.ascii	"*\356\262^@2\\#{r\3222\265\010\353!\361Vj\340-oY\232"
  82      40325C23 
  82      7B72D232 
  82      B508EB21 
  82      F1566AE0 
ARM GAS  /tmp/ccqPg6RD.s 			page 6


  83 003c E66D5DDD 		.ascii	"\346m]\335\025\252%\313\254\004/QDe\027,\003/\021v\346"
  83      15AA25CB 
  83      AC042F51 
  83      4465172C 
  83      032F1176 
  84 0051 FF677676 		.ascii	"\377gvv7\215~8\373\3179\347\373\316w\316\231\331-\204"
  84      378D7E38 
  84      FBCF39E7 
  84      FBCE77CE 
  84      99D92D84 
  85 0065 23930221 		.ascii	"#\223\002!3\204\2201\264u<\350\2226\242\036\036m\030"
  85      33849031 
  85      B4753CE8 
  85      9236A21E 
  85      1E6D18
  86 0078 CD81E624 		.ascii	"\315\201\346$\177\237| D\342\004\243\205\240%\242\015"
  86      7F9F7C20 
  86      44E204A3 
  86      85A025A2 
  86      0D
  87 0089 C83990B9 		.ascii	"\3109\220\271\322\355\362\343]\004V\333\233\247p\034"
  87      D2EDF2E3 
  87      5D0456DB 
  87      9BA7701C 
  88 0099 F23DEEC7 		.ascii	"\362=\356\307\271\014,\236\354\205\335\250\247r\036"
  88      B90C2C9E 
  88      EC85DDA8 
  88      A7721E
  89 00a8 9C356B1D 		.ascii	"\2345k\035\001s0#A\300\000 3\275\016\310\003\323#\245"
  89      01733023 
  89      41C00020 
  89      33BD0EC8 
  89      03D323A5 
  90 00bc 599E5372 		.ascii	"Y\236Sr\014\344G\"2\020\315\013\250\302}*\252E\244C"
  90      0CE44722 
  90      3210CD0B 
  90      A8C27D2A 
  90      AA45A443 
  91 00d0 6813DE5D 		.ascii	"h\023\336]0\227\265\306\311\216'\257`\275\012\312S\300"
  91      3097B5C6 
  91      C98E27AF 
  91      60BD0ACA 
  91      53C0
  92 00e2 066DB1C3 		.ascii	"\006m\261\303+\323\177\271\262tK\230\207Y\000\035\251"
  92      2BD37FB9 
  92      B2744B98 
  92      8759001D 
  92      A9
  93 00f3 8D011AFB 		.ascii	"\215\001\032\373\340,L\343Q\006\037\347W\233\342L\255"
  93      E02C4CE3 
  93      51061FE7 
  93      579BE24C 
  93      AD
  94 0104 223B9A28 		.ascii	"\";\232(uk\317.tV\363Wy\010\326\202\200\356ww\345\273"
  94      756BCF2E 
  94      7456F357 
  94      7908D682 
ARM GAS  /tmp/ccqPg6RD.s 			page 7


  94      80EE7777 
  95 011a 207443B4 		.ascii	" tC\264\020\206\356\324\312\340\232\236\017\223J\010"
  95      1086EED4 
  95      CAE09A9E 
  95      0F934A08 
  96 012a 6F6EFFF8 		.ascii	"on\377\370\274\025\"\215\000Z\264\006\245\026\201N\320"
  96      BC15228D 
  96      005AB406 
  96      A516814E 
  96      D0
  97 013b 421BF04A 		.ascii	"B\033\360JK\225b\261(.\346Ka\202O\005\342b\275\310\207"
  97      4B9562B1 
  97      282EE64B 
  97      61824F05 
  97      E262BDC8 
  98 0150 12386884 		.ascii	"\0228h\204\375F\002\355\020IS\004\356\202\021:\300\210"
  98      FD4602ED 
  98      10495304 
  98      EE82113A 
  98      C088
  99 0162 040D8DA0 		.ascii	"\004\015\215\240^\231\273\256*@+\263\212\377\311B\364"
  99      5E99BBAE 
  99      2A402BB3 
  99      8AFFC942 
  99      F4
 100 0173 E2D2CC0B 		.ascii	"\342\322\314\013N_*\241\313\012\305\200\343\320\205"
 100      4E5F2AA1 
 100      CB0AC580 
 100      E3D085
 101 0182 9DB462FE 		.ascii	"\235\264b\376\016\346\011\334\003\275<\344\267\352\211"
 101      0EE609DC 
 101      03BD3CE4 
 101      B7EA89
 102 0191 22ADC0B1 		.ascii	"\"\255\300\261\030\230\005)V\364\265\261\223\247\261"
 102      18980529 
 102      56F4B5B1 
 102      93A7B1
 103 01a0 442DDC07 		.ascii	"D-\334\007\032s\256/\333\267\263ep\350>_|R\243c\313"
 103      1A73AE2F 
 103      DBB7B365 
 103      70E83E5F 
 103      7C52A363 
 104 01b5 30A05BF2 		.ascii	"0\240[\362\364UI`\350\015:v\241h\340 y'<@\265\036\252"
 104      F4554960 
 104      E80D3A76 
 104      A168E020 
 104      79273C40 
 105 01cc D60BA1F8 		.ascii	"\326\013\241\370\333\015\002\223\254\3708\322%x\367"
 105      DB0D0293 
 105      ACF838D2 
 105      2578F7
 106 01db 8679AFDE 		.ascii	"\206y\257\336\372\260\217\02601\354\320\357\267\016"
 106      FAB08F16 
 106      3031ECD0 
 106      EFB70E
 107 01ea 1DBF47DA 		.ascii	"\035\277G\3322\347v\015\365\007A\244\236\356\327>~i"
 107      32E7760D 
ARM GAS  /tmp/ccqPg6RD.s 			page 8


 107      F50741A4 
 107      9EEED73E 
 107      7E69
 108 01fc 5793281A 		.ascii	"W\223(\032`\000\341\017\201\227)\022\033\257M\212C?"
 108      6000E10F 
 108      81972912 
 108      1BAF4D8A 
 108      433F
 109 020e EECAA77E 		.ascii	"\356\312\247~\337\304\243\312mt\324\001\317\370\345"
 109      DFC4A3CA 
 109      6D74D401 
 109      CFF8E5
 110 021d DD8F677D 		.ascii	"\335\217g}\206\301-\250\303\014\321a\006\225a\354\356"
 110      86C12DA8 
 110      C30CD161 
 110      069561EC 
 110      EE
 111 022e D56BBAF0 		.ascii	"\325k\272\360Z\261\326.\332\327o\356\255h)\022'\220"
 111      5AB1D62E 
 111      DAD76FEE 
 111      AD682912 
 111      2790
 112 0240 174381D0 		.ascii	"\027C\201\320\2546\326,}\006\320\004\363\000\2150\207"
 112      AC36D62C 
 112      7D06D004 
 112      F3008D30 
 112      87
 113 0251 1FEE3084 		.ascii	"\037\3560\204#\177Z\354x\035\310w\001\375\024W\316O"
 113      237F5AEC 
 113      781DC877 
 113      01FD1457 
 113      CE4F
 114 0263 8D683755 		.ascii	"\215h7U\036\241\312fY\370z{\357\247\000Yxaw\205h/@\022"
 114      1EA1CA66 
 114      59F87A7B 
 114      EFA70059 
 114      78617785 
 115 027b 2781C0AE 		.ascii	"'\201\300\256\252\332\375U\035T\265|\372g\267\300\217"
 115      AADAFD55 
 115      1D54B57C 
 115      FA67B7C0 
 115      8F
 116 028c 6FA2EAF3 		.ascii	"o\242\352\363\362\306|T\313zJ{\024UW\215\336#\213(\030"
 116      F2C67C54 
 116      CB7A4A7B 
 116      1455578D 
 116      DE238B28 
 117 02a1 556547FD 		.ascii	"UeG\375e\235Tv\255\376\327d`D\035}\177/\2538\261X\203"
 117      659D5476 
 117      ADFED764 
 117      60441D7D 
 117      7F2FAB38 
 118 02b8 5A7413EC 		.ascii	"Zt\023\354_\356\202\010D-\3274\274\337*\243\026\214"
 118      5FEE8208 
 118      442DD734 
 118      BCDF2AA3 
 118      168C
ARM GAS  /tmp/ccqPg6RD.s 			page 9


 119 02ca 0AC8A180 		.ascii	"\012\310\241\200\306!\202\204\234\315\316JKJ\212OI\262"
 119      C6218284 
 119      9CCDCE4A 
 119      4B4A8A4F 
 119      49B2
 120 02dc E6C667A7 		.ascii	"\346\306g\247\247g\236J\2175k\216%\234\014\213\215\216"
 120      A7679E4A 
 120      8F356B8E 
 120      259C0C8B 
 120      8D8E
 121 02ee 26822523 		.ascii	"&\202%#5'X\201\310\371\024\213\371\210%#\323\234\231"
 121      35275881 
 121      C8F9148B 
 121      F9882523 
 121      D39C99
 122 0301 6D4BB1E5 		.ascii	"mK\261\345\246\232\263\254\373\242\017\231\016\230\362"
 122      A69AB3AC 
 122      FBA20F99 
 122      0E98F2
 123 0310 A2AC79B9 		.ascii	"\242\254y\271Q\022\330f\313\362\271-9\347N\347Fe1\272"
 123      5112D866 
 123      CBF2B92D 
 123      39E74EE7 
 123      466531BA 
 124 0324 29831CFE 		.ascii	")\203\034\376?:\243\331r,\036\252E\355\367\250\325|"
 124      3F3AA3D9 
 124      722C1EAA 
 124      45EDF7A8 
 124      D57C
 125 0336 86B57322 		.ascii	"\206\265s\"a\307\006\301\270\270?\246\276\2306"
 125      61C706C1 
 125      B8B83FA6 
 125      BE9836
 126              		.text
 127              		.section	.gnu.lto_.symtab.9d1f986c50250862,"",%progbits
 128 0000 776F6C66 		.ascii	"wolfSSL_SetLoggingCb\000"
 128      53534C5F 
 128      5365744C 
 128      6F676769 
 128      6E674362 
 129 0015 00       		.ascii	"\000"
 130 0016 00       		.ascii	"\000"
 131 0017 00       		.ascii	"\000"
 132 0018 00000000 		.ascii	"\000\000\000\000\000\000\000\000"
 132      00000000 
 133 0020 BF000000 		.ascii	"\277\000\000\000"
 134 0024 776F6C66 		.ascii	"wolfSSL_Debugging_ON\000"
 134      53534C5F 
 134      44656275 
 134      6767696E 
 134      675F4F4E 
 135 0039 00       		.ascii	"\000"
 136 003a 00       		.ascii	"\000"
 137 003b 00       		.ascii	"\000"
 138 003c 00000000 		.ascii	"\000\000\000\000\000\000\000\000"
 138      00000000 
 139 0044 C2000000 		.ascii	"\302\000\000\000"
ARM GAS  /tmp/ccqPg6RD.s 			page 10


 140 0048 776F6C66 		.ascii	"wolfSSL_Debugging_OFF\000"
 140      53534C5F 
 140      44656275 
 140      6767696E 
 140      675F4F46 
 141 005e 00       		.ascii	"\000"
 142 005f 00       		.ascii	"\000"
 143 0060 00       		.ascii	"\000"
 144 0061 00000000 		.ascii	"\000\000\000\000\000\000\000\000"
 144      00000000 
 145 0069 C5000000 		.ascii	"\305\000\000\000"
 146              		.text
 147              		.section	.gnu.lto_.opts,"",%progbits
 148 0000 272D666D 		.ascii	"'-fmath-errno' '-fsigned-zeros' '-ftrapping-math' '"
 148      6174682D 
 148      6572726E 
 148      6F272027 
 148      2D667369 
 149 0033 2D666E6F 		.ascii	"-fno-trapv' '-fno-strict-overflow' '-fno-openmp' '-"
 149      2D747261 
 149      70762720 
 149      272D666E 
 149      6F2D7374 
 150 0066 666E6F2D 		.ascii	"fno-openacc' '-mcpu=cortex-m4' '-mfloat-abi=softfp'"
 150      6F70656E 
 150      61636327 
 150      20272D6D 
 150      6370753D 
 151 0099 20272D6D 		.ascii	" '-mfpu=fpv4-sp-d16' '-mno-thumb-interwork' '-mthum"
 151      6670753D 
 151      66707634 
 151      2D73702D 
 151      64313627 
 152 00cc 62272027 		.ascii	"b' '-ggdb' '-O0' '-fomit-frame-pointer' '-falign-fu"
 152      2D676764 
 152      62272027 
 152      2D4F3027 
 152      20272D66 
 153 00ff 6E637469 		.ascii	"nctions=16' '-ffunction-sections' '-fdata-sections'"
 153      6F6E733D 
 153      31362720 
 153      272D6666 
 153      756E6374 
 154 0132 20272D66 		.ascii	" '-fno-common' '-flto' '-fsingle-precision-constant"
 154      6E6F2D63 
 154      6F6D6D6F 
 154      6E272027 
 154      2D666C74 
 155 0165 2700     		.ascii	"'\000"
 156              		.text
 157              		.comm	__gnu_lto_v1,1,1
 158              		.comm	__gnu_lto_slim,1,1
 159              		.ident	"GCC: (GNU Tools for ARM Embedded Processors 6-2017-q2-update) 6.3.1 20170620 (release) [AR
ARM GAS  /tmp/ccqPg6RD.s 			page 11


DEFINED SYMBOLS
                            *ABS*:0000000000000000 logging.c
                            *COM*:0000000000000001 __gnu_lto_v1
                            *COM*:0000000000000001 __gnu_lto_slim

NO UNDEFINED SYMBOLS
