ARM GAS  /tmp/cc4eoP7a.s 			page 1


   1              		.syntax unified
   2              		.cpu cortex-m4
   3              		.eabi_attribute 27, 1
   4              		.eabi_attribute 28, 1
   5              		.fpu fpv4-sp-d16
   6              		.eabi_attribute 20, 1
   7              		.eabi_attribute 21, 1
   8              		.eabi_attribute 23, 3
   9              		.eabi_attribute 24, 1
  10              		.eabi_attribute 25, 1
  11              		.eabi_attribute 26, 1
  12              		.eabi_attribute 30, 6
  13              		.eabi_attribute 34, 1
  14              		.eabi_attribute 18, 4
  15              		.thumb
  16              		.file	"main.cpp"
  17              		.text
  18              	.Ltext0:
  19              		.section	.gnu.lto_.inline.401093482f7de5f0,"",%progbits
  20 0000 789C6366 		.ascii	"x\234cf\300\016\224\2404#\003\003\233<\003\003\023\220"
  20      C00E94A0 
  20      34230303 
  20      9B3C0303 
  20      1390
  21 0012 C9022619 		.ascii	"\311\002&\031\230\270\201b\214\\\014P\202\001\000\015"
  21      98B88162 
  21      8C5C0C50 
  21      8201000D 
  22 0022 500078   		.ascii	"P\000x"
  23              		.text
  24              		.section	.gnu.lto_main.401093482f7de5f0,"",%progbits
  25 0000 789C7590 		.ascii	"x\234u\220\275K\003A\020\305\347\315\236\033\345,\324"
  25      BD4B0341 
  25      10C5E7CD 
  25      9E1BE52C 
  25      D4
  26 0011 F22A2160 		.ascii	"\362*!`:\377\016K[K\261\262\210\244\261\014.zB\032-"
  26      3AFF0E4B 
  26      5B4BB1B2 
  26      88A4B10C 
  26      2E7A421A 
  27 0026 04511182 		.ascii	"\004Q\021\202\242\301\370\225\024\202\250\3255\032-"
  27      A2C1F895 
  27      1482A8D5 
  27      351A2D
  28 0035 AC2C6C2C 		.ascii	"\254,l,,\"\230.!\0019\202\2363\321.:0\013\217\371\315"
  28      2C22982E 
  28      21013982 
  28      9E33D12E 
  28      3A300B8F 
  29 004b 9BD931D4 		.ascii	"\233\3311\324\037i\311\031\020\371*<\002\223$\214\274"
  29      1F69C919 
  29      10F92A3C 
  29      0293248C 
  29      BC
  30 005c A6F78296 		.ascii	"\246\367\202\226\330@\362\007op\213q]\351<\372\357\034"
  30      D840F207 
ARM GAS  /tmp/cc4eoP7a.s 			page 2


  30      6F708B71 
  30      5DE93CFA 
  30      EF1C
  31 006e 338D93C8 		.ascii	"3\215\223\310\233\215\373m\253\022\236\312n\251\331"
  31      9B8DFB6D 
  31      AB129ECA 
  31      6EA9D9
  32 007d B0999273 		.ascii	"\260\231\222s\256\271\374P\033^\235\212\231\251\315"
  32      AEB9FC50 
  32      1B5E9D8A 
  32      99A9CD
  33 008c 84230428 		.ascii	"\204#\004(#\020\027\034#\243h+\374|\366m(\350\210\022"
  33      2310171C 
  33      23A3682B 
  33      FC7CF66D 
  33      28E88812 
  34 00a0 52388195 		.ascii	"R8\201\225e \265\273\217\313\252\227\336w\256\360\272"
  34      6520B5BB 
  34      8FCBAA97 
  34      DE77AEF0 
  34      BA
  35 00b1 73509F8E 		.ascii	"sP\237\216\302=\367\225$\3507\323\300)\322\325\261\310"
  35      C23DF795 
  35      24E837D3 
  35      C029D2D5 
  35      B1C8
  36 00c3 25C9C561 		.ascii	"%\311\305a\371jbT<\352\352Go\202\223y\301J\264\231U"
  36      F96A6254 
  36      3CEAEA47 
  36      6F829379 
  36      C14AB499 
  37 00d8 739D5A7C 		.ascii	"s\235Z|Z\257p\276\353\012n0f\323f\035x\206<\305\354"
  37      5AAF70BE 
  37      EB0A6E30 
  37      66D3661D 
  37      78863CC5 
  38 00ed 91925B8B 		.ascii	"\221\222[\213\377\221z\234\363_R\275M\317;\214\212\366"
  38      FF917A9C 
  38      F35F52BD 
  38      4DCF3B8C 
  38      8AF6
  39 00ff CF8E81B6 		.ascii	"\317\216\201\266\022\250H\207\224\326j\273\267)=\223"
  39      12A84887 
  39      94D66ABB 
  39      B7293D93 
  40 010f ED184215 		.ascii	"\355\030B\025A\314)\322=\321\373\302Pvv~ar.\227\243"
  40      41CC29D2 
  40      3DD1FBC2 
  40      5076767E 
  40      61722E97 
  41 0124 6FD40579 		.ascii	"o\324\005yB"
  41      42
  42              		.text
  43              		.section	.gnu.lto_.symbol_nodes.401093482f7de5f0,"",%progbits
  44 0000 789C4D8A 		.ascii	"x\234M\212\273\011\200@\020D\337\356zp\325\332\302^"
  44      BB098040 
  44      1044DFEE 
ARM GAS  /tmp/cc4eoP7a.s 			page 3


  44      7A70D5DA 
  44      C25E
  45 0012 09962068 		.ascii	"\011\226 h\023~A0646\260\016Q9\003'\231\367\2061\240"
  45      137E4130 
  45      363436B0 
  45      0E513903 
  45      2799F786 
  46 0028 E48B0EEA 		.ascii	"\344\213\016\352Pm\340\316^GB\2574\317\026:\225\267"
  46      506DE0CE 
  46      5E4742AF 
  46      34CF163A 
  46      95B7
  47 003a 6556977C 		.ascii	"eV\227| \245\210L\352\372\367Q\335~n\004\332\343Z\304"
  47      20A5884C 
  47      EAFAF751 
  47      DD7E6E04 
  47      DAE35AC4 
  48 004e 28583318 		.ascii	"(X3\030\347\013\334\222\343 \007"
  48      E70BDC92 
  48      E32007
  49              		.text
  50              		.section	.gnu.lto_.refs.401093482f7de5f0,"",%progbits
  51 0000 789C6366 		.ascii	"x\234cf```d\200\002\000\000=\000\005"
  51      60606064 
  51      80020000 
  51      3D0005
  52              		.text
  53              		.section	.gnu.lto_.decls.401093482f7de5f0,"",%progbits
  54 0000 789CAD52 		.ascii	"x\234\255R[H\024Q\030>\377\316\224\356\270d\004\245"
  54      5B481451 
  54      183EFFCE 
  54      94EEB864 
  54      04A5
  55 0012 48D486E0 		.ascii	"H\324\206\340\213\256SVPOE=ty\010!\"\310`\230\335\235"
  55      8BAE5356 
  55      504F453D 
  55      74790821 
  55      22C86098 
  56 0028 DCA1DD75 		.ascii	"\334\241\335usf!\337\216Z!aaBP\331e\015\351\242\225"
  56      736621DF 
  56      8E5A2161 
  56      614250D9 
  56      650DE9A2 
  57 003d B72C2FA9 		.ascii	"\267,/\251kB*\024T\344C\364\220h`t1\2050Ei\373\347\354"
  57      6B422A14 
  57      54E443F4 
  57      90686074 
  57      31853045 
  58 0055 5DEBAD03 		.ascii	"]\353\255\003\337\3169g\277\3139\337\014G\010\251F\204"
  58      DFCE3967 
  58      BFCB39DF 
  58      0C4708A9 
  58      4684
  59 0067 70747084 		.ascii	"ptp\204\324\002!&\\\027\222\370\340\021M\210ND\017\242"
  59      D4022126 
  59      5C1792F8 
  59      E0114D88 
ARM GAS  /tmp/cc4eoP7a.s 			page 4


  59      4E440FA2 
  60 007b 978439FD 		.ascii	"\227\2049\375\210\001\222<\014^*b\025\302\2028\210x"
  60      8801923C 
  60      0C5E2A62 
  60      15C28238 
  60      8878
  61 008d 8EE8420C 		.ascii	"\216\350B\014\"\332\020\035K|{#\276\235d\371\2301A\327"
  61      22DA101D 
  61      4B7C7B23 
  61      BE9D64F9 
  61      983141D7 
  62 00a1 A39FAFD2 		.ascii	"\243\237\257\322>\233`\225`5\226\335\265\303WV\342\322"
  62      3E9B6095 
  62      603596DD 
  62      B5C35756 
  62      E2D2
  63 00b3 22F0C6B2 		.ascii	"\"\360\306\262ga\374\035\237q\231\342\250\251\244\253"
  63      6761FC1D 
  63      9F7199E2 
  63      A8A9A4AB 
  64 00c3 793828C0 		.ascii	"y8(\300]\310\202{\220E\010\334\207\014\374-\342\303"
  64      5DC8827B 
  64      904508DC 
  64      870CFC2D 
  64      E2C3
  65 00d5 4E13C14B 		.ascii	"N\023\301K\023iy\215H\255\242\301\325\361\204\211\261"
  65      1369798D 
  65      48ADA2C1 
  65      D5F18489 
  65      B1
  66 00e6 C901DE7A 		.ascii	"\311\001\336z\223\006\002\323u5\243\026:L\203\241\320"
  66      930602D3 
  66      7535A316 
  66      3A4C83A1 
  66      D0
  67 00f7 2EA686E3 		.ascii	".\246\206\343\0344B\236A\304)\023@\023XQ\324\3377\367"
  67      1C34429E 
  67      41C42913 
  67      40135851 
  67      D4DF37F7 
  68 010b 42E0D682 		.ascii	"B\340\326\202aP]56\"p\033\330\274\374NOu\012\236o\223"
  68      61505D35 
  68      3622701B 
  68      D8BCFC4E 
  68      4F750A9E 
  69 0121 C0BC3FD6 		.ascii	"\300\274?\326\3157\230\331\322\2508\035\267L\355\363"
  69      CD3798D9 
  69      D2A8381D 
  69      B74CEDF3 
  70 0131 B7060172 		.ascii	"\267\006\001r\204\006<\310\364\373\332\027\353)\345"
  70      84063CC8 
  70      F4FBDA17 
  70      EB29E5
  71 0140 A1150478 		.ascii	"\241\025\004x\010\3210\2466F\025\245\025\306\305\314"
  71      08D130A6 
  71      364615A5 
  71      15C6C5CC 
ARM GAS  /tmp/cc4eoP7a.s 			page 5


  72 0150 FB49EC5A 		.ascii	"\373I\354Z\320\0029\214\000\217p\247\031w\320\364j\025"
  72      D002398C 
  72      008F70A7 
  72      1977D0F4 
  72      6A15
  73 0162 1D4A0321 		.ascii	"\035J\003!\347\257\202\366\245\002\026}\375l\355:#\272"
  73      E7AF82F6 
  73      A502167D 
  73      FD6CED3A 
  73      23BA
  74 0174 0DA31FC4 		.ascii	"\015\243\037\304\243\361$\261f.\334l\014\230x|\331\214"
  74      A3F124B1 
  74      662EDC6C 
  74      0C98787C 
  74      D98C
  75 0186 54C41A1F 		.ascii	"T\304\032\037}\334\376feb\343\205\353\022\032\357`\215"
  75      7DDCFE66 
  75      6562E385 
  75      EB121AEF 
  75      608D
  76 0198 3F8648E5 		.ascii	"?\206H\345M]\3472\271O\300\232\241#\243V\356Kx\376\364"
  76      4D5DE732 
  76      B94FC09A 
  76      A123A356 
  76      EE4B78FE 
  77 01ad 6BF99D74 		.ascii	"k\371\235t\254|\214N\177\233|o\011D+G9<\201x\347O!R"
  77      AC7C8C4E 
  77      7F9B7C6F 
  77      09442B47 
  77      393C8178 
  78 01c5 7A272B7D 		.ascii	"z'+}\331\333N\312\356Jz\3337*\003?\200[\014\347\315"
  78      D9DB4ECA 
  78      EE4A7ADB 
  78      372A033F 
  78      805B0CE7 
  79 01da BCAD5EE4 		.ascii	"\274\255^\344\302y\027\3577\357\271TY\323@\307B\241"
  79      C27917EF 
  79      37EFB954 
  79      59D340C7 
  79      42A1
  80 01ec 8D4C04DD 		.ascii	"\215L\004\335\011\211\335\321\304\036\2268\036\274;"
  80      0989DDD1 
  80      C41E9638 
  80      1EBC3B
  81 01fb 99CEB59B 		.ascii	"\231\316\265\233\230\313\345\226\211\227<siY\030\371"
  81      98CBE596 
  81      89973C73 
  81      695918F9 
  82 020b 0557697D 		.ascii	"\005Wi}\005\375\035\012A\330\345Y\202\313\263\250K/"
  82      05FD1D0A 
  82      41D8E559 
  82      82CBB3A8 
  82      4B2F
  83 021d 73E96CFD 		.ascii	"s\351l\375\362\200\343&M\345\224}\303\367>\314\016A"
  83      F280E326 
  83      4DE5947D 
  83      C3F73ECC 
ARM GAS  /tmp/cc4eoP7a.s 			page 6


  83      0E41
  84 022f 763D0DDC 		.ascii	"v=\015\334\236\256\353\236C\237@\005\245x\177`5\367"
  84      9EAEEB9E 
  84      439F4005 
  84      A5787F60 
  84      35F7
  85 0241 857D122E 		.ascii	"\205}\022.\326\027v\203~\310Fu\303T\305\347t\216r\021"
  85      D6177683 
  85      7EC84675 
  85      C354C5E7 
  85      748E7211 
  86 0255 B3278B6D 		.ascii	"\263'\213m\255\0023\013^k\243\273\317Pv$\346\024\\\346"
  86      AD02330B 
  86      5E6BA3BB 
  86      CF507624 
  86      E6145CE6 
  87 0269 148C380D 		.ascii	"\024\2148\0150\247\346\331\327\215i\226\363\261O\206"
  87      30A7E6D9 
  87      D78D6996 
  87      F3B14F86 
  88 0279 5D234E7E 		.ascii	"]#N~\016\026F\306'\222\247\276\277\273\226\222H\356"
  88      0E1646C6 
  88      2792A7BE 
  88      BFBB9692 
  88      48EE
  89 028b 48220F46 		.ascii	"H\"\017F\310\3063u\337\241#\326\275\271\271\304\354"
  89      C8C63375 
  89      DFA123D6 
  89      BDB9B9C4 
  89      EC
  90 029c 91556FBE 		.ascii	"\221Uo\276\303\347#\251~\325\253o-\220tA\222\242S\273"
  90      C3E723A9 
  90      7ED5AB6F 
  90      2D907441 
  90      92A253BB 
  91 02b0 E82AF128 		.ascii	"\350*\361(\342I\255X\264\253^\261\330\341\260\311\245"
  91      E249AD58 
  91      B4AB5EB1 
  91      D8E1B0C9 
  91      A5
  92 02c1 9EE8D3E6 		.ascii	"\236\350\323\346-\361*6E\266\253\266m\322N[\301\346"
  92      2DF12A36 
  92      45B6ABB6 
  92      6DD24E5B 
  92      C1E6
  93 02d3 2DDB4F6D 		.ascii	"-\333Om\025\223\376\020U\257\303\355w*\242Gv\270T\257"
  93      1593FE10 
  93      55AFC3ED 
  93      772AA247 
  93      76B854AF 
  94 02e7 224A4EE5 		.ascii	"\"JN\345\204\354w\353\222^\346S\264|\0279\372\337\""
  94      84EC77EB 
  94      925EE653 
  94      B47C1739 
  94      FADF22
  95 02fa B4324D94 		.ascii	"\2642M\2244\335\211gG\337\025N\305-\227\231\245c\333"
  95      34DD8967 
ARM GAS  /tmp/cc4eoP7a.s 			page 7


  95      47DF154E 
  95      C52D9799 
  95      A563DB
  96 030d D9C493E2 		.ascii	"\331\304\223\342\327U7\356\233\035\256\303e\332\001"
  96      D75537EE 
  96      9B1DAEC3 
  96      65DA01
  97 031c AFAAE7E1 		.ascii	"\257\252\347\341\211\354j\211\206\032\331\356Vl[v\344"
  97      89EC6A89 
  97      861AD9EE 
  97      566C5B76 
  97      E4
  98 032d 17E49F16 		.ascii	"\027\344\237\026K4\261T\217\231:\\h\213\262\024\227"
  98      4B34B154 
  98      8F993A5C 
  98      688BB214 
  98      97
  99 033e EC3644B9 		.ascii	"\3546D\271\377\024!!\246\3029j2\213}\232\344\2265]\362"
  99      FF142121 
  99      A6C2396A 
  99      328B7D9A 
  99      E496355D 
 100 0353 289A2617 		.ascii	"(\232&\027+\222\256z\024\311\243\255a\233\306\277~\237"
 100      2B92AE7A 
 100      14C9A3AD 
 100      619BC6BF 
 100      7E9F
 101 0365 53D68DAD 		.ascii	"S\326\215\255?\253\353\302\362"
 101      3FABEBC2 
 101      F2
 102              		.text
 103              		.section	.gnu.lto_.symtab.401093482f7de5f0,"",%progbits
 104 0000 6D61696E 		.ascii	"main\000\000\000\000\000\000\000\000\000\000\000\000"
 104      00000000 
 104      00000000 
 104      00000000 
 105 0010 AB000000 		.ascii	"\253\000\000\000gps_last_message_time_ms\000\000\000"
 105      6770735F 
 105      6C617374 
 105      5F6D6573 
 105      73616765 
 106 002f 00000000 		.ascii	"\000\000\000\000\000\000\000\000\000\277\000\000\000"
 106      00000000 
 106      00BF0000 
 106      00
 107 003c 6C617374 		.ascii	"last_gps_update_ms\000\000\000\000\000\000\000\000\000"
 107      5F677073 
 107      5F757064 
 107      6174655F 
 107      6D730000 
 108 0057 000000C1 		.ascii	"\000\000\000\301\000\000\000_Z5delaym\000\000\002\000"
 108      0000005F 
 108      5A356465 
 108      6C61796D 
 108      00000200 
 109 006b 00000000 		.ascii	"\000\000\000\000\000\000\000\000\270\000\000\000chS"
 109      00000000 
ARM GAS  /tmp/cc4eoP7a.s 			page 8


 109      B8000000 
 109      636853
 110 007a 7973496E 		.ascii	"ysInit\000\000\002\000\000\000\000\000\000\000\000\000"
 110      69740000 
 110      02000000 
 110      00000000 
 110      0000
 111 008c BB000000 		.ascii	"\273\000\000\000halInit\000\000\002\000\000\000\000"
 111      68616C49 
 111      6E697400 
 111      00020000 
 111      0000
 112 009e 00000000 		.ascii	"\000\000\000\000\000\275\000\000\000"
 112      00BD0000 
 112      00
 113              		.text
 114              		.section	.gnu.lto_.opts,"",%progbits
 115 0000 272D6665 		.ascii	"'-fexceptions' '-fno-trapv' '-fno-strict-overflow' "
 115      78636570 
 115      74696F6E 
 115      73272027 
 115      2D666E6F 
 116 0033 272D6D63 		.ascii	"'-mcpu=cortex-m4' '-mfloat-abi=hard' '-mfpu=fpv4-sp"
 116      70753D63 
 116      6F727465 
 116      782D6D34 
 116      2720272D 
 117 0066 2D643136 		.ascii	"-d16' '-mno-thumb-interwork' '-mthumb' '-ggdb' '-O0"
 117      2720272D 
 117      6D6E6F2D 
 117      7468756D 
 117      622D696E 
 118 0099 2720272D 		.ascii	"' '-fomit-frame-pointer' '-falign-functions=16' '-f"
 118      666F6D69 
 118      742D6672 
 118      616D652D 
 118      706F696E 
 119 00cc 66756E63 		.ascii	"function-sections' '-fdata-sections' '-fno-common' "
 119      74696F6E 
 119      2D736563 
 119      74696F6E 
 119      73272027 
 120 00ff 272D666C 		.ascii	"'-flto' '-fsingle-precision-constant'\000"
 120      746F2720 
 120      272D6673 
 120      696E676C 
 120      652D7072 
 121              		.text
 122              		.comm	__gnu_lto_v1,1,1
 123              		.comm	__gnu_lto_slim,1,1
 124              		.ident	"GCC: (GNU Tools for ARM Embedded Processors) 4.9.3 20150529 (release) [ARM/embedded-4_9-br
ARM GAS  /tmp/cc4eoP7a.s 			page 9


DEFINED SYMBOLS
                            *ABS*:00000000 main.cpp
                            *COM*:00000001 __gnu_lto_v1
                            *COM*:00000001 __gnu_lto_slim

NO UNDEFINED SYMBOLS
