ARM GAS  /tmp/ccYbnd6h.s 			page 1


   1              		.syntax unified
   2              		.cpu cortex-m4
   3              		.eabi_attribute 27, 1
   4              		.eabi_attribute 28, 1
   5              		.fpu fpv4-sp-d16
   6              		.eabi_attribute 20, 1
   7              		.eabi_attribute 21, 1
   8              		.eabi_attribute 23, 3
   9              		.eabi_attribute 24, 1
  10              		.eabi_attribute 25, 1
  11              		.eabi_attribute 26, 1
  12              		.eabi_attribute 30, 6
  13              		.eabi_attribute 34, 1
  14              		.eabi_attribute 18, 4
  15              		.thumb
  16              		.file	"memstreams.c"
  17              		.text
  18              	.Ltext0:
  19              		.section	.gnu.lto_.inline.31c639d10f7abac8,"",%progbits
  20 0000 789C6366 		.ascii	"x\234cf\300\016\262\2404+\003\003\037/\003\003\223\304"
  20      C00EB2A0 
  20      342B0303 
  20      1F2F0303 
  20      93C4
  21 0012 84D38C0C 		.ascii	"\204\323\214\014,\014L 1FL!&\006QY )\327\360\013.\304"
  21      2C0C4C20 
  21      31464C21 
  21      26065159 
  21      2029D7F0 
  22 0029 0254C3C0 		.ascii	"\002T\303\300\214C\234\205\201\203\035(\316\263!\027"
  22      8C439C85 
  22      81831D28 
  22      CEB32117 
  23 0039 26CC0000 		.ascii	"&\314\000\000\010\370\010\263"
  23      08F808B3 
  24              		.text
  25              		.section	.gnu.lto__put.31c639d10f7abac8,"",%progbits
  26 0000 789C8D54 		.ascii	"x\234\215TYOSA\024\2363s\357m\013\255\032cb\322\007"
  26      594F5341 
  26      149E3373 
  26      EF6D0BAD 
  26      1A6362D2 
  27 0015 35698831 		.ascii	"5i\2101\012\025\037\214&F\361\037\350/0`H \201h\254"
  27      0A151F8C 
  27      2646F11F 
  27      E82F3060 
  27      48208168 
  28 002a 0FBE714B 		.ascii	"\017\276qK\353\026\343V\227\240\200\200D\304\015,\270"
  28      EB16E356 
  28      97A08080 
  28      44C40D2C 
  28      B8
  29 003b E17A91A5 		.ascii	"\341z\221\245H0\302\203\021\321(\032\300%\032\2136\251"
  29      4830C283 
  29      11D1281A 
  29      C0251A8B 
  29      36A9
ARM GAS  /tmp/ccYbnd6h.s 			page 2


  30 004d 7DD0EB39 		.ascii	"}\320\3539s+\224\002\201\233\334\311\314\231\371\276"
  30      732B9402 
  30      819BDCC9 
  30      CC99F9BE 
  31 005d F37D6716 		.ascii	"\363}g\026\301\246\177k\361\217\251\214m\245\201\306"
  31      C1A67F6B 
  31      F18FA98C 
  31      6DA581C6 
  32 006d 8033FCB9 		.ascii	"\2003\374\271`L\347\0126\212\000\234\004E\266*\000."
  32      604CE70A 
  32      368A009C 
  32      0445B62A 
  32      002E
  33 007f 0256C685 		.ascii	"\002V\306\205\242B\031|\341\343\034\332\232b\3173?\363"
  33      A242197C 
  33      E1E31CDA 
  33      9A62CF33 
  33      3FF3
  34 0091 04672B18 		.ascii	"\004g+\030\016\357\207z*4\032\202B\3037'\314\257\013"
  34      0EEF877A 
  34      2A341A82 
  34      42C33727 
  34      CCAF0B
  35 00a4 565ED275 		.ascii	"V^\322u=z1\274\357\334\351Z\234\341\354\027gp\031\334"
  35      3D7A31BC 
  35      EFDCE95A 
  35      9CE1EC17 
  35      677019DC 
  36 00b8 D0086E22 		.ascii	"\320\010n\"\274\002+qih\260\322&6\002\241~\374\354o"
  36      BC022B71 
  36      6968B0D2 
  36      263602A1 
  36      7EFCEC6F 
  37 00cc E559F5BA 		.ascii	"\345Y\365\272^n\264\265\350yJ\202\013\270\012\"\025"
  37      5E6EB4B5 
  37      E8794A82 
  37      0BB80A22 
  37      15
  38 00dd 862106D7 		.ascii	"\206!\006\327 \013W_\370\374\366\036\210M\022\331\337"
  38      200B575F 
  38      F8FCF61E 
  38      884D12D9 
  38      DF
  39 00ee 7FF83458 		.ascii	"\177\3704X\310\347Mz\036$\270\002\327-\344\0327\254"
  39      C8E74D7A 
  39      1E24B802 
  39      D72DE41A 
  39      37AC
  40 0100 229CC2E0 		.ascii	"\"\234\302\340\006d\321\342D\347\247\203N\261Y\002\017"
  40      0664D1E2 
  40      44E7A783 
  40      4EB15902 
  40      0F
  41 0111 9C6938A5 		.ascii	"\234i8\245z\352\0208|\244\276\327\251\367\350\301a\323"
  41      7AEA1038 
  41      7CA4BED7 
  41      A9F7E8C1 
ARM GAS  /tmp/ccYbnd6h.s 			page 3


  41      61D3
  42 0123 5C9EE02A 		.ascii	"\\\236\340*4M\315l}\010\031\017\376y\225\251\005\321"
  42      344DCD6C 
  42      7D08190F 
  42      FE7995A9 
  42      05D1
  43 0135 DB226806 		.ascii	"\333\"h\006\017\271B37A\303*9p~\250\263\372?\345\321"
  43      0FB94233 
  43      3741C32A 
  43      39707EA8 
  43      B3FA3FE5 
  44 014a 8E6EE7FE 		.ascii	"\216n\347\376\011J\215M\347\2030x\246`\214\246\226\306"
  44      094A8D4D 
  44      E7833078 
  44      A6608CA6 
  44      96C6
  45 015c BC60ADFE 		.ascii	"\274`\255\376\3274a\026H\213\204|\034\010\267k\0049"
  45      D7346116 
  45      488B847C 
  45      1C08B76B 
  45      0439
  46 016e 347CAC7E 		.ascii	"4|\254~t\2331\201I\257\263\304\264JL\315\211\204\241"
  46      749B3181 
  46      49AFB3C4 
  46      B44A4CCD 
  46      8984A1
  47 0181 58D28E07 		.ascii	"X\322\216\007R\245\331f\302\334J\227veNi\267\323\322"
  47      52A5D966 
  47      C2DC4A97 
  47      76654E69 
  47      B7D3D2
  48 0194 E8B4F587 		.ascii	"\350\264\365\207\014\323\3342K\216;i9\206+\002\221\271"
  48      0CD3DC32 
  48      4B8E3B69 
  48      39862B02 
  48      91B9
  49 01a6 4A76370D 		.ascii	"Jv7\015\223\232dF\300=\360\320N5/6t\323l\355\362\037"
  49      939A6446 
  49      C03DF0D0 
  49      4E352F36 
  49      74D36CED 
  50 01bc 597D8E2F 		.ascii	"Y}\216/\000<\023\234\003\035&<R8\255`@S\251\321h\312"
  50      003C139C 
  50      031D263C 
  50      5238AD60 
  50      4053A9D1 
  51 01d2 868DCD4E 		.ascii	"\206\215\315NC\007\3652\200\216O&\215\235\324\270h\015"
  51      4307F532 
  51      808E4F26 
  51      8D9DD4B8 
  51      680D
  52 01e4 6323B4F9 		.ascii	"c#\264\371l\224\272b\010\312\317\216w\235T\351,\304"
  52      6C94BA62 
  52      08CACF8E 
  52      779D54E9 
  52      2CC4
  53 01f6 B9886310 		.ascii	"\271\210c\020Cw\306\273\353\204\025RP\366\373\221\027"
ARM GAS  /tmp/ccYbnd6h.s 			page 4


  53      4377C6BB 
  53      EB841552 
  53      50F6FB91 
  53      17
  54 0207 0376BA28 		.ascii	"\003v\272(\252<L\267\177\327|wUC%\026\324\216\030h#"
  54      AA3C4CB7 
  54      7FD77C77 
  54      55432516 
  54      D48E1868 
  55 021c D518AF8A 		.ascii	"\325\030\257\212\235z\2750{u\202;\340>T\303O\231\006"
  55      9D7ABD30 
  55      7B75823B 
  55      E03E54C3 
  55      4F9906
  56 022f 1E40B6A4 		.ascii	"\036@\266\244\254[j\021\252\363cx(\031\344%~\204\014"
  56      AC5B6A11 
  56      AAF36378 
  56      2819E425 
  56      7E840C
  57 0242 2F213818 		.ascii	"/!8\030p'%\305I\210\264 ,\013\321\233\221\355\326\234"
  57      702725C5 
  57      4988B420 
  57      2C0BD19B 
  57      91EDD69C 
  58 0256 862C638D 		.ascii	"\206,c\2157\032\\$\227\343\256[\037\276\000\217emG\351"
  58      371A5C24 
  58      97E3AE5B 
  58      1FBE008F 
  58      656D47E9 
  59 026a A910D262 		.ascii	"\251\020\322b\304\237\264h\233\217\"\033<\221\212\344"
  59      C49FB468 
  59      9B8F221B 
  59      3C918AE4 
  60 027a C531929E 		.ascii	"\3051\222\236>,\261\030\354)\014~]7rfd\271\206\327\317"
  60      3E2CB118 
  60      EC290C7E 
  60      5D377266 
  60      64B986D7 
  61 028f 5845E6DA 		.ascii	"XE\346\332'\315=\225T\201\012\315br\240\034\344#\366"
  61      27CD3D95 
  61      54810ACD 
  61      6272A01C 
  61      E423F6
  62 02a2 B31F9651 		.ascii	"\263\037\226Q,\265\376\266)\365\247L\"A\345p@\007e\202"
  62      2CB5FEB6 
  62      29F5A74C 
  62      2241E570 
  62      40076582 
  63 02b6 4EE48DF3 		.ascii	"N\344\215\363\014\251-\334\327\236\364\2279\247?Rf'"
  63      0CA92DDC 
  63      D79EF497 
  63      39A73F52 
  63      6627
  64 02c8 615D93C2 		.ascii	"a]\223\302\272-a\241\2440\247\3053p\276!\260\220\244"
  64      BA2D61A1 
  64      A430A7C5 
  64      3370BE21 
ARM GAS  /tmp/ccYbnd6h.s 			page 5


  64      B090A4
  65 02db 38804104 		.ascii	"8\200A\004I0U\010\222:\347\231\244g2\3113\310Fj\"\211"
  65      49305508 
  65      923AE799 
  65      A46732C9 
  65      33C8466A 
  66 02f1 46FB72AD 		.ascii	"F\373r\255L\256T\307\364\306\367&w\0167]\014\202\177"
  66      4CAE54C7 
  66      F4C6F726 
  66      770E375D 
  66      0C827F
  67 0304 118B61F4 		.ascii	"\021\213a\364\035u\342\3042\006\350Y\023\337\302K\020"
  67      1D75E2C4 
  67      3206E859 
  67      13DFC24B 
  67      10
  68 0315 AB54B53A 		.ascii	"\253T\265:\361\200c\030\327\254\337YT\\P\274\313\267"
  68      F1806318 
  68      D7ACDF59 
  68      545C50BC 
  68      CBB7
  69 0327 C3B737BF 		.ascii	"\303\2677\277\240\2440;wC\316\272\234}\336]>oQ~\211"
  69      A0A4303B 
  69      7743CEBA 
  69      9C7DDE5D 
  69      3E6F517E 
  70 033c B7A4B8C0 		.ascii	"\267\244\270\300\353\333\273\2470\277\324\347--,Mvs"
  70      EBDBBBA7 
  70      30BFD4E7 
  70      2D2D2C4D 
  70      7673
  71 034e 76325EBC 		.ascii	"v2^\274\033\012D\251o\367?\034)\033\026"
  71      1B0A44A9 
  71      6FF73F1C 
  71      291B16
  72              		.text
  73              		.section	.gnu.lto__get.31c639d10f7abac8,"",%progbits
  74 0000 789C9554 		.ascii	"x\234\225T[KTQ\024\336k\357s\316\3148\343\205\210\036"
  74      5B4B5451 
  74      14DE6BEF 
  74      73CECC38 
  74      E385881E 
  75 0014 E6A54042 		.ascii	"\346\245@B\242\306\251\036\272\021e\377\240~Ah\010\012"
  75      A2C6A91E 
  75      BA1165FF 
  75      A07E4168 
  75      080A
  76 0026 8AD2F8E0 		.ascii	"\212\322\370\340\233\307\2342z\010\323\014\323L\305"
  76      9BC79C32 
  76      7A08D30C 
  76      D34CC5
  77 0035 322F5979 		.ascii	"2/Yy-\273\036\323\324\242\233\240d\026ey\311\202HM\262"
  77      2DBB1ED3 
  77      D4A29BA0 
  77      64166579 
  77      C982484D 
  78 004a 79A8D35A 		.ascii	"y\250\323Z\373\214:NJv\340l\316^{}\337\372\326e\037"
ARM GAS  /tmp/ccYbnd6h.s 			page 6


  78      FB8C3A4E 
  78      4A76E06C 
  78      CE5E7B7D 
  78      DFFAD665 
  79 005f C1FE7EB6 		.ascii	"\301\376~\266\342;\2432v\2006\032\003\316\360\345\202"
  79      E23BA332 
  79      7680361A 
  79      03CEF0E5 
  79      82
  80 0070 319D2BB8 		.ascii	"1\235+\270(\002\360\020\024\271\252\000\350\004,\207"
  80      2802F010 
  80      14B9AA00 
  80      E8042C87 
  81 0080 0B45851C 		.ascii	"\013E\205\034\370\314\2479t\\\233}\346\234\344\001\316"
  81      F8CCA739 
  81      745C9B7D 
  81      E69CE401 
  81      CE
  82 0091 3630DCDE 		.ascii	"60\334\336.\354+\321h\013\012m\337\024\230_\242\342"
  82      2EEC2BD1 
  82      680B0A6D 
  82      DF14985F 
  82      A2E2
  83 00a3 2EEBBA3E 		.ascii	".\353\272>\365\260%\373\374\331J<\341\354;gp\005\334"
  83      F5B025FB 
  83      FCD94A3C 
  83      E1EC3B67 
  83      7005DC
  84 00b6 500B6E22 		.ascii	"P\013n\"\254\2038t-\034*\263\211\335@\250o3/[\370\306"
  84      AC833874 
  84      2D1C2AB3 
  84      89DD40A8 
  84      6F332F5B 
  85 00cc 6A5D3F66 		.ascii	"j]?ft4\353\011J\200\013\250\007\021\012C\023\203\006"
  85      7434EB09 
  85      4A800BA8 
  85      07110A43 
  85      138306
  86 00df D848EE17 		.ascii	"\330H\356\027'\337\336\002\261WB/\235n-\346\261U\010"
  86      27DFDE02 
  86      B157422F 
  86      9D6E2DE6 
  86      B15508
  87 00f2 1D291FED 		.ascii	"\035)\037\355q\352%\272\177\3044\327\007\270\002W-\206"
  87      71EA25BA 
  87      7FC434D7 
  87      07B80257 
  87      2D86
  88 0104 2D6ED8E4 		.ascii	"-n\330\344\016f\217\200@\367\247|\227\330'\301'\212"
  88      0E668F80 
  88      40F7A77C 
  88      97D827C1 
  88      278A
  89 0116 6B8A540B 		.ascii	"k\212T\013|\261\372\211K\357\233\007\253pmi\370\005"
  89      7CB1FA89 
  89      4BEF9B07 
  89      AB706D69 
ARM GAS  /tmp/ccYbnd6h.s 			page 7


  89      F805
  90 0128 F8B4FFD7 		.ascii	"\370\264\377\327+\247\346\307\004c\240\021b\341:\304"
  90      2BA7E6C7 
  90      0463A011 
  90      62E13AC4 
  91 0138 527A98D5 		.ascii	"Rz\230\325\015\320\260\\\021\3503\334]>O[\333\325\343"
  91      0DD0B05C 
  91      11E833DC 
  91      5D3E4F5B 
  91      DBD5E3
  92 014b 3ABE40AB 		.ascii	":\276@\253\261\2779\241\011b\227`\214\306\346\332\004"
  92      B1BF39A1 
  92      09629760 
  92      8CC6E6DA 
  92      04
  93 015c 7FA5FEDB 		.ascii	"\177\245\376\3334a\005H\263\204|\354o\352\324\010rr"
  93      34610548 
  93      B3847CEC 
  93      6FEAD408 
  93      7272
  94 016e A4AE7AFC 		.ascii	"\244\256z\374\240\261\200\011/\270\304\264HLEA\300P"
  94      A0B18009 
  94      2FB8C4B4 
  94      484C4541 
  94      C050
  95 0180 2C69F579 		.ascii	",i\365y\275!\322l\313aZ\377_Z[X\030\235f\340\244a\232"
  95      BD21D26C 
  95      CB615AFF 
  95      5F5A5B58 
  95      189D66E0 
  96 0197 FB5788D1 		.ascii	"\373W\210\321\036\026c\244a\264\367_%\273\031\206\011"
  96      1E1663A4 
  96      61B4F75F 
  96      25BB1986 
  96      09
  97 01a8 0DB22CE0 		.ascii	"\015\262,\340\026v*\330\255\353k\014\3354[\236\367\347"
  97      16762AD8 
  97      ADEB6B0C 
  97      DD345B9E 
  97      F7E7
  98 01ba EF2CE551 		.ascii	"\357,\345Q\200\203\3059\320d\341|\341\261\202\006M\245"
  98      8083C539 
  98      D064E17C 
  98      E1B18206 
  98      4DA5
  99 01cc 45A3231B 		.ascii	"E\243#\033.6;m\035\364\025\301\210\306I{\027-\221\344"
  99      2E363B6D 
  99      1DF415C1 
  99      88C6497B 
  99      172D91E4 
 100 01e0 C3D8180D 		.ascii	"\303\330\030\015\000\033\247O1\014\307\3165\2758\243"
 100      001BA74F 
 100      310CC7CE 
 100      35BD38A3 
 101 01f0 D23CCC71 		.ascii	"\322<\314q1\207F4\2657\015T\011\313\244\240\364\367"
 101      31874634 
 101      B5370D54 
ARM GAS  /tmp/ccYbnd6h.s 			page 8


 101      09CBA4A0 
 101      F4F7
 102 0202 632FFAED 		.ascii	"c/\372\355tkT9Tm?+\276F\226C\031\026\325\216\030\350"
 102      746B5439 
 102      546D3F2B 
 102      BE469643 
 102      1916D58E 
 103 0218 20E568BF 		.ascii	" \345h\2770[\364:\332\2639\300\035p\033\312aF\206\201"
 103      305BF43A 
 103      DAB339C0 
 103      1D701BCA 
 103      61468681 
 104 022c 3BE09194 		.ascii	";\340\221\224\037\326Y\204\352\352\030\356J\006y\243"
 104      1FD65984 
 104      EAEA18EE 
 104      4A0679A3 
 105 023c EF21C320 		.ascii	"\357!\303 \370\207\362\334AIs$D\246 \254\024\246\246"
 105      F887F2DC 
 105      41497324 
 105      44A620AC 
 105      14A6A6
 106 024f 060E5967 		.ascii	"\006\016Yg\032\262L\3246\326D\222\\\216\235\267\036"
 106      1AB24CD4 
 106      36D64492 
 106      5C8E9DB7 
 106      1E
 107 0260 FC1DDC97 		.ascii	"\374\035\334\227\365\035\247\377\206\220)\016v\006S"
 107      F51DA7FF 
 107      8690290E 
 107      760653
 108 026f B4AD4691 		.ascii	"\264\255F\221\015\036HE\362\362\030a9\331C\030ru\335"
 108      0D1E4845 
 108      F2F21861 
 108      39D94318 
 108      7275DD
 109 0282 D8B32C4B 		.ascii	"\330\263,K\003^C\303C\311u.&\367PR\345\225h\026\223"
 109      035E43C3 
 109      43C9752E 
 109      26F75052 
 109      E5956816 
 110 0297 03E5201F 		.ascii	"\003\345 \037\261\3778\265\305\262E\204\266\300\266"
 110      B1FF38B5 
 110      C5B24584 
 110      B6C0B6
 111 02a6 A40514CC 		.ascii	"\244\005\024\314\026\240\2128\240\213\202A7RKm\323\203"
 111      16A08A38 
 111      A08B8241 
 111      37524B6D 
 111      D383
 112 02b8 D3C1FC9C 		.ascii	"\323\301\374\234\377\314\217\224\331I\330\243Ea=\226"
 112      FFCC8F94 
 112      D949D8A3 
 112      45613D96 
 113 02c8 B0C2A030 		.ascii	"\260\302\2400\227\305\323_Z\223\027M:\034\300\240\027"
 113      97C5D35F 
 113      5A93174D 
 113      3A1CC0A0 
ARM GAS  /tmp/ccYbnd6h.s 			page 9


 113      17
 114 02d9 49305421 		.ascii	"I0T!\220\313\352\203\364-\006y\014\036\244&\222w\371"
 114      90CBEA83 
 114      F42D0679 
 114      0C1EA426 
 114      9277F9
 115 02ec 13A5C150 		.ascii	"\023\245\301P\221\230\262l\025vY\014An\014\233\305\252"
 115      9198B26C 
 115      1576590C 
 115      416E0C9B 
 115      C5AA
 116 02fe BFA38F39 		.ascii	"\277\243\2179\202M\000`\243\305\205\266\265\350\253"
 116      824D0060 
 116      A3C585B6 
 116      B5E8AB
 117 030d 3C6D73E1 		.ascii	"<ms\341D\243\031}v\034IIMJ\315\360\035\366e%&\245%{"
 117      44A3197D 
 117      761C4949 
 117      4D4ACDF0 
 117      1DF66525 
 118 0325 B6ED8ADF 		.ascii	"\266\355\212\337\036\237\355\315\360yS\022\323\274i"
 118      1E9FEDCD 
 118      F0795312 
 118      D3BC69
 119 0334 A9495E5F 		.ascii	"\251I^_\326\321\344\304t\2377=9=\370\031\177\204\361"
 119      D6D1E4C4 
 119      749F373D 
 119      393DF819 
 119      7F84F1
 120 0347 D44C4812 		.ascii	"\324LH\022\351\276\314?\377\315\033\356"
 120      E9BECC3F 
 120      FFCD1BEE 
 121              		.text
 122              		.section	.gnu.lto__writes.31c639d10f7abac8,"",%progbits
 123 0000 789C8D94 		.ascii	"x\234\215\224\337OTG\024\307\347\314\334{w\027\026Y"
 123      DF4F5447 
 123      14C7E7CC 
 123      DC7B7717 
 123      1659
 124 0012 7D31A135 		.ascii	"}1\24155\241\204\030\303\256\364\241\251\251\2116\351"
 124      35A18418 
 124      C3AEF4A1 
 124      A9A98936 
 124      E9
 125 0023 838FFE07 		.ascii	"\203\217\376\007\015(\211$P\210\353C_\214wa\273\222"
 125      0D288924 
 125      5088EB43 
 125      5F8C7761 
 125      BB92
 126 0035 3E9806B0 		.ascii	">\230\006\260\241Q*\244\251\277\320E~\354\026P\354U"
 126      A1512AA4 
 126      A9BFD045 
 126      7EEC1650 
 126      EC55
 127 0047 11D1E28F 		.ascii	"\021\321\342\217\376d\245\244\322\026\255\326\022]%"
 127      FE64A5A4 
 127      D216ADD6 
ARM GAS  /tmp/ccYbnd6h.s 			page 10


 127      125D25
 128 0056 C18DA9D7 		.ascii	"\301\215\251\327sf\226.^\320\335\233\334\331;g\346\363"
 128      7366962E 
 128      5ED0DD9B 
 128      DCD93B67 
 128      E6F3
 129 0068 3DDF993D 		.ascii	"=\337\231=3\202-}6\340[\356b\354C\352\030\0148\303\227"
 129      33822D7D 
 129      36E05BEE 
 129      62EC43EA 
 129      180C38C3 
 130 007d 0BC64CAE 		.ascii	"\013\306L\256a\243\011\300\037\320@\307V\007\300I\300"
 130      61A309C0 
 130      1FD040C7 
 130      5607C049 
 130      C0
 131 008e F672A1E9 		.ascii	"\366r\241\351\260\027\356\363$\207\301\350\334\265\374"
 131      B017EEF3 
 131      2487C1E8 
 131      DCB5FC
 132 009d 7B3CC5D9 		.ascii	"{<\305\331Z\206\335\241\346\2616\203\272\310aw\342\327"
 132      5A86DDA1 
 132      E6B13683 
 132      BAC86177 
 132      E2D7
 133 00af B6094FE9 		.ascii	"\266\011O\3517\246\331\360\350\317\007\227\275\237n"
 133      37A6D9F0 
 133      E8CF0797 
 133      BD9F6E
 134 00be 4D71CE9E 		.ascii	"Mq\316\236p\006G\241\010\216A\021\351\035\207R\234\331"
 134      700647A1 
 134      088E4111 
 134      E91D8752 
 134      9CD9
 135 00d0 9C38E812 		.ascii	"\2348\350\022\033\201\240\207\217o\366\361\222\257\021"
 135      1B81A087 
 135      8F6FF6F1 
 135      92AF11
 136 00df B2867BCD 		.ascii	"\262\206{\315-Z\212\0138\001b1\206!\006]P\202\263\243"
 136      2D5A8A0B 
 136      38016231 
 136      8621065D 
 136      5082B3A3 
 137 00f3 67C38F0C 		.ascii	"g\303\217\014\261I\222\177\204\233\022^E\336S\244\006"
 137      B149927F 
 137      849B125E 
 137      45DE53A4 
 137      06
 138 0104 279DA4C6 		.ascii	"'\235\244\306\340\224$\177N\374\025\321\304fI\306\206"
 138      E094247F 
 138      4EFC15D1 
 138      C46649C6 
 138      86
 139 0115 A3A3858A 		.ascii	"\243\243\205\212|\246HTv\222\330\351\206\022\232\236"
 139      7CA64854 
 139      7692D8E9 
 139      86129A9E 
ARM GAS  /tmp/ccYbnd6h.s 			page 11


 140 0125 1AF97B9F 		.ascii	"\032\371{\237W| \321\310\201#-zq'\242\323\267\177\334"
 140      577C20D1 
 140      C881232D 
 140      7A7127A2 
 140      D3B77FDC 
 141 0139 61853BCC 		.ascii	"a\205;\314\347\266\015)\256\303\351\227\005\324\203"
 141      E7B60D29 
 141      AEC3E997 
 141      05D483
 142 0148 4432FCDF 		.ascii	"D2\374\337D\276\0216M\323\007=PL\033\202\373\320\013"
 142      44BE1136 
 142      4DD3073D 
 142      504C1B82 
 142      FBD00B
 143 015b 06EEAF17 		.ascii	"\006\356\257\027\307'G\332\027\024\357\367\317l\313"
 143      C72747DA 
 143      1714EFF7 
 143      CF6CCB
 144 016a 481A6CA9 		.ascii	"H\032l\251\036\364A\361K\214\025\355=\266\345\365H\277"
 144      1EF441F1 
 144      4B8C15ED 
 144      3DB6E5F5 
 144      48BF
 145 017c 13399E15 		.ascii	"\0239\236\025\2119\220\351\177\006\262:\213;\323\014"
 145      893990E9 
 145      7F06B23A 
 145      8B3BD30C 
 146 018c 644DF3AD 		.ascii	"dM\363\255D\016\177\236\2624\225\346\301\324\3424\256"
 146      440E7F9E 
 146      B23495E6 
 146      C1D4E234 
 146      AE
 147 019d E5980167 		.ascii	"\345\230\001g\232\226\213\015o\233\241\247\266\355z"
 147      9A968B0D 
 147      6F9BA1A7 
 147      B6ED7A
 148 01ac 45964107 		.ascii	"E\226A\007a~\331\332\301\233,\333\336L\205\265\0140"
 148      617ED9DA 
 148      C19B2CDB 
 148      DE4C85B5 
 148      0C30
 149 01be E45CFDBF 		.ascii	"\344\\\375\277\331W\177\3465I\226\005\316J\340nW\353"
 149      D9577FE6 
 149      35499605 
 149      CE4AE06E 
 149      57EB
 150 01d0 3E097C36 		.ascii	">\011|6={$\242\217\231\341i\333~k\351\271\221\3100\024"
 150      3D7B24A2 
 150      8F99E169 
 150      DB7E6BE9 
 150      B991C830 
 151 01e5 530575AF 		.ascii	"S\005u\257\262L\333\356\353~\236x\003V\201\254R\016"
 151      B24CDBEE 
 151      EB7E9E78 
 151      035681AC 
 151      520E
 152 01f7 743EF094 		.ascii	"t>\360\224\340\260\206\265k\350\324\030\324\270\200"
ARM GAS  /tmp/ccYbnd6h.s 			page 12


 152      E0B086B5 
 152      6BE8D418 
 152      D4B880
 153 0206 26B8E9D3 		.ascii	"&\270\351\323CM\236\004\362\361\323\345\245~\001\035"
 153      434D9E04 
 153      F2F1D3E5 
 153      A57E011D 
 154 0216 AF1540A7 		.ascii	"\257\025@\247\244\220\372>jV\312\372g3T\252\354\016"
 154      A490FA3E 
 154      6A56CAFA 
 154      673354AA 
 154      EC0E
 155 0228 7D8A4968 		.ascii	"}\212Ih\370\"\331\275\216\012w\236\213y\214a$\236\354"
 155      F822D9BD 
 155      8E0A779E 
 155      8B798C61 
 155      249EEC
 156 023b 2F52110D 		.ascii	"/R\021\015\027s{\346\306\017n\272\016tY\370\261\247"
 156      17737BE6 
 156      C60F6EBA 
 156      0E7459F8 
 156      B1A7
 157 024d 87670BDA 		.ascii	"\207g\013\332\341 n\231\033\0218G+\301\370\241\271\226"
 157      E1206E99 
 157      1B113847 
 157      2BC1F8A1 
 157      B996
 158 025f 5B8565EB 		.ascii	"[\205e\353\351\320}\007\355\360X&\001\013\312\244b\347"
 158      E9D07D07 
 158      EDF05826 
 158      010BCAA4 
 158      62E7
 159 0271 6A25A8E7 		.ascii	"j%\250\347\246p^*\310\253\352\202Thl\215\214s%A\266"
 159      A6705E2A 
 159      C8ABEA82 
 159      54686C8D 
 159      8C732541 
 160 0286 5088FD02 		.ascii	"P\210\375\002\341\361\306\242\377c.\246V%\324\252\342"
 160      E1F1C6A2 
 160      FF632EA6 
 160      5625D4AA 
 160      E2
 161 0297 3DB137D5 		.ascii	"=\2617\325\230;\267\224\0273\246G\026L\247\025<\271"
 161      983BB794 
 161      1733A647 
 161      164CA715 
 161      3CB9
 162 02a9 295CCA98 		.ascii	")\\\312\230\036]0\275I)\344\315\023\345\221\006\265"
 162      1E5D30BD 
 162      4929E4CD 
 162      13E59106 
 162      B5
 163 02ba B4C1646C 		.ascii	"\264\301dl\215\032\314\317E\336\005\227\245\274\274"
 163      8D1ACCCF 
 163      45DE0597 
 163      A5BCBC
 164 02c9 66C61CBB 		.ascii	"f\306\034\273\352]\244\0202M\353\375eU\272\360\262\262"
ARM GAS  /tmp/ccYbnd6h.s 			page 13


 164      EA5DA410 
 164      324DEBFD 
 164      6555BAF0 
 164      B2B2
 165 02db FCE4F44A 		.ascii	"\374\344\364J\306\351U\345\264-\222^k\001\372AA6\205"
 165      C6E955E5 
 165      B42D925E 
 165      6B01FA41 
 165      413685
 166 02ee 37190688 		.ascii	"7\031\006\210\376\352\247\375Q\276\347\231\331d\272"
 166      FEEAA7FD 
 166      51BEE799 
 166      D964BA
 167 02fd 53DCF384 		.ascii	"S\334\363\2048\370\036\36609y\305<\336\244<O\332\351"
 167      38F81EF6 
 167      303979C5 
 167      3CDEA43C 
 167      4FDAE9
 168 0310 89A7450A 		.ascii	"\211\247E\012\263\256\210\274\270\311\312x\306\3125"
 168      B3AE88BC 
 168      B8C9CA78 
 168      C6CA35
 169 031f 65A5D950 		.ascii	"e\245\331P\">\324AqRn\006\012\345.z=#z\003\312P\212"
 169      223ED441 
 169      71526E06 
 169      0AE52E7A 
 169      3D237A03 
 170 0336 C93A8F0B 		.ascii	"\311:\217\013\245\274\222d\331]\000\254\032\216M\236"
 170      A5BC9264 
 170      D95D00AC 
 170      1A8E4D9E 
 171 0346 38390BF8 		.ascii	"89\013\370\317`\201\213\004\204|l\016w\371w\010Y\277"
 171      CF60818B 
 171      04847C6C 
 171      0E77F977 
 171      0859BF
 172 0359 15A40146 		.ascii	"\025\244\001F\247\006\031\214\277\273}gueu]\360\243"
 172      A706198C 
 172      BFBB7D67 
 172      7565755D 
 172      F0A3
 173 036b E0EE8ACA 		.ascii	"\340\356\212\312\232\252\262\362\367\374\357\370?\011"
 173      9AAAB2F2 
 173      F7FCEFF8 
 173      3F09
 174 0379 D405033B 		.ascii	"\324\005\003;+j\0025\325\225\201\340\356]U\025\265\301"
 174      2B6A0235 
 174      D59581E0 
 174      EE5D5515 
 174      B5C1
 175 038b 406D556D 		.ascii	"@mUm\372\323\277\235\361\352z^Y\017\037\213\332`\375"
 175      FAD3BF9D 
 175      F1EA7A5E 
 175      590F1F8B 
 175      DA60FD
 176 039e 0B01F87B 		.ascii	"\013\001\370{\004"
 176      04
ARM GAS  /tmp/ccYbnd6h.s 			page 14


 177              		.text
 178              		.section	.gnu.lto__reads.31c639d10f7abac8,"",%progbits
 179 0000 789C8D94 		.ascii	"x\234\215\224\337KTA\024\307\347\314\334{wW\327\324"
 179      DF4B5441 
 179      14C7E7CC 
 179      DC7B7757 
 179      D7D4
 180 0012 1E0AA428 		.ascii	"\036\012\244(2\211\010\335\352!*\002\013z\350\261\377"
 180      328908DD 
 180      EA212A02 
 180      0B7AE8B1 
 180      FF
 181 0023 20B48404 		.ascii	" \264\204\004-i{\350%\272\332\266I\017\021ja\224\375"
 181      2D697BE8 
 181      25BADAB6 
 181      490F116A 
 181      6194FD
 182 0036 202ACBD2 		.ascii	" *\313\322\324\264_\253\336\312\314\312~\377\320\"\312"
 182      D4B45FAB 
 182      DECACCCA 
 182      7EFFD022 
 182      CA
 183 0047 C87E4161 		.ascii	"\310~Aa[\202]\372q;gfmm\265v\027\366\354\235s\347\363"
 183      5B825DFA 
 183      713B6766 
 183      6D6DB576 
 183      17F6EC9D 
 184 005e 3DDF993D 		.ascii	"=\337\231=3\202\215\375\314\305\357<\027c\313i`0\340"
 184      33828DFD 
 184      CCC5EF3C 
 184      1763CB69 
 184      6030E0
 185 0071 0CBF5C30 		.ascii	"\014\277\\0fr\015\203&\000\177@\003\035\243\016\200"
 185      66720D83 
 185      26007F40 
 185      031DA30E 
 185      80
 186 0082 93806DE1 		.ascii	"\223\200m\341B\323a\013|\340a\016\027\352\207n'\277"
 186      42D3610B 
 186      7CE0610E 
 186      17EA876E 
 186      27BF
 187 0094 E73667D3 		.ascii	"\3476g\323\031\016/VtW\0334D\016\207\275O\252{=\263"
 187      190E2F56 
 187      74571B34 
 187      440E87BD 
 187      4FAA7B3D 
 188 00a9 8E9A66D9 		.ascii	"\216\232f\331\347\262\301\353\336m+l\316\331W\316\340"
 188      E7B2C1EB 
 188      DE6D2B6C 
 188      CED957CE 
 188      E0
 189 00ba 3864402D 		.ascii	"8d@-d\220\336\011\230\2053+\372\366\271\304\" h\360"
 189      6490DE09 
 189      9885332B 
 189      FAF6B9C4 
 189      222068F0 
ARM GAS  /tmp/ccYbnd6h.s 			page 15


 190 00ce CBBD669E 		.ascii	"\313\275f\236u\004!+\324d.\325l.\340$\210\321\030\246"
 190      7504212B 
 190      D4642ED5 
 190      6C2EE024 
 190      88D118A6 
 191 00e2 18D44116 		.ascii	"\030\324A\026\316\256\017\005>\033b\211$_\005\312\373"
 191      CEAE0F05 
 191      3E1B6289 
 191      245F05CA 
 191      FB
 192 00f3 BC8A7CAA 		.ascii	"\274\212|\252H\015N\305\222\032\203\323\222|\324\367"
 192      480D4EC5 
 192      921A83D3 
 192      927CD4F7 
 193 0103 3AA8895C 		.ascii	":\250\211\\I\266\264\325w\245*\362\243\"Q9\226\304A"
 193      49B6B4D5 
 193      77A52AF2 
 193      A3225139 
 193      96C441
 194 0116 0364D174 		.ascii	"\003d\321t\273\363\335v\257X&\321\340\356c\225z\346"
 194      BBF3DD76 
 194      AF5826D1 
 194      E0EE6395 
 194      7AE6
 195 0128 6144FBED 		.ascii	"aD\373\355\007k\254\300!\363\227\343\200\315u8\363\267"
 195      076BACC0 
 195      21F397E3 
 195      80CD7538 
 195      F3B7
 196 013a 80FA2011 		.ascii	"\200\372 \021\016\374\354M6\002\246i\246A#d\322\206"
 196      0EFCEC4D 
 196      3602A669 
 196      A6412364 
 196      D286
 197 014c E03E3481 		.ascii	"\340>4\201\201\373\353\305\367\317:kF\024\277\237\035"
 197      81FBEBC5 
 197      F7CF3A6B 
 197      4614BF9F 
 197      1D
 198 015d 58199534 		.ascii	"X\031\2254\330X=h\206\314\277\030\353tS\355\322\377"
 198      D8583D68 
 198      86CCBF18 
 198      EB7453ED 
 198      D2FF
 199 016f 23676391 		.ascii	"#gc\221\332\270HK\014\322\377\343|\\g\255\261e\032\342"
 199      DAB8484B 
 199      0CD2FFE3 
 199      7C5C67AD 
 199      B1651AE2 
 200 0183 96392791 		.ascii	"\2269'\221\203\273lKSe~\016\215.\243\215\307\234\217"
 200      83BB6C4B 
 200      53657E0E 
 200      8D2EA38D 
 200      C79C8F
 201 0196 2D5379B5 		.ascii	"-Sy\265l\246Y\372\315q\\\377\250r!\2060\367V\035\342"
 201      6CA659FA 
 201      CD715CFF 
ARM GAS  /tmp/ccYbnd6h.s 			page 16


 201      A8722186 
 201      30F7561D 
 202 01ab E596E3E4 		.ascii	"\345\226\343\344\332\3345\036p1v\365\277\332\343\256"
 202      DADC351E 
 202      703176F5 
 202      BFDAE3AE 
 203 01bb FED27F8A 		.ascii	"\376\322\177\212\214\013\204$\360\266\256j\273\004v"
 203      8C0B8424 
 203      F0B6AE6A 
 203      BB0476
 204 01ca F43BC782 		.ascii	"\364;\307\202z\267\031\350w\234ic\317\215D\332 \223"
 204      7AB719E8 
 204      779C6963 
 204      CF8D44DA 
 204      2093
 205 01dc 3AA861A2 		.ascii	":\250a\242e:Nsh\260zF\372D\220]\312\201\316\007\236"
 205      653A4E73 
 205      68B07A46 
 205      FA44905D 
 205      CA81CE07 
 206 01f1 127CAD61 		.ascii	"\022|\255a\357\032:\005\203\202\013h\202\233\036=\024"
 206      EF1A3A05 
 206      83820B68 
 206      829B1E3D 
 206      14
 207 0202 9224904C 		.ascii	"\222$\220LG\303K\343\024\014\256\011@\247$\225\306i"
 207      47C34BE3 
 207      140CAE09 
 207      40A72495 
 207      C669
 208 0214 14D265FF 		.ascii	"\024\322e\377\263\001jU\366\206\036\3053(\333\023\016"
 208      B3016A55 
 208      F6861EC5 
 208      3328DB13 
 208      0E
 209 0225 CDA6C61D 		.ascii	"\315\246\306\035\346b\030s\230i\015\267e\250\214\206"
 209      E6621873 
 209      98690DB7 
 209      65A88C86 
 210 0235 8B793970 		.ascii	"\213y9p\367\276\233\256\003]6~\313\267\203\237Rj`\037"
 210      F7BE9BAE 
 210      035D367E 
 210      CBB7839F 
 210      526A601F 
 211 0249 6E991B11 		.ascii	"n\231\033\021h\247\225`~\377P\345\323\324\3549t\350"
 211      68A79560 
 211      7EFF50E5 
 211      D3D4EC39 
 211      74E8
 212 025b 3AA006BE 		.ascii	":\240\006\276\310\"`A\266T|5I\011\352\211)\\\226\012"
 212      C8226041 
 212      B6547C35 
 212      4909EA89 
 212      295C960A 
 213 026f F2AABA22 		.ascii	"\362\252\272\"\025\266V\005;\271\222 [(\304\036C\240"
 213      15B65605 
 213      3BB99220 
ARM GAS  /tmp/ccYbnd6h.s 			page 17


 213      5B28C41E 
 213      43A0
 214 0281 676BC69F 		.ascii	"gk\306\237\234\213\251U\011\265\252\326\306\366)\352"
 214      9C8BA955 
 214      09B5AAD6 
 214      C6F629EA 
 215 0291 9D3BB192 		.ascii	"\235;\261\222W\243\246;GLOV\012\236\304\024\256EMw\215"
 215      57A3A63B 
 215      474C4F56 
 215      0A9EC414 
 215      AE454D77 
 216 02a6 985EA214 		.ascii	"\230^\242\024\222\206\211\362H\203Z\304`\270=\262\355"
 216      928689F2 
 216      48835AC4 
 216      60B83DB2 
 216      ED
 217 02b7 C989C86B 		.ascii	"\311\211\310kp]\312\313k\246;b\360\360T\245\340\035"
 217      705DCACB 
 217      6BA63B62 
 217      F0F054A5 
 217      E01D
 218 02c9 A5506A9A 		.ascii	"\245Pj\232V\356\270*uxYY\213\311\351\215\250\323\233"
 218      56EEB82A 
 218      75785959 
 218      8BC9E98D 
 218      A8D39B
 219 02dc CA697530 		.ascii	"\312iu0\262[)\350\007\005\331s\274\3110A\364\201\207"
 219      B25B29E8 
 219      0705D973 
 219      BCC93041 
 219      F48187
 220 02ef 3BEBF9E6 		.ascii	";\353\371\346\357f\271\351\266\271\347+qp\0136\263a"
 220      EF66B9E9 
 220      B6B9E72B 
 220      71700B36 
 220      B361
 221 0301 3E41CE47 		.ascii	">A\316G\317I\322Nc\3074%\222\032wE\344\305MVz\242Vn"
 221      CF49D24E 
 221      63C73425 
 221      921A7745 
 221      E4C54D56 
 222 0319 2B2B1586 		.ascii	"++\025\206\022IC\035\024'\345\012\240T\342\242w\242"
 222      1249431D 
 222      1427E50A 
 222      A054E2A2 
 222      77A2
 223 032b A277211B 		.ascii	"\242w!\033\245\230\354\363\016\241\224\323I\226\275"
 223      A598ECF3 
 223      0EA194D3 
 223      4996BD
 224 033a 05C0AEE1 		.ascii	"\005\300\256\341\030\222D\317 \340?\203\015.\372\240"
 224      189244CF 
 224      20E03F83 
 224      0D2EFAA0 
 225 034a 348D0DE1 		.ascii	"4\215\015\341.\277\200R\313I\211\000\214N\0152\230_"
 225      2EBF8052 
 225      CB498900 
ARM GAS  /tmp/ccYbnd6h.s 			page 18


 225      8C4E0D32 
 225      985F
 226 035c B07A6D61 		.ascii	"\260zma~\341z\377*\377\306\274\374\242\202\354y\013"
 226      7EE17AFF 
 226      2AFFC6BC 
 226      FCA282EC 
 226      790B
 227 036e 73E6E76C 		.ascii	"s\346\347l\362\255\367\373\326\346\025\371\212\012\363"
 227      F2ADF7FB 
 227      D6E615F9 
 227      8A0AF3
 228 037d 7DFE8D1B 		.ascii	"}\376\215\033\012\362\212\375\276\342\202\342\310c\316"
 228      0AF28AFD 
 228      BEE282E2 
 228      C863CE
 229 038c 6AC60B4B 		.ascii	"j\306\013Kx~\011\254\023\305\376\222\337\302I{\373"
 229      787E09AC 
 229      13C5FE92 
 229      DFC2497B 
 229      FB
 230              		.text
 231              		.section	.gnu.lto_msObjectInit.31c639d10f7abac8,"",%progbits
 232 0000 789C9592 		.ascii	"x\234\225\222\337K\223Q\030\307\317s\316\273w\203-\214"
 232      DF4B9351 
 232      18C7CF73 
 232      CEBB7783 
 232      2D8C
 233 0012 2010AFBA 		.ascii	" \020\257\272\031\022\261\215\272\210\272(\272\010*"
 233      1912B18D 
 233      BA88BA28 
 233      BA082A
 234 0021 E87F884D 		.ascii	"\350\177\210M&\0166\026{\015\"\030\036\305\220 P\372"
 234      260E3616 
 234      7B0D2218 
 234      1EC59020 
 234      50FA
 235 0033 61831A5E 		.ascii	"a\203\032^H\244Ysj\226\323jo\255\213\274(\023\"\255"
 235      48A45973 
 235      6A96D36A 
 235      6FAD8BBC 
 235      281322AD 
 236 0047 208526D9 		.ascii	" \205&\331\305r\323\221\275\225\330\363\234\215\010"
 236      C572D391 
 236      BD95D8F3 
 236      9C8D08
 237 0056 EBA2BD70 		.ascii	"\353\242\275px\317s\236\347\373y\236\363}_\301\376~"
 237      78CF739E 
 237      E7FB799E 
 237      F37D5FC1 
 237      FE7E
 238 0068 76E28A09 		.ascii	"v\342\212\011\306NR \030p\206\013\000\003`m\034\332"
 238      C64E5220 
 238      1870860B 
 238      0003606D 
 238      1CDA
 239 007a E0332F71 		.ascii	"\3403/q\3501\207\022\316\306\233R\312\342j\246\376|"
 239      E8318712 
ARM GAS  /tmp/ccYbnd6h.s 			page 19


 239      CEC69B52 
 239      CAE26AA6 
 239      FE7C
 240 008c BD85656B 		.ascii	"\275\205ek\274B\200[\320\210%\326\263O].q\020\030\356"
 240      BC42805B 
 240      D08825D6 
 240      B34F5D2E 
 240      711018EE 
 241 00a0 33A9F20B 		.ascii	"3\251\362\013\3472\2678\354\242p\362\322\363\204N!\327"
 241      E732B738 
 241      ECA270F2 
 241      D2F3844E 
 241      21D7
 242 00b2 289C5D5A 		.ascii	"(\234]Z,\332\335\375Rv\230\323\243\362\210fq\001\003"
 242      2CDADDFD 
 242      527698D3 
 242      A3F28866 
 242      710103
 243 00c5 20900783 		.ascii	" \220\007\203\320\000\267\241\201\341\021\203!pc\365"
 243      D000B7A1 
 243      81E11183 
 243      217063F5 
 244 00d5 C76CFABB 		.ascii	"\307l\372\273S\034R\334\271\013\027\227\253\312\205"
 244      531C52DC 
 244      B90B1797 
 244      ABCA85
 245 00e4 8A52833B 		.ascii	"\212R\203;[\225\032\203\273J\371j\272\375}\2358\252"
 245      5B951A83 
 245      BB4AF96A 
 245      BAFD7D9D 
 245      38AA
 246 00f6 94E595DC 		.ascii	"\224\345\225\334\274K)\027\347s/]\362\270\305m\220\332"
 246      BC4B2917 
 246      E7732F5D 
 246      F2B8C56D 
 246      90DA
 247 0108 2AB53118 		.ascii	"*\2651\030V\322\\a\354*\210\023J*\257\255%\035\225\246"
 247      56D25C61 
 247      EC2A8813 
 247      4A2AAFAD 
 247      251D95A6 
 248 011c 3395A636 		.ascii	"3\225\2466H\377C9\002n*/un\3149\365N\264j{\305\"\030"
 248      48FF4339 
 248      026E2A2F 
 248      756ECC39 
 248      F54EB46A 
 249 0134 059DFC1C 		.ascii	"\005\235\374\034\336a\312\315\315\376\324\317)\315\006"
 249      DE61CACD 
 249      CDFED4CF 
 249      29CD06
 250 0143 40B7439F 		.ascii	"@\267C\237qR\001\324T\003\005`y\345\352\022\307\227"
 250      715201D4 
 250      54030560 
 250      79E5EA12 
 250      C797
 251 0155 78071D5F 		.ascii	"x\007\035_\273\336$\017\023\001\311\013\371\231Y\007"
 251      BBDE240F 
ARM GAS  /tmp/ccYbnd6h.s 			page 20


 251      1301C90B 
 251      F9995907 
 252 0165 D9889F0B 		.ascii	"\331\210\237\013\303\361o}\205mI\270\336.\245\251[\\"
 252      C3F16F7D 
 252      856D49B8 
 252      DE2EA5A9 
 252      5B5C
 253 0177 5F47DC18 		.ascii	"_G\334\030\016C\271\033\345\313o\353<{,n\207{\220\204"
 253      0E43B91B 
 253      E5CB6FEB 
 253      3C7B2C6E 
 253      877B9084 
 254 018b 55058571 		.ascii	"U\005\205q\360`\256\267\373\365\204\210\377\220\011"
 254      F060AEB7 
 254      FBF58488 
 254      FF9009
 255 019a E9C0FC06 		.ascii	"\351\300\374\006\245\376\204\333U8\330}e\002\010\336"
 255      A5FE84DB 
 255      5538D87D 
 255      650208DE 
 256 01aa 43550EB8 		.ascii	"CU\016\270\017qxP\205\367\345\007\022N\0050wS\007*D"
 256      0F717850 
 256      85F7E507 
 256      124E0530 
 256      7753072A 
 257 01bf 7A06E20C 		.ascii	"z\006\342\014'\356-\025J\242:\361\177\215\250\301\244"
 257      27EE2D15 
 257      4AA23AF1 
 257      7F8DA8C1 
 257      A4
 258 01d0 1A51FD73 		.ascii	"\032Q\375sS\340Y\307\273\023g\344Km\034\033<T\034\345"
 258      53E059C7 
 258      BB1367E4 
 258      4B6D1C1B 
 258      3C541CE5 
 259 01e4 F923E288 		.ascii	"\371#\342\210\312<5s\036+\216 N\2268\032q\212\351\225"
 259      CA3C3573 
 259      1E2B8E20 
 259      4E96381A 
 259      718AE995 
 260 01f8 5A39A6E2 		.ascii	"Z9\246\342h\304y\242\254\377m\262\015\217\236\242\340"
 260      68C479A2 
 260      ACFF6DB2 
 260      0D8F9EA2 
 260      E0
 261 0209 03B49BD9 		.ascii	"\003\264\233\331cD\245\017\224'\017p\374\375M-\241@"
 261      6344A50F 
 261      94270F70 
 261      FCFD4D2D 
 261      A140
 262 021b 286A9C32 		.ascii	"(j\2342Z\375\201p\320\263\367\200w\237\367\254/j\370"
 262      5AFD8170 
 262      D0B3F780 
 262      779FF7AC 
 262      2F6AF8
 263 022e 5AFC615F 		.ascii	"Z\374a_8\024\360\031\255\261\240?b\370\"\301Hu\353m"
 263      3814F019 
ARM GAS  /tmp/ccYbnd6h.s 			page 21


 263      ADB1A03F 
 263      62F822C1 
 263      4875EB6D 
 264 0242 6222629C 		.ascii	"b\"b\234\326\003g\232\233\2031\315\010\235\013\212`"
 264      D603679A 
 264      9B8331CD 
 264      089D0B8A 
 264      60
 265 0253 D4F8057E 		.ascii	"\324\370\005~~M\023"
 265      7E4D13
 266              		.text
 267              		.section	.gnu.lto_.symbol_nodes.31c639d10f7abac8,"",%progbits
 268 0000 789C55CA 		.ascii	"x\234U\312?\016@P\030\003\360\276~\310\033\334\271\026"
 268      3F0E4050 
 268      1803F0BE 
 268      7EC81BDC 
 268      B916
 269 0012 61740322 		.ascii	"at\003\"\006W\360\377\006&q\012\207 \301\360:5\277\326"
 269      0657F0FF 
 269      0626710A 
 269      8720C1F0 
 269      3A35BFD6 
 270 0026 00E4F8C2 		.ascii	"\000\344\370\302\211\002\252\035\220p\364e\012\316\224"
 270      8902AA1D 
 270      9070F465 
 270      0ACE94
 271 0035 0B65A018 		.ascii	"\013e\240\030\312HY(+\025\375r6\036\361B\264\317\313"
 271      CA485928 
 271      2B15FD72 
 271      361EF142 
 271      B4CFCB
 272 0048 6D54FC0E 		.ascii	"mT\374\016\3102\017c\202\256\270jo\366\025\334\313&"
 272      C8320F63 
 272      82AEB86A 
 272      6FF615DC 
 272      CB26
 273 005a 27FC     		.ascii	"'\374"
 274              		.text
 275              		.section	.gnu.lto_.refs.31c639d10f7abac8,"",%progbits
 276 0000 789C6366 		.ascii	"x\234cf``\020`\200\000F\026&VF\026V&&&f&\006&F\006\000"
 276      60601060 
 276      80004616 
 276      26564616 
 276      56262626 
 277 001b 03570038 		.ascii	"\003W\0008"
 278              		.text
 279              		.section	.gnu.lto_.decls.31c639d10f7abac8,"",%progbits
 280 0000 789CAD57 		.ascii	"x\234\255WiPSY\026~\367\335,\020\002X\345\214N9\213"
 280      69505359 
 280      167EF7DD 
 280      2C100258 
 280      E58C4E39 
 281 0015 485759B3 		.ascii	"HWY\263\010q\351\261\272\177\215]\326t3?\234^f\3731"
 281      0871E9B1 
 281      BA7F8D5D 
 281      D674333F 
 281      9C5E66FB 
ARM GAS  /tmp/ccYbnd6h.s 			page 22


 282 002a 3F321082 		.ascii	"?2\020\202\244\207$\014\011c\333U\326<\011(\"-B\213"
 282      A487240C 
 282      0963DB55 
 282      D63C0928 
 282      222D428B 
 283 003e 028D1A05 		.ascii	"\002\215\032\005\305\275Q\261\221E\005Y$\202\315\246"
 283      C5BD51B1 
 283      91450559 
 283      2482CDA6 
 284 004e 0D084A54 		.ascii	"\015\010JT\024m\\\"\242\202\212\231s\357}/\013\006g"
 284      146D5C22 
 284      A2828A99 
 284      73EF7D2F 
 284      0B0667
 285 0061 CAEA9427 		.ascii	"\312\352\224'y\367\334\357\236\363\235\345\236'\230"
 285      79F7DCEF 
 285      9EF39DE5 
 285      9E2798
 286 0070 E3B8089E 		.ascii	"\343\270\010\236\343\334\360\261\205q\234\013\236\025"
 286      E3DCF0B1 
 286      85719C0B 
 286      9E15
 287 007e A0FB88F3 		.ascii	"\240\373\210\363~\310\272\036\244\011\244\013\244\217"
 287      7EC8BA1E 
 287      A409A40B 
 287      A48F
 288 008c E810C7CD 		.ascii	"\350\020\307\315\002\201\177\334\317\020\347\367!X\025"
 288      02817FDC 
 288      CF10E7F7 
 288      215815
 289 009b 0898E3D4 		.ascii	"\010\230\343\324 \307A>\004\251\001q\203\304\200t\203"
 289      20C7413E 
 289      04A90171 
 289      83C48074 
 289      83
 290 00ac 4C823840 		.ascii	"L\2028@0\3108\310\004\310\023\216\331\254\027\177\177"
 290      30C838C8 
 290      04C8138E 
 290      D9AC177F 
 290      7F
 291 00bd 3EC576D3 		.ascii	">\305v\323\033\330&v\237\373\330n\022\177\1771\3056"
 291      1BD82676 
 291      9FFBD86E 
 291      127F7F31 
 291      C536
 292 00cf 892DC4C7 		.ascii	"\211-\304\307\266C\264\335\026\300\366\\8;\003\275\312"
 292      B643B4DD 
 292      16C0F65C 
 292      383B03BD 
 292      CA
 293 00e0 9D17ED48 		.ascii	"\235\027\355H\271\211\230\342\243o\032\037\335>>\336"
 293      B98998E2 
 293      A36F1A1F 
 293      DD3E3EDE 
 294 00f0 0FE0C337 		.ascii	"\017\340\3037\006^\264#\371\2307\305\007\251M0\307j"
 294      065EB423 
 294      F99837C5 
ARM GAS  /tmp/ccYbnd6h.s 			page 23


 294      07A94D30 
 294      C76A
 295 0102 28F9718B 		.ascii	"(\371q\213>\034\242m\027\310\003\0209\310S\321\356\270"
 295      3E1CA26D 
 295      17C80310 
 295      39C853D1 
 295      EEB8
 296 0114 8F1F24DA 		.ascii	"\217\037$\332\011T\337\207<\252:2v!\3446\217\302T\021"
 296      0954DF87 
 296      3CAA3A32 
 296      7621E436 
 296      8FC25411 
 297 0128 64599DD7 		.ascii	"dY\235\327R\240\200\245Z%#\313\212\346\301\013\241\230"
 297      52A080A5 
 297      5A2523CB 
 297      8AE6C10B 
 297      A198
 298 013a 47E4B9A4 		.ascii	"G\344\271\244\340\332E\325\202\003\202 d\012uu\310k"
 298      E0DA45D5 
 298      82038220 
 298      640A7575 
 298      C86B
 299 014c A26638AD 		.ascii	"\242f8\255O\211\303)h\374\373\341\273\010\317\246\317"
 299      4F89C329 
 299      68FCFBE1 
 299      BB08CFA6 
 299      CF
 300 015d 47AE34AC 		.ascii	"G\2564\254\002S\012\025\034\021\306I_\242\377\200\332"
 300      02530A15 
 300      1C11C649 
 300      5FA2FF80 
 300      DA
 301 016e D1DDDE21 		.ascii	"\321\335\336!\247z\242R\002\222\337z-g\202G\252\371"
 301      A77AA252 
 301      0292DF7A 
 301      2D678247 
 301      AAF9
 302 0180 9904B9D9 		.ascii	"\231\004\271\331&\004\307p\250\014\315A\373\320\034"
 302      2604C770 
 302      A80CCD41 
 302      FBD01C
 303 018f 0E95A3F9 		.ascii	"\016\225\243\371\200E\007\320\002\016\035\006\345\021"
 303      804507D0 
 303      020E1D06 
 303      E511
 304 019d 509602CE 		.ascii	"P\226\002\316\345xy\015\011\202\014}\215T\350\020\302"
 304      E578790D 
 304      09820C7D 
 304      8D54E810 
 304      C2
 305 01ae 1401712A 		.ascii	"\024\001q*T\0223\336\336\\X\205\320|\025\205g\337l\377"
 305      541233DE 
 305      DE5C5885 
 305      D07C1585 
 305      67DF6CFF 
 306 01c2 31811F03 		.ascii	"1\201\037\003\370A/\034N3|@\347G\0038\007\303/7<\264"
 306      F8412F1C 
ARM GAS  /tmp/ccYbnd6h.s 			page 24


 306      4E337C40 
 306      E7470338 
 306      07C32F37 
 307 01d8 A9A6235C 		.ascii	"\251\246#\\1\035\341\332\262\353\2116a\031:\016\014"
 307      311DE1DA 
 307      B2EB8936 
 307      61193A0E 
 307      0C
 308 01e9 F67B191C 		.ascii	"\366{\031\034C\036\306h[go\245\014\357f\031\317\352"
 308      431EC668 
 308      5B676FA5 
 308      0CEF6619 
 308      CFEA
 309 01fb DFDFA6C4 		.ascii	"\337\337\246\304\007\330b\355\336\232l%\244m\226\212"
 309      07D862ED 
 309      DE9A6C25 
 309      A46D968A 
 310 020b 0237B516 		.ascii	"\0027\265\026\325c\272t\223m>\357\306\330\036\304\030"
 310      D563BA74 
 310      936D3EEF 
 310      C6D81EC4 
 310      18
 311 021c A509AE3C 		.ascii	"\245\011\256<\001\377\204C\013\346\240_\001\237j\340"
 311      01FF8443 
 311      0BE6A05F 
 311      019F6AE0 
 312 022c 334BE453 		.ascii	"3K\344S\011|Nz\022\370\314I\023X\005|\276\361\362\231"
 312      097C4E7A 
 312      12F8CC49 
 312      1358057C 
 312      BEF1F299 
 313 0240 E54DA0B3 		.ascii	"\345M\240\263g\317\307\201\215\326Ng4;\243\225\246\271"
 313      67CFC781 
 313      8DD64E67 
 313      343BA395 
 313      A6B9
 314 0252 068C9EF0 		.ascii	"\006\214\236\360\032\255\362\011r\307h\321\246 \031"
 314      1AADF209 
 314      72C768D1 
 314      A62019
 315 0261 343F05FD 		.ascii	"4?\005\375\235v\332\272o\276\275\205\250\356C5:\205"
 315      9D76DABA 
 315      6FBEBD85 
 315      A8EE4335 
 315      3A85
 316 0273 98AEAD70 		.ascii	"\230\256\255p4hv\276\230\343\0312\2328)\315\034:\203"
 316      346876BE 
 316      98E31932 
 316      9A3829CD 
 316      1C3A83
 317 0286 66C3F769 		.ascii	"f\303\367i\3002\253\033\007;\324\270\202e\253\247=\357"
 317      C032AB1B 
 317      073BD4B8 
 317      8265ABA7 
 317      3DEF
 318 0298 A52C6287 		.ascii	"\245,b\207PgwM8\256'\347\332\204R\301\351v\317\245\247"
 318      5067774D 
ARM GAS  /tmp/ccYbnd6h.s 			page 25


 318      38AE27E7 
 318      DA8452C1 
 318      E976CFA5 
 319 02ad 509D8717 		.ascii	"P\235\207\027G\236)/T\217\"\340\340\331\366\223[=<\030"
 319      479E292F 
 319      548F22E0 
 319      E0D9F693 
 319      5B3D3C18 
 320 02c1 B586C6D3 		.ascii	"\265\206\306\323\275\212\351i4P\032g%\032\331\227k\267"
 320      BD8AE969 
 320      34501A67 
 320      251AD997 
 320      6BB7
 321 02d3 876017A3 		.ascii	"\207`\027\243\321\365\344\326w\230\322\260\027\227("
 321      D1F5E4D6 
 321      7798D2B0 
 321      179728
 322 02e2 5A843AB7 		.ascii	"Z\204:\267\373w\344\000j\364a\320(1h\242\014j\367\036"
 322      FB77E400 
 322      6AF461D0 
 322      283168A2 
 322      0C6AF71E 
 323 02f6 95E3C7FE 		.ascii	"\225\343\307\376E\217aE\037\374j\2424\230.\311\325\011"
 323      458F6145 
 323      1FFC6AA2 
 323      34982EC9 
 323      D509
 324 0308 27151A70 		.ascii	"'\025\032p\255\253\226I%\232\332\211\347\241H1b\221"
 324      ADAB9649 
 324      259ADA89 
 324      E7A14831 
 324      6291
 325 031a CE81B245 		.ascii	"\316\201\262E*\322\213\215#\253\323\240\023\035\020"
 325      2AD28B8D 
 325      23ABD3A0 
 325      131D10
 326 0329 49B3B748 		.ascii	"I\263\267H1\336\032\345t\267T\311Ub\3413\377G\341\001"
 326      31DE1AE5 
 326      74B754C9 
 326      5562E133 
 326      FF47E101 
 327 033d BFC576AE 		.ascii	"\277\305v\256V\251\316\362\260@\255~IjCj\321\360\303"
 327      56A9CEF2 
 327      B040AD7E 
 327      496A436A 
 327      D1F0C3
 328 0350 8D455B58 		.ascii	"\215E[X\202\035\236\342\347ddW\206R\035\340\320\005"
 328      821D9EE2 
 328      E7646457 
 328      86521DE0 
 328      D005
 329 0362 56FD034D 		.ascii	"V\375\003M\325\027\324R%\276e\272\362\201\316K~\035"
 329      D517D452 
 329      25BE65BA 
 329      F281CE4B 
 329      7E1D
 330 0374 E1F0F3D2 		.ascii	"\341\360\363\322AK\321.\225\242tw\31399\276\202i*\013"
ARM GAS  /tmp/ccYbnd6h.s 			page 26


 330      414BD12E 
 330      95A27477 
 330      CB3939BE 
 330      82692A0B 
 331 0388 877ABBD5 		.ascii	"\207z\273\325RG\364\204\027\012\3664\341%\214$z\012"
 331      5247F484 
 331      170AF634 
 331      E1258C24 
 331      7A0A
 332 039a 75FAD4A3 		.ascii	"u\372\324\243S\252G\027\255Gs\341H\215\3347\262\032"
 332      53AA4717 
 332      AD4773E1 
 332      488DDC37 
 332      B21A
 333 03ac 3F9FDDAF 		.ascii	"?\237\335\257\215\254\275l\274\226\005\0018t\221E1\264"
 333      8DACBD6C 
 333      BC960501 
 333      38749145 
 333      31B4
 334 03be 73225B2E 		.ascii	"s\"[.EvI\324\325\357=\242\234>\262\036\032\331wRd%\223"
 334      457649D4 
 334      D5EF3DA2 
 334      9C3EB21E 
 334      1AD97752 
 335 03d5 63DB30BE 		.ascii	"c\3330\276\311\"[\327\223Q\027\312\232l\374\230\260"
 335      C9225BD7 
 335      935117CA 
 335      9A6CFC98 
 335      B0
 336 03e6 2C5D78E1 		.ascii	",]x\341vcr\002\365\372D\325+E\325G\243j\354\354?\250"
 336      76637202 
 336      F5FA44D5 
 336      2B45D547 
 336      A36AECEC 
 337 03fc A073DF4E 		.ascii	"\240s\337N\215\344\267\236\274\242\242\203\377Gd9\320"
 337      8DE4B79E 
 337      BCA2A283 
 337      FF476439 
 337      D0
 338 040d 7E6A8B1C 		.ascii	"~j\213\034\337e\016\362k\213\363\202)V\240\353\326\353"
 338      DF650EF2 
 338      6B8BF382 
 338      2956A0EB 
 338      D6EB
 339 041f E38FD414 		.ascii	"\343\217\324\024;\203,\217\246\347\365\207\342\011\206"
 339      3B832C8F 
 339      A6E7F587 
 339      E20986
 340 042e 7D5234B4 		.ascii	"}R4\264!\3047[$\273\3368\234\236l]\354z `\274NFO\365"
 340      21C4375B 
 340      24BBDE38 
 340      9C9E6C5D 
 340      EC7A2060 
 341 0447 B68F55F0 		.ascii	"\266\217U\360\276\247z\374N]\367\234\312.-\036\011\301"
 341      BEA77AFC 
 341      4E5DF79C 
 341      CA2E2D1E 
ARM GAS  /tmp/ccYbnd6h.s 			page 27


 341      09C1
 342 0459 D9EC5463 		.ascii	"\331\354Tc\316\335A\277\312\234\361;5\3449UT\237[\036"
 342      CEDD41BF 
 342      CA9CF13B 
 342      35E43955 
 342      549F5B1E 
 343 046d 8E73D9A9 		.ascii	"\216s\331\251\322\374\255\207\344\224}\02052\326u9\330"
 343      D2FCAD87 
 343      E4947D10 
 343      3532D675 
 343      39D8
 344 047f D748839F 		.ascii	"\327H\203\237\221a\217\221\334\212\341\365*\234O\215"
 344      91618F91 
 344      DC8AE1F5 
 344      2A9C4F8D 
 345 048f 28CACAF7 		.ascii	"(\312\312\367\331\324(22rf\344|;\234uU\035\035\377)"
 345      D9D42832 
 345      327266E4 
 345      7C3B9C75 
 345      551D1DFF 
 346 04a4 F4D45944 		.ascii	"\364\324YD\334\242\233\220\370\273h\246\367&\336\242"
 346      DCA29B90 
 346      F8BB68A6 
 346      F726DEA2 
 347 04b4 C67E0D5F 		.ascii	"\306~\015_\034\201\013\000\345\025$.tc*\364\227\004"
 347      1C810B00 
 347      E515242E 
 347      74632AF4 
 347      9704
 348 04c6 5986A640 		.ascii	"Y\206\246@\201\007\272\035\330*\303\346\322\326\021"
 348      8107BA1D 
 348      D82AC3E6 
 348      D2D611
 349 04d5 8465320E 		.ascii	"\204e2\016]\001\300U\002\030\024O@\023\240\373pq\357"
 349      5D01C055 
 349      0218144F 
 349      4013A0FB 
 349      7071EF
 350 04e8 A148F43D 		.ascii	"\241H\364=\310\035\220\021\024I\033\302\307\011T\007"
 350      C81D9011 
 350      14491BC2 
 350      C7095407 
 351 04f8 5D0BC887 		.ascii	"]\013\310\2072'\243\3039\2710\210\354sRcy&\306\363/"
 351      3227A3C3 
 351      39B93088 
 351      EC735263 
 351      7926C6F3 
 352 050d 1DD5B299 		.ascii	"\035\325\262\231\"\015\373t4\270\200\034\340\370#G\377"
 352      220DFB74 
 352      34B8801C 
 352      E0F82347 
 352      FF
 353 051e CE50DF3A 		.ascii	"\316P\337:<\360!\301!\227\247\016\007w}1\030\212;X1"
 353      3CF021C1 
 353      2197A70E 
 353      07777D31 
 353      188A3B58 
ARM GAS  /tmp/ccYbnd6h.s 			page 28


 354 0533 6F9C297F 		.ascii	"o\234)\177\026\202/\262E\207cm\1778\356g\213\206{\307"
 354      16822FB2 
 354      4587636D 
 354      7F38EE67 
 354      8B867BC7 
 355 0547 F31176B2 		.ascii	"\363\021v\262\305\241\341\343\2271\036\242\013\345\350"
 355      C5A1E1E3 
 355      97311EA2 
 355      0BE5E8
 356 0556 704D4910 		.ascii	"pMI\020\251\235T<g\341\215\370\272tL\257\350(P}\366"
 356      A99D543C 
 356      67E18DF8 
 356      BA744CAF 
 356      E828507D 
 357 056b 9A72380B 		.ascii	"\232r8\013\032\332\325B\313BB\010=\014\010\366TY\262"
 357      1ADAD542 
 357      CB424208 
 357      3D0C08F6 
 357      5459B2
 358 057e 4BAEF2A3 		.ascii	"K\256\362\243\251\320\300\035A\240c\201\241\257\226"
 358      A9D0C01D 
 358      41A06381 
 358      A1AF96
 359 058d F93200FA 		.ascii	"\3712\000\372\351\3363\261\306/\240\306O!\257O@\306"
 359      E9DE33B1 
 359      C62FA0C6 
 359      4F21AF4F 
 359      40C6
 360 059f 4126409E 		.ascii	"A&@\236\277Zg\342\345\361T/W\221\177\2417\225(\004D"
 360      BF5A67E2 
 360      E5F1542F 
 360      57917FA1 
 360      37952804 
 361 05b4 20AF949A 		.ascii	" \257\224\232o)?\221\316\243\231\363\003\221A/\201\303"
 361      6F293F91 
 361      CEA399F3 
 361      0391412F 
 361      81C3
 362 05c6 FFC3873A 		.ascii	"\377\303\207:)\322\005\241I\000\017x_B\304\243\324\024"
 362      29D205A1 
 362      49000F78 
 362      5F42C4A3 
 362      D414
 363 05d8 CDC5D7F2 		.ascii	"\315\305\327\362\374\232b\322\257)\334\257\235\275W"
 363      FC9A62D2 
 363      AF29DCAF 
 363      9DBD57
 364 05e7 EF1E3EAC 		.ascii	"\357\036>\254\366\350\004\236*\267:&+\303<\003y-S\246"
 364      F6E8049E 
 364      2AB73A26 
 364      2BC33C03 
 364      792D53A6 
 365 05fb 75D79E0F 		.ascii	"u\327\236\017\246J\260\210\322\230\262\336\266/\303"
 365      A64AB088 
 365      D298B2DE 
 365      B62FC3
 366 060a 6F227F34 		.ascii	"o\"\1774\313\307u:O\006\262\215\027\007\362hS[k\030"
ARM GAS  /tmp/ccYbnd6h.s 			page 29


 366      CBC7753A 
 366      4F06B28D 
 366      1707F268 
 366      535B6B18 
 367 061e 1E61DDE6 		.ascii	"\036a\335\346\254\335\323\246\200\201l\207W\315\235"
 367      ACDDD3A6 
 367      80816C87 
 367      57CD9D
 368 062d 470B7D5E 		.ascii	"G\013}^5p\012e\360\336\241\014\317l(\257\343\311P>U"
 368      35700A65 
 368      F0DEA10C 
 368      CF6C28AF 
 368      E3C9503E 
 369 0642 DAE00AC6 		.ascii	"\332\340\012\306\343\314J\365\375\201\247aX\220\323"
 369      E3CC4AF5 
 369      FD81A761 
 369      5890D3
 370 0651 C5BDDD55 		.ascii	"\305\275\335U\367\324s3\345\333\205 v\331v\355)\301"
 370      F7D47333 
 370      E5DB8520 
 370      76D976ED 
 370      29C1
 371 0663 94F1067E 		.ascii	"\224\361\006~.\325l)\3139F\336\241(\023\354g\021^\344"
 371      2ED56C29 
 371      CB3946DE 
 371      A12813EC 
 371      67115EE4 
 372 0677 463CDE9F 		.ascii	"F<\336\237\246\"\312\365\340\010md\201\005\312Ug\371"
 372      A622CAF5 
 372      E0086D64 
 372      8105CA55 
 372      67F9
 373 0689 C0A892EA 		.ascii	"\300\250\222\352\336W\243/\030n\262\271z=/\275\2466"
 373      DE57A32F 
 373      186EB2B9 
 373      7A3D2FBD 
 373      A636
 374 069b 31DD4DC7 		.ascii	"1\335M\307\245|\265oR`KL\012\312\006\010\332L\363\222"
 374      A57CB56F 
 374      52604B4C 
 374      0ACA0608 
 374      DA4CF392 
 375 06af 23E565C0 		.ascii	"#\345e\300\276\251\206\307Y,\210\315\007\006N(p.[4\247"
 375      BEA986C7 
 375      592C88CD 
 375      07064E28 
 375      702E5B34 
 376 06c4 550CA870 		.ascii	"U\014\250p![\024\247;{(\317/iB\310\353\341AU\026)\011"
 376      215B14A7 
 376      3B7B28CF 
 376      2F6942C8 
 376      EBE14155 
 377 06db CA23CCB7 		.ascii	"\312#\314\2670\357g\362N\355\226Cb\235\233]\247O\324"
 377      30EF67F2 
 377      4EED9643 
 377      629D9B5D 
 377      A74FD4
ARM GAS  /tmp/ccYbnd6h.s 			page 30


 378 06ee BE976BDB 		.ascii	"\276\227k\333\314\376Wg\023\354\277!\236Q\256\224[\224"
 378      CCFE5767 
 378      13ECBF21 
 378      9E51AE94 
 378      5B94
 379 0700 4FC8E44A 		.ascii	"O\310\344J\351\335J\323{\247\263r\210_\363\034\376~"
 379      E9DD4AD3 
 379      7BA7B372 
 379      885FF31C 
 379      FE7E
 380 0712 81BA8CC4 		.ascii	"\201\272\214\304\310\351\274\203\227<{\245\226d=U\322"
 380      C8E9BC83 
 380      973C7BA5 
 380      96643D55 
 380      D2
 381 0723 CDBA4FE9 		.ascii	"\315\272O\351`\356\0237.^\272\324\034\3066>\247\303"
 381      60EE1337 
 381      2E5EBAD4 
 381      1CC6363E 
 381      A7C3
 382 0735 BD5EDCE8 		.ascii	"\275^\334\3508\364\242D\334\310\304t@7\211;\271%\005"
 382      38F4A244 
 382      DCC8C474 
 382      4037893B 
 382      B92505
 383 0748 69AAA515 		.ascii	"i\252\245\025B\246=\202\21612\362\266\361k\350\330+"
 383      42A63D82 
 383      8E3132F2 
 383      B6F16BE8 
 383      D82B
 384 075a 805F32FA 		.ascii	"\200_2\372\012\341\027\306\037*\342\327\220#\231\033"
 384      0AE117C6 
 384      1F2AE2D7 
 384      9023991B 
 385 076a 761E097E 		.ascii	"v\036\011~k\227\320a\257;\237F^\342\264c\350\351\207"
 385      6B97D061 
 385      AF3B9F46 
 385      5EE2B463 
 385      E8E987
 386 077d EC6E78C6 		.ascii	"\354nx\306)G4\360\375\025\277\224C\305\374[$\231\227"
 386      294734F0 
 386      FD15BF94 
 386      43C5FC5B 
 386      249997
 387 0790 0FD605CF 		.ascii	"\017\326\005\317\333IoT\2110#\010z\225c<I\364\333\371"
 387      DB496F54 
 387      89302308 
 387      7A95633C 
 387      49F4DBF9 
 388 07a4 79A49FAF 		.ascii	"y\244\237\257\026\234\220S\214\375\260\015n6\3054I\230"
 388      169C9053 
 388      8CFDB00D 
 388      6E36C534 
 388      4998
 389 07b6 1D14D338 		.ascii	"\035\024\3238\272\347\266\337{\230$\325\333\364;yz\337"
 389      BAE7B6DF 
 389      7B9824D5 
ARM GAS  /tmp/ccYbnd6h.s 			page 31


 389      DBF43B79 
 389      7ADF
 390 07c8 C82FF9F3 		.ascii	"\310/\371\363\344x\306\216"
 390      E478C68E 
 391 07d0 7066F0BE 		.ascii	"pf\360\276\220\031\304Q\203]\222A;5X\321\365ue\010\303"
 391      9019C451 
 391      835D9241 
 391      3B3558D1 
 391      F5756508 
 392 07e5 647A9CF6 		.ascii	"dz\234\366I\230]\374<Nn\264\254\324Z\025\037\374\361"
 392      49985DFC 
 392      3C4E6EB4 
 392      ACD45A15 
 392      1FFCF1
 393 07f8 2F11CB39 		.ascii	"/\021\3139\245\301d]\262Xk\015\326j\305\2478M\242\331"
 393      A5C1645D 
 393      B2586B0D 
 393      D66AC5A7 
 393      384DA2D9 
 394 080c A8D7FCD3 		.ascii	"\250\327\374\323\262R\023g0iV\352tQ\261)F\3517\312d"
 394      B2521367 
 394      306956EA 
 394      7451B129 
 394      46E937CA 
 395 0821 36E9A3F4 		.ascii	"6\351\243\364\261q\206\250\267\265\357F-^\270\350\267"
 395      B17186A8 
 395      B7B5EF46 
 395      2D5EB8E8 
 395      B7
 396 0832 FF5AA2F1 		.ascii	"\377Z\242\361\333\320\030L\272\244\324x\275\306\030"
 396      DBD0184C 
 396      BAA4D478 
 396      BDC618
 397 0841 AB4B3498 		.ascii	"\253K4\230\364\032m\274>!65\311\252\265\256N\326[\242"
 397      F41A6DBC 
 397      3E213635 
 397      C9AAB5AE 
 397      4ED65BA2 
 398 0855 13B9BFFD 		.ascii	"\023\271\277\375`.,\253-\032\255\305\032\017\334\301"
 398      602E2CAB 
 398      2D1AADC5 
 398      1A0FDCC1 
 399 0865 EEEFC15F 		.ascii	"\356\357\301_\234\301l\001Ml\\\222>j\321;\321\213\243"
 399      9CC16C01 
 399      4D6C5C92 
 399      3E6AD13B 
 399      D18BA3
 400 0878 3FD3982D 		.ascii	"?\323\230-\032\235\331h4\2334\311\346\024\253E\363\336"
 400      1A9DD968 
 400      349B34C9 
 400      E614AB45 
 400      F3DE
 401 088a 272B96AF 		.ascii	"'+\226\257\370\214\350\222\015I\372\024\213\346\203"
 401      F88CE892 
 401      0D49FA14 
 401      8BE683
 402 0899 E5CB35BA 		.ascii	"\345\3135\272D\211\2352\025\254\275CS\">\311\264\311"
ARM GAS  /tmp/ccYbnd6h.s 			page 32


 402      44899D32 
 402      15ACBD43 
 402      53223EC9 
 402      B4C9
 403 08ab A9D6A5D3 		.ascii	"\251\326\245\323\032O\214M\322$\031\3424\026k\212>\326"
 403      1A4F8C4D 
 403      D22419E2 
 403      34166B8A 
 403      3ED6
 404 08bd 68D118F5 		.ascii	"h\321\030\365F\3611Z\307\311\264+\365V\205\305\360\271"
 404      46F1315A 
 404      C7C9B42B 
 404      F55685C5 
 404      F0B9
 405 08cf 5E6BFDC7 		.ascii	"^k\375\307\033\304M\014\003`J\374oG\277\033\275\304"
 405      1BC44D0C 
 405      03604AFC 
 405      6F47BF1B 
 405      BDC4
 406 08e1 9B056B3C 		.ascii	"\233\005k<\244\230P\327\256J1X\365\026\205\026\334\307"
 406      A49850D7 
 406      AE4A3158 
 406      F5168516 
 406      DCC7
 407 08f3 5BD42BF4 		.ascii	"[\324+\364Fs\312\352?Q2d\301\236\376\272\342\317r\212"
 407      4673CAEA 
 407      3F513264 
 407      C19EFEBA 
 407      E2CF728A 
 408 0907 93111486 		.ascii	"\223\021\024\206\3300p|\243\370\0229\374o\243U\021\227"
 408      D830707C 
 408      A3F81239 
 408      FC6FA355 
 408      1197
 409 0919 9A90A04F 		.ascii	"\232\220\240O\221\221(\261\336lQ\230\023\022,z\253\332"
 409      919128B1 
 409      DE6C5198 
 409      13122C7A 
 409      ABDA
 410 092b 68F930EE 		.ascii	"h\3710\356S\275\316\372\007\223\301\252\004\362\246"
 410      53BDCEFA 
 410      0793C1AA 
 410      04F2A6
 411 093a D4A42465 		.ascii	"\324\244$e\202)\302\222\254\327\241E\012\260\243K^\015"
 411      8229C292 
 411      ACD7A145 
 411      0AB0A34B 
 411      5E0D
 412 094c 1BD6C414 		.ascii	"\033\326\304\024\363*Y\222>6\341\223\037\2563\254)\006"
 412      F32A5992 
 412      3E36E193 
 412      1FAE33AC 
 412      2906
 413 095e D34A20F8 		.ascii	"\323J \370_U\023\203\342"
 413      5F551383 
 413      E2
 414              		.text
ARM GAS  /tmp/ccYbnd6h.s 			page 33


 415              		.section	.gnu.lto_.symtab.31c639d10f7abac8,"",%progbits
 416 0000 6D734F62 		.ascii	"msObjectInit\000\000\000\000\000\000\000\000\000\000"
 416      6A656374 
 416      496E6974 
 416      00000000 
 416      00000000 
 417 0016 00000601 		.ascii	"\000\000\006\001\000\000"
 417      0000
 418              		.text
 419              		.section	.gnu.lto_.opts,"",%progbits
 420 0000 272D666E 		.ascii	"'-fno-trapv' '-fno-strict-overflow' '-mcpu=cortex-m"
 420      6F2D7472 
 420      61707627 
 420      20272D66 
 420      6E6F2D73 
 421 0033 34272027 		.ascii	"4' '-mfloat-abi=hard' '-mfpu=fpv4-sp-d16' '-mno-thu"
 421      2D6D666C 
 421      6F61742D 
 421      6162693D 
 421      68617264 
 422 0066 6D622D69 		.ascii	"mb-interwork' '-mthumb' '-ggdb' '-O0' '-fomit-frame"
 422      6E746572 
 422      776F726B 
 422      2720272D 
 422      6D746875 
 423 0099 2D706F69 		.ascii	"-pointer' '-falign-functions=16' '-ffunction-sectio"
 423      6E746572 
 423      2720272D 
 423      66616C69 
 423      676E2D66 
 424 00cc 6E732720 		.ascii	"ns' '-fdata-sections' '-fno-common' '-flto' '-fsing"
 424      272D6664 
 424      6174612D 
 424      73656374 
 424      696F6E73 
 425 00ff 6C652D70 		.ascii	"le-precision-constant'\000"
 425      72656369 
 425      73696F6E 
 425      2D636F6E 
 425      7374616E 
 426              		.text
 427              		.comm	__gnu_lto_v1,1,1
 428              		.comm	__gnu_lto_slim,1,1
 429              		.ident	"GCC: (GNU Tools for ARM Embedded Processors) 4.9.3 20150529 (release) [ARM/embedded-4_9-br
ARM GAS  /tmp/ccYbnd6h.s 			page 34


DEFINED SYMBOLS
                            *ABS*:00000000 memstreams.c
                            *COM*:00000001 __gnu_lto_v1
                            *COM*:00000001 __gnu_lto_slim

NO UNDEFINED SYMBOLS
