ARM GAS  /tmp/ccKIEj5p.s 			page 1


   1              		.syntax unified
   2              		.cpu cortex-m4
   3              		.eabi_attribute 27, 1
   4              		.eabi_attribute 28, 1
   5              		.fpu fpv4-sp-d16
   6              		.eabi_attribute 20, 1
   7              		.eabi_attribute 21, 1
   8              		.eabi_attribute 23, 3
   9              		.eabi_attribute 24, 1
  10              		.eabi_attribute 25, 1
  11              		.eabi_attribute 26, 1
  12              		.eabi_attribute 30, 6
  13              		.eabi_attribute 34, 1
  14              		.eabi_attribute 18, 4
  15              		.thumb
  16              		.file	"nullstreams.c"
  17              		.text
  18              	.Ltext0:
  19              		.section	.gnu.lto_.inline.fd871f27fc24de99,"",%progbits
  20 0000 789C6366 		.ascii	"x\234cf\300\016b\2404+\003\0033\023\003\003\023\323"
  20      C00E62A0 
  20      342B0303 
  20      33130303 
  20      13D3
  21 0012 02790616 		.ascii	"\002y\006\026\006&\220\020#\206\010\023\206\0103\206"
  21      06269010 
  21      23860813 
  21      86083386 
  22 0022 080B030B 		.ascii	"\010\013\003\0133P\204\345\203\036L\204\001\000\352"
  22      335084E5 
  22      831E4C84 
  22      0100EA
  23 0031 1804D8   		.ascii	"\030\004\330"
  24              		.text
  25              		.section	.gnu.lto_writes.fd871f27fc24de99,"",%progbits
  26 0000 789C6591 		.ascii	"x\234e\221\273K\003A\020\306gv\317\210DP,\203\240 \301"
  26      BB4B0341 
  26      10C66776 
  26      CF884450 
  26      2C83A020 
  27 0015 CA1CDA28 		.ascii	"\312\034\332(\202\020;\377\013IB\300\203\323\004O\301"
  27      82103BFF 
  27      0B4942C0 
  27      83D3044F 
  27      C1
  28 0026 CE55CE07 		.ascii	"\316U\316\007\226\"\022\260\022\337\257\304g\241(\004"
  28      962212B0 
  28      12DFAFC4 
  28      67A12804 
  29 0036 0BB5112C 		.ascii	"\013\265\021,\304\034\026>\360\201b\241\321\200D\220"
  29      C41C163E 
  29      F08162A1 
  29      D1804490 
  30 0046 73F6CE42 		.ascii	"s\366\316B\342\302.\363\355|\277\031f\227\303\377UI"
  30      E2C22EF3 
  30      ED7CBF19 
  30      6697C3FF 
ARM GAS  /tmp/ccKIEj5p.s 			page 2


  30      5549
  31 0058 7B16015A 		.ascii	"{\026\001Z\245P\000\031\320FN'G\272\006\204~\306\261"
  31      A5500019 
  31      D0464E27 
  31      47BA0684 
  31      7EC6B1
  32 006b 1F9F5996 		.ascii	"\037\237Y\226\341n2w\352}by\006\325@ro\374$\341\221"
  32      E16E3277 
  32      EA7D6279 
  32      06D54072 
  32      6FFC24E1 
  33 0080 12152933 		.ascii	"\022\025)3\027\211LI\355\234\020\203o\207/\307\245C"
  33      17894C49 
  33      ED9C1083 
  33      6F872FC7 
  33      A543
  34 0092 6D79C6E0 		.ascii	"my\306\340\203\001.\240\017\027\321'\253-a-9\307\255"
  34      83012EA0 
  34      0F17D127 
  34      AB2D612D 
  34      39C7AD
  35 00a5 A962DE8C 		.ascii	"\251b\336\214\022z}?\333b\376\031\202\322\373\233\""
  35      127A7D3F 
  35      DB62FE19 
  35      82D2FB9B 
  35      22
  36 00b6 A8E4A9DB 		.ascii	"\250\344\251\3332\362\277\030]\001\256\240\237\334\311"
  36      32F2BF18 
  36      5D01AEA0 
  36      9FDCC9
  37 00c5 7DF3CDC3 		.ascii	"}\363\315\303[\034\362\326\034\265J]\362\332%\025\\"
  37      5B1CF2D6 
  37      1CB54A5D 
  37      F2DA2515 
  37      5C
  38 00d6 2D2469A2 		.ascii	"-$i\2425\207<\267\356\206\025\036t\310\235\203\344Q"
  38      35873CB7 
  38      EE86151E 
  38      74C89D83 
  38      E451
  39 00e8 994B7EB9 		.ascii	"\231K~\271$U.$I\244\320/\355Y\363;\343\365\230B\210"
  39      24552E24 
  39      49A4D02F 
  39      ED59F33B 
  39      E3F59842 
  40 00fd 72390E4D 		.ascii	"r9\016M\261\216\036z\033\244\334\343\312\304HQ\315\264"
  40      B18E1E7A 
  40      1BA4DCE3 
  40      CAC44851 
  40      CDB4
  41 010f 106337CF 		.ascii	"\020c7\317\363\303E'\302\274\261\355\252\377\203\313"
  41      F3C34527 
  41      C2BCB1ED 
  41      AAFF83CB 
  42 011f 851B5893 		.ascii	"\205\033X\223\252H\013\333\336J~[>\371\300\262\005s"
  42      AA480BDB 
  42      DE4A7E5B 
ARM GAS  /tmp/ccKIEj5p.s 			page 3


  42      3EF9C0B2 
  42      0573
  43 0131 9AC1BDAC 		.ascii	"\232\301\275\254\014\0172\344\22788\231\335\346\262"
  43      0C0F32E4 
  43      97383899 
  43      DDE6B2
  44 0140 CF27639F 		.ascii	"\317'c\237\014\235\014}\012\267p\240\034r\344\271\""
  44      0C9D0C7D 
  44      0AB770A0 
  44      1C72E4B9 
  44      22
  45 0151 D84D8364 		.ascii	"\330M\203d\311AAc\244C\013k1\243\335\350\011\205\365"
  45      C9414163 
  45      A4430B6B 
  45      31A3DDE8 
  45      0985F5
  46 0164 685D7D53 		.ascii	"h]}S\240!\320\247\306\014\265#\244\253\272\026V\215"
  46      A021D0A7 
  46      C60CB523 
  46      A4ABBA16 
  46      568D
  47 0176 9EEE68A8 		.ascii	"\236\356h\250\323P\273zu\3757\016D\200iq\026\216c\327"
  47      D350BB7A 
  47      75FD370E 
  47      44806971 
  47      168E63D7 
  48 018a 0F2CE79F 		.ascii	"\017,\347\237\304"
  48      C4
  49              		.text
  50              		.section	.gnu.lto_reads.fd871f27fc24de99,"",%progbits
  51 0000 789C6591 		.ascii	"x\234e\221\317+DQ\024\307\317\271\367\315\240Qd)\241"
  51      CF2B4451 
  51      14C7CFB9 
  51      F7CDA051 
  51      6429A1
  52 0013 34CDCABC 		.ascii	"4\315\312\274\330\220R\354\374\027\232\2212\365\314"
  52      D89052EC 
  52      FC179A91 
  52      32F5CC
  53 0022 4C1E65E7 		.ascii	"L\036e\347\232\236!KYLYI~3~E\371U\223\005\263\021J\346"
  53      9A9E214B 
  53      594C5949 
  53      7E337E45 
  53      F9559305 
  54 003a 65E1477E 		.ascii	"e\341G~D\302\014\212Q\032\347\276\261\020\267\356\355"
  54      44C20C8A 
  54      511AE7BE 
  54      B110B7EE 
  54      ED
  55 004b 7ECF3D9F 		.ascii	"~\317=\237\357\351\234\313\341\377*\241\035E\200F)\024"
  55      EFE99CCB 
  55      E1FF2AA1 
  55      1D458046 
  55      2914
  56 005d 4006B491 		.ascii	"@\006\264\221\323\311\221\302\200\320\3038\366\340="
  56      D3C991C2 
  56      80D0C338 
ARM GAS  /tmp/ccKIEj5p.s 			page 4


  56      F6E03D
  57 006c 4B315C8F 		.ascii	"K1\\\217\276\355;\356X\232A9\220\334\030\212G\354R\242"
  57      BEED3BEE 
  57      589A4139 
  57      90DC188A 
  57      47EC52A2 
  58 0080 2265E224 		.ascii	"\"e\342$\222\310s\215\013\021J\356<\356\345\3675\245"
  58      92C8738D 
  58      0B114AEE 
  58      3CEEE5F7 
  58      35A5
  59 0092 19835706 		.ascii	"\031\203W\0068\211\3058\205\305\322m\032]\2249d\216"
  59      3889C538 
  59      85C5D26D 
  59      1A5D9439 
  59      648E
  60 00a4 E4F03A94 		.ascii	"\344\360:\224\320\363\313\341\012s\216\021\024\333\\"
  60      D0F3CBE1 
  60      0A738E11 
  60      14DB5C
  61 00b3 160D4A9A 		.ascii	"\026\015J\232\252\315 \377\215Q\010p\026\235\224\035"
  61      AACD20FF 
  61      8D510870 
  61      169D941D 
  62 00c3 DD329276 		.ascii	"\3352\222v^o\221\227\306\200\231\237%\315,\251\340\334"
  62      5E6F9197 
  62      C680999F 
  62      25CD2CA9 
  62      E0DC
  63 00d5 5F923A9A 		.ascii	"_\222:\232\267\310c\363*\254\360\006\213\\\335\216\356"
  63      B7C863F3 
  63      2AACF006 
  63      8B5CDD8E 
  63      EE
  64 00e6 1664C987 		.ascii	"\026d\311\207,I\316\177I\022\013\350\224\351)\343+\341"
  64      2C49CE7F 
  64      49120BE8 
  64      94E929E3 
  64      2BE1
  65 00f8 B01B4288 		.ascii	"\260\033B\210B\331\016u\261\210v\232\015\322\333\355"
  65      42D90E75 
  65      B188769A 
  65      0DD2DBED 
  66 0108 EC70BFAD 		.ascii	"\354p\277\255bT\210\301\213\317\211\260-.\214\213L\246"
  66      625488C1 
  66      8BCF89B0 
  66      2D2E8C8B 
  66      4CA6
  67 011a EC7FE372 		.ascii	"\354\177\343r\341\022V,\024\305D&\263\262\366\364QJ"
  67      E112562C 
  67      14C54426 
  67      B3B2F6F4 
  67      514A
  68 012c 63B6CAC0 		.ascii	"c\266\312\300\265\364\204\033y\345\247\030J.nsY\341"
  68      B5F4841B 
  68      79E5A718 
  68      4A2E6E73 
ARM GAS  /tmp/ccKIEj5p.s 			page 5


  68      59E1
  69 013e 9DC902E7 		.ascii	"\235\311\002\347\327\007G\271r\306\362c\226-\257\033"
  69      D70747B9 
  69      72C6F263 
  69      962DAF1B 
  70 014e 9A077013 		.ascii	"\232\007p\023{\013\341\215\242g\210?\351 \275\350\244"
  70      7B0BE18D 
  70      A267883F 
  70      E920BDE8 
  70      A4
  71 015f 604D4B9B 		.ascii	"`MK\233\317\353\013\350\315z\247\307\253\265VV\325\272"
  71      CFEB0BE8 
  71      CD7AA7C7 
  71      ABB55656 
  71      D5BA
  72 0171 ABDDDD6A 		.ascii	"\253\335\335j@W\333<\232\252\371\274\252\336\331\321"
  72      4057DB3C 
  72      9AAAF9BC 
  72      AADED9D1 
  73 0181 EA69D755 		.ascii	"\352i\327U\177\227\246\375\334\335-\300|A\346\015\242"
  73      7F97A6FD 
  73      DCDD2DC0 
  73      7C41E60D 
  73      A2
  74 0192 FF1BE727 		.ascii	"\377\033\347'\245G"
  74      A547
  75              		.text
  76              		.section	.gnu.lto_put.fd871f27fc24de99,"",%progbits
  77 0000 789C6366 		.ascii	"x\234cf\300\0042@\\\314\310\300`\007\342\2600021\000"
  77      C0043240 
  77      5CCCC8C0 
  77      6007E2B0 
  77      30303231 
  78 0015 31233390 		.ascii	"1#3\220df\004\012302\324313\3263\276d\372\310\304\270"
  78      6466040A 
  78      333032D4 
  78      333133D6 
  78      33BE64FA 
  79 002c 73DD97B3 		.ascii	"s\335\227\263\334/\230~21(0\000\271\273&\235\230\301"
  79      DC2F987E 
  79      32312830 
  79      00B9BB26 
  79      9D98C1
  80 003f 06E232B2 		.ascii	"\006\3422\262\200\270\267'\374\177\305\247\276\264\241"
  80      80B8B727 
  80      FC7FC5A7 
  80      BEB4A1
  81 004e A1E1C3A5 		.ascii	"\241\341\303\245\363\307yZ=~211|fb`\\\316(\305\270\202"
  81      F3C7795A 
  81      3D7E3231 
  81      317C6662 
  81      605CCE28 
  82 0065 510A64DA 		.ascii	"Q\012d\332JFu\240\312I7f\2633[1\2024\275\377ta3\223"
  82      4A4675A0 
  82      CA493766 
  82      B3335B31 
  82      8234BDFF 
ARM GAS  /tmp/ccKIEj5p.s 			page 6


  83 007d EAE28686 		.ascii	"\352\342\206\206\246\003;658\260\374\004\332\266\212"
  83      A6033B36 
  83      3538B0FC 
  83      04DAB68A 
  84 008d 9119591B 		.ascii	"\221\031Y\033P\210\201q5\243*P\365\274\027wv02\333\202"
  84      50888171 
  84      35A32A50 
  84      F5BC1777 
  84      763032DB 
  85 00a2 755EB8D0 		.ascii	"u^\270\3209\205\021\242\363\314\272\006\007\306\237"
  85      398511A2 
  85      F3CCBA06 
  85      07C69F
  86 00b1 4C2C8C6B 		.ascii	"L,\214k :u\244\0305A\372\200\376Y\313\250\012R\374\261"
  86      203A75A4 
  86      183541FA 
  86      80FE59CB 
  86      A80A52FC 
  87 00c6 E5EF756E 		.ascii	"\345\357un\266\026\240\333\004@N\002\272d\035#\033\320"
  87      B616A0DB 
  87      04404E02 
  87      BA641D23 
  87      1BD0
  88 00d8 7F8C40B9 		.ascii	"\177\214@\271G\0277\036dS^\330\320\320\361\240\353\361"
  88      4717371E 
  88      64535ED8 
  88      D0D0F1A0 
  88      EBF1
  89 00ea 9380032D 		.ascii	"\223\200\003-\013\032\376\375\377\317\210\351z\020`"
  89      0B1AFEFD 
  89      FFCF88E9 
  89      7A1060
  90 00f9 5CCFA8BC 		.ascii	"\\\317\250\274^\350@\303\377\377\237\367\235\377\241"
  90      5EE840C3 
  90      FFFF9FF7 
  90      9DFFA1
  91 0108 24C8C4C8 		.ascii	"$\310\304\310\000R\310\360\004d(\303S\020\223\371\026"
  91      0052C8F0 
  91      046428C3 
  91      531093F9 
  91      16
  92 0119 63D3870D 		.ascii	"c\323\207\015G\015AV|g\002\331p\377\311\371\213\034"
  92      470D4156 
  92      7C6702D9 
  92      70FFC9F9 
  92      8B1C
  93 012b A0800285 		.ascii	"\240\200\002\205\356\006\260YO\201\236b`\276\301\330"
  93      EE06B059 
  93      4F819E62 
  93      60BEC1D8 
  94 013b 28C0F005 		.ascii	"(\300\360\005(z\217\221\021\252\234\001d\026\220\004"
  94      287A8F91 
  94      11AA9C01 
  94      64169004 
  95 014b 0A9A2767 		.ascii	"\012\232'gd&e\346\027\307\027\227$&\345\244\352\032"
  95      642665E6 
  95      17C71797 
ARM GAS  /tmp/ccKIEj5p.s 			page 7


  95      2426E5A4 
  95      EA1A
  96 015d 5AE819E9 		.ascii	"Z\350\031\351U\350\347\027\353g$\346\350\347d&\351\027"
  96      55E8E717 
  96      EB6724E6 
  96      E8E76426 
  96      E917
  97 016f 9714A526 		.ascii	"\227\024\245&\346\026\353\347\225\346\344@\331z\311"
  97      E616EBE7 
  97      95E6E440 
  97      D97AC9
  98 017e 0C4C9905 		.ascii	"\014L\231\005\214I\000Y\253\221\263"
  98      8C490059 
  98      AB91B3
  99              		.text
 100              		.section	.gnu.lto_get.fd871f27fc24de99,"",%progbits
 101 0000 789C6550 		.ascii	"x\234eP\277K\202a\020\276{_\261A\010i\224\206@\304!"
 101      BF4B8261 
 101      10BE7B5F 
 101      B1410869 
 101      948640C4 
 102 0015 F2C39622 		.ascii	"\362\303\226\"\012\372\023\372\017BE\360\203\257\214"
 102      0AFA13FA 
 102      0F4245F0 
 102      83AF8C
 103 0024 3E0337DF 		.ascii	">\0037\337D\2501\244!i1*\372mXK5\351\022\015\005\331"
 103      44A831A4 
 103      2169312A 
 103      FA6D584B 
 103      35E9120D 
 104 003a 92145494 		.ascii	"\222\024T\224B\265\244)\204C}\335\205C\340\301\035\367"
 104      42B5A429 
 104      84437DDD 
 104      8543E0C1 
 104      1DF7
 105 004c DC3DF7DC 		.ascii	"\334=\367\334\275\257\204N\353%\037C\200Q\0066@\001"
 105      BDAF844E 
 105      EB251F43 
 105      80510636 
 105      4001
 106 005e E428294A 		.ascii	"\344()J\2442 $\204\304\004\276\211\272\300\323\\\363"
 106      A4322024 
 106      84C404BE 
 106      89BAC0D3 
 106      5CF3
 107 0070 CAF12A5A 		.ascii	"\312\361*Z\002\372\200\340Y\372b\305\316\020m\014\357"
 107      02FA80E0 
 107      59FA62C5 
 107      CE106D0C 
 107      EF
 108 0081 97ACF76E 		.ascii	"\227\254\367n\357\246R\252v\223\217g\226\263\324\021"
 108      EFA652AA 
 108      76938F67 
 108      96B3D411 
 109 0091 D010805B 		.ascii	"\320\020\200[\350\302mt\261\334\016z\211\232.\257v\311"
 109      E8C26D74 
 109      B1DC0E7A 
ARM GAS  /tmp/ccKIEj5p.s 			page 8


 109      899A2EAF 
 109      76C9
 110 00a3 11E4A98F 		.ascii	"\021\344\251\217\317\353c\341YW*Y89R\343\266\026\255"
 110      CFEB63E1 
 110      59572A59 
 110      383952E3 
 110      B616AD
 111 00b6 DB45F97F 		.ascii	"\333E\371\177\214J\200{\350az=\365}\353\260\247h\211"
 111      8C4A807B 
 111      E8617A3D 
 111      F57DEBB0 
 111      A76889
 112 00c9 93A54971 		.ascii	"\223\245Iq\037\355t(R\357\271\224/\332\335kJ->e^*\023"
 112      1FED7428 
 112      52EFB994 
 112      2FDADD6B 
 112      4A2D3E65 
 113 00e0 855456FD 		.ascii	"\205TV\375X\026v^\301\206\007\350>\354)(\313j\234\027"
 113      5816765E 
 113      C18607E8 
 113      3EEC2928 
 113      CB6A9C17 
 114 00f4 17FA3342 		.ascii	"\027\3723B 0\023*\254\012UN\345\035&k\265K?\357\370"
 114      2030132A 
 114      AC0A554E 
 114      E51D266B 
 114      B54B3FEF 
 115 0109 12BC62A3 		.ascii	"\022\274b\243\364X\222\374dA\177\225\373\023\253\322"
 115      F45892FC 
 115      64417F95 
 115      FB13ABD2 
 116 0119 7520CB38 		.ascii	"u \3138\357\204&\315< \266\351\300Z\024\2518\024\212"
 116      EF8426CD 
 116      3C20B6E9 
 116      C05A14A9 
 116      38148A
 117 012c E8413D6A 		.ascii	"\350A=jN\232\261@\320\010\017\370\207}\203\276\270\026"
 117      4E9AB140 
 117      D0080FF8 
 117      877D83BE 
 117      B816
 118 013e 35B548C0 		.ascii	"5\265H\300\320\014=\250\231\261\331p`\312\324\246\347"
 118      D00C3DA8 
 118      99B1D970 
 118      60CAD4A6 
 118      E7
 119 014f 0CA39DFB 		.ascii	"\014\243\235\373B \364\231_\243\360\177\200"
 119      4220F499 
 119      5FA3F07F 
 119      80
 120              		.text
 121              		.section	.gnu.lto_nullObjectInit.fd871f27fc24de99,"",%progbits
 122 0000 789C658E 		.ascii	"x\234e\216\313+DQ\034\307\317\367\234\35365\211\224"
 122      CB2B4451 
 122      1CC7CFF7 
 122      9CEB3635 
 122      8994
ARM GAS  /tmp/ccKIEj5p.s 			page 9


 123 0012 92856C34 		.ascii	"\222\205l4\013\315\334\330\220RV\376\015\315LS\246\256"
 123      0BCDDCD8 
 123      905256FE 
 123      0DCD4C53 
 123      A6AE
 124 0024 472E6533 		.ascii	"G.e39#\262\222g\214\3064\213I\336\306#y\254\356\222"
 124      3923B292 
 124      678CC634 
 124      8B49DEC6 
 124      2379ACEE 
 125 0039 05524A28 		.ascii	"\005RJ(6\243X(on\022\277sY(\247N\347|\177\277o\237\357"
 125      36A35828 
 125      6F6E12BF 
 125      735928A7 
 125      4EE77C7F 
 126 0051 57B0FFA7 		.ascii	"W\260\377\247\230n\034\214\325+!\0308\243\013\0320\260"
 126      986E1C8C 
 126      D52B2118 
 126      38A30B1A 
 126      30B0
 127 0063 1E8E1EDC 		.ascii	"\036\216\036\334\362\007\216a{1\341\365\315H)\357\037"
 127      F2078E61 
 127      7B31E1F5 
 127      CD4829EF 
 127      1F
 128 0074 374BFA4B 		.ascii	"7K\372K\034\262=\361\037\002f\341#\313\336\305\344 "
 128      1CB23DF1 
 128      1F0266E1 
 128      23CBDEC5 
 128      E420
 129 0086 177560F4 		.ascii	"\027u`\364\337Yy>\360\336p\207\243\\\311\335\321\275"
 129      DF59793E 
 129      F0DE7087 
 129      A35CC9DD 
 129      D1BD
 130 0098 84AE24D7 		.ascii	"\204\256$\327\224|\217O\215h\025\031){\355\375u\331"
 130      947C8F4F 
 130      8D681519 
 130      297BEDFD 
 130      75D9
 131 00aa A0395C60 		.ascii	"\2409\\`\016\202x\230G)\026P\312h\304\260\210\012e\177"
 131      0E827898 
 131      47291650 
 131      CA68C4B0 
 131      880A657F 
 132 00be E8FB3CF5 		.ascii	"\350\373<\365\352}\224]\370\223\211%\350\252`\266\310"
 132      EA7D945D 
 132      F8938925 
 132      E8AA60B6 
 132      C8
 133 00cf 965F5F99 		.ascii	"\226__\231\331\245-\215\032\273v\226sK]sz\3049z_\007"
 133      D9A52D8D 
 133      1ABB7696 
 133      734B5D73 
 133      7AC4397A 
 134 00e5 0E93B5CA 		.ascii	"\016\223\265\312O\234\253\334\321\261G\265\020La7\337"
 134      4F9CABDC 
ARM GAS  /tmp/ccKIEj5p.s 			page 10


 134      D1B147B5 
 134      104C6137 
 134      DF
 135 00f6 D377F929 		.ascii	"\323w\371)$\343R\332\272\303\2657b,S\264\332M?\217\235"
 135      24E352DA 
 135      BAC3B537 
 135      622C53B4 
 135      DA4D3F8F 
 136 010b 15F82B1D 		.ascii	"\025\370+\035\236\207\025\244\360\350B\221\205\237v"
 136      9E8715A4 
 136      F0E84291 
 136      859F76
 137 011a 134327DB 		.ascii	"\023C'\333\"\366!\023\322C\373O\265\372\013\317s\345"
 137      22F62113 
 137      D243FB4F 
 137      B5FA0BCF 
 137      73E5
 138 012c FCD0F836 		.ascii	"\374\320\3706\024|X\271t\254\"\206\265_x:7\227\360\272"
 138      147C58B9 
 138      74AC2286 
 138      B55F783A 
 138      3797F0BA 
 139 0140 00BB4C25 		.ascii	"\000\273L%\254\223\221\350\033\210\261K\304\355\227"
 139      AC9391E8 
 139      1B88B14B 
 139      C4ED97
 140 014f 46D55705 		.ascii	"F\325W\005\3468\315\211_\023n\216\206\242mV\223\325"
 140      E638CD89 
 140      5F136E8E 
 140      86A26D56 
 140      93D5
 141 0161 190C9911 		.ascii	"\031\014\231\021\177Um\240:\320m\264YFs\3204\314h\310"
 141      7F556DA0 
 141      3AD06DB4 
 141      594673D0 
 141      34CC68C8 
 142 0175 B03A3B22 		.ascii	"\260:;\"\301\026\313h\3552\315\337\177 \314D\253\325"
 142      C116CB68 
 142      ED32CDDF 
 142      7F20CC44 
 142      ABD5
 143 0187 FE0DBE73 		.ascii	"\376\015\276s\233\001"
 143      9B01
 144              		.text
 145              		.section	.gnu.lto_.symbol_nodes.fd871f27fc24de99,"",%progbits
 146 0000 789C6366 		.ascii	"x\234cf``Hf\200\002\246\235L\365\014\014\023\31610\324"
 146      60604866 
 146      8002A69D 
 146      4CF50C0C 
 146      13CE3130 
 147 0015 D7335C59 		.ascii	"\3273\\Y\321\301\303\300\264\213\251\236\021Ud7S=\023"
 147      D1C1C3C0 
 147      B48BA99E 
 147      11556437 
 147      533D13
 148 0028 AAC81EA6 		.ascii	"\252\310\036\246zfT\221}L\365,0\221k\0138\030X\3672"
 148      7A665491 
ARM GAS  /tmp/ccKIEj5p.s 			page 11


 148      7D4CF52C 
 148      30916B0B 
 148      381858F7 
 149 003d 312C02A9 		.ascii	"1,\002\251\002\000\0219\036\034"
 149      02001139 
 149      1E1C
 150              		.text
 151              		.section	.gnu.lto_.refs.fd871f27fc24de99,"",%progbits
 152 0000 789C6366 		.ascii	"x\234cf``\020`\200\000F\026&VF\026V&\006&F&&&f\006\000"
 152      60601060 
 152      80004616 
 152      26564616 
 152      56260626 
 153 001b 03470038 		.ascii	"\003G\0008"
 154              		.text
 155              		.section	.gnu.lto_.decls.fd871f27fc24de99,"",%progbits
 156 0000 789CAD56 		.ascii	"x\234\255VkP\023W\024\336\223\315\003BDg\234b\307\366"
 156      6B501357 
 156      14DE93CD 
 156      03424467 
 156      9C62C7F6 
 157 0014 07D219A6 		.ascii	"\007\322\031\246\355\010k\261/\177\325\216\323\351c"
 157      ED086BB1 
 157      2F7FD58E 
 157      D3E963
 158 0023 46EDDB1F 		.ascii	"F\355\333\037\375\221BL%-\004$\241jglWh\025ED\264\332"
 158      FD91424C 
 158      252D0424 
 158      A16A676C 
 158      57681545 
 159 003a 4251E3F8 		.ascii	"BQ\343\370\346aQ\021P\220F!\024\213\022ER@T\360\201"
 159      E6615111 
 159      50904621 
 159      148B1245 
 159      524054F0 
 160 004f 544045A4 		.ascii	"T@E\244\026|\220\236{w7\273\301\244\235\351tgn\366\336"
 160      167C909E 
 160      7B7737BB 
 160      C1A49DE9 
 160      74676EF6 
 161 0064 73CF77CE 		.ascii	"s\317w\316w\036\367nX\206aR\201a\274\370,\016c\230\005"
 161      771EF76E 
 161      58866152 
 161      8161BCF8 
 161      2C0E6398 
 162 0079 2A86D1A2 		.ascii	"*\206\321\242\354]F~48jq\270pxpt\340\370\013\007\302"
 162      EC5D467E 
 162      34386A71 
 162      B8707870 
 162      74E0F80B 
 163 008f 98478CFF 		.ascii	"\230G\214\377S+\352\207\3430\340(\3051\037G\225\270"
 163      532BEA87 
 163      E330E028 
 163      C5311F47 
 163      95B8
 164 00a1 0FA20E79 		.ascii	"\017\242\016y\217\215\303\272\202`\177Q`]\342\333;\016"
 164      8F8DC3BA 
ARM GAS  /tmp/ccKIEj5p.s 			page 12


 164      82607F51 
 164      605DE2DB 
 164      3B0E
 165 00b3 EB198775 		.ascii	"\353\031\207u\213\330\303\012\254G|\013?\362C\342Q\007"
 165      8BD8C30A 
 165      AC477C0B 
 165      3FF243E2 
 165      5107
 166 00c5 C04AAA1D 		.ascii	"\300J\252\035\342\033\306\341H\016t\214\220+\011{\027"
 166      E21BC6E1 
 166      480E748C 
 166      902B097B 
 166      17
 167 00d6 C7108E01 		.ascii	"\307\020\216\001\034\375\"\356\226\370\016\226\263;"
 167      1CFD22EE 
 167      96F80E96 
 167      B33B
 168 00e4 2A38B27F 		.ascii	"*8\262\177\370t\330\037*\010\327G\222\345\321\015\215"
 168      F874D81F 
 168      2A08D747 
 168      92E5D10D 
 168      8D
 169 00f5 3F6A7169 		.ascii	"?jqi\320\253\311\262f\367\001\015\253\0022\335\361\343"
 169      D0ABC9B2 
 169      66F7010D 
 169      AB0232DD 
 169      F1E3
 170 0107 E556FDF4 		.ascii	"\345V\375\364\"\236\347\263xg#\310\026V\354\256^\253"
 170      229EE7B3 
 170      786723C8 
 170      1656ECAE 
 170      5EAB
 171 0119 43C85B7A 		.ascii	"C\310[z\272\354\372itg(]\222\312ND\221\352\302\340\312"
 171      BAECFA69 
 171      7467285D 
 171      92CA4E44 
 171      91EAC2E0 
 172 012e A36AD047 		.ascii	"\243j\320Gg\361|\006\277>\223\017}\213\201=0\025\366"
 172      67F17C06 
 172      BF3E930F 
 172      7D8B813D 
 172      3015F6
 173 0141 C25406F6 		.ascii	"\302T\006\366C4\352B\021Lg\240\030\205%(\334\211^\006"
 173      4334EA42 
 173      114C67A0 
 173      18852528 
 173      DC895E06 
 174 0155 F7B6374F 		.ascii	"\367\2667O\341y5\224\202\036\366\001K50\014\342f\234"
 174      E1793594 
 174      821EF601 
 174      4B35300C 
 174      E2669C
 175 0168 E708C1F3 		.ascii	"\347\010\301\363\272\246\202\343,]z)\343\037\316\266"
 175      BAA682E3 
 175      2C5D7A29 
 175      E31FCEB6 
 176 0178 57AAD9C5 		.ascii	"W\252\331\305t\276\246s\337)\035\273\214\314U\033\256"
ARM GAS  /tmp/ccKIEj5p.s 			page 13


 176      74BEA673 
 176      DF291DBB 
 176      8CCC551B 
 176      AE
 177 0189 0EEF0289 		.ascii	"\016\357\002\211\316\340\006\236}\222\201\351S\3419"
 177      CEE0069E 
 177      7D9281E9 
 177      53E139
 178 0198 24538E64 		.ascii	"$S\216d\"D2?#\2312\211L\366\256\334\247\011\231CH\346"
 178      2244323F 
 178      23993289 
 178      4CF6AEDC 
 178      A7099943 
 179 01ae A04C26C2 		.ascii	"\240L&\302GF\325\335\266\353\275\300F+\202\031m^\325"
 179      4746D5DD 
 179      B6EBBDC0 
 179      462B8219 
 179      6D5ED5
 180 01c1 F404317A 		.ascii	"\364\0041z\030\215\036\220\215\242\017_\210\271\347"
 180      188D1E90 
 180      8DA20F5F 
 180      88B9E7
 181 01d0 1A8F68F4 		.ascii	"\032\217h\364\242\321\254\1771\212\372\337g\376Z\243"
 181      A2D1AC7F 
 181      318AFADF 
 181      67FE5AA3 
 182 01e0 33ACF125 		.ascii	"3\254\361%\032*\321\266\224k\006\252\300 \032\276\223"
 182      1A2AD1B6 
 182      946B06AA 
 182      C0201ABE 
 182      93
 183 01f1 5DF03DA8 		.ascii	"]\360=\250\361\314\321\374~B\253\235\373\335\332\312"
 183      F1CCD1FC 
 183      7E42AB9D 
 183      FBDDDACA 
 184 0201 0954867A 		.ascii	"\011T\206zp\004\250\260\310u\364\264\201\012\347\033"
 184      7004A8B0 
 184      C875F4B4 
 184      810AE71B 
 185 0211 E0A8202B 		.ascii	"\340\250 +\273p\326\0232e\023\306@\274L\022j${\251\201"
 185      BB70D613 
 185      326513C6 
 185      40BC4C12 
 185      6A247BA9 
 186 0226 29F85B0D 		.ascii	")\370[\015j\301U\311\372\312{:\266Vh\243C\236\226\212"
 186      6AC155C9 
 186      FACA7B3A 
 186      B65668A3 
 186      439E968A 
 187 023a D0C8ADBC 		.ascii	"\320\310\255\274\3231\230\223\33561\237wd\360c^,\030"
 187      D3319893 
 187      DD36319F 
 187      7764F063 
 187      5E2C18
 188 024d 41C1315F 		.ascii	"A\3011_\026\0302\027\016B-D\"\260!\277\277Z\243\214"
 188      16183217 
 188      0E422D44 
ARM GAS  /tmp/ccKIEj5p.s 			page 14


 188      22B021BF 
 188      BF5AA38C 
 189 0261 ECB09FCF 		.ascii	"\354\260\237\317_\37612\367\236\221\032!\010\324\003"
 189      5FFE3132 
 189      F79E911A 
 189      2108D403 
 190 0271 A710C5B5 		.ascii	"\247\020\305\265m\243k5Rd\307E\331\361\335\373u\301"
 190      6DA36B35 
 190      5264C745 
 190      D9F1DDFB 
 190      75C1
 191 0283 23ABA391 		.ascii	"#\253\243\221\235\220\"\273\261\273\355X\030\373H\210"
 191      9D9022BB 
 191      B1BBED58 
 191      18FB4888 
 192 0293 6CF58D66 		.ascii	"l\365\215f\247\206F\346\0308\310\317\376\226\177\350"
 192      A78646E6 
 192      1838C8CF 
 192      FE967FE8 
 193 02a3 F5B20401 		.ascii	"\365\262\004\001\365\212\250\352\245\250\\4\252\362"
 193      F58AA8EA 
 193      A5A85C34 
 193      AAF2
 194 02b1 86AED313 		.ascii	"\206\256\323\023\330L\226Z\250\356\315\350\320\261\253"
 194      D84C965A 
 194      A8EECDE8 
 194      D0B1AB
 195 02c0 85C5485F 		.ascii	"\205\305H_\357\000\260y\302b\377\305\272%\330\331Z="
 195      EF00B079 
 195      C262FFC5 
 195      BA25D8D9 
 195      5A3D
 196 02d2 2136420E 		.ascii	"!6B\016\026|\203\342\223\347\334g4TND:\322\206\233/"
 196      167C83E2 
 196      93E7DC67 
 196      34544E44 
 196      3AD2869B 
 197 02e7 E78EAA84 		.ascii	"\347\216\252\204>\344\037;k\247\260i\264b\323\234D\341"
 197      3EE41F3B 
 197      6BA7B069 
 197      B462D39C 
 197      44E1
 198 02f9 6FBEF6EE 		.ascii	"o\276\366\356\331F\333\273\011\243m\224;Q+\267\267\243"
 198      D946DBBB 
 198      09A36D94 
 198      3B512BB7 
 198      B7A3
 199 030b 21FF0840 		.ascii	"!\377\010@\264^h\334^7m\334fT\377UVo\222\0327\240\363"
 199      B45E68DC 
 199      5E376DDC 
 199      6654FF55 
 199      566F921A 
 200 0322 D3019CA3 		.ascii	"\323\001\234\243\341\261\325w2\365\301\010\237\011F"
 200      E1B1D577 
 200      32F5C108 
 200      9F0946
 201 0331 B8BAF44A 		.ascii	"\270\272\364Jb&?\033\334\310\240Af\320\2548:[\207\012"
ARM GAS  /tmp/ccKIEj5p.s 			page 15


 201      62263F1B 
 201      DCC8A041 
 201      66D0AC38 
 201      3A5B870A 
 202 0345 D685D0F2 		.ascii	"\326\205\320\362\036\366\365\301\312\212\346\353 \225"
 202      1EF6F5C1 
 202      CA8AE6EB 
 202      2095
 203 0353 FCAC50F2 		.ascii	"\374\254P\362\225\247\362\207\374\232\331\355W\362s"
 203      95A7F287 
 203      FC9AD9ED 
 203      57F273
 204 0362 B4E42D52 		.ascii	"\264\344-R\311\013\216\347\225Md/\013e\351\334x\354"
 204      C90B8EE7 
 204      954D642F 
 204      0B65E9DC 
 204      78EC
 205 0374 ACD4CCC5 		.ascii	"\254\324\314\305\333\224\315\214(hU\224\275U*\273\207"
 205      DB94CD8C 
 205      28685594 
 205      BD552ABB 
 205      87
 206 0385 96FD84BB 		.ascii	"\226\375\204\273j\263\217\207@\255\256\276\266]\033"
 206      6AB38F87 
 206      40ADAEBE 
 206      B65D1B
 207 0394 9C461BA5 		.ascii	"\234F\033\245\361\273D#\257\274w\225\236\355\021h\344"
 207      F1BB4423 
 207      AFBC7795 
 207      9EED1168 
 207      E4
 208 03a5 17B5BE23 		.ascii	"\027\265\276#4^\316\016m#\357\364z_#\372\320\256 \320"
 208      345ECE0E 
 208      6D23EFF4 
 208      7A5F23FA 
 208      D0AE20D0 
 209 03b9 2E11E8A0 		.ascii	".\021\350\240\004jr\012\363\265\354\015\001\277\251"
 209      046A720A 
 209      F3B5EC0D 
 209      01BFA9
 210 03c8 A6704328 		.ascii	"\246pC(\375\006\360t\335te\344\256\201~\004&\221eO\313"
 210      FD06F074 
 210      DD7465E4 
 210      AE817E04 
 210      2691654F 
 211 03dd 9FEB74EC 		.ascii	"\237\353t\354\260\240{\257\340\332\3520\3451$\307V\246"
 211      B0A07BAF 
 211      E0DAEA30 
 211      E53124C7 
 211      56A6
 212 03ef 79C9770C 		.ascii	"y\311w\014[[n\363,\233\241\246\250v\367p\271J\211\252"
 212      5B5B6EF3 
 212      2C9BA1A6 
 212      A876F770 
 212      B94A89AA 
 213 0403 F34375FB 		.ascii	"\363Cu\373Pkw\026\366\207\261Y\002\252>w\240\313\357"
 213      506B7716 
ARM GAS  /tmp/ccKIEj5p.s 			page 16


 213      F687B159 
 213      02AA3E77 
 213      A0CBEF
 214 0416 C89FF343 		.ascii	"\310\237\363C]\361\241vn\332\\\242\241\204C(n\270\345"
 214      5DF1A176 
 214      6EDA5CA2 
 214      A1844328 
 214      6EB8E5
 215 0429 7CA812D7 		.ascii	"|\250\022\327\346\207\273&\341\264\243\243;\342 jrT"
 215      E687BB26 
 215      E1B4A3A3 
 215      3BE2206A 
 215      7254
 216 043b 5454B403 		.ascii	"TT\264\003\265\007\267\034\250z\012\213x\002\210mZ\277"
 216      B507B71C 
 216      A87A0A8B 
 216      7802886D 
 216      5ABF
 217 044d EB3059EE 		.ascii	"\3530Y\356\306\253\024\376<\3760y\264N<?[\315@'\356"
 217      C6AB14FE 
 217      3CFE3079 
 217      B44E3C3F 
 217      5BCD4027 
 218 0462 5F20FB17 		.ascii	"_ \373\027E\000\346\034\372\260so@\024\364\342\350\301"
 218      4500E61C 
 218      FAB0736F 
 218      4014F4E2 
 218      E8C1
 219 0474 F10744D1 		.ascii	"\361\007D\321\374\023?<\372PiI\324py\274\217g\211\213"
 219      FC133F3C 
 219      FA506949 
 219      D47079BC 
 219      8F67898B 
 220 0488 3DC49152 		.ascii	"=\304\221R\025)\323j\006\240\363\230.\226\000\272\002"
 220      1529D36A 
 220      06A0F398 
 220      2E9600BA 
 220      02
 221 0499 9AA5CCC9 		.ascii	"\232\245\314\311\361\351\2769#\204\3543R{\310\337\233"
 221      F1E9BE39 
 221      2384EC33 
 221      527BC8DF 
 221      9B
 222 04aa 130F1F18 		.ascii	"\023\017\037\030&\213\3219\202E\307\004\014\015\341"
 222      268BD139 
 222      8245C704 
 222      0C0DE1
 223 04b9 BFF5B438 		.ascii	"\277\365\2648\364\312\314\367+H00\340\253X\361\366\234"
 223      F4CACCF7 
 223      2B483030 
 223      E0AB58F1 
 223      F69C
 224 04cb AE09AC8B 		.ascii	"\256\011\254\213\326\231\355\311j(\016\307:\320\"tg"
 224      D699EDC9 
 224      6A280EC7 
 224      3AD02274 
 224      67
ARM GAS  /tmp/ccKIEj5p.s 			page 17


 225 04dc 5D751BF8 		.ascii	"]u\033\370\306\031D\031n\242\317\333\201\343\310\023"
 225      C6194419 
 225      6EA2CFDB 
 225      81E3C813 
 226 04ec 4F0AE128 		.ascii	"O\012\341({\270-\246\177\020\323\177K\344E#\036\213"
 226      7BB82DA6 
 226      7F10D37F 
 226      4BE44523 
 226      1E8B
 227 04fe 0B219B8F 		.ascii	"\013!\233\217E\254\032+\036<\246\207\350\311Tk\215)"
 227      45AC1A2B 
 227      1E3CA687 
 227      E8C9546B 
 227      8D29
 228 0510 0486D0C4 		.ascii	"\004\206\320\304y\371J! \372\004r\010w\320O \237\344"
 228      79F94A21 
 228      20FA0472 
 228      0877D04F 
 228      209FE4
 229 0523 A4143D2C 		.ascii	"\244\024=,\362;)C~\271\270+w\357\375\322N\3412@\231"
 229      F23B2943 
 229      7EB9B82B 
 229      77EFFDD2 
 229      4EE13240 
 230 0538 781B5475 		.ascii	"x\033Tu\326e\207*o\203w#\024\330?\351e0,]\006\255[\\"
 230      D665872A 
 230      6F837723 
 230      14D83FE9 
 230      65302C5D 
 231 0550 596AF6A4 		.ascii	"Yj\366\244ph\372\006;n\205\343m\340\300;\251\277\177"
 231      7068FA06 
 231      3B6E85E3 
 231      6DE0C03B 
 231      A9BF7F
 232 0563 86E24E42 		.ascii	"\206\342NB\024\334S\\\011\367\244+\341/z%\224\254\272"
 232      14DC535C 
 232      09F7A42B 
 232      E12F7A25 
 232      94ACBA
 233 0576 B411963F 		.ascii	"\264\021\226?\300\277w\335\205u\021\264\215\360\313"
 233      C0BF77DD 
 233      857511B4 
 233      8DF0CB
 234 0585 4B1DE454 		.ascii	"K\035\344T\234*W\323-\347\347\264m]\342F\353\310@i\210"
 234      9C2A57D3 
 234      2DE7E7B4 
 234      6D5DE246 
 234      EBC84069 
 235 059a B0B18C9E 		.ascii	"\260\261\214\236\031\217\270\261\252\241\241r\242\260"
 235      198FB8B1 
 235      AAA1A172 
 235      A2B0
 236 05a8 F135EDDE 		.ascii	"\3615\355\336\016q\243\300\263\242B\375r9\237\345\210"
 236      0E71A3C0 
 236      B3A242FD 
 236      72399FE5 
 236      88
ARM GAS  /tmp/ccKIEj5p.s 			page 18


 237 05b9 A4CD411A 		.ascii	"\244\315A\032i\004\226\323f\032\3057i\250\373\370\306"
 237      690496D3 
 237      661AC537 
 237      69A8FBF8 
 237      C6
 238 05ca A68207B0 		.ascii	"\246\202\007\260\234@\012\317\224\216h\236\331\316\237"
 238      9C400ACF 
 238      948E689E 
 238      D9CE9F
 239 05d9 71389B32 		.ascii	"q8\2332\310\207\225\306C\3217\205p|M\312\020\011\376"
 239      C88795C6 
 239      43D13785 
 239      707C4DCA 
 239      1009FE
 240 05ec 3E849719 		.ascii	">\204\227\031x\004\317 z\310y\240B3m\033\251n_\006\017"
 240      7804CF20 
 240      7AC879A0 
 240      42336D1B 
 240      A96E5F06 
 241 0601 80996484 		.ascii	"\200\231d\204\300H\350c0\015u\256|\333W\022Ju\034H9"
 241      C048E863 
 241      300D75AE 
 241      7CDB5712 
 241      4A751C48 
 242 0616 84A13A2E 		.ascii	"\204\241:.I\307Ku\312\334?\254\320\012:\331\231\222"
 242      49C74B75 
 242      CADC3FAC 
 242      D00A3AD9 
 242      9992
 243 0628 1D8FA4C3 		.ascii	"\035\217\244\303\253\210\316ugY\275\250S\340\323\351"
 243      AB88CE75 
 243      6759BDA8 
 243      53E0D3E9 
 244 0638 907456A8 		.ascii	"\220tV\250\2461Z\233\345+\263\321\256}s\336G\221s\230"
 244      A6315A9B 
 244      E52BB3D1 
 244      AE7D73DE 
 244      47917398 
 245 064c 4FB9C494 		.ascii	"O\271\304\224d3\367\205m\021\227`\261r\213L\246\230"
 245      6433F785 
 245      6D119760 
 245      B1728B4C 
 245      A698
 246 065e F8B464E9 		.ascii	"\370\264d\351\035cM\261\232c\314\361\011\226\230\027"
 246      1D634DB1 
 246      9A63CCF1 
 246      09969817 
 247 066e 8DB362E2 		.ascii	"\215\263b\342f\274\360\322\342\231\\\222%\201(p~\012"
 247      66BCF0D2 
 247      E2995C92 
 247      25812870 
 247      7E0A
 248 0680 DC8BB1B3 		.ascii	"\334\213\261\263bgr\026\253))}\241\231\263\331\027."
 248      62677216 
 248      AB29297D 
 248      A199B3D9 
 248      172E
ARM GAS  /tmp/ccKIEj5p.s 			page 19


 249 0692 347F169B 		.ascii	"4\177\026\233\310\350\322-V\373\253F{\250\321(\316\022"
 249      C8E8D22D 
 249      56FBAB46 
 249      7BA8D128 
 249      CE12
 250 06a4 FE834B7F 		.ascii	"\376\203K\177W\222\223\344xS\242\305j\346\214\350*>"
 250      579293E4 
 250      7853A2C5 
 250      6AE68CE8 
 250      2A3E
 251 06b6 3DC96EB4 		.ascii	"=\311n\264/K5\333\320\351\202\377\315\205m\231\2153"
 251      2F4B35DB 
 251      D0E982FF 
 251      CD856D99 
 251      8D33
 252 06c8 6230481D 		.ascii	"b0H\035\355j\227\244Y\354f\333+\3506\301\222b\303\215"
 252      ED6A97A4 
 252      59EC66DB 
 252      2BE836C1 
 252      9262C38D 
 253 06dc F8842473 		.ascii	"\370\204$s\314\013\257\306\306\305.\345Rl\\b|\022M\217"
 253      CC0BAFC6 
 253      C6C52EE5 
 253      526C5C62 
 253      7C124D8F 
 254 06f0 CD9E668E 		.ascii	"\315\236f\216O\266q\326\364\244$q\036kb48Yh\323$\333"
 254      4FB671D6 
 254      F4A42471 
 254      1E6B6234 
 254      385968D3 
 255 0706 1619ED3A 		.ascii	"\026\031\355:\26483\216\346E\234\275\021\324\252)%9"
 255      B438338E 
 255      E6459CBD 
 255      11D4AA29 
 255      2539
 256 0718 39C5CAA5 		.ascii	"9\305\312\245\246\244\331m\334\353\357\317\2353w)\221"
 256      A6A4D96D 
 256      DCEBEFCF 
 256      9D337729 
 256      91
 257 0729 A55A92CC 		.ascii	"\245Z\222\314i6\356\3159s8S\242\024:\233\232ng\027\231"
 257      6936EECD 
 257      39733853 
 257      A2143A9B 
 257      9A6E6717 
 258 073e EDFA79E8 		.ascii	"\355\372y\350\372\003\352z\202<\375x\356\207\032\032"
 258      FA03EA7A 
 258      823CFD78 
 258      EE871A1A 
 259 074e 839A50F9 		.ascii	"\203\232P\371oq\240\217/\223\355\341D4?\341s\263\311"
 259      6F71A08F 
 259      2F93EDE1 
 259      44343FE1 
 259      73B3C9
 260 0761 FEB6D562 		.ascii	"\376\266\325b\377\033gtTj"
 260      FF1B6774 
 260      546A
ARM GAS  /tmp/ccKIEj5p.s 			page 20


 261              		.text
 262              		.section	.gnu.lto_.symtab.fd871f27fc24de99,"",%progbits
 263 0000 6E756C6C 		.ascii	"nullObjectInit\000\000\000\000\000\000\000\000\000\000"
 263      4F626A65 
 263      6374496E 
 263      69740000 
 263      00000000 
 264 0018 0000F700 		.ascii	"\000\000\367\000\000\000"
 264      0000
 265              		.text
 266              		.section	.gnu.lto_.opts,"",%progbits
 267 0000 272D666E 		.ascii	"'-fno-trapv' '-fno-strict-overflow' '-mcpu=cortex-m"
 267      6F2D7472 
 267      61707627 
 267      20272D66 
 267      6E6F2D73 
 268 0033 34272027 		.ascii	"4' '-mfloat-abi=hard' '-mfpu=fpv4-sp-d16' '-mno-thu"
 268      2D6D666C 
 268      6F61742D 
 268      6162693D 
 268      68617264 
 269 0066 6D622D69 		.ascii	"mb-interwork' '-mthumb' '-ggdb' '-O0' '-fomit-frame"
 269      6E746572 
 269      776F726B 
 269      2720272D 
 269      6D746875 
 270 0099 2D706F69 		.ascii	"-pointer' '-falign-functions=16' '-ffunction-sectio"
 270      6E746572 
 270      2720272D 
 270      66616C69 
 270      676E2D66 
 271 00cc 6E732720 		.ascii	"ns' '-fdata-sections' '-fno-common' '-flto' '-fsing"
 271      272D6664 
 271      6174612D 
 271      73656374 
 271      696F6E73 
 272 00ff 6C652D70 		.ascii	"le-precision-constant'\000"
 272      72656369 
 272      73696F6E 
 272      2D636F6E 
 272      7374616E 
 273              		.text
 274              		.comm	__gnu_lto_v1,1,1
 275              		.comm	__gnu_lto_slim,1,1
 276              		.ident	"GCC: (GNU Tools for ARM Embedded Processors) 4.9.3 20150529 (release) [ARM/embedded-4_9-br
ARM GAS  /tmp/ccKIEj5p.s 			page 21


DEFINED SYMBOLS
                            *ABS*:00000000 nullstreams.c
                            *COM*:00000001 __gnu_lto_v1
                            *COM*:00000001 __gnu_lto_slim

NO UNDEFINED SYMBOLS
