ARM GAS  /tmp/ccBcM8Ce.s 			page 1


   1              		.cpu cortex-m4
   2              		.eabi_attribute 27, 1
   3              		.eabi_attribute 20, 1
   4              		.eabi_attribute 21, 1
   5              		.eabi_attribute 23, 3
   6              		.eabi_attribute 24, 1
   7              		.eabi_attribute 25, 1
   8              		.eabi_attribute 26, 1
   9              		.eabi_attribute 30, 6
  10              		.eabi_attribute 34, 1
  11              		.eabi_attribute 18, 4
  12              		.file	"nvic.c"
  13              		.text
  14              	.Ltext0:
  15              		.section	.gnu.lto_.inline.109ed9448c6c05f8,"",%progbits
  16 0000 789C6365 		.ascii	"x\234ce`b\360f@\000\026\006\006^\036\006\006&\261\003"
  16      6062F066 
  16      40001606 
  16      065E1E06 
  16      0626B103 
  17 0014 BB19811C 		.ascii	"\273\031\201\034&\220\030#\003\007;P\210gC.L\204\211"
  17      26901823 
  17      03073B50 
  17      8867432E 
  17      4C8489
  18 0027 8115A890 		.ascii	"\201\025\250\220\211\355\200\035L\204\231\201\235\015"
  18      89ED801D 
  18      4C849981 
  18      9D0D
  19 0035 28C2F520 		.ascii	"(\302\365 \026&\302\000\000\366\350\005\301"
  19      1626C200 
  19      00F6E805 
  19      C1
  20              		.text
  21              		.section	.gnu.lto_nvicEnableVector.109ed9448c6c05f8,"",%progbits
  22 0000 789C9593 		.ascii	"x\234\225\223\313O\023Q\024\306\357\231;}\321v &.L\032"
  22      CB4F1351 
  22      14C6EF99 
  22      3B7DD176 
  22      20262E4C 
  23 0015 6121212C 		.ascii	"a!!,dD7$\306\005q\315\306\177\300@cB\023h\011%\310\216"
  23      64443724 
  23      C60571CD 
  23      C67FC040 
  23      63421368 
  24 002d A1C52248 		.ascii	"\241\305\"H4\221G)\261\031\210( \217\002\202\002\276"
  24      34914729 
  24      B1198828 
  24      208F0282 
  24      02BE
  25 003f 4A41B146 		.ascii	"JA\261F%\032\243\013]\030!*\013\0144&\262\200\342\271"
  25      251AA30B 
  25      5D18212A 
  25      0B0C3426 
  25      B280E2B9 
  26 0053 778A2119 		.ascii	"w\212!\031\212\241\311\334\314=\367w\316|\337\3559\006"
  26      8AA1C9DC 
ARM GAS  /tmp/ccBcM8Ce.s 			page 2


  26      CC3DF777 
  26      CE7CDFED 
  26      3906
  27 0065 22902503 		.ascii	"\"\220%\003!\305\204\220\243\370\020J@ \370\000\340"
  27      21C58490 
  27      A3F8104A 
  27      4020F800 
  27      E0
  28 0076 0648BD00 		.ascii	"\006H\275\000\365p\203\006)\304\232\276\317\010\371"
  28      F5708306 
  28      29C49ABE 
  28      CF08F9
  29 0085 FD0AFEA2 		.ascii	"\375\012\376\242\301\3041e \012*%$D\011\377A?\344#\365"
  29      C1C43165 
  29      200A2A25 
  29      244409FF 
  29      413FE423 
  30 009a AE71EC16 		.ascii	"\256q\354\026\275NU\012 \342v\343M\367\262\304\266\002"
  30      BD4E550A 
  30      20E276E3 
  30      4DF7B2C4 
  30      B602
  31 00ac E4E0765B 		.ascii	"\344\340v[i\357\224\350Y \370\036\212u|\266\347\335"
  31      69EF94E8 
  31      5920F81E 
  31      8A757CB6 
  31      E7DD
  32 00be 51149F12 		.ascii	"Q\024\237\022]h\247\312\011\225R\270\007\024\013\302"
  32      5D68A7CA 
  32      099552B8 
  32      07140BC2 
  33 00ce 20386000 		.ascii	" 8`\000\034\004C\004\206 \017\361!\337\2175J\317\361"
  33      1C044304 
  33      86200FF1 
  33      21DF8F35 
  33      4ACFF1
  34 00e1 D4E6F8F6 		.ascii	"\324\346\370\366\262)\225\272\322\221J\035\336'u\004"
  34      B22995BA 
  34      D2914A1D 
  34      DE277504 
  35 00f1 F218FF6D 		.ascii	"\362\030\377m<\331a7\212\232V\030\005#z\263b<\330;\265"
  35      3CD96137 
  35      8A9A5618 
  35      05237AB3 
  35      623CD83B 
  36 0106 69CDBDCD 		.ascii	"i\315\275\315\353$/\207\006\242\2159*\345\330\2772\334"
  36      EB242F87 
  36      06A28D39 
  36      2AE5D8BF 
  36      32DC
  37 0118 5A047291 		.ascii	"Z\004r\221\236H\316\215\030R\364\353\204\017|\255\212"
  37      9E48CE8D 
  37      1852F4EB 
  37      840F7CAD 
  37      8A
  38 0129 A05203C7 		.ascii	"\240R\003\307\3178\340T\012\036\323\301\323sB\227\""
  38      CF38E054 
ARM GAS  /tmp/ccBcM8Ce.s 			page 3


  38      0A1ED3C1 
  38      D3734297 
  38      22
  39 013a EE838E73 		.ascii	"\356\203\216st\257\212\267]Rz\031\023\034\017\215\177"
  39      74AF8AB7 
  39      5D527A19 
  39      131C0F8D 
  39      7F
  40 014b DDD8ADBC 		.ascii	"\335\330\255\274p\323\017\276>&\303\250\307\357\353"
  40      70D30FBE 
  40      3E26C3A8 
  40      C7EFEB
  41 015a F00FED07 		.ascii	"\360\017\355\007\340\223:|\245m\0277\351\361)\235\366"
  41      E0933A7C 
  41      A56D1737 
  41      E9F1299D 
  41      F6
  42 016b 8F07697F 		.ascii	"\217\007i\177p8\355\017\017\247}\372p\332g 7\362\036"
  42      7038ED0F 
  42      0FA77DFA 
  42      70DA6720 
  42      37F21E
  43 017e A24A72A7 		.ascii	"\242Jr\247\011\257\274\037\356FZ\341\010`\313\210\330"
  43      09AFBC1F 
  43      EE465AE1 
  43      0860CB88 
  43      D8
  44 018f F6D83314 		.ascii	"\366\3303\024_\015\"[\214\300\332\317\314\216,\270\030"
  44      5F0D225B 
  44      8CC0DACF 
  44      CC8E2CB8 
  44      18
  45 01a0 33D862C5 		.ascii	"3\330b\305\305dg1\211m3\331\222\305b\204\264\360i\270"
  45      C5646731 
  45      896D33D9 
  45      92C56284 
  45      B4F069B8 
  46 01b4 467184E8 		.ascii	"Fq\204\350*\370~\377\334\221X\277\205\361\246(L\366"
  46      2AF87EFF 
  46      DC9158BF 
  46      85F1A628 
  46      4CF6
  47 01c6 FEDAB4B1 		.ascii	"\376\332\264\261a\020A\211\371\025\011fQ\020R\211\246"
  47      61104189 
  47      F9150966 
  47      51105289 
  47      A6
  48 01d7 9041A368 		.ascii	"\220A\243h\0303W\301\277\036\000- bl\357T\231@\204G"
  48      183357C1 
  48      BF1E002D 
  48      20626CEF 
  48      54994084 
  49 01ec 3C2BD619 		.ascii	"<+\326\031\317f\014\236v^\211-\231\264\272\254\333\377"
  49      CF660C9E 
  49      765E892D 
  49      99B4BAAC 
  49      DBFF
ARM GAS  /tmp/ccBcM8Ce.s 			page 4


  50 01fe 2CBEBA6A 		.ascii	",\276\272jS!\334\200\223\332s\\\245f\374:<f\336\361"
  50      5321DC80 
  50      93DA735C 
  50      A566FC3A 
  50      3C66DEF1 
  51 0212 F0532231 		.ascii	"\360S\"1o\223G\224\306\006\005\377(\013<\001\025\272"
  51      6F934794 
  51      C60605FF 
  51      280B3C01 
  51      15BA
  52 0224 B8683C1C 		.ascii	"\270h<\034\356\016~\221\012#\354\260\307\255\322\014"
  52      EE0E7E91 
  52      0A23ECB0 
  52      C7ADD20C 
  53 0234 780A7218 		.ascii	"x\012r\030\357\233\335\3313(D9\204\233j^N\3113\247,"
  53      EF9BDDD9 
  53      33284439 
  53      849B6A5E 
  53      4EC933A7 
  54 0249 F81381E6 		.ascii	"\370\023\201\346\224\005\013&`\251x\337\354\226MSl\200"
  54      94050B26 
  54      60A978DF 
  54      EC964D53 
  54      6C80
  55 025b A8066D05 		.ascii	"\250\006m\005\006-\032\224\241Am}\2433v\006\031!\033"
  55      062D1A94 
  55      A1416D7D 
  55      A3337606 
  55      19211B
  56 026e E634683D 		.ascii	"\3464h=\0207i\020\233\320\311\205\305\200Y+\003\020"
  56      10376910 
  56      9BD0C985 
  56      C580592B 
  56      0310
  57 0280 0307A66A 		.ascii	"\003\007\246j\336\345\224\367}\314\232\323\230\265\302"
  57      DEE594F7 
  57      7DCC9AD3 
  57      98B5C2
  58 028f 3C370B7A 		.ascii	"<7\013z\263\265*\265\301\0023k\341f\2373\263V\315l\313"
  58      B3B52AB5 
  58      C102336B 
  58      E1669F33 
  58      B356CD6C 
  59 02a4 AE59BBDE 		.ascii	"\256Y\273\336\254\204>\364\3562YTg'K\323\237\371_\375"
  59      AC843EF4 
  59      EE325954 
  59      67274BD3 
  59      9FF95FFD 
  60 02b8 F6B4FA5F 		.ascii	"\366\264\372_p\375B\032\375\213L\277\304\365\277d\372"
  60      70FD421A 
  60      FD8B4CBF 
  60      C4F5BF64 
  60      FA
  61 02c9 B3C81AF8 		.ascii	"\263\310\032\370z\260\265\331\247x\343\2670\357\230"
  61      7AB0B5D9 
  61      A778E3B7 
  61      30EF98
ARM GAS  /tmp/ccBcM8Ce.s 			page 5


  62 02d8 5EE42C77 		.ascii	"^\344,w\225\271<\336\213\336\232\322\262\212K'\013\213"
  62      95B93CDE 
  62      8BDE9AD2 
  62      B28A4B27 
  62      0B8B
  63 02ea 0A4E17D4 		.ascii	"\012N\027\324\311\036\257\\^Z!Wy\252k\274\262\323SY"
  63      C91EAF5C 
  63      5E5A2157 
  63      79AA6BBC 
  63      B2D35359 
  64 02fe E971CBC5 		.ascii	"\351q\313\305\027J\316\227\324\311\356Z\227\263\300"
  64      174ACE97 
  64      D4C9EE5A 
  64      97B3C0
  65 030d 49C02D56 		.ascii	"I\300-VU\273<\177\001\376)\335>"
  65      55BB3C7F 
  65      01FE29DD 
  65      3E
  66              		.text
  67              		.section	.gnu.lto_nvicDisableVector.109ed9448c6c05f8,"",%progbits
  68 0000 789C7D92 		.ascii	"x\234}\222\337K\223Q\030\307\317\367={\267\371k\320"
  68      DF4B9351 
  68      18C7CFF7 
  68      3D7BB7F9 
  68      6BD0
  69 0012 455020E9 		.ascii	"EP \351E\"^\264\227u%\324Mt\355M\377@\350\010\024t\213"
  69      45225EB4 
  69      977525D4 
  69      4D74ED4D 
  69      FF40E808 
  70 0029 26E69DC7 		.ascii	"&\346\235\307Mg\031\025\344\217\265\341x'-\234\371\273"
  70      4D671915 
  70      E48FB5E1 
  70      78272D9C 
  70      F9BB
  71 003b 66A5158C 		.ascii	"f\245\025\214%\331\302\210\302\352\242.\"C\362\242\310"
  71      25D9C288 
  71      C2EAA22E 
  71      2243F2A2 
  71      C8
  72 004c 21E48559 		.ascii	"!\344\205Y\3179\257\206\260\362\300y9\3179\237\363|"
  72      CF39AF86 
  72      B0F2C079 
  72      39CF399F 
  72      F37C
  73 005e BFE7795E 		.ascii	"\277\347y^\235i\354\"g\354$c\354 M\306\0314F\023\240"
  73      9D69EC22 
  73      67EC2463 
  73      EC204DC6 
  73      19344613 
  74 0073 00AC4343 		.ascii	"\000\254CC\007\256\363\010G\266guN\253\031\02142\221"
  74      07AEF308 
  74      47B66775 
  74      4EAB1911 
  74      343291
  75 0086 B43D2CBA 		.ascii	"\264=,\272\017\231t1\312\231\032\030A\015Q\257\273\246"
  75      0F997431 
ARM GAS  /tmp/ccBcM8Ce.s 			page 6


  75      CA991A18 
  75      410D51AF 
  75      BBA6
  76 0098 87F8356E 		.ascii	"\207\3705nr\300F\341\372\313\330\212K\206\032*)\374"
  76      72C046E1 
  76      FACBD88A 
  76      4B861A2A 
  76      29FC
  77 00aa 25FA075D 		.ascii	"%\372\007]\374\004\030\255\243\331\201\017e\325\267"
  77      FC0418AD 
  77      A3D9810F 
  77      65D5B7
  78 00b9 85088ACC 		.ascii	"\205\010\212\314R?\027GM\316q\007\234\022b\024\345H"
  78      523F1747 
  78      4DCE7107 
  78      9C126214 
  78      E548
  79 00cb A19CD116 		.ascii	"\241\234\321\026\303\030\252%\377yf{\240\314n\263\004"
  79      C318AA25 
  79      FF79667B 
  79      A0CC6EB3 
  79      04
  80 00dc 310E3B19 		.ascii	"1\016;\031\324i?2<\273YRuK\345Y\215\272\242\251LW\245"
  80      D4693F32 
  80      3CBB5952 
  80      754BE559 
  80      8DBAA2A9 
  81 00f3 C915F737 		.ascii	"\311\025\3677\21728\201*);\363i]\337\301\027n\204\020"
  81      8F323881 
  81      2A293BF3 
  81      695DDFC1 
  81      176E8410 
  82 0107 4C0ACDE4 		.ascii	"L\012\315\344z!>Y\200/\367\357\203O\025\340_\372vq{"
  82      7A213E59 
  82      802FF7EF 
  82      834F15E0 
  82      5FFA7671 
  83 011c 213EADF0 		.ascii	"!>\255\360\275\336\237\305\366\361>\203\252\2517\310"
  83      BDDE9FC5 
  83      F6F13E83 
  83      AAA937C8 
  84 012c 88EDDF3D 		.ascii	"\210\355\337=\"\363\356\360R\372\355\201bPyl\324'\252"
  84      22F3EEF0 
  84      52FAED81 
  84      6250796C 
  84      D427AA
  85 013f 0FA7A56E 		.ascii	"\017\247\245n\223\037\235>v\247<a\254W\265\346\012\247"
  85      931F9D3E 
  85      76A73C61 
  85      AC57B5E6 
  85      0AA7
  86 0151 7EF23504 		.ascii	"~\3625\0047\276\016\255@\026.N\302\034\351\341\357\233"
  86      37BE0EAD 
  86      40162E4E 
  86      C21CE9E1 
  86      EF9B
  87 0163 A5B23536 		.ascii	"\245\26256\210lH\270p\227\304\326\020\312\207/\353\026"
ARM GAS  /tmp/ccBcM8Ce.s 			page 7


  87      886C48B8 
  87      7097C4D6 
  87      10CA872F 
  87      EB16
  88 0175 C5E35C23 		.ascii	"\305\343\\#0\227\234\337R\240\035:\356Y\320Vx\264\310"
  88      30979CDF 
  88      52A01D3A 
  88      EE59D056 
  88      78B4C8
  89 0188 826C16D4 		.ascii	"\202l\026\324\227\234\234+\223\220\216\012\244-\350"
  89      979C9C2B 
  89      93908E0A 
  89      A42DE8
  90 0197 4738E7B0 		.ascii	"G8\347\260 \331\247\364\302b\330i\245\001fQNW\011\312"
  90      20D9A7F4 
  90      C262D869 
  90      A5016651 
  90      4E5709CA 
  91 01ab 0EE60CC9 		.ascii	"\016\346\014\311\0200\330\235}\345\260\014\311~\377"
  91      1030D89D 
  91      7DE5B00C 
  91      C97EFF
  92 01ba 5C7C71A9 		.ascii	"\\|q\251\324D\274\223~\270\304\021\223;\3106\356\313"
  92      D444BC93 
  92      7EB8C411 
  92      933BC836 
  92      EECB
  93 01cc 82D0E1FB 		.ascii	"\202\320\341\373|\376i\2511!\272:\005\025\314\211\007"
  93      7CFE69A9 
  93      3121BA3A 
  93      0515CC89 
  93      07
  94 01dd 3071533D 		.ascii	"0qS=\227\016\307c\221\217.\317\224<L\264\231\274\010"
  94      970EC763 
  94      918F2ECF 
  94      943C4CB4 
  94      99BC08
  95 01f0 0F61D06B 		.ascii	"\017a\320kT!\347\340!;L\225#\265[\016\347\316\333\263"
  95      5421E7E0 
  95      213B4C95 
  95      23B55B0E 
  95      E7CEDBB3 
  96 0204 1BCF2B76 		.ascii	"\033\317+v\314\374C\335\371\037\365b\314+u\024\252\373"
  96      CCFC43DD 
  96      F91FF562 
  96      CC2B7514 
  96      AAFB
  97 0216 4C5E8247 		.ascii	"L^\202GR]S\352\217\341\331\373\320\0220<\241\234\337"
  97      525D53EA 
  97      8FE1D9FB 
  97      D012303C 
  97      A19CDF
  98 0229 104C8C5D 		.ascii	"\020L\214]UfT\273{e.\272Q\353mljh\362\007\316\006Z\353"
  98      556654BB 
  98      7B652EBA 
  98      51EB6D6C 
  98      6A68F207 
ARM GAS  /tmp/ccBcM8Ce.s 			page 8


  99 0241 1B9ACF1D 		.ascii	"\033\232\317\035\363\324\272\217\273\333\015\177\300"
  99      F3D4BA8F 
  99      BBDB0D7F 
  99      C0
 100 024e 68AC6F36 		.ascii	"h\254o6\316\373/\264\006\014\257\277\245\305\3573N\235"
 100      CEFB2FB4 
 100      060CAFBF 
 100      A5C5EF33 
 100      4E9D
 101 0260 A93B5DD7 		.ascii	"\251;]\327n\370\332\232\274n/\203\357\017\021E%\330"
 101      6EF8DA9A 
 101      BC6E2F83 
 101      EF0F1145 
 101      25D8
 102              		.text
 103              		.section	.gnu.lto_nvicSetSystemHandlerPriority.109ed9448c6c05f8,"",%progbits
 104 0000 789C6D92 		.ascii	"x\234m\222\315k\023Q\024\305\337\231;3\211X\273\026"
 104      CD6B1351 
 104      14C5DF99 
 104      3B338958 
 104      BB16
 105 0012 CDA20B43 		.ascii	"\315\242\013C\350\242\031\253\233\202+\351\302U7\376"
 105      E8A219AB 
 105      9B822BE9 
 105      C25537FE 
 106 0022 0392C642 		.ascii	"\003\222\306B\002i\2464E\272\353K\372\021\255\245\012"
 106      0269A634 
 106      45BAEB4B 
 106      FA11ADA5 
 106      0A
 107 0033 DAA62D09 		.ascii	"\332\246-\011\023)\322j\033\323V\253\026\213\244\311"
 107      1329D26A 
 107      1BD356AB 
 107      168BA4C9 
 108 0043 42228AE8 		.ascii	"B\"\212\350BA\\\331R\355\"\240!\370\001Z\2753\215P\260"
 108      42415CD9 
 108      52ED22A0 
 108      21F8015A 
 108      BD338D50 
 109 0058 0F6678F7 		.ascii	"\017fx\367\335\337\275s\317y\243\011E\\W\2048'\204\360"
 109      DDDFBD73 
 109      CF79A309 
 109      455C5784 
 109      382784F0 
 110 006c F0235401 		.ascii	"\360#T\001\016\241\200\370M\000\037A\014(\204\001\\"
 110      0EA180F8 
 110      4D001F41 
 110      0C288401 
 110      5C
 111 007d A314A198 		.ascii	"\243\024\241\230\334^S\232\347$\257B\252\246\217\310"
 111      DC5E539A 
 111      E724AF42 
 111      AAA68FC8 
 112 008d E1A316A3 		.ascii	"\341\243\026\243\323$\234\205943\365zh)M\343dq\003\225"
 112      D3249C85 
 112      393433F5 
 112      7A68294D 
ARM GAS  /tmp/ccBcM8Ce.s 			page 9


 112      E3647103 
 113 00a2 C3AF2F67 		.ascii	"\303\257/g6\033\355PA\023\207\2037\236\256\273\351\014"
 113      361BED50 
 113      41138783 
 113      379EAEBB 
 113      E90C
 114 00b4 04EF2BB2 		.ascii	"\004\357+\262\034\327}\267\245L\310\302\326\004\311"
 114      1CD77DB7 
 114      A54CC8C2 
 114      D604C9
 115 00c3 131611EE 		.ascii	"\023\026\021\356\202\270!\356\300\203yx\004\037\011"
 115      82B821EE 
 115      C0837978 
 115      041F09
 116 00d2 2CC0C7F8 		.ascii	",\300\307\370B\342S\205\250\335)\275R\376\275\351\252"
 116      42E25385 
 116      A8DD29BD 
 116      52FEBDE9 
 116      AA
 117 00e3 97D652F5 		.ascii	"\227\326R\365\322\305\003Js\360\331\374\307\345\335"
 117      D2C5034A 
 117      73F0D9FC 
 117      C7E5DD
 118 00f2 8923BA3A 		.ascii	"\211#\272:\373o\\\334\203\316\372\354\001S\267V\177"
 118      FB6F5CDC 
 118      83CEFAEC 
 118      0153B756 
 118      7F
 119 0103 1CF6CE3A 		.ascii	"\034\366\316:\255\266\323\015\323\363\205\241&\213T"
 119      ADB6D30D 
 119      D3F385A1 
 119      268B54
 120 0112 B1BF9523 		.ascii	"\261\277\225#/\017/\343+\273\0339\255\216\377\252&\220"
 120      2F0F2FE3 
 120      2BBB1B39 
 120      AD8EFFAA 
 120      2690
 121 0124 18938A45 		.ascii	"\030\223\212E\232\203\237\366\340d\035^\372\017~\274"
 121      9A839FF6 
 121      E0641D5E 
 121      FA0F7EBC 
 122 0134 A14C49F5 		.ascii	"\241LI\365\000t\031^\236+\377\006\005\271\373')\013"
 122      0074195E 
 122      9E2BFF06 
 122      05B9FB27 
 122      290B
 123 0146 6F8F8F95 		.ascii	"o\217\217\225\276\245\0257X\201\252\300\226@\274\325"
 123      BEA51537 
 123      5881AAC0 
 123      9640BCD5 
 124 0156 54FBA5C3 		.ascii	"T\373\245\303vC\210Q\307\364Q\342\013\243\253,T\320"
 124      76438851 
 124      C7F451E2 
 124      0BA3AB2C 
 124      54D0
 125 0168 0E12B5CF 		.ascii	"\016\022\265\317/J\260\245eX\026!\276\266~S\263\255"
 125      2F4AB0A5 
ARM GAS  /tmp/ccBcM8Ce.s 			page 10


 125      65581621 
 125      BEB67E53 
 125      B3AD
 126 017a 5721DF0F 		.ascii	"W!\337\017\312F\254\260\024\306\252\311\237\332\036"
 126      CA46ACB0 
 126      14C6AAC9 
 126      9FDA1E
 127 0189 45196EB0 		.ascii	"E\031n\260\203\301/#\3652\225\317\366\337\241\016\025"
 127      83C12F23 
 127      F53295CF 
 127      F6DFA10E 
 127      15
 128 019a F79DAAE2 		.ascii	"\367\235\252\342d\271\305f8;9\\|\345\332\353k{\373\375"
 128      64B9C566 
 128      383B395C 
 128      7CE5DAEB 
 128      6B7BFBFD 
 129 01ae D9F3CB0D 		.ascii	"\331\363\313\015\0262q\376/\262\307,r\361\327\361\300"
 129      163271FE 
 129      2FB2C72C 
 129      72F1D7F1 
 129      C0
 130 01bf 768D93EF 		.ascii	"v\215\223\357\252\325R\203\221\223Cq\311\256\272\261"
 130      AAD55283 
 130      91934371 
 130      C9AEBAB1 
 131 01cf 0A0B53CE 		.ascii	"\012\013S\316\354\234\\\234I}hl\315\333\311l\324\242"
 131      EC9C5C9C 
 131      497D686C 
 131      CDDBC96C 
 131      D4A2
 132 01e1 43780823 		.ascii	"Cx\010#C\272\343\312#\264\3628\242\202D\366\311\270"
 132      43BAE3CA 
 132      23B4F238 
 132      A28244F6 
 132      C9B8
 133 01f3 339DD853 		.ascii	"3\235\330S\314\327\306\242\333\202\241pg\330\214]\210"
 133      CCD7C6A2 
 133      DB82A170 
 133      67D88C5D 
 133      88
 134 0204 F5053A23 		.ascii	"\365\005:#]-\255m\376S\376~\303\214\031\241@\304\350"
 134      5D2DAD6D 
 134      FE53FE7E 
 134      C38C19A1 
 134      40C4E8
 135 0217 317BFB62 		.ascii	"1{\373bF\320\354\3566\243\306\331\363\035\355\035\375"
 135      46D0ECEE 
 135      36A3C6D9 
 135      F31DED1D 
 135      FD
 136 0228 46F45238 		.ascii	"F\364R8\350\017\012W(\020\275\030\351\352U{z\303\346"
 136      E80F0A57 
 136      2810BD18 
 136      E9EA557B 
 136      7AC3E6
 137 023b 5FEC14DE 		.ascii	"_\354\024\336<"
ARM GAS  /tmp/ccBcM8Ce.s 			page 11


 137      3C
 138              		.text
 139              		.section	.gnu.lto_nvicClearPending.109ed9448c6c05f8,"",%progbits
 140 0000 789C7D92 		.ascii	"x\234}\222\337KSa\030\307\337\357y\317\331\032m\203"
 140      DF4B5361 
 140      18C7DFEF 
 140      79CFD91A 
 140      6D83
 141 0012 2E822E56 		.ascii	".\202.Vy\321\020\211vXWB\335D\327\336\364\017\204\216"
 141      79D11089 
 141      76585742 
 141      DD44D7DE 
 141      F40F848E 
 142 0026 C0816ED1 		.ascii	"\300\201n\321D\274\363u\233[\032$\344\334\2324\316\304"
 142      44BCF375 
 142      9B5B1A24 
 142      E4DC9A34 
 142      CEC4
 143 0038 855AEA5C 		.ascii	"\205Z\352\\\315J\257\346\022\322\"\242\010\272((\022"
 143      CD4AAFE6 
 143      12D222A2 
 143      08BA2828 
 143      12
 144 0049 422F941C 		.ascii	"B/\224\034B^\330\352y\317\261n\026\275p^\236\037\037"
 144      425ED8EA 
 144      79CFB16E 
 144      16BD705E 
 144      9E1F1F
 145 005c 9EE779BF 		.ascii	"\236\347y\277\317\321\230\3026\025\306.2\306\216\323"
 145      CFD198C2 
 145      3615C62E 
 145      32C68ED3 
 146 006c C73803B9 		.ascii	"\3078\003\271P\000r\300\372\025\364c\204g8\252\311o"
 146      500072C0 
 146      FA15F463 
 146      846738AA 
 146      C96F
 147 007e 4B4ACB94 		.ascii	"KJ\313\224\240S\311,\333\023b\360\204\301\031\313rf"
 147      A053C92C 
 147      DB1362F0 
 147      84C119CB 
 147      7266
 148 0090 1E4CA185 		.ascii	"\036L\241\205\250\267\361\205{\374678\240\222\273\373"
 148      A8B7F185 
 148      7BFC3637 
 148      38A092BB 
 148      FB
 149 00a1 7A7CC32D 		.ascii	"z|\303-]\005M\344\376\024\251\264\233_\000#;[\035\373"
 149      5D054DE4 
 149      FE14A9B4 
 149      9B5F0023 
 149      3B5B1DFB 
 150 00b5 E86ABE2F 		.ascii	"\350j\276/DTTVS\\\23418\307\003p*\210\031x0\015\017"
 150      44545456 
 150      535C9C31 
 150      38C70370 
 150      2A881978 
ARM GAS  /tmp/ccBcM8Ce.s 			page 12


 151 00cc A310C343 		.ascii	"\243\020\303C4K\376k\251>\346\262\251VC\314\302F\003"
 151      344BFE6B 
 151      A93EE6B2 
 151      A95643CC 
 151      C24603
 152 00df 6A14CF4C 		.ascii	"j\024\317L,\356\037\365N\232u\3529wv\272\022o2\270\311"
 152      2CEE1FF5 
 152      4E9A75EA 
 152      397776BA 
 152      126F32B8 
 153 00f4 FDAD630E 		.ascii	"\375\255c\0168\007\257l[\372\262\253\035\342\253wb\210"
 153      3807AF6C 
 153      5BFAB2AB 
 153      1DE2AB77 
 153      6288
 154 0106 16846270 		.ascii	"\026\204bp\255\021\237o\304S\377\301\213&\276]Z\311"
 154      AD119F6F 
 154      C453FFC1 
 154      8B26BE5D 
 154      5AC9
 155 0118 B9244E22 		.ascii	"\271$N\"\275\037\375\203\333\032\361\205\206\352k+\312"
 155      BD1FFD83 
 155      DB1AF185 
 155      86EA6B2B 
 155      CA
 156 0129 9A50FF59 		.ascii	"\232P\377Y\273\004o\361\035*\242\376+)*;'_\225\367\216"
 156      BB046FF1 
 156      1D2AA2FE 
 156      2B292A3B 
 156      275F95F7 
 157 013e 3940E2A8 		.ascii	"9@\342\250\264%R\207\223\251\251\362\322\350\262\331"
 157      B4255287 
 157      93A9A9F2 
 157      D2E8B2D9 
 158 014e A4C5D8B0 		.ascii	"\244\305\330\260\271\230[\234\266\311\267\020\335\333"
 158      B9985B9C 
 158      B6C9B710 
 158      DDDB
 159 015c FCBC0129 		.ascii	"\374\274\001)[\216$\343(O\354\354;\345bT\210jL\270\361"
 159      5B8E24E3 
 159      284FECEC 
 159      3BE56254 
 159      886A4CB8 
 160 0171 889A6D21 		.ascii	"\210\232m!VK\014i\026\305s\\!p\275\260|`\2026hxlA\007"
 160      564B0C69 
 160      16C5735C 
 160      2170BDB0 
 160      7C608236 
 161 018a 89218705 		.ascii	"\211!\207\005\251\0264Z\230_rIH\303i\224-\350{b\306"
 161      A916345A 
 161      985F7249 
 161      48C36994 
 161      2DE87B62 
 162 019f 6E411ACE 		.ascii	"nA\032\316z\010\245`\264\226<\234A\206)PM\257\373d\200"
 162      7A08A560 
 162      B4963C9C 
 162      41862950 
ARM GAS  /tmp/ccBcM8Ce.s 			page 13


 162      4DAFFB64 
 163 01b4 6AA407AB 		.ascii	"j\244\007\253o\354\326Dr\335?^\274\274\3514\220\033"
 163      6FECD644 
 163      72DD3F5E 
 163      BCBCE934 
 163      901B
 164 01c6 2029F3A7 		.ascii	" )\363\247\014n\247\271\261(\025\241\344\207Z\355\271"
 164      0C6EA7B9 
 164      B12815A1 
 164      E4875AED 
 164      B9
 165 01d7 539F13F1 		.ascii	"S\237\023\361\001A\273>\202'0p\327|/%g\3073\237\334"
 165      0141BB3E 
 165      82273070 
 165      D77C2F25 
 165      67C7339F 
 166 01ec FEA24CE6 		.ascii	"\376\242L\346{\015\356\300S\350\364\034S\311g\360So"
 166      7B0DEEC0 
 166      53E8F41C 
 166      53C967F0 
 166      536F
 167 01fe B68D687E 		.ascii	"\266\215h~r\304\034\305Tx\230\323\317DB\265\006:\203"
 167      72C41CC5 
 167      547898D3 
 167      CF4442B5 
 167      063A83
 168 0211 1DC170E4 		.ascii	"\035\301p\344j\244\247\275\243\353\3329\177\253\357"
 168      6AA4A7BD 
 168      A3EBDA39 
 168      7FABEF
 169 0220 BCAF4F0F 		.ascii	"\274\257O\017G\364\316\366.\375z\370FOD\017\204\273"
 169      47F4CEF6 
 169      2EFD7AF8 
 169      464F440F 
 169      84BB
 170 0232 BBC321FD 		.ascii	"\273\303!\375\322\225\266\313m}z\2507\030\360\005\030"
 170      D295B6CB 
 170      6D7D7AA8 
 170      3718F005 
 170      18
 171 0243 42BF019C 		.ascii	"B\277\001\234]\3664"
 171      5DF634
 172              		.text
 173              		.section	.gnu.lto_.symbol_nodes.109ed9448c6c05f8,"",%progbits
 174 0000 789C6365 		.ascii	"x\234ce`b\360b\000\002\246\235L\365\014\014\023\316"
 174      6062F062 
 174      0002A69D 
 174      4CF50C0C 
 174      13CE
 175 0012 313000A9 		.ascii	"10\000\251]\215\216@\221]L\365\214\250\"\273\231\352"
 175      5D8D8E40 
 175      915D4CF5 
 175      8CA822BB 
 175      99EA
 176 0024 995045F6 		.ascii	"\231PE\3660\3253\243\2100\000\000\323\240\022\262"
 176      30D533A3 
 176      88300000 
ARM GAS  /tmp/ccBcM8Ce.s 			page 14


 176      D3A012B2 
 177              		.text
 178              		.section	.gnu.lto_.refs.109ed9448c6c05f8,"",%progbits
 179 0000 789C6365 		.ascii	"x\234ce`b`d\000\002\000\000I\000\011"
 179      60626064 
 179      00020000 
 179      490009
 180              		.text
 181              		.section	.gnu.lto_.decls.109ed9448c6c05f8,"",%progbits
 182 0000 789CBD58 		.ascii	"x\234\275XkPTG\026\276}{\200a@t\221J\314.\331JY\246"
 182      6B505447 
 182      16BE7D7B 
 182      80614074 
 182      914ACC2E 
 183 0018 A46A1706 		.ascii	"\244j\027\006L6q\377\354JF]\251\224\0115\030k\377lQ"
 183      4C3671FF 
 183      EC4A465D 
 183      A9940935 
 183      186BFF6C 
 184 002d 8893C806 		.ascii	"\210\223\310\006!\013\270\245?\266\366*\240\210J@A\345"
 184      210BB8A5 
 184      3FB6F62A 
 184      A0884A40 
 184      41E5
 185 003f 2508A222 		.ascii	"%\010\242\"* \010*\202\003\012\362\020T\020\221\227"
 185      2A20082A 
 185      82030AF2 
 185      10541091 
 185      97
 186 0050 A3088888 		.ascii	"\243\010\210\210\310\303\027\210\262\247o\367e.\327"
 186      C8C31788 
 186      B2A76FF7 
 186      652ED7
 187 005f 192B3F52 		.ascii	"\031+?R{\253\316\3349\335_\237\363\3659\335\247{\306"
 187      7BABCEDC 
 187      39DD5F9F 
 187      F3F539DD 
 187      A77BC6
 188 0072 86E3B9BF 		.ascii	"\206\343\271\277|\304q%<\307\035D\0347\015\217\015\307"
 188      7CC47125 
 188      3CC71D44 
 188      1C370D8F 
 188      0DC7
 189 0084 71A738F3 		.ascii	"q\2478\363\243\002\271\000R\001b\004\251\342\336}6\301"
 189      A302B900 
 189      52016204 
 189      A9E2DE7D 
 189      36C1
 190 0096 D839F05E 		.ascii	"\3309\360^\013\342\014\342\002RD\336\320\356\012\357"
 190      0BE20CE2 
 190      025244DE 
 190      D0EE0AEF 
 191 00a6 C520DF82 		.ascii	"\305 \337\202\314\007\275\023\336\035 \217A\006A0\010"
 191      CC07BD13 
 191      DE1D208F 
 191      41064130 
 191      08
ARM GAS  /tmp/ccBcM8Ce.s 			page 15


 192 00b7 0FEDF620 		.ascii	"\017\355\366 v \210\371S>\377\201\016G+>\344\366%\273"
 192      762088F9 
 192      533EFF81 
 192      0E472B3E 
 192      E4F625BB 
 193 00cb 921F981A 		.ascii	"\222\037\230\032\247F\324\007b\363P>[\241Cc\301\266"
 193      A746D407 
 193      62F3503E 
 193      5BA14363 
 193      C1B6
 194 00dd 81F127B6 		.ascii	"\201\361'\266\003\341\2737\2426\211\235\257\231=#\323"
 194      03E1BB37 
 194      A236899D 
 194      AF993D23 
 194      D3
 195 00ee 23D06C9B 		.ascii	"#\320l\233\321VlJ|}\025|\311p{f\323R\214\017`T\235>"
 195      D1566C4A 
 195      7C7D157C 
 195      C9707B66 
 195      D3528C0F 
 196 0106 996F7F17 		.ascii	"\231o\177\027u\021\010\232\207\020C\313\036\242NK\017"
 196      7511089A 
 196      871043CB 
 196      1EA24E4B 
 196      0F
 197 0117 E9A6FDBC 		.ascii	"\351\246\375\274\324GA\212A\034\003\202\310\200f\370"
 197      D447418A 
 197      411C0382 
 197      C88066F8 
 198 0127 2C8B6623 		.ascii	",\213f#\344\341D\022r\026T\245\324x\246\314\364KX\231"
 198      E4E14412 
 198      721654A5 
 198      D478A6CC 
 198      F44B5899 
 199 013b 41360B64 		.ascii	"A6\013d\201\026}\2604\373\241\335\343\031*\023\352F"
 199      81167DB0 
 199      34FBA1DD 
 199      E3192A13 
 199      EA46
 200 014d C881CB5C 		.ascii	"\310\201\313\\\206\304\266\324[=\331<\006?\360\3354"
 200      86C4B6D4 
 200      5B3DD93C 
 200      063FF0DD 
 200      34
 201 015e 717CA5C7 		.ascii	"q|\245\307I\201>\352?\230\303\326]\233\233\207\3430"
 201      49813EEA 
 201      3F98C3D6 
 201      5D9B9B87 
 201      E330
 202 0170 5AAC41C4 		.ascii	"Z\254A\304\347\\h\312\037:?1\2076\021D\363\317cG\354"
 202      E75C68CA 
 202      1F3A3F31 
 202      87361144 
 202      F3CF6347 
 203 0185 B0ABF8FD 		.ascii	"\260\253\370\375fTA\032A;k\220\012\324\321\306\224\007"
 203      6654411A 
 203      413B6B90 
ARM GAS  /tmp/ccBcM8Ce.s 			page 16


 203      0AD4D1C6 
 203      9407
 204 0197 4EA0BA68 		.ascii	"N\240\272h\320'\0070\237\\\337V\245Bn\232\243\304\211"
 204      D0270730 
 204      9F5CDF56 
 204      A5426E9A 
 204      A3C489
 205 01aa 71FAD9E2 		.ascii	"q\372\331\342\204\035\202\300\243B\244A\247\020F'\220"
 205      841D82C0 
 205      A342A441 
 205      A7104627 
 205      90
 206 01bb 0799E262 		.ascii	"\007\231\342b\222\370\030A\330&\304G\012\366\2538\224"
 206      92F81841 
 206      D826C447 
 206      0AF6AB38 
 206      94
 207 01cc 8F5CD169 		.ascii	"\217\\\321i\344\312\241\002\344F\234\022\034:\011\215"
 207      E4CAA102 
 207      E4469C12 
 207      1C3A098D 
 208 01dc 79D0085E 		.ascii	"y\320\010^r\217$d\331\342xD\030\3605\025\235wTH\343"
 208      728F2464 
 208      D9E27844 
 208      18F03515 
 208      9D775448 
 209 01f1 66D140B1 		.ascii	"f\321@\261\005\003\224\314\365\274\2055\321\204L\021"
 209      050394CC 
 209      F5BC8535 
 209      D1844C11 
 210 0201 90396326 		.ascii	"\2209c&\003\334h\034\252&L\363T\220a\021\260NE\232b"
 210      03DC681C 
 210      AA264CF3 
 210      54906111 
 210      B04E459A 
 211 0216 73EA26F1 		.ascii	"s\352&\361L\333Y$6VO\2774\316\245\021\340IpF\256\245"
 211      4CDB5924 
 211      36564FBF 
 211      34CEA511 
 211      E0497046 
 212 022c 3BD008CC 		.ascii	";\320\010\314\003\265\341\346X\233\343\202\375b\224"
 212      03B5E1E6 
 212      589BE382 
 212      FD6294
 213 023b 2385793C 		.ascii	"#\205y<Z\373\001:\007DJ\201\010\207\316\243\005\360"
 213      5AFB013A 
 213      07444A81 
 213      0887CEA3 
 213      05F0
 214 024d 598254D4 		.ascii	"Y\202T\324e\321\313\216\006\315\302L!\323\010\301\252"
 214      65D1CB8E 
 214      06CDC24C 
 214      21D308C1 
 214      AA
 215 025e 58F4F08C 		.ascii	"X\364\360\214 \000EAEp(\327\314\021\276\302\347qdB\350"
 215      20004541 
 215      457028D7 
ARM GAS  /tmp/ccBcM8Ce.s 			page 17


 215      CC11BEC2 
 215      E7716442 
 216 0273 18BA0BCB 		.ascii	"\030\272\013\313\341\002Z\010\303[\357\226\217`\\@\363"
 216      E1025A08 
 216      C35BEF96 
 216      8F605C40 
 216      F3
 217 0284 6B81FE95 		.ascii	"k\201\376\225\202\2747NV\271\224\213\\.J\\\242M%g\234"
 217      82BC374E 
 217      56B9948B 
 217      5C2E4A5C 
 217      A24D2567 
 218 0299 1897E68F 		.ascii	"\030\227\346\217\222\005\3436\201D\013P\250\314\314"
 218      9205E336 
 218      81440B50 
 218      A8CCCC
 219 02a8 A44CC9A4 		.ascii	"\244L\311\244BdR\370\352q$\306U\224I\301\366\334\311"
 219      426452F8 
 219      EA7124C6 
 219      559449C1 
 219      F6DCC9
 220 02bb B992A5DF 		.ascii	"\271\222\245\337\315X\"s\272d\266tIi\311(Z*?v\300\007"
 220      CD582273 
 220      BA64B674 
 220      4969C928 
 220      5A2A3F76 
 221 02d1 9BA8A1E6 		.ascii	"\233\250\241\346\201\333I\266\314\320\340\307\263(U"
 221      81DB49B6 
 221      CCD0E0C7 
 221      B32855
 222 02e0 9A0D552A 		.ascii	"\232\015U*\015U\211\206N\266f\2249\3224\011\256d\245"
 222      0D558986 
 222      4EB66694 
 222      39D23409 
 222      AE64A5
 223 02f3 56EE2866 		.ascii	"V\356(f\372\210\035\350\211\247\036\224\"\252\307\273"
 223      FA881DE8 
 223      89A71E94 
 223      22AAC7BB 
 224 0303 803ED07A 		.ascii	"\200>\320z,e\016\315\243p\030AC\372\324T\224\012\217"
 224      2C650ECD 
 224      A3701841 
 224      43FAD454 
 224      940A8F
 225 0316 502AF76F 		.ascii	"P*\367o\277m`\313>\322\206l\203\222G{\03541$\262\342"
 225      BF6D60CB 
 225      3ED2866C 
 225      8392477B 
 225      1D343124 
 226 032c 12241DD2 		.ascii	"\022$\035\322\"\344P\035YSH\353\212j\351\372\035\357"
 226      22E4501D 
 226      595348EB 
 226      8A6AE9FA 
 226      1DEF
 227 033e ACCCD438 		.ascii	"\254\314\3248\307\213hA\370D%\346\250\006\340\325\""
 227      C78B6841 
 227      F84425E6 
ARM GAS  /tmp/ccBcM8Ce.s 			page 18


 227      A806E0D5 
 227      22
 228 034f BC1E394B 		.ascii	"\274\0369K\203\010\2727\2477\323\2361\267\005}{BO\266"
 228      8308BA37 
 228      A737D39E 
 228      31B7057D 
 228      7B424FB6 
 229 0363 13634E88 		.ascii	"\023cN\210\335H\330\275O\305\230\222\335\032\327\226"
 229      DD48D8BD 
 229      4FC59892 
 229      DD1AD796 
 230 0373 F0573C49 		.ascii	"\360W<Iy\336)\334W`C\261O\011v\364mN\222\255U\2367$"
 230      79DE29DC 
 230      576043B1 
 230      4F0976F4 
 230      6D4E92AD 
 231 038b 9ED729CF 		.ascii	"\236\327)\317\374\350\336\\5\214v\205R\200du\300\225"
 231      FCE8DE5C 
 231      358C7685 
 231      52806475 
 231      C095
 232 039d D68162E3 		.ascii	"\326\201b\343\370)\025~#z\342K\212{S4\262\255\376\301"
 232      F829157E 
 232      237AE24B 
 232      8A7B5334 
 232      B2ADFEC1 
 233 03b1 39419887 		.ascii	"9A\230\207Zab-\346\334\270\316\354\364\221,\001/\340"
 233      5A61622D 
 233      E6DCB8CE 
 233      ECF4912C 
 233      012FE0
 234 03c4 D067AEC8 		.ascii	"\320g\256\310\023\266\351-\330\246\256l\2336\003\235"
 234      13B6E92D 
 234      D8A6AE6C 
 234      9B36039D 
 235 03d4 9B6C9F67 		.ascii	"\233l\237g\034\2772\007\357\300\242\203\344\244\312"
 235      1CBF3207 
 235      EFC0A283 
 235      E4A4CA
 236 03e3 62A71907 		.ascii	"b\247\031\007\260}\213\304\355{\007<\3346{hEV\\\264"
 236      B07D8BC4 
 236      ED7B073C 
 236      DC367B68 
 236      45565CB4 
 237 03f7 597631DE 		.ascii	"Yv1\336w\261\324\326\234\012$\332k\204\376kbD\332\305"
 237      77B1D4D6 
 237      9C0A24DA 
 237      6B84FE6B 
 237      6244DAC5 
 238 040b 54DC9052 		.ascii	"T\334\220R\221y2y\310\216\204/\362\227Y7\011\321\203"
 238      91793279 
 238      C88E842F 
 238      F2975937 
 238      09D183
 239 041e 7672EB1D 		.ascii	"vr\353\035\357\263^bJ\334\311\226d&)\246\027\272G\215"
 239      EFB35E62 
 239      4ADCC996 
ARM GAS  /tmp/ccBcM8Ce.s 			page 19


 239      642629A6 
 239      17BA478D 
 240 0432 0E54BF47 		.ascii	"\016T\277G\302?1t\260U\315\022\355\004\372\345\361\264"
 240      C23F3174 
 240      B055CD12 
 240      ED04FAE5 
 240      F1B4
 241 0444 5147FC33 		.ascii	"QG\3743\246\373\275\263<\206e\372KP\267\015\026\246"
 241      A6FBBDB3 
 241      3C8665FA 
 241      4B50B70D 
 241      16A6
 242 0456 DA5B4DF4 		.ascii	"\332[M\364})\321\367(\317\350\376\364.^\271 \357\002"
 242      7D29D1F7 
 242      28CFE8FE 
 242      F42E5EB9 
 242      20EF02
 243 0469 BC5B84F7 		.ascii	"\274[\204\367\210<\357K<\017<\231\370-[\217\362\232"
 243      883CEF4B 
 243      3C0F3C99 
 243      F82D5B8F 
 243      F29A
 244 047b EF2CD67C 		.ascii	"\357,\326|tz\340R\232\206\261$\005\361rKj\236\035N\246"
 244      747AE052 
 244      9A86B124 
 244      05F1724B 
 244      6A9E1D4E 
 245 0490 2C9FC546 		.ascii	",\237\305F\277d\373\206l\272\266\303}\2574VY\016H,\037"
 245      BF64FB86 
 245      6CBAB6C3 
 245      7DAF3456 
 245      590E482C 
 246 04a5 5296B169 		.ascii	"R\226\261iY\351\266J\226}\000\357\025\341\217D\226\003"
 246      59E9B64A 
 246      967D00EF 
 246      15E18F44 
 246      9603
 247 04b7 12CB9893 		.ascii	"\022\313\230\223q\2271\315\325/9\025`D]fI\362\254m9"
 247      719731CD 
 247      D52F3915 
 247      60445D66 
 247      49F2AC6D 
 248 04cc F83EFB2F 		.ascii	"\370>\373/K^w\262igb\022\361\262\366\004v\016\334\223"
 248      4B5E77B2 
 248      69676212 
 248      F1B2F604 
 248      760EDC93 
 249 04e0 6F5B17B6 		.ascii	"o[\027\266m\267\016\024\354\300\370\020\215\303\370"
 249      6DB70E14 
 249      ECC0F810 
 249      8DC3F8
 250 04ef 81E89D6A 		.ascii	"\201\350\235j\012\376\020\324\332\324\264\337[\015\303"
 250      0AFE10D4 
 250      DAD4B4DF 
 250      5B0DC3
 251 04fe A8148611 		.ascii	"\250\024\206\021J\263\242\251\363\234\2752\014\303\000"
 251      4AB3A2A9 
ARM GAS  /tmp/ccBcM8Ce.s 			page 20


 251      F39CBD32 
 251      0CC300
 252 050d 7F22C2C7 		.ascii	"\177\"\302\307D\232\243\022\315\342\362\321\034\251"
 252      449AA312 
 252      CDE2F2D1 
 252      1CA9
 253 051b 7A109A7D 		.ascii	"z\020\232}y=\331\032|\234\3228a\334U\313\322\221Ir5"
 253      793DD91A 
 253      7C9CD238 
 253      61DC55CB 
 253      D2914972 
 254 0530 9D3A92EE 		.ascii	"\235:\222\356\210O\321N)\221\316,\221\327\037\225\024"
 254      884FD14E 
 254      2991CE2C 
 254      91D71F95 
 254      14
 255 0541 F2B89476 		.ascii	"\362\270\224v\2761\305\307\333\261\221dm\232\332[\013"
 255      BE31C5C7 
 255      DBB19164 
 255      6D9ADA5B 
 255      0B
 256 0552 1DF145DA 		.ascii	"\035\361E\332Y\322_W#\215$\235;\363{v\331\340j\332y"
 256      59D25F57 
 256      238D249D 
 256      3BF37B76 
 256      D9E06ADA 
 257 0567 BFFB61AC 		.ascii	"\277\373a\254\023\256\247\312\325\232m\377\304\267\350"
 257      13AEA7CA 
 257      D59A6DFF 
 257      C4B7E8
 258 0576 F7860751 		.ascii	"\367\206\007Q\177\244\203\242H\201\256>R\230\201i\374"
 258      7FA483A2 
 258      4881AE3E 
 258      52988169 
 258      FC
 259 0587 32C5E55F 		.ascii	"2\305\345_T\031\0339\027\267\213\340\271\227\357\037"
 259      54191B39 
 259      17B78BE0 
 259      B997EF1F 
 260 0597 4B55A345 		.ascii	"KU\243E\354\231O>\334\026e\011Q[\005\343\313\327nC\267"
 260      EC994F3E 
 260      DC166509 
 260      515B05E3 
 260      CBD76E43 
 261 05ac A20461BB 		.ascii	"\242\004a\273#\352D\316\250\011\212C,?\177f\333\241"
 261      23EA44CE 
 261      A8098A43 
 261      2C3F7F66 
 261      DBA1
 262 05be 06314C5E 		.ascii	"\0061L^\344\246J\007\364\374\010\037Q\030=\006\364+"
 262      E4A64A07 
 262      F4FC081F 
 262      51183D06 
 262      F42B
 263 05d0 8696D28E 		.ascii	"\206\226\322\216^\316BG\002:8YD\223\305\261\225\247"
 263      5ECE4247 
 263      023A3859 
ARM GAS  /tmp/ccBcM8Ce.s 			page 21


 263      4493C5B1 
 263      95A7
 264 05e2 E8999575 		.ascii	"\350\231\225uY\216&u\252\236\331\206\254\2407\314\266"
 264      598E2675 
 264      AA9ED986 
 264      ACA037CC 
 264      B6
 265 05f3 942BB6AE 		.ascii	"\224+\266\256d\350A\031\372\205\022\375\\\311\273J\306"
 265      64E84119 
 265      FA8512FD 
 265      5CC9BB4A 
 265      C6
 266 0604 FBAD92B7 		.ascii	"\373\255\222\267V\001n\226\201\247\224\340\327J\323"
 266      56016E96 
 266      81A794E0 
 266      D74AD3
 267 0613 6332F433 		.ascii	"c2\3643%z\334\214N`\253p\231\212\203E\342\012\307\004"
 267      257ADC8C 
 267      4E60AB70 
 267      998A8345 
 267      E20AC704 
 268 0627 E92268D8 		.ascii	"\351\"h\330\\\350g\336\015\355\340\027\241h\220\030"
 268      5CE867DE 
 268      0DEDE017 
 268      A1689018 
 269 0637 90389048 		.ascii	"\2208\220H\220\355 ;Av\201\354\001\211\007\331\006\262"
 269      90ED203B 
 269      417681EC 
 269      018907D9 
 269      06B2
 270 0649 1B248A5F 		.ascii	"\033$\212_$\336Di@&e\001y\252\014\310\2202|\035\301"
 270      24DE4469 
 270      40266501 
 270      79AA0CC8 
 270      90327C1D 
 271 065e 140D0728 		.ascii	"\024\015\007(\272\312\320\322\261\212\256\274\023\276"
 271      BACAD0D2 
 271      B18AAEBC 
 271      13BE
 272 066c 60F31CFB 		.ascii	"`\363\034\373\225s|\360\216m\031\223I%\223\0113\232"
 272      95737CF0 
 272      8E6D1993 
 272      49259309 
 272      339A
 273 067e 1E4F2F06 		.ascii	"\036O/\006\235\267\012\002\"(\216\035M\346I5\015\271"
 273      9DB70A02 
 273      22288E1D 
 273      4DE64935 
 273      0DB9
 274 0690 EC15845A 		.ascii	"\354\025\204ZORW\341\232BmI\325\026~\257\314\330\202"
 274      4F5257E1 
 274      9A426D49 
 274      D5167EAF 
 274      CCD882
 275 06a3 45FFF6B6 		.ascii	"E\377\366\266\351\012\3029*\361\010\334z1\243\311\001"
 275      E90AC239 
 275      2AF108DC 
ARM GAS  /tmp/ccBcM8Ce.s 			page 22


 275      7A31A3C9 
 275      01
 276 06b4 B9CDA73E 		.ascii	"\271\315\247>\206\207\324psG\373`p\002?s\000\022\217"
 276      8687D470 
 276      7347FB60 
 276      70023F73 
 276      00128F
 277 06c7 96F382F6 		.ascii	"\226\363\202\366B:~\215\324\220\275\032W8\346\344\030"
 277      423A7E8D 
 277      D490BD1A 
 277      5738E6E4 
 277      18
 278 06d8 3B73E516 		.ascii	";s\345\026Y\230KV\"\357(\376\200\2017\271z5^\355bU&"
 278      59984B56 
 278      22EF28FE 
 278      808137B9 
 278      7A355EED 
 279 06ef 866CE4E9 		.ascii	"\206l\344\351G\355\331\254$\215\020c\243S\351\245Lw"
 279      47EDD9AC 
 279      248D1063 
 279      A353E9A5 
 279      4C77
 280 0701 91951617 		.ascii	"\221\225\026\027VZ\246v\225'[\277\263$\363\254:\236"
 280      565AA676 
 280      95275BBF 
 280      B324F3AC 
 280      3A9E
 281 0713 A6D57122 		.ascii	"\246\325q\"\252\364\036RV\307\203\020\202\003<\201\247"
 281      AAF41E52 
 281      56C78310 
 281      82033C81 
 281      A7
 282 0724 F0CED220 		.ascii	"\360\316\322 \202>\333\334\366\302\036\347\213\341E"
 282      823EDBDC 
 282      F6C21EE7 
 282      8BE145
 283 0733 996F13B2 		.ascii	"\231o\023\262\034\244\023#\346\227\234\030;[\273\316"
 283      1CA41323 
 283      E6979C18 
 283      3B5BBBCE 
 284 0743 CC7296C6 		.ascii	"\314r\226\306\277\307YK\377\341(v\276\337\340d?\025"
 284      BFC7594B 
 284      FFE12876 
 284      BEDFE064 
 284      3F15
 285 0755 9CE94F05 		.ascii	"\234\351O\005\251j\272\260\252YV\323\\\207p1\345V5V"
 285      A96ABAB0 
 285      AA5956D3 
 285      5C877031 
 285      E5563556 
 286 0769 708C8D25 		.ascii	"p\214\215%U<&y\354\306\\\2531\311\226b\222\305\2134"
 286      553C2679 
 286      ECC65CAB 
 286      31C99662 
 286      92C58B34 
 287 077d DB5F5577 		.ascii	"\333_Uw\330(c\222\01143D\232GD\232\331\022\315\273E"
 287      D8286392 
ARM GAS  /tmp/ccBcM8Ce.s 			page 23


 287      09343344 
 287      9A47449A 
 287      D912CDBB 
 288 0792 C9FD76CA 		.ascii	"\311\375v\312IYE\357\252>[\303\222[K\364\376\267E\365"
 288      495945EF 
 288      AA3E5BC3 
 288      925B4BF4 
 288      FEB745F5 
 289 07a6 76F83C65 		.ascii	"v\370<e\275o\357\253z5.\247J\351p^\351\034\2124\022"
 289      BD6FEFAB 
 289      7A352EA7 
 289      4AE9705E 
 289      E91C8A34 
 290 07bb 3DA5EC59 		.ascii	"=\245\354Y=\273\261\250e\335.\254{<o$\307\026W\322\261"
 290      3DBBB1A8 
 290      65DD2EAC 
 290      7B3C6F24 
 290      C71657D2 
 291 07d0 B1252D77 		.ascii	"\261%-wUV\347{J\232\257\2478\335\244\362\244\263N\312"
 291      5556E77B 
 291      4A9AAFA7 
 291      38DDA4F2 
 291      A4B34ECA 
 292 07e4 E9E6C104 		.ascii	"\351\346\301\004N\210\0238-N\340\2244\201\323\317\307"
 292      4E881338 
 292      2D4EE094 
 292      3481D3CF 
 292      C7
 293 07f5 2F6894D3 		.ascii	"/h\224\323\265\212>\336\237\026\307\362\260\024\324"
 293      B58A3EDE 
 293      9F16C7F2 
 293      B014D4
 294 0804 83138707 		.ascii	"\203\023\207\007\347\340jJ\362\311\360T>\234lT)+\275"
 294      E7E06A4A 
 294      F2C9F054 
 294      3E9C6C54 
 294      292BBD
 295 0817 58C366E7 		.ascii	"X\303f\347\011j\336\311\312&\007|\235\366M\305g\024"
 295      096ADEC9 
 295      CA26077C 
 295      9DF64DC5 
 295      6714
 296 0829 D9E356AA 		.ascii	"\331\343V\252\244\216w?b\253\337\215$:\373\320^{\334"
 296      A48E773F 
 296      62ABDF8D 
 296      243AFBD0 
 296      5E7BDC
 297 083c 41FBA6E3 		.ascii	"A\373\246\343c\222\355\260\211*\211M\211\331\016\270"
 297      6392EDB0 
 297      892A894D 
 297      89D90EB8 
 298 084c 972AC351 		.ascii	"\227*\303Q}\367\330\332Y\000\352\353\201\304v\366\353"
 298      7DF7D8DA 
 298      5900EAEB 
 298      81C476F6 
 298      EB
 299 085d C5517617 		.ascii	"\305Qv\027qaw\221\323/\342\0168\340A:\264\255=\352<"
ARM GAS  /tmp/ccBcM8Ce.s 			page 24


 299      71617791 
 299      D32FE20E 
 299      38E0413A 
 299      B4AD3DEA 
 300 0872 C33A801A 		.ascii	"\303:\200\032\337`\372\273\325\310^\222\"[AWR}\355\265"
 300      DF60FABB 
 300      D5C85E92 
 300      225B4157 
 300      527DEDB5 
 301 0886 3D2AE575 		.ascii	"=*\345u\371\"\004\253L\014\226Q\014\326%)X\331\311\221"
 301      F92204AB 
 301      4C0C9651 
 301      0CD62529 
 301      58D9C991 
 302 089a 9336CAEB 		.ascii	"\2236\312\353\257Utys\3272<L9>o\352\272\217\360\030"
 302      AF557479 
 302      73D7323C 
 302      4C393E6F 
 302      EABA8FF0 
 303 08af 55A21AEA 		.ascii	"U\242\032\352\216\331\341\027T\031\312m\254\265\305"
 303      8ED9E117 
 303      5419CA6D 
 303      ACB5C5
 304 08be 5354E9ED 		.ascii	"ST\351\355\237<\207\361V\033Q9:\224\265\307\036o\247"
 304      9F3C87F1 
 304      561B5139 
 304      3A94B5C7 
 304      1E6FA7
 305 08d1 4A54EF70 		.ascii	"JT\357p\023\213\317n\262\231^\217\224\334\222\"BV\333"
 305      138BCF6E 
 305      B2995E8F 
 305      94DC9222 
 305      4256DB
 306 08e4 E0F3BE69 		.ascii	"\340\363\276i5\336-\202?\034*N\310q\234}\231\240\217"
 306      35DE2D82 
 306      3F1C2A4E 
 306      C8719C7D 
 306      99A08F
 307 08f7 1B083D2C 		.ascii	"\033\010=,j^\221\232}\320\023U\362\316\250\034\312m"
 307      6A5E919A 
 307      7DD01355 
 307      F2CEA81C 
 307      CA6D
 308 0909 0B143C69 		.ascii	"\013\024<i*\350\002\257\270$t\204\232/\0115\014=SL\304"
 308      2AE802AF 
 308      B8247484 
 308      9A2F0935 
 308      0C3D534C 
 309 091e A3391F51 		.ascii	"\2439\037Qt\"\030\357\330B\317\226\034\260}\230\241"
 309      742218EF 
 309      D842CF96 
 309      1CB07D98 
 309      A1
 310 092f A50D870E 		.ascii	"\245\015\207\016)m\327o6\333>\257\264M\257\024\222q"
 310      296DD76F 
 310      36DB3EAF 
 310      B44DAF14 
ARM GAS  /tmp/ccBcM8Ce.s 			page 25


 310      9271
 311 0941 F1BE2283 		.ascii	"\361\276\"\203\237U\302\213\344\306\023\211\361-\024"
 311      9F55C28B 
 311      E4C61389 
 311      F12D14
 312 0950 4D36C171 		.ascii	"M6\301q%\372\250\222J\263\314\3669%\272D\211\356\221"
 312      25FAA892 
 312      4AB3CCF6 
 312      3925BA44 
 312      89EE91
 313 0963 05A55A89 		.ascii	"\005\245Z\211>aF\313\017\257:\010C\255\330\325\302N"
 313      3E6146CB 
 313      0FAF3A08 
 313      43ADD8D5 
 313      C24E
 314 0975 AEBB7072 		.ascii	"\256\273pr\335\202\323\350\032H3H'\310m\220n\220\006"
 314      DD82D3E8 
 314      1A483348 
 314      27C86D90 
 314      6E9006
 315 0988 9026909B 		.ascii	"\220&\220\233 \035 \327A\272@ZA\356\203\230@n\200\334"
 315      201D20D7 
 315      41BA405A 
 315      41EE8398 
 315      406E80DC 
 316 099c 036904B9 		.ascii	"\003i\004\271\003\322\016\3226s\351 1h\0165\307\340"
 316      03D20ED2 
 316      3673E920 
 316      31680E35 
 316      C7E0
 317 09ae AAC5E4C9 		.ascii	"\252\305\344\311&5&\013\301\031%\270@\031\2021Y\010"
 317      2635260B 
 317      C11925B8 
 317      40198231 
 317      5908
 318 09c0 2E2BD119 		.ascii	".+\321\031\357\240\267\230\321\365Jt\322\254\324\221"
 318      EFA0B798 
 318      D1F54A74 
 318      D2ACD491 
 319 09d0 6B2C5B45 		.ascii	"k,[E\351\260\212R\031Z:\213\330o\003\371U\223\241\341"
 319      E9B08A52 
 319      195A3A8B 
 319      D86F03F9 
 319      5593A1E1 
 320 09e4 8C122FA6 		.ascii	"\214\022/\246\263\320\373y\345*\352\220M\263\324r\246"
 320      B3D0FB79 
 320      E52AEA90 
 320      4DB3D472 
 320      A6
 321 09f5 E5F041D9 		.ascii	"\345\360A\331<\257XN\365,\270\314z\261\3455*\207O\312"
 321      3CAF584E 
 321      F52CB8CC 
 321      7AB1E535 
 321      2A874FCA 
 322 0a09 AC57598E 		.ascii	"\254WY\216\"\205\323\213R\315Sz\031kQ^\306H\324j&\330"
 322      2285D38B 
 322      52CD537A 
ARM GAS  /tmp/ccBcM8Ce.s 			page 26


 322      196B515E 
 322      C648D46A 
 323 0a1f 652C1F02 		.ascii	"e,\037\002q\222\031\223\312?\312U\356\217f\331\3768"
 323      71921993 
 323      CA3FCA55 
 323      EE8F66D9 
 323      FE38
 324 0a31 66797FCC 		.ascii	"fy\177\314b*\233X\241\345\325A\341P\222\232LIM*\274"
 324      622A9B58 
 324      A1E5D541 
 324      E150929A 
 324      4C494D2A 
 325 0a46 572C497C 		.ascii	"W,I|i[Q\222\023\232\357fi/\240^\330\002\377\217\355"
 325      695B5192 
 325      139AEF66 
 325      692FA05E 
 325      D802FF8F 
 326 0a5b 40C3F776 		.ascii	"@\303\367v\302\226\3343\037\200\303\036\363=\263E\274"
 326      C296DC33 
 326      1F80C31E 
 326      F33DB345 
 326      BC
 327 0a6c 6702EDFD 		.ascii	"g\002\355\375\327\272\"\355\344W\301\007\263\256\202"
 327      D7BA22ED 
 327      E457C107 
 327      B3AE82
 328 0a7b 7DEC2AD8 		.ascii	"}\354*\330'^\005+\205\336\030;\234Jkt\326@c\035;\"?"
 328      275E052B 
 328      85DE183B 
 328      9C4A6B74 
 328      D640631D 
 329 0a92 267F5FEE 		.ascii	"&\177_\356\033\212C\264D\017\220\222}\270q|\277\006"
 329      1B8A43B4 
 329      440F9092 
 329      7DB8717C 
 329      BF06
 330 0aa4 E752ECB9 		.ascii	"\347R\354\271\362'K(\224\3746\274y(\245\007Y=\264\036"
 330      F2274B28 
 330      94FC36BC 
 330      7928A507 
 330      593DB41E 
 331 0ab8 4B87D620 		.ascii	"K\207\326 =\264Z_\225O:\3423\242!\325\275\354\261\307"
 331      3DB45A5F 
 331      954F3AE2 
 331      33A221D5 
 331      BDECB1C7 
 332 0acc B6C8CD15 		.ascii	"\266\310\315\025!\015\310Q\351\017p\016=\205\214\016"
 332      210DC851 
 332      E90F700E 
 332      3D858C0E 
 333 0adc F158FA23 		.ascii	"\361X\372#=E\000\363#\377%\315\226\376Nz\002a\177*\372"
 333      3D4500F3 
 333      23FF25CD 
 333      96FE4E7A 
 333      02617F2A 
 334 0af1 1981AC0C 		.ascii	"\031\201\254\014\203\243\024\210\021i!?\253_\036\315"
 334      83A31488 
ARM GAS  /tmp/ccBcM8Ce.s 			page 27


 334      1169213F 
 334      AB5F1ECD 
 335 0b01 51CBCF3D 		.ascii	"Q\313\317=b{\000p\017\305\214\217\212\347\336c\351\334"
 335      627B0070 
 335      0FC58C8F 
 335      8AE7DE63 
 335      E9DC
 336 0b13 8B6F3C4C 		.ascii	"\213o<L\377\252!>b\336\353\203\204\333\224\322\255\221"
 336      FFAA213E 
 336      62DEEB83 
 336      84DB94D2 
 336      AD91
 337 0b25 DB1E7B9F 		.ascii	"\333\036{\237\355\323{*.\330|\232-\3340\012\306\327"
 337      EDD37B2A 
 337      2ED87C9A 
 337      2DDC300A 
 337      C6D7
 338 0b37 159EA9DB 		.ascii	"\025\236\251\333\214B\34424\016K\375\021\244\322\210"
 338      8C42E432 
 338      340E4BFD 
 338      11A4D288 
 339 0b47 16CA86F6 		.ascii	"\026\312\206\366C\313\032\236C\317\370O\271y!\377\016"
 339      43CB1A9E 
 339      43CFF84F 
 339      B97921FF 
 339      0E
 340 0b58 0A5C1112 		.ascii	"\012\\\021\022\260.\330\260\326\020\030\021\032\246"
 340      B02ED8B0 
 340      D6101811 
 340      1AA6
 341 0b66 FEDB37DF 		.ascii	"\376\3337\337}\242\363\362\3424\376\376\233\202B\">"
 341      7DA2F3F2 
 341      E234FEFE 
 341      9B824222 
 341      3E
 342 0b77 5BE21FB1 		.ascii	"[\342\037\261A\273!t\243A\373c\370\017\332uA!\332\037"
 342      41BB2174 
 342      A341FB63 
 342      F80FDA75 
 342      4121DA1F 
 343 0b8b 0203DD03 		.ascii	"\002\003\335\003\3026Jo\367\220\320\020\203\273!`]\220"
 343      C2364A6F 
 343      F790D010 
 343      83BB2160 
 343      5D90
 344 0b9d FB17EE4B 		.ascii	"\373\027\356K<\275\276t\377\327\022\367M?\255\017\210"
 344      3CBDBE74 
 344      FFD712F7 
 344      4D3FAD0F 
 344      88
 345 0bae 30686775 		.ascii	"0hguk\203B\002\2037\2557h7\006\004n\010\0121h\375\327"
 345      6B834202 
 345      8337AD37 
 345      68370604 
 345      6E080A31 
 346 0bc5 1BBE0FD8 		.ascii	"\033\276\017\330\024\034\341\037\261\345'C\270\307\006"
 346      141CE11F 
ARM GAS  /tmp/ccBcM8Ce.s 			page 28


 346      B1E52743 
 346      B8C706
 347 0bd4 4E2D79FC 		.ascii	"N-y\374\307\257\3541|K\270\326?<b=\230\0077K\301\375"
 347      C7AFEC31 
 347      7C4BB8D6 
 347      3F3C623D 
 347      9807374B 
 348 0bea BAA0D070 		.ascii	"\272\240\320ph!\023w\367Z\352\261\304c\26364\\\273!"
 348      68211377 
 348      F75AEAB1 
 348      C463B336 
 348      345CBB21 
 349 0bfe 2058FB53 		.ascii	" X\373ShXD\27060t\343\306\320\020\255\267~\265n\365"
 349      685844B8 
 349      363074E3 
 349      C6D010AD 
 349      B77EB56E 
 350 0c13 662D8992 		.ascii	"f-\211\222G \367\033\362^\036\024n\016\227+i\3613D\370"
 350      4720F71B 
 350      F25E1E14 
 350      6E0E972B 
 350      69F13344 
 351 0c28 6D098F30 		.ascii	"m\011\2170l\\\025\020\262>\330\020\346\033\026\024\032"
 351      6C5C1510 
 351      B23ED810 
 351      E61B1614 
 351      1A
 352 0c39 1614B145 		.ascii	"\026\024\261E\014\256.\330\020\020\346k\010\001\337"
 352      0CAE2ED8 
 352      1010E66B 
 352      0801DF
 353 0c48 3FD8EB57 		.ascii	"?\330\353W\370\255\320\257]\261\374O\274\217\257=\015"
 353      F8ADD0AF 
 353      5DB1FC4F 
 353      BC8FAF3D 
 353      0D
 354 0c59 F052FF08 		.ascii	"\360R\377\010;\366\236\351\376\\\345\343\375\225~F\375"
 354      3BF69EE9 
 354      FE5CE5E3 
 354      FD957E46 
 354      FD
 355 0c6a 4CE5A3F3 		.ascii	"L\345\243\3635\253KT>~\276z\265\236j^\320\271\302\334"
 355      35AB4B54 
 355      3E7EBE7A 
 355      B59E6A5E 
 355      D0B9C2DC 
 356 0c7e E9099D2B 		.ascii	"\351\011\235+\364*\2775>\372\225V\247\311&g\330\034"
 356      F42ABF35 
 356      3EFA9556 
 356      A7C92667 
 356      D81C
 357 0c90 4126A8D5 		.ascii	"A&\250\325\255\366\363\361\323\352B\303\014Z\037\026"
 357      ADF6F3F1 
 357      D3EA42C3 
 357      0C5A1F16 
 358 0ca0 B04050FC 		.ascii	"\260@P\374\0037~\016\321\262\377f\255\217\316\177\015"
 358      03377E0E 
ARM GAS  /tmp/ccBcM8Ce.s 			page 29


 358      D1B2FF66 
 358      AD8FCE7F 
 358      0D
 359 0cb1 A4084C7B 		.ascii	"\244\010L{\353U\253W\257\324c\357\345z\274\034\336\276"
 359      EB55AB57 
 359      AFD463EF 
 359      E57ABC1C 
 359      DEBE
 360 0cc3 2BF52AEF 		.ascii	"+\365*\357\225~z\325W+\275\3656\320\005\200\345D_E>"
 360      957E7AD5 
 360      572BBDF5 
 360      36D00580 
 360      E5445F45 
 361 0cd8 74F061E3 		.ascii	"t\360a\343\267J\347\247\307~\253|\261N\007o\235\336"
 361      B74AE7A7 
 361      C77EAB7C 
 361      B14E076F 
 361      9DDE
 362 0cea C6DB47AF 		.ascii	"\306\333G\257\323\253\326\256\371V\017\334\001\241\363"
 362      D3ABD6AE 
 362      F9560FDC 
 362      01A1F3
 363 0cf9 FDCE6739 		.ascii	"\375\316g9|z\353\364j?\335W\242\2579\376\376\337o\012"
 363      7C7AEBF4 
 363      6A3FDD57 
 363      A2AF39FE 
 363      FEDF6F0A 
 364 0d0d 09F4F7F7 		.ascii	"\011\364\367\367\370\363\027_z\251%M\025\270! \354\177"
 364      F8F3175F 
 364      7AA9254D 
 364      15B82120 
 364      EC7F
 365 0d1f 55E2F349 		.ascii	"U\342\363I"
 366              		.text
 367              		.section	.gnu.lto_.symtab.109ed9448c6c05f8,"",%progbits
 368 0000 6E766963 		.ascii	"nvicEnableVector\000"
 368      456E6162 
 368      6C655665 
 368      63746F72 
 368      00
 369 0011 00       		.ascii	"\000"
 370 0012 00       		.ascii	"\000"
 371 0013 00       		.ascii	"\000"
 372 0014 00000000 		.ascii	"\000\000\000\000\000\000\000\000"
 372      00000000 
 373 001c BA000000 		.ascii	"\272\000\000\000"
 374 0020 6E766963 		.ascii	"nvicDisableVector\000"
 374      44697361 
 374      626C6556 
 374      6563746F 
 374      7200
 375 0032 00       		.ascii	"\000"
 376 0033 00       		.ascii	"\000"
 377 0034 00       		.ascii	"\000"
 378 0035 00000000 		.ascii	"\000\000\000\000\000\000\000\000"
 378      00000000 
 379 003d BE000000 		.ascii	"\276\000\000\000"
ARM GAS  /tmp/ccBcM8Ce.s 			page 30


 380 0041 6E766963 		.ascii	"nvicSetSystemHandlerPriority\000"
 380      53657453 
 380      79737465 
 380      6D48616E 
 380      646C6572 
 381 005e 00       		.ascii	"\000"
 382 005f 00       		.ascii	"\000"
 383 0060 00       		.ascii	"\000"
 384 0061 00000000 		.ascii	"\000\000\000\000\000\000\000\000"
 384      00000000 
 385 0069 C0000000 		.ascii	"\300\000\000\000"
 386 006d 6E766963 		.ascii	"nvicClearPending\000"
 386      436C6561 
 386      7250656E 
 386      64696E67 
 386      00
 387 007e 00       		.ascii	"\000"
 388 007f 00       		.ascii	"\000"
 389 0080 00       		.ascii	"\000"
 390 0081 00000000 		.ascii	"\000\000\000\000\000\000\000\000"
 390      00000000 
 391 0089 C2000000 		.ascii	"\302\000\000\000"
 392              		.text
 393              		.section	.gnu.lto_.opts,"",%progbits
 394 0000 272D666D 		.ascii	"'-fmath-errno' '-fsigned-zeros' '-ftrapping-math' '"
 394      6174682D 
 394      6572726E 
 394      6F272027 
 394      2D667369 
 395 0033 2D666E6F 		.ascii	"-fno-trapv' '-fno-strict-overflow' '-fno-openmp' '-"
 395      2D747261 
 395      70762720 
 395      272D666E 
 395      6F2D7374 
 396 0066 666E6F2D 		.ascii	"fno-openacc' '-mcpu=cortex-m4' '-mfloat-abi=softfp'"
 396      6F70656E 
 396      61636327 
 396      20272D6D 
 396      6370753D 
 397 0099 20272D6D 		.ascii	" '-mfpu=fpv4-sp-d16' '-mno-thumb-interwork' '-mthum"
 397      6670753D 
 397      66707634 
 397      2D73702D 
 397      64313627 
 398 00cc 62272027 		.ascii	"b' '-ggdb' '-O0' '-fomit-frame-pointer' '-falign-fu"
 398      2D676764 
 398      62272027 
 398      2D4F3027 
 398      20272D66 
 399 00ff 6E637469 		.ascii	"nctions=16' '-ffunction-sections' '-fdata-sections'"
 399      6F6E733D 
 399      31362720 
 399      272D6666 
 399      756E6374 
 400 0132 20272D66 		.ascii	" '-fno-common' '-flto' '-fsingle-precision-constant"
 400      6E6F2D63 
 400      6F6D6D6F 
ARM GAS  /tmp/ccBcM8Ce.s 			page 31


 400      6E272027 
 400      2D666C74 
 401 0165 2700     		.ascii	"'\000"
 402              		.text
 403              		.comm	__gnu_lto_v1,1,1
 404              		.comm	__gnu_lto_slim,1,1
 405              		.ident	"GCC: (GNU Tools for ARM Embedded Processors 6-2017-q2-update) 6.3.1 20170620 (release) [AR
ARM GAS  /tmp/ccBcM8Ce.s 			page 32


DEFINED SYMBOLS
                            *ABS*:0000000000000000 nvic.c
                            *COM*:0000000000000001 __gnu_lto_v1
                            *COM*:0000000000000001 __gnu_lto_slim

NO UNDEFINED SYMBOLS
