ARM GAS  /tmp/cceAKuOx.s 			page 1


   1              		.syntax unified
   2              		.cpu cortex-m4
   3              		.eabi_attribute 27, 1
   4              		.eabi_attribute 28, 1
   5              		.fpu fpv4-sp-d16
   6              		.eabi_attribute 20, 1
   7              		.eabi_attribute 21, 1
   8              		.eabi_attribute 23, 3
   9              		.eabi_attribute 24, 1
  10              		.eabi_attribute 25, 1
  11              		.eabi_attribute 26, 1
  12              		.eabi_attribute 30, 6
  13              		.eabi_attribute 34, 1
  14              		.eabi_attribute 18, 4
  15              		.thumb
  16              		.file	"stubs.c"
  17              		.text
  18              	.Ltext0:
  19              		.section	.gnu.lto_.inline.2e9f37e61c420122,"",%progbits
  20 0000 789C6366 		.ascii	"x\234cf\300\016\212\2404\033\003\003\0137\003\003\023"
  20      C00E8AA0 
  20      341B0303 
  20      0B370303 
  20      13
  21 0011 90C90226 		.ascii	"\220\311\002&\031\230\200\\\006F\006f \207\211i\201"
  21      1998805C 
  21      06460666 
  21      20878969 
  21      81
  22 0022 3C5C1843 		.ascii	"<\\\030C\204\231\201\225\005(\302v\300\016&\302\302"
  22      84998195 
  22      0528C276 
  22      C00E26C2 
  22      C2
  23 0033 C0C20C14 		.ascii	"\300\302\014\024a\371\240\007\023a\305\320\305\000\000"
  23      61F9A007 
  23      1361C5D0 
  23      C50000
  24 0042 2157055F 		.ascii	"!W\005_"
  25              		.text
  26              		.section	.gnu.lto__exit.2e9f37e61c420122,"",%progbits
  27 0000 789C6590 		.ascii	"x\234e\220AKBA\020\307\347?\373|I\017J<J\250 \342\255"
  27      414B4241 
  27      10C7E73F 
  27      FB7C490F 
  27      4A3C4AA8 
  28 0017 CFD047E8 		.ascii	"\317\320G\350+Tt\350\374\236\320E\332\300\240S\204\227"
  28      2B5474E8 
  28      FC9ED045 
  28      DAC0A053 
  28      8497
  29 0029 DE252F11 		.ascii	"\336%/\021Y\226\202\024R\207z\340\245K\020\024\004\321"
  29      59968214 
  29      52877AE0 
  29      A54B1014 
  29      04D1
  30 003b A90C0C3A 		.ascii	"\251\014\014:$\026\264D\330\254\036\033\230\331\375"
ARM GAS  /tmp/cceAKuOx.s 			page 2


  30      2416B444 
  30      D8AC1E1B 
  30      98D9FD
  31 004a CFFE6666 		.ascii	"\317\376ffw\025\375\267\234x\032D3V8\004&q(\211j\024"
  31      7715FDB7 
  31      9C781A44 
  31      33563804 
  31      26712889 
  32 0060 416BAC20 		.ascii	"Ak\254 >\306\337\270\317\330\216\352\241W\330\327Z\177"
  32      3EC6DFB8 
  32      CFD88EEA 
  32      A157D8D7 
  32      5A7F
  33 0072 543AEBF3 		.ascii	"T:\353\363\021\214T\015xL\340\000\005\313l\234\365\\"
  33      118C540D 
  33      784CE000 
  33      05CB6C9C 
  33      F55C
  34 0084 E581647F 		.ascii	"\345\201d\177\336\370\274\361zl\030Y+/*\327\241k%;V"
  34      DEF8BCF1 
  34      7A6C1859 
  34      2B2F2AD7 
  34      A16B253B 
  35 0099 DE7EB5AE 		.ascii	"\336~\265\256b\371=\351\026\325Zz\31612\257\006%\375"
  35      62F93DE9 
  35      16D55A7A 
  35      CE3132AF 
  35      0625FD
  36 00ac 7088148E 		.ascii	"p\210\024\216\220\"I\021\352\310[\274_\376}\360\334"
  36      90224911 
  36      EAC85BBC 
  36      5FFE7DF0 
  36      DC
  37 00bd B2E089F1 		.ascii	"\262\340\211\361L\034\303\225\007P3\031\351\341\360"
  37      4C1CC395 
  37      07503319 
  37      E9E1F0
  38 00cc 65E73D27 		.ascii	"e\347='\252;\272\315+\313\242\236P\216\332\011\213\331"
  38      AA3BBACD 
  38      2BCBA29E 
  38      508EDA09 
  38      8BD9
  39 00de FAEADD56 		.ascii	"\372\352\335V\203K?zS\307\015;\003\026\030'(\331\243"
  39      834B3F7A 
  39      53C70D3B 
  39      03161827 
  39      28D9A3
  40 00f1 D3CE7375 		.ascii	"\323\316su*\223\334\325a\326p\314f\276\037/\357\247"
  40      2A93DCD5 
  40      61D670CC 
  40      66BE1F2F 
  40      EFA7
  41 0103 050E7594 		.ascii	"\005\016u\2246\354\242\201\314\250\017\232(\031\236"
  41      36ECA281 
  41      CCA80F9A 
  41      28199E
  42 0112 203B487E 		.ascii	" ;H~Fum\033\261\270\037\024\027\375\331%r\375`!(\372"
ARM GAS  /tmp/cceAKuOx.s 			page 3


  42      46756D1B 
  42      B1B81F14 
  42      17FDD925 
  42      72FD6021 
  43 0128 93566797 		.ascii	"\223Vg\227WW\002\372\003_\235jl"
  43      575702FA 
  43      035F9D6A 
  43      6C
  44              		.text
  45              		.section	.gnu.lto__getpid.2e9f37e61c420122,"",%progbits
  46 0000 789C658F 		.ascii	"x\234e\217\301JBQ\020\206\347\237s\275\204B\212K\011"
  46      C14A4251 
  46      1086E79F 
  46      73BD8442 
  46      8A4B09
  47 0013 125CB8F3 		.ascii	"\022\\\270\363Yz\206z\004s\355I/\342R\304\205\270kQ"
  47      597A867A 
  47      0473ED49 
  47      2FE252C4 
  47      85B86B51 
  48 0027 6A4912AD 		.ascii	"jI\022\255r\245;7.\\%\005!\321\205ju%A\\\304qF\3329"
  48      72A53B37 
  48      2E5C2505 
  48      21D1856A 
  48      7525415C 
  49 0040 7086F3CF 		.ascii	"p\206\363\317|\347\2379\206\016\343D\016@\024W\341\021"
  49      7CE79F39 
  49      860EE344 
  49      0E401457 
  49      E111
  50 0052 5824C348 		.ascii	"X$\303H6Z&P\231\015\312\370\346\025\343\371a=K|\361"
  50      365A2650 
  50      990DCAF8 
  50      E615E3F9 
  50      613D4B7C 
  51 0067 96294B22 		.ascii	"\226)K\"G\315i\333W\011O\345[\303\375\034\347o\254\265"
  51      47CD69DB 
  51      57094FE5 
  51      5BC3FD1C 
  51      E76FACB5 
  52 007b 51250CCF 		.ascii	"Q%\014\317\306\336\226\231~\231\320E\006=d\324\255\217"
  52      C6DE9699 
  52      7E99D045 
  52      063D64D4 
  52      AD8F
  53 008d BCA2ABE0 		.ascii	"\274\242\253\340\357%\341\007\202\246\224\220\306\035"
  53      EF25E107 
  53      82A69490 
  53      C61D
  54 009b 7C1907E9 		.ascii	"|\031\007\351}\314\037'~\356\332\332\372\262\337\253"
  54      7DCC1F27 
  54      7EEEDADA 
  54      FAB2DFAB 
  55 00ab C5A63658 		.ascii	"\305\2466X:wz\350\245\201{\344\206\351\261u\356\251"
  55      3A777AE8 
  55      A5817BE4 
  55      86E9B175 
ARM GAS  /tmp/cceAKuOx.s 			page 4


  55      EEA9
  56 00bd 3558C465 		.ascii	"5X\304esR\220>\325\223B\275\232WT\242\250\345\351\204"
  56      7352903E 
  56      D59342BD 
  56      9A5754A2 
  56      A8E5E984 
  57 00d1 0DEB8079 		.ascii	"\015\353\200y\347\266\232\324\265\205\306`\357\025\262"
  57      E7B69AD4 
  57      B585C660 
  57      EF15B2
  58 00e0 FCD82C70 		.ascii	"\374\330,p\225\242\265\274y\007\376qR/\311R<*^\226\316"
  58      95A2B5BC 
  58      7907FE71 
  58      522FC952 
  58      3C2A5E96 
  59 00f5 8B850BDA 		.ascii	"\213\205\013\332\001\034\336Vi"
  59      011CDE56 
  59      69
  60              		.text
  61              		.section	.gnu.lto__kill.2e9f37e61c420122,"",%progbits
  62 0000 789C6366 		.ascii	"x\234cf\300\004\242@|\014\210yA\034f\006F&\006 fd\004"
  62      C004A240 
  62      7C0C8879 
  62      411C6606 
  62      46260620 
  63 0017 721819EA 		.ascii	"r\030\031\352\231\030\353\031_2}db\234p`\365\014n\365"
  63      9918EB19 
  63      5F327D64 
  63      629C7060 
  63      F50C6EF5 
  64 002b A50D0D0D 		.ascii	"\245\015\015\015\037\016\035m\0148\300\370\023\250\356"
  64      1F0E1D6D 
  64      0C38C0F8 
  64      13A8EE
  65 003a 3313C408 		.ascii	"3\023\304\010\306\345\214\352@5\377f\235\233\300\306"
  65      C6E58CEA 
  65      4035FF66 
  65      9D9BC0C6 
  66 004a CCCDC800 		.ascii	"\314\315\310\000d\357\\\367\345,\367\013\246\237L\214"
  66      64EF5CF7 
  66      E52CF70B 
  66      A69F4C8C 
  67 005a 0A20EEAE 		.ascii	"\012 \356\256I'f\260\201\270L, \356\243\243?\246r\250"
  67      492766B0 
  67      81B84C2C 
  67      20EEA3A3 
  67      3FA672A8 
  68 006e 2E069A76 		.ascii	".\006\232v`\325\246\006\007\226\237L\314\214+\030\231"
  68      60D5A606 
  68      07969F4C 
  68      CC8C2B18 
  68      99
  69 007f 81E631AE 		.ascii	"\201\3461\256d\224b\\\305(\305\000\024b`\\\315\250\012"
  69      6494625C 
  69      C528C500 
  69      1462605C 
  69      CDA80A
ARM GAS  /tmp/cceAKuOx.s 			page 5


  70 0092 52FEB1E5 		.ascii	"R\376\261\345\357un\266\026\240r\001\210\235\214k\030"
  70      EF756EB6 
  70      16A07201 
  70      889D8C6B 
  70      18
  71 00a3 D9402E5C 		.ascii	"\331@.\\/t\240\341\377\377\307\323\336\250\002yO\300"
  71      2F74A0E1 
  71      FFFFC7D3 
  71      DEA80279 
  71      4FC0
  72 00b5 AE79CA04 		.ascii	"\256y\312\004\244\230\35712\202\324\200\004\2360\001"
  72      A498EF31 
  72      3282D480 
  72      049E3001 
  73 00c5 E580621C 		.ascii	"\345\200b\034\305%\245I\305z\311\014L\231)\000\313\262"
  73      C525A549 
  73      C57AC90C 
  73      4C992900 
  73      CBB2
  74 00d7 451A     		.ascii	"E\032"
  75              		.text
  76              		.section	.gnu.lto___cxa_guard_acquire.2e9f37e61c420122,"",%progbits
  77 0000 789C6590 		.ascii	"x\234e\220\357+\203Q\024\307\317\367\336\347y\246F\311"
  77      EF2B8351 
  77      14C7CFF7 
  77      DEE779A6 
  77      46C9
  78 0012 2B2D2FD4 		.ascii	"+-/\324\222\224\374\013\366'\360\037\210\027\376\000"
  78      9294FC0B 
  78      F627F01F 
  78      8817FE00 
  79 0022 BC76372B 		.ascii	"\274v7+\222\274X\212\222\220\314\374\332XQ\210\236W"
  79      92BC588A 
  79      9290CCFC 
  79      DA585188 
  79      9E57
  80 0034 92425E61 		.ascii	"\222B^ae^\330\212\242\3102K<\316\261Hv\353\236\3569"
  80      655ED88A 
  80      A2C8324B 
  80      3CCEB148 
  80      76EB9EEE 
  81 0049 F7FB39F7 		.ascii	"\367\3739\367{\256\246\312\325\300\273\000\242jI,\202"
  81      7BAEA6CA 
  81      D5C0BB00 
  81      A26A492C 
  81      82
  82 005a 22DED01C 		.ascii	"\"\336\320\0345\270L\240A\2451\210{\365\254\260\223"
  82      35B84CA0 
  82      41A53188 
  82      7BF5ACB0 
  82      93
  83 006b 2C9CF8EF 		.ascii	",\234\370\357TIQ#q\272\033;\232r$\205%\351\373\342\323"
  83      54495123 
  83      71BA1B3B 
  83      9A722485 
  83      25E9FBE2 
  84 0080 BDD3BC68 		.ascii	"\275\323\274h\214y\212-\345;\\\253\244\024\275(\302"
ARM GAS  /tmp/cceAKuOx.s 			page 6


  84      8C798A2D 
  84      E53B5CAB 
  84      A414BD28 
  84      C2
  85 0091 12024820 		.ascii	"\022\002H  \335\226\321\314\312X<\372`k?\204\372\274"
  85      20DD96D1 
  85      CCCA583C 
  85      FA606B3F 
  85      84FABC
  86 00a4 5BEE6C5A 		.ascii	"[\356lZ0&\342\036\247M\210\031\215\025\350\277\030\227"
  86      3026E21E 
  86      A74D8819 
  86      8D15E8BF 
  86      1897
  87 00b6 08AB6812 		.ascii	"\010\253h\022\365s\364\343\302\357D\371\215Zi\315\035"
  87      F573F4E3 
  87      C2EF44F9 
  87      8D5A69CD 
  87      1D
  88 00c7 D7E0B04F 		.ascii	"\327\340\260O\315w\207\305\355\224\025\2347f\304=M'"
  88      CD7787C5 
  88      ED94159C 
  88      3766C43D 
  88      4D27
  89 00d9 42D139F3 		.ascii	"B\3219\363\351y\2504!\013\353\01022\276\177u\000A\""
  89      E979A834 
  89      210BEB08 
  89      3232BE7F 
  89      75004122 
  90 00ed EE753211 		.ascii	"\356u2\021\012\377 \3267\322\032@\313/\220\374\007\230"
  90      0AFF20D6 
  90      37D21A40 
  90      CB2F90FC 
  90      0798
  91 00ff C989AE11 		.ascii	"\311\211\256\021\327\363\332K\312\256T\247\020L\325"
  91      D7F3DA4B 
  91      CAAE54A7 
  91      104CD5
  92 010e B9C6F36E 		.ascii	"\271\306\363n\343\3656 \366\025\017bi\016\266Eb\212"
  92      E3F53620 
  92      F6150F62 
  92      690EB645 
  92      628A
  93 0120 72E29FF2 		.ascii	"r\342\237\362r\324\031D^G\037l\231\246\250\344\253o"
  93      72D41944 
  93      5E471F6C 
  93      99A6A8E4 
  93      AB6F
  94 0132 7267E755 		.ascii	"rg\347U\362\267\016\311\334[o\263\21753\230\026oE\005"
  94      F2B70EC9 
  94      DC5B6FB3 
  94      8F353398 
  94      166F4505 
  95 0146 6CC824D8 		.ascii	"l\310$\330\304\014(\203\241\015_\031\324e6\034\337\033"
  95      C40C2883 
  95      A10D5F19 
  95      D465361C 
ARM GAS  /tmp/cceAKuOx.s 			page 7


  95      DF1B
  96 0158 F309EB63 		.ascii	"\363\011\353cM\232\225\334=;\\\260\312\"\346\365\367"
  96      4D9A95DC 
  96      3D3B5CB0 
  96      CA22E6F5 
  96      F7
  97 0169 BB1CF525 		.ascii	"\273\034\365%\302\265T`\007Y6Y\276&q\306_\312\305\252"
  97      C2B55460 
  97      07593659 
  97      BE2671C6 
  97      5FCAC5AA 
  98 017d BEFE81EE 		.ascii	"\276\376\201\356\276\266\036B\357\027\031M\247\203"
  98      BEB61E42 
  98      EF17194D 
  98      A783
  99              		.text
 100              		.section	.gnu.lto___cxa_guard_release.2e9f37e61c420122,"",%progbits
 101 0000 789C658E 		.ascii	"x\234e\2161K\003A\020\205\347\315\336\035\201S\024A"
 101      314B0341 
 101      1085E7CD 
 101      DE1D8153 
 101      1441
 102 0012 90AB6C42 		.ascii	"\220\253lB:;{\177\202v\326Z\370\003\242u\366\342\375"
 102      3A3B7B7F 
 102      8276D65A 
 102      F803A275 
 102      F6E2FD
 103 0025 00491594 		.ascii	"\000I\025\224 (&\306h\002\202\205V\327i\241\204T\001"
 103      202826C6 
 103      68028285 
 103      56D769A1 
 103      845401
 104 0038 0B153C21 		.ascii	"\013\025<!\202B\202\202^\241q&)]\030v\337\354\307{\317"
 104      82428282 
 104      5EA17126 
 104      295D1876 
 104      DFECC77B 
 105 004d D0FF332B 		.ascii	"\320\3773+\023\200hB\205!0\311@\026\004*0\012x\345\001"
 105      13806842 
 105      852130C9 
 105      4016042A 
 105      300A78E5 
 106 0062 63276E94 		.ascii	"c'n\224\375\334\221\265\266\177p\035.\307H\205\373\340"
 106      FDDC91B5 
 106      B67F701D 
 106      2EC74885 
 106      FBE0
 107 0074 B1056AC8 		.ascii	"\261\005j\310\011S\252Fo\256\361A\362\276l~\336\371"
 107      0953AA46 
 107      6FAEF141 
 107      F2BE6C7E 
 107      DEF9
 108 0086 3D4E19F3 		.ascii	"=N\031\363*\257J7eO%;*\177{\365\225\354\241\265\305"
 108      2AAF4A37 
 108      654F253B 
 108      2A7F7BF5 
 108      95ECA1B5 
ARM GAS  /tmp/cceAKuOx.s 			page 8


 109 009b F8F6DC2E 		.ascii	"\370\366\334.9)\033\034\303\210\035\352\010p\202\200"
 109      39291B1C 
 109      C3881DEA 
 109      08708280 
 110 00ab 64456820 		.ascii	"dEh \253\364 \372\351\372^$\331\323\343H\234\302\323"
 110      ABF420FA 
 110      E9FA5E24 
 110      D9D3E348 
 110      9CC2D3
 111 00be 82AD99D8 		.ascii	"\202\255\231\330\016\207\317\2659\351;\202)\0315za\271"
 111      0E87CFB5 
 111      39E93B82 
 111      2919357A 
 111      61B9
 112 00d0 CC3D8AFD 		.ascii	"\314=\212\375\247Ee\305\3431iw2Z\300!\265\274\370\336"
 112      A74565C5 
 112      E3316977 
 112      325AC021 
 112      B5BCF8DE 
 113 00e4 7F9FAC60 		.ascii	"\177\237\254`/\2646^M\331\375\022\2073\211%4Q\201\000"
 113      2FB4365E 
 113      4DD9FD12 
 113      87338925 
 113      34518100 
 114 00f8 9DDDEAF6 		.ascii	"\235\335\352\366\224\362.\010-\371y@h\215\232i@\302"
 114      94F22E08 
 114      2DF97940 
 114      688D9A69 
 114      40C2
 115 010a 122F1999 		.ascii	"\022/\031\231\374\346\326Z~a\235\260\361\007vza\032"
 115      FCE6D65A 
 115      7E619DB0 
 115      F107767A 
 115      611A
 116              		.text
 117              		.section	.gnu.lto___cxa_guard_abort.2e9f37e61c420122,"",%progbits
 118 0000 789C6366 		.ascii	"x\234cf\300\004\242@\374\014\210\205A\034f\006F&\006"
 118      C004A240 
 118      FC0C8885 
 118      411C6606 
 118      462606
 119 0013 20666404 		.ascii	" fd\004r\030\031\352\231\030\353\031_2}db\234p`\365"
 119      721819EA 
 119      9918EB19 
 119      5F327D64 
 119      629C7060 
 120 0028 0C6EF5A5 		.ascii	"\014n\365\245\015\015\015\0376\035o\0148\300\370\023"
 120      0D0D0D1F 
 120      361D6F0C 
 120      38C0F813 
 121 0038 A8EE3313 		.ascii	"\250\3563\023\304\010\306\345\214\352@5\223\226\265"
 121      C408C6E5 
 121      8CEA4035 
 121      9396B5
 122 0047 BC6165E6 		.ascii	"\274ae\346fd\000\262w\256\373r\226\373\005\323O&F\005"
 122      666400B2 
 122      77AEFB72 
ARM GAS  /tmp/cceAKuOx.s 			page 9


 122      96FB05D3 
 122      4F264605 
 123 005b 1077D7A4 		.ascii	"\020w\327\244\0233\330@\\&\026\020\267\275\371\355\032"
 123      1333D840 
 123      5C261610 
 123      B7BDF9ED 
 123      1A
 124 006c 36665EB0 		.ascii	"6f^\260\312k\273\233\236p\263010\256fd\006\232\005\024"
 124      CA6BBB9B 
 124      9E70B330 
 124      3130AE66 
 124      64069A05 
 125 0081 B9F7E5CE 		.ascii	"\271\367\345\316nn\325\305\015\015M\007Nojp`\371\311"
 125      6E6ED5C5 
 125      0D0D4D07 
 125      4E6F6A70 
 125      60F9C9
 126 0094 C4CCB882 		.ascii	"\304\314\270\202\221\031h\033\343JF)\306U@\274\206\021"
 126      9119681B 
 126      E34A4629 
 126      C65540BC 
 126      8611
 127 00a6 24CAC0B8 		.ascii	"$\312\300\270\226Q\025\244\343c\313\337\353\334l-@\327"
 127      965115A4 
 127      E363CBDF 
 127      EBDC6C2D 
 127      40D7
 128 00b8 09401CC5 		.ascii	"\011@\034\305\270\216\221\015\344\205\365B\007\032\376"
 128      B88E910D 
 128      E485F542 
 128      071AFE
 129 00c7 FF5FBC5F 		.ascii	"\377_\274_\002\310y\002v\355S& \305|\217\221\021\244"
 129      02C87902 
 129      76ED5326 
 129      20C57C8F 
 129      9111A4
 130 00da 0424F084 		.ascii	"\004$\360\204\011(\007\024\343(.)M*\326Kf`Lg+\315+-"
 130      09280714 
 130      E3282E29 
 130      4D2AD64B 
 130      66604C67 
 131 00f2 4E4D0100 		.ascii	"NM\001\000\246\310Os"
 131      A6C84F73 
 132              		.text
 133              		.section	.gnu.lto_.symbol_nodes.2e9f37e61c420122,"",%progbits
 134 0000 789C55CD 		.ascii	"x\234U\315\275\021@@\030\204\341\275=\307\265\245\262"
 134      BD114040 
 134      1884E1BD 
 134      3DC7B5A5 
 134      B2
 135 0011 BD50A804 		.ascii	"\275P\250\00434\341_\005B\261J\0143\004\276\015\237"
 135      3334E15F 
 135      0542B14A 
 135      0C3304BE 
 135      0D9F
 136 0023 0D5E0FA0 		.ascii	"\015^\017\240\3027\016\024P\357\200\204\243\211\340"
 136      C2370E14 
ARM GAS  /tmp/cceAKuOx.s 			page 10


 136      50EF8084 
 136      A389E0
 137 0032 48390313 		.ascii	"H9\003\023E\0033\345\015,Tf`\245\302\037BO\264O\310"
 137      450333E5 
 137      0D2C5466 
 137      60A5C21F 
 137      424FB44F 
 138 0047 6D54FE1E 		.ascii	"mT\376\036H)\302\243@w^%n\363\277(\022"
 138      4829C2A3 
 138      40775E25 
 138      6EF3BF28 
 138      12
 139              		.text
 140              		.section	.gnu.lto_.refs.2e9f37e61c420122,"",%progbits
 141 0000 789C6366 		.ascii	"x\234cf```d\200\002\000\000=\000\005"
 141      60606064 
 141      80020000 
 141      3D0005
 142              		.text
 143              		.section	.gnu.lto_.decls.2e9f37e61c420122,"",%progbits
 144 0000 789C8D54 		.ascii	"x\234\215TkLSg\030>oO\257\307\016\324\031]\232%\303"
 144      6B4C5367 
 144      183E6F4F 
 144      AFC70ED4 
 144      195D9A25 
 145 0015 B8B09908 		.ascii	"\270\260\231\010\235n&\333/\311\366c\206\037\323d\361"
 145      9D6E26DB 
 145      2FC9F663 
 145      861FD364 
 145      F1
 146 0026 973FCE4A 		.ascii	"\227?\316J\351hcm\265-Q\177y\000\027\230\211K\207\023"
 146      E968636D 
 146      B52D517F 
 146      79001798 
 146      894B8713 
 147 003a 7182D6A9 		.ascii	"q\202\326\251s \343\246\342\005\271x\203bE.\"\202\240"
 147      7320E3A6 
 147      E205B978 
 147      8362452E 
 147      2282A0
 148 004d DC445061 		.ascii	"\334DPa\243N7\274\245{\277\357\234\266\247\210\331\276"
 148      A34E37BC 
 148      A57BBFEF 
 148      9CB6A788 
 148      D9BE
 149 005f E4EDF9BE 		.ascii	"\344\355\371\276\367\274\227\347{\236\267\207e\030\246"
 149      F7BC97E7 
 149      7B9EB787 
 149      6518A6
 150 006e 0C182684 		.ascii	"\014\030&\204\353}-\303$\343^\203\276\265Lt\221\363"
 150      EB7D2DC3 
 150      24E35E83 
 150      BEB54C74 
 150      91F3
 151 0080 09B45AB4 		.ascii	"\011\264Z\264\006\264\000Z\033Z\007Z?\032\2460w\231"
 151      06B4005A 
 151      1B5A075A 
ARM GAS  /tmp/cceAKuOx.s 			page 11


 151      3F1AA630 
 151      7799
 152 0092 D845E2B5 		.ascii	"\330E\342\265R\23584=Z*\332\000\332=\264Q\264\333R\254"
 152      529D3834 
 152      3D5A2ADA 
 152      00DA3DB4 
 152      51B4DB52 
 153 00a7 428AEF67 		.ascii	"B\212\357g^_\244'+\253qZ\362\203\364\216<\357\317\310"
 153      5E5FA427 
 153      2BAB715A 
 153      F283F48E 
 153      3CEFCFC8 
 154 00bb 21189533 		.ascii	"!\030\2253z\313\363\032f\351\023\220\360\312\2616\243"
 154      7ACBF31A 
 154      66E91390 
 154      F0CAB136 
 154      A3
 155 00cc 75A38DA3 		.ascii	"u\243\215\243M\240-\224\325\010H\317\311\031u\010/\352"
 155      4DA02D94 
 155      D50848CF 
 155      C9197508 
 155      2FEA
 156 00de 19BD9BA5 		.ascii	"\031\275\233\245\374nY~\333,\030:f\301\335,\313\351"
 156      FC6E597E 
 156      DB2C183A 
 156      66C1DD2C 
 156      CBE9
 157 00f0 982527A8 		.ascii	"\230%'\250\200\263\345OZ\347\214+ \216K \307s\371\376"
 157      80B3E54F 
 157      5AE78C2B 
 157      208E4B20 
 157      C773F9FE 
 158 0104 42351EF5 		.ascii	"B5\036\365\234\222\034/\266\235)\000%R\014\251\034\254"
 158      9C921C2F 
 158      B69D2900 
 158      25520CA9 
 158      1CAC
 159 0116 A7AE7F1A 		.ascii	"\247\256\177\032\256\004\325\213\366\010\270\2749\302"
 159      AE04D58B 
 159      F608B8BC 
 159      39C2
 160 0124 5C25AC5D 		.ascii	"\\%\254]\010\307\300\000\277\201\001\303Ja\021\376\226"
 160      08C7C000 
 160      BF8101C3 
 160      4A6111FE 
 160      96
 161 0135 8052AC7E 		.ascii	"\200R\254~\255\274\250M\305*\200\354\017\027\016uq\313"
 161      ADBCA84D 
 161      C52A80EC 
 161      0F170E75 
 161      71CB
 162 0147 4A312F4F 		.ascii	"J1/Ohl\204(\004oi\377)5\033O\203\232\262O\366s\354\""
 162      686C8428 
 162      046F69FF 
 162      29351B4F 
 162      839AB24F 
 163 015f BAEF1D7A 		.ascii	"\272\357\035z\320\245a\337\245\373\203\205\007n\351"
ARM GAS  /tmp/cceAKuOx.s 			page 12


 163      D0A561DF 
 163      A5FB8385 
 163      076EE9
 164 016e 11085400 		.ascii	"\021\010T\000+f\005|\302\224\206x\312\321\003\225@\301"
 164      2B66057C 
 164      C2948678 
 164      CAD10395 
 164      40C1
 165 0180 B54F8C9E 		.ascii	"\265O\214\236\217'\316\337\211\263Jt\026z\377,\346\022"
 165      8F27CEDF 
 165      89B34A74 
 165      167AFF2C 
 165      E612
 166 0192 0E08BEAA 		.ascii	"\016\010\276\252\251\326\352\036\275\340\027\032C\241"
 166      A9D6EA1E 
 166      BDE0171A 
 166      43A1
 167 01a0 06BD900B 		.ascii	"\006\275\220\013\004.\034\007\026\312`\031\302\256\306"
 167      042E1C07 
 167      16CA6019 
 167      C2AEC6
 168 01af 78721439 		.ascii	"xr\0249;\001\011\230\234\377\364e\251\202M\246 \312"
 168      3B010998 
 168      9CFFF465 
 168      A9824DA6 
 168      20CA
 169 01c1 EF5CDA82 		.ascii	"\357\\\332\202\334\244r\344\362\323d\350a;\272[n\264"
 169      DCA472E4 
 169      F2D364E8 
 169      613BBA5B 
 169      6EB4
 170 01d3 B5ABA89F 		.ascii	"\265\253\250\237\2704\030\251(\252m\016\262\300%\346"
 170      B83418A9 
 170      28AA6D0E 
 170      B2C025E6 
 171 01e3 4934E956 		.ascii	"I4\351V3\021\222\340\014$\022:IO8\205\316\032t\036\301"
 171      331192E0 
 171      0C24123A 
 171      494F3885 
 171      CE1A741E 
 172 01f8 B8A9899E 		.ascii	"\270\251\211\236@\234 (\3414pp2\214\212P\037\241\252"
 172      409C2028 
 172      E1347070 
 172      328C8A50 
 172      1FA1AA
 173 020b BE442851 		.ascii	"\276D(Q\312\311'\241Q\366\317R\366\327K\344\207\306"
 173      CAC927A1 
 173      51F6CF52 
 173      F6D74BE4 
 173      87C6
 174 021d F6FBD5EC 		.ascii	"\366\373\325\354N\240\330\177\335\363\242BGH\360M\265"
 174      4EA0D87F 
 174      DDF3A242 
 174      4748F04D 
 174      B5
 175 022e B6F74B24 		.ascii	"\266\367K$\254\242)p.\322\213!{\361\372\265\364\372"
 175      ACA22970 
ARM GAS  /tmp/cceAKuOx.s 			page 13


 175      2ED28B21 
 175      7BF1FAB5 
 175      F4FA
 176 0240 759D55A5 		.ascii	"u\235U\245z:\000\244\2238\001\303\317\367>\324\275q"
 176      7A3A00A4 
 176      933801C3 
 176      CFF73ED4 
 176      BD71
 177 0252 02EA2886 		.ascii	"\002\352(\206\363\341\011\350\372\351UW<\233/\202\370"
 177      F3E109E8 
 177      FAE95557 
 177      3C9B2F82 
 177      F8
 178 0263 39E7D823 		.ascii	"9\347\330#\021\304`Y\231Z\204@\022\240^\206\240>\214"
 178      11C46059 
 178      995A8440 
 178      12A05E86 
 178      A03E8C
 179 0276 A08122A8 		.ascii	"\240\201\"\250>|\264FG\0074\205\2248\262\247\240LE\007"
 179      3E7CB446 
 179      47073485 
 179      9438B2A7 
 179      A04C4507 
 180 028a 544B67E7 		.ascii	"TKg\347\344E\257\206-\024\313O^\271>\315\341\273\005"
 180      E445AF86 
 180      2D14CB4F 
 180      5EB93ECD 
 180      E1BB05
 181 029d 5420BAA8 		.ascii	"T \272\250@G\017\364u\277E\375!im\247\"\025\\\255\322"
 181      40470FF4 
 181      75BF45FD 
 181      21696DA7 
 181      22155CAD 
 182 02b2 402247B9 		.ascii	"@\"G\271\367\037\235\004\302}\023^\363b\224\373\005"
 182      F71F9D04 
 182      C27D135E 
 182      F36294FB 
 182      05
 183 02c3 12F75448 		.ascii	"\022\367TH_\2160/k9\003\215x\331\013D\311+\250\344\002"
 183      5F8E302F 
 183      6B39038D 
 183      78D90B44 
 183      C92BA8E4 
 184 02d8 49C94BE8 		.ascii	"I\311K\350\274\214N\354\327\372\264\270A\255\337)\010"
 184      BC8C4EEC 
 184      D7FAB4B8 
 184      41ADDF29 
 184      08
 185 02e9 D9A2F6B4 		.ascii	"\331\242\366\264h\224\241f\320Kr\216\007\033\373\304"
 185      6894A166 
 185      D04B728E 
 185      071BFBC4 
 186 02f9 BF17FA24 		.ascii	"\277\027\372$v+\377\310\317\220\223\233*Om\241\344\372"
 186      762BFFC8 
 186      CF90939B 
 186      2A4F6DA1 
 186      E4FA
ARM GAS  /tmp/cceAKuOx.s 			page 14


 187 030b C3E43EF1 		.ascii	"\303\344>\361^X\303\226\210\227\3377\231=6G\022\370"
 187      5E58C396 
 187      8897DF37 
 187      993D3647 
 187      12F8
 188 031d 71575460 		.ascii	"qWT`L\201\2532z\257\206\351\015Pz\377\017\204\030}["
 188      4C81AB32 
 188      7AAF86E9 
 188      0D507AFF 
 188      0F84187D 
 189 0332 29846B61 		.ascii	")\204ka\010\305/\376^\301\326\211\020\206\353\313\247"
 189      08C52FFE 
 189      5EC1D689 
 189      1086EBCB 
 189      A7
 190 0343 15A2BCE7 		.ascii	"\025\242\274\347\"\362b<\\\227\365\277\036\356\337F"
 190      22F2623C 
 190      5C97F5BF 
 190      1EEEDF46 
 191 0353 FBE7E6ED 		.ascii	"\373\347\346\355\237T\263\035b\201\303\317J\262T\264"
 191      9F54B31D 
 191      6281C3CF 
 191      4AB254B4 
 192 0363 80AFB65A 		.ascii	"\200\257\266ZH\331!\274\014\205XZ\241]V\241=\\\241\203"
 192      48D921BC 
 192      0C85585A 
 192      A15D56A1 
 192      3D5CA183 
 193 0377 56F01F2F 		.ascii	"V\360\037/\376\206\035\241\005\224#E\2255\361\220h0"
 193      FE861DA1 
 193      05942345 
 193      9535F190 
 193      6830
 194 0389 5051F384 		.ascii	"PQ\363\204\024\350F\352;\245\004q\025\242\177z\025y"
 194      14E846EA 
 194      3BA50471 
 194      15A27F7A 
 194      1579
 195 039b 815B2D7D 		.ascii	"\201[-}\346\021\251\246\362\005\366\035\006\226\031"
 195      E611A9A6 
 195      F205F61D 
 195      069619
 196 03aa 60294A7B 		.ascii	"`)J{\003\245%\257\030\270\211W\357\022\205\035\336\035"
 196      03A525AF 
 196      18B88957 
 196      EF12851D 
 196      DE1D
 197 03bc FC5EC549 		.ascii	"\374^\305I\321y\377\025=\266\343/?'\037\203[1c\320\023"
 197      D179FF15 
 197      3DB6E32F 
 197      3F271F83 
 197      5B3163D0 
 198 03d1 1983FD4F 		.ascii	"\031\203\375O&~\320P\015z\"\032\324\\\336U\251}\243"
 198      267ED050 
 198      0D7A221A 
 198      D45CDE55 
 198      A97DA3
ARM GAS  /tmp/cceAKuOx.s 			page 15


 199 03e4 08B7A908 		.ascii	"\010\267\251\010\275a\021*v\017=\326\262\343\"\211\227"
 199      BD61112A 
 199      760F3DD6 
 199      B2E32289 
 199      97
 200 03f5 5BAABC71 		.ascii	"[\252\274qH\342\2400\365p\354q\312\2179\336#\302`(\364"
 200      48E2A030 
 200      F570EC71 
 200      CA8F39DE 
 200      23C26028 
 201 040a 1ECD823E 		.ascii	"\036\315\202>\031\221}a\"\373)\221\275\271\375\303Z"
 201      19917D61 
 201      22FB2991 
 201      BDB9FDC3 
 201      5A
 202 041b B648FC5A 		.ascii	"\266H\374Z\267\274\032\013*\227\034\022|\277L\371G\233"
 202      B7BC1A0B 
 202      2A971C12 
 202      7CBF4CF9 
 202      479B
 203 042d D87D822F 		.ascii	"\330}\202/[\020\210\236\260F\017w\304\"2@wH)\370\000"
 203      5B10889E 
 203      B0460F77 
 203      C4223240 
 203      774829F8 
 204 0442 A9B80B4B 		.ascii	"\251\270\013K0\375YU\323\344\034\371\335I\357h\370\200"
 204      30FD5955 
 204      D3E41CF9 
 204      DD49EF68 
 204      F880
 205 0454 7877F224 		.ascii	"xw\362$D\325O\010\012\372\027_KZ\357z\036l\215\243\177"
 205      44D54F08 
 205      0AFA175F 
 205      4B5AEF7A 
 205      1E6C8DA3 
 206 0469 718E1C7B 		.ascii	"q\216\034{\374{W\322\223\216\216\371\315\221F5\027\375"
 206      FC7B57D2 
 206      938E8EF9 
 206      CD914635 
 206      17FD
 207 047b AEA25F56 		.ascii	"\256\242_Vw\204j\360\241\001\206E\011\372\262\252s`"
 207      77846AF0 
 207      A1018645 
 207      09FAB2AA 
 207      7360
 208 048d BE97460B 		.ascii	"\276\227F\013B\002\320q\030\304\360!\032~\017\346\207"
 208      4202D071 
 208      18C4F021 
 208      1A7E0FE6 
 208      87
 209 049e 93E80133 		.ascii	"\223\350\0013:{\203u\254\0348\272e\015F%\340\243\024"
 209      3A7B8375 
 209      AC1C38BA 
 209      650D4625 
 209      E0A314
 210 04b1 F8B581FA 		.ascii	"\370\265\201\372\\X|\220|?Z\273\224Y\200\"\321\017\247"
 210      5C587C90 
ARM GAS  /tmp/cceAKuOx.s 			page 16


 210      7C3F5ABB 
 210      94598022 
 210      D10FA7
 211 04c4 C8EA7D58 		.ascii	"\310\352}X\2141{\013\002E\032\266\204\262\252<\364]"
 211      8C317B0B 
 211      02451AB6 
 211      84B2AA3C 
 211      F45D
 212 04d6 419F1674 		.ascii	"A\237\026t\206DC.\035\242l\357\\\210\014\321C\034\242"
 212      8644432E 
 212      1DA26CEF 
 212      5C880CD1 
 212      431CA2
 213 04e9 71D061E6 		.ascii	"q\320a\346\003\354\367\010\373\221\371$\236\3600\343"
 213      03ECF708 
 213      FB91F924 
 213      9EF030E3 
 214 04f9 1EC65E1B 		.ascii	"\036\306^\033f1\206\374`\273\332\321\201\226\230oOw"
 214      663186FC 
 214      60BBDAD1 
 214      8196986F 
 214      4F77
 215 050b CCD04DE0 		.ascii	"\314\320M\340\200I\237\266\011z\205\023\235c;T\364\012"
 215      80499FB6 
 215      097A8513 
 215      9D633B54 
 215      F40A
 216 051d BEB3429E 		.ascii	"\276\263B\236\226\241W\010\204\2570\011\213\031\025"
 216      96A15708 
 216      84AF3009 
 216      8B1915
 217 052c 6FD96AF3 		.ascii	"o\331j\363\250\277\374j]\302\027\214\306\341\364X]\316"
 217      A8BFFC6A 
 217      5DC2178C 
 217      C6E1F458 
 217      5DCE
 218 053e 2D4ABBC5 		.ascii	"-J\273\305\364\255\326\341tY<\231.\207\326\355\311L"
 218      F4ADD6E1 
 218      74593C99 
 218      2E87D6ED 
 218      C94C
 219 0550 73279B19 		.ascii	"s'\233\031\325&[:\357Yg\264:7Z\214\033\334\031\3064"
 219      D5265B3A 
 219      EF5967B4 
 219      3A375A8C 
 219      1BDC19C6 
 220 0565 9BC39861 		.ascii	"\233\303\230a6'\231\\\033\303\317$\207\323aI\262\230"
 220      3627995C 
 220      1BC3CF24 
 220      87D36149 
 220      B298
 221 0577 D26C499F 		.ascii	"\322lI\237\360\237%\255\370h\371\312\315\037\033c^\030"
 221      F09F25AD 
 221      F868F9CA 
 221      CD1F1B63 
 221      5E18
 222 0589 6D0EB33D 		.ascii	"m\016\263=3\335btos\033=\3336Y\334\311VF\303gX<X_\305"
ARM GAS  /tmp/cceAKuOx.s 			page 17


 222      33DD6274 
 222      6F731B3D 
 222      DB3659DC 
 222      C95646C3 
 223 05a3 6FB0D9ED 		.ascii	"o\260\331\355\032\236\317\3104\271\322\245\326V\346"
 223      1A9ECFC8 
 223      34B9D2A5 
 223      D656E6
 224 05b2 6D9E376F 		.ascii	"m\2367o5\211N\336d\336\234isYb|.\013bv[\346\305\304"
 224      35894EDE 
 224      64DE9C69 
 224      7359627C 
 224      2E0B6276 
 225 05ca A5395D1E 		.ascii	"\2459]\036\245\331jr\351\314\326\257\267\271W\233\354"
 225      A5D96A72 
 225      E9CCD6AF 
 225      B7B9579B 
 225      EC
 226 05db 9EA566AB 		.ascii	"\236\245f\253-\315\346t\363n\217)\315nIZ\376i\362\212"
 226      2DCDE674 
 226      F36E8F29 
 226      CD6E495A 
 226      FE69F28A 
 227 05ef E4AD46A7 		.ascii	"\344\255F\247\333\350\362D\200\231\255\330R\317\363"
 227      DBE8F244 
 227      8099ADD8 
 227      52CFF3
 228 05fe E96E276F 		.ascii	"\351n'o59\322\355\026\025\377\271\323i\377\027\357\331"
 228      3539D2ED 
 228      1615FFB9 
 228      D369FF17 
 228      EFD9
 229 0610 0FBB     		.ascii	"\017\273"
 230              		.text
 231              		.section	.gnu.lto_.symtab.2e9f37e61c420122,"",%progbits
 232 0000 5F676574 		.ascii	"_getpid\000\000\000\000\000\000\000\000\000\000\000"
 232      70696400 
 232      00000000 
 232      00000000 
 232      0000
 233 0012 00BB0000 		.ascii	"\000\273\000\000\000_kill\000\000\000\000\000\000\000"
 233      005F6B69 
 233      6C6C0000 
 233      00000000 
 233      00
 234 0023 00000000 		.ascii	"\000\000\000\000\000\277\000\000\000__cxa_guard_acq"
 234      00BF0000 
 234      005F5F63 
 234      78615F67 
 234      75617264 
 235 003b 75697265 		.ascii	"uire\000\000\000\000\000\000\000\000\000\000\000\000"
 235      00000000 
 235      00000000 
 235      00000000 
 236 004b CB000000 		.ascii	"\313\000\000\000__cxa_guard_release\000\000\000\000"
 236      5F5F6378 
 236      615F6775 
ARM GAS  /tmp/cceAKuOx.s 			page 18


 236      6172645F 
 236      72656C65 
 237 0066 00000000 		.ascii	"\000\000\000\000\000\000\000\000\317\000\000\000__c"
 237      00000000 
 237      CF000000 
 237      5F5F63
 238 0075 78615F67 		.ascii	"xa_guard_abort\000\000\000\000\000\000\000\000\000\000"
 238      75617264 
 238      5F61626F 
 238      72740000 
 238      00000000 
 239 008d 0000D100 		.ascii	"\000\000\321\000\000\000__dso_handle\000\000\000\000"
 239      00005F5F 
 239      64736F5F 
 239      68616E64 
 239      6C650000 
 240 00a3 00000000 		.ascii	"\000\000\000\000\000\000\000\000\336\000\000\000chS"
 240      00000000 
 240      DE000000 
 240      636853
 241 00b2 79734861 		.ascii	"ysHalt\000\000\002\000\000\000\000\000\000\000\000\000"
 241      6C740000 
 241      02000000 
 241      00000000 
 241      0000
 242 00c4 DC000000 		.ascii	"\334\000\000\000"
 243              		.text
 244              		.section	.gnu.lto_.opts,"",%progbits
 245 0000 272D666E 		.ascii	"'-fno-trapv' '-fno-strict-overflow' '-mcpu=cortex-m"
 245      6F2D7472 
 245      61707627 
 245      20272D66 
 245      6E6F2D73 
 246 0033 34272027 		.ascii	"4' '-mfloat-abi=hard' '-mfpu=fpv4-sp-d16' '-mno-thu"
 246      2D6D666C 
 246      6F61742D 
 246      6162693D 
 246      68617264 
 247 0066 6D622D69 		.ascii	"mb-interwork' '-mthumb' '-ggdb' '-O0' '-fomit-frame"
 247      6E746572 
 247      776F726B 
 247      2720272D 
 247      6D746875 
 248 0099 2D706F69 		.ascii	"-pointer' '-falign-functions=16' '-ffunction-sectio"
 248      6E746572 
 248      2720272D 
 248      66616C69 
 248      676E2D66 
 249 00cc 6E732720 		.ascii	"ns' '-fdata-sections' '-fno-common' '-flto' '-fsing"
 249      272D6664 
 249      6174612D 
 249      73656374 
 249      696F6E73 
 250 00ff 6C652D70 		.ascii	"le-precision-constant'\000"
 250      72656369 
 250      73696F6E 
 250      2D636F6E 
ARM GAS  /tmp/cceAKuOx.s 			page 19


 250      7374616E 
 251              		.text
 252              		.comm	__gnu_lto_v1,1,1
 253              		.comm	__gnu_lto_slim,1,1
 254              		.ident	"GCC: (GNU Tools for ARM Embedded Processors) 4.9.3 20150529 (release) [ARM/embedded-4_9-br
ARM GAS  /tmp/cceAKuOx.s 			page 20


DEFINED SYMBOLS
                            *ABS*:00000000 stubs.c
                            *COM*:00000001 __gnu_lto_v1
                            *COM*:00000001 __gnu_lto_slim

NO UNDEFINED SYMBOLS
