ARM GAS  /tmp/ccHE5vpn.s 			page 1


   1              		.cpu cortex-m4
   2              		.eabi_attribute 27, 1
   3              		.eabi_attribute 20, 1
   4              		.eabi_attribute 21, 1
   5              		.eabi_attribute 23, 3
   6              		.eabi_attribute 24, 1
   7              		.eabi_attribute 25, 1
   8              		.eabi_attribute 26, 1
   9              		.eabi_attribute 30, 6
  10              		.eabi_attribute 34, 1
  11              		.eabi_attribute 18, 4
  12              		.file	"wc_encrypt.c"
  13              		.text
  14              	.Ltext0:
  15              		.section	.gnu.lto_.inline.11b426d0762fecf2,"",%progbits
  16 0000 789C6365 		.ascii	"x\234ce`b\360c@\000F\006\006\345\033@\232\211\257\241"
  16      6062F063 
  16      40004606 
  16      06E51B40 
  16      9A89AFA1 
  17 0014 96810528 		.ascii	"\226\201\005(\011bs\003\305'\370A)6~\006\006\226\011"
  17      09627303 
  17      C527F841 
  17      29367E06 
  17      069609
  18 0027 7E10C82E 		.ascii	"~\020\310.\300\300\300\012\3430\260\362100\003i\006"
  18      C0C0C00A 
  18      E330B0F2 
  18      31303003 
  18      6906
  19 0039 165E06B0 		.ascii	"\026^\006\260V\000\350\245\014i"
  19      5600E8A5 
  19      0C69
  20              		.text
  21              		.section	.gnu.lto_wc_AesCbcEncryptWithKey.11b426d0762fecf2,"",%progbits
  22 0000 789C6D94 		.ascii	"x\234m\224]l\024U\024\307\357\2313_\333\335n[(\244M"
  22      5D6C1455 
  22      14C7EF99 
  22      335FDBDD 
  22      6E5B28A4 
  23 0015 F781189B 		.ascii	"\367\201\030\233Z\022[\365\211\027\023\037L\344\301"
  23      5A125BF5 
  23      8917131F 
  23      4CE4C1
  24 0024 071312A3 		.ascii	"\007\023\022\243\017\006a\263\306\306\2465\335U>\036"
  24      0F0661B3 
  24      C6C6A635 
  24      DD553E1E 
  25 0034 DC497797 		.ascii	"\334Iw\227\032\233\"*\375\230m\267[QR\264\265\205\202"
  25      1A9B222A 
  25      FD986DB7 
  25      5B5152B4 
  25      B58582
  26 0047 4257285B 		.ascii	"BW([\212I\215VR\242\020\027\252\004\211\320\024\013"
  26      8A498D56 
  26      52A21017 
  26      AA0489D0 
ARM GAS  /tmp/ccHE5vpn.s 			page 2


  26      140B
  27 0059 6A81442D 		.ascii	"j\201D-x\316\235it\233\335df\356\234{~\377\363\277\367"
  27      78CE9D69 
  27      749BDD64 
  27      66EE9C7B 
  27      7EFFF3BF 
  28 006e 9E1D4D28 		.ascii	"\236\035M(\242U\023\342e!\304\013t\211\"\001\212\240"
  28      A25513E2 
  28      6521C40B 
  28      74892201 
  28      8AA0
  29 0080 4B41212C 		.ascii	"KA!,E\245\233\212\340\241\210\252h\03419\242):\217\015"
  29      45A59B8A 
  29      E0A188AA 
  29      681C3139 
  29      A2293A8F 
  30 0095 1EEB400F 		.ascii	"\036\353@\0170\200&\300\224\231\036\000\022\002\021"
  30      308026C0 
  30      94991E00 
  30      120211
  31 00a4 5550D574 		.ascii	"UP\325t\303\364@\024\336\305n\204\331\370\341>\334\213"
  31      C3F44014 
  31      DEC56E84 
  31      D9F8E13E 
  31      DC8B
  32 00b6 6924357A 		.ascii	"i$5z\375}&\371\213\237_\0016\320\353\017\373G\206|\265"
  32      FD7D26F9 
  32      8B9F5F01 
  32      36D0EB0F 
  32      FB47867C 
  33 00cb 8316FDB2 		.ascii	"\203\026\375\262\335czg,\2619\215\212\260)\373\020\004"
  33      DD637A67 
  33      2CB1398D 
  33      8AB029FB 
  33      1004
  34 00dd 601002AC 		.ascii	"`\020\002\254\372\011\324R\356\367\227\317}\215\370"
  34      FA09D452 
  34      EEF797CF 
  34      7D8DF8
  35 00ec 14081A5F 		.ascii	"\024\010\032_<\270\330\243\324\034\264\254V+{y?Z\017"
  35      3CB8D8A3 
  35      D41CB4AC 
  35      562B7B79 
  35      3F5A0F
  36 00ff A711E153 		.ascii	"\247\021\341S\300\377\203\024\0220\0045\224\336;|\376"
  36      C0FF8314 
  36      12300435 
  36      94DE3B7C 
  36      FE
  37 0110 EF627C5A 		.ascii	"\357b|Z\242\227n\357I\350.z\255K\242*\014\257FU\001"
  37      A2976EEF 
  37      49E82E7A 
  37      AD4BA22A 
  37      0CAF4655 
  38 0125 9F49B46B 		.ascii	"\237I\264k_n\312\213\317Ht\372\203\245\011\237\213\376"
  38      5F6ECA8B 
  38      CF4874FA 
ARM GAS  /tmp/ccHE5vpn.s 			page 3


  38      83A5099F 
  38      8BFE
  39 0137 D32D510D 		.ascii	"\323-Q\015FV\243\232\200Q\211\366\177\323\337\346\303"
  39      4656A39A 
  39      805189F6 
  39      7FD3DFE6 
  39      C3
  40 0148 6725FAF1 		.ascii	"g%\372\361\374d\316p\321\013\366\232\316\230\265\231"
  40      FC64CE70 
  40      D10BF69A 
  40      CE98B599 
  41 0158 EB1E2E50 		.ascii	"\353\036.P\367\210\204\347\006\337>\256\341s\022\236"
  41      F78884E7 
  41      06DF3EAE 
  41      E173129E 
  42 0168 99587EC4 		.ascii	"\231X~\304eov\271e\307\012\224=*\311t\346@\217\007\237"
  42      656F76B9 
  42      65C70A94 
  42      3D2AC974 
  42      E6408F07 
  43 017d 97E48FB7 		.ascii	"\227\344\217\267/\316\371]\364l\245meU\256z\254@\325"
  43      2FCEF95D 
  43      F46CA56D 
  43      6555AE7A 
  43      AC40D5
  44 0190 CFA18681 		.ascii	"\317\241\206\201\273}\223\313\305\370\242\204\343\023"
  44      BB7D93CB 
  44      C5F8A284 
  44      E313
  45 019e 565CABFE 		.ascii	"V\\\253\376H\302w\355\362\367b\326\264E\274\016_\344"
  45      48C277ED 
  45      F2F762D6 
  45      B445BC0E 
  45      5FE4
  46 01b0 F3FCA3F4 		.ascii	"\363\374\243\364\245\314\261\031\300\227\034\307\255"
  46      A5CCB119 
  46      C0971CC7 
  46      AD
  47 01bd 3FCF1631 		.ascii	"?\317\0261J\347z\225\353\3067\320\271\302\211\202\340"
  47      4AE77A95 
  47      EBC637D0 
  47      B9C28982 
  47      E0
  48 01ce D523F73B 		.ascii	"\325#\367;\213u\025\306\241\032\216C5\237>\035z\006"
  48      8B7515C6 
  48      A11A8E43 
  48      359F3E1D 
  48      7A06
  49 01e0 746A296E 		.ascii	"tj)n\241?n\365,{Yl\037\371H\226\276\037KH\037\253\333"
  49      A13F6EF5 
  49      2C7B596C 
  49      1FF94896 
  49      BE1F4B48 
  50 01f7 84982F49 		.ascii	"\204\230/I\301U\031=\017Y\353\376\2036+\373S\345\207"
  50      C155193D 
  50      0F59EBFE 
  50      83362BFB 
ARM GAS  /tmp/ccHE5vpn.s 			page 4


  50      53E587
  51 020a A7FC0110 		.ascii	"\247\374\001\020<\243\310;\322\222\251\221yh\012N\366"
  51      3CA3C83B 
  51      D292A991 
  51      79680A4E 
  51      F6
  52 021b CABB8FC3 		.ascii	"\312\273\217\303~\031.\001>\206R\340--\003\336\234\265"
  52      7E192E01 
  52      3E8652E0 
  52      2D2D03DE 
  52      9CB5
  53 022d 325E0EDC 		.ascii	"2^\016\334Q\353\200\233c=\3609W\310x\025\243B\274\303"
  53      51EB809B 
  53      633DF039 
  53      57C87815 
  53      A342BCC3 
  54 0241 CE453B0F 		.ascii	"\316E;\017q\036Z\227n\364M\351\274\220\024\032\2601"
  54      711E5A97 
  54      6EF44DE9 
  54      BC90141A 
  54      B031
  55 0253 203874A8 		.ascii	" 8t\250\037\235\210\311\315\2258s\316\340\177\003-\025"
  55      1F9D88C9 
  55      CD953873 
  55      CEE07F03 
  55      2D15
  56 0265 4ED22A16 		.ascii	"N\322*\026 1p\264\243\322\311\360R\306\370\370\315K"
  56      203170B4 
  56      A3D2C9F0 
  56      52C6F8F8 
  56      CD4B
  57 0277 4674D932 		.ascii	"Ft\3312\323h\330H\033\002\247 *\240.\300\207\233\374"
  57      D368D848 
  57      1B02A720 
  57      2AA02EC0 
  57      879BFC
  58 028a F64A09D3 		.ascii	"\366J\011\323\012\014?\004\023\020H\243)\256A<7\265"
  58      0A0C3F04 
  58      131048A3 
  58      29AE413C 
  58      37B5
  59 029c 987CCC95 		.ascii	"\230|\314\225\220\252\216)\\15\022+rf}$2t`\350\204\351"
  59      90AA8E29 
  59      5C313512 
  59      2B72667D 
  59      24327460 
  60 02b3 88C4A270 		.ascii	"\210\304\242pZf\267SC\010\\\200=\003\327W\274\370\363"
  60      5A66B753 
  60      43085C80 
  60      3D03D757 
  60      BCF8F3
  61 02c6 BD786C5E 		.ascii	"\275xl^#d\311\013\027\221vN\216u\334\003G\351-\230d"
  61      2364C90B 
  61      1791764E 
  61      8E75DC03 
  61      47E92D98 
  62 02db 37458E9B 		.ascii	"7E\216\233\013\275\256\033?o\202cF\223\005z\254\245"
ARM GAS  /tmp/ccHE5vpn.s 			page 5


  62      0BBDAE1B 
  62      3F6F8263 
  62      4693057A 
  62      ACA5
  63 02ed B959773F 		.ascii	"\271Yw?\326\346W\360\332l\030\3168\025RX\222\302\322"
  63      D6E657F0 
  63      DA6C18CE 
  63      38155258 
  63      92C2D2
  64 0300 14969142 		.ascii	"\024\226\221B\032}\216\356\257\275\233\\\364?]]\352"
  64      1A7D8EEE 
  64      AFBD9B5C 
  64      F43F5D5D 
  64      EA
  65 0311 B60DDCEB 		.ascii	"\266\015\334\353\250u\346*\362e\213m^\033L\255\310\226"
  65      A875E62A 
  65      F2658B6D 
  65      5E1B4CAD 
  65      C896
  66 0323 A7705D0A 		.ascii	"\247p]\012\327\247\321/qC\342\361\201\007\316\272E>"
  66      D7A7D12F 
  66      7143E2F1 
  66      8107CEBA 
  66      453E
  67 0335 5C62B36F 		.ascii	"\\b\263o8\353\300i,\025\342\016\000\325\327\376Z\274"
  67      38EBC069 
  67      2C15E20E 
  67      00D5D7FE 
  67      5ABC
  68 0347 41CF0A3D 		.ascii	"A\317\012=skZ!\031\323\225\031\335\253\025\220)\263"
  68      736B5A21 
  68      19D39519 
  68      DDAB1590 
  68      29B3
  69 0359 D9267CB5 		.ascii	"\331&|\265\"\263\206\033\243k\376\273\230\341X\256J"
  69      22B3861B 
  69      A36BFEBB 
  69      98E158AE 
  69      4A
  70 036a F1E6DE01 		.ascii	"\361\346\336\001\205vL\315,N\2232\177o\333\221>\264"
  70      85764CCD 
  70      2C4E9332 
  70      7F6FDB91 
  70      3EB4
  71 037c 789D3EB4 		.ascii	"x\235>\264I\332\231\337\350\223\235\342-\242D\244\243"
  71      49DA99DF 
  71      E8939DE2 
  71      2DA244A4 
  71      A3
  72 038d C4DC4296 		.ascii	"\304\334B\226\200*3\367\347\025\240F\244V!\221'\203"
  72      802A33F7 
  72      E715A046 
  72      A4562191 
  72      2783
  73 039f AF366C6F 		.ascii	"\2576loh\016o\015G\266mo\014=\372\370\246\272'\352v"
  73      680E6F0D 
  73      47B66D6F 
ARM GAS  /tmp/ccHE5vpn.s 			page 6


  73      0C3DFAF8 
  73      A6BA27EA 
  74 03b4 D6877646 		.ascii	"\326\207vF\352w47\276\022\0167\312g\260e\327\353\221"
  74      EA773437 
  74      BE120E37 
  74      CA67B065 
  74      D7EB91
  75 03c7 FA704BB0 		.ascii	"\372pK\260~Gpk\250I\276\326\005\0056\277\021Q\032\232"
  75      7E47706B 
  75      A849BED6 
  75      050536BF 
  75      11511A9A 
  76 03db D486A62D 		.ascii	"\324\206\246-\273\361\265\320.\215\256-\273\225\206"
  76      BBF1B5D0 
  76      2E8DAE2D 
  76      BB9586
  77 03ea 37715B28 		.ascii	"7q[(\214-\241\310\277\015\326\302L"
  77      8C2DA1C8 
  77      BF0DD6C2 
  77      4C
  78              		.text
  79              		.section	.gnu.lto_.symbol_nodes.11b426d0762fecf2,"",%progbits
  80 0000 789C55C9 		.ascii	"x\234U\311\301\015\202@\024E\321;o\030BYR\331\307\204"
  80      C10D8240 
  80      1445D13B 
  80      6F184259 
  80      52D9C784 
  81 0014 C8960EEC 		.ascii	"\310\226\016\354\300\002X\317\006ThA\023\227\326`\030"
  81      C00258CF 
  81      06546841 
  81      1397D660 
  81      18
  82 0025 60E3FCCD 		.ascii	"`\343\374\315\2739? n\244\323(\203~\2064\303\271\006"
  82      BB393F20 
  82      6EA4D328 
  82      837E8634 
  82      C3B906
  83 0038 B7C8DC2E 		.ascii	"\267\310\334.\3204\247\004\263L\031<e>\203\207\254\310"
  83      D034A704 
  83      B34C193C 
  83      653E8387 
  83      ACC8
  84 004a E02E0B19 		.ascii	"\340.\013\031L\262\362\037<%\237\327\257\366\004\342"
  84      4CB2F21F 
  84      3C259FD7 
  84      AFF604E2 
  85 005a 7BDB82F6 		.ascii	"{\333\202\366\362\275V>\275\342\021\242\355\366p\304"
  85      F2BD563E 
  85      BDE211A2 
  85      EDF670C4 
  86 006a 2D580106 		.ascii	"-X\001\006:-\377"
  86      3A2DFF
  87              		.text
  88              		.section	.gnu.lto_.refs.11b426d0762fecf2,"",%progbits
  89 0000 789C6365 		.ascii	"x\234ce`b`d\000\002\000\000I\000\011"
  89      60626064 
  89      00020000 
ARM GAS  /tmp/ccHE5vpn.s 			page 7


  89      490009
  90              		.text
  91              		.section	.gnu.lto_.decls.11b426d0762fecf2,"",%progbits
  92 0000 789C9D96 		.ascii	"x\234\235\226iPTW\026\307\337y\257Y\272i\226B\022\321"
  92      69505457 
  92      16C7DF79 
  92      AF59BA69 
  92      964212D1 
  93 0014 A16AACD8 		.ascii	"\241j\254\330\037\230\017\003\232|\231\312$U\246R\223"
  93      1F980F03 
  93      9A7C99CA 
  93      2455A652 
  93      93
  94 0025 496A6A46 		.ascii	"IjjF\253\2462\363\321\022\322\031\255\020\241\240S\206"
  94      ABA632F3 
  94      D112D219 
  94      AD10A1A0 
  94      5386
  95 0037 6F8F4540 		.ascii	"o\217E@\"\006\332 \233\315\342J\003\002F\305];l\202"
  95      2206DA20 
  95      9BCDE24A 
  95      030246C5 
  95      5D3B6C82 
  96 004b B48A5141 		.ascii	"\264\212QAQ\026QA\005\025\032d\025\311\271\313{\257"
  96      51165141 
  96      05151A64 
  96      15C9B9CB 
  96      7BAF
  97 005d BB233599 		.ascii	"\273#5\231yU\247_\337{\377\367\334\3379w{>\202(\304"
  97      7955A75F 
  97      DF7BFFF7 
  97      DCDF3977 
  97      7B3E8228 
  98 0072 06094202 		.ascii	"\006\011B\002\010\202S\020\204E|D|\037\021\264\307\017"
  98      08825310 
  98      84457C44 
  98      7C1F11B4 
  98      C70F
  99 0084 AD09ED12 		.ascii	"\255\011\355\022\332\034\032\240V\217\026\214\026\006"
  99      DA1C1AA0 
  99      568F168C 
  99      1606
 100 0092 C2AF9E4C 		.ascii	"\302\257\236L\254[\206\357P\2640\264\015h\027\320\216"
 100      AC5B86EF 
 100      50B430B4 
 100      0D6817D0 
 100      8E
 101 00a3 A19D469B 		.ascii	"\241\235F\233F{\213h\320\336F\013B[\216\346\217\026"
 101      467B8B68 
 101      D0DE460B 
 101      425B8EE6 
 101      8F16
 102 00b5 4EFCA1AD 		.ascii	"N\374\241\255@\233\305\277+\361\335\352\305\021\306"
 102      409BC5BF 
 102      2BF1DDEA 
 102      C511C6
 103 00c4 C7260C84 		.ascii	"\307&\014\204e\216\263\221\256\277\363\342)\220\240"
ARM GAS  /tmp/ccHE5vpn.s 			page 8


 103      658EB391 
 103      AEBFF3E2 
 103      2990A0
 104 00d3 C53657A7 		.ascii	"\3056W\247\357\203{\324s\010\220\036^\"\340\201\323"
 104      EF837BD4 
 104      7308901E 
 104      5E22E081 
 104      D3
 105 00e4 873BC547 		.ascii	"\207;\305GT\332\230\310;R.Ds\023jr\017\217\232\023\362"
 105      54DA98C8 
 105      3B522E44 
 105      73136A72 
 105      0F8F9A13 
 106 00f9 0814C29D 		.ascii	"\010\024\302\235\202\025\031\232\310\013j\273\242us"
 106      8215199A 
 106      C80B6ABB 
 106      A27573
 107 0108 C8A38037 		.ascii	"\310\243\2007`\261GR\242\037\3359Q\246\353\207^\200"
 107      60B14752 
 107      A21FDD39 
 107      51A6EB87 
 107      5E80
 108 011a 00A17C1D 		.ascii	"\000\241|\035\320\272\033g\\W\203$\034\007\377\367\317"
 108      D0BA1B67 
 108      5C578324 
 108      1C07FFF7 
 108      CF
 109 012b 567E1255 		.ascii	"V~\022U#\263\307\377}-m\327\323\353\367J\273$\0105\200"
 109      23B3C7FF 
 109      7D2D6DD7 
 109      D3EBF74A 
 109      BB240835 
 110 0140 0E8BE357 		.ascii	"\016\213\343W\212\037\004a1\314\000\253\260X\267\375"
 110      8A1F0461 
 110      31CC00AB 
 110      B058B7FD 
 111 0150 A1DD1F8B 		.ascii	"\241\335\037\213\021\006X\004R\036==\033\310\312\244"
 111      11065804 
 111      521E3D3D 
 111      1BC8CAA4 
 112 0160 F3E49986 		.ascii	"\363\344\231\206i\243\264\232\374\027\313&\237e\372"
 112      69A3B49A 
 112      FC17CB26 
 112      9F65FA
 113 016f 40A4E110 		.ascii	"@\244\341\020\031\301q\351\340\362vY\016\201\243`\200"
 113      19C171E9 
 113      E0F27659 
 113      0E81A360 
 113      80
 114 0180 3A90A00A 		.ascii	":\220\240\012\242Hx\021\006\374\315\222\345Tyl\237,"
 114      A2487811 
 114      06FCCD92 
 114      E554796C 
 114      9F2C
 115 0192 850BF05E 		.ascii	"\205\013\360^\004\254\211\020\240\036\"\211O\242\202"
 115      04AC8910 
 115      A01E2289 
ARM GAS  /tmp/ccHE5vpn.s 			page 9


 115      4FA282
 116 01a1 5A888023 		.ascii	"Z\210\200#\020A\374\337\231\250sJ\006\256\317\372\357"
 116      1041FCDF 
 116      99A8734A 
 116      06AECFFA 
 116      EF
 117 01b2 7A6B437E 		.ascii	"zkC~\216\2171\233\350s\323d\375\247\360#\016_\203\355"
 117      8E8F319B 
 117      E873D364 
 117      FDA7F023 
 117      0E5F83ED 
 118 01c6 D5D82EC0 		.ascii	"\325\330.\30010\362\250\353n\237t\372\353DV\0071:R\327"
 118      3130F2A8 
 118      EB6E9F74 
 118      FAEB4456 
 118      07313A52 
 119 01db DB66AF26 		.ascii	"\333f\257&\231X\217\261\342\023\354\026\356z\026\356"
 119      99588FB1 
 119      E213EC16 
 119      EE7A16EE 
 120 01eb 9157B752 		.ascii	"\221W\267Ru\222\231\206{\342\\\312=\275\032nk\227\037"
 120      75929986 
 120      7BE25CCA 
 120      3DBD1A6E 
 120      6B971F
 121 01fe A6154EE3 		.ascii	"\246\025N\343p'\265h\327\253\321R\032AE\201S\310\277"
 121      7027B568 
 121      D7ABD152 
 121      1A414581 
 121      53C8BF
 122 0211 9EF33760 		.ascii	"\236\3637`\345\011\306\27785R\032D\261\210\247\343@"
 122      E509C6BF 
 122      3835521A 
 122      44B188A7 
 122      E340
 123 0223 B91E76D6 		.ascii	"\271\036v\326\347\006\251\254gX\245\275io\246\257\252"
 123      E706A9AC 
 123      6758A5BD 
 123      696FA6AF 
 123      AA
 124 0234 3CCB2A9F 		.ascii	"<\313*\237\365\267\314\353T\3459Vyz\301\326\031\340"
 124      F5B7CCEB 
 124      54E53956 
 124      797AC1D6 
 124      19E0
 125 0246 9E93A31E 		.ascii	"\236\223\243\0369\271\240\346d\252\247\262\337\217\366"
 125      39B9A0E6 
 125      64AAA7B2 
 125      DF8FF6
 126 0255 C63A38CF 		.ascii	"\306:8\317z\267,N;\202\331\362\020\261\370\363\230\323"
 126      7AB72C4E 
 126      3B82D9F2 
 126      10B1F8F3 
 126      98D3
 127 0267 16C09647 		.ascii	"\026\300\226G\010\026\263\306\312\256\006\207\357\241"
 127      0816B3C6 
 127      CAAE0687 
ARM GAS  /tmp/ccHE5vpn.s 			page 10


 127      EFA1
 128 0275 8B2A4D0E 		.ascii	"\213*M\016\021a\203\001~B\327\016\352\272\021\302\361"
 128      11618301 
 128      7E42D70E 
 128      EABA11C2 
 128      F1
 129 0286 F7223AA2 		.ascii	"\367\":\242\376\255\216\037^\211\357\224\313\345\016"
 129      FEAD8E1F 
 129      5E89EF94 
 129      CBE50E
 130 0295 D9316C33 		.ascii	"\3311l3\025Ue\310\235\330o\035\025\202]K\033\376\305"
 130      155565C8 
 130      9DD86F1D 
 130      15825D4B 
 130      1BFEC5
 131 02a8 DF4AE807 		.ascii	"\337J\350\0078\014}\270\374\233\340\035\354\177\267"
 131      380C7DB8 
 131      FC9BE01D 
 131      EC7FB7
 132 02b7 73A1522F 		.ascii	"s\241R/U\001\235\212\332\232\371z\003\205\375\\\231"
 132      55019D8A 
 132      DA9AF97A 
 132      0385FD5C 
 132      99
 133 02c8 BFD163CE 		.ascii	"\277\321c\316\203\222;\314\277\336v\203i\2450-\012L"
 133      83923BCC 
 133      BFDE7683 
 133      69A5302D 
 133      0A4C
 134 02da 56EAC916 		.ascii	"V\352\311\026_\204\031\300\311[\254\215,\254\311pl\240"
 134      5F8419C0 
 134      C95BAC8D 
 134      2CACC970 
 134      6CA0
 135 02ec 2268D640 		.ascii	"\"h\326@\232\201\355/\270D\001R\012\034y 9\031\300\253"
 135      9A81ED2F 
 135      B8440152 
 135      0A1C7920 
 135      3919C0AB 
 136 0300 CAE9A706 		.ascii	"\312\351\247\006\226\230J\322x.\255\253\315\207\227"
 136      96984AD2 
 136      782EADAB 
 136      CD8797
 137 030f 49A69A9B 		.ascii	"I\246\232\233\027\257\001+\313d'-\224\367,\370\260\314"
 137      17AF012B 
 137      CB64272D 
 137      94F72CF8 
 137      B0CC
 138 0321 C9321134 		.ascii	"\3112\0214\332\032o\371I\335\314\233\262\317B\371>\313"
 138      DA1A6FF9 
 138      49DDCC9B 
 138      B2CF42F9 
 138      3ECB
 139 0333 686FB6EB 		.ascii	"ho\266\353\311\302\227\371\244\205\272\317\3315\300"
 139      C9C297F9 
 139      A485BACF 
 139      D935C0
ARM GAS  /tmp/ccHE5vpn.s 			page 11


 140 0342 8505D111 		.ascii	"\205\005\321\021p\225-\233Z\327d\255/\353MV\355\354"
 140      70952D9B 
 140      5AD764AD 
 140      2FEB4D56 
 140      EDEC
 141 0354 84A3DE7F 		.ascii	"\204\243\336\177\311\316\327\225\316\235\254\2632\245"
 141      C9CED795 
 141      CE9DACB3 
 141      32A5
 142 0362 A16C4A1B 		.ascii	"\241lJ\033\206\332[\015\234\223\220TWfV\351Cs\2513Y"
 142      86DA5B0D 
 142      9C939054 
 142      576656E9 
 142      4373A933 
 143 0377 5E0574F9 		.ascii	"^\005t\371\334@o?So7!T\361I7\354\225C\323\001\356jl"
 143      DC406F3F 
 143      536F3721 
 143      54F14937 
 143      EC9543D3 
 144 038f 0727AA3B 		.ascii	"\007'\252;\250\372\026U_S\3249\366\327\277g#\027\222"
 144      A8FA1655 
 144      5F53D439 
 144      F6D7BF67 
 144      231792
 145 03a2 8CD8ADB9 		.ascii	"\214\330\255\271\365\006\251\207e\244ihf\204g$\2134"
 145      F506A987 
 145      65A46968 
 145      66846724 
 145      8B34
 146 03b4 3EEDB9DB 		.ascii	">\355\271\333\020 \335c\215\215\256\372\303F\326(\221"
 146      1020DD63 
 146      8D8DAEFA 
 146      C346D628 
 146      91
 147 03c5 C92C7275 		.ascii	"\311,ru\006/\031\360]%\340\036\026p\305\215\033\307"
 147      062F19F0 
 147      5D25E01E 
 147      1670C58D 
 147      1BC7
 148 03d7 8D1AA38E 		.ascii	"\215\032\243\216\356 -\242{\224\361\256\3028.\347d\362"
 148      EE202DA2 
 148      7B94F1AE 
 148      C2382EE7 
 148      64F2
 149 03e9 A166483E 		.ascii	"\241fH>\236\275\2568j\224\006\030GF\336\340\376 \326"
 149      9EBDAE38 
 149      6A940618 
 149      4746DEE0 
 149      FE20D6
 150 03fc 38461A8B 		.ascii	"8F\032\213:\366\357\323I\017Y\343\330\314\340s\2354"
 150      3AF6EFD3 
 150      490F59E3 
 150      D8CCE073 
 150      9D34
 151 040e C20A9D79 		.ascii	"\302\012\235y;w\353xZ\311\034\225v\224f\032%\027ws-"
 151      3B77EB78 
 151      5AC91C95 
ARM GAS  /tmp/ccHE5vpn.s 			page 12


 151      7694661A 
 151      25177773 
 152 0423 FF0977F3 		.ascii	"\377\011w\363g,\336w\235\315Yz\376\036)\341<d\341lo"
 152      672CDE77 
 152      9DCD597A 
 152      FE1E29E1 
 152      3C64E16C 
 153 0438 3AF25DA0 		.ascii	":\362]\240w8\203(\357\247\362!\032\316#%\234\206\327"
 153      77388328 
 153      EFA7F221 
 153      1ACE2325 
 153      9C86D7
 154 044b 399D204D 		.ascii	"9\235 M\261q\357\024;\007\370\346\256!kxwI\355l0\203"
 154      B171EF14 
 154      3B07F8E6 
 154      AE216B78 
 154      7749ED6C 
 155 0461 1CB092A4 		.ascii	"\034\260\222\244\367\317\367\235\220\2449\2526\2647"
 155      F7CFF79D 
 155      90A439AA 
 155      36B437
 156 0470 4CD48860 		.ascii	"L\324\210`\302'\322dZf2\355\243'\337\342ES\311\315t"
 156      C227D264 
 156      5A6632ED 
 156      A327DFE2 
 156      4553C9CD 
 157 0485 59CE3092 		.ascii	"Y\3160\222\331\205+\270{\\\260L\235s\270L)\326\342\217"
 157      D9852BB8 
 157      7B5CB04C 
 157      9D73B84C 
 157      29D6E28F 
 158 0499 C03AB856 		.ascii	"\300:\270V\246\310\216\024\211\256\214n\256V\262\017"
 158      A6C88E14 
 158      89AE8C6E 
 158      AE56B20F 
 159 04a9 5DDEEAAE 		.ascii	"]\336\352\256\342p\253,\267\255!\323\202g\201\227\274"
 159      E270AB2C 
 159      B7AD21D3 
 159      82678197 
 159      BC
 160 04ba F757CE57 		.ascii	"\367W\316W\240\363t\211D\015\017\270Z\311\005\346L\021"
 160      A0F37489 
 160      440D0FB8 
 160      5AC905E6 
 160      4C11
 161 04cc B3437BA8 		.ascii	"\263C{\250($U\226\201\210\004\276\345\005\346)Uv<\267"
 161      28245596 
 161      818804BE 
 161      E505E629 
 161      55763CB7 
 162 04e0 85E7A591 		.ascii	"\205\347\245\221\201\361|y\312=\251\307w\273\367\270"
 162      81F17C79 
 162      CA3DA9C7 
 162      77BBF7B8 
 163 04f0 7DEE9877 		.ascii	"}\356\230w\2741ok\362<>O\353t\002<\301\366\307\244}"
 163      BC316F6B 
 163      F23C3E4F 
ARM GAS  /tmp/ccHE5vpn.s 			page 13


 163      EB74023C 
 163      C1F6C7A4 
 164 0505 98774006 		.ascii	"\230w@\006x\2017\303s0\301$\332\004\3323\264q\264Q\264"
 164      788137C3 
 164      7330C124 
 164      DA04DA33 
 164      B471B451 
 165 051a 11B43130 		.ascii	"\021\26410)\224\344\336)^\311(\361\340\035\360\246d"
 165      2994E4DE 
 165      295EC928 
 165      F1E01DF0 
 165      A664
 166 052c 0BA00622 		.ascii	"\013\240\006\"\324\240\346V\024\321\364\220%r\377\315"
 166      D4A0E656 
 166      14D1F490 
 166      2572FFCD 
 167 053c 724A89F7 		.ascii	"rJ\211\367[A\316\201\016_X\026\371F\340)\204\374_\201"
 167      5B41CE81 
 167      0E5F5816 
 167      F946E029 
 167      84FC5F81 
 168 0550 59CEA76C 		.ascii	"Y\316\247l\276\344\242|\211\235\207\265\203\226\314"
 168      BEE4A27C 
 168      899D87B5 
 168      8396CC
 169 055f 005D9E05 		.ascii	"\000]\236\005-\275\315:\367\313\352\245\033\241\000"
 169      2DBDCD3A 
 169      F7CBEAA5 
 169      1BA100
 170 056e D3EA65E5 		.ascii	"\323\352e\345\312\332\377D\244\347\377\264z\201O\367"
 170      CADAFF44 
 170      A4E7FFB4 
 170      7A814FF7 
 171 057e ED3F044B 		.ascii	"\355?\004K^\000\263\364\002\230Q.\200\303;\252\017\006"
 171      5E00B3F4 
 171      0298512E 
 171      80C33BAA 
 171      0F06
 172 0590 F20BA0EB 		.ascii	"\362\013\240\353E\2305\255<\222H\240M\243jS\216\377"
 172      459835AD 
 172      3C9248A0 
 172      4DA36A53 
 172      8EFF
 173 05a2 397AFC9F 		.ascii	"9z\374\237:\360\330\036,\235a\337SyU\326':\365\376e"
 173      3AF0D81E 
 173      2C9D61DF 
 173      537955D6 
 173      273AF5FE 
 174 05b7 E3579C7D 		.ascii	"\343W\234}|[\273\250_\261\013t\364\371\300\345\000\365"
 174      7C5BBBA8 
 174      5FB10B74 
 174      F4F9C0E5 
 174      00F5
 175 05c9 565DE057 		.ascii	"V]\340W\372\235\214\233\222J\377\232U>(\251yk\311\273"
 175      FA9D8C9B 
 175      924AFF9A 
 175      553E28A9 
ARM GAS  /tmp/ccHE5vpn.s 			page 14


 175      796BC9BB 
 176 05dd 541609FD 		.ascii	"T\026\011\375\242B\337}\310z\0218\375\334\037\212\344"
 176      A242DF7D 
 176      C87A1138 
 176      FDDC1F8A 
 176      E4
 177 05ee 46912860 		.ascii	"F\221(`^\203\237W\340SD\002\377\375U{\217\237\324!z"
 177      5E839F57 
 177      E0534402 
 177      FFFD557B 
 177      8F9FD421 
 178 0603 5D9E1B14 		.ascii	"]\236\033\024\366\037\307\312\316\007\250\354i\"\255"
 178      F61FC7CA 
 178      CE07A8EC 
 178      6922AD
 179 0612 94279DD7 		.ascii	"\224'\235\327\265\217\214tV\351\030?\325\243}:mg\225"
 179      B58F8C74 
 179      56E9183F 
 179      D5A37D3A 
 179      6D6795
 180 0625 7B4BE5F1 		.ascii	"{K\345\361\0005\240\014VYu\326n\365]2\242,\032Q\246"
 180      0035A00C 
 180      565975D6 
 180      6EF55D32 
 180      A22C1A51 
 181 063a C8237A9C 		.ascii	"\310#z\234\177~F\317#\032d\021\241\002RE5\"\374\313"
 181      7F7E46CF 
 181      231A6411 
 181      A1025245 
 181      3522FCCB 
 182 064e 22DA4123 		.ascii	"\"\332A#\352\236\315>`\224n/\031\321\375\303\217\276"
 182      EA9ECD3E 
 182      60946E2F 
 182      19D1FDC3 
 182      8FBE
 183 0660 513E10BE 		.ascii	"Q>\020\276c@\335\367/e\373\250\224;Ye\327\310\213AX"
 183      6340DDF7 
 183      2F65FBA8 
 183      943B5965 
 183      D7C88B41 
 184 0675 927217A5 		.ascii	"\222r\027\245\314Q(/\274\034k\2218\345\345xJ\211\012"
 184      CC51282F 
 184      BC1C6B91 
 184      38E5E578 
 184      4A890A
 185 0688 C8D628B3 		.ascii	"\310\326(\263\025\312\357)e\345O\216|Qz\360\233(\363"
 185      15CAEF29 
 185      65E54F8E 
 185      7C517AF0 
 185      9B28F3
 186 069b 1850F68E 		.ascii	"\030P\366\216\241\322 w l\322\200vS \253\002\324\232"
 186      A1D22077 
 186      206CD280 
 186      765320AB 
 186      02D49A
 187 06ae 7EB357AF 		.ascii	"~\263W\257~\307\230\012k\351w\014\212 Wc\312U\230~\240"
 187      7EC7980A 
ARM GAS  /tmp/ccHE5vpn.s 			page 15


 187      6BE9770C 
 187      8A205763 
 187      CA55987E 
 188 06c3 4C176C97 		.ascii	"L\027l\227\237\006\272o2\"\3276Y\276H7\031y\243\370"
 188      9F06BA6F 
 188      3222D736 
 188      59BE4837 
 188      1979A3F8 
 189 06d7 5641D7A0 		.ascii	"VA\327\240\307\347\343.\017\361\036.\336C\305\013\303"
 189      C7E7E32E 
 189      0FF11E2E 
 189      DE43C50B 
 189      C3
 190 06e8 63251EE2 		.ascii	"c%\036\342,\017q\001\027\027Pqz\265\375\240\207X\366"
 190      2C0F7101 
 190      17175071 
 190      7AB5FDA0 
 190      8758F6
 191 06fb 10177271 		.ascii	"\020\027rq!\025\347V\330\232\375\334\305d\257j\342\""
 191      2115E756 
 191      D89AFDDC 
 191      C564AF6A 
 191      E222
 192 070d 2E2EA2E2 		.ascii	"..\242\342\343uN\233\301]\334\352!.\026\215Jf\212\251"
 192      E3754E9B 
 192      C15DDCEA 
 192      212E168D 
 192      4A668AA9 
 193 0721 BECCB633 		.ascii	"\276\314\2663\005VW\320\003j\330\366\301\336T9\225\034"
 193      055657D0 
 193      036AD8F6 
 193      C1DE5439 
 193      951C
 194 0733 1EF4C393 		.ascii	"\036\364\303\223%\256D\\-,\337\026\273\361#s\322\307"
 194      25AE445C 
 194      2D2CDF16 
 194      BBF12373 
 194      D2C7
 195 0745 31B17FD9 		.ascii	"1\261\177\331\032\233\230\234`\371\367\026\313\346\277"
 195      1A9B989C 
 195      60F9F716 
 195      CBE6BF
 196 0754 9993FDFF 		.ascii	"\231\223\375\377\372\217\317W}\274v\255\240\213I\266"
 196      FA8FCF57 
 196      7DBC76AD 
 196      A08B49B6 
 197 0764 983F88DD 		.ascii	"\230?\210\335\274%fK|\322\306$\313\246\2308\363\037"
 197      BC25664B 
 197      7CD2C624 
 197      CBA69838 
 197      F31F
 198 0776 D7FE29EA 		.ascii	"\327\376)\352\335\250o\243\315\337Z\242\267\305\307"
 198      DDA86FA3 
 198      CDDF5AA2 
 198      B7C5C7
 199 0785 7D999414 		.ascii	"}\231\224\024\347\361\246\216\242-\311\011\346\244\250"
 199      E7F1A68E 
ARM GAS  /tmp/ccHE5vpn.s 			page 16


 199      A22DC909 
 199      E6A4A8
 200 0794 CD82EFB6 		.ascii	"\315\202\357\266\370\304/\336{\367\303\337\346\203\365"
 200      F8C42FDE 
 200      7BF7C3DF 
 200      E683F5
 201 07a3 4D4A8C8D 		.ascii	"MJ\214\215F23c\212\212\025\214J\357/\023\315\346\260"
 201      46323363 
 201      8A8A158C 
 201      4AEF2F13 
 201      CDE6B0
 202 07b6 28A5CB46 		.ascii	"(\245\313F^\215\303\030X$\237`\273\370\3675\360\251"
 202      5E8DC318 
 202      58249F60 
 202      BBF8F735 
 202      F0A9
 203 07c8 64F93A41 		.ascii	"d\371:AJ4\377\307"
 203      4A34FFC7 
 204 07d0 F72B7372 		.ascii	"\367+sr\234y\253ob\3747[\277H\222\260$\241L\267\331"
 204      9C79AB6F 
 204      62FC375B 
 204      BF4892B0 
 204      24A14CB7 
 205 07e5 BC29E1FD 		.ascii	"\274)\341\375\377'\254M4\250\020\357\274\031Y\305?\315"
 205      FF27AC4D 
 205      34A810EF 
 205      BC1959C5 
 205      3FCD
 206 07f7 16CC1E67 		.ascii	"\026\314\036g\371l\353\026K\2402\306\246\270\270\370"
 206      F96CEB16 
 206      4BA032C6 
 206      A6B8B8F8 
 207 0807 D85F00D3 		.ascii	"\330_\000\323Wv\327"
 207      5776D7
 208              		.text
 209              		.section	.gnu.lto_.symtab.11b426d0762fecf2,"",%progbits
 210 0000 77635F41 		.ascii	"wc_AesCbcEncryptWithKey\000"
 210      65734362 
 210      63456E63 
 210      72797074 
 210      57697468 
 211 0018 00       		.ascii	"\000"
 212 0019 00       		.ascii	"\000"
 213 001a 00       		.ascii	"\000"
 214 001b 00000000 		.ascii	"\000\000\000\000\000\000\000\000"
 214      00000000 
 215 0023 C3000000 		.ascii	"\303\000\000\000"
 216 0027 63686962 		.ascii	"chibios_free\000"
 216      696F735F 
 216      66726565 
 216      00
 217 0034 00       		.ascii	"\000"
 218 0035 02       		.ascii	"\002"
 219 0036 00       		.ascii	"\000"
 220 0037 00000000 		.ascii	"\000\000\000\000\000\000\000\000"
 220      00000000 
 221 003f C7000000 		.ascii	"\307\000\000\000"
ARM GAS  /tmp/ccHE5vpn.s 			page 17


 222 0043 77635F41 		.ascii	"wc_AesFree\000"
 222      65734672 
 222      656500
 223 004e 00       		.ascii	"\000"
 224 004f 02       		.ascii	"\002"
 225 0050 00       		.ascii	"\000"
 226 0051 00000000 		.ascii	"\000\000\000\000\000\000\000\000"
 226      00000000 
 227 0059 FA000000 		.ascii	"\372\000\000\000"
 228 005d 77635F41 		.ascii	"wc_AesCbcEncrypt\000"
 228      65734362 
 228      63456E63 
 228      72797074 
 228      00
 229 006e 00       		.ascii	"\000"
 230 006f 02       		.ascii	"\002"
 231 0070 00       		.ascii	"\000"
 232 0071 00000000 		.ascii	"\000\000\000\000\000\000\000\000"
 232      00000000 
 233 0079 01010000 		.ascii	"\001\001\000\000"
 234 007d 77635F41 		.ascii	"wc_AesSetKey\000"
 234      65735365 
 234      744B6579 
 234      00
 235 008a 00       		.ascii	"\000"
 236 008b 02       		.ascii	"\002"
 237 008c 00       		.ascii	"\000"
 238 008d 00000000 		.ascii	"\000\000\000\000\000\000\000\000"
 238      00000000 
 239 0095 09010000 		.ascii	"\011\001\000\000"
 240 0099 77635F41 		.ascii	"wc_AesInit\000"
 240      6573496E 
 240      697400
 241 00a4 00       		.ascii	"\000"
 242 00a5 02       		.ascii	"\002"
 243 00a6 00       		.ascii	"\000"
 244 00a7 00000000 		.ascii	"\000\000\000\000\000\000\000\000"
 244      00000000 
 245 00af 0F010000 		.ascii	"\017\001\000\000"
 246 00b3 63686962 		.ascii	"chibios_alloc\000"
 246      696F735F 
 246      616C6C6F 
 246      6300
 247 00c1 00       		.ascii	"\000"
 248 00c2 02       		.ascii	"\002"
 249 00c3 00       		.ascii	"\000"
 250 00c4 00000000 		.ascii	"\000\000\000\000\000\000\000\000"
 250      00000000 
 251 00cc 14010000 		.ascii	"\024\001\000\000"
 252              		.text
 253              		.section	.gnu.lto_.opts,"",%progbits
 254 0000 272D666D 		.ascii	"'-fmath-errno' '-fsigned-zeros' '-ftrapping-math' '"
 254      6174682D 
 254      6572726E 
 254      6F272027 
 254      2D667369 
 255 0033 2D666E6F 		.ascii	"-fno-trapv' '-fno-strict-overflow' '-fno-openmp' '-"
ARM GAS  /tmp/ccHE5vpn.s 			page 18


 255      2D747261 
 255      70762720 
 255      272D666E 
 255      6F2D7374 
 256 0066 666E6F2D 		.ascii	"fno-openacc' '-mcpu=cortex-m4' '-mfloat-abi=softfp'"
 256      6F70656E 
 256      61636327 
 256      20272D6D 
 256      6370753D 
 257 0099 20272D6D 		.ascii	" '-mfpu=fpv4-sp-d16' '-mno-thumb-interwork' '-mthum"
 257      6670753D 
 257      66707634 
 257      2D73702D 
 257      64313627 
 258 00cc 62272027 		.ascii	"b' '-ggdb' '-O0' '-fomit-frame-pointer' '-falign-fu"
 258      2D676764 
 258      62272027 
 258      2D4F3027 
 258      20272D66 
 259 00ff 6E637469 		.ascii	"nctions=16' '-ffunction-sections' '-fdata-sections'"
 259      6F6E733D 
 259      31362720 
 259      272D6666 
 259      756E6374 
 260 0132 20272D66 		.ascii	" '-fno-common' '-flto' '-fsingle-precision-constant"
 260      6E6F2D63 
 260      6F6D6D6F 
 260      6E272027 
 260      2D666C74 
 261 0165 2700     		.ascii	"'\000"
 262              		.text
 263              		.comm	__gnu_lto_v1,1,1
 264              		.comm	__gnu_lto_slim,1,1
 265              		.ident	"GCC: (GNU Tools for ARM Embedded Processors 6-2017-q2-update) 6.3.1 20170620 (release) [AR
ARM GAS  /tmp/ccHE5vpn.s 			page 19


DEFINED SYMBOLS
                            *ABS*:0000000000000000 wc_encrypt.c
                            *COM*:0000000000000001 __gnu_lto_v1
                            *COM*:0000000000000001 __gnu_lto_slim

NO UNDEFINED SYMBOLS
