ARM GAS  /tmp/ccaF9ghj.s 			page 1


   1              		.syntax unified
   2              		.cpu cortex-m4
   3              		.eabi_attribute 27, 1
   4              		.eabi_attribute 28, 1
   5              		.fpu fpv4-sp-d16
   6              		.eabi_attribute 20, 1
   7              		.eabi_attribute 21, 1
   8              		.eabi_attribute 23, 3
   9              		.eabi_attribute 24, 1
  10              		.eabi_attribute 25, 1
  11              		.eabi_attribute 26, 1
  12              		.eabi_attribute 30, 6
  13              		.eabi_attribute 34, 1
  14              		.eabi_attribute 18, 4
  15              		.thumb
  16              		.file	"wc_port.c"
  17              		.text
  18              	.Ltext0:
  19              		.section	.gnu.lto_.inline.ae95e6adbb84eb24,"",%progbits
  20 0000 789C6366 		.ascii	"x\234cf\300\016\372\2414;\020\261100q=\210e`a`\002\011"
  20      C00EFAA1 
  20      343B10B1 
  20      31303071 
  20      3D886560 
  21 0018 31618830 		.ascii	"1a\210030\003i&\246\005\3620\021\026\006\001-4]\334"
  21      33300369 
  21      26A605F2 
  21      30111606 
  21      012D345D 
  22 002d 20853C20 		.ascii	" \205< 9^ \301\212\241\205\015C\204\035C\204\001\000"
  22      395E20C1 
  22      8AA1850D 
  22      43841D43 
  22      840100
  23 0040 D02A085B 		.ascii	"\320*\010["
  24              		.text
  25              		.section	.gnu.lto_wolfCrypt_Init.ae95e6adbb84eb24,"",%progbits
  26 0000 789C7552 		.ascii	"x\234uRMh\023A\024\236ofw-4H\361\230\213B\204\236Lj"
  26      4D681341 
  26      149E6F66 
  26      772D3448 
  26      F1988B42 
  27 0018 4F227810 		.ascii	"O\"x\020/\336,=y+fI1\020\232\222]i=\204Nt\0139\025\232"
  27      2FDE2C3D 
  27      792B6649 
  27      31109A92 
  27      5D693D84 
  28 0032 93B4C61F 		.ascii	"\223\264\306\0374\376\233D#\202z0T(\005\211\"V\254="
  28      34FE9B44 
  28      23827A30 
  28      54280589 
  28      2256AC3D 
  29 0046 B431A460 		.ascii	"\2641\244`\021!\301B\011\245\256ov\213\250\325\201\235"
  29      1121C142 
  29      09A5AE6F 
  29      768BA8D5 
  29      819D
ARM GAS  /tmp/ccaF9ghj.s 			page 2


  30 0058 797FDFF7 		.ascii	"y\177\337\367\276\367X\301v\237>\372Ns\306N)\307` \023"
  30      BEF758C1 
  30      769F3EFA 
  30      4E73C64E 
  30      29C76020 
  31 006d 9C0BC624 		.ascii	"\234\013\306$\327\350\322\004\350\201\006\235n\035\240"
  31      D7E8D204 
  31      E881069D 
  31      6E1DA0
  32 007c 22B0092E 		.ascii	"\"\260\011.4\035\023X\347m\216g\305\215Z\367\027\336"
  32      341D1358 
  32      E76D8E67 
  32      C58D5AF7 
  32      17DE
  33 008e E1EC0023 		.ascii	"\341\354\000#\367yn\341\222\241\\\302\221\273Uh\255"
  33      F7796EE1 
  33      92A15CC2 
  33      91BB5568 
  33      AD
  34 009f 1BBD0529 		.ascii	"\033\275\005)e+WY\014L\236\354p\316\276s\206\333\010"
  34      652B5759 
  34      0C4C9EEC 
  34      70CEBE73 
  34      86DB08
  35 00b2 E20E828A 		.ascii	"\342\016\202\212\357.zUi\265y\363\252.\216A\331\215"
  35      EF2E7A55 
  35      69B579F3 
  35      AA2E8E41 
  35      D98D
  36 00c4 17E574E8 		.ascii	"\027\345t\350:\241\352\2637\346\003rA:u\327\335OX\334"
  36      3AA1EAB3 
  36      37E60372 
  36      413A75D7 
  36      DD4F58DC 
  37 00d8 83F813AE 		.ascii	"\203\370\023\256\016!\332\316\366\307n\303!H\017\356"
  37      0E21DACE 
  37      F6C76EC3 
  37      21480FEE 
  38 00e8 23A47A10 		.ascii	"#\244z\020\365\003\030$YP~\346r\335\026\307=\362O\213"
  38      F5031824 
  38      59507EE6 
  38      72DD16C7 
  38      3DF24F8B 
  39 00fc DFBEC267 		.ascii	"\337\276\302g\317\277z\035\230\374\215\375\341\277\330"
  39      CFBF7A1D 
  39      98FC8DFD 
  39      E1BFD8
  40 010b 51448860 		.ascii	"QD\210`\363\233OK\232\202e\353/\013k\003U\347\232\374"
  40      F39B4F4B 
  40      9A8265EB 
  40      2F0B6B03 
  40      55E79AFC 
  41 011f E1BAD83D 		.ascii	"\341\272\330=\220\207)!\244t\224\366U\245\353Vj\323"
  41      90872921 
  41      A47494F6 
  41      55A5EB56 
  41      6AD3
ARM GAS  /tmp/ccaF9ghj.s 			page 3


  42 0131 D97EAE81 		.ascii	"\331~\256\201\251\020g\035\265`\205cM\245\222\255)S"
  42      A910671D 
  42      B5608563 
  42      4DA592AD 
  42      2953
  43 0143 2CE342AB 		.ascii	",\343B\253U\233\026J\364&\007BA\266\214\271\\\373\315"
  43      559B164A 
  43      F4260742 
  43      41B68CB9 
  43      5CFBCD
  44 0156 67DD0FA9 		.ascii	"g\335\017\251m_y?U\344\351-\231\225]\035.\266\271?\374"
  44      6D5F793F 
  44      55E4E92D 
  44      99955D1D 
  44      2EB6B93F 
  45 016b 6AF3EDBB 		.ascii	"j\363\355\273.\265t\341\271\015y\253\263'\217\331\214"
  45      2EB574E1 
  45      B90D79AB 
  45      B3278FD9 
  45      8C
  46 017c CC509586 		.ascii	"\314P\225\2062\322x\244\244\3411\362`\037\340,]\214"
  46      32D278A4 
  46      A4E131F2 
  46      601FE02C 
  46      5D8C
  47 018e EE70AA36 		.ascii	"\356p\2526\276\006\341i\230k\225W\032^\303\377v\373"
  47      BE06E169 
  47      986B9557 
  47      1A5EC3FF 
  47      76FB
  48 01a0 9BBEF28B 		.ascii	"\233\276\362\213\376\011\321\343`\320\243\323\374\221"
  48      FE09D1E3 
  48      60D0A3D3 
  48      FC91
  49 01ae 72EDD541 		.ascii	"r\355\325A\277\225\240\241\274\014\375Jb\011\231\036"
  49      BF95A0A1 
  49      BC0CFD4A 
  49      6209991E 
  50 01be B6418115 		.ascii	"\266A\201\025`'\315\324:\250\202\272\0345\317\306\243"
  50      6027CDD4 
  50      3AA882BA 
  50      1C35CFC6 
  50      A3
  51 01cf F1A43564 		.ascii	"\361\2445d\331g\242\211\330\241\303G\302\375\341\361"
  51      D967A289 
  51      D8A1C347 
  51      C2FDE1F1 
  52 01df 486CDC8E 		.ascii	"Hl\334\216\214%\023\303\226\225\360^3u~\324\216X)32"
  52      8C2513C3 
  52      9695F05E 
  52      33757ED4 
  52      8E582933 
  53 01f4 660E8D26 		.ascii	"f\016\215&Sv\330d\"\025\263\367\306G\342\366`l\370D"
  53      5376D864 
  53      2215B3F7 
  53      C647E2F6 
  53      606CF844 
ARM GAS  /tmp/ccaF9ghj.s 			page 4


  54 0208 F2DC881D 		.ascii	"\362\334\210\035\356\373\011\260\207\347\020"
  54      EEFB09B0 
  54      87E710
  55              		.text
  56              		.section	.gnu.lto_wolfCrypt_Cleanup.ae95e6adbb84eb24,"",%progbits
  57 0000 789C7552 		.ascii	"x\234uRMh\023A\024\236of\023\013\215R<\346\242\260B"
  57      4D681341 
  57      149E6F66 
  57      130B8D52 
  57      3CE6A2B0 
  58 0015 4F26D693 		.ascii	"O&\326\223\010\036\304\2137EO\236\212\011)\006BS\222"
  58      081EC48B 
  58      37454F9E 
  58      8A092906 
  58      425392
  59 0028 95D643E8 		.ascii	"\225\326C\350D\267\020\020<\344$H\255\202\261\376&\251"
  59      44B71010 
  59      3CE42448 
  59      AD82B1FE 
  59      26A9
  60 003a 15413D18 		.ascii	"\025A=\030\202-\005Q\221*\306\0364\304D-xHh\241\204"
  60      822D0551 
  60      912AC61E 
  60      34C4442D 
  60      784868A1 
  61 004f 52D7F776 		.ascii	"R\327\367v\213\250\325\201\235y\177\337\367\276\367"
  61      8BA8D581 
  61      9D797FDF 
  61      F7BEF7
  62 005e 5825B69E 		.ascii	"X%\266\236}\364\235\222B\034c\307/@&\244TBhi\320e(\320"
  62      7DF49D92 
  62      421C63C7 
  62      2F4026A4 
  62      54426869 
  63 0076 03033EBA 		.ascii	"\003\003>\272}\000\025A\214Ke\3700\216e\331\221x\\\\"
  63      7D001541 
  63      8C4B65F8 
  63      308E65D9 
  63      91785C5C 
  64 008a 7DD9FB4D 		.ascii	"}\331\373Mv\245\330-\310}\222_\270\354g\227p\344\256"
  64      76A5D82D 
  64      C87D925F 
  64      B8EC6797 
  64      70E4AE
  65 009d 17DACBFE 		.ascii	"\027\332\313\376\376\202\326\272]\375\36060q\264+\245"
  65      FE82D6BA 
  65      5DFDF036 
  65      3071B42B 
  65      A5
  66 00ae 589102D3 		.ascii	"X\221\002\323\010\342\026\202\314w\033\375\\Zi\336\230"
  66      08E21682 
  66      CC771BFD 
  66      5C5A69DE 
  66      98
  67 00bf F2A94360 		.ascii	"\362\251C`\273\361\264\2341\257\023\252\376\2520\037"
  67      BBF1B49C 
  67      31AF13AA 
ARM GAS  /tmp/ccaF9ghj.s 			page 5


  67      FEAA301F 
  68 00cf D00BDAAE 		.ascii	"\320\013\332\256;\316.\302\342\016\324\237p>\204\350"
  68      3BCE2EC2 
  68      E20ED49F 
  68      703E84E8 
  69 00df D81BEF7B 		.ascii	"\330\033\357{\3756A\372p\027&\367 \352{\360\223dEy\273"
  69      FD3641FA 
  69      701726F7 
  69      20EA7BF0 
  69      93644579 
  70 00f4 9E5B54EA 		.ascii	"\236[T\352\260\313\376\2540;\265\335\243\257\315\275"
  70      B0CBFEAC 
  70      303BB5DD 
  70      A3AFCDBD 
  71 0104 084CFC46 		.ascii	"\010L\374F\177\377_\364(\302$\330\374\332\243\222\301"
  71      7FFF5FF4 
  71      28C224D8 
  71      FCDAA392 
  71      C1
  72 0115 B05CFDE2 		.ascii	"\260\\\375\342t\353x\305\276\246\1778\016\266N\344b"
  72      74EB78C5 
  72      BEA67F38 
  72      0EB64EE4 
  72      62
  73 0126 4A305948 		.ascii	"J0YHigE;\316\312\227|\316T\006\004\207\244\350\362\206"
  73      6967453B 
  73      CECA977C 
  73      CE540604 
  73      87A4E8F2 
  74 013b 19279A2C 		.ascii	"\031'\232,S\264\330TK8\337.\177\315+V\275&\0013(\226"
  74      53B4D854 
  74      4B38DF2E 
  74      7FCD2B56 
  74      BD260133 
  75 0151 50CDCF7C 		.ascii	"P\315\317|o\370\274\020\257\373\352\342\245\242\314"
  75      6FF8BC10 
  75      AFFBEAE2 
  75      A5A2CC
  76 0160 ACEB9CEE 		.ascii	"\254\353\234\356\351J\265!\275\351?5_\277\351\341\255"
  76      E94AB521 
  76      BDE93F35 
  76      5FBFE9E1 
  76      AD
  77 0171 2BD76DE8 		.ascii	"+\327m\350\233\335m\223\270\222\325Y\2522PF\0063,\015"
  77      9BDD6D93 
  77      B892D559 
  77      AA325046 
  77      06332C0D 
  78 0185 0F3009F1 		.ascii	"\0170\011\361\016v\355Bd\223\023{<\311-\306\222\206"
  78      0E76ED42 
  78      6493137B 
  78      3CC92DC6 
  78      9286
  79 0197 6ABBFCFC 		.ascii	"j\273\374\374\263\333\360\277\335\376\246\237\375E\377"
  79      B3DBF0BF 
  79      DDFEA69F 
  79      FD45FF
ARM GAS  /tmp/ccaF9ghj.s 			page 6


  80 01a6 90E85937 		.ascii	"\220\350Y7\323\031\336H\371\316\334I\257\225\242\241"
  80      D319DE48 
  80      F9CEDC49 
  80      AF95A2A1 
  81 01b6 DC0CFD4B 		.ascii	"\334\014\375K\252\206l\237X\245\300G`3-x\035TA]\016"
  81      AA866C9F 
  81      58A5C047 
  81      60332D78 
  81      1D54415D 
  82 01cb 46CFC423 		.ascii	"F\317\304#\361dz0m\235\216$b{\007\016\204\366\207\306"
  82      F1647A30 
  82      6D9D8E24 
  82      627B070E 
  82      84F687C6 
  83 01df C2B1312B 		.ascii	"\302\2611+<\232L\014\245\323\011\367\215\246\316\215"
  83      3C9A4C0C 
  83      A5D309F7 
  83      8DA6CE8D 
  84 01ef 58E1742A 		.ascii	"X\341t*\032\036\215\016\216$SV(*T*f\355\210\017\307"
  84      1A1E8D0E 
  84      8E245356 
  84      282A542A 
  84      66ED880F 
  85 0204 AD13B1A1 		.ascii	"\255\023\261\241#\311\263\303Vh\340'MS\346\361"
  85      23C9B3C3 
  85      5668E027 
  85      4D53E6F1 
  86              		.text
  87              		.section	.gnu.lto_wc_InitMutex.ae95e6adbb84eb24,"",%progbits
  88 0000 789C6550 		.ascii	"x\234eP\277K\202Q\024\275\347=\261A\007i\224\240@\304"
  88      BF4B8251 
  88      14BDE73D 
  88      B1410769 
  88      94A040C4 
  89 0014 493F6A8A 		.ascii	"I?j\212\240\350?\221\3740\022\014\305O\320&_e\320\320"
  89      A0E83F91 
  89      FC30120C 
  89      C54FD026 
  89      5F65D0D0 
  90 0028 2441B515 		.ascii	"$A\265\025a\331O\243 \252\311\006\305\305\331h\010\207"
  90      61D94FA3 
  90      20AAC906 
  90      C5C5D968 
  90      0887
  91 003a 821C0225 		.ascii	"\202\034\002%A\244\302\356\223\206\300\007\367\276w"
  91      41A4C2EE 
  91      9386C007 
  91      F7BE77
  92 0049 EE39F7DC 		.ascii	"\3569\367\334\313\2234|\3068\374 \232\323\300F\020\304"
  92      CB93347C 
  92      C638FC20 
  92      9AD3C046 
  92      10C4
  93 005b 01C95982 		.ascii	"\001\311Y\202\313\004\312\010\211\014\232\242-p\177"
  93      CB04CA08 
  93      890C9AA2 
  93      2D707F
ARM GAS  /tmp/ccaF9ghj.s 			page 7


  94 006a D9A939DE 		.ascii	"\331\2519\336EO\320\0041|\310Uw\355\032\302\246\341"
  94      454FD004 
  94      317CC855 
  94      77ED1AC2 
  94      A6E1
  95 007c 57BED5B4 		.ascii	"W\276\325\264\373\362J\251V\256\035\336\333\336gF\320"
  95      FBF24AA9 
  95      56AE1DDE 
  95      DBDE6746 
  95      D0
  96 008d A7201CC3 		.ascii	"\247 \034\303\215\002\334\332\356\004>\226>\336}\227"
  96      8D02DCDA 
  96      EE043E96 
  96      3EDE7D97 
  97 009d 9D7216BA 		.ascii	"\235r\026\272\355\350c\335\357=Tj\255T\273V\363\266"
  97      EDE863DD 
  97      EF3D546A 
  97      AD54BB56 
  97      F3B6
  98 00af 1E8F3B85 		.ascii	"\036\217;\205\374\337\306%\302\031\274Z\335\316\376"
  98      FCDFC625 
  98      C219BC5A 
  98      DDCEFE
  99 00be D41DF62C 		.ascii	"\324\035\366,\017qikv<\207\235\027\005s\225\356m\321"
  99      0F71696B 
  99      763C879D 
  99      17057395 
  99      EE6DD1
 100 00d1 E639506A 		.ascii	"\3469Pj\263\261U\25487\252*\333\350\367\307\207\267"
 100      B3B155AC 
 100      3837AA2A 
 100      DBE8F7C7 
 100      87B7
 101 00e3 D00717F0 		.ascii	"\320\007\027\360\024GK\252\337\277)\327\013\236\021"
 101      14474BAA 
 101      DFBF29D7 
 101      0B9E11
 102 00f2 01D2427A 		.ascii	"\001\322Bz\325\246\364\246\237\362\031k\255\253\312"
 102      D5A6F4A6 
 102      9FF2196B 
 102      ADABCA
 103 0101 8ED433BA 		.ascii	"\216\3243\272\002\360\270\007\024\377\216|\302\252\213"
 103      02F0B807 
 103      14FF8E7C 
 103      C2AA8B
 104 0110 3A2C7A01 		.ascii	":,z\001\376h\322\315\234\2718c.EB\221\230\025\264\222"
 104      FE68D2CD 
 104      9CB93863 
 104      2E454291 
 104      9815B492 
 105 0124 0BA168D8 		.ascii	"\013\241h\330?9\035\230\012\244\215p:i\244b\321E\313"
 105      3F391D98 
 105      0AA48D70 
 105      3A69A462 
 105      D145CB
 106 0137 8A0E6E33 		.ascii	"\212\016n3\261\022O\032V\3024Rf0\036K$\003&a\371\027"
 106      B1124F1A 
ARM GAS  /tmp/ccaF9ghj.s 			page 8


 106      56C23452 
 106      66301E4B 
 106      24032661 
 107 014d 63DF78F4 		.ascii	"c\337x\364"
 108              		.text
 109              		.section	.gnu.lto_wc_InitAndAllocMutex.ae95e6adbb84eb24,"",%progbits
 110 0000 789C6552 		.ascii	"x\234eR\317kSA\020\236o\367\275\227\224\006-\036DrQ"
 110      CF6B5341 
 110      109E6FF7 
 110      BD979406 
 110      2D1E4472 
 111 0015 C8212713 		.ascii	"\310!'\023\364$\202\236\374\003\274x.6T,DR\222@\353"
 111      F424829E 
 111      FC03BC78 
 111      2E36542C 
 111      44529240 
 112 002a 21745B5F 		.ascii	"!t[_Q*x(U\352E\333\203\264&65\015\202\212\322x\020\213"
 112      512A7828 
 112      55EA45DB 
 112      83B42636 
 112      350D828A 
 113 0042 22C51F4D 		.ascii	"\"\305\037M\254\224\232C\023\352ERR)\301j\234}/\365"
 113      AC949A43 
 113      13EA4552 
 113      5229C16A 
 113      9C7D2FF5 
 114 0056 47BBBC37 		.ascii	"G\273\2747;\2633\3377\263\263#i\357:\303\377\274 :\255"
 114      3BB333DF 
 114      37B3B323 
 114      69EF3AC3 
 114      FFBC203A 
 115 006b 0D2F8155 		.ascii	"\015/\201U\010!\211\224\260X\030R\030Z7\265n\2007\230"
 115      08218994 
 115      B0581852 
 115      185A37B5 
 115      6E803798 
 116 007f 60072C78 		.ascii	"`\007,xXz\000\206\201\006\2044L\313\203\001|\025\033"
 116      587A0086 
 116      81068434 
 116      4CCB8301 
 116      7C151B
 117 0092 024FB29B 		.ascii	"\002O\262\233o\333\327EC\320\021b\363\351\350\302\270"
 117      6FDBD745 
 117      43D01162 
 117      F3E9E8C2 
 117      B8
 118 00a3 A54D18DA 		.ascii	"\245M\030\332,\025\307Km\301{J\015\325\336\347'q{l\202"
 118      2C15C74B 
 118      6DC17B4A 
 118      0DD5DEE7 
 118      27717B6C 
 119 00b8 5D82EA82 		.ascii	"]\202\352\2020\005?\246\341\327\234\367\021\324\301"
 119      30053FA6 
 119      E1D79CF7 
 119      11D4C1
 120 00c7 2F1E6FBF 		.ascii	"/\036o\277\364\311S\320\372\267\217\305\327\"0\311\300"
 120      F4C953D0 
ARM GAS  /tmp/ccaF9ghj.s 			page 9


 120      FAB78FC5 
 120      D72230C9 
 120      C0
 121 00d8 F2DDEB6F 		.ascii	"\362\335\353o|jA\331\345f\3630\203\221\206\374\037\257"
 121      7C6A41D9 
 121      E566F330 
 121      839186FC 
 121      1FAF
 122 00ea 174336EC 		.ascii	"\027C6\354\237\245v\313VJu \203\200N\302\334\017\270"
 122      9FA576CB 
 122      564A7520 
 122      83804EC2 
 122      DC0FB8
 123 00fd 7C22C9FE 		.ascii	"|\"\311\376\364\363\255\271\375\232R\225\323\231W\276"
 123      F4F3ADB9 
 123      FD9A5295 
 123      D39957BE 
 124 010d E13F9492 		.ascii	"\341?\224\222\366\362a\006\001\306T3cWM\215\031)?\313"
 124      F6F26106 
 124      01C65433 
 124      63574D8D 
 124      19293FCB 
 125 0121 54CE16EC 		.ascii	"T\316\026\354\011\365\253\331\304\336;8\230,\002:\363"
 125      09F5ABD9 
 125      C4DE3B38 
 125      982C023A 
 125      F3
 126 0132 EC81826A 		.ascii	"\354\201\202j6\363\2137\247\303\246\007\244\217\204"
 126      36F38B37 
 126      A7C3A607 
 126      A48F84
 127 0141 23A5230D 		.ascii	"#\245#\015\342\224\246\243Z\244\231hMWJ\025\255\312"
 127      E294A6A3 
 127      5AA49968 
 127      4D574A15 
 127      ADCA
 128 0153 150C17E6 		.ascii	"\025\014\027\346o\035\324uo\011]\366\235\0177\262\""
 128      6F1DD475 
 128      6F095DF6 
 128      9D0F37B2 
 128      22
 129 0164 F5435D53 		.ascii	"\365C]S\336\2060\352\202o\203Y\244\010A\377\277\375"
 129      DE8630EA 
 129      826F8359 
 129      A40841FF 
 129      BFFD
 130 0176 9606E121 		.ascii	"\226\006\341!\374\015~\276%\330\313W\246f\016\375\345"
 130      FC0D7EBE 
 130      25D8CB57 
 130      A6660EFD 
 130      E5
 131 0187 F8B2B6F8 		.ascii	"\370\262\266\370\316\273\356\264\236\220k\025\\\321"
 131      CEBBEEB4 
 131      9E906B15 
 131      5CD1
 132 0195 4FCFF9EC 		.ascii	"O\317\371\354\302Rq\237\033k\354\316g\325\035\310\034"
 132      C252719F 
ARM GAS  /tmp/ccaF9ghj.s 			page 10


 132      1B6BECCE 
 132      67D51DC8 
 132      1C
 133 01a6 E763A686 		.ascii	"\347c\246\206\360\270\344\361V8\002;TF\213j\331\245"
 133      F0B8E4F1 
 133      5638023B 
 133      54468B6A 
 133      D9A5
 134 01b8 A2DD44DE 		.ascii	"\242\335D\336\272\316\206\374\016Q\033}\306P\255V\374"
 134      BACE86FC 
 134      0E511B7D 
 134      C650AD56 
 134      FC
 135 01c9 2E5D2AB3 		.ascii	".]*\263UVE\217\237\244*\300ar;\237\343\3354V\036\245"
 135      5556458F 
 135      9FA42AC0 
 135      61723B9F 
 135      E3DD3456 
 136 01df D8C3B328 		.ascii	"\330\303\263(\0315\232[=\347\202\370\343\352\252\020"
 136      19359A5B 
 136      3DE782F8 
 136      E3EAAA10 
 137 01ef 1C2BDC58 		.ascii	"\034+\334X\036Y\216\344y\225\2370\330A\233\354_\305"
 137      1E598EE4 
 137      79959F30 
 137      D8419BEC 
 137      5FC5
 138 0201 60A15114 		.ascii	"`\241Q\024-\010\351vs\017\331q2r\261\247\253'\226\350"
 138      2D08E976 
 138      730FD971 
 138      3272B1A7 
 138      AB2796E8 
 139 0215 4C24CF77 		.ascii	"L$\317wE\273\217\036;\021:\036\352\017w\367'\303}\261"
 139      45BB8F1E 
 139      3B113A1E 
 139      EA0F77F7 
 139      27C37DB1 
 140 0229 E8854422 		.ascii	"\350\205D\"\352\354\221\370\345\336d8\021\217\204\373"
 140      EAEC91F8 
 140      E5DE6438 
 140      118F84FB 
 141 0239 229DBDB1 		.ascii	"\"\235\275\261x2\024!\\\372\015qn\377\006"
 141      78321421 
 141      5CFA0D71 
 141      6EFF06
 142              		.text
 143              		.section	.gnu.lto_wc_FreeMutex.ae95e6adbb84eb24,"",%progbits
 144 0000 789C6550 		.ascii	"x\234eP\315K\302A\020\235\267+v\320\203t\224\240@\314"
 144      CD4BC241 
 144      109DB72B 
 144      76D08374 
 144      94A040CC 
 145 0014 934A9D22 		.ascii	"\223J\235\"(\372O$\177\030\011\206\342O\320Nnf\3209"
 145      28FA4F24 
 145      7F180986 
 145      E24FD04E 
 145      6E66D039 
ARM GAS  /tmp/ccaF9ghj.s 			page 11


 146 0028 823E4E45 		.ascii	"\202>NE\330w\031\005Q\235\354\220x\310\263\321!<\024"
 146      D8771905 
 146      519DEC90 
 146      78C8B3D1 
 146      213C14
 147 003b E821D012 		.ascii	"\350!\320\022D*lV:\004.\314\354\276yo\336\014+\251\377"
 147      442A6C56 
 147      3A042ECC 
 147      ECBE796F 
 147      DE0C2BA9 
 148 0050 0C717841 		.ascii	"\014qxA4\255\201\205 \210\003\222\263\004\227\011\224"
 148      34AD8185 
 148      20880392 
 148      B3049709 
 148      94
 149 0061 161269D4 		.ascii	"\026\022i\324ES\340\366\274U\266\325DG\320\0101\274"
 149      4553E0F6 
 149      BC55B6D5 
 149      4447D008 
 149      31BC
 150 0073 5B2B6D5A 		.ascii	"[+mZ5\204E\303\257\\\243n\365\344\224R\215\217fhk}\207"
 150      358445C3 
 150      AF5CA36E 
 150      F5E49452 
 150      8D8F6668 
 151 008a 19419F82 		.ascii	"\031A\237\202p\000'\016\341\324vG\360\260\364\376\346"
 151      7000270E 
 151      E1D47647 
 151      F0B0F4FE 
 151      E6
 152 009b FBC12EA7 		.ascii	"\373\301.\247\240\333\366\337\227\275\356=\2452\205"
 152      A0DBF6DF 
 152      97BDEE3D 
 152      A53285
 153 00aa F2A59AB1 		.ascii	"\362\245\232\261tx\3341\344\3776.\021N\340\326\352f"
 153      7478DC31 
 153      E4FF362E 
 153      114EE0D6 
 153      EA66
 154 00bc F6A762B3 		.ascii	"\366\247b\263fy\210C[\263\343)\254\274(\230+\266\257"
 154      66798843 
 154      5BB3E329 
 154      ACBC2898 
 154      2BB6AF
 155 00cf F316D7AE 		.ascii	"\363\026\327\256R\253\325\355|\321\276RR\331j\267;\334"
 155      52ABD5ED 
 155      7CD1BE52 
 155      52D96AB7 
 155      3BDC
 156 00e1 BF853E38 		.ascii	"\277\205>8\203+?XP\335\356\325c\2456: @ZH\257\332\224"
 156      832B3F58 
 156      50DDEED5 
 156      63A5363A 
 156      20405A48 
 157 00f8 DEF4533E 		.ascii	"\336\364S>#\323\270(oH=\243-\000\227\263G\361\357\310"
 157      23D3B828 
 157      6F483DA3 
ARM GAS  /tmp/ccaF9ghj.s 			page 12


 157      2D0097B3 
 157      47F1EFC8 
 158 010c 272C39A8 		.ascii	"',9\250\305\242\027\340\217&\335\314\231\213\223\306"
 158      C5A217E0 
 158      8F26DDCC 
 158      998B93C6 
 159 011c 7C38188E 		.ascii	"|8\030\216\232\00131\033\214\204\274c\023\276q_\312"
 159      9A013331 
 159      1B8C84BC 
 159      6313BE71 
 159      5FCA
 160 012e 1F4A25FC 		.ascii	"\037J%\374\311hd\3164#\275\333\210/\306\022~3n\370\223"
 160      C96864CE 
 160      3423BDDB 
 160      882FC612 
 160      7E336EF8 
 161 0143 4620168D 		.ascii	"F \026\215'|\006a\341\027\020\372y\263"
 161      277C0661 
 161      E11710FA 
 161      79B3
 162              		.text
 163              		.section	.gnu.lto_wc_LockMutex.ae95e6adbb84eb24,"",%progbits
 164 0000 789C6550 		.ascii	"x\234eP\317K\202A\020\235\267+v\320\203t\224\240@D\010"
 164      CF4B8241 
 164      109DB72B 
 164      76D08374 
 164      94A04044 
 165 0015 F4A34E11 		.ascii	"\364\243N\021\024\375'\222\037F\202\241\370\011\332"
 165      14FD2792 
 165      1F4682A1 
 165      F809DA
 166 0024 C9CD0C3A 		.ascii	"\311\315\014:GP\335\212\260\262_B\207\250NvH\274H\227"
 166      4750DD8A 
 166      B0B25F42 
 166      87A84E76 
 166      48BC4897 
 167 0038 C0E81012 		.ascii	"\300\350\020\022\005y\010\024\005\221\012\233\225\016"
 167      05790814 
 167      05910A9B 
 167      950E
 168 0046 410B33BB 		.ascii	"A\0133\273o\336\2337\303J\372\177F8\374 \232\325\300"
 168      6FDE9B37 
 168      C34AFA7F 
 168      4638FC20 
 168      9AD5C0
 169 0059 4610C401 		.ascii	"F\020\304\001\311Y\202\313\004\312\010\211\014\032\242"
 169      C95982CB 
 169      04CA0889 
 169      0C1AA2
 170 0068 25707DDE 		.ascii	"%p}\336\251:\336EO\320\0301\274\331\250l\3335\204M\303"
 170      A93ADE45 
 170      4FD01831 
 170      BCD9A86C 
 170      DB35844D 
 171 007d CF7CB361 		.ascii	"\317|\263a\367\345\225R\315\227vxgs\227\031AmA8\204"
 171      F7E59552 
 171      CD977678 
ARM GAS  /tmp/ccaF9ghj.s 			page 13


 171      67739719 
 171      416D4138 
 172 0092 1B47706B 		.ascii	"\033Gpk\273\002|,\275\275\372\272s\312\031\350\266\203"
 172      BB027C2C 
 172      BDBDFABA 
 172      73CA19E8 
 172      B683
 173 00a4 8F55BF77 		.ascii	"\217U\277w_\251l\251z\241\346l=\036w\014\371\267\215"
 173      5FA96CA9 
 173      7AA1E66C 
 173      3D1E770C 
 173      F9B78D
 174 00b7 4B841378 		.ascii	"K\204\023x\265\272\225\373\2569\3549\036\342\322\326"
 174      B5BA95FB 
 174      AE39EC39 
 174      1EE2D2D6 
 175 00c7 EC780A3B 		.ascii	"\354x\012;/\012\346\312\335\313\242\315\263\247\324"
 175      2F0AE6CA 
 175      DDCBA2CD 
 175      B3A7D4
 176 00d6 7ABD502C 		.ascii	"z\275P,;\327**W\357\367G\377o\241\017\316\340)\016\227"
 176      3BD72A2A 
 176      57EFF747 
 176      FF6FA10F 
 176      CEE0290E 
 177 00eb 54BFDFBE 		.ascii	"T\277\337\276\257U\306\207\004H\013\351U\233\322\233"
 177      AF55C687 
 177      04480BE9 
 177      559BD29B 
 178 00fb 7ECA2764 		.ascii	"~\312'd\233\315\207-\251gt\005\340q\017(\376\035\371"
 178      9BCD872D 
 178      A9677405 
 178      E0710F28 
 178      FE1DF9
 179 010e 88151775 		.ascii	"\210\025\027uX\364\014\374\322\244\2339sq\332\\\214"
 179      58F40CFC 
 179      D2A49B39 
 179      7371DA5C 
 179      8C
 180 011f 8422312B 		.ascii	"\204\"1+h%\347C\321\260\177b*0\031H\033\341t\322H\305"
 180      6825E743 
 180      D1B07F62 
 180      2A301948 
 180      1BE174D2 
 181 0135 A20B9615 		.ascii	"\242\013\226\025\035\334fb9\2364\254\204i\244\314`<"
 181      1DDC6662 
 181      399E34AC 
 181      8469A4CC 
 181      603C
 182 0147 9648064C 		.ascii	"\226H\006L\302\322\017@zz\""
 182      C2D20F40 
 182      7A7A22
 183              		.text
 184              		.section	.gnu.lto_wc_UnLockMutex.ae95e6adbb84eb24,"",%progbits
 185 0000 789C6550 		.ascii	"x\234eP\317K\002Q\020\236yo\331\016z\220\216\022\024"
 185      CF4B0251 
 185      109E796F 
ARM GAS  /tmp/ccaF9ghj.s 			page 14


 185      D90E7A90 
 185      8E1214
 186 0013 8878DA5D 		.ascii	"\210x\332]\352\024A\321\177\"\271\030\011\206\342.h"
 186      EA1441D1 
 186      7F22B918 
 186      0986E22E 
 186      68
 187 0024 275F66D0 		.ascii	"'_f\3209\202\352V\204e?\215\202\260NvH\274D\320\305"
 187      3982EA56 
 187      84653F8D 
 187      82B04E76 
 187      48BC44D0 
 188 0039 88080F05 		.ascii	"\210\010\017\005y\010V2D*\266y\322!\360\301\314{\337"
 188      79085632 
 188      442AB679 
 188      D221F0C1 
 188      CC7BDF
 189 004c 7CDF7C33 		.ascii	"|\337|3<\016\375g\210BC\200)\011\024@\006\024\310)s"
 189      3C0EFD67 
 189      88424380 
 189      29091440 
 189      0614C829 
 190 0061 A4322064 		.ascii	"\2442 d\031\307,6Y\213\341\345I\373\326\363\306\272"
 190      19C72C36 
 190      598BE1E5 
 190      49FBD6F3 
 190      C6BA
 191 0073 0C4680E0 		.ascii	"\014F\200\340\325jmC\225\020\025\011\277\012NS\015\025"
 191      D56A6D43 
 191      95101509 
 191      BF0A4E53 
 191      0D15
 192 0085 8410CEFD 		.ascii	"\204\020\316\375gtsm\213\030\006\037\014p\017\375XD"
 192      6774736D 
 192      8B18061F 
 192      0C700FFD 
 192      5844
 193 0097 BFB4DBC7 		.ascii	"\277\264\333\307\020I\257\313\3377^>\211\262m\367}I"
 193      1049AFCB 
 193      DF375E3E 
 193      89B26DF7 
 193      7D49
 194 00a9 0BEE0891 		.ascii	"\013\356\010\221\253\334\235\211i\245K\343\016\220\377"
 194      ABDC9D89 
 194      69A54BE3 
 194      0E90FF
 195 00b8 6FA312E0 		.ascii	"o\243\022\340!\006\245\272\225\377\251{\324<\015\361"
 195      2106A5BA 
 195      95FFA97B 
 195      D43C0DF1 
 196 00c8 496B723C 		.ascii	"Ikr<B\225\026E\342\252\235\213\222\022\330\026b\245"
 196      42951645 
 196      E2AA9D8B 
 196      9212D816 
 196      62A5
 197 00da 512E55BD 		.ascii	"Q.U\275\3135\221o\270\356p\377\026\362\3401\006J\203"
 197      CB35916F 
ARM GAS  /tmp/ccaF9ghj.s 			page 15


 197      B8EE70FF 
 197      16F2E031 
 197      064A83
 198 00ed 15E1BAE7 		.ascii	"\025\341\272\347\365zQ\037`\010R\010/\322\024^\345\223"
 198      F57A511F 
 198      60085208 
 198      2FD2145E 
 198      E593
 199 00ff 3F62CE39 		.ascii	"?b\3169}Z\347rF\207!\006\374=\212~\207?\340\242\017"
 199      7D5AE772 
 199      46872106 
 199      FC3D8A7E 
 199      873FE0A2 
 200 0114 DA247A46 		.ascii	"\332$zF\374\243A6S\246\342\2049\027\213\304\022V\330"
 200      FCA34136 
 200      53A6E284 
 200      39178BC4 
 200      1256D8
 201 0127 B26722F1 		.ascii	"\262g\"\361\2506:\256\217\351\031#\232\261\215t\">k"
 201      A8363AAE 
 201      8FE91923 
 201      9AB18D74 
 201      223E6B
 202 013a 59F1DE6D 		.ascii	"Y\361\336m\246\026\222\266a\245L#m\206\223\211\224\255"
 202      A61692B6 
 202      61A54C23 
 202      6D869389 
 202      94AD
 203 014c 9B80F3BF 		.ascii	"\233\200\363\277\3645y\231"
 203      F4357999 
 204              		.text
 205              		.section	.gnu.lto_.symbol_nodes.ae95e6adbb84eb24,"",%progbits
 206 0000 789C55CA 		.ascii	"x\234U\312\315\015\3020\024\003`\327/\245a\254L\346"
 206      CD0DC230 
 206      140360D7 
 206      2FA561AC 
 206      4CE6
 207 0012 8CC00808 		.ascii	"\214\300\010\010e\211\216@\351\037\0348\203\272GE\004"
 207      65898E40 
 207      E91F1C38 
 207      83BA4745 
 207      04
 208 0023 1C125F9E 		.ascii	"\034\022_\236\374=\033\200\036\377p\240\200\323\014"
 208      FC3D1B80 
 208      1EFF70A0 
 208      80D30C
 209 0032 48789E3D 		.ascii	"Hx\236=\332+q\241\2147\252)\037\234(V0\346Y\0053\345"
 209      DA2B71A1 
 209      8C37AA29 
 209      1F9C2856 
 209      30E65905 
 210 0048 2A58A8B6 		.ascii	"*X\250\266\202\225:\224\320<\250\356\007\2101\367;\345"
 210      82953A94 
 210      D03CA8EE 
 210      078831F7 
 210      3BE5
 211 005a 8B6EEE88 		.ascii	"\213n\356\210\364\332\2039\303\366\275\036\351\275\007"
ARM GAS  /tmp/ccaF9ghj.s 			page 16


 211      F4DA8339 
 211      C3F6BD1E 
 211      E9BD07
 212 0069 7C004E85 		.ascii	"|\000N\2058 "
 212      3820
 213              		.text
 214              		.section	.gnu.lto_.refs.ae95e6adbb84eb24,"",%progbits
 215 0000 789C6366 		.ascii	"x\234cf``\020d\200\000&\006\006F&FF\026&&\010\315\000"
 215      60601064 
 215      80002606 
 215      06462646 
 215      46162626 
 216 0017 0002E700 		.ascii	"\000\002\347\000-"
 216      2D
 217              		.text
 218              		.section	.gnu.lto_.decls.ae95e6adbb84eb24,"",%progbits
 219 0000 789C8D54 		.ascii	"x\234\215T_LSW\030\277\247\267\224R\012s\211\321\304"
 219      5F4C5357 
 219      18BFA7B7 
 219      94520A73 
 219      89D1C4
 220 0013 2708094F 		.ascii	"'\010\011O\016\346\236\266%\3334$\233#n\232\021\237"
 220      0EE69EB6 
 220      25DB3424 
 220      9B236E9A 
 220      119F
 221 0025 F640B02B 		.ascii	"\366@\260+\221\254i\011\224\200O\273T\243\210\020\007"
 221      91AC6909 
 221      94804FBB 
 221      54A38810 
 221      07
 222 0036 4E0792D9 		.ascii	"N\007\222\331v\003\246\010\005\031\177\012\265\026("
 222      7603A608 
 222      05197F0A 
 222      B51628
 223 0045 D4B61301 		.ascii	"\324\266\023\001i\021\310\330\212\3069&1\020\266)\310"
 223      6911C8D8 
 223      8AC63926 
 223      3110B629 
 223      C8
 224 0056 E8BE73CE 		.ascii	"\350\276s\316=\355m\267\005o\362qz\016\277\337\357\373"
 224      3DED6DB7 
 224      056FF271 
 224      7A0EBFDF 
 224      EFFB
 225 0068 7DDF77CF 		.ascii	"}\337w\317\3459\216S\3128.\014\317\254\202\343\336A"
 225      E5398E53 
 225      CA382E0C 
 225      CFAC82E3 
 225      DE41
 226 007a B087B323 		.ascii	"\260\207\263#\\\364I\202h\207\260A\330!\034\020N\010"
 226      5CF44982 
 226      6887B041 
 226      D8211C10 
 226      4E08
 227 008c 17C430C4 		.ascii	"\027\3040\304\030\204\037\002\250\334\004\027\373`^"
 227      18841F02 
ARM GAS  /tmp/ccaF9ghj.s 			page 17


 227      A8DC0417 
 227      FB605E
 228 009b 02442A84 		.ascii	"\002D*\204\032\"\027b\022b\\\374?\02212\221;\025\307"
 228      1A221762 
 228      12625CFC 
 228      3F123132 
 228      913B15C7 
 229 00af B7BD04DF 		.ascii	"\267\275\004\337&\341\337\213\343c\277\3628~\217\204"
 229      26E1DF8B 
 229      E363BFF2 
 229      387E8F84 
 230 00bf 6B17D7E9 		.ascii	"k\027\327\3518\036\256Q%\341\365\210\334\000\204\027"
 230      381EAE51 
 230      25E1F588 
 230      DC008417 
 231 00cf 2208D107 		.ascii	"\"\010\321\0071\003\341\0269r\221\347\027u\307D\355"
 231      3103E116 
 231      397291E7 
 231      1775C744 
 231      ED
 232 00e0 FB71DACE 		.ascii	"\373q\332\316m<9\305u6\216\347\332\206\347\022\327\271"
 232      6D3C39C5 
 232      75368EE7 
 232      DA86E712 
 232      D7B9
 233 00f2 38DEF036 		.ascii	"8\336\3606\274aq\235\217\343\255\312\320\200\355\217"
 233      BC61719D 
 233      8FE3ADCA 
 233      D080ED8F 
 234 0102 F1E4DF64 		.ascii	"\361\344\337d(U\225\206\267\203\365\336\006\005l\325"
 234      28559586 
 234      B783F5DE 
 234      06056CD5 
 235 0112 2A39DE3A 		.ascii	"*9\336:^<\010\310w_\024\340\371\362\244\260C\216rU\350"
 235      5E3C08C8 
 235      775F14E0 
 235      F9F2A4B0 
 235      438E7255 
 236 0127 7BB4075D 		.ascii	"{\264\007]E{@\361\032\332\015\177?\225S%\2375hG\274"
 236      457B40F1 
 236      1ADA0D7F 
 236      3F955325 
 236      9F356847 
 237 013c 0CE1DFDF 		.ascii	"\014\341\337\3375,\006T{\333\200V%\014ye\321t\216\252"
 237      352C0654 
 237      7BDB8056 
 237      250C7965 
 237      D1748EAA 
 238 0150 AFAEF269 		.ascii	"\257\256\362iW\004\213e\305\336\355\2215\012\026\223"
 238      57048B65 
 238      C5DEED91 
 238      350A1693 
 239 0160 B0150E23 		.ascii	"\260\025\016#\"\206\332\020\217\256\243\275\3046\374"
 239      2286DA10 
 239      8FAEA3BD 
 239      C436FC
 240 016f A6FEDB51 		.ascii	"\246\376\333Q\032\020\027\253\346\276M\340\363\210\372"
ARM GAS  /tmp/ccaF9ghj.s 			page 18


 240      1A1017AB 
 240      E6BE4DE0 
 240      F388FA
 241 017e 82637680 		.ascii	"\202cv\200\212X\356\264(\274\302P8\374\036\341wH\370"
 241      8A58EEB4 
 241      28BCC250 
 241      38FC1EE1 
 241      7748F8
 242 0191 1D8C6F23 		.ascii	"\035\214o#\374\340XU\265\212\327\022\276m\301]\0165"
 242      FCE05855 
 242      B58AD712 
 242      BE6DC15D 
 242      0E35
 243 01a3 E6AA705D 		.ascii	"\346\252p]\317\361\305@_\340\002\246'&\023\3109>J\004"
 243      CFF1C540 
 243      5FE002A6 
 243      272613C8 
 243      393E4A04 
 244 01b7 A4CC5463 		.ascii	"\244\314TckU!Uf\225\330\201\244\203\\\244~\364\003\312"
 244      6B552155 
 244      6695D881 
 244      A4835CA4 
 244      7EF403CA 
 245 01cb C4FDC009 		.ascii	"\304\375\300\011Q\027\034\336\200\303f\300\255<y\370"
 245      51171CDE 
 245      80C366C0 
 245      AD3C79F8 
 246 01db D74193B0 		.ascii	"\327A\223\260\037u#\025\352\214X\002l\244\015\266v\363"
 246      1F752315 
 246      EA8C5802 
 246      6CA40DB6 
 246      76F3
 247 01ed 0975B520 		.ascii	"\011u\265 \230\250(AF\373\332\203\324\"\256V\250mAr"
 247      98A82841 
 247      46FBDA83 
 247      D422AE56 
 247      A86D4172 
 248 0201 193DC39D 		.ascii	"\031=\303\235\2063\367\306\240\360\3773\351#3\351E\342"
 248      8633F7C6 
 248      A0F0FF33 
 248      E92333E9 
 248      45E2
 249 0213 50DC7F06 		.ascii	"P\334\177\006\317%\361\335\210\324}\306\263Z\251\200"
 249      CF25F1DD 
 249      88D47DC6 
 249      B35AA980 
 250 0223 BE85A0F9 		.ascii	"\276\205\240\371\365?\253%\315\007\026\352\2274\257"
 250      F53FAB25 
 250      CD0716EA 
 250      9734AF
 251 0232 9F35CF4E 		.ascii	"\2375\317N\232\267\020\362\324\361\322\224\330M4\347"
 251      9AB710F2 
 251      D4F1D294 
 251      D84D34E7 
 252 0242 40CC7BD0 		.ascii	"@\314{\320\353\365\314\247\360.\232r\363\344\322\212"
 252      EBF5CCA7 
 252      F02E9A72 
ARM GAS  /tmp/ccaF9ghj.s 			page 19


 252      F3E4D28A 
 253 0252 9A8C2AF4 		.ascii	"\232\214*\364\3159\277Z\240\303\"\0244(I8\310\022:H"
 253      CD39BF5A 
 253      A0C32214 
 253      34284938 
 253      C8123A48 
 254 0266 C2B6DA66 		.ascii	"\302\266\332f_\012\037\240\0323}\246\305d\252q\276\323"
 254      5F0A1FA0 
 254      1A337DA6 
 254      C564AA71 
 254      BED3
 255 0278 13D5C0A6 		.ascii	"\023\325\300\246oJ4n2\015'\321x\364\265\263E\306/R\215"
 255      6F4A346E 
 255      320D27D1 
 255      78F4B5B3 
 255      45C62F52 
 256 028d D9AEDBD3 		.ascii	"\331\256\333\323\342+s\245\223\2752X\340\226D\340\026"
 256      E22B73A5 
 256      93BD3258 
 256      E09644E0 
 256      16
 257 029e 13701181 		.ascii	"\023p\021\201'\317\372\375\210\177J\005\034\227_\314"
 257      27CFFAFD 
 257      887F4A05 
 257      1C975FCC 
 258 02ae 29A84047 		.ascii	")\250@G\214\300\220D`\210\011\014\023\201\221\011\373"
 258      8CC09044 
 258      6088090C 
 258      13819109 
 258      FB
 259 02bf 253ABDC3 		.ascii	"%:\275\303lx\317\\c\253\012i'\217\354\2224\322M\032"
 259      6C78CF5C 
 259      63AB0A69 
 259      278FEC92 
 259      34D24D1A 
 260 02d3 39C286E7 		.ascii	"9\302\206\347\3606n\244\362\177S\003\341\213&\007\031"
 260      F0366EA4 
 260      F27F5303 
 260      E18B2607 
 260      19
 261 02e4 9EB072D9 		.ascii	"\236\260r\331\367\340\365F\301\312\206\007,4*q1\312"
 261      F7E0F546 
 261      C1CA8607 
 261      2C342A71 
 261      31CA
 262 02f6 5C8CC5B9 		.ascii	"\\\214\305\271\200\027\205\272h\257w\\P2c\036D\316\326"
 262      801785BA 
 262      68AF775C 
 262      5032631E 
 262      44CED6
 263 0309 7E377726 		.ascii	"~7w&J\235\035\226\216\330K\234\335f\3166/\324\371e\274"
 263      4A9D1D96 
 263      8ED84B9C 
 263      DD66CE36 
 263      2FD4F965 
 264 031e 995EF647 		.ascii	"\231^\366G\253k]\257\020g\241\263\017\265#\247\204\315"
 264      AB6B5DAF 
ARM GAS  /tmp/ccaF9ghj.s 			page 20


 264      1067A1B3 
 264      0FB523A7 
 264      84CD
 265 0330 70982714 		.ascii	"p\230'\024\344\223\330\3621[~b+\024\260<V\362\035Tb"
 265      E493D8F2 
 265      315B7E62 
 265      2B14B03C 
 265      56F21D54 
 266 0345 E96C8D49 		.ascii	"\351l\215I\236\331L\276\027\373\261\317\037Ep\344\306"
 266      9ED94CBE 
 266      17FBB1CF 
 266      1F4570E4 
 266      C6
 267 0356 2C37ADAE 		.ascii	",7\255\256%\253\340\036V\376\353\036\336\371\217{\010"
 267      25ABE01E 
 267      56FEEB1E 
 267      DEF98F7B 
 267      08
 268 0367 0CF3C8F4 		.ascii	"\014\363\310\364[\374\015\252\337\337z\372Zr\206U8e"
 268      5BFC0DAA 
 268      DFDF7AFA 
 268      5A728655 
 268      3865
 269 0379 5DB13778 		.ascii	"]\2617xv\2217_\300\023D\343p\363\356R\227\222r\357\342"
 269      7691375F 
 269      C01344E3 
 269      70F3EE52 
 269      979272EF 
 270 038e F42803C4 		.ascii	"\364(\003\304'P\006\360\1771\235~\232 \275\260\3431"
 270      275006F0 
 270      7F319D7E 
 270      9A20BDB0 
 270      E331
 271 03a0 1776925E 		.ascii	"\027v\222^X\274\002\330\365\323\\ub\272\031\212\011"
 271      58BC02D8 
 271      F5D35C75 
 271      62BA198A 
 271      09
 272 03b1 795B841D 		.ascii	"y[\204\035J\2301\371\212\321\352\247P:`\254\227\246"
 272      4A9831F9 
 272      8AD1EAA7 
 272      503A60AC 
 272      97A6
 273 03c3 B67882B1 		.ascii	"\266x\202\261\324\234\021\020\"\030\033\303\334#\230"
 273      D49C1110 
 273      22181BC3 
 273      DC2398
 274 03d2 D6BAAEA5 		.ascii	"\326\272\256\245T\252S\333Y)\352\330\031f\232`\206F"
 274      54AA53DB 
 274      5929EAD8 
 274      19669A60 
 274      8646
 275 03e4 97C331C6 		.ascii	"\227\3031\306p\327\243\306\002\242\261\0001\326\356"
 275      70D7A3C6 
 275      02A2B100 
 275      31D6EE
 276 03f3 5B5C4F94 		.ascii	"[\\O\224\202\373b\300A\021\034$`s\343r\213R\012v\307"
ARM GAS  /tmp/ccaF9ghj.s 			page 21


 276      82FB62C0 
 276      41111C24 
 276      6073E372 
 276      8B520A76 
 277 0408 8067E00B 		.ascii	"\200g\340\013 ~\327f\010\376\327\336\307\335)\324\255"
 277      207ED766 
 277      08FED7DE 
 277      C7DD29D4 
 277      AD
 278 0419 F33AABDA 		.ascii	"\363:\253\332\301\334\336'n\2377-\254\213\0255E*r2\314"
 278      C1DCDE27 
 278      6E9F372D 
 278      AC8B1535 
 278      452A7232 
 279 042e 2CAD68A6 		.ascii	",\255h\246o]A;\323v\236u\306\3050s\004\263a\335RR\310"
 279      6F5D413B 
 279      D3769E75 
 279      C6C53073 
 279      04B361DD 
 280 0445 400432CC 		.ascii	"@\0042\314 \363(\235K-7\350\012sJN\024\033\363?\324"
 280      20F3289D 
 280      4B2D37E8 
 280      0A734A4E 
 280      141BF33F 
 281 045a 1719151F 		.ascii	"\027\031\025\037||4-\207{[s\274\350X\221\2414\277\324"
 281      7C7C342D 
 281      877B5B73 
 281      BCE85891 
 281      A134BFD4 
 282 046e 58704CA7 		.ascii	"XpL\247}m\337\233YodUdk+\214\331\030_Z\252#\253\006"
 282      7D6DDF9B 
 282      596F6455 
 282      646B2B8C 
 282      D9185F5A 
 283 0486 F3B24B4B 		.ascii	"\363\262KK4\331\345\232\374bC\2111K\303\275\032\025"
 283      34D9E59A 
 283      FC624389 
 283      314BC3BD 
 283      1A15
 284 0498 CCD1690B 		.ascii	"\314\321i\013\364e\305)\370$/\357P\376GeFm\305\273/"
 284      F465C529 
 284      F8242FEF 
 284      50FE4765 
 284      466DC5BB 
 285 04ad 271D9B82 		.ascii	"'\035\233\202\311\037\347\324\360\023\033%Z;\305\315"
 285      C91FE7D4 
 285      F0131B25 
 285      5A3BC5CD 
 286 04bd 01FD6707 		.ascii	"\001\375g\007t:\203\206\034b\304\373%Zmds\310\240\371"
 286      743A8386 
 286      1C62C4FB 
 286      255A6D64 
 286      73C8A0F9 
 287 04d1 9C6C5261 		.ascii	"\234lRasT\037\331\252\231\223B@\357\314bi\363\305cH"
 287      73541FD9 
 287      AA999342 
 287      40EFCC62 
ARM GAS  /tmp/ccaF9ghj.s 			page 22


 287      69F3C563 
 288 04e6 96C21005 		.ascii	"\226\302\020\005X\235/\322\033\325E\220\356\023ma\216"
 288      589D2FD2 
 288      1BD54590 
 288      EE136D61 
 288      8E
 289 04f7 A14C6FFC 		.ascii	"\241Lo\374\007\276\264\3030"
 289      07BEB4C3 
 289      30
 290              		.text
 291              		.section	.gnu.lto_.symtab.ae95e6adbb84eb24,"",%progbits
 292 0000 776F6C66 		.ascii	"wolfCrypt_Init\000\000\000\000\000\000\000\000\000\000"
 292      43727970 
 292      745F496E 
 292      69740000 
 292      00000000 
 293 0018 0000AC00 		.ascii	"\000\000\254\000\000\000wolfCrypt_Cleanup\000\000\000"
 293      0000776F 
 293      6C664372 
 293      7970745F 
 293      436C6561 
 294 0032 00000000 		.ascii	"\000\000\000\000\000\000\000\000\000\256\000\000\000"
 294      00000000 
 294      00AE0000 
 294      00
 295 003f 77635F49 		.ascii	"wc_InitMutex\000\000\000\000\000\000\000\000\000\000"
 295      6E69744D 
 295      75746578 
 295      00000000 
 295      00000000 
 296 0055 0000B800 		.ascii	"\000\000\270\000\000\000wc_InitAndAllocMutex\000\000"
 296      00007763 
 296      5F496E69 
 296      74416E64 
 296      416C6C6F 
 297 0071 00000000 		.ascii	"\000\000\000\000\000\000\000\000\000\000\273\000\000"
 297      00000000 
 297      0000BB00 
 297      00
 298 007e 0077635F 		.ascii	"\000wc_FreeMutex\000\000\000\000\000\000\000\000\000"
 298      46726565 
 298      4D757465 
 298      78000000 
 298      00000000 
 299 0094 000000BD 		.ascii	"\000\000\000\275\000\000\000wc_LockMutex\000\000\000"
 299      00000077 
 299      635F4C6F 
 299      636B4D75 
 299      74657800 
 300 00aa 00000000 		.ascii	"\000\000\000\000\000\000\000\000\000\277\000\000\000"
 300      00000000 
 300      00BF0000 
 300      00
 301 00b7 77635F55 		.ascii	"wc_UnLockMutex\000\000\000\000\000\000\000\000\000\000"
 301      6E4C6F63 
 301      6B4D7574 
 301      65780000 
ARM GAS  /tmp/ccaF9ghj.s 			page 23


 301      00000000 
 302 00cf 0000C100 		.ascii	"\000\000\301\000\000\000chibios_free\000\000\002\000"
 302      00006368 
 302      6962696F 
 302      735F6672 
 302      65650000 
 303 00e5 00000000 		.ascii	"\000\000\000\000\000\000\000\000\305\000\000\000chi"
 303      00000000 
 303      C5000000 
 303      636869
 304 00f4 62696F73 		.ascii	"bios_alloc\000\000\002\000\000\000\000\000\000\000\000"
 304      5F616C6C 
 304      6F630000 
 304      02000000 
 304      00000000 
 305 0109 00CA0000 		.ascii	"\000\312\000\000\000"
 305      00
 306              		.text
 307              		.section	.gnu.lto_.opts,"",%progbits
 308 0000 272D666E 		.ascii	"'-fno-trapv' '-fno-strict-overflow' '-mcpu=cortex-m"
 308      6F2D7472 
 308      61707627 
 308      20272D66 
 308      6E6F2D73 
 309 0033 34272027 		.ascii	"4' '-mfloat-abi=hard' '-mfpu=fpv4-sp-d16' '-mno-thu"
 309      2D6D666C 
 309      6F61742D 
 309      6162693D 
 309      68617264 
 310 0066 6D622D69 		.ascii	"mb-interwork' '-mthumb' '-ggdb' '-O0' '-fomit-frame"
 310      6E746572 
 310      776F726B 
 310      2720272D 
 310      6D746875 
 311 0099 2D706F69 		.ascii	"-pointer' '-falign-functions=16' '-ffunction-sectio"
 311      6E746572 
 311      2720272D 
 311      66616C69 
 311      676E2D66 
 312 00cc 6E732720 		.ascii	"ns' '-fdata-sections' '-fno-common' '-flto' '-fsing"
 312      272D6664 
 312      6174612D 
 312      73656374 
 312      696F6E73 
 313 00ff 6C652D70 		.ascii	"le-precision-constant'\000"
 313      72656369 
 313      73696F6E 
 313      2D636F6E 
 313      7374616E 
 314              		.text
 315              		.comm	__gnu_lto_v1,1,1
 316              		.comm	__gnu_lto_slim,1,1
 317              		.ident	"GCC: (GNU Tools for ARM Embedded Processors) 4.9.3 20150529 (release) [ARM/embedded-4_9-br
ARM GAS  /tmp/ccaF9ghj.s 			page 24


DEFINED SYMBOLS
                            *ABS*:00000000 wc_port.c
                            *COM*:00000001 __gnu_lto_v1
                            *COM*:00000001 __gnu_lto_slim

NO UNDEFINED SYMBOLS
