ARM GAS  /tmp/cc0jpjWg.s 			page 1


   1              		.syntax unified
   2              		.cpu cortex-m4
   3              		.eabi_attribute 27, 1
   4              		.eabi_attribute 28, 1
   5              		.fpu fpv4-sp-d16
   6              		.eabi_attribute 20, 1
   7              		.eabi_attribute 21, 1
   8              		.eabi_attribute 23, 3
   9              		.eabi_attribute 24, 1
  10              		.eabi_attribute 25, 1
  11              		.eabi_attribute 26, 1
  12              		.eabi_attribute 30, 6
  13              		.eabi_attribute 34, 1
  14              		.eabi_attribute 18, 4
  15              		.thumb
  16              		.file	"wolfmath.c"
  17              		.text
  18              	.Ltext0:
  19              		.section	.gnu.lto_.inline.c1ab0b75473964e5,"",%progbits
  20 0000 789C6366 		.ascii	"x\234cf\300\016\012\2404\013\003\003\033+\003\003\023"
  20      C00E0AA0 
  20      340B0303 
  20      1B2B0303 
  20      13
  21 0011 C7043F20 		.ascii	"\307\004? \233\011$\304\310\300\307\013\024\221\230"
  21      9B0924C4 
  21      C8C0C70B 
  21      149198
  22 0020 709A1126 		.ascii	"p\232\021&\304\304\300!\000$\231\026\310\303DX\371\200"
  22      C4C4C021 
  22      00249916 
  22      C8C34458 
  22      F980
  23 0032 043383F1 		.ascii	"\0043\203\361\013\220\254\321\202i\314\010\011F\240"
  23      0B90ACD1 
  23      8269CC08 
  23      0946A0
  24 0041 A9BC3002 		.ascii	"\251\2740\002\254\016\314b\342\006I\003\000\334\314"
  24      AC0ECC62 
  24      E2064903 
  24      00DCCC
  25 0050 06FA     		.ascii	"\006\372"
  26              		.text
  27              		.section	.gnu.lto_get_digit_count.c1ab0b75473964e5,"",%progbits
  28 0000 789C6551 		.ascii	"x\234eQAKTQ\024>\337\271w\036\201\026\022-b \012\006"
  28      414B5451 
  28      143EDFB9 
  28      771E8116 
  28      122D6220 
  29 0016 71213353 		.ascii	"q!3S\255\202\240Z\272\355\027\3048\031\012\023\206o"
  29      AD82A05A 
  29      BAED17C4 
  29      38190A13 
  29      866F
  30 0028 205B79B5 		.ascii	" [y\265'\270\250\305\264\012T\244\006)\265\234JF(\012"
  30      27B8A8C5 
  30      B40A54A4 
ARM GAS  /tmp/cc0jpjWg.s 			page 2


  30      0629B59C 
  30      4A46280A 
  31 003c 6611329B 		.ascii	"f\0212\233\220@IZ\224\230\023I\0043)Lc\304t\316\233"
  31      9040495A 
  31      94981349 
  31      0433294C 
  31      63C474CE 
  32 0051 168117EE 		.ascii	"\026\201\027\356}\347;\347\273\337w\356y\206\016\256"
  32      7DE73BE7 
  32      BBDF77EE 
  32      79860EAE 
  33 0061 D3B2CB20 		.ascii	"\323\262\313 \272\250\300#0\311fC\344\330\312a\015\""
  33      BAA8C023 
  33      30C96643 
  33      E4D8CA61 
  33      0D22
  34 0073 92B1E119 		.ascii	"\222\261\341\031\201\020\0114\302\306F0\202\035\256"
  34      81100934 
  34      C2C64630 
  34      821DAE
  35 0082 315E2EEE 		.ascii	"1^.\356\275k\373\306\015\246S$\360\325\275\362}O!\254"
  35      BD6BFBC6 
  35      0DA65324 
  35      F0D5BDF2 
  35      7D4F21AC 
  36 0096 C2DFB3D5 		.ascii	"\302\337\263\325\035\257k\3269W\335ZZk\037\357i0\323"
  36      1DAF6BD6 
  36      3957DD5A 
  36      5A6B1FEF 
  36      6930D3
  37 00a9 2E131E21 		.ascii	".\023\036!\212\307\210\252\336\034\272\204\371\345N"
  37      8AC788AA 
  37      DE1CBA84 
  37      F9E54E
  38 00b8 EE399B0B 		.ascii	"\3569\233\013\320[\373Ae\001\235y\347\306Jo^\270K\266"
  38      D05BFB41 
  38      65019D79 
  38      E7C64A6F 
  38      5EB84BB6 
  39 00cc C106F330 		.ascii	"\301\006\3630\377\337\223\024AHJ\257\005\177>\264y\201"
  39      FFDF9314 
  39      41484AAF 
  39      057F3EB4 
  39      7981
  40 00de 9874A8B6 		.ascii	"\230t\250\266H>\201'\255Bj+\365\345\202\215=pnbs.\277"
  40      483E8127 
  40      AD426A2B 
  40      F5E5828D 
  40      3D706E62 
  41 00f5 D23E5E76 		.ascii	"\322>^v\301f\263y\362`\033\272\360\024\261\302\321\222"
  41      C166B379 
  41      F2601BBA 
  41      F014B1C2 
  41      D192
  42 0107 6B367757 		.ascii	"k6wWs\023\335\362`\361a\206\032\031\015\255\036D\333"
  42      7313DDF2 
  42      60F16186 
ARM GAS  /tmp/cc0jpjWg.s 			page 3


  42      1A190DAD 
  42      1E44DB
  43 011a 6A42150D 		.ascii	"jB\025\015\315:\202\215\333\371\273\307\325\263\316"
  43      CD3A828D 
  43      DBF9BBC7 
  43      D5B3CE
  44 0129 3A91CFDB 		.ascii	":\221\317\333\253\357\017\351\010d\212X\374'^Qd>b\254"
  44      ABEF0FE9 
  44      08648A58 
  44      FC275E51 
  44      643E62AC 
  45 013d 5A5DCB99 		.ascii	"Z]\313\231\026\331 \026\015K\266UZ\256\255_nU\254\310"
  45      16D92016 
  45      0D4BB655 
  45      5AAEAD5F 
  45      6E55ACC8 
  46 0151 147FCDFC 		.ascii	"\024\177\315\3748<\215\311Q\347J'\032lE\274\245&\265"
  46      383C8DC9 
  46      51E74A27 
  46      1A6C45BC 
  46      A526B5
  47 0164 87DFDF6E 		.ascii	"\207\337\337n\035\211wK3(`\032?\303~\360\014\361PN\376"
  47      1D89774B 
  47      3328601A 
  47      3FC37EF0 
  47      0CF1504E 
  48 0179 95D9C068 		.ascii	"\225\331\300h\007\355I\376\223\006u\226q|\005\304\323"
  48      07ED49FE 
  48      93067596 
  48      717C05C4 
  48      D3
  49 018a 4C15AF8A 		.ascii	"L\025\257\212\201}]<&\357\220\264p\316\247\373\007z"
  49      817D5D3C 
  49      26EF90B4 
  49      70CEA7FB 
  49      077A
  50 019c 0706FD2B 		.ascii	"\007\006\375+~6\325\233\351\213\2379\2278\233\030N\366"
  50      7E36D59B 
  50      E98B9F39 
  50      97389B18 
  50      4EF6
  51 01ae 0D679337 		.ascii	"\015g\2237\0073\327|?\023~\323C\267nd\223\376P:D\327"
  51      0733D77C 
  51      3F137ED3 
  51      43B76E64 
  51      93FE503A 
  52 01c4 53D9FE44 		.ascii	"S\331\376D\232\220\372\013.\023\253\254"
  52      9A90FA0B 
  52      2E13ABAC 
  53              		.text
  54              		.section	.gnu.lto_get_digit.c1ab0b75473964e5,"",%progbits
  55 0000 789C7D54 		.ascii	"x\234}T[HTQ\024=\373\234\373\230q\306\222\210\010\177"
  55      5B485451 
  55      143DFB9C 
  55      FB9871C6 
  55      9288087F 
  56 0014 0A44FC28 		.ascii	"\012D\374(\307\352+\010J\372\014\202>\373\0235E\301"
ARM GAS  /tmp/cc0jpjWg.s 			page 4


  56      C7EA2B08 
  56      4AFA0C82 
  56      3EFB1335 
  56      45C1
  57 0026 529C81EA 		.ascii	"R\234\201\352\253\253\216&b\220\275\260\322\264$2\355"
  57      ABAB8E26 
  57      6290BDB0 
  57      D2B42432 
  57      ED
  58 0037 A565E6FB 		.ascii	"\245e\346\373\026}D\017%(|T>FGz\202\2464\215T\323\336"
  58      167D440F 
  58      25287C54 
  58      3E46477A 
  58      82A6348D 
  59 004e E75E6552 		.ascii	"\347^eR\351\302=s\3669k\255\275\316\336\367\214`+\237"
  59      E9C23D73 
  59      F6396BAD 
  59      BDCEDEF7 
  59      8C602B9F 
  60 0062 83F84E2B 		.ascii	"\203\370N+\214\355\247 \206\001g\370r\301\230\301q\325"
  60      8CEDA720 
  60      860167F8 
  60      72C198C1 
  60      71D5
  61 0074 50043871 		.ascii	"P\0048qE\341*\255\350\264\242rmi\256\201\003wu9:$\322"
  61      45E12AAD 
  61      E8B4A272 
  61      6D69AE81 
  61      03777539 
  62 008b 098042C0 		.ascii	"\011\200B\300Np\241\250\232\356p\302\011\370\304g9\274"
  62      4E70A1A8 
  62      9AEE70C2 
  62      09F8C467 
  62      39BC
  63 009d 08FC9C73 		.ascii	"\010\374\234s\177\344a\316\342\030\206\227\006\203\363"
  63      7FE461CE 
  63      E2188697 
  63      0683F3
  64 00ac 8242CC88 		.ascii	"\202B\314\210a\327\\\177@K\272n\030\3053\201\266\234"
  64      61D75C7F 
  64      404BBA6E 
  64      18C53381 
  64      B69C
  65 00be EA73F510 		.ascii	"\352s\365\020\346\234\315q\0067 \036\032!\236DoB\022"
  65      E69CCD71 
  65      0637201E 
  65      1A219E44 
  65      6F4212
  66 00d1 42272BAB 		.ascii	"B'+\253Z\270\330\015D\353\2703\377\312%E7S\330y\346"
  66      5AB8D80D 
  66      44EBB833 
  66      FFCA2545 
  66      3753D879 
  67 00e6 59B52645 		.ascii	"Y\265&E\025\012\027\374\301fHl@Q\263\273\325HU\302\\"
  67      150A17FC 
  67      C166486C 
  67      4051B3BB 
ARM GAS  /tmp/cc0jpjWg.s 			page 5


  67      D54855C2 
  68 00fb 40130852 		.ascii	"@\023\010RmF\325[\250\212K\014nC\"\242\337\014M\226"
  68      6D46D55B 
  68      A88A4B0C 
  68      6E4322A2 
  68      DF0C4D96 
  69 010f 292255EA 		.ascii	")\"U\352\216\364=\376\242\020\3230_XL\005\356,g*\014"
  69      8EF43DFE 
  69      A210D330 
  69      5F584C05 
  69      EE2C672A 
  70 0124 EE4222C1 		.ascii	"\356B\"\301g\375\277\007]\232\037\341q\344\031\255\336"
  70      67FDBF07 
  70      5D9A1FE1 
  70      71E419AD 
  70      DE
  71 0135 030DEBA0 		.ascii	"\003\015\353\240\323\271\207\252JE\302U\303\250\030"
  71      D3B987AA 
  71      4A45C255 
  71      C3A818
  72 0144 EF682873 		.ascii	"\357h(s\2276\032\376\361Hd\323\312\343\321\003-\220"
  72      97361AFE 
  72      F14864D3 
  72      CAE3D103 
  72      2D90
  73 0156 809CE147 		.ascii	"\200\234\341G_\363\305^\351$P\327{^#z\361xW\303\304"
  73      5FF3C55E 
  73      E92450D7 
  73      7B5E237A 
  73      F17857C3 
  74 016b 01B3B8DE 		.ascii	"\001\263\270\336\370\023\211Pu\240\3252\264L\341\276"
  74      F8138950 
  74      75A0D532 
  74      B44CE1BE 
  75 017b 5468EA09 		.ascii	"Th\352\011\265\256%\232a6\2676\246\372\027Y\012\213"
  75      B5AE259A 
  75      6136B736 
  75      A6FA1759 
  75      0A8B
  76 018d 3E834D79 		.ascii	">\203My )u\247\303\246\"3\231\357\242)\352j\2246IY\270"
  76      202975A7 
  76      C3A62233 
  76      99EFA229 
  76      EA6A9436 
  77 01a4 F2FCA55B 		.ascii	"\362\374\245[\354\223F\303\225\237_\272-\372X4]\203"
  77      EC9346C3 
  77      959F5FBA 
  77      2DFA5834 
  77      5D83
  78 01b6 87FF16CE 		.ascii	"\207\377\026\316Vh\227\012#Ok\317\252\222e\\<W\317\313"
  78      5668970A 
  78      234F6BCF 
  78      AA92655C 
  78      3C57CFCB 
  79 01ca CD48640F 		.ascii	"\315Hd\017rVK\371h\231\313h\302\252\036; \341\356:\323"
  79      72564BF9 
  79      6899CB68 
ARM GAS  /tmp/cc0jpjWg.s 			page 6


  79      C2AA1E3B 
  79      20E1EE3A 
  80 01df 8844E606 		.ascii	"\210D\346\006\253\312S`\015`\317\260\3528\010\240\236"
  80      ABCA5360 
  80      0D60CFB0 
  80      EA3808A0 
  80      9E
  81 01f0 2B3455A9 		.ascii	"+4U\251\221\032P'u\234\252\016\0344'\0151\024\272\010"
  81      911A5027 
  81      759CAA0E 
  81      1C34270D 
  81      3114BA08 
  82 0204 E3A62196 		.ascii	"\343\246!\226\006\306\246\250\275,HS\361\026\374C%\223"
  82      06C6A6A8 
  82      BD2C4853 
  82      F116FC43 
  82      2593
  83 0216 A73652B7 		.ascii	"\2476R\267C\\\240\273\261\251\201\327\016\372\000\361"
  83      435CA0BB 
  83      B1A981D7 
  83      0EFA00F1 
  84 0226 0241A76D 		.ascii	"\002A\247m%H\221\030\201\342\231\231\367U\302\002+\321"
  84      25489118 
  84      81E29999 
  84      F755C202 
  84      2BD1
  85 0238 60BA735D 		.ascii	"`\272s]\022\034\244KG\320\207\263\037ZT\013\252\"\264"
  85      121CA44B 
  85      47D087B3 
  85      1F5A540B 
  85      AA22B4
  86 024b ED67DDB7 		.ascii	"\355g\335\267\330Z\270\214\365\3241\223%\215\353\327"
  86      D85AB88C 
  86      F5D43193 
  86      258DEBD7 
  87 025b BE3C0DAC 		.ascii	"\276<\015\254I\336B\237g7\324\302wi\016z \231\241\267"
  87      49DE429F 
  87      6737D4C2 
  87      77690E7A 
  87      2099A1B7 
  88 026f FE920DB6 		.ascii	"\376\222\015\266B\210\256\254\224W-\333\003%\237\301"
  88      4288AEAC 
  88      94572DDB 
  88      03259FC1 
  89 027f DAD32061 		.ascii	"\332\323 a\321\245f\247\236H\266\266\364\377$\256\231"
  89      D1A566A7 
  89      9E48B6B6 
  89      F4FF24AE 
  89      99
  90 0290 3F3BBC96 		.ascii	"?;\274\226\022\253\320+\023\313[\337\207\211Qa\364\344"
  90      12ABD02B 
  90      13CB5BDF 
  90      87895161 
  90      F4E4
  91 02a2 2FDBBB83 		.ascii	"/\333\273\2032\217@\311\005\315\212\235\270\024}\371"
  91      328F40C9 
  91      05CD8A9D 
ARM GAS  /tmp/cc0jpjWg.s 			page 7


  91      B8147DF9 
  92 02b2 35EC9A89 		.ascii	"5\354\232\211\222\010\251\266!1!\312\344$\235\037\025"
  92      9208A9B6 
  92      213121CA 
  92      E4249D1F 
  92      15
  93 02c3 5BAD3557 		.ascii	"[\2555Wt\265Ti`\321X\021~\341iXB$\302c2\007O\320\217"
  93      74B55469 
  93      60D15811 
  93      7EE16958 
  93      4224C263 
  94 02dc 3C8F6E57 		.ascii	"<\217nW}\234[*\356\245\";\254\2353v\015bC\324\202i@"
  94      7D9C5B2A 
  94      EEA5223B 
  94      AC9D3376 
  94      0D6243D4 
  95 02f3 1197C610 		.ascii	"\021\227\306\020\250\023\010\377\315\304\020\024\305"
  95      A81308FF 
  95      CDC41014 
  95      C5
  96 0300 B179DC1C 		.ascii	"\261y\334\034\245I\210N9\015\200\355\0235\355\207\220"
  96      A549884E 
  96      390D80ED 
  96      1335ED87 
  96      90
  97 0311 E8E86E5F 		.ascii	"\350\350n_\217\237\004.#fWfNnFn\2767\315\353K\317\310"
  97      8F9F042E 
  97      23665766 
  97      4E6E466E 
  97      BE37CDEB 
  98 0328 CB4ADEBE 		.ascii	"\313J\336\276\323\263\303s,%\353\230/\345h~^\266\327"
  98      D3B3C373 
  98      2C25EB98 
  98      2FE5687E 
  98      5EB6D7
  99 033b 9B277F33 		.ascii	"\233'\1773\013\217\027\370R\274\205\2312:\234\356\313"
  99      0B8F17F8 
  99      52BC8599 
  99      323A9CEE 
  99      CB
 100 034c F1643248 		.ascii	"\361d2H\207#zn\266\357p\201g\2338\342\331\376\027B\366"
 100      87237A6E 
 100      B6EF7081 
 100      679B38E2 
 100      D9FE1742 
 101 0361 B81E     		.ascii	"\270\036"
 102              		.text
 103              		.section	.gnu.lto_get_rand_digit.c1ab0b75473964e5,"",%progbits
 104 0000 789C6551 		.ascii	"x\234eQ\317KTQ\024>\337\271\317g0.\244\345\320B\220"
 104      CF4B5451 
 104      143EDFB9 
 104      CF67302E 
 104      A4E5D042 
 105 0015 C15533E8 		.ascii	"\301U3\350J\010Bj\323\322\377@t\322\024\246\224y\003"
 105      4A08426A 
 105      D3D2FF40 
 105      74D214A6 
ARM GAS  /tmp/cc0jpjWg.s 			page 8


 105      947903
 106 0028 E942BCC5 		.ascii	"\351B\274\305\030\256\004\005EZ\204\"\226i\315\224\013"
 106      18AE0405 
 106      455A8422 
 106      9669CD94 
 106      0B
 107 0039 C368310B 		.ascii	"\303h1\013\321i\321\252`\002#C\034\320U\24331<$\307"
 107      D169D1AA 
 107      60022343 
 107      1CD055A3 
 107      33313C24 
 108 004e 739E2E44 		.ascii	"s\236.D/\334\367\336w\356\371~\234\373\014]_\267d\277"
 108      2FDCF7DE 
 108      77EEF97E 
 108      9CFB0C5D 
 108      5FB764BF 
 109 0062 06D17D05 		.ascii	"\006\321}\005\016\201I6\214<\015\244L\24016\030\303"
 109      0E814936 
 109      8C3C0DA4 
 109      4CA03136 
 109      18C3
 110 0074 211F3136 		.ascii	"!\037162\225o\241\003\366\231\232H\340\347\351\374\234"
 110      32956FA1 
 110      03F6999A 
 110      48E0E7E9 
 110      FC9C
 111 0086 AB108EC2 		.ascii	"\253\020\216\302\223\245\322\241\333\262d\255-\355}"
 111      93A5D2A1 
 111      DBB264AD 
 111      2DED7D
 112 0095 FAD130FE 		.ascii	"\372\3210\376\300g\2462\023\336 \214e\204U\355-Z\244"
 112      C067A632 
 112      13DE208C 
 112      658455ED 
 112      2D5AA4
 113 00a8 B334FEF7 		.ascii	"\2634\376\367+\233\273\010D\326g\217C\221Ek\237\347"
 113      2B9BBB08 
 113      44D6678F 
 113      4391456B 
 113      9FE7
 114 00ba BEACD90E 		.ascii	"\276\254\331\016\307\027\273\025\230\313<)\021V\021"
 114      C717BB15 
 114      98CB3C29 
 114      115611
 115 00c9 91EEFCC6 		.ascii	"\221\356\374\306\314\277zs/`\026\3266W/\230;\347L\007"
 115      CCBF7A73 
 115      2F6016D6 
 115      36572F98 
 115      3BE74C07 
 116 00dd EFAE3265 		.ascii	"\357\2562e\244\367\210h\373Q\372\177!\344\246%^\243"
 116      A4F78868 
 116      FB51FA7F 
 116      21E4A625 
 116      5EA3
 117 00ef A6923019 		.ascii	"\246\2220\031\2702\"\344l\253\272\236u\232\027\254\235"
 117      B83222E4 
 117      6CABBA9E 
ARM GAS  /tmp/cc0jpjWg.s 			page 9


 117      759A17AC 
 117      9D
 118 0100 F8935F2C 		.ascii	"\370\223_,v\346\322\363\366\264V\303\365\001t!\213\346"
 118      76E6D2F3 
 118      F6B456C3 
 118      F5017421 
 118      8BE6
 119 0112 ECCD9CAD 		.ascii	"\354\315\234\255\325\312\273S\313mp\000M\307P'CJ\242"
 119      D5CABB53 
 119      CB6D7000 
 119      4DC75027 
 119      434AA2
 120 0125 7D35A0A2 		.ascii	"}5\240\242~\232_x\221\233\332f\265\253\262\021\267W"
 120      7E9A5F78 
 120      919BDA66 
 120      B5ABB211 
 120      B757
 121 0137 DF27333C 		.ascii	"\337'3<zb'\354\015\237\353\312\254!>`\224\252\214*\353"
 121      7A6227EC 
 121      0D9FEBCA 
 121      AC213E60 
 121      94AA8C2A 
 122 014c 3DBF2C14 		.ascii	"=\277,\024+F/\326\025\363\217\010\373\\\037\250\311"
 122      2B462FD6 
 122      15F38F08 
 122      FB5C1FA8 
 122      C9
 123 015d 6F313FF1 		.ascii	"o1?\361\254\221*\242\373[l\317%I\375DD\212w\342\375"
 123      AC912AA2 
 123      FB5B6CCF 
 123      2549FD44 
 123      448A77E2 
 124 0172 033D0383 		.ascii	"\003=\003\203^\227\227\352\356I\364\336nm\217\266E\207"
 124      5E9797EA 
 124      EE49F4DE 
 124      6E6D8FB6 
 124      4587
 125 0184 63BDC3A9 		.ascii	"c\275\303\251\330\323\301D\237\347%\202w<92\224\212"
 125      D8D3C144 
 125      9FE72582 
 125      773C3932 
 125      948A
 126 0196 79C97880 		.ascii	"y\311x\200\036w\247\372\243q2\311'\217\360\360\014\267"
 126      1E77A7FA 
 126      A37132C9 
 126      278FF0F0 
 126      0CB7
 127 01a8 D1A3FF   		.ascii	"\321\243\377"
 128              		.text
 129              		.section	.gnu.lto_mp_rand.c1ab0b75473964e5,"",%progbits
 130 0000 789C7556 		.ascii	"x\234uVkl\024U\024\236s\357\356\354k\366\375hmL$\251"
 130      6B6C1455 
 130      149E73EF 
 130      EEEC6BF6 
 130      FD686D4C 
 131 0016 C81F6D03 		.ascii	"\310\037m\003\032\242!\032\376i\342\017\203\306\037"
 131      1AA2211A 
ARM GAS  /tmp/cc0jpjWg.s 			page 10


 131      FE69E20F 
 131      83C61F
 132 0025 26264A5B 		.ascii	"&&J[\204&(\244\335D\374\321t\332\335\226\006\033\032"
 132      842628A4 
 132      DD44FCD1 
 132      74DADD96 
 132      061B1A
 133 0038 B0101F04 		.ascii	"\260\020\037\0045\025,J_\310\303R\264K\221\266\330\007"
 133      35152C4A 
 133      5FC8C352 
 133      B44B91B6 
 133      D807
 134 004a D6D650B0 		.ascii	"\326\326P\260b\203,\322\250X\330\342\260PZ\317\2713"
 134      62832CD2 
 134      A858D8E2 
 134      B0505ACF 
 134      B933
 135 005c D32EA56C 		.ascii	"\323.\245l2\267\367~\347\361\235\373\3353w\312\245\373"
 135      32B7F77E 
 135      E7F19DFB 
 135      DD3377CA 
 135      A5FB
 136 006e 7F37F059 		.ascii	"\1777\360Yb\227\244\327i\221-\001\223\360a\\\222Tf\301"
 136      6297A4D7 
 136      69912D01 
 136      93F0615C 
 136      925466C1 
 137 0082 C1C22182 		.ascii	"\301\302!\202\210\205Y\011\221\011\261\012Df6B\354\204"
 137      88855909 
 137      9109B10A 
 137      44663642 
 137      EC84
 138 0094 D8046267 		.ascii	"\330\004bg\016B\234\2048\004\342\024f\346\"\304\305"
 138      0E429C84 
 138      3804E214 
 138      66E622C4 
 138      C5
 139 00a5 149ABB69 		.ascii	"\024\232\273i\256\010\253\033B8z\230\227p\037\341^\201"
 139      AE08AB1B 
 139      42387A98 
 139      97701FE1 
 139      5E81
 140 00b7 FB989F90 		.ascii	"\373\230\237\220\000!~\201\004X\220\220\020!A\201\204"
 140      00217E81 
 140      04589090 
 140      10214181 
 140      84
 141 00c8 98879030 		.ascii	"\230\207\2200!a\201D \013\307,\000\334\006H\345\214"
 141      21618144 
 141      200BC72C 
 141      00DC0648 
 141      E58C
 142 00da 5BACB2CD 		.ascii	"[\254\262\315\356p\272\024\267\307\353\363\007\202\241"
 142      EE70BA14 
 142      B7C7EBF3 
 142      0782A1
 143 00e9 70240BCA 		.ascii	"p$\013\312\271]\337vH\3773\301\2563ho\236\032p]ei&-"
ARM GAS  /tmp/cc0jpjWg.s 			page 11


 143      B95DDF76 
 143      48FF33C1 
 143      AE33686F 
 143      9E1A705D 
 144 0101 9170797C 		.ascii	"\221py|g\357\2072-\301B\313;\373&'\344e\373TU\235\354"
 144      67EF8732 
 144      2DC142CB 
 144      3BFB2627 
 144      E465FB54 
 145 0118 6A1F51AA 		.ascii	"j\037Q\252^H3&\245\230\004_B\0164B\016\361\035\200e"
 145      5E483326 
 145      A598045F 
 145      420E3442 
 145      0EF11D80 
 146 012d E8F947ED 		.ascii	"\350\371G\355\2166\306\237\003\212\272\035O~\015K\033"
 146      8E36C69F 
 146      038ABA1D 
 146      4F7E0D4B 
 146      1B
 147 013e 54B532D1 		.ascii	"T\2652\321tH]mI3\016_\001\317\214CH\002tB\357\236=\007"
 147      74485D6D 
 147      49330E5F 
 147      01CF8C43 
 147      48027442 
 148 0156 76D9F86A 		.ascii	"v\331\370j\021\371\337\261\335Gl\024\251&N\350\221\014"
 148      11F9DFB1 
 148      DD476C14 
 148      A9264EE8 
 148      910C
 149 0168 0E2E8CC4 		.ascii	"\016.\214\304E\223\210\234\254\372\367\014\343\317\213"
 149      4593889C 
 149      ACFAF70C 
 149      E3CF8B
 150 0177 C8E34777 		.ascii	"\310\343Gw\337p\351\234cz\244\005\232\027FZ$h\201\245"
 150      DF70E99C 
 150      637AA405 
 150      9A17465A 
 150      246881A5 
 151 018b E49EB8FC 		.ascii	"\344\236\270\374\305\247V\376\242\010\275\324\321Z\226"
 151      C5A756FE 
 151      A208BDD4 
 151      D15A96
 152 019a FB39728E 		.ascii	"\3739r\216\0176t+j\257\032\037\237\235}\204\250[\357"
 152      0F36742B 
 152      6AAF1A1F 
 152      9F9D7D84 
 152      A85BEF
 153 01ad 4DA0FF30 		.ascii	"M\240\3770\242\267}\327M\033\177ID\367]\272\225R\204"
 153      A2B77DD7 
 153      4D1B7F49 
 153      44F75DBA 
 153      955284
 154 01c0 803E5A7E 		.ascii	"\200>Z~|.9\305\205\200\214\2265\007n]\005L\236\250\034"
 154      7C2E39C5 
 154      85808C96 
 154      35076E5D 
 154      054C9EA8 
ARM GAS  /tmp/cc0jpjWg.s 			page 12


 155 01d5 3F7B6AAB 		.ascii	"?{j\253\2426\232\311\255pHO\376\015&?\234\231\374z\374"
 155      A2369AC9 
 155      AD70484F 
 155      FE0D263F 
 155      9C99FC7A 
 156 01ea EE39971C 		.ascii	"\3569\227\034\307z|\320\006\271p\004rIrT\372(\310x\302"
 156      C77A7CD0 
 156      06B97004 
 156      72497254 
 156      FA28C878 
 157 01ff 32FA746B 		.ascii	"2\372tkG[,Ts\315\370\005\254\271j\276f\351\376\202\341"
 157      475B2C54 
 157      73CDF805 
 157      ACB96ABE 
 157      66E9FE82 
 158 0214 18E4624C 		.ascii	"\030\344bL}z\327\200\314\327\210\242\333'f\012(\274"
 158      7D7AD780 
 158      CCD788A2 
 158      DB27660A 
 158      28BC
 159 0226 72FC766C 		.ascii	"r\374vl\233R5W\225\014\337.V\025\264\213\0147/\376\244"
 159      9B523557 
 159      950CDF2E 
 159      5615B48B 
 159      0C372FFE 
 160 023b 39F8AB22 		.ascii	"9\370\253\"\303\376\324\351Q\227H\361\331t\254\332\232"
 160      C3FED4E9 
 160      519748F1 
 160      D974ACDA 
 160      9A
 161 024c 91E1F8A2 		.ascii	"\221\341\370\242\031:D\006mdO\314\311_\023\031\246\376"
 161      193A4406 
 161      6D644FCC 
 161      C95F1319 
 161      A6FE
 162 025e FE75AF5D 		.ascii	"\376u\257]/\242\256\352\375{\2128\261h\212\357P\014"
 162      2FA2AEEA 
 162      FD7B8A38 
 162      B1688AEF 
 162      500C
 163 0270 43909640 		.ascii	"C\220\226@B\235\235M]\331\321\270\214=\004\242\037\320"
 163      429D9D4D 
 163      5DD9D1B8 
 163      8C3D04A2 
 163      1FD0
 164 0282 1F8D9CFA 		.ascii	"\037\215\234\372\303\002t\314V\232\312@]f\243\251\035"
 164      C30274CC 
 164      569ACA40 
 164      5D66A3A9 
 164      1D
 165 0293 C8CD4153 		.ascii	"\310\315AS\247\360u\341TVhp\213\265\207L^\221\314'\000"
 165      A7F075E1 
 165      54566870 
 165      8BB5874C 
 165      5E91CC27 
 166 02a8 BF1803E4 		.ascii	"\277\030\003\344\021\024\323\020y\204i\210\320\220E"
 166      1114D310 
ARM GAS  /tmp/cc0jpjWg.s 			page 13


 166      79846988 
 166      D09045
 167 02b7 43B6E848 		.ascii	"C\266\350H\3512\235\220\224\244)\377\005\342\243\261"
 167      E9329D90 
 167      94A429FF 
 167      05E2A3B1 
 168 02c7 3FB767D3 		.ascii	"?\267g\323\201i\314\202{\375\375\362\331!;u\005^+\360"
 168      8169CC82 
 168      7BFDFDF2 
 168      D9213B75 
 168      055E2BF0 
 169 02db BDB1A524 		.ascii	"\275\261\245$\3354\374\002TN\266\376\263\203\353\316"
 169      DD34FC02 
 169      544EB6FE 
 169      B383EBCE 
 170 02eb 5674AEBB 		.ascii	"Vt\256\273\366\327'\242\205X\375\314\254\376\203r\350"
 170      F6D727A2 
 170      8558FDCC 
 170      ACFE8372 
 170      E8
 171 02fc 145149CA 		.ascii	"\024QI\312\240\023\244L\0029\223\000SBb\216\300j\020"
 171      A013A44C 
 171      02399300 
 171      5342628E 
 171      C06A10
 172 030f 4C5E3309 		.ascii	"L^3\011l\350\334\324\320\023\007A0\234Ap\322 \300{\216"
 172      6CE8DCD4 
 172      D0130741 
 172      309C4170 
 172      D220C07B 
 173 0324 8F413CD1 		.ascii	"\217A<\321\331\303(\204\216j\357\360\366fVvG\255Q\355"
 173      D9C32884 
 173      8E6AEFF0 
 173      F6665676 
 173      47AD51ED 
 174 0338 69664B31 		.ascii	"ifK1\354B\350\2022\011\271\323x\315a9\003\261\206:\243"
 174      EC42E882 
 174      3209B9D3 
 174      78CD6139 
 174      03B1863A 
 175 034d 1C3BE49A 		.ascii	"\034;\344\232\3646\223~\312\244w\350\306$]\216\310R"
 175      F436937E 
 175      CAA477E8 
 175      C6245D8E 
 175      C852
 176 035f 95F8ADC7 		.ascii	"\225\370\255\307\243[\234\013y\034)\022\023N\011\036"
 176      A35B9C0B 
 176      791C2912 
 176      134E091E 
 177 036f 12B17E6B 		.ascii	"\022\261~k_\033Y\361r\300.qR\037\210\002\341\007(K\343"
 177      5F1B59F1 
 177      72C02E71 
 177      521F8802 
 177      E107284B 
 178 0384 458B659C 		.ascii	"E\213e\234\217u\326=l\344\233/\303\241\227\261\263m"
 178      8F75D63D 
 178      6CE49B2F 
ARM GAS  /tmp/cc0jpjWg.s 			page 14


 178      C3A197B1 
 178      B36D
 179 0396 7AC82823 		.ascii	"z\310(#[\243\253\032MN\323t\267\302\252\233\\\342\205"
 179      5BA3AB1A 
 179      4D4ED374 
 179      B7C2AA9B 
 179      5CE285
 180 03a9 130A470C 		.ascii	"\023\012G\014\004\271+\366w\324\332H2T\007N\317\351"
 180      04B92BF6 
 180      77D4DA48 
 180      3254074E 
 180      CFE9
 181 03bb EB32C367 		.ascii	"\3532\303g\314pE\204\217A\265\272\\\007\334\013\367"
 181      CC704584 
 181      8F41B5BA 
 181      5C07DC0B 
 181      F7
 182 03cc A5A4C421 		.ascii	"\245\244\304!u\353\372a\204P\321-\3127\312s\317\327"
 182      75EBFA61 
 182      8450D12D 
 182      CA37CA73 
 182      CFD7
 183 03de AE180CD7 		.ascii	"\256\030\014\327gL\011=\032}H\260\341p\344I\372\026"
 183      674C093D 
 183      1A7D48B0 
 183      E170E449 
 183      FA16
 184 03f0 08213FD8 		.ascii	"\010!?\330f\010\351[H\350I\211\266\353\321\011\341\321"
 184      6608E95B 
 184      48E84989 
 184      B6EBD109 
 184      E1D1
 185 0402 9C347679 		.ascii	"\2344vy\006\233o\236\315k\356\347\364\317\2061\242\321"
 185      069B6F9E 
 185      CD6BEEE7 
 185      F4CF8631 
 185      A2D1
 186 0414 E7094D3E 		.ascii	"\347\011M>\203\347#\223\307\377\200\003\353]\354\300"
 186      83E72393 
 186      C7FF8003 
 186      EB5DECC0 
 187 0424 1EBFE7C0 		.ascii	"\036\277\347\300\316d\034X\211\221m\276\010\277\271"
 187      CE641C58 
 187      89916DBE 
 187      08BFB9
 188 0433 E56EB388 		.ascii	"\345n\263\210\260F \232\002\246\251\247\313\320;0\247"
 188      B046209A 
 188      02A6A9A7 
 188      CBD03B30 
 188      A7
 189 0444 F7333A10 		.ascii	"\3673:\020|\200\336?\232z\007\356\327;8O\0364\025\350"
 189      7C80DE3F 
 189      9A7A07EE 
 189      D73B384F 
 189      1E3415E8 
 190 0458 37C9431A 		.ascii	"7\311C\032\201h\012\011Slguw\343J\335\344\325\030\300"
 190      81680A09 
ARM GAS  /tmp/cc0jpjWg.s 			page 15


 190      536C6775 
 190      77E34ADD 
 190      E4D518C0 
 191 046c 6339946A 		.ascii	"c9\224j\320\360\366\032\251\256\000\340\253\340\306"
 191      D0F0F61A 
 191      A9AE00E0 
 191      ABE0C6
 192 047b C11BC005 		.ascii	"\301\033\300\005\303Cs\367w\276\211\271\002\323C\233"
 192      C34373F7 
 192      77BE89B9 
 192      02D3439B 
 193 048b 315BD824 		.ascii	"1[\330$\032|Y\217\314\322H>\264D\204\245kT\354\220\266"
 193      1A7C598F 
 193      CCD2483E 
 193      B44484A5 
 193      6B54EC90 
 194 04a0 873B524F 		.ascii	"\207;RO\236\327\344\225\207\325\032\300O\207\004}\260"
 194      9ED7E495 
 194      87D51AC0 
 194      4F87047D 
 194      B0
 195 04b1 9228385E 		.ascii	"\222(8^\030\374`G\021\276\326\326\221U\370v\331\352"
 195      18FC6047 
 195      11BED6D6 
 195      9155F876 
 195      D9EA
 196 04c3 9FC5E676 		.ascii	"\237\305\346v\324vF\261O\224\261N\264D\274\007\207p"
 196      D47646B1 
 196      4F94B14E 
 196      B444BC07 
 196      8770
 197 04d5 15F68FAC 		.ascii	"\025\366\217\254\301\275\004\343\257 S\270\1778\204"
 197      C1BD04E3 
 197      AF2053B8 
 197      7F3884
 198 04e4 44F84F03 		.ascii	"D\370O\003\037\205\012\2374\205\304\027i\242\221T\330"
 198      1F850A9F 
 198      3485C417 
 198      69A29154 
 198      D8
 199 04f5 5AF88223 		.ascii	"Z\370\202#\264\252pCqA\361\246\3227J\243k\0136\256{"
 199      B4AA7043 
 199      7141F1A6 
 199      D2374AA3 
 199      6B0B36AE 
 200 050a 62F9D379 		.ascii	"b\371\323y+\362\266\344\257\333\022\315\177w\323\306"
 200      2BF2B6E4 
 200      AFDB12CD 
 200      7F77D3C6 
 201 051a B74A4B37 		.ascii	"\267JK7\212\277\205%\357m\216\346\227\226\024\212\325"
 201      8ABF8525 
 201      EF6D8EE6 
 201      9796148A 
 201      D5
 202 052b DB6BA31B 		.ascii	"\333k\243\033\362\012%X+\027\025\257/\216\226\362\222"
 202      F20A2558 
 202      2B1715AF 
ARM GAS  /tmp/cc0jpjWg.s 			page 16


 202      2F8E96F2 
 202      92
 203 053c 77D6F392 		.ascii	"w\326\363\222uQ(\342Ey+\360y\022\237\247\376\007\312"
 203      755128E2 
 203      45792BF0 
 203      79129FA7 
 203      FE07CA
 204 054f 5ACD69   		.ascii	"Z\315i"
 205              		.text
 206              		.section	.gnu.lto_.symbol_nodes.c1ab0b75473964e5,"",%progbits
 207 0000 789C558C 		.ascii	"x\234U\214K\012\302@\020Dk\252\235d\256\345\311*\240"
 207      4B0AC240 
 207      10446BAA 
 207      9D64AEE5 
 207      C92AA0
 208 0013 2818106F 		.ascii	"(\030\020o\240\340\034\305\235\340\322\255I\374d\343"
 208      A0E01CC5 
 208      9DE0D2AD 
 208      49FC64E3 
 209 0023 19C43166 		.ascii	"\031\3041f1\351M\275z\005m\000\316\030\217\015\005\354"
 209      31E94DBD 
 209      7A056D00 
 209      CE188F0D 
 209      05EC
 210 0035 2E8084EB 		.ascii	".\200\204\353!\200-\345&\242\2438\021w\312r\341o\304"
 210      21802DE5 
 210      26A2A338 
 210      1177CA72 
 210      E16FC4
 211 0048 31BD710F 		.ascii	"1\275q\017j\366\037PU\001\356E\371\274\367T\221\367"
 211      6AF61F50 
 211      5501EE45 
 211      F9BCF754 
 211      91F7
 212 005a 275566DD 		.ascii	"'Uf\335\350\021\233\317\334, \266\277$\026\253\367>"
 212      E8119BCF 
 212      DC2C20B6 
 212      BF2416AB 
 212      F73E
 213 006c 981538AD 		.ascii	"\230\0258\255\007(\0217\003\244\251\036\247\3456\001"
 213      07281137 
 213      03A4A91E 
 213      A7E53601 
 214 007c BE53593C 		.ascii	"\276SY<v"
 214      76
 215              		.text
 216              		.section	.gnu.lto_.refs.c1ab0b75473964e5,"",%progbits
 217 0000 789C6366 		.ascii	"x\234cf```d\200\002\000\000=\000\005"
 217      60606064 
 217      80020000 
 217      3D0005
 218              		.text
 219              		.section	.gnu.lto_.decls.c1ab0b75473964e5,"",%progbits
 220 0000 789C9D57 		.ascii	"x\234\235WkP\024W\026\356\323=\0143\303\210\224\356"
 220      6B501457 
 220      16EED33D 
 220      0C33C388 
ARM GAS  /tmp/cc0jpjWg.s 			page 17


 220      94EE
 221 0012 9A94C9C6 		.ascii	"\232\224\311\306\021S\224\273k\324\315V\245\266j_V\262"
 221      115394BB 
 221      6BD4CD56 
 221      A5B66A5F 
 221      56B2
 222 0024 555AF991 		.ascii	"UZ\371\221d\223\332\332\332\312\017\012a\004*\010\024"
 222      6493DADA 
 222      DACA0F0A 
 222      61042A08 
 222      14
 223 0035 3396717F 		.ascii	"3\226q\177\265\340\003|\000b@\224\327\360\030\221g\014"
 223      B5E0037C 
 223      00624094 
 223      D7F01891 
 223      670C
 224 0047 1A841110 		.ascii	"\032\204\021\020D\0362\210\212\212\002\006\011jp\"A"
 224      441E3288 
 224      8A8A0206 
 224      096A7022 
 224      41
 225 0058 82A840D4 		.ascii	"\202\250@\324\336s\357\355\236\351\301ace\252.\335\367"
 225      DE73EFED 
 225      9EE9C161 
 225      6365AA2E 
 225      DDF7
 226 006a F677BEFB 		.ascii	"\366w\276\373\235\307=\335\010\034\307\345\002\307I"
 226      9DC73DDD 
 226      081CC7E5 
 226      02C749
 227 0079 F84B5FC8 		.ascii	"\370K_\310qZ\236\343\374p\355#\316\363\323\341h\307"
 227      715A9EE3 
 227      FC70ED23 
 227      CEF3D3E1 
 227      68C7
 228 008b E1C4318E 		.ascii	"\341\3041\216c\212,\242\215\026G\000\216\205@\247\334"
 228      638A2CA2 
 228      8D164700 
 228      8E8540A7 
 228      DC
 229 009c 52E0BC7E 		.ascii	"R\340\274~\304\206p\005\3420\342x\037\307Y\034\315\314"
 229      C4867005 
 229      E230E278 
 229      1FC7591C 
 229      CDCC
 230 00ae 9C6B94AF 		.ascii	"\234k\224\257\355\362\365\2659\366Nyo\305\376\224lO"
 230      EDF2F5B5 
 230      39F64E79 
 230      6FC5FE94 
 230      6C4F
 231 00c0 78EA706C 		.ascii	"x\352pl\220\271x\231\353\264\314\343\224\257\257\317"
 231      90B97899 
 231      EBB4CCE3 
 231      94AFAFCF 
 232 00d0 E11B9FC3 		.ascii	"\341\033\237\303Gx\\2\327o\200\361=\227\261\274\214"
 232      47785C32 
 232      D76F80F1 
ARM GAS  /tmp/cc0jpjWg.s 			page 18


 232      3D97B1BC 
 232      8C
 233 00e1 E764DFDE 		.ascii	"\347d\337\336\230\303Eb\020\344\3037\227\254\323\204"
 233      98C34562 
 233      10E4C337 
 233      97ACD384 
 234 00f1 6319DA2C 		.ascii	"c\031\332,\300a\002\266\307\030\216\345x\257\301\021"
 234      C06102B6 
 234      C7188EE5 
 234      78AFC111 
 235 0101 8C432F73 		.ascii	"\214C/s\372\311|$\216dO%\256\344\361\2129\373\376\310"
 235      FAC97C24 
 235      8E644F25 
 235      AEE4F18A 
 235      39FBFEC8 
 236 0115 437DF5D4 		.ascii	"C}\365\324\205\200{<\004\032Ld\352\310\350\314\326\342"
 236      85807B3C 
 236      041A4C64 
 236      EAC8E8CC 
 236      D6E2
 237 0127 D468D090 		.ascii	"\324h\320\220ifCn\206\236>\025\201\314\235#\323\017"
 237      6966436E 
 237      869E3E15 
 237      81CC9D23 
 237      D30F
 238 0139 8DF47110 		.ascii	"\215\364q\020\231\356n\031\354\005\201\247\217\212\263"
 238      99EE6E19 
 238      EC0581A7 
 238      8F8AB3
 239 0148 BFBD6A58 		.ascii	"\277\275jXU.\212b\262\330\334\011\236\035\236\226\213"
 239      552E8A62 
 239      B2D8DC09 
 239      9E1D9E96 
 239      8B
 240 0159 0F0C4210 		.ascii	"\017\014B\020\0055\346\356O3\012\277\246\367\275\317"
 240      0535E6EE 
 240      4F330ABF 
 240      A6F7BDCF 
 241 0169 3A0F1A85 		.ascii	":\017\032\205\327\350}IfV\245\037\345\325\251\267\011"
 241      D7E87D49 
 241      6656A51F 
 241      E5D5A9B7 
 241      09
 242 017a 64DB1CB9 		.ascii	"d\333\034\271~wJ\240Oy2\355\277\374\360\250\277`\242"
 242      7E774AA0 
 242      4F7932ED 
 242      BFFCF0A8 
 242      BF60A2
 243 018d 86DB8F9E 		.ascii	"\206\333\217\236\336\347\217\217L\006\272\327\241\373"
 243      DEE78F8F 
 243      4C06BAD7 
 243      A1FB
 244 019b D3277574 		.ascii	"\323'ut*I\002.\360m}\256T=\204\030JP\327D\177m\3072"
 244      2A49022E 
 244      F06D7DAE 
 244      543D8418 
 244      4A50D744 
ARM GAS  /tmp/cc0jpjWg.s 			page 19


 245 01b3 51D4C029 		.ascii	"Q\324\300)0\300\011\020\240\022V\221\234\020[\362K\026"
 245      30C00910 
 245      A0125691 
 245      9C105BF2 
 245      4B16
 246 01c5 C544514C 		.ascii	"\305DQL\022\375Vr\360\025,\205\032X\312A-\204 \200B"
 246      12FD5672 
 246      F0152C85 
 246      1A58CA41 
 246      2D842080 
 247 01da E1242E7E 		.ascii	"\341$.~\215\213\270\321\200\353^\252\316\270\207X\244"
 247      8D8BB8D1 
 247      80EB5EAA 
 247      CEB88758 
 247      A4
 248 01eb 2789FA0D 		.ascii	"'\211\372\015\224\263\024\237\037\303\347\034\324\201"
 248      94B3149F 
 248      1FC3E71C 
 248      D481
 249 01f9 51F6FEEA 		.ascii	"Q\366\376\352P\373\244V\210\"b\265\345M\231\223\001"
 249      50FBA456 
 249      882262B5 
 249      E54D9993 
 249      01
 250 020a 101CBC38 		.ascii	"\020\034\27488$\330\206\202\206\367\217v\030\305\316"
 250      3824D886 
 250      8286F78F 
 250      7618C5CE 
 251 021a B5F0BE01 		.ascii	"\265\360\276\001\252QO\003,vs\300J\302SJ\3308\304&\332"
 251      AA514F03 
 251      2C7673C0 
 251      4AC2534A 
 251      D838C426 
 252 022f 524BB588 		.ascii	"RK\265\210Db\250\237\013=\016\036\354\001\344\025\323"
 252      4462A89F 
 252      0B3D0E1E 
 252      EC01E415 
 252      D3
 253 0240 45719D86 		.ascii	"Eq\235\206\2032\004\224\023@\205l\201^@\023:\324\010"
 253      83320494 
 253      1340856C 
 253      815E4013 
 253      3AD408
 254 0253 C1E0C071 		.ascii	"\301\340\300q\006\307i\010\246\3363A\245\355\212\240"
 254      06C76908 
 254      A6DE3341 
 254      A5ED8AA0 
 255 0263 2A9F827E 		.ascii	"*\237\202~G\366 \301\034\336\267\033k\202 89\216\362"
 255      47F620C1 
 255      1CDEB71B 
 255      6B822038 
 255      398EF2
 256 0276 8FF17438 		.ascii	"\217\361t8\025\236/}\253\245D\230\240Y\227\353\244\026"
 256      159E2F7D 
 256      ABA54498 
 256      A05997EB 
 256      A416
ARM GAS  /tmp/cc0jpjWg.s 			page 20


 257 0288 1687F8D4 		.ascii	"\026\207\370\324\335\202Z\177N7\025\223\023\251\203"
 257      DD825A7F 
 257      4E371593 
 257      13A983
 258 0297 66045678 		.ascii	"f\004Vx\262J\224)%\350\230\231\032\320\253\263\325\254"
 258      B24A9429 
 258      25E89899 
 258      1AD0ABB3 
 258      D5AC
 259 02a9 12C4C159 		.ascii	"\022\304\301Yw\266\012G\032\\\006\015\317\326\340Sz"
 259      77B60A47 
 259      1A5C060D 
 259      CFD6E053 
 259      7A
 260 02ba 06A652EC 		.ascii	"\006\246R\354\265\001\257dR}Ib\220\2068\345\261=\007"
 260      B501AF64 
 260      527D4962 
 260      908638E5 
 260      B13D07
 261 02cd AFE0DF56 		.ascii	"\257\340\337V\3200\202+U\215\235\202\360\031\255M\311"
 261      D030822B 
 261      558D9D82 
 261      F019AD4D 
 261      C9
 262 02de DE740B4C 		.ascii	"\336t\013L\371\242\3156\361S\353\350\312\303\242-Q|"
 262      F9A2CD36 
 262      F153EBE8 
 262      CAC3A22D 
 262      517C
 263 02f0 2E49408D 		.ascii	".I@\215\240\315-\225#\367T*\264\203\011\015\317^\254"
 263      A0CD2D95 
 263      23F7542A 
 263      B483090D 
 263      CF5EAC
 264 0303 CB02AA02 		.ascii	"\313\002\252\002\267b\"\306ww\317\372\273\205u\000]"
 264      B76222C6 
 264      7777CFFA 
 264      BB857500 
 264      5D
 265 0314 1CCABF61 		.ascii	"\034\312\277a7\250\225y\027\341y*\255S\221V<:5\035 "
 265      37A89579 
 265      17E1792A 
 265      AD539156 
 265      3C3A351D 
 266 0329 9C02AA2D 		.ascii	"\234\002\252-\323>rl\001\3256\\\335Jr.6K\322\337\251"
 266      D33E726C 
 266      01D5365C 
 266      DD4A722E 
 266      364BD2DF 
 267 033e 0D74A994 		.ascii	"\015t\251\224u)\312\234T\331h\323\210\250\027Z\030\307"
 267      7529CA9C 
 267      54D968D3 
 267      88A8175A 
 267      18C7
 268 0350 A15BCFFB 		.ascii	"\241[\317\373x\241\223M\372\276\230\211\027.\321{\301"
 268      78A1934D 
 268      FABE9889 
ARM GAS  /tmp/cc0jpjWg.s 			page 21


 268      172ED17B 
 268      C1
 269 0361 B1EBB143 		.ascii	"\261\353\261C\017X\345\007di$\251\356\374_@\372\213"
 269      0F58E507 
 269      646924A9 
 269      EEFC5F40 
 269      FA8B
 270 0373 72522F63 		.ascii	"rR/cR/\251\012p\242\242T\212:\220$\226\274J\\\357\221"
 270      522FA90A 
 270      70A2A254 
 270      8A3A9024 
 270      96BC4A5C 
 271 0389 91F395E0 		.ascii	"\221\363\225\340L\022)\301\213/\224 \226\325\251\266"
 271      4C1229C1 
 271      8B2F9420 
 271      96D5A9B6 
 272 0399 BD8D3A08 		.ascii	"\275\215:\010YLqR\270\016\256 \317\005Ou\\T\252\303"
 272      594C7152 
 272      B80EAE20 
 272      CF054F75 
 272      5C54AAC3 
 273 03ad A7C45E94 		.ascii	"\247\304^\224\345K\"\3729;\324tP/\034`=\257\2603\343"
 273      E54B22FA 
 273      393BD474 
 273      502F1C60 
 273      3DAFB033 
 274 03c2 A941C862 		.ascii	"\251A\310b\223\354\246\013\225 \344\320\011\237QtC\322"
 274      93ECA60B 
 274      9520E4D0 
 274      099F5174 
 274      43D2
 275 03d4 28658DBF 		.ascii	"(e\215\277u\264!B\037*\270.\023\337\200\020O\001\037"
 275      75B42142 
 275      1F2AB82E 
 275      13DF8010 
 275      4F011F
 276 03e7 DEE98FAE 		.ascii	"\336\351\217\256\\\367\341\012\024\244|\325\032\250"
 276      5CF7E10A 
 276      14A47CD5 
 276      1AA8
 277 03f5 2EDEEB5E 		.ascii	".\336\353^\305\333\357.\336\272\233\365\317u\202\215"
 277      C5DBEF2E 
 277      DEBA9BF5 
 277      CF75828D 
 278 0405 A9C9BBB6 		.ascii	"\251\311\273\266\337\245\021\354\274W\227\\\302\272"
 278      DFA511EC 
 278      BC57975C 
 278      C2BA
 279 0413 64AAF348 		.ascii	"d\252\363H\213@\247\022\025;v\253jf\001\030Bh\003\234"
 279      8B40A712 
 279      153B76AB 
 279      6A660118 
 279      4268039C 
 280 0427 C8108557 		.ascii	"\310\020\205W9X\265\024~\213\221\270\205\336/\221\333"
 280      3958B514 
 280      7E8B91B8 
 280      85DE2F91 
ARM GAS  /tmp/cc0jpjWg.s 			page 22


 280      DB
 281 0438 DF4DDCF3 		.ascii	"\337M\334\363\033\334\223\366\322\201\262\353o\222^"
 281      1BDC93F6 
 281      D281B2EB 
 281      6F925E
 282 0447 3A842537 		.ascii	":\204%7\350\211\353\022\203[w\372\316\257\357i\205Q"
 282      E889EB12 
 282      835B77FA 
 282      CEAFEF69 
 282      8551
 283 0459 AA403BD6 		.ascii	"\252@;\326\353,\344\001;\237\334\372&*:J\243Y\242If"
 283      EB2CE401 
 283      3B9FDCFA 
 283      262A3A4A 
 283      A359A249 
 284 046e AE22C388 		.ascii	"\256\"\303\210\357L\373l\014\3352\236\304\361.J\374"
 284      EF4CFB6C 
 284      0CDD329E 
 284      C4F12E4A 
 284      FC
 285 047f 161BC21D 		.ascii	"\026\033\302\035\034\337\341\270\355\251\247\304\341"
 285      1CDFE1B8 
 285      EDA9A7C4 
 285      E1
 286 048c 8AB6F600 		.ascii	"\212\266\366\0001{-\2259,\033\311\256\251\273&\305\026"
 286      317B2D95 
 286      392C1BC9 
 286      AEA9BB26 
 286      C516
 287 049e DC65CDEF 		.ascii	"\334e\315\357C#\\\363\251\207ai\276\362vj1_#\276\272"
 287      43235CF3 
 287      A9876169 
 287      BEF2766A 
 287      315F23BE 
 288 04b3 5FE27079 		.ascii	"_\342py[\027%\302\324\300\300\\&\357\366\347\350\351"
 288      5B1725C2 
 288      D4C0C05C 
 288      26EFF6E7 
 288      E8E9
 289 04c5 BAA697EB 		.ascii	"\272\246\227\353tb\250\342\350\177\260\022\341\036\342"
 289      7462A8E2 
 289      E87FB012 
 289      E11EE2
 290 04d4 BB3D311D 		.ascii	"\273=1\035\361\256\3259\241\030E\367\177.\024\230\215"
 290      F1AED539 
 290      A11845F7 
 290      7F2E1498 
 290      8D
 291 04e5 6BA33535 		.ascii	"k\24355^Ut\317\253\212\\\356*\252>\221q\221\265\300"
 291      5E5574CF 
 291      AB8A5CEE 
 291      2AAA3E91 
 291      7191B5C0 
 292 04f9 3A770B3C 		.ascii	":w\013<\232;\\\"\3205\304\301\367\254\373\364~\367\260"
 292      9A3B5C22 
 292      D035C4C1 
 292      F7ACFBF4 
ARM GAS  /tmp/cc0jpjWg.s 			page 23


 292      7EF7B0
 293 050c 06E6ED8B 		.ascii	"\006\346\355\213c\264\371\334W\232O\332\240\275J/\024"
 293      63B4F9DC 
 293      579A4FDA 
 293      A0BD4A2F 
 293      14
 294 051d 08B41CBB 		.ascii	"\010\264\034\273\235\315\275\001\330|\206Ic|\240n\214"
 294      9DCDBD01 
 294      D87C8649 
 294      637CA06E 
 294      8C
 295 052e 68053FA8 		.ascii	"h\005?\250\332\317\017J\373\031\247\355g$);\315\337"
 295      DACF0F4A 
 295      FB19A7ED 
 295      6724293B 
 295      CDDF
 296 0540 AD8369EB 		.ascii	"\255\203i\353i\250u\360J\263|\300\244\315\336qty\272"
 296      69A875F0 
 296      4AB37CC0 
 296      A4CDDE71 
 296      7479BA
 297 0553 E5045BEC 		.ascii	"\345\004[\354j\236\356\347\347\325;I\365\376\250\350"
 297      6A9EEEE7 
 297      E7D53B49 
 297      F5FEA8E8 
 298 0563 6D799239 		.ascii	"my\2229\315\013\325L\257mdf\324\2376K[w\261\226\265"
 298      CD0BD54C 
 298      AF6D6466 
 298      D49F364B 
 298      5B77B196 
 299 0578 4A62000F 		.ascii	"Jb\000\017UR\037*R\247\250\324\264\361\3360u\270\207"
 299      55521F2A 
 299      52A7A8D4 
 299      B4F1DE30 
 299      75B887
 300 058b BC5AF323 		.ascii	"\274Z\363#w\270\355\342d\275V\250\025\274\316\351\006"
 300      77B8EDE2 
 300      64BD56A8 
 300      15BCCEE9 
 300      06
 301 059c 764E6FE5 		.ascii	"vNo\345\314\224\350\351\224|P/$\365\322 =\261\353\224"
 301      CC94E8E9 
 301      947C502F 
 301      24F5D220 
 301      3DB1EB94 
 302 05b0 A34A9955 		.ascii	"\243J\231Umk\026\323\277A>\254Opq\332}XS\006\336 \207"
 302      6D6B16D3 
 302      BF413EAC 
 302      4F7071DA 
 302      7D585306 
 303 05c7 7506453C 		.ascii	"u\006E<\366\024\326\006\317a\025g\212'\331+\207`Xd\253"
 303      F614D606 
 303      CF611567 
 303      8A27D92B 
 303      87605864 
 304 05dc 6DF9F92C 		.ascii	"m\371\371,\262(\027~bQl9|\247\023\334)x\312\026]G\353"
 304      B228177E 
ARM GAS  /tmp/cc0jpjWg.s 			page 24


 304      62516C39 
 304      7CA713DC 
 304      2978CA16 
 305 05f3 97CD1BD9 		.ascii	"\227\315\033\331\3474\262\317\224\310\326K\375W\374"
 305      E734B2CF 
 305      94C8D64B 
 305      FD57FC
 306 0602 8446E670 		.ascii	"\204F\346pbe\311i\362\032\032&\235\337\361\317\214\244"
 306      6265C969 
 306      F21A1A26 
 306      9DDFF1CF 
 306      8CA4
 307 0614 F4126CD7 		.ascii	"\364\022l\327\3222j\005\222*\274\222\022^\2217\315\363"
 307      D2326A05 
 307      922ABC92 
 307      125E9137 
 307      CDF3
 308 0626 A2AE3CD6 		.ascii	"\242\256<\326\227l\244k\344=\270\235\247\213UyE\023"
 308      976CA46B 
 308      E43DB89D 
 308      A78B5579 
 308      4513
 309 0638 E00626B2 		.ascii	"\340\006&\262\305\363Y\316J\375\274\202w\360Dp\022/"
 309      C5F359CE 
 309      4AFDBC82 
 309      77F04470 
 309      122F
 310 064a 0B4E956E 		.ascii	"\013N\225n_\321\010\275L\360`\312\231s\002\023\334\177"
 310      5FD108BD 
 310      4CF060CA 
 310      99730213 
 310      DC7F
 311 065c B52FF0B0 		.ascii	"\265/\360\260X\250\224.Z\301N\336#\030\357\231\340]"
 311      58A8942E 
 311      5AC14EDE 
 311      2318EF99 
 311      E05D
 312 066e FC4BBDD3 		.ascii	"\374K\275\323w3i\223O\353\333\026\314+-\205JKV\244="
 312      77336993 
 312      4FEBDB16 
 312      CC2B2D85 
 312      4A4B56A4 
 313 0683 2E7F6212 		.ascii	".\177b\022\006\231\262\275\217\322\366\007Re\266\246"
 313      0699B2BD 
 313      8FD2F607 
 313      5265B6A6 
 314 0693 B25D26B9 		.ascii	"\262]&\271J\321\000\366\250T\355QT\355\2357\214/|\357"
 314      4AD100F6 
 314      A854ED51 
 314      54ED9D37 
 314      8C2F7CEF 
 315 06a7 7CB444A5 		.ascii	"|\264D\245`?U\260OQ\340\330-\366\370\011\267\231\204"
 315      603F55B0 
 315      4F51E0D8 
 315      2DF6F809 
 315      B79984
 316 06ba B4EE4AA7 		.ascii	"\264\356J\247\201I\370\322#\001- U%!U\221\220F%4?\273"
ARM GAS  /tmp/cc0jpjWg.s 			page 25


 316      8149F8D2 
 316      23012D20 
 316      55252155 
 316      91904625 
 317 06d1 E2F417EE 		.ascii	"\342\364\027\356S\006>e\354\320\210F\371\\\037p=\216"
 317      53063E65 
 317      ECD08846 
 317      F95C1F70 
 317      3D8E
 318 06e3 4AC47698 		.ascii	"J\304v\230\301\033 \335M@\012\224\225\255\3173p\200"
 318      C11B20DD 
 318      4D400A94 
 318      95ADCF33 
 318      7080
 319 06f5 7FF10CE0 		.ascii	"\177\361\014\340.7\3665\265\353\014\262E\362\313X\324"
 319      2E37F635 
 319      B5EB0CB2 
 319      45F2CB58 
 319      D4
 320 0706 14DB6BD9 		.ascii	"\024\333k\331\277>\353\310\364Q\316\367o\021{Q>\317"
 320      BF3EEBC8 
 320      F451CEF7 
 320      6F117B51 
 320      3ECF
 321 0718 46755A32 		.ascii	"FuZ2y\224\204\357\010\362^A\354\256\301\035\375\260"
 321      799484EF 
 321      08F25E41 
 321      ECAEC11D 
 321      FDB0
 322 072a 289D826D 		.ascii	"(\235\202m\242IC=\370\202_*\367\376,~\221bC\320eC\203"
 322      A249433D 
 322      F8825F2A 
 322      F7FE2C7E 
 322      916243D0 
 323 0741 CD0635FA 		.ascii	"\315\0065\372\340\377C\267g6\015\005\010\323,\340\351"
 323      E0FF43B7 
 323      67360D05 
 323      08D32CE0 
 323      E9
 324 0752 258E9BC6 		.ascii	"%\216\233\306wN\212\311\266 8\304/\302\267\012\365\340"
 324      774E8AC9 
 324      B62038C4 
 324      2FC2B70A 
 324      F5E0
 325 0764 F76E27AE 		.ascii	"\367n'\256\246\330\262\002V\024\212\307\261\323\026"
 325      A6D8B202 
 325      56148AC7 
 325      B1D316
 326 0773 17BCBE9D 		.ascii	"\027\274\276\235tZ\221$\205\302\263YPU\233e\223\334"
 326      745A9124 
 326      85C2B359 
 326      50559B65 
 326      93DC
 327 0785 C061FE1D 		.ascii	"\300a\376\035\016\216\360+\310?lg\244v\355\362\002\362"
 327      0E8EF02B 
 327      C83F6C67 
 327      A476EDF2 
ARM GAS  /tmp/cc0jpjWg.s 			page 26


 327      02F2
 328 0797 CAAB2C16 		.ascii	"\312\253,\026\203tX\014\364+\225e0\207_N>,O\344\316"
 328      8374580C 
 328      F42B9565 
 328      30875F4E 
 328      3E2C4FE4 
 329 07ac 2CA0185B 		.ascii	",\240\030[C\022\276\025)\306\251`r)&\253&o\334\250\356"
 329      4312BE15 
 329      29C6A960 
 329      722926AB 
 329      266FDCA8 
 330 07c1 87E47C7B 		.ascii	"\207\344|{\002\230\307\323~H\256\010\276\364\315"
 330      0298C7D3 
 330      7E48AE08 
 330      BEF4CD
 331 07d0 F1DC4046 		.ascii	"\361\334@Fx\336M8\256\020\346SB\351fY\327B5!)3\017a"
 331      78DE4D38 
 331      AE10E653 
 331      42E96659 
 331      D7423521 
 332 07e8 814C5840 		.ascii	"\201LX@\011{.K\373\274\276\377\307\274v\267\311`\033"
 332      097B2E4B 
 332      FBBCBEFF 
 332      C7BC76B7 
 332      C9601B
 333 07fb 059FCB28 		.ascii	"\005\237\313(J\0035x\207\027s\241\014.\244\340]\366"
 333      4A033578 
 333      871773A1 
 333      0C2EA4E0 
 333      5DF6
 334 080d B3E5BC1A 		.ascii	"\263\345\274\032\234\342\005.\222\301E\024\234\335:"
 334      9CE2052E 
 334      92C14514 
 334      9CDD3A
 335 081c 5BAD637E 		.ascii	"[\255c~\345\355T\374\232R\374*\346\227s\332\315\361"
 335      E5ED54FC 
 335      9A52FC2A 
 335      E69773DA 
 335      CDF1
 336 082e A1D1B156 		.ascii	"\241\321\261V\355\372\017\376ez\217\323l\261\230#\374"
 336      EDFA0FFE 
 336      657A8FD3 
 336      6CB19823 
 336      FC
 337 083f C26262E2 		.ascii	"\302bb\342\3025\226\350\310X\035>\215\210\216\214\266"
 337      C23596E8 
 337      C8581D3E 
 337      8D888E8C 
 337      B6
 338 0850 FE2D3C2A 		.ascii	"\376-<*zct\234%\324b\015\333\030c~\353\017\177Z\375"
 338      7A63749C 
 338      25D4620D 
 338      DB18637E 
 338      EB0F7F5A 
 339 0865 F6EACFD7 		.ascii	"\366\352\317\327\230?\267\256\331\032\027\263\311b\211"
 339      983FB7AE 
 339      D91A17B3 
ARM GAS  /tmp/cc0jpjWg.s 			page 27


 339      C96289
 340 0874 F1BA8627 		.ascii	"\361\272\206'l\213\267\256A^s\2449au\024\307G\304/\214"
 340      6C8BB7AE 
 340      415E73A4 
 340      39617514 
 340      C747C42F 
 341 0889 345B1957 		.ascii	"4[\031Whx\334\226X\353\237_\216\2211Y\022\302\351ls"
 341      6878DC96 
 341      58EB9F5F 
 341      8E913159 
 341      12C2E96C 
 342 089e 98356A75 		.ascii	"\2305ju8\247wsi\377\375^\350\307\037\254\367\377\360"
 342      38A77773 
 342      69FFFD5E 
 342      E8C71FAC 
 342      F7FFF0
 343 08b1 93D04FCC 		.ascii	"\223\320O\314\346\010~S\304_\177\211\322\204\260\330"
 343      E6087E53 
 343      C45F7F89 
 343      D284B0D8 
 344 08c1 88B8CD28 		.ascii	"\210\270\315(TcA\026M\2249,^\363\217\217\337]\257\211"
 344      54634116 
 344      4D94392C 
 344      5EF38F8F 
 344      DF5DAF89 
 345 08d5 48D818A9 		.ascii	"H\330\030\251\331\270\315j\376\313/\241\265n\2137[\220"
 345      D9B8CD6A 
 345      FECB2FA1 
 345      B56E8B37 
 345      5B90
 346 08e7 558B46D6 		.ascii	"U\213F\326-\226\265/\317\201\003\355\002\211\237D\033"
 346      2D96B52F 
 346      CF8103ED 
 346      02899F44 
 346      1B
 347 08f8 73D61FB3 		.ascii	"s\326\037\263Af\332\255q\011\021\177|\373W[\303\211"
 347      4166DAAD 
 347      7109117F 
 347      7CFB575B 
 347      C389
 348 090a EFA1EBCD 		.ascii	"\357\241\353\315\261\346\2040\253\371]\314\332g$ca\021"
 348      B1E68430 
 348      ABF95DCC 
 348      DA672463 
 348      6111
 349 091c 6840C031 		.ascii	"h@\3001\226(z\375\2579!\316(S\207\022\343@4\215\333"
 349      96287AFD 
 349      AF3921CE 
 349      28538712 
 349      E340348D 
 350 0931 B429342E 		.ascii	"\264)4.\226\200\023\376\007\222\014V\341"
 350      968013FE 
 350      07920C56 
 350      E1
 351              		.text
 352              		.section	.gnu.lto_.symtab.c1ab0b75473964e5,"",%progbits
 353 0000 6765745F 		.ascii	"get_digit_count\000\000\000\000\000\000\000\000\000"
ARM GAS  /tmp/cc0jpjWg.s 			page 28


 353      64696769 
 353      745F636F 
 353      756E7400 
 353      00000000 
 354 0018 000000C6 		.ascii	"\000\000\000\306\000\000\000get_digit\000\000\000\000"
 354      00000067 
 354      65745F64 
 354      69676974 
 354      00000000 
 355 002c 00000000 		.ascii	"\000\000\000\000\000\000\000\000\313\000\000\000get"
 355      00000000 
 355      CB000000 
 355      676574
 356 003b 5F72616E 		.ascii	"_rand_digit\000\000\000\000\000\000\000\000\000\000"
 356      645F6469 
 356      67697400 
 356      00000000 
 356      00000000 
 357 0050 0000EE00 		.ascii	"\000\000\356\000\000\000mp_rand\000\000\000\000\000"
 357      00006D70 
 357      5F72616E 
 357      64000000 
 357      0000
 358 0062 00000000 		.ascii	"\000\000\000\000\000\000\000\364\000\000\000wc_off_"
 358      000000F4 
 358      00000077 
 358      635F6F66 
 358      665F
 359 0074 6F6E5F61 		.ascii	"on_addr\000\000\000\000\000\000\000\000\000\000\000"
 359      64647200 
 359      00000000 
 359      00000000 
 359      0000
 360 0086 001A0100 		.ascii	"\000\032\001\000\000wc_RNG_GenerateBlock\000\000\002"
 360      0077635F 
 360      524E475F 
 360      47656E65 
 360      72617465 
 361 00a2 00000000 		.ascii	"\000\000\000\000\000\000\000\000\000\000\001\000\000"
 361      00000000 
 361      00000100 
 361      00
 362 00af 6D705F61 		.ascii	"mp_add_d\000\000\002\000\000\000\000\000\000\000\000"
 362      64645F64 
 362      00000200 
 362      00000000 
 362      000000
 363 00c2 00060100 		.ascii	"\000\006\001\000\000mp_lshd\000\000\002\000\000\000"
 363      006D705F 
 363      6C736864 
 363      00000200 
 363      0000
 364 00d4 00000000 		.ascii	"\000\000\000\000\000\000\013\001\000\000mp_zero\000"
 364      00000B01 
 364      00006D70 
 364      5F7A6572 
 364      6F00
ARM GAS  /tmp/cc0jpjWg.s 			page 29


 365 00e6 00020000 		.ascii	"\000\002\000\000\000\000\000\000\000\000\000\017\001"
 365      00000000 
 365      0000000F 
 365      01
 366 00f3 0000     		.ascii	"\000\000"
 367              		.text
 368              		.section	.gnu.lto_.opts,"",%progbits
 369 0000 272D666E 		.ascii	"'-fno-trapv' '-fno-strict-overflow' '-mcpu=cortex-m"
 369      6F2D7472 
 369      61707627 
 369      20272D66 
 369      6E6F2D73 
 370 0033 34272027 		.ascii	"4' '-mfloat-abi=hard' '-mfpu=fpv4-sp-d16' '-mno-thu"
 370      2D6D666C 
 370      6F61742D 
 370      6162693D 
 370      68617264 
 371 0066 6D622D69 		.ascii	"mb-interwork' '-mthumb' '-ggdb' '-O0' '-fomit-frame"
 371      6E746572 
 371      776F726B 
 371      2720272D 
 371      6D746875 
 372 0099 2D706F69 		.ascii	"-pointer' '-falign-functions=16' '-ffunction-sectio"
 372      6E746572 
 372      2720272D 
 372      66616C69 
 372      676E2D66 
 373 00cc 6E732720 		.ascii	"ns' '-fdata-sections' '-fno-common' '-flto' '-fsing"
 373      272D6664 
 373      6174612D 
 373      73656374 
 373      696F6E73 
 374 00ff 6C652D70 		.ascii	"le-precision-constant'\000"
 374      72656369 
 374      73696F6E 
 374      2D636F6E 
 374      7374616E 
 375              		.text
 376              		.comm	__gnu_lto_v1,1,1
 377              		.comm	__gnu_lto_slim,1,1
 378              		.ident	"GCC: (GNU Tools for ARM Embedded Processors) 4.9.3 20150529 (release) [ARM/embedded-4_9-br
ARM GAS  /tmp/cc0jpjWg.s 			page 30


DEFINED SYMBOLS
                            *ABS*:00000000 wolfmath.c
                            *COM*:00000001 __gnu_lto_v1
                            *COM*:00000001 __gnu_lto_slim

NO UNDEFINED SYMBOLS
